{
    "queries": {
        "postgresql 32GB RAM": {
            "[FLAG] No Index": {
                "16": {
                    "10": {
                        "all_time": 0.00064709580183262,
                        "any_time": 0.0004380583995953202,
                        "exact_time": 0.00040070410032058137,
                        "table_size": 24576.0,
                        "index_time": 8.749921107664704e-07,
                        "all_explanation": {
                            "Plan": {
                                "Node Type": "Seq Scan",
                                "Parallel Aware": false,
                                "Async Capable": false,
                                "Relation Name": "tests_benchmark_flagtester015",
                                "Schema": "public",
                                "Alias": "tests_benchmark_flagtester015",
                                "Startup Cost": 0.0,
                                "Total Cost": 1.17,
                                "Plan Rows": 1,
                                "Plan Width": 12,
                                "Actual Startup Time": 0.001,
                                "Actual Total Time": 0.001,
                                "Actual Rows": 0,
                                "Actual Loops": 1,
                                "Output": [
                                    "id",
                                    "flags"
                                ],
                                "Filter": "((tests_benchmark_flagtester015.flags & 22512) = 22512)",
                                "Rows Removed by Filter": 11,
                                "Shared Hit Blocks": 1,
                                "Shared Read Blocks": 0,
                                "Shared Dirtied Blocks": 0,
                                "Shared Written Blocks": 0,
                                "Local Hit Blocks": 0,
                                "Local Read Blocks": 0,
                                "Local Dirtied Blocks": 0,
                                "Local Written Blocks": 0,
                                "Temp Read Blocks": 0,
                                "Temp Written Blocks": 0,
                                "WAL Records": 0,
                                "WAL FPI": 0,
                                "WAL Bytes": 0
                            },
                            "Settings": {},
                            "Planning": {
                                "Shared Hit Blocks": 0,
                                "Shared Read Blocks": 0,
                                "Shared Dirtied Blocks": 0,
                                "Shared Written Blocks": 0,
                                "Local Hit Blocks": 0,
                                "Local Read Blocks": 0,
                                "Local Dirtied Blocks": 0,
                                "Local Written Blocks": 0,
                                "Temp Read Blocks": 0,
                                "Temp Written Blocks": 0
                            },
                            "Planning Time": 0.006,
                            "Triggers": [],
                            "Execution Time": 0.003
                        },
                        "any_explanation": {
                            "Plan": {
                                "Node Type": "Seq Scan",
                                "Parallel Aware": false,
                                "Async Capable": false,
                                "Relation Name": "tests_benchmark_flagtester015",
                                "Schema": "public",
                                "Alias": "tests_benchmark_flagtester015",
                                "Startup Cost": 0.0,
                                "Total Cost": 1.17,
                                "Plan Rows": 4,
                                "Plan Width": 12,
                                "Actual Startup Time": 0.001,
                                "Actual Total Time": 0.002,
                                "Actual Rows": 11,
                                "Actual Loops": 1,
                                "Output": [
                                    "id",
                                    "flags"
                                ],
                                "Filter": "((tests_benchmark_flagtester015.flags & 22512) > 0)",
                                "Rows Removed by Filter": 0,
                                "Shared Hit Blocks": 1,
                                "Shared Read Blocks": 0,
                                "Shared Dirtied Blocks": 0,
                                "Shared Written Blocks": 0,
                                "Local Hit Blocks": 0,
                                "Local Read Blocks": 0,
                                "Local Dirtied Blocks": 0,
                                "Local Written Blocks": 0,
                                "Temp Read Blocks": 0,
                                "Temp Written Blocks": 0,
                                "WAL Records": 0,
                                "WAL FPI": 0,
                                "WAL Bytes": 0
                            },
                            "Settings": {},
                            "Planning": {
                                "Shared Hit Blocks": 0,
                                "Shared Read Blocks": 0,
                                "Shared Dirtied Blocks": 0,
                                "Shared Written Blocks": 0,
                                "Local Hit Blocks": 0,
                                "Local Read Blocks": 0,
                                "Local Dirtied Blocks": 0,
                                "Local Written Blocks": 0,
                                "Temp Read Blocks": 0,
                                "Temp Written Blocks": 0
                            },
                            "Planning Time": 0.005,
                            "Triggers": [],
                            "Execution Time": 0.003
                        },
                        "exact_explanation": {
                            "Plan": {
                                "Node Type": "Seq Scan",
                                "Parallel Aware": false,
                                "Async Capable": false,
                                "Relation Name": "tests_benchmark_flagtester015",
                                "Schema": "public",
                                "Alias": "tests_benchmark_flagtester015",
                                "Startup Cost": 0.0,
                                "Total Cost": 1.14,
                                "Plan Rows": 1,
                                "Plan Width": 12,
                                "Actual Startup Time": 0.001,
                                "Actual Total Time": 0.001,
                                "Actual Rows": 0,
                                "Actual Loops": 1,
                                "Output": [
                                    "id",
                                    "flags"
                                ],
                                "Filter": "(tests_benchmark_flagtester015.flags = 22512)",
                                "Rows Removed by Filter": 11,
                                "Shared Hit Blocks": 1,
                                "Shared Read Blocks": 0,
                                "Shared Dirtied Blocks": 0,
                                "Shared Written Blocks": 0,
                                "Local Hit Blocks": 0,
                                "Local Read Blocks": 0,
                                "Local Dirtied Blocks": 0,
                                "Local Written Blocks": 0,
                                "Temp Read Blocks": 0,
                                "Temp Written Blocks": 0,
                                "WAL Records": 0,
                                "WAL FPI": 0,
                                "WAL Bytes": 0
                            },
                            "Settings": {},
                            "Planning": {
                                "Shared Hit Blocks": 0,
                                "Shared Read Blocks": 0,
                                "Shared Dirtied Blocks": 0,
                                "Shared Written Blocks": 0,
                                "Local Hit Blocks": 0,
                                "Local Read Blocks": 0,
                                "Local Dirtied Blocks": 0,
                                "Local Written Blocks": 0,
                                "Temp Read Blocks": 0,
                                "Temp Written Blocks": 0
                            },
                            "Planning Time": 0.005,
                            "Triggers": [],
                            "Execution Time": 0.002
                        },
                        "all_ftr_time": 2.9999999999999997e-06,
                        "any_ftr_time": 3.2999999999999997e-06,
                        "exact_ftr_time": 2.8999999999999998e-06
                    },
                    "100": {
                        "all_time": 0.000582016701810062,
                        "any_time": 0.0004962959006661549,
                        "exact_time": 0.0004410708992509171,
                        "table_size": 24576.0,
                        "index_time": 7.090129656717181e-07,
                        "all_explanation": {
                            "Plan": {
                                "Node Type": "Seq Scan",
                                "Parallel Aware": false,
                                "Async Capable": false,
                                "Relation Name": "tests_benchmark_flagtester015",
                                "Schema": "public",
                                "Alias": "tests_benchmark_flagtester015",
                                "Startup Cost": 0.0,
                                "Total Cost": 2.51,
                                "Plan Rows": 1,
                                "Plan Width": 12,
                                "Actual Startup Time": 0.003,
                                "Actual Total Time": 0.005,
                                "Actual Rows": 1,
                                "Actual Loops": 1,
                                "Output": [
                                    "id",
                                    "flags"
                                ],
                                "Filter": "((tests_benchmark_flagtester015.flags & 47204) = 47204)",
                                "Rows Removed by Filter": 100,
                                "Shared Hit Blocks": 1,
                                "Shared Read Blocks": 0,
                                "Shared Dirtied Blocks": 0,
                                "Shared Written Blocks": 0,
                                "Local Hit Blocks": 0,
                                "Local Read Blocks": 0,
                                "Local Dirtied Blocks": 0,
                                "Local Written Blocks": 0,
                                "Temp Read Blocks": 0,
                                "Temp Written Blocks": 0,
                                "WAL Records": 0,
                                "WAL FPI": 0,
                                "WAL Bytes": 0
                            },
                            "Settings": {},
                            "Planning": {
                                "Shared Hit Blocks": 0,
                                "Shared Read Blocks": 0,
                                "Shared Dirtied Blocks": 0,
                                "Shared Written Blocks": 0,
                                "Local Hit Blocks": 0,
                                "Local Read Blocks": 0,
                                "Local Dirtied Blocks": 0,
                                "Local Written Blocks": 0,
                                "Temp Read Blocks": 0,
                                "Temp Written Blocks": 0
                            },
                            "Planning Time": 0.006,
                            "Triggers": [],
                            "Execution Time": 0.006
                        },
                        "any_explanation": {
                            "Plan": {
                                "Node Type": "Seq Scan",
                                "Parallel Aware": false,
                                "Async Capable": false,
                                "Relation Name": "tests_benchmark_flagtester015",
                                "Schema": "public",
                                "Alias": "tests_benchmark_flagtester015",
                                "Startup Cost": 0.0,
                                "Total Cost": 2.51,
                                "Plan Rows": 34,
                                "Plan Width": 12,
                                "Actual Startup Time": 0.002,
                                "Actual Total Time": 0.006,
                                "Actual Rows": 100,
                                "Actual Loops": 1,
                                "Output": [
                                    "id",
                                    "flags"
                                ],
                                "Filter": "((tests_benchmark_flagtester015.flags & 47204) > 0)",
                                "Rows Removed by Filter": 1,
                                "Shared Hit Blocks": 1,
                                "Shared Read Blocks": 0,
                                "Shared Dirtied Blocks": 0,
                                "Shared Written Blocks": 0,
                                "Local Hit Blocks": 0,
                                "Local Read Blocks": 0,
                                "Local Dirtied Blocks": 0,
                                "Local Written Blocks": 0,
                                "Temp Read Blocks": 0,
                                "Temp Written Blocks": 0,
                                "WAL Records": 0,
                                "WAL FPI": 0,
                                "WAL Bytes": 0
                            },
                            "Settings": {},
                            "Planning": {
                                "Shared Hit Blocks": 0,
                                "Shared Read Blocks": 0,
                                "Shared Dirtied Blocks": 0,
                                "Shared Written Blocks": 0,
                                "Local Hit Blocks": 0,
                                "Local Read Blocks": 0,
                                "Local Dirtied Blocks": 0,
                                "Local Written Blocks": 0,
                                "Temp Read Blocks": 0,
                                "Temp Written Blocks": 0
                            },
                            "Planning Time": 0.005,
                            "Triggers": [],
                            "Execution Time": 0.01
                        },
                        "exact_explanation": {
                            "Plan": {
                                "Node Type": "Seq Scan",
                                "Parallel Aware": false,
                                "Async Capable": false,
                                "Relation Name": "tests_benchmark_flagtester015",
                                "Schema": "public",
                                "Alias": "tests_benchmark_flagtester015",
                                "Startup Cost": 0.0,
                                "Total Cost": 2.26,
                                "Plan Rows": 1,
                                "Plan Width": 12,
                                "Actual Startup Time": 0.005,
                                "Actual Total Time": 0.005,
                                "Actual Rows": 0,
                                "Actual Loops": 1,
                                "Output": [
                                    "id",
                                    "flags"
                                ],
                                "Filter": "(tests_benchmark_flagtester015.flags = 47204)",
                                "Rows Removed by Filter": 101,
                                "Shared Hit Blocks": 1,
                                "Shared Read Blocks": 0,
                                "Shared Dirtied Blocks": 0,
                                "Shared Written Blocks": 0,
                                "Local Hit Blocks": 0,
                                "Local Read Blocks": 0,
                                "Local Dirtied Blocks": 0,
                                "Local Written Blocks": 0,
                                "Temp Read Blocks": 0,
                                "Temp Written Blocks": 0,
                                "WAL Records": 0,
                                "WAL FPI": 0,
                                "WAL Bytes": 0
                            },
                            "Settings": {},
                            "Planning": {
                                "Shared Hit Blocks": 0,
                                "Shared Read Blocks": 0,
                                "Shared Dirtied Blocks": 0,
                                "Shared Written Blocks": 0,
                                "Local Hit Blocks": 0,
                                "Local Read Blocks": 0,
                                "Local Dirtied Blocks": 0,
                                "Local Written Blocks": 0,
                                "Temp Read Blocks": 0,
                                "Temp Written Blocks": 0
                            },
                            "Planning Time": 0.006,
                            "Triggers": [],
                            "Execution Time": 0.006
                        },
                        "all_ftr_time": 6.099999999999999e-06,
                        "any_ftr_time": 9.6e-06,
                        "exact_ftr_time": 5.799999999999999e-06
                    },
                    "1000": {
                        "all_time": 0.0006177623989060521,
                        "any_time": 0.0005504915970959701,
                        "exact_time": 0.0004741835000459105,
                        "table_size": 90112.0,
                        "index_time": 6.250047590583563e-07,
                        "all_explanation": {
                            "Plan": {
                                "Node Type": "Seq Scan",
                                "Parallel Aware": false,
                                "Async Capable": false,
                                "Relation Name": "tests_benchmark_flagtester015",
                                "Schema": "public",
                                "Alias": "tests_benchmark_flagtester015",
                                "Startup Cost": 0.0,
                                "Total Cost": 21.02,
                                "Plan Rows": 5,
                                "Plan Width": 12,
                                "Actual Startup Time": 0.01,
                                "Actual Total Time": 0.037,
                                "Actual Rows": 1,
                                "Actual Loops": 1,
                                "Output": [
                                    "id",
                                    "flags"
                                ],
                                "Filter": "((tests_benchmark_flagtester015.flags & 27095) = 27095)",
                                "Rows Removed by Filter": 1000,
                                "Shared Hit Blocks": 6,
                                "Shared Read Blocks": 0,
                                "Shared Dirtied Blocks": 0,
                                "Shared Written Blocks": 0,
                                "Local Hit Blocks": 0,
                                "Local Read Blocks": 0,
                                "Local Dirtied Blocks": 0,
                                "Local Written Blocks": 0,
                                "Temp Read Blocks": 0,
                                "Temp Written Blocks": 0,
                                "WAL Records": 0,
                                "WAL FPI": 0,
                                "WAL Bytes": 0
                            },
                            "Settings": {},
                            "Planning": {
                                "Shared Hit Blocks": 0,
                                "Shared Read Blocks": 0,
                                "Shared Dirtied Blocks": 0,
                                "Shared Written Blocks": 0,
                                "Local Hit Blocks": 0,
                                "Local Read Blocks": 0,
                                "Local Dirtied Blocks": 0,
                                "Local Written Blocks": 0,
                                "Temp Read Blocks": 0,
                                "Temp Written Blocks": 0
                            },
                            "Planning Time": 0.007,
                            "Triggers": [],
                            "Execution Time": 0.039
                        },
                        "any_explanation": {
                            "Plan": {
                                "Node Type": "Seq Scan",
                                "Parallel Aware": false,
                                "Async Capable": false,
                                "Relation Name": "tests_benchmark_flagtester015",
                                "Schema": "public",
                                "Alias": "tests_benchmark_flagtester015",
                                "Startup Cost": 0.0,
                                "Total Cost": 21.02,
                                "Plan Rows": 334,
                                "Plan Width": 12,
                                "Actual Startup Time": 0.002,
                                "Actual Total Time": 0.052,
                                "Actual Rows": 998,
                                "Actual Loops": 1,
                                "Output": [
                                    "id",
                                    "flags"
                                ],
                                "Filter": "((tests_benchmark_flagtester015.flags & 27095) > 0)",
                                "Rows Removed by Filter": 3,
                                "Shared Hit Blocks": 6,
                                "Shared Read Blocks": 0,
                                "Shared Dirtied Blocks": 0,
                                "Shared Written Blocks": 0,
                                "Local Hit Blocks": 0,
                                "Local Read Blocks": 0,
                                "Local Dirtied Blocks": 0,
                                "Local Written Blocks": 0,
                                "Temp Read Blocks": 0,
                                "Temp Written Blocks": 0,
                                "WAL Records": 0,
                                "WAL FPI": 0,
                                "WAL Bytes": 0
                            },
                            "Settings": {},
                            "Planning": {
                                "Shared Hit Blocks": 0,
                                "Shared Read Blocks": 0,
                                "Shared Dirtied Blocks": 0,
                                "Shared Written Blocks": 0,
                                "Local Hit Blocks": 0,
                                "Local Read Blocks": 0,
                                "Local Dirtied Blocks": 0,
                                "Local Written Blocks": 0,
                                "Temp Read Blocks": 0,
                                "Temp Written Blocks": 0
                            },
                            "Planning Time": 0.007,
                            "Triggers": [],
                            "Execution Time": 0.075
                        },
                        "exact_explanation": {
                            "Plan": {
                                "Node Type": "Seq Scan",
                                "Parallel Aware": false,
                                "Async Capable": false,
                                "Relation Name": "tests_benchmark_flagtester015",
                                "Schema": "public",
                                "Alias": "tests_benchmark_flagtester015",
                                "Startup Cost": 0.0,
                                "Total Cost": 18.51,
                                "Plan Rows": 5,
                                "Plan Width": 12,
                                "Actual Startup Time": 0.036,
                                "Actual Total Time": 0.036,
                                "Actual Rows": 0,
                                "Actual Loops": 1,
                                "Output": [
                                    "id",
                                    "flags"
                                ],
                                "Filter": "(tests_benchmark_flagtester015.flags = 27095)",
                                "Rows Removed by Filter": 1001,
                                "Shared Hit Blocks": 6,
                                "Shared Read Blocks": 0,
                                "Shared Dirtied Blocks": 0,
                                "Shared Written Blocks": 0,
                                "Local Hit Blocks": 0,
                                "Local Read Blocks": 0,
                                "Local Dirtied Blocks": 0,
                                "Local Written Blocks": 0,
                                "Temp Read Blocks": 0,
                                "Temp Written Blocks": 0,
                                "WAL Records": 0,
                                "WAL FPI": 0,
                                "WAL Bytes": 0
                            },
                            "Settings": {},
                            "Planning": {
                                "Shared Hit Blocks": 0,
                                "Shared Read Blocks": 0,
                                "Shared Dirtied Blocks": 0,
                                "Shared Written Blocks": 0,
                                "Local Hit Blocks": 0,
                                "Local Read Blocks": 0,
                                "Local Dirtied Blocks": 0,
                                "Local Written Blocks": 0,
                                "Temp Read Blocks": 0,
                                "Temp Written Blocks": 0
                            },
                            "Planning Time": 0.006,
                            "Triggers": [],
                            "Execution Time": 0.037
                        },
                        "all_ftr_time": 3.779999999999999e-05,
                        "any_ftr_time": 7.319999999999999e-05,
                        "exact_ftr_time": 3.579999999999999e-05
                    },
                    "10000": {
                        "all_time": 0.00186764999962179,
                        "any_time": 0.0018784209969453514,
                        "exact_time": 0.0017518248976557515,
                        "table_size": 696320.0,
                        "index_time": 6.67001586407423e-07,
                        "all_explanation": {
                            "Plan": {
                                "Node Type": "Seq Scan",
                                "Parallel Aware": false,
                                "Async Capable": false,
                                "Relation Name": "tests_benchmark_flagtester015",
                                "Schema": "public",
                                "Alias": "tests_benchmark_flagtester015",
                                "Startup Cost": 0.0,
                                "Total Cost": 205.01,
                                "Plan Rows": 50,
                                "Plan Width": 12,
                                "Actual Startup Time": 0.005,
                                "Actual Total Time": 0.447,
                                "Actual Rows": 77,
                                "Actual Loops": 1,
                                "Output": [
                                    "id",
                                    "flags"
                                ],
                                "Filter": "((tests_benchmark_flagtester015.flags & 26950) = 26950)",
                                "Rows Removed by Filter": 9924,
                                "Shared Hit Blocks": 55,
                                "Shared Read Blocks": 0,
                                "Shared Dirtied Blocks": 0,
                                "Shared Written Blocks": 0,
                                "Local Hit Blocks": 0,
                                "Local Read Blocks": 0,
                                "Local Dirtied Blocks": 0,
                                "Local Written Blocks": 0,
                                "Temp Read Blocks": 0,
                                "Temp Written Blocks": 0,
                                "WAL Records": 0,
                                "WAL FPI": 0,
                                "WAL Bytes": 0
                            },
                            "Settings": {},
                            "Planning": {
                                "Shared Hit Blocks": 0,
                                "Shared Read Blocks": 0,
                                "Shared Dirtied Blocks": 0,
                                "Shared Written Blocks": 0,
                                "Local Hit Blocks": 0,
                                "Local Read Blocks": 0,
                                "Local Dirtied Blocks": 0,
                                "Local Written Blocks": 0,
                                "Temp Read Blocks": 0,
                                "Temp Written Blocks": 0
                            },
                            "Planning Time": 0.006,
                            "Triggers": [],
                            "Execution Time": 0.45
                        },
                        "any_explanation": {
                            "Plan": {
                                "Node Type": "Seq Scan",
                                "Parallel Aware": false,
                                "Async Capable": false,
                                "Relation Name": "tests_benchmark_flagtester015",
                                "Schema": "public",
                                "Alias": "tests_benchmark_flagtester015",
                                "Startup Cost": 0.0,
                                "Total Cost": 205.01,
                                "Plan Rows": 3334,
                                "Plan Width": 12,
                                "Actual Startup Time": 0.002,
                                "Actual Total Time": 0.629,
                                "Actual Rows": 9919,
                                "Actual Loops": 1,
                                "Output": [
                                    "id",
                                    "flags"
                                ],
                                "Filter": "((tests_benchmark_flagtester015.flags & 26950) > 0)",
                                "Rows Removed by Filter": 82,
                                "Shared Hit Blocks": 55,
                                "Shared Read Blocks": 0,
                                "Shared Dirtied Blocks": 0,
                                "Shared Written Blocks": 0,
                                "Local Hit Blocks": 0,
                                "Local Read Blocks": 0,
                                "Local Dirtied Blocks": 0,
                                "Local Written Blocks": 0,
                                "Temp Read Blocks": 0,
                                "Temp Written Blocks": 0,
                                "WAL Records": 0,
                                "WAL FPI": 0,
                                "WAL Bytes": 0
                            },
                            "Settings": {},
                            "Planning": {
                                "Shared Hit Blocks": 0,
                                "Shared Read Blocks": 0,
                                "Shared Dirtied Blocks": 0,
                                "Shared Written Blocks": 0,
                                "Local Hit Blocks": 0,
                                "Local Read Blocks": 0,
                                "Local Dirtied Blocks": 0,
                                "Local Written Blocks": 0,
                                "Temp Read Blocks": 0,
                                "Temp Written Blocks": 0
                            },
                            "Planning Time": 0.006,
                            "Triggers": [],
                            "Execution Time": 0.896
                        },
                        "exact_explanation": {
                            "Plan": {
                                "Node Type": "Seq Scan",
                                "Parallel Aware": false,
                                "Async Capable": false,
                                "Relation Name": "tests_benchmark_flagtester015",
                                "Schema": "public",
                                "Alias": "tests_benchmark_flagtester015",
                                "Startup Cost": 0.0,
                                "Total Cost": 180.01,
                                "Plan Rows": 50,
                                "Plan Width": 12,
                                "Actual Startup Time": 0.054,
                                "Actual Total Time": 0.422,
                                "Actual Rows": 1,
                                "Actual Loops": 1,
                                "Output": [
                                    "id",
                                    "flags"
                                ],
                                "Filter": "(tests_benchmark_flagtester015.flags = 26950)",
                                "Rows Removed by Filter": 10000,
                                "Shared Hit Blocks": 55,
                                "Shared Read Blocks": 0,
                                "Shared Dirtied Blocks": 0,
                                "Shared Written Blocks": 0,
                                "Local Hit Blocks": 0,
                                "Local Read Blocks": 0,
                                "Local Dirtied Blocks": 0,
                                "Local Written Blocks": 0,
                                "Temp Read Blocks": 0,
                                "Temp Written Blocks": 0,
                                "WAL Records": 0,
                                "WAL FPI": 0,
                                "WAL Bytes": 0
                            },
                            "Settings": {},
                            "Planning": {
                                "Shared Hit Blocks": 0,
                                "Shared Read Blocks": 0,
                                "Shared Dirtied Blocks": 0,
                                "Shared Written Blocks": 0,
                                "Local Hit Blocks": 0,
                                "Local Read Blocks": 0,
                                "Local Dirtied Blocks": 0,
                                "Local Written Blocks": 0,
                                "Temp Read Blocks": 0,
                                "Temp Written Blocks": 0
                            },
                            "Planning Time": 0.007,
                            "Triggers": [],
                            "Execution Time": 0.423
                        },
                        "all_ftr_time": 0.0003963,
                        "any_ftr_time": 0.0007899999999999998,
                        "exact_ftr_time": 0.0003788
                    },
                    "100000": {
                        "all_time": 0.004864087801252026,
                        "any_time": 0.005615021001722198,
                        "exact_time": 0.004417600101442076,
                        "table_size": 6692864.0,
                        "index_time": 2.0839943317696452e-06,
                        "all_explanation": {
                            "Plan": {
                                "Node Type": "Seq Scan",
                                "Parallel Aware": false,
                                "Async Capable": false,
                                "Relation Name": "tests_benchmark_flagtester015",
                                "Schema": "public",
                                "Alias": "tests_benchmark_flagtester015",
                                "Startup Cost": 0.0,
                                "Total Cost": 2041.01,
                                "Plan Rows": 500,
                                "Plan Width": 12,
                                "Actual Startup Time": 0.009,
                                "Actual Total Time": 3.393,
                                "Actual Rows": 794,
                                "Actual Loops": 1,
                                "Output": [
                                    "id",
                                    "flags"
                                ],
                                "Filter": "((tests_benchmark_flagtester015.flags & 26737) = 26737)",
                                "Rows Removed by Filter": 99207,
                                "Shared Hit Blocks": 541,
                                "Shared Read Blocks": 0,
                                "Shared Dirtied Blocks": 0,
                                "Shared Written Blocks": 0,
                                "Local Hit Blocks": 0,
                                "Local Read Blocks": 0,
                                "Local Dirtied Blocks": 0,
                                "Local Written Blocks": 0,
                                "Temp Read Blocks": 0,
                                "Temp Written Blocks": 0,
                                "WAL Records": 0,
                                "WAL FPI": 0,
                                "WAL Bytes": 0
                            },
                            "Settings": {},
                            "Planning": {
                                "Shared Hit Blocks": 0,
                                "Shared Read Blocks": 0,
                                "Shared Dirtied Blocks": 0,
                                "Shared Written Blocks": 0,
                                "Local Hit Blocks": 0,
                                "Local Read Blocks": 0,
                                "Local Dirtied Blocks": 0,
                                "Local Written Blocks": 0,
                                "Temp Read Blocks": 0,
                                "Temp Written Blocks": 0
                            },
                            "Planning Time": 0.007,
                            "Triggers": [],
                            "Execution Time": 3.411
                        },
                        "any_explanation": {
                            "Plan": {
                                "Node Type": "Seq Scan",
                                "Parallel Aware": false,
                                "Async Capable": false,
                                "Relation Name": "tests_benchmark_flagtester015",
                                "Schema": "public",
                                "Alias": "tests_benchmark_flagtester015",
                                "Startup Cost": 0.0,
                                "Total Cost": 2041.01,
                                "Plan Rows": 33334,
                                "Plan Width": 12,
                                "Actual Startup Time": 0.002,
                                "Actual Total Time": 4.787,
                                "Actual Rows": 99294,
                                "Actual Loops": 1,
                                "Output": [
                                    "id",
                                    "flags"
                                ],
                                "Filter": "((tests_benchmark_flagtester015.flags & 26737) > 0)",
                                "Rows Removed by Filter": 707,
                                "Shared Hit Blocks": 541,
                                "Shared Read Blocks": 0,
                                "Shared Dirtied Blocks": 0,
                                "Shared Written Blocks": 0,
                                "Local Hit Blocks": 0,
                                "Local Read Blocks": 0,
                                "Local Dirtied Blocks": 0,
                                "Local Written Blocks": 0,
                                "Temp Read Blocks": 0,
                                "Temp Written Blocks": 0,
                                "WAL Records": 0,
                                "WAL FPI": 0,
                                "WAL Bytes": 0
                            },
                            "Settings": {},
                            "Planning": {
                                "Shared Hit Blocks": 0,
                                "Shared Read Blocks": 0,
                                "Shared Dirtied Blocks": 0,
                                "Shared Written Blocks": 0,
                                "Local Hit Blocks": 0,
                                "Local Read Blocks": 0,
                                "Local Dirtied Blocks": 0,
                                "Local Written Blocks": 0,
                                "Temp Read Blocks": 0,
                                "Temp Written Blocks": 0
                            },
                            "Planning Time": 0.006,
                            "Triggers": [],
                            "Execution Time": 6.825
                        },
                        "exact_explanation": {
                            "Plan": {
                                "Node Type": "Seq Scan",
                                "Parallel Aware": false,
                                "Async Capable": false,
                                "Relation Name": "tests_benchmark_flagtester015",
                                "Schema": "public",
                                "Alias": "tests_benchmark_flagtester015",
                                "Startup Cost": 0.0,
                                "Total Cost": 1791.01,
                                "Plan Rows": 500,
                                "Plan Width": 12,
                                "Actual Startup Time": 2.21,
                                "Actual Total Time": 3.187,
                                "Actual Rows": 1,
                                "Actual Loops": 1,
                                "Output": [
                                    "id",
                                    "flags"
                                ],
                                "Filter": "(tests_benchmark_flagtester015.flags = 26737)",
                                "Rows Removed by Filter": 100000,
                                "Shared Hit Blocks": 541,
                                "Shared Read Blocks": 0,
                                "Shared Dirtied Blocks": 0,
                                "Shared Written Blocks": 0,
                                "Local Hit Blocks": 0,
                                "Local Read Blocks": 0,
                                "Local Dirtied Blocks": 0,
                                "Local Written Blocks": 0,
                                "Temp Read Blocks": 0,
                                "Temp Written Blocks": 0,
                                "WAL Records": 0,
                                "WAL FPI": 0,
                                "WAL Bytes": 0
                            },
                            "Settings": {},
                            "Planning": {
                                "Shared Hit Blocks": 0,
                                "Shared Read Blocks": 0,
                                "Shared Dirtied Blocks": 0,
                                "Shared Written Blocks": 0,
                                "Local Hit Blocks": 0,
                                "Local Read Blocks": 0,
                                "Local Dirtied Blocks": 0,
                                "Local Written Blocks": 0,
                                "Temp Read Blocks": 0,
                                "Temp Written Blocks": 0
                            },
                            "Planning Time": 0.006,
                            "Triggers": [],
                            "Execution Time": 3.188
                        },
                        "all_ftr_time": 0.003481,
                        "any_ftr_time": 0.0069589,
                        "exact_ftr_time": 0.0032188000000000004
                    },
                    "1000000": {
                        "all_time": 0.01888027490058448,
                        "any_time": 0.022357616799126845,
                        "exact_time": 0.018234854300681037,
                        "table_size": 67108864.0,
                        "index_time": 2.0000006770715117e-06,
                        "all_explanation": {
                            "Plan": {
                                "Node Type": "Gather",
                                "Parallel Aware": false,
                                "Async Capable": false,
                                "Startup Cost": 1000.0,
                                "Total Cost": 13156.01,
                                "Plan Rows": 5000,
                                "Plan Width": 12,
                                "Actual Startup Time": 0.056,
                                "Actual Total Time": 16.712,
                                "Actual Rows": 7803,
                                "Actual Loops": 1,
                                "Output": [
                                    "id",
                                    "flags"
                                ],
                                "Workers Planned": 2,
                                "Workers Launched": 2,
                                "Single Copy": false,
                                "Shared Hit Blocks": 4768,
                                "Shared Read Blocks": 638,
                                "Shared Dirtied Blocks": 0,
                                "Shared Written Blocks": 0,
                                "Local Hit Blocks": 0,
                                "Local Read Blocks": 0,
                                "Local Dirtied Blocks": 0,
                                "Local Written Blocks": 0,
                                "Temp Read Blocks": 0,
                                "Temp Written Blocks": 0,
                                "WAL Records": 0,
                                "WAL FPI": 0,
                                "WAL Bytes": 0,
                                "Plans": [
                                    {
                                        "Node Type": "Seq Scan",
                                        "Parent Relationship": "Outer",
                                        "Parallel Aware": true,
                                        "Async Capable": false,
                                        "Relation Name": "tests_benchmark_flagtester015",
                                        "Schema": "public",
                                        "Alias": "tests_benchmark_flagtester015",
                                        "Startup Cost": 0.0,
                                        "Total Cost": 11656.01,
                                        "Plan Rows": 2083,
                                        "Plan Width": 12,
                                        "Actual Startup Time": 0.031,
                                        "Actual Total Time": 14.424,
                                        "Actual Rows": 2601,
                                        "Actual Loops": 3,
                                        "Output": [
                                            "id",
                                            "flags"
                                        ],
                                        "Filter": "((tests_benchmark_flagtester015.flags & 10357) = 10357)",
                                        "Rows Removed by Filter": 330733,
                                        "Shared Hit Blocks": 4768,
                                        "Shared Read Blocks": 638,
                                        "Shared Dirtied Blocks": 0,
                                        "Shared Written Blocks": 0,
                                        "Local Hit Blocks": 0,
                                        "Local Read Blocks": 0,
                                        "Local Dirtied Blocks": 0,
                                        "Local Written Blocks": 0,
                                        "Temp Read Blocks": 0,
                                        "Temp Written Blocks": 0,
                                        "WAL Records": 0,
                                        "WAL FPI": 0,
                                        "WAL Bytes": 0,
                                        "Workers": [
                                            {
                                                "Worker Number": 0,
                                                "Actual Startup Time": 0.031,
                                                "Actual Total Time": 13.836,
                                                "Actual Rows": 2535,
                                                "Actual Loops": 1,
                                                "Shared Hit Blocks": 1570,
                                                "Shared Read Blocks": 132,
                                                "Shared Dirtied Blocks": 0,
                                                "Shared Written Blocks": 0,
                                                "Local Hit Blocks": 0,
                                                "Local Read Blocks": 0,
                                                "Local Dirtied Blocks": 0,
                                                "Local Written Blocks": 0,
                                                "Temp Read Blocks": 0,
                                                "Temp Written Blocks": 0,
                                                "WAL Records": 0,
                                                "WAL FPI": 0,
                                                "WAL Bytes": 0
                                            },
                                            {
                                                "Worker Number": 1,
                                                "Actual Startup Time": 0.049,
                                                "Actual Total Time": 13.839,
                                                "Actual Rows": 2434,
                                                "Actual Loops": 1,
                                                "Shared Hit Blocks": 1567,
                                                "Shared Read Blocks": 130,
                                                "Shared Dirtied Blocks": 0,
                                                "Shared Written Blocks": 0,
                                                "Local Hit Blocks": 0,
                                                "Local Read Blocks": 0,
                                                "Local Dirtied Blocks": 0,
                                                "Local Written Blocks": 0,
                                                "Temp Read Blocks": 0,
                                                "Temp Written Blocks": 0,
                                                "WAL Records": 0,
                                                "WAL FPI": 0,
                                                "WAL Bytes": 0
                                            }
                                        ]
                                    }
                                ]
                            },
                            "Settings": {},
                            "Planning": {
                                "Shared Hit Blocks": 0,
                                "Shared Read Blocks": 0,
                                "Shared Dirtied Blocks": 0,
                                "Shared Written Blocks": 0,
                                "Local Hit Blocks": 0,
                                "Local Read Blocks": 0,
                                "Local Dirtied Blocks": 0,
                                "Local Written Blocks": 0,
                                "Temp Read Blocks": 0,
                                "Temp Written Blocks": 0
                            },
                            "Planning Time": 0.024,
                            "Triggers": [],
                            "Execution Time": 16.89
                        },
                        "any_explanation": {
                            "Plan": {
                                "Node Type": "Seq Scan",
                                "Parallel Aware": false,
                                "Async Capable": false,
                                "Relation Name": "tests_benchmark_flagtester015",
                                "Schema": "public",
                                "Alias": "tests_benchmark_flagtester015",
                                "Startup Cost": 0.0,
                                "Total Cost": 20406.01,
                                "Plan Rows": 333334,
                                "Plan Width": 12,
                                "Actual Startup Time": 0.008,
                                "Actual Total Time": 50.657,
                                "Actual Rows": 992183,
                                "Actual Loops": 1,
                                "Output": [
                                    "id",
                                    "flags"
                                ],
                                "Filter": "((tests_benchmark_flagtester015.flags & 10357) > 0)",
                                "Rows Removed by Filter": 7818,
                                "Shared Hit Blocks": 4960,
                                "Shared Read Blocks": 446,
                                "Shared Dirtied Blocks": 0,
                                "Shared Written Blocks": 0,
                                "Local Hit Blocks": 0,
                                "Local Read Blocks": 0,
                                "Local Dirtied Blocks": 0,
                                "Local Written Blocks": 0,
                                "Temp Read Blocks": 0,
                                "Temp Written Blocks": 0,
                                "WAL Records": 0,
                                "WAL FPI": 0,
                                "WAL Bytes": 0
                            },
                            "Settings": {},
                            "Planning": {
                                "Shared Hit Blocks": 0,
                                "Shared Read Blocks": 0,
                                "Shared Dirtied Blocks": 0,
                                "Shared Written Blocks": 0,
                                "Local Hit Blocks": 0,
                                "Local Read Blocks": 0,
                                "Local Dirtied Blocks": 0,
                                "Local Written Blocks": 0,
                                "Temp Read Blocks": 0,
                                "Temp Written Blocks": 0
                            },
                            "Planning Time": 0.021,
                            "Triggers": [],
                            "Execution Time": 70.921
                        },
                        "exact_explanation": {
                            "Plan": {
                                "Node Type": "Gather",
                                "Parallel Aware": false,
                                "Async Capable": false,
                                "Startup Cost": 1000.0,
                                "Total Cost": 12114.34,
                                "Plan Rows": 5000,
                                "Plan Width": 12,
                                "Actual Startup Time": 0.263,
                                "Actual Total Time": 15.493,
                                "Actual Rows": 13,
                                "Actual Loops": 1,
                                "Output": [
                                    "id",
                                    "flags"
                                ],
                                "Workers Planned": 2,
                                "Workers Launched": 2,
                                "Single Copy": false,
                                "Shared Hit Blocks": 5088,
                                "Shared Read Blocks": 318,
                                "Shared Dirtied Blocks": 0,
                                "Shared Written Blocks": 0,
                                "Local Hit Blocks": 0,
                                "Local Read Blocks": 0,
                                "Local Dirtied Blocks": 0,
                                "Local Written Blocks": 0,
                                "Temp Read Blocks": 0,
                                "Temp Written Blocks": 0,
                                "WAL Records": 0,
                                "WAL FPI": 0,
                                "WAL Bytes": 0,
                                "Plans": [
                                    {
                                        "Node Type": "Seq Scan",
                                        "Parent Relationship": "Outer",
                                        "Parallel Aware": true,
                                        "Async Capable": false,
                                        "Relation Name": "tests_benchmark_flagtester015",
                                        "Schema": "public",
                                        "Alias": "tests_benchmark_flagtester015",
                                        "Startup Cost": 0.0,
                                        "Total Cost": 10614.34,
                                        "Plan Rows": 2083,
                                        "Plan Width": 12,
                                        "Actual Startup Time": 0.97,
                                        "Actual Total Time": 13.169,
                                        "Actual Rows": 4,
                                        "Actual Loops": 3,
                                        "Output": [
                                            "id",
                                            "flags"
                                        ],
                                        "Filter": "(tests_benchmark_flagtester015.flags = 10357)",
                                        "Rows Removed by Filter": 333329,
                                        "Shared Hit Blocks": 5088,
                                        "Shared Read Blocks": 318,
                                        "Shared Dirtied Blocks": 0,
                                        "Shared Written Blocks": 0,
                                        "Local Hit Blocks": 0,
                                        "Local Read Blocks": 0,
                                        "Local Dirtied Blocks": 0,
                                        "Local Written Blocks": 0,
                                        "Temp Read Blocks": 0,
                                        "Temp Written Blocks": 0,
                                        "WAL Records": 0,
                                        "WAL FPI": 0,
                                        "WAL Bytes": 0,
                                        "Workers": [
                                            {
                                                "Worker Number": 0,
                                                "Actual Startup Time": 0.598,
                                                "Actual Total Time": 12.453,
                                                "Actual Rows": 3,
                                                "Actual Loops": 1,
                                                "Shared Hit Blocks": 1639,
                                                "Shared Read Blocks": 14,
                                                "Shared Dirtied Blocks": 0,
                                                "Shared Written Blocks": 0,
                                                "Local Hit Blocks": 0,
                                                "Local Read Blocks": 0,
                                                "Local Dirtied Blocks": 0,
                                                "Local Written Blocks": 0,
                                                "Temp Read Blocks": 0,
                                                "Temp Written Blocks": 0,
                                                "WAL Records": 0,
                                                "WAL FPI": 0,
                                                "WAL Bytes": 0
                                            },
                                            {
                                                "Worker Number": 1,
                                                "Actual Startup Time": 2.101,
                                                "Actual Total Time": 12.455,
                                                "Actual Rows": 4,
                                                "Actual Loops": 1,
                                                "Shared Hit Blocks": 1642,
                                                "Shared Read Blocks": 14,
                                                "Shared Dirtied Blocks": 0,
                                                "Shared Written Blocks": 0,
                                                "Local Hit Blocks": 0,
                                                "Local Read Blocks": 0,
                                                "Local Dirtied Blocks": 0,
                                                "Local Written Blocks": 0,
                                                "Temp Read Blocks": 0,
                                                "Temp Written Blocks": 0,
                                                "WAL Records": 0,
                                                "WAL FPI": 0,
                                                "WAL Bytes": 0
                                            }
                                        ]
                                    }
                                ]
                            },
                            "Settings": {},
                            "Planning": {
                                "Shared Hit Blocks": 0,
                                "Shared Read Blocks": 0,
                                "Shared Dirtied Blocks": 0,
                                "Shared Written Blocks": 0,
                                "Local Hit Blocks": 0,
                                "Local Read Blocks": 0,
                                "Local Dirtied Blocks": 0,
                                "Local Written Blocks": 0,
                                "Temp Read Blocks": 0,
                                "Temp Written Blocks": 0
                            },
                            "Planning Time": 0.029,
                            "Triggers": [],
                            "Execution Time": 15.498
                        },
                        "all_ftr_time": 0.0170685,
                        "any_ftr_time": 0.0732209,
                        "exact_ftr_time": 0.015962
                    },
                    "2000000": {
                        "all_time": 0.03509129170270171,
                        "any_time": 0.04209015829837881,
                        "exact_time": 0.03514225829858333,
                        "table_size": 133169152.0,
                        "index_time": 7.920025382190943e-07,
                        "all_explanation": {
                            "Plan": {
                                "Node Type": "Gather",
                                "Parallel Aware": false,
                                "Async Capable": false,
                                "Startup Cost": 1000.0,
                                "Total Cost": 25311.01,
                                "Plan Rows": 10000,
                                "Plan Width": 12,
                                "Actual Startup Time": 0.074,
                                "Actual Total Time": 32.615,
                                "Actual Rows": 62546,
                                "Actual Loops": 1,
                                "Output": [
                                    "id",
                                    "flags"
                                ],
                                "Workers Planned": 2,
                                "Workers Launched": 2,
                                "Single Copy": false,
                                "Shared Hit Blocks": 4768,
                                "Shared Read Blocks": 6043,
                                "Shared Dirtied Blocks": 0,
                                "Shared Written Blocks": 0,
                                "Local Hit Blocks": 0,
                                "Local Read Blocks": 0,
                                "Local Dirtied Blocks": 0,
                                "Local Written Blocks": 0,
                                "Temp Read Blocks": 0,
                                "Temp Written Blocks": 0,
                                "WAL Records": 0,
                                "WAL FPI": 0,
                                "WAL Bytes": 0,
                                "Plans": [
                                    {
                                        "Node Type": "Seq Scan",
                                        "Parent Relationship": "Outer",
                                        "Parallel Aware": true,
                                        "Async Capable": false,
                                        "Relation Name": "tests_benchmark_flagtester015",
                                        "Schema": "public",
                                        "Alias": "tests_benchmark_flagtester015",
                                        "Startup Cost": 0.0,
                                        "Total Cost": 23311.01,
                                        "Plan Rows": 4167,
                                        "Plan Width": 12,
                                        "Actual Startup Time": 0.023,
                                        "Actual Total Time": 29.747,
                                        "Actual Rows": 20849,
                                        "Actual Loops": 3,
                                        "Output": [
                                            "id",
                                            "flags"
                                        ],
                                        "Filter": "((tests_benchmark_flagtester015.flags & 26116) = 26116)",
                                        "Rows Removed by Filter": 645818,
                                        "Shared Hit Blocks": 4768,
                                        "Shared Read Blocks": 6043,
                                        "Shared Dirtied Blocks": 0,
                                        "Shared Written Blocks": 0,
                                        "Local Hit Blocks": 0,
                                        "Local Read Blocks": 0,
                                        "Local Dirtied Blocks": 0,
                                        "Local Written Blocks": 0,
                                        "Temp Read Blocks": 0,
                                        "Temp Written Blocks": 0,
                                        "WAL Records": 0,
                                        "WAL FPI": 0,
                                        "WAL Bytes": 0,
                                        "Workers": [
                                            {
                                                "Worker Number": 0,
                                                "Actual Startup Time": 0.032,
                                                "Actual Total Time": 29.926,
                                                "Actual Rows": 20439,
                                                "Actual Loops": 1,
                                                "Shared Hit Blocks": 1570,
                                                "Shared Read Blocks": 1976,
                                                "Shared Dirtied Blocks": 0,
                                                "Shared Written Blocks": 0,
                                                "Local Hit Blocks": 0,
                                                "Local Read Blocks": 0,
                                                "Local Dirtied Blocks": 0,
                                                "Local Written Blocks": 0,
                                                "Temp Read Blocks": 0,
                                                "Temp Written Blocks": 0,
                                                "WAL Records": 0,
                                                "WAL FPI": 0,
                                                "WAL Bytes": 0
                                            },
                                            {
                                                "Worker Number": 1,
                                                "Actual Startup Time": 0.028,
                                                "Actual Total Time": 29.923,
                                                "Actual Rows": 20524,
                                                "Actual Loops": 1,
                                                "Shared Hit Blocks": 1573,
                                                "Shared Read Blocks": 1976,
                                                "Shared Dirtied Blocks": 0,
                                                "Shared Written Blocks": 0,
                                                "Local Hit Blocks": 0,
                                                "Local Read Blocks": 0,
                                                "Local Dirtied Blocks": 0,
                                                "Local Written Blocks": 0,
                                                "Temp Read Blocks": 0,
                                                "Temp Written Blocks": 0,
                                                "WAL Records": 0,
                                                "WAL FPI": 0,
                                                "WAL Bytes": 0
                                            }
                                        ]
                                    }
                                ]
                            },
                            "Settings": {},
                            "Planning": {
                                "Shared Hit Blocks": 0,
                                "Shared Read Blocks": 0,
                                "Shared Dirtied Blocks": 0,
                                "Shared Written Blocks": 0,
                                "Local Hit Blocks": 0,
                                "Local Read Blocks": 0,
                                "Local Dirtied Blocks": 0,
                                "Local Written Blocks": 0,
                                "Temp Read Blocks": 0,
                                "Temp Written Blocks": 0
                            },
                            "Planning Time": 0.037,
                            "Triggers": [],
                            "Execution Time": 34.0
                        },
                        "any_explanation": {
                            "Plan": {
                                "Node Type": "Seq Scan",
                                "Parallel Aware": false,
                                "Async Capable": false,
                                "Relation Name": "tests_benchmark_flagtester015",
                                "Schema": "public",
                                "Alias": "tests_benchmark_flagtester015",
                                "Startup Cost": 0.0,
                                "Total Cost": 40811.01,
                                "Plan Rows": 666667,
                                "Plan Width": 12,
                                "Actual Startup Time": 0.01,
                                "Actual Total Time": 110.664,
                                "Actual Rows": 1937051,
                                "Actual Loops": 1,
                                "Output": [
                                    "id",
                                    "flags"
                                ],
                                "Filter": "((tests_benchmark_flagtester015.flags & 26116) > 0)",
                                "Rows Removed by Filter": 62950,
                                "Shared Hit Blocks": 4960,
                                "Shared Read Blocks": 5851,
                                "Shared Dirtied Blocks": 0,
                                "Shared Written Blocks": 0,
                                "Local Hit Blocks": 0,
                                "Local Read Blocks": 0,
                                "Local Dirtied Blocks": 0,
                                "Local Written Blocks": 0,
                                "Temp Read Blocks": 0,
                                "Temp Written Blocks": 0,
                                "WAL Records": 0,
                                "WAL FPI": 0,
                                "WAL Bytes": 0
                            },
                            "Settings": {},
                            "Planning": {
                                "Shared Hit Blocks": 0,
                                "Shared Read Blocks": 0,
                                "Shared Dirtied Blocks": 0,
                                "Shared Written Blocks": 0,
                                "Local Hit Blocks": 0,
                                "Local Read Blocks": 0,
                                "Local Dirtied Blocks": 0,
                                "Local Written Blocks": 0,
                                "Temp Read Blocks": 0,
                                "Temp Written Blocks": 0
                            },
                            "Planning Time": 0.032,
                            "Triggers": [],
                            "Execution Time": 151.109
                        },
                        "exact_explanation": {
                            "Plan": {
                                "Node Type": "Gather",
                                "Parallel Aware": false,
                                "Async Capable": false,
                                "Startup Cost": 1000.0,
                                "Total Cost": 23227.67,
                                "Plan Rows": 10000,
                                "Plan Width": 12,
                                "Actual Startup Time": 0.851,
                                "Actual Total Time": 31.332,
                                "Actual Rows": 37,
                                "Actual Loops": 1,
                                "Output": [
                                    "id",
                                    "flags"
                                ],
                                "Workers Planned": 2,
                                "Workers Launched": 2,
                                "Single Copy": false,
                                "Shared Hit Blocks": 5088,
                                "Shared Read Blocks": 5723,
                                "Shared Dirtied Blocks": 0,
                                "Shared Written Blocks": 0,
                                "Local Hit Blocks": 0,
                                "Local Read Blocks": 0,
                                "Local Dirtied Blocks": 0,
                                "Local Written Blocks": 0,
                                "Temp Read Blocks": 0,
                                "Temp Written Blocks": 0,
                                "WAL Records": 0,
                                "WAL FPI": 0,
                                "WAL Bytes": 0,
                                "Plans": [
                                    {
                                        "Node Type": "Seq Scan",
                                        "Parent Relationship": "Outer",
                                        "Parallel Aware": true,
                                        "Async Capable": false,
                                        "Relation Name": "tests_benchmark_flagtester015",
                                        "Schema": "public",
                                        "Alias": "tests_benchmark_flagtester015",
                                        "Startup Cost": 0.0,
                                        "Total Cost": 21227.67,
                                        "Plan Rows": 4167,
                                        "Plan Width": 12,
                                        "Actual Startup Time": 1.618,
                                        "Actual Total Time": 28.558,
                                        "Actual Rows": 12,
                                        "Actual Loops": 3,
                                        "Output": [
                                            "id",
                                            "flags"
                                        ],
                                        "Filter": "(tests_benchmark_flagtester015.flags = 26116)",
                                        "Rows Removed by Filter": 666655,
                                        "Shared Hit Blocks": 5088,
                                        "Shared Read Blocks": 5723,
                                        "Shared Dirtied Blocks": 0,
                                        "Shared Written Blocks": 0,
                                        "Local Hit Blocks": 0,
                                        "Local Read Blocks": 0,
                                        "Local Dirtied Blocks": 0,
                                        "Local Written Blocks": 0,
                                        "Temp Read Blocks": 0,
                                        "Temp Written Blocks": 0,
                                        "WAL Records": 0,
                                        "WAL FPI": 0,
                                        "WAL Bytes": 0,
                                        "Workers": [
                                            {
                                                "Worker Number": 0,
                                                "Actual Startup Time": 3.091,
                                                "Actual Total Time": 27.565,
                                                "Actual Rows": 12,
                                                "Actual Loops": 1,
                                                "Shared Hit Blocks": 1602,
                                                "Shared Read Blocks": 1779,
                                                "Shared Dirtied Blocks": 0,
                                                "Shared Written Blocks": 0,
                                                "Local Hit Blocks": 0,
                                                "Local Read Blocks": 0,
                                                "Local Dirtied Blocks": 0,
                                                "Local Written Blocks": 0,
                                                "Temp Read Blocks": 0,
                                                "Temp Written Blocks": 0,
                                                "WAL Records": 0,
                                                "WAL FPI": 0,
                                                "WAL Bytes": 0
                                            },
                                            {
                                                "Worker Number": 1,
                                                "Actual Startup Time": 0.972,
                                                "Actual Total Time": 27.785,
                                                "Actual Rows": 11,
                                                "Actual Loops": 1,
                                                "Shared Hit Blocks": 1606,
                                                "Shared Read Blocks": 1800,
                                                "Shared Dirtied Blocks": 0,
                                                "Shared Written Blocks": 0,
                                                "Local Hit Blocks": 0,
                                                "Local Read Blocks": 0,
                                                "Local Dirtied Blocks": 0,
                                                "Local Written Blocks": 0,
                                                "Temp Read Blocks": 0,
                                                "Temp Written Blocks": 0,
                                                "WAL Records": 0,
                                                "WAL FPI": 0,
                                                "WAL Bytes": 0
                                            }
                                        ]
                                    }
                                ]
                            },
                            "Settings": {},
                            "Planning": {
                                "Shared Hit Blocks": 0,
                                "Shared Read Blocks": 0,
                                "Shared Dirtied Blocks": 0,
                                "Shared Written Blocks": 0,
                                "Local Hit Blocks": 0,
                                "Local Read Blocks": 0,
                                "Local Dirtied Blocks": 0,
                                "Local Written Blocks": 0,
                                "Temp Read Blocks": 0,
                                "Temp Written Blocks": 0
                            },
                            "Planning Time": 0.034,
                            "Triggers": [],
                            "Execution Time": 31.343
                        },
                        "all_ftr_time": 0.0334145,
                        "any_ftr_time": 0.1517552,
                        "exact_ftr_time": 0.031820600000000004
                    },
                    "4000000": {
                        "all_time": 0.06508365839836187,
                        "any_time": 0.07917235000204528,
                        "exact_time": 0.06285451240109978,
                        "table_size": 267386880.0,
                        "index_time": 7.90998456068337e-07,
                        "all_explanation": {
                            "Plan": {
                                "Node Type": "Gather",
                                "Parallel Aware": false,
                                "Async Capable": false,
                                "Startup Cost": 1000.0,
                                "Total Cost": 49622.01,
                                "Plan Rows": 20000,
                                "Plan Width": 12,
                                "Actual Startup Time": 0.082,
                                "Actual Total Time": 62.118,
                                "Actual Rows": 7790,
                                "Actual Loops": 1,
                                "Output": [
                                    "id",
                                    "flags"
                                ],
                                "Workers Planned": 2,
                                "Workers Launched": 2,
                                "Single Copy": false,
                                "Shared Hit Blocks": 4768,
                                "Shared Read Blocks": 16854,
                                "Shared Dirtied Blocks": 0,
                                "Shared Written Blocks": 0,
                                "Local Hit Blocks": 0,
                                "Local Read Blocks": 0,
                                "Local Dirtied Blocks": 0,
                                "Local Written Blocks": 0,
                                "Temp Read Blocks": 0,
                                "Temp Written Blocks": 0,
                                "WAL Records": 0,
                                "WAL FPI": 0,
                                "WAL Bytes": 0,
                                "Plans": [
                                    {
                                        "Node Type": "Seq Scan",
                                        "Parent Relationship": "Outer",
                                        "Parallel Aware": true,
                                        "Async Capable": false,
                                        "Relation Name": "tests_benchmark_flagtester015",
                                        "Schema": "public",
                                        "Alias": "tests_benchmark_flagtester015",
                                        "Startup Cost": 0.0,
                                        "Total Cost": 46622.01,
                                        "Plan Rows": 8333,
                                        "Plan Width": 12,
                                        "Actual Startup Time": 0.068,
                                        "Actual Total Time": 59.798,
                                        "Actual Rows": 2597,
                                        "Actual Loops": 3,
                                        "Output": [
                                            "id",
                                            "flags"
                                        ],
                                        "Filter": "((tests_benchmark_flagtester015.flags & 56077) = 56077)",
                                        "Rows Removed by Filter": 1330737,
                                        "Shared Hit Blocks": 4768,
                                        "Shared Read Blocks": 16854,
                                        "Shared Dirtied Blocks": 0,
                                        "Shared Written Blocks": 0,
                                        "Local Hit Blocks": 0,
                                        "Local Read Blocks": 0,
                                        "Local Dirtied Blocks": 0,
                                        "Local Written Blocks": 0,
                                        "Temp Read Blocks": 0,
                                        "Temp Written Blocks": 0,
                                        "WAL Records": 0,
                                        "WAL FPI": 0,
                                        "WAL Bytes": 0,
                                        "Workers": [
                                            {
                                                "Worker Number": 0,
                                                "Actual Startup Time": 0.131,
                                                "Actual Total Time": 59.238,
                                                "Actual Rows": 2631,
                                                "Actual Loops": 1,
                                                "Shared Hit Blocks": 1529,
                                                "Shared Read Blocks": 5536,
                                                "Shared Dirtied Blocks": 0,
                                                "Shared Written Blocks": 0,
                                                "Local Hit Blocks": 0,
                                                "Local Read Blocks": 0,
                                                "Local Dirtied Blocks": 0,
                                                "Local Written Blocks": 0,
                                                "Temp Read Blocks": 0,
                                                "Temp Written Blocks": 0,
                                                "WAL Records": 0,
                                                "WAL FPI": 0,
                                                "WAL Bytes": 0
                                            },
                                            {
                                                "Worker Number": 1,
                                                "Actual Startup Time": 0.047,
                                                "Actual Total Time": 59.308,
                                                "Actual Rows": 2496,
                                                "Actual Loops": 1,
                                                "Shared Hit Blocks": 1515,
                                                "Shared Read Blocks": 5536,
                                                "Shared Dirtied Blocks": 0,
                                                "Shared Written Blocks": 0,
                                                "Local Hit Blocks": 0,
                                                "Local Read Blocks": 0,
                                                "Local Dirtied Blocks": 0,
                                                "Local Written Blocks": 0,
                                                "Temp Read Blocks": 0,
                                                "Temp Written Blocks": 0,
                                                "WAL Records": 0,
                                                "WAL FPI": 0,
                                                "WAL Bytes": 0
                                            }
                                        ]
                                    }
                                ]
                            },
                            "Settings": {},
                            "Planning": {
                                "Shared Hit Blocks": 0,
                                "Shared Read Blocks": 0,
                                "Shared Dirtied Blocks": 0,
                                "Shared Written Blocks": 0,
                                "Local Hit Blocks": 0,
                                "Local Read Blocks": 0,
                                "Local Dirtied Blocks": 0,
                                "Local Written Blocks": 0,
                                "Temp Read Blocks": 0,
                                "Temp Written Blocks": 0
                            },
                            "Planning Time": 0.027,
                            "Triggers": [],
                            "Execution Time": 62.305
                        },
                        "any_explanation": {
                            "Plan": {
                                "Node Type": "Seq Scan",
                                "Parallel Aware": false,
                                "Async Capable": false,
                                "Relation Name": "tests_benchmark_flagtester015",
                                "Schema": "public",
                                "Alias": "tests_benchmark_flagtester015",
                                "Startup Cost": 0.0,
                                "Total Cost": 81622.01,
                                "Plan Rows": 1333334,
                                "Plan Width": 12,
                                "Actual Startup Time": 0.012,
                                "Actual Total Time": 216.269,
                                "Actual Rows": 3992309,
                                "Actual Loops": 1,
                                "Output": [
                                    "id",
                                    "flags"
                                ],
                                "Filter": "((tests_benchmark_flagtester015.flags & 56077) > 0)",
                                "Rows Removed by Filter": 7692,
                                "Shared Hit Blocks": 4960,
                                "Shared Read Blocks": 16662,
                                "Shared Dirtied Blocks": 0,
                                "Shared Written Blocks": 0,
                                "Local Hit Blocks": 0,
                                "Local Read Blocks": 0,
                                "Local Dirtied Blocks": 0,
                                "Local Written Blocks": 0,
                                "Temp Read Blocks": 0,
                                "Temp Written Blocks": 0,
                                "WAL Records": 0,
                                "WAL FPI": 0,
                                "WAL Bytes": 0
                            },
                            "Settings": {},
                            "Planning": {
                                "Shared Hit Blocks": 0,
                                "Shared Read Blocks": 0,
                                "Shared Dirtied Blocks": 0,
                                "Shared Written Blocks": 0,
                                "Local Hit Blocks": 0,
                                "Local Read Blocks": 0,
                                "Local Dirtied Blocks": 0,
                                "Local Written Blocks": 0,
                                "Temp Read Blocks": 0,
                                "Temp Written Blocks": 0
                            },
                            "Planning Time": 0.028,
                            "Triggers": [],
                            "Execution Time": 297.674
                        },
                        "exact_explanation": {
                            "Plan": {
                                "Node Type": "Gather",
                                "Parallel Aware": false,
                                "Async Capable": false,
                                "Startup Cost": 1000.0,
                                "Total Cost": 43461.64,
                                "Plan Rows": 63,
                                "Plan Width": 12,
                                "Actual Startup Time": 6.333,
                                "Actual Total Time": 59.303,
                                "Actual Rows": 49,
                                "Actual Loops": 1,
                                "Output": [
                                    "id",
                                    "flags"
                                ],
                                "Workers Planned": 2,
                                "Workers Launched": 2,
                                "Single Copy": false,
                                "Shared Hit Blocks": 5088,
                                "Shared Read Blocks": 16534,
                                "Shared Dirtied Blocks": 0,
                                "Shared Written Blocks": 0,
                                "Local Hit Blocks": 0,
                                "Local Read Blocks": 0,
                                "Local Dirtied Blocks": 0,
                                "Local Written Blocks": 0,
                                "Temp Read Blocks": 0,
                                "Temp Written Blocks": 0,
                                "WAL Records": 0,
                                "WAL FPI": 0,
                                "WAL Bytes": 0,
                                "Plans": [
                                    {
                                        "Node Type": "Seq Scan",
                                        "Parent Relationship": "Outer",
                                        "Parallel Aware": true,
                                        "Async Capable": false,
                                        "Relation Name": "tests_benchmark_flagtester015",
                                        "Schema": "public",
                                        "Alias": "tests_benchmark_flagtester015",
                                        "Startup Cost": 0.0,
                                        "Total Cost": 42455.34,
                                        "Plan Rows": 26,
                                        "Plan Width": 12,
                                        "Actual Startup Time": 2.762,
                                        "Actual Total Time": 57.01,
                                        "Actual Rows": 16,
                                        "Actual Loops": 3,
                                        "Output": [
                                            "id",
                                            "flags"
                                        ],
                                        "Filter": "(tests_benchmark_flagtester015.flags = 56077)",
                                        "Rows Removed by Filter": 1333317,
                                        "Shared Hit Blocks": 5088,
                                        "Shared Read Blocks": 16534,
                                        "Shared Dirtied Blocks": 0,
                                        "Shared Written Blocks": 0,
                                        "Local Hit Blocks": 0,
                                        "Local Read Blocks": 0,
                                        "Local Dirtied Blocks": 0,
                                        "Local Written Blocks": 0,
                                        "Temp Read Blocks": 0,
                                        "Temp Written Blocks": 0,
                                        "WAL Records": 0,
                                        "WAL FPI": 0,
                                        "WAL Bytes": 0,
                                        "Workers": [
                                            {
                                                "Worker Number": 0,
                                                "Actual Startup Time": 1.309,
                                                "Actual Total Time": 56.348,
                                                "Actual Rows": 22,
                                                "Actual Loops": 1,
                                                "Shared Hit Blocks": 1635,
                                                "Shared Read Blocks": 5414,
                                                "Shared Dirtied Blocks": 0,
                                                "Shared Written Blocks": 0,
                                                "Local Hit Blocks": 0,
                                                "Local Read Blocks": 0,
                                                "Local Dirtied Blocks": 0,
                                                "Local Written Blocks": 0,
                                                "Temp Read Blocks": 0,
                                                "Temp Written Blocks": 0,
                                                "WAL Records": 0,
                                                "WAL FPI": 0,
                                                "WAL Bytes": 0
                                            },
                                            {
                                                "Worker Number": 1,
                                                "Actual Startup Time": 0.693,
                                                "Actual Total Time": 56.304,
                                                "Actual Rows": 21,
                                                "Actual Loops": 1,
                                                "Shared Hit Blocks": 1619,
                                                "Shared Read Blocks": 5424,
                                                "Shared Dirtied Blocks": 0,
                                                "Shared Written Blocks": 0,
                                                "Local Hit Blocks": 0,
                                                "Local Read Blocks": 0,
                                                "Local Dirtied Blocks": 0,
                                                "Local Written Blocks": 0,
                                                "Temp Read Blocks": 0,
                                                "Temp Written Blocks": 0,
                                                "WAL Records": 0,
                                                "WAL FPI": 0,
                                                "WAL Bytes": 0
                                            }
                                        ]
                                    }
                                ]
                            },
                            "Settings": {},
                            "Planning": {
                                "Shared Hit Blocks": 0,
                                "Shared Read Blocks": 0,
                                "Shared Dirtied Blocks": 0,
                                "Shared Written Blocks": 0,
                                "Local Hit Blocks": 0,
                                "Local Read Blocks": 0,
                                "Local Dirtied Blocks": 0,
                                "Local Written Blocks": 0,
                                "Temp Read Blocks": 0,
                                "Temp Written Blocks": 0
                            },
                            "Planning Time": 0.027,
                            "Triggers": [],
                            "Execution Time": 59.311
                        },
                        "all_ftr_time": 0.06310889999999998,
                        "any_ftr_time": 0.2994344,
                        "exact_ftr_time": 0.06170860000000001
                    },
                    "6000000": {
                        "all_time": 0.0961811998000485,
                        "any_time": 0.11588403769856086,
                        "exact_time": 0.09139837909751805,
                        "table_size": 400556032.0,
                        "index_time": 7.90998456068337e-07,
                        "all_explanation": {
                            "Plan": {
                                "Node Type": "Gather",
                                "Parallel Aware": false,
                                "Async Capable": false,
                                "Startup Cost": 1000.0,
                                "Total Cost": 73933.01,
                                "Plan Rows": 30000,
                                "Plan Width": 12,
                                "Actual Startup Time": 0.058,
                                "Actual Total Time": 93.684,
                                "Actual Rows": 23669,
                                "Actual Loops": 1,
                                "Output": [
                                    "id",
                                    "flags"
                                ],
                                "Workers Planned": 2,
                                "Workers Launched": 2,
                                "Single Copy": false,
                                "Shared Hit Blocks": 4768,
                                "Shared Read Blocks": 27665,
                                "Shared Dirtied Blocks": 0,
                                "Shared Written Blocks": 0,
                                "Local Hit Blocks": 0,
                                "Local Read Blocks": 0,
                                "Local Dirtied Blocks": 0,
                                "Local Written Blocks": 0,
                                "Temp Read Blocks": 0,
                                "Temp Written Blocks": 0,
                                "WAL Records": 0,
                                "WAL FPI": 0,
                                "WAL Bytes": 0,
                                "Plans": [
                                    {
                                        "Node Type": "Seq Scan",
                                        "Parent Relationship": "Outer",
                                        "Parallel Aware": true,
                                        "Async Capable": false,
                                        "Relation Name": "tests_benchmark_flagtester015",
                                        "Schema": "public",
                                        "Alias": "tests_benchmark_flagtester015",
                                        "Startup Cost": 0.0,
                                        "Total Cost": 69933.01,
                                        "Plan Rows": 12500,
                                        "Plan Width": 12,
                                        "Actual Startup Time": 0.021,
                                        "Actual Total Time": 91.315,
                                        "Actual Rows": 7890,
                                        "Actual Loops": 3,
                                        "Output": [
                                            "id",
                                            "flags"
                                        ],
                                        "Filter": "((tests_benchmark_flagtester015.flags & 36412) = 36412)",
                                        "Rows Removed by Filter": 1992111,
                                        "Shared Hit Blocks": 4768,
                                        "Shared Read Blocks": 27665,
                                        "Shared Dirtied Blocks": 0,
                                        "Shared Written Blocks": 0,
                                        "Local Hit Blocks": 0,
                                        "Local Read Blocks": 0,
                                        "Local Dirtied Blocks": 0,
                                        "Local Written Blocks": 0,
                                        "Temp Read Blocks": 0,
                                        "Temp Written Blocks": 0,
                                        "WAL Records": 0,
                                        "WAL FPI": 0,
                                        "WAL Bytes": 0,
                                        "Workers": [
                                            {
                                                "Worker Number": 0,
                                                "Actual Startup Time": 0.029,
                                                "Actual Total Time": 91.035,
                                                "Actual Rows": 7785,
                                                "Actual Loops": 1,
                                                "Shared Hit Blocks": 1534,
                                                "Shared Read Blocks": 9153,
                                                "Shared Dirtied Blocks": 0,
                                                "Shared Written Blocks": 0,
                                                "Local Hit Blocks": 0,
                                                "Local Read Blocks": 0,
                                                "Local Dirtied Blocks": 0,
                                                "Local Written Blocks": 0,
                                                "Temp Read Blocks": 0,
                                                "Temp Written Blocks": 0,
                                                "WAL Records": 0,
                                                "WAL FPI": 0,
                                                "WAL Bytes": 0
                                            },
                                            {
                                                "Worker Number": 1,
                                                "Actual Startup Time": 0.023,
                                                "Actual Total Time": 90.988,
                                                "Actual Rows": 7791,
                                                "Actual Loops": 1,
                                                "Shared Hit Blocks": 1530,
                                                "Shared Read Blocks": 9152,
                                                "Shared Dirtied Blocks": 0,
                                                "Shared Written Blocks": 0,
                                                "Local Hit Blocks": 0,
                                                "Local Read Blocks": 0,
                                                "Local Dirtied Blocks": 0,
                                                "Local Written Blocks": 0,
                                                "Temp Read Blocks": 0,
                                                "Temp Written Blocks": 0,
                                                "WAL Records": 0,
                                                "WAL FPI": 0,
                                                "WAL Bytes": 0
                                            }
                                        ]
                                    }
                                ]
                            },
                            "Settings": {},
                            "Planning": {
                                "Shared Hit Blocks": 0,
                                "Shared Read Blocks": 0,
                                "Shared Dirtied Blocks": 0,
                                "Shared Written Blocks": 0,
                                "Local Hit Blocks": 0,
                                "Local Read Blocks": 0,
                                "Local Dirtied Blocks": 0,
                                "Local Written Blocks": 0,
                                "Temp Read Blocks": 0,
                                "Temp Written Blocks": 0
                            },
                            "Planning Time": 0.025,
                            "Triggers": [],
                            "Execution Time": 94.225
                        },
                        "any_explanation": {
                            "Plan": {
                                "Node Type": "Seq Scan",
                                "Parallel Aware": false,
                                "Async Capable": false,
                                "Relation Name": "tests_benchmark_flagtester015",
                                "Schema": "public",
                                "Alias": "tests_benchmark_flagtester015",
                                "Startup Cost": 0.0,
                                "Total Cost": 122433.01,
                                "Plan Rows": 2000000,
                                "Plan Width": 12,
                                "Actual Startup Time": 0.008,
                                "Actual Total Time": 322.461,
                                "Actual Rows": 5976516,
                                "Actual Loops": 1,
                                "Output": [
                                    "id",
                                    "flags"
                                ],
                                "Filter": "((tests_benchmark_flagtester015.flags & 36412) > 0)",
                                "Rows Removed by Filter": 23485,
                                "Shared Hit Blocks": 4960,
                                "Shared Read Blocks": 27473,
                                "Shared Dirtied Blocks": 0,
                                "Shared Written Blocks": 0,
                                "Local Hit Blocks": 0,
                                "Local Read Blocks": 0,
                                "Local Dirtied Blocks": 0,
                                "Local Written Blocks": 0,
                                "Temp Read Blocks": 0,
                                "Temp Written Blocks": 0,
                                "WAL Records": 0,
                                "WAL FPI": 0,
                                "WAL Bytes": 0
                            },
                            "Settings": {},
                            "Planning": {
                                "Shared Hit Blocks": 0,
                                "Shared Read Blocks": 0,
                                "Shared Dirtied Blocks": 0,
                                "Shared Written Blocks": 0,
                                "Local Hit Blocks": 0,
                                "Local Read Blocks": 0,
                                "Local Dirtied Blocks": 0,
                                "Local Written Blocks": 0,
                                "Temp Read Blocks": 0,
                                "Temp Written Blocks": 0
                            },
                            "Planning Time": 0.025,
                            "Triggers": [],
                            "Execution Time": 444.288
                        },
                        "exact_explanation": {
                            "Plan": {
                                "Node Type": "Gather",
                                "Parallel Aware": false,
                                "Async Capable": false,
                                "Startup Cost": 1000.0,
                                "Total Cost": 64692.21,
                                "Plan Rows": 92,
                                "Plan Width": 12,
                                "Actual Startup Time": 1.071,
                                "Actual Total Time": 88.16,
                                "Actual Rows": 122,
                                "Actual Loops": 1,
                                "Output": [
                                    "id",
                                    "flags"
                                ],
                                "Workers Planned": 2,
                                "Workers Launched": 2,
                                "Single Copy": false,
                                "Shared Hit Blocks": 5088,
                                "Shared Read Blocks": 27345,
                                "Shared Dirtied Blocks": 0,
                                "Shared Written Blocks": 0,
                                "Local Hit Blocks": 0,
                                "Local Read Blocks": 0,
                                "Local Dirtied Blocks": 0,
                                "Local Written Blocks": 0,
                                "Temp Read Blocks": 0,
                                "Temp Written Blocks": 0,
                                "WAL Records": 0,
                                "WAL FPI": 0,
                                "WAL Bytes": 0,
                                "Plans": [
                                    {
                                        "Node Type": "Seq Scan",
                                        "Parent Relationship": "Outer",
                                        "Parallel Aware": true,
                                        "Async Capable": false,
                                        "Relation Name": "tests_benchmark_flagtester015",
                                        "Schema": "public",
                                        "Alias": "tests_benchmark_flagtester015",
                                        "Startup Cost": 0.0,
                                        "Total Cost": 63683.01,
                                        "Plan Rows": 38,
                                        "Plan Width": 12,
                                        "Actual Startup Time": 2.122,
                                        "Actual Total Time": 85.957,
                                        "Actual Rows": 41,
                                        "Actual Loops": 3,
                                        "Output": [
                                            "id",
                                            "flags"
                                        ],
                                        "Filter": "(tests_benchmark_flagtester015.flags = 36412)",
                                        "Rows Removed by Filter": 1999960,
                                        "Shared Hit Blocks": 5088,
                                        "Shared Read Blocks": 27345,
                                        "Shared Dirtied Blocks": 0,
                                        "Shared Written Blocks": 0,
                                        "Local Hit Blocks": 0,
                                        "Local Read Blocks": 0,
                                        "Local Dirtied Blocks": 0,
                                        "Local Written Blocks": 0,
                                        "Temp Read Blocks": 0,
                                        "Temp Written Blocks": 0,
                                        "WAL Records": 0,
                                        "WAL FPI": 0,
                                        "WAL Bytes": 0,
                                        "Workers": [
                                            {
                                                "Worker Number": 0,
                                                "Actual Startup Time": 3.373,
                                                "Actual Total Time": 85.257,
                                                "Actual Rows": 35,
                                                "Actual Loops": 1,
                                                "Shared Hit Blocks": 1623,
                                                "Shared Read Blocks": 9024,
                                                "Shared Dirtied Blocks": 0,
                                                "Shared Written Blocks": 0,
                                                "Local Hit Blocks": 0,
                                                "Local Read Blocks": 0,
                                                "Local Dirtied Blocks": 0,
                                                "Local Written Blocks": 0,
                                                "Temp Read Blocks": 0,
                                                "Temp Written Blocks": 0,
                                                "WAL Records": 0,
                                                "WAL FPI": 0,
                                                "WAL Bytes": 0
                                            },
                                            {
                                                "Worker Number": 1,
                                                "Actual Startup Time": 1.972,
                                                "Actual Total Time": 85.304,
                                                "Actual Rows": 43,
                                                "Actual Loops": 1,
                                                "Shared Hit Blocks": 1641,
                                                "Shared Read Blocks": 9040,
                                                "Shared Dirtied Blocks": 0,
                                                "Shared Written Blocks": 0,
                                                "Local Hit Blocks": 0,
                                                "Local Read Blocks": 0,
                                                "Local Dirtied Blocks": 0,
                                                "Local Written Blocks": 0,
                                                "Temp Read Blocks": 0,
                                                "Temp Written Blocks": 0,
                                                "WAL Records": 0,
                                                "WAL FPI": 0,
                                                "WAL Bytes": 0
                                            }
                                        ]
                                    }
                                ]
                            },
                            "Settings": {},
                            "Planning": {
                                "Shared Hit Blocks": 0,
                                "Shared Read Blocks": 0,
                                "Shared Dirtied Blocks": 0,
                                "Shared Written Blocks": 0,
                                "Local Hit Blocks": 0,
                                "Local Read Blocks": 0,
                                "Local Dirtied Blocks": 0,
                                "Local Written Blocks": 0,
                                "Temp Read Blocks": 0,
                                "Temp Written Blocks": 0
                            },
                            "Planning Time": 0.027,
                            "Triggers": [],
                            "Execution Time": 88.17
                        },
                        "all_ftr_time": 0.0964907,
                        "any_ftr_time": 0.4446746999999999,
                        "exact_ftr_time": 0.0881129
                    },
                    "8000000": {
                        "all_time": 0.12336001669755206,
                        "any_time": 0.15057316660095238,
                        "exact_time": 0.11809685819753213,
                        "table_size": 533725184.0,
                        "index_time": 2.1669984562322497e-06,
                        "all_explanation": {
                            "Plan": {
                                "Node Type": "Gather",
                                "Parallel Aware": false,
                                "Async Capable": false,
                                "Startup Cost": 1000.0,
                                "Total Cost": 98244.01,
                                "Plan Rows": 40000,
                                "Plan Width": 12,
                                "Actual Startup Time": 0.057,
                                "Actual Total Time": 120.9,
                                "Actual Rows": 62953,
                                "Actual Loops": 1,
                                "Output": [
                                    "id",
                                    "flags"
                                ],
                                "Workers Planned": 2,
                                "Workers Launched": 2,
                                "Single Copy": false,
                                "Shared Hit Blocks": 4768,
                                "Shared Read Blocks": 38476,
                                "Shared Dirtied Blocks": 0,
                                "Shared Written Blocks": 0,
                                "Local Hit Blocks": 0,
                                "Local Read Blocks": 0,
                                "Local Dirtied Blocks": 0,
                                "Local Written Blocks": 0,
                                "Temp Read Blocks": 0,
                                "Temp Written Blocks": 0,
                                "WAL Records": 0,
                                "WAL FPI": 0,
                                "WAL Bytes": 0,
                                "Plans": [
                                    {
                                        "Node Type": "Seq Scan",
                                        "Parent Relationship": "Outer",
                                        "Parallel Aware": true,
                                        "Async Capable": false,
                                        "Relation Name": "tests_benchmark_flagtester015",
                                        "Schema": "public",
                                        "Alias": "tests_benchmark_flagtester015",
                                        "Startup Cost": 0.0,
                                        "Total Cost": 93244.01,
                                        "Plan Rows": 16667,
                                        "Plan Width": 12,
                                        "Actual Startup Time": 0.022,
                                        "Actual Total Time": 118.285,
                                        "Actual Rows": 20984,
                                        "Actual Loops": 3,
                                        "Output": [
                                            "id",
                                            "flags"
                                        ],
                                        "Filter": "((tests_benchmark_flagtester015.flags & 9464) = 9464)",
                                        "Rows Removed by Filter": 2645683,
                                        "Shared Hit Blocks": 4768,
                                        "Shared Read Blocks": 38476,
                                        "Shared Dirtied Blocks": 0,
                                        "Shared Written Blocks": 0,
                                        "Local Hit Blocks": 0,
                                        "Local Read Blocks": 0,
                                        "Local Dirtied Blocks": 0,
                                        "Local Written Blocks": 0,
                                        "Temp Read Blocks": 0,
                                        "Temp Written Blocks": 0,
                                        "WAL Records": 0,
                                        "WAL FPI": 0,
                                        "WAL Bytes": 0,
                                        "Workers": [
                                            {
                                                "Worker Number": 0,
                                                "Actual Startup Time": 0.033,
                                                "Actual Total Time": 118.577,
                                                "Actual Rows": 20840,
                                                "Actual Loops": 1,
                                                "Shared Hit Blocks": 1539,
                                                "Shared Read Blocks": 12832,
                                                "Shared Dirtied Blocks": 0,
                                                "Shared Written Blocks": 0,
                                                "Local Hit Blocks": 0,
                                                "Local Read Blocks": 0,
                                                "Local Dirtied Blocks": 0,
                                                "Local Written Blocks": 0,
                                                "Temp Read Blocks": 0,
                                                "Temp Written Blocks": 0,
                                                "WAL Records": 0,
                                                "WAL FPI": 0,
                                                "WAL Bytes": 0
                                            },
                                            {
                                                "Worker Number": 1,
                                                "Actual Startup Time": 0.021,
                                                "Actual Total Time": 118.523,
                                                "Actual Rows": 20906,
                                                "Actual Loops": 1,
                                                "Shared Hit Blocks": 1536,
                                                "Shared Read Blocks": 12812,
                                                "Shared Dirtied Blocks": 0,
                                                "Shared Written Blocks": 0,
                                                "Local Hit Blocks": 0,
                                                "Local Read Blocks": 0,
                                                "Local Dirtied Blocks": 0,
                                                "Local Written Blocks": 0,
                                                "Temp Read Blocks": 0,
                                                "Temp Written Blocks": 0,
                                                "WAL Records": 0,
                                                "WAL FPI": 0,
                                                "WAL Bytes": 0
                                            }
                                        ]
                                    }
                                ]
                            },
                            "Settings": {},
                            "Planning": {
                                "Shared Hit Blocks": 0,
                                "Shared Read Blocks": 0,
                                "Shared Dirtied Blocks": 0,
                                "Shared Written Blocks": 0,
                                "Local Hit Blocks": 0,
                                "Local Read Blocks": 0,
                                "Local Dirtied Blocks": 0,
                                "Local Written Blocks": 0,
                                "Temp Read Blocks": 0,
                                "Temp Written Blocks": 0
                            },
                            "Planning Time": 0.024,
                            "Triggers": [],
                            "Execution Time": 122.308
                        },
                        "any_explanation": {
                            "Plan": {
                                "Node Type": "Seq Scan",
                                "Parallel Aware": false,
                                "Async Capable": false,
                                "Relation Name": "tests_benchmark_flagtester015",
                                "Schema": "public",
                                "Alias": "tests_benchmark_flagtester015",
                                "Startup Cost": 0.0,
                                "Total Cost": 163244.02,
                                "Plan Rows": 2666667,
                                "Plan Width": 12,
                                "Actual Startup Time": 0.009,
                                "Actual Total Time": 426.496,
                                "Actual Rows": 7937010,
                                "Actual Loops": 1,
                                "Output": [
                                    "id",
                                    "flags"
                                ],
                                "Filter": "((tests_benchmark_flagtester015.flags & 9464) > 0)",
                                "Rows Removed by Filter": 62991,
                                "Shared Hit Blocks": 4960,
                                "Shared Read Blocks": 38284,
                                "Shared Dirtied Blocks": 0,
                                "Shared Written Blocks": 0,
                                "Local Hit Blocks": 0,
                                "Local Read Blocks": 0,
                                "Local Dirtied Blocks": 0,
                                "Local Written Blocks": 0,
                                "Temp Read Blocks": 0,
                                "Temp Written Blocks": 0,
                                "WAL Records": 0,
                                "WAL FPI": 0,
                                "WAL Bytes": 0
                            },
                            "Settings": {},
                            "Planning": {
                                "Shared Hit Blocks": 0,
                                "Shared Read Blocks": 0,
                                "Shared Dirtied Blocks": 0,
                                "Shared Written Blocks": 0,
                                "Local Hit Blocks": 0,
                                "Local Read Blocks": 0,
                                "Local Dirtied Blocks": 0,
                                "Local Written Blocks": 0,
                                "Temp Read Blocks": 0,
                                "Temp Written Blocks": 0
                            },
                            "Planning Time": 0.023,
                            "Triggers": [],
                            "Execution Time": 588.854
                        },
                        "exact_explanation": {
                            "Plan": {
                                "Node Type": "Gather",
                                "Parallel Aware": false,
                                "Async Capable": false,
                                "Startup Cost": 1000.0,
                                "Total Cost": 85922.97,
                                "Plan Rows": 123,
                                "Plan Width": 12,
                                "Actual Startup Time": 1.631,
                                "Actual Total Time": 114.24,
                                "Actual Rows": 122,
                                "Actual Loops": 1,
                                "Output": [
                                    "id",
                                    "flags"
                                ],
                                "Workers Planned": 2,
                                "Workers Launched": 2,
                                "Single Copy": false,
                                "Shared Hit Blocks": 5088,
                                "Shared Read Blocks": 38156,
                                "Shared Dirtied Blocks": 0,
                                "Shared Written Blocks": 0,
                                "Local Hit Blocks": 0,
                                "Local Read Blocks": 0,
                                "Local Dirtied Blocks": 0,
                                "Local Written Blocks": 0,
                                "Temp Read Blocks": 0,
                                "Temp Written Blocks": 0,
                                "WAL Records": 0,
                                "WAL FPI": 0,
                                "WAL Bytes": 0,
                                "Plans": [
                                    {
                                        "Node Type": "Seq Scan",
                                        "Parent Relationship": "Outer",
                                        "Parallel Aware": true,
                                        "Async Capable": false,
                                        "Relation Name": "tests_benchmark_flagtester015",
                                        "Schema": "public",
                                        "Alias": "tests_benchmark_flagtester015",
                                        "Startup Cost": 0.0,
                                        "Total Cost": 84910.67,
                                        "Plan Rows": 51,
                                        "Plan Width": 12,
                                        "Actual Startup Time": 1.097,
                                        "Actual Total Time": 112.133,
                                        "Actual Rows": 41,
                                        "Actual Loops": 3,
                                        "Output": [
                                            "id",
                                            "flags"
                                        ],
                                        "Filter": "(tests_benchmark_flagtester015.flags = 9464)",
                                        "Rows Removed by Filter": 2666626,
                                        "Shared Hit Blocks": 5088,
                                        "Shared Read Blocks": 38156,
                                        "Shared Dirtied Blocks": 0,
                                        "Shared Written Blocks": 0,
                                        "Local Hit Blocks": 0,
                                        "Local Read Blocks": 0,
                                        "Local Dirtied Blocks": 0,
                                        "Local Written Blocks": 0,
                                        "Temp Read Blocks": 0,
                                        "Temp Written Blocks": 0,
                                        "WAL Records": 0,
                                        "WAL FPI": 0,
                                        "WAL Bytes": 0,
                                        "Workers": [
                                            {
                                                "Worker Number": 0,
                                                "Actual Startup Time": 1.334,
                                                "Actual Total Time": 111.508,
                                                "Actual Rows": 38,
                                                "Actual Loops": 1,
                                                "Shared Hit Blocks": 1628,
                                                "Shared Read Blocks": 12640,
                                                "Shared Dirtied Blocks": 0,
                                                "Shared Written Blocks": 0,
                                                "Local Hit Blocks": 0,
                                                "Local Read Blocks": 0,
                                                "Local Dirtied Blocks": 0,
                                                "Local Written Blocks": 0,
                                                "Temp Read Blocks": 0,
                                                "Temp Written Blocks": 0,
                                                "WAL Records": 0,
                                                "WAL FPI": 0,
                                                "WAL Bytes": 0
                                            },
                                            {
                                                "Worker Number": 1,
                                                "Actual Startup Time": 0.37,
                                                "Actual Total Time": 111.483,
                                                "Actual Rows": 45,
                                                "Actual Loops": 1,
                                                "Shared Hit Blocks": 1629,
                                                "Shared Read Blocks": 12640,
                                                "Shared Dirtied Blocks": 0,
                                                "Shared Written Blocks": 0,
                                                "Local Hit Blocks": 0,
                                                "Local Read Blocks": 0,
                                                "Local Dirtied Blocks": 0,
                                                "Local Written Blocks": 0,
                                                "Temp Read Blocks": 0,
                                                "Temp Written Blocks": 0,
                                                "WAL Records": 0,
                                                "WAL FPI": 0,
                                                "WAL Bytes": 0
                                            }
                                        ]
                                    }
                                ]
                            },
                            "Settings": {},
                            "Planning": {
                                "Shared Hit Blocks": 0,
                                "Shared Read Blocks": 0,
                                "Shared Dirtied Blocks": 0,
                                "Shared Written Blocks": 0,
                                "Local Hit Blocks": 0,
                                "Local Read Blocks": 0,
                                "Local Dirtied Blocks": 0,
                                "Local Written Blocks": 0,
                                "Temp Read Blocks": 0,
                                "Temp Written Blocks": 0
                            },
                            "Planning Time": 0.024,
                            "Triggers": [],
                            "Execution Time": 114.25
                        },
                        "all_ftr_time": 0.1224435,
                        "any_ftr_time": 0.5917627,
                        "exact_ftr_time": 0.11524039999999999
                    },
                    "10000000": {
                        "all_time": 0.1556162043023505,
                        "any_time": 0.1903815873025451,
                        "exact_time": 0.15014634169638158,
                        "table_size": 667942912.0,
                        "index_time": 2.291999408043921e-06,
                        "all_explanation": {
                            "Plan": {
                                "Node Type": "Gather",
                                "Parallel Aware": false,
                                "Async Capable": false,
                                "Startup Cost": 1000.0,
                                "Total Cost": 122555.01,
                                "Plan Rows": 50000,
                                "Plan Width": 12,
                                "Actual Startup Time": 0.119,
                                "Actual Total Time": 153.85,
                                "Actual Rows": 19595,
                                "Actual Loops": 1,
                                "Output": [
                                    "id",
                                    "flags"
                                ],
                                "Workers Planned": 2,
                                "Workers Launched": 2,
                                "Single Copy": false,
                                "Shared Hit Blocks": 4768,
                                "Shared Read Blocks": 49287,
                                "Shared Dirtied Blocks": 0,
                                "Shared Written Blocks": 0,
                                "Local Hit Blocks": 0,
                                "Local Read Blocks": 0,
                                "Local Dirtied Blocks": 0,
                                "Local Written Blocks": 0,
                                "Temp Read Blocks": 0,
                                "Temp Written Blocks": 0,
                                "WAL Records": 0,
                                "WAL FPI": 0,
                                "WAL Bytes": 0,
                                "Plans": [
                                    {
                                        "Node Type": "Seq Scan",
                                        "Parent Relationship": "Outer",
                                        "Parallel Aware": true,
                                        "Async Capable": false,
                                        "Relation Name": "tests_benchmark_flagtester015",
                                        "Schema": "public",
                                        "Alias": "tests_benchmark_flagtester015",
                                        "Startup Cost": 0.0,
                                        "Total Cost": 116555.01,
                                        "Plan Rows": 20833,
                                        "Plan Width": 12,
                                        "Actual Startup Time": 0.049,
                                        "Actual Total Time": 151.275,
                                        "Actual Rows": 6532,
                                        "Actual Loops": 3,
                                        "Output": [
                                            "id",
                                            "flags"
                                        ],
                                        "Filter": "((tests_benchmark_flagtester015.flags & 21821) = 21821)",
                                        "Rows Removed by Filter": 3326802,
                                        "Shared Hit Blocks": 4768,
                                        "Shared Read Blocks": 49287,
                                        "Shared Dirtied Blocks": 0,
                                        "Shared Written Blocks": 0,
                                        "Local Hit Blocks": 0,
                                        "Local Read Blocks": 0,
                                        "Local Dirtied Blocks": 0,
                                        "Local Written Blocks": 0,
                                        "Temp Read Blocks": 0,
                                        "Temp Written Blocks": 0,
                                        "WAL Records": 0,
                                        "WAL FPI": 0,
                                        "WAL Bytes": 0,
                                        "Workers": [
                                            {
                                                "Worker Number": 0,
                                                "Actual Startup Time": 0.034,
                                                "Actual Total Time": 150.942,
                                                "Actual Rows": 6482,
                                                "Actual Loops": 1,
                                                "Shared Hit Blocks": 1523,
                                                "Shared Read Blocks": 16352,
                                                "Shared Dirtied Blocks": 0,
                                                "Shared Written Blocks": 0,
                                                "Local Hit Blocks": 0,
                                                "Local Read Blocks": 0,
                                                "Local Dirtied Blocks": 0,
                                                "Local Written Blocks": 0,
                                                "Temp Read Blocks": 0,
                                                "Temp Written Blocks": 0,
                                                "WAL Records": 0,
                                                "WAL FPI": 0,
                                                "WAL Bytes": 0
                                            },
                                            {
                                                "Worker Number": 1,
                                                "Actual Startup Time": 0.045,
                                                "Actual Total Time": 150.827,
                                                "Actual Rows": 6464,
                                                "Actual Loops": 1,
                                                "Shared Hit Blocks": 1520,
                                                "Shared Read Blocks": 16320,
                                                "Shared Dirtied Blocks": 0,
                                                "Shared Written Blocks": 0,
                                                "Local Hit Blocks": 0,
                                                "Local Read Blocks": 0,
                                                "Local Dirtied Blocks": 0,
                                                "Local Written Blocks": 0,
                                                "Temp Read Blocks": 0,
                                                "Temp Written Blocks": 0,
                                                "WAL Records": 0,
                                                "WAL FPI": 0,
                                                "WAL Bytes": 0
                                            }
                                        ]
                                    }
                                ]
                            },
                            "Settings": {},
                            "Planning": {
                                "Shared Hit Blocks": 0,
                                "Shared Read Blocks": 0,
                                "Shared Dirtied Blocks": 0,
                                "Shared Written Blocks": 0,
                                "Local Hit Blocks": 0,
                                "Local Read Blocks": 0,
                                "Local Dirtied Blocks": 0,
                                "Local Written Blocks": 0,
                                "Temp Read Blocks": 0,
                                "Temp Written Blocks": 0
                            },
                            "Planning Time": 0.027,
                            "Triggers": [],
                            "Execution Time": 154.311
                        },
                        "any_explanation": {
                            "Plan": {
                                "Node Type": "Seq Scan",
                                "Parallel Aware": false,
                                "Async Capable": false,
                                "Relation Name": "tests_benchmark_flagtester015",
                                "Schema": "public",
                                "Alias": "tests_benchmark_flagtester015",
                                "Startup Cost": 0.0,
                                "Total Cost": 204055.01,
                                "Plan Rows": 3333334,
                                "Plan Width": 12,
                                "Actual Startup Time": 0.009,
                                "Actual Total Time": 550.321,
                                "Actual Rows": 9980586,
                                "Actual Loops": 1,
                                "Output": [
                                    "id",
                                    "flags"
                                ],
                                "Filter": "((tests_benchmark_flagtester015.flags & 21821) > 0)",
                                "Rows Removed by Filter": 19415,
                                "Shared Hit Blocks": 4960,
                                "Shared Read Blocks": 49095,
                                "Shared Dirtied Blocks": 0,
                                "Shared Written Blocks": 0,
                                "Local Hit Blocks": 0,
                                "Local Read Blocks": 0,
                                "Local Dirtied Blocks": 0,
                                "Local Written Blocks": 0,
                                "Temp Read Blocks": 0,
                                "Temp Written Blocks": 0,
                                "WAL Records": 0,
                                "WAL FPI": 0,
                                "WAL Bytes": 0
                            },
                            "Settings": {},
                            "Planning": {
                                "Shared Hit Blocks": 0,
                                "Shared Read Blocks": 0,
                                "Shared Dirtied Blocks": 0,
                                "Shared Written Blocks": 0,
                                "Local Hit Blocks": 0,
                                "Local Read Blocks": 0,
                                "Local Dirtied Blocks": 0,
                                "Local Written Blocks": 0,
                                "Temp Read Blocks": 0,
                                "Temp Written Blocks": 0
                            },
                            "Planning Time": 0.026,
                            "Triggers": [],
                            "Execution Time": 756.866
                        },
                        "exact_explanation": {
                            "Plan": {
                                "Node Type": "Gather",
                                "Parallel Aware": false,
                                "Async Capable": false,
                                "Startup Cost": 1000.0,
                                "Total Cost": 107153.74,
                                "Plan Rows": 154,
                                "Plan Width": 12,
                                "Actual Startup Time": 0.642,
                                "Actual Total Time": 148.907,
                                "Actual Rows": 131,
                                "Actual Loops": 1,
                                "Output": [
                                    "id",
                                    "flags"
                                ],
                                "Workers Planned": 2,
                                "Workers Launched": 2,
                                "Single Copy": false,
                                "Shared Hit Blocks": 5088,
                                "Shared Read Blocks": 48967,
                                "Shared Dirtied Blocks": 0,
                                "Shared Written Blocks": 0,
                                "Local Hit Blocks": 0,
                                "Local Read Blocks": 0,
                                "Local Dirtied Blocks": 0,
                                "Local Written Blocks": 0,
                                "Temp Read Blocks": 0,
                                "Temp Written Blocks": 0,
                                "WAL Records": 0,
                                "WAL FPI": 0,
                                "WAL Bytes": 0,
                                "Plans": [
                                    {
                                        "Node Type": "Seq Scan",
                                        "Parent Relationship": "Outer",
                                        "Parallel Aware": true,
                                        "Async Capable": false,
                                        "Relation Name": "tests_benchmark_flagtester015",
                                        "Schema": "public",
                                        "Alias": "tests_benchmark_flagtester015",
                                        "Startup Cost": 0.0,
                                        "Total Cost": 106138.34,
                                        "Plan Rows": 64,
                                        "Plan Width": 12,
                                        "Actual Startup Time": 1.306,
                                        "Actual Total Time": 146.506,
                                        "Actual Rows": 44,
                                        "Actual Loops": 3,
                                        "Output": [
                                            "id",
                                            "flags"
                                        ],
                                        "Filter": "(tests_benchmark_flagtester015.flags = 21821)",
                                        "Rows Removed by Filter": 3333290,
                                        "Shared Hit Blocks": 5088,
                                        "Shared Read Blocks": 48967,
                                        "Shared Dirtied Blocks": 0,
                                        "Shared Written Blocks": 0,
                                        "Local Hit Blocks": 0,
                                        "Local Read Blocks": 0,
                                        "Local Dirtied Blocks": 0,
                                        "Local Written Blocks": 0,
                                        "Temp Read Blocks": 0,
                                        "Temp Written Blocks": 0,
                                        "WAL Records": 0,
                                        "WAL FPI": 0,
                                        "WAL Bytes": 0,
                                        "Workers": [
                                            {
                                                "Worker Number": 0,
                                                "Actual Startup Time": 2.199,
                                                "Actual Total Time": 145.64,
                                                "Actual Rows": 46,
                                                "Actual Loops": 1,
                                                "Shared Hit Blocks": 1620,
                                                "Shared Read Blocks": 16199,
                                                "Shared Dirtied Blocks": 0,
                                                "Shared Written Blocks": 0,
                                                "Local Hit Blocks": 0,
                                                "Local Read Blocks": 0,
                                                "Local Dirtied Blocks": 0,
                                                "Local Written Blocks": 0,
                                                "Temp Read Blocks": 0,
                                                "Temp Written Blocks": 0,
                                                "WAL Records": 0,
                                                "WAL FPI": 0,
                                                "WAL Bytes": 0
                                            },
                                            {
                                                "Worker Number": 1,
                                                "Actual Startup Time": 1.136,
                                                "Actual Total Time": 145.948,
                                                "Actual Rows": 41,
                                                "Actual Loops": 1,
                                                "Shared Hit Blocks": 1610,
                                                "Shared Read Blocks": 16256,
                                                "Shared Dirtied Blocks": 0,
                                                "Shared Written Blocks": 0,
                                                "Local Hit Blocks": 0,
                                                "Local Read Blocks": 0,
                                                "Local Dirtied Blocks": 0,
                                                "Local Written Blocks": 0,
                                                "Temp Read Blocks": 0,
                                                "Temp Written Blocks": 0,
                                                "WAL Records": 0,
                                                "WAL FPI": 0,
                                                "WAL Bytes": 0
                                            }
                                        ]
                                    }
                                ]
                            },
                            "Settings": {},
                            "Planning": {
                                "Shared Hit Blocks": 0,
                                "Shared Read Blocks": 0,
                                "Shared Dirtied Blocks": 0,
                                "Shared Written Blocks": 0,
                                "Local Hit Blocks": 0,
                                "Local Read Blocks": 0,
                                "Local Dirtied Blocks": 0,
                                "Local Written Blocks": 0,
                                "Temp Read Blocks": 0,
                                "Temp Written Blocks": 0
                            },
                            "Planning Time": 0.025,
                            "Triggers": [],
                            "Execution Time": 148.919
                        },
                        "all_ftr_time": 0.1567003,
                        "any_ftr_time": 0.7501388,
                        "exact_ftr_time": 0.14772210000000002
                    },
                    "20000000": {
                        "all_time": 0.3431340209004702,
                        "any_time": 0.3668108125013532,
                        "exact_time": 0.28328233349893706,
                        "table_size": 1334837248.0,
                        "index_time": 5.409965524449944e-07,
                        "all_explanation": {
                            "Plan": {
                                "Node Type": "Gather",
                                "Parallel Aware": false,
                                "Async Capable": false,
                                "Startup Cost": 1000.0,
                                "Total Cost": 244109.0,
                                "Plan Rows": 100000,
                                "Plan Width": 12,
                                "Actual Startup Time": 0.118,
                                "Actual Total Time": 298.01,
                                "Actual Rows": 625261,
                                "Actual Loops": 1,
                                "Output": [
                                    "id",
                                    "flags"
                                ],
                                "Workers Planned": 2,
                                "Workers Launched": 2,
                                "Single Copy": false,
                                "Shared Hit Blocks": 4768,
                                "Shared Read Blocks": 103341,
                                "Shared Dirtied Blocks": 0,
                                "Shared Written Blocks": 0,
                                "Local Hit Blocks": 0,
                                "Local Read Blocks": 0,
                                "Local Dirtied Blocks": 0,
                                "Local Written Blocks": 0,
                                "Temp Read Blocks": 0,
                                "Temp Written Blocks": 0,
                                "WAL Records": 0,
                                "WAL FPI": 0,
                                "WAL Bytes": 0,
                                "Plans": [
                                    {
                                        "Node Type": "Seq Scan",
                                        "Parent Relationship": "Outer",
                                        "Parallel Aware": true,
                                        "Async Capable": false,
                                        "Relation Name": "tests_benchmark_flagtester015",
                                        "Schema": "public",
                                        "Alias": "tests_benchmark_flagtester015",
                                        "Startup Cost": 0.0,
                                        "Total Cost": 233109.0,
                                        "Plan Rows": 41667,
                                        "Plan Width": 12,
                                        "Actual Startup Time": 0.024,
                                        "Actual Total Time": 290.464,
                                        "Actual Rows": 208420,
                                        "Actual Loops": 3,
                                        "Output": [
                                            "id",
                                            "flags"
                                        ],
                                        "Filter": "((tests_benchmark_flagtester015.flags & 16808) = 16808)",
                                        "Rows Removed by Filter": 6458247,
                                        "Shared Hit Blocks": 4768,
                                        "Shared Read Blocks": 103341,
                                        "Shared Dirtied Blocks": 0,
                                        "Shared Written Blocks": 0,
                                        "Local Hit Blocks": 0,
                                        "Local Read Blocks": 0,
                                        "Local Dirtied Blocks": 0,
                                        "Local Written Blocks": 0,
                                        "Temp Read Blocks": 0,
                                        "Temp Written Blocks": 0,
                                        "WAL Records": 0,
                                        "WAL FPI": 0,
                                        "WAL Bytes": 0,
                                        "Workers": [
                                            {
                                                "Worker Number": 0,
                                                "Actual Startup Time": 0.03,
                                                "Actual Total Time": 298.739,
                                                "Actual Rows": 213100,
                                                "Actual Loops": 1,
                                                "Shared Hit Blocks": 1593,
                                                "Shared Read Blocks": 35277,
                                                "Shared Dirtied Blocks": 0,
                                                "Shared Written Blocks": 0,
                                                "Local Hit Blocks": 0,
                                                "Local Read Blocks": 0,
                                                "Local Dirtied Blocks": 0,
                                                "Local Written Blocks": 0,
                                                "Temp Read Blocks": 0,
                                                "Temp Written Blocks": 0,
                                                "WAL Records": 0,
                                                "WAL FPI": 0,
                                                "WAL Bytes": 0
                                            },
                                            {
                                                "Worker Number": 1,
                                                "Actual Startup Time": 0.03,
                                                "Actual Total Time": 298.666,
                                                "Actual Rows": 214045,
                                                "Actual Loops": 1,
                                                "Shared Hit Blocks": 1599,
                                                "Shared Read Blocks": 35315,
                                                "Shared Dirtied Blocks": 0,
                                                "Shared Written Blocks": 0,
                                                "Local Hit Blocks": 0,
                                                "Local Read Blocks": 0,
                                                "Local Dirtied Blocks": 0,
                                                "Local Written Blocks": 0,
                                                "Temp Read Blocks": 0,
                                                "Temp Written Blocks": 0,
                                                "WAL Records": 0,
                                                "WAL FPI": 0,
                                                "WAL Bytes": 0
                                            }
                                        ]
                                    }
                                ]
                            },
                            "Settings": {},
                            "Planning": {
                                "Shared Hit Blocks": 0,
                                "Shared Read Blocks": 0,
                                "Shared Dirtied Blocks": 0,
                                "Shared Written Blocks": 0,
                                "Local Hit Blocks": 0,
                                "Local Read Blocks": 0,
                                "Local Dirtied Blocks": 0,
                                "Local Written Blocks": 0,
                                "Temp Read Blocks": 0,
                                "Temp Written Blocks": 0
                            },
                            "Planning Time": 0.042,
                            "Triggers": [],
                            "Execution Time": 311.759
                        },
                        "any_explanation": {
                            "Plan": {
                                "Node Type": "Seq Scan",
                                "Parallel Aware": false,
                                "Async Capable": false,
                                "Relation Name": "tests_benchmark_flagtester015",
                                "Schema": "public",
                                "Alias": "tests_benchmark_flagtester015",
                                "Startup Cost": 0.0,
                                "Total Cost": 408111.46,
                                "Plan Rows": 6666721,
                                "Plan Width": 12,
                                "Actual Startup Time": 0.006,
                                "Actual Total Time": 1049.34,
                                "Actual Rows": 19374263,
                                "Actual Loops": 1,
                                "Output": [
                                    "id",
                                    "flags"
                                ],
                                "Filter": "((tests_benchmark_flagtester015.flags & 16808) > 0)",
                                "Rows Removed by Filter": 625738,
                                "Shared Hit Blocks": 4960,
                                "Shared Read Blocks": 103149,
                                "Shared Dirtied Blocks": 0,
                                "Shared Written Blocks": 0,
                                "Local Hit Blocks": 0,
                                "Local Read Blocks": 0,
                                "Local Dirtied Blocks": 0,
                                "Local Written Blocks": 0,
                                "Temp Read Blocks": 0,
                                "Temp Written Blocks": 0,
                                "WAL Records": 0,
                                "WAL FPI": 0,
                                "WAL Bytes": 0
                            },
                            "Settings": {},
                            "Planning": {
                                "Shared Hit Blocks": 10,
                                "Shared Read Blocks": 0,
                                "Shared Dirtied Blocks": 0,
                                "Shared Written Blocks": 0,
                                "Local Hit Blocks": 0,
                                "Local Read Blocks": 0,
                                "Local Dirtied Blocks": 0,
                                "Local Written Blocks": 0,
                                "Temp Read Blocks": 0,
                                "Temp Written Blocks": 0
                            },
                            "Planning Time": 0.043,
                            "Triggers": [],
                            "Execution Time": 1445.25
                        },
                        "exact_explanation": {
                            "Plan": {
                                "Node Type": "Gather",
                                "Parallel Aware": false,
                                "Async Capable": false,
                                "Startup Cost": 1000.0,
                                "Total Cost": 213306.22,
                                "Plan Rows": 297,
                                "Plan Width": 12,
                                "Actual Startup Time": 4.489,
                                "Actual Total Time": 276.004,
                                "Actual Rows": 325,
                                "Actual Loops": 1,
                                "Output": [
                                    "id",
                                    "flags"
                                ],
                                "Workers Planned": 2,
                                "Workers Launched": 2,
                                "Single Copy": false,
                                "Shared Hit Blocks": 5088,
                                "Shared Read Blocks": 103021,
                                "Shared Dirtied Blocks": 0,
                                "Shared Written Blocks": 0,
                                "Local Hit Blocks": 0,
                                "Local Read Blocks": 0,
                                "Local Dirtied Blocks": 0,
                                "Local Written Blocks": 0,
                                "Temp Read Blocks": 0,
                                "Temp Written Blocks": 0,
                                "WAL Records": 0,
                                "WAL FPI": 0,
                                "WAL Bytes": 0,
                                "Plans": [
                                    {
                                        "Node Type": "Seq Scan",
                                        "Parent Relationship": "Outer",
                                        "Parallel Aware": true,
                                        "Async Capable": false,
                                        "Relation Name": "tests_benchmark_flagtester015",
                                        "Schema": "public",
                                        "Alias": "tests_benchmark_flagtester015",
                                        "Startup Cost": 0.0,
                                        "Total Cost": 212276.52,
                                        "Plan Rows": 124,
                                        "Plan Width": 12,
                                        "Actual Startup Time": 1.794,
                                        "Actual Total Time": 273.555,
                                        "Actual Rows": 108,
                                        "Actual Loops": 3,
                                        "Output": [
                                            "id",
                                            "flags"
                                        ],
                                        "Filter": "(tests_benchmark_flagtester015.flags = 16808)",
                                        "Rows Removed by Filter": 6666559,
                                        "Shared Hit Blocks": 5088,
                                        "Shared Read Blocks": 103021,
                                        "Shared Dirtied Blocks": 0,
                                        "Shared Written Blocks": 0,
                                        "Local Hit Blocks": 0,
                                        "Local Read Blocks": 0,
                                        "Local Dirtied Blocks": 0,
                                        "Local Written Blocks": 0,
                                        "Temp Read Blocks": 0,
                                        "Temp Written Blocks": 0,
                                        "WAL Records": 0,
                                        "WAL FPI": 0,
                                        "WAL Bytes": 0,
                                        "Workers": [
                                            {
                                                "Worker Number": 0,
                                                "Actual Startup Time": 0.416,
                                                "Actual Total Time": 272.767,
                                                "Actual Rows": 104,
                                                "Actual Loops": 1,
                                                "Shared Hit Blocks": 1615,
                                                "Shared Read Blocks": 34272,
                                                "Shared Dirtied Blocks": 0,
                                                "Shared Written Blocks": 0,
                                                "Local Hit Blocks": 0,
                                                "Local Read Blocks": 0,
                                                "Local Dirtied Blocks": 0,
                                                "Local Written Blocks": 0,
                                                "Temp Read Blocks": 0,
                                                "Temp Written Blocks": 0,
                                                "WAL Records": 0,
                                                "WAL FPI": 0,
                                                "WAL Bytes": 0
                                            },
                                            {
                                                "Worker Number": 1,
                                                "Actual Startup Time": 0.551,
                                                "Actual Total Time": 272.869,
                                                "Actual Rows": 101,
                                                "Actual Loops": 1,
                                                "Shared Hit Blocks": 1627,
                                                "Shared Read Blocks": 34259,
                                                "Shared Dirtied Blocks": 0,
                                                "Shared Written Blocks": 0,
                                                "Local Hit Blocks": 0,
                                                "Local Read Blocks": 0,
                                                "Local Dirtied Blocks": 0,
                                                "Local Written Blocks": 0,
                                                "Temp Read Blocks": 0,
                                                "Temp Written Blocks": 0,
                                                "WAL Records": 0,
                                                "WAL FPI": 0,
                                                "WAL Bytes": 0
                                            }
                                        ]
                                    }
                                ]
                            },
                            "Settings": {},
                            "Planning": {
                                "Shared Hit Blocks": 0,
                                "Shared Read Blocks": 0,
                                "Shared Dirtied Blocks": 0,
                                "Shared Written Blocks": 0,
                                "Local Hit Blocks": 0,
                                "Local Read Blocks": 0,
                                "Local Dirtied Blocks": 0,
                                "Local Written Blocks": 0,
                                "Temp Read Blocks": 0,
                                "Temp Written Blocks": 0
                            },
                            "Planning Time": 0.047,
                            "Triggers": [],
                            "Execution Time": 276.024
                        },
                        "all_ftr_time": 0.3019944,
                        "any_ftr_time": 1.4832263000000003,
                        "exact_ftr_time": 0.2822389
                    },
                    "40000000": {
                        "all_time": 0.6742149585028528,
                        "any_time": 0.7381973249997827,
                        "exact_time": 0.5652474000977236,
                        "table_size": 2670723072.0,
                        "index_time": 7.089984137564898e-07,
                        "all_explanation": {
                            "Plan": {
                                "Node Type": "Gather",
                                "Parallel Aware": false,
                                "Async Capable": false,
                                "Startup Cost": 1000.0,
                                "Total Cost": 487217.0,
                                "Plan Rows": 200000,
                                "Plan Width": 12,
                                "Actual Startup Time": 0.075,
                                "Actual Total Time": 583.136,
                                "Actual Rows": 156336,
                                "Actual Loops": 1,
                                "Output": [
                                    "id",
                                    "flags"
                                ],
                                "Workers Planned": 2,
                                "Workers Launched": 2,
                                "Single Copy": false,
                                "Shared Hit Blocks": 4800,
                                "Shared Read Blocks": 211417,
                                "Shared Dirtied Blocks": 0,
                                "Shared Written Blocks": 0,
                                "Local Hit Blocks": 0,
                                "Local Read Blocks": 0,
                                "Local Dirtied Blocks": 0,
                                "Local Written Blocks": 0,
                                "Temp Read Blocks": 0,
                                "Temp Written Blocks": 0,
                                "WAL Records": 0,
                                "WAL FPI": 0,
                                "WAL Bytes": 0,
                                "Plans": [
                                    {
                                        "Node Type": "Seq Scan",
                                        "Parent Relationship": "Outer",
                                        "Parallel Aware": true,
                                        "Async Capable": false,
                                        "Relation Name": "tests_benchmark_flagtester015",
                                        "Schema": "public",
                                        "Alias": "tests_benchmark_flagtester015",
                                        "Startup Cost": 0.0,
                                        "Total Cost": 466217.0,
                                        "Plan Rows": 83333,
                                        "Plan Width": 12,
                                        "Actual Startup Time": 0.034,
                                        "Actual Total Time": 579.259,
                                        "Actual Rows": 52112,
                                        "Actual Loops": 3,
                                        "Output": [
                                            "id",
                                            "flags"
                                        ],
                                        "Filter": "((tests_benchmark_flagtester015.flags & 4042) = 4042)",
                                        "Rows Removed by Filter": 13281222,
                                        "Shared Hit Blocks": 4800,
                                        "Shared Read Blocks": 211417,
                                        "Shared Dirtied Blocks": 0,
                                        "Shared Written Blocks": 0,
                                        "Local Hit Blocks": 0,
                                        "Local Read Blocks": 0,
                                        "Local Dirtied Blocks": 0,
                                        "Local Written Blocks": 0,
                                        "Temp Read Blocks": 0,
                                        "Temp Written Blocks": 0,
                                        "WAL Records": 0,
                                        "WAL FPI": 0,
                                        "WAL Bytes": 0,
                                        "Workers": [
                                            {
                                                "Worker Number": 0,
                                                "Actual Startup Time": 0.037,
                                                "Actual Total Time": 580.819,
                                                "Actual Rows": 52144,
                                                "Actual Loops": 1,
                                                "Shared Hit Blocks": 1537,
                                                "Shared Read Blocks": 70489,
                                                "Shared Dirtied Blocks": 0,
                                                "Shared Written Blocks": 0,
                                                "Local Hit Blocks": 0,
                                                "Local Read Blocks": 0,
                                                "Local Dirtied Blocks": 0,
                                                "Local Written Blocks": 0,
                                                "Temp Read Blocks": 0,
                                                "Temp Written Blocks": 0,
                                                "WAL Records": 0,
                                                "WAL FPI": 0,
                                                "WAL Bytes": 0
                                            },
                                            {
                                                "Worker Number": 1,
                                                "Actual Startup Time": 0.057,
                                                "Actual Total Time": 580.779,
                                                "Actual Rows": 52035,
                                                "Actual Loops": 1,
                                                "Shared Hit Blocks": 1565,
                                                "Shared Read Blocks": 70402,
                                                "Shared Dirtied Blocks": 0,
                                                "Shared Written Blocks": 0,
                                                "Local Hit Blocks": 0,
                                                "Local Read Blocks": 0,
                                                "Local Dirtied Blocks": 0,
                                                "Local Written Blocks": 0,
                                                "Temp Read Blocks": 0,
                                                "Temp Written Blocks": 0,
                                                "WAL Records": 0,
                                                "WAL FPI": 0,
                                                "WAL Bytes": 0
                                            }
                                        ]
                                    }
                                ]
                            },
                            "Settings": {},
                            "Planning": {
                                "Shared Hit Blocks": 0,
                                "Shared Read Blocks": 0,
                                "Shared Dirtied Blocks": 0,
                                "Shared Written Blocks": 0,
                                "Local Hit Blocks": 0,
                                "Local Read Blocks": 0,
                                "Local Dirtied Blocks": 0,
                                "Local Written Blocks": 0,
                                "Temp Read Blocks": 0,
                                "Temp Written Blocks": 0
                            },
                            "Planning Time": 0.099,
                            "Triggers": [],
                            "Execution Time": 586.687
                        },
                        "any_explanation": {
                            "Plan": {
                                "Node Type": "Seq Scan",
                                "Parallel Aware": false,
                                "Async Capable": false,
                                "Relation Name": "tests_benchmark_flagtester015",
                                "Schema": "public",
                                "Alias": "tests_benchmark_flagtester015",
                                "Startup Cost": 0.0,
                                "Total Cost": 816217.0,
                                "Plan Rows": 13333333,
                                "Plan Width": 12,
                                "Actual Startup Time": 0.019,
                                "Actual Total Time": 2117.308,
                                "Actual Rows": 39843505,
                                "Actual Loops": 1,
                                "Output": [
                                    "id",
                                    "flags"
                                ],
                                "Filter": "((tests_benchmark_flagtester015.flags & 4042) > 0)",
                                "Rows Removed by Filter": 156496,
                                "Shared Hit Blocks": 4992,
                                "Shared Read Blocks": 211225,
                                "Shared Dirtied Blocks": 0,
                                "Shared Written Blocks": 0,
                                "Local Hit Blocks": 0,
                                "Local Read Blocks": 0,
                                "Local Dirtied Blocks": 0,
                                "Local Written Blocks": 0,
                                "Temp Read Blocks": 0,
                                "Temp Written Blocks": 0,
                                "WAL Records": 0,
                                "WAL FPI": 0,
                                "WAL Bytes": 0
                            },
                            "Settings": {},
                            "Planning": {
                                "Shared Hit Blocks": 0,
                                "Shared Read Blocks": 0,
                                "Shared Dirtied Blocks": 0,
                                "Shared Written Blocks": 0,
                                "Local Hit Blocks": 0,
                                "Local Read Blocks": 0,
                                "Local Dirtied Blocks": 0,
                                "Local Written Blocks": 0,
                                "Temp Read Blocks": 0,
                                "Temp Written Blocks": 0
                            },
                            "Planning Time": 0.028,
                            "Triggers": [],
                            "Execution Time": 2932.056
                        },
                        "exact_explanation": {
                            "Plan": {
                                "Node Type": "Gather",
                                "Parallel Aware": false,
                                "Async Capable": false,
                                "Startup Cost": 1000.0,
                                "Total Cost": 425609.63,
                                "Plan Rows": 593,
                                "Plan Width": 12,
                                "Actual Startup Time": 0.805,
                                "Actual Total Time": 583.09,
                                "Actual Rows": 575,
                                "Actual Loops": 1,
                                "Output": [
                                    "id",
                                    "flags"
                                ],
                                "Workers Planned": 2,
                                "Workers Launched": 2,
                                "Single Copy": false,
                                "Shared Hit Blocks": 5120,
                                "Shared Read Blocks": 211097,
                                "Shared Dirtied Blocks": 0,
                                "Shared Written Blocks": 0,
                                "Local Hit Blocks": 0,
                                "Local Read Blocks": 0,
                                "Local Dirtied Blocks": 0,
                                "Local Written Blocks": 0,
                                "Temp Read Blocks": 0,
                                "Temp Written Blocks": 0,
                                "WAL Records": 0,
                                "WAL FPI": 0,
                                "WAL Bytes": 0,
                                "Plans": [
                                    {
                                        "Node Type": "Seq Scan",
                                        "Parent Relationship": "Outer",
                                        "Parallel Aware": true,
                                        "Async Capable": false,
                                        "Relation Name": "tests_benchmark_flagtester015",
                                        "Schema": "public",
                                        "Alias": "tests_benchmark_flagtester015",
                                        "Startup Cost": 0.0,
                                        "Total Cost": 424550.33,
                                        "Plan Rows": 247,
                                        "Plan Width": 12,
                                        "Actual Startup Time": 2.367,
                                        "Actual Total Time": 580.819,
                                        "Actual Rows": 192,
                                        "Actual Loops": 3,
                                        "Output": [
                                            "id",
                                            "flags"
                                        ],
                                        "Filter": "(tests_benchmark_flagtester015.flags = 4042)",
                                        "Rows Removed by Filter": 13333142,
                                        "Shared Hit Blocks": 5120,
                                        "Shared Read Blocks": 211097,
                                        "Shared Dirtied Blocks": 0,
                                        "Shared Written Blocks": 0,
                                        "Local Hit Blocks": 0,
                                        "Local Read Blocks": 0,
                                        "Local Dirtied Blocks": 0,
                                        "Local Written Blocks": 0,
                                        "Temp Read Blocks": 0,
                                        "Temp Written Blocks": 0,
                                        "WAL Records": 0,
                                        "WAL FPI": 0,
                                        "WAL Bytes": 0,
                                        "Workers": [
                                            {
                                                "Worker Number": 0,
                                                "Actual Startup Time": 2.781,
                                                "Actual Total Time": 580.147,
                                                "Actual Rows": 176,
                                                "Actual Loops": 1,
                                                "Shared Hit Blocks": 1663,
                                                "Shared Read Blocks": 70233,
                                                "Shared Dirtied Blocks": 0,
                                                "Shared Written Blocks": 0,
                                                "Local Hit Blocks": 0,
                                                "Local Read Blocks": 0,
                                                "Local Dirtied Blocks": 0,
                                                "Local Written Blocks": 0,
                                                "Temp Read Blocks": 0,
                                                "Temp Written Blocks": 0,
                                                "WAL Records": 0,
                                                "WAL FPI": 0,
                                                "WAL Bytes": 0
                                            },
                                            {
                                                "Worker Number": 1,
                                                "Actual Startup Time": 3.575,
                                                "Actual Total Time": 580.179,
                                                "Actual Rows": 203,
                                                "Actual Loops": 1,
                                                "Shared Hit Blocks": 1611,
                                                "Shared Read Blocks": 70304,
                                                "Shared Dirtied Blocks": 0,
                                                "Shared Written Blocks": 0,
                                                "Local Hit Blocks": 0,
                                                "Local Read Blocks": 0,
                                                "Local Dirtied Blocks": 0,
                                                "Local Written Blocks": 0,
                                                "Temp Read Blocks": 0,
                                                "Temp Written Blocks": 0,
                                                "WAL Records": 0,
                                                "WAL FPI": 0,
                                                "WAL Bytes": 0
                                            }
                                        ]
                                    }
                                ]
                            },
                            "Settings": {},
                            "Planning": {
                                "Shared Hit Blocks": 0,
                                "Shared Read Blocks": 0,
                                "Shared Dirtied Blocks": 0,
                                "Shared Written Blocks": 0,
                                "Local Hit Blocks": 0,
                                "Local Read Blocks": 0,
                                "Local Dirtied Blocks": 0,
                                "Local Written Blocks": 0,
                                "Temp Read Blocks": 0,
                                "Temp Written Blocks": 0
                            },
                            "Planning Time": 0.029,
                            "Triggers": [],
                            "Execution Time": 583.132
                        },
                        "all_ftr_time": 0.6087784999999999,
                        "any_ftr_time": 2.9597731,
                        "exact_ftr_time": 0.5657133999999998
                    },
                    "60000000": {
                        "all_time": 1.071615816600388,
                        "any_time": 1.0930325833978713,
                        "exact_time": 0.8413215459018829,
                        "table_size": 4005560320.0,
                        "index_time": 8.329952834174037e-07,
                        "all_explanation": {
                            "Plan": {
                                "Node Type": "Gather",
                                "Parallel Aware": false,
                                "Async Capable": false,
                                "Startup Cost": 1000.0,
                                "Total Cost": 730325.0,
                                "Plan Rows": 300000,
                                "Plan Width": 12,
                                "Actual Startup Time": 0.111,
                                "Actual Total Time": 881.948,
                                "Actual Rows": 117151,
                                "Actual Loops": 1,
                                "Output": [
                                    "id",
                                    "flags"
                                ],
                                "Workers Planned": 2,
                                "Workers Launched": 2,
                                "Single Copy": false,
                                "Shared Hit Blocks": 4801,
                                "Shared Read Blocks": 319524,
                                "Shared Dirtied Blocks": 0,
                                "Shared Written Blocks": 5,
                                "Local Hit Blocks": 0,
                                "Local Read Blocks": 0,
                                "Local Dirtied Blocks": 0,
                                "Local Written Blocks": 0,
                                "Temp Read Blocks": 0,
                                "Temp Written Blocks": 0,
                                "WAL Records": 0,
                                "WAL FPI": 0,
                                "WAL Bytes": 0,
                                "Plans": [
                                    {
                                        "Node Type": "Seq Scan",
                                        "Parent Relationship": "Outer",
                                        "Parallel Aware": true,
                                        "Async Capable": false,
                                        "Relation Name": "tests_benchmark_flagtester015",
                                        "Schema": "public",
                                        "Alias": "tests_benchmark_flagtester015",
                                        "Startup Cost": 0.0,
                                        "Total Cost": 699325.0,
                                        "Plan Rows": 125000,
                                        "Plan Width": 12,
                                        "Actual Startup Time": 0.043,
                                        "Actual Total Time": 878.642,
                                        "Actual Rows": 39050,
                                        "Actual Loops": 3,
                                        "Output": [
                                            "id",
                                            "flags"
                                        ],
                                        "Filter": "((tests_benchmark_flagtester015.flags & 62882) = 62882)",
                                        "Rows Removed by Filter": 19960950,
                                        "Shared Hit Blocks": 4801,
                                        "Shared Read Blocks": 319524,
                                        "Shared Dirtied Blocks": 0,
                                        "Shared Written Blocks": 5,
                                        "Local Hit Blocks": 0,
                                        "Local Read Blocks": 0,
                                        "Local Dirtied Blocks": 0,
                                        "Local Written Blocks": 0,
                                        "Temp Read Blocks": 0,
                                        "Temp Written Blocks": 0,
                                        "WAL Records": 0,
                                        "WAL FPI": 0,
                                        "WAL Bytes": 0,
                                        "Workers": [
                                            {
                                                "Worker Number": 0,
                                                "Actual Startup Time": 0.026,
                                                "Actual Total Time": 879.725,
                                                "Actual Rows": 38928,
                                                "Actual Loops": 1,
                                                "Shared Hit Blocks": 1545,
                                                "Shared Read Blocks": 106408,
                                                "Shared Dirtied Blocks": 0,
                                                "Shared Written Blocks": 5,
                                                "Local Hit Blocks": 0,
                                                "Local Read Blocks": 0,
                                                "Local Dirtied Blocks": 0,
                                                "Local Written Blocks": 0,
                                                "Temp Read Blocks": 0,
                                                "Temp Written Blocks": 0,
                                                "WAL Records": 0,
                                                "WAL FPI": 0,
                                                "WAL Bytes": 0
                                            },
                                            {
                                                "Worker Number": 1,
                                                "Actual Startup Time": 0.047,
                                                "Actual Total Time": 879.727,
                                                "Actual Rows": 39049,
                                                "Actual Loops": 1,
                                                "Shared Hit Blocks": 1538,
                                                "Shared Read Blocks": 106332,
                                                "Shared Dirtied Blocks": 0,
                                                "Shared Written Blocks": 0,
                                                "Local Hit Blocks": 0,
                                                "Local Read Blocks": 0,
                                                "Local Dirtied Blocks": 0,
                                                "Local Written Blocks": 0,
                                                "Temp Read Blocks": 0,
                                                "Temp Written Blocks": 0,
                                                "WAL Records": 0,
                                                "WAL FPI": 0,
                                                "WAL Bytes": 0
                                            }
                                        ]
                                    }
                                ]
                            },
                            "Settings": {},
                            "Planning": {
                                "Shared Hit Blocks": 0,
                                "Shared Read Blocks": 0,
                                "Shared Dirtied Blocks": 0,
                                "Shared Written Blocks": 0,
                                "Local Hit Blocks": 0,
                                "Local Read Blocks": 0,
                                "Local Dirtied Blocks": 0,
                                "Local Written Blocks": 0,
                                "Temp Read Blocks": 0,
                                "Temp Written Blocks": 0
                            },
                            "Planning Time": 0.026,
                            "Triggers": [],
                            "Execution Time": 884.712
                        },
                        "any_explanation": {
                            "Plan": {
                                "Node Type": "Seq Scan",
                                "Parallel Aware": false,
                                "Async Capable": false,
                                "Relation Name": "tests_benchmark_flagtester015",
                                "Schema": "public",
                                "Alias": "tests_benchmark_flagtester015",
                                "Startup Cost": 0.0,
                                "Total Cost": 1224325.0,
                                "Plan Rows": 20000000,
                                "Plan Width": 12,
                                "Actual Startup Time": 0.02,
                                "Actual Total Time": 3226.012,
                                "Actual Rows": 59882827,
                                "Actual Loops": 1,
                                "Output": [
                                    "id",
                                    "flags"
                                ],
                                "Filter": "((tests_benchmark_flagtester015.flags & 62882) > 0)",
                                "Rows Removed by Filter": 117174,
                                "Shared Hit Blocks": 4993,
                                "Shared Read Blocks": 319332,
                                "Shared Dirtied Blocks": 0,
                                "Shared Written Blocks": 0,
                                "Local Hit Blocks": 0,
                                "Local Read Blocks": 0,
                                "Local Dirtied Blocks": 0,
                                "Local Written Blocks": 0,
                                "Temp Read Blocks": 0,
                                "Temp Written Blocks": 0,
                                "WAL Records": 0,
                                "WAL FPI": 0,
                                "WAL Bytes": 0
                            },
                            "Settings": {},
                            "Planning": {
                                "Shared Hit Blocks": 0,
                                "Shared Read Blocks": 0,
                                "Shared Dirtied Blocks": 0,
                                "Shared Written Blocks": 0,
                                "Local Hit Blocks": 0,
                                "Local Read Blocks": 0,
                                "Local Dirtied Blocks": 0,
                                "Local Written Blocks": 0,
                                "Temp Read Blocks": 0,
                                "Temp Written Blocks": 0
                            },
                            "Planning Time": 0.05,
                            "Triggers": [],
                            "Execution Time": 4462.929
                        },
                        "exact_explanation": {
                            "Plan": {
                                "Node Type": "Gather",
                                "Parallel Aware": false,
                                "Async Capable": false,
                                "Startup Cost": 1000.0,
                                "Total Cost": 637916.7,
                                "Plan Rows": 917,
                                "Plan Width": 12,
                                "Actual Startup Time": 11.346,
                                "Actual Total Time": 824.084,
                                "Actual Rows": 913,
                                "Actual Loops": 1,
                                "Output": [
                                    "id",
                                    "flags"
                                ],
                                "Workers Planned": 2,
                                "Workers Launched": 2,
                                "Single Copy": false,
                                "Shared Hit Blocks": 5121,
                                "Shared Read Blocks": 319204,
                                "Shared Dirtied Blocks": 0,
                                "Shared Written Blocks": 0,
                                "Local Hit Blocks": 0,
                                "Local Read Blocks": 0,
                                "Local Dirtied Blocks": 0,
                                "Local Written Blocks": 0,
                                "Temp Read Blocks": 0,
                                "Temp Written Blocks": 0,
                                "WAL Records": 0,
                                "WAL FPI": 0,
                                "WAL Bytes": 0,
                                "Plans": [
                                    {
                                        "Node Type": "Seq Scan",
                                        "Parent Relationship": "Outer",
                                        "Parallel Aware": true,
                                        "Async Capable": false,
                                        "Relation Name": "tests_benchmark_flagtester015",
                                        "Schema": "public",
                                        "Alias": "tests_benchmark_flagtester015",
                                        "Startup Cost": 0.0,
                                        "Total Cost": 636825.0,
                                        "Plan Rows": 382,
                                        "Plan Width": 12,
                                        "Actual Startup Time": 5.812,
                                        "Actual Total Time": 821.704,
                                        "Actual Rows": 304,
                                        "Actual Loops": 3,
                                        "Output": [
                                            "id",
                                            "flags"
                                        ],
                                        "Filter": "(tests_benchmark_flagtester015.flags = 62882)",
                                        "Rows Removed by Filter": 19999696,
                                        "Shared Hit Blocks": 5121,
                                        "Shared Read Blocks": 319204,
                                        "Shared Dirtied Blocks": 0,
                                        "Shared Written Blocks": 0,
                                        "Local Hit Blocks": 0,
                                        "Local Read Blocks": 0,
                                        "Local Dirtied Blocks": 0,
                                        "Local Written Blocks": 0,
                                        "Temp Read Blocks": 0,
                                        "Temp Written Blocks": 0,
                                        "WAL Records": 0,
                                        "WAL FPI": 0,
                                        "WAL Bytes": 0,
                                        "Workers": [
                                            {
                                                "Worker Number": 0,
                                                "Actual Startup Time": 6.055,
                                                "Actual Total Time": 821.055,
                                                "Actual Rows": 316,
                                                "Actual Loops": 1,
                                                "Shared Hit Blocks": 1638,
                                                "Shared Read Blocks": 106208,
                                                "Shared Dirtied Blocks": 0,
                                                "Shared Written Blocks": 0,
                                                "Local Hit Blocks": 0,
                                                "Local Read Blocks": 0,
                                                "Local Dirtied Blocks": 0,
                                                "Local Written Blocks": 0,
                                                "Temp Read Blocks": 0,
                                                "Temp Written Blocks": 0,
                                                "WAL Records": 0,
                                                "WAL FPI": 0,
                                                "WAL Bytes": 0
                                            },
                                            {
                                                "Worker Number": 1,
                                                "Actual Startup Time": 0.103,
                                                "Actual Total Time": 821.001,
                                                "Actual Rows": 287,
                                                "Actual Loops": 1,
                                                "Shared Hit Blocks": 1643,
                                                "Shared Read Blocks": 106276,
                                                "Shared Dirtied Blocks": 0,
                                                "Shared Written Blocks": 0,
                                                "Local Hit Blocks": 0,
                                                "Local Read Blocks": 0,
                                                "Local Dirtied Blocks": 0,
                                                "Local Written Blocks": 0,
                                                "Temp Read Blocks": 0,
                                                "Temp Written Blocks": 0,
                                                "WAL Records": 0,
                                                "WAL FPI": 0,
                                                "WAL Bytes": 0
                                            }
                                        ]
                                    }
                                ]
                            },
                            "Settings": {},
                            "Planning": {
                                "Shared Hit Blocks": 0,
                                "Shared Read Blocks": 0,
                                "Shared Dirtied Blocks": 0,
                                "Shared Written Blocks": 0,
                                "Local Hit Blocks": 0,
                                "Local Read Blocks": 0,
                                "Local Dirtied Blocks": 0,
                                "Local Written Blocks": 0,
                                "Temp Read Blocks": 0,
                                "Temp Written Blocks": 0
                            },
                            "Planning Time": 0.042,
                            "Triggers": [],
                            "Execution Time": 824.13
                        },
                        "all_ftr_time": 0.9422265999999999,
                        "any_ftr_time": 4.405738400000001,
                        "exact_ftr_time": 0.8464377999999999
                    },
                    "80000000": {
                        "all_time": 1.3710243378009181,
                        "any_time": 1.4486215375014582,
                        "exact_time": 1.1012439916012227,
                        "table_size": 5340397568.0,
                        "index_time": 6.67001586407423e-07,
                        "all_explanation": {
                            "Plan": {
                                "Node Type": "Gather",
                                "Parallel Aware": false,
                                "Async Capable": false,
                                "Startup Cost": 1000.0,
                                "Total Cost": 973433.75,
                                "Plan Rows": 400001,
                                "Plan Width": 12,
                                "Actual Startup Time": 0.102,
                                "Actual Total Time": 1152.41,
                                "Actual Rows": 78531,
                                "Actual Loops": 1,
                                "Output": [
                                    "id",
                                    "flags"
                                ],
                                "Workers Planned": 2,
                                "Workers Launched": 2,
                                "Single Copy": false,
                                "Shared Hit Blocks": 4800,
                                "Shared Read Blocks": 427633,
                                "Shared Dirtied Blocks": 0,
                                "Shared Written Blocks": 0,
                                "Local Hit Blocks": 0,
                                "Local Read Blocks": 0,
                                "Local Dirtied Blocks": 0,
                                "Local Written Blocks": 0,
                                "Temp Read Blocks": 0,
                                "Temp Written Blocks": 0,
                                "WAL Records": 0,
                                "WAL FPI": 0,
                                "WAL Bytes": 0,
                                "Plans": [
                                    {
                                        "Node Type": "Seq Scan",
                                        "Parent Relationship": "Outer",
                                        "Parallel Aware": true,
                                        "Async Capable": false,
                                        "Relation Name": "tests_benchmark_flagtester015",
                                        "Schema": "public",
                                        "Alias": "tests_benchmark_flagtester015",
                                        "Startup Cost": 0.0,
                                        "Total Cost": 932433.65,
                                        "Plan Rows": 166667,
                                        "Plan Width": 12,
                                        "Actual Startup Time": 0.04,
                                        "Actual Total Time": 1149.303,
                                        "Actual Rows": 26177,
                                        "Actual Loops": 3,
                                        "Output": [
                                            "id",
                                            "flags"
                                        ],
                                        "Filter": "((tests_benchmark_flagtester015.flags & 30407) = 30407)",
                                        "Rows Removed by Filter": 26640490,
                                        "Shared Hit Blocks": 4800,
                                        "Shared Read Blocks": 427633,
                                        "Shared Dirtied Blocks": 0,
                                        "Shared Written Blocks": 0,
                                        "Local Hit Blocks": 0,
                                        "Local Read Blocks": 0,
                                        "Local Dirtied Blocks": 0,
                                        "Local Written Blocks": 0,
                                        "Temp Read Blocks": 0,
                                        "Temp Written Blocks": 0,
                                        "WAL Records": 0,
                                        "WAL FPI": 0,
                                        "WAL Bytes": 0,
                                        "Workers": [
                                            {
                                                "Worker Number": 0,
                                                "Actual Startup Time": 0.039,
                                                "Actual Total Time": 1149.786,
                                                "Actual Rows": 26063,
                                                "Actual Loops": 1,
                                                "Shared Hit Blocks": 1517,
                                                "Shared Read Blocks": 142225,
                                                "Shared Dirtied Blocks": 0,
                                                "Shared Written Blocks": 0,
                                                "Local Hit Blocks": 0,
                                                "Local Read Blocks": 0,
                                                "Local Dirtied Blocks": 0,
                                                "Local Written Blocks": 0,
                                                "Temp Read Blocks": 0,
                                                "Temp Written Blocks": 0,
                                                "WAL Records": 0,
                                                "WAL FPI": 0,
                                                "WAL Bytes": 0
                                            },
                                            {
                                                "Worker Number": 1,
                                                "Actual Startup Time": 0.038,
                                                "Actual Total Time": 1149.764,
                                                "Actual Rows": 26176,
                                                "Actual Loops": 1,
                                                "Shared Hit Blocks": 1544,
                                                "Shared Read Blocks": 142400,
                                                "Shared Dirtied Blocks": 0,
                                                "Shared Written Blocks": 0,
                                                "Local Hit Blocks": 0,
                                                "Local Read Blocks": 0,
                                                "Local Dirtied Blocks": 0,
                                                "Local Written Blocks": 0,
                                                "Temp Read Blocks": 0,
                                                "Temp Written Blocks": 0,
                                                "WAL Records": 0,
                                                "WAL FPI": 0,
                                                "WAL Bytes": 0
                                            }
                                        ]
                                    }
                                ]
                            },
                            "Settings": {},
                            "Planning": {
                                "Shared Hit Blocks": 0,
                                "Shared Read Blocks": 0,
                                "Shared Dirtied Blocks": 0,
                                "Shared Written Blocks": 0,
                                "Local Hit Blocks": 0,
                                "Local Read Blocks": 0,
                                "Local Dirtied Blocks": 0,
                                "Local Written Blocks": 0,
                                "Temp Read Blocks": 0,
                                "Temp Written Blocks": 0
                            },
                            "Planning Time": 0.029,
                            "Triggers": [],
                            "Execution Time": 1154.28
                        },
                        "any_explanation": {
                            "Plan": {
                                "Node Type": "Seq Scan",
                                "Parallel Aware": false,
                                "Async Capable": false,
                                "Relation Name": "tests_benchmark_flagtester015",
                                "Schema": "public",
                                "Alias": "tests_benchmark_flagtester015",
                                "Startup Cost": 0.0,
                                "Total Cost": 1632434.56,
                                "Plan Rows": 26666701,
                                "Plan Width": 12,
                                "Actual Startup Time": 0.009,
                                "Actual Total Time": 4254.51,
                                "Actual Rows": 79921917,
                                "Actual Loops": 1,
                                "Output": [
                                    "id",
                                    "flags"
                                ],
                                "Filter": "((tests_benchmark_flagtester015.flags & 30407) > 0)",
                                "Rows Removed by Filter": 78084,
                                "Shared Hit Blocks": 4992,
                                "Shared Read Blocks": 427441,
                                "Shared Dirtied Blocks": 0,
                                "Shared Written Blocks": 0,
                                "Local Hit Blocks": 0,
                                "Local Read Blocks": 0,
                                "Local Dirtied Blocks": 0,
                                "Local Written Blocks": 0,
                                "Temp Read Blocks": 0,
                                "Temp Written Blocks": 0,
                                "WAL Records": 0,
                                "WAL FPI": 0,
                                "WAL Bytes": 0
                            },
                            "Settings": {},
                            "Planning": {
                                "Shared Hit Blocks": 0,
                                "Shared Read Blocks": 0,
                                "Shared Dirtied Blocks": 0,
                                "Shared Written Blocks": 0,
                                "Local Hit Blocks": 0,
                                "Local Read Blocks": 0,
                                "Local Dirtied Blocks": 0,
                                "Local Written Blocks": 0,
                                "Temp Read Blocks": 0,
                                "Temp Written Blocks": 0
                            },
                            "Planning Time": 0.028,
                            "Triggers": [],
                            "Execution Time": 5904.964
                        },
                        "exact_explanation": {
                            "Plan": {
                                "Node Type": "Gather",
                                "Parallel Aware": false,
                                "Async Capable": false,
                                "Startup Cost": 1000.0,
                                "Total Cost": 850224.71,
                                "Plan Rows": 1245,
                                "Plan Width": 12,
                                "Actual Startup Time": 1.801,
                                "Actual Total Time": 1091.469,
                                "Actual Rows": 1230,
                                "Actual Loops": 1,
                                "Output": [
                                    "id",
                                    "flags"
                                ],
                                "Workers Planned": 2,
                                "Workers Launched": 2,
                                "Single Copy": false,
                                "Shared Hit Blocks": 5120,
                                "Shared Read Blocks": 427313,
                                "Shared Dirtied Blocks": 0,
                                "Shared Written Blocks": 0,
                                "Local Hit Blocks": 0,
                                "Local Read Blocks": 0,
                                "Local Dirtied Blocks": 0,
                                "Local Written Blocks": 0,
                                "Temp Read Blocks": 0,
                                "Temp Written Blocks": 0,
                                "WAL Records": 0,
                                "WAL FPI": 0,
                                "WAL Bytes": 0,
                                "Plans": [
                                    {
                                        "Node Type": "Seq Scan",
                                        "Parent Relationship": "Outer",
                                        "Parallel Aware": true,
                                        "Async Capable": false,
                                        "Relation Name": "tests_benchmark_flagtester015",
                                        "Schema": "public",
                                        "Alias": "tests_benchmark_flagtester015",
                                        "Startup Cost": 0.0,
                                        "Total Cost": 849100.21,
                                        "Plan Rows": 519,
                                        "Plan Width": 12,
                                        "Actual Startup Time": 1.187,
                                        "Actual Total Time": 1089.15,
                                        "Actual Rows": 410,
                                        "Actual Loops": 3,
                                        "Output": [
                                            "id",
                                            "flags"
                                        ],
                                        "Filter": "(tests_benchmark_flagtester015.flags = 30407)",
                                        "Rows Removed by Filter": 26666257,
                                        "Shared Hit Blocks": 5120,
                                        "Shared Read Blocks": 427313,
                                        "Shared Dirtied Blocks": 0,
                                        "Shared Written Blocks": 0,
                                        "Local Hit Blocks": 0,
                                        "Local Read Blocks": 0,
                                        "Local Dirtied Blocks": 0,
                                        "Local Written Blocks": 0,
                                        "Temp Read Blocks": 0,
                                        "Temp Written Blocks": 0,
                                        "WAL Records": 0,
                                        "WAL FPI": 0,
                                        "WAL Bytes": 0,
                                        "Workers": [
                                            {
                                                "Worker Number": 0,
                                                "Actual Startup Time": 1.517,
                                                "Actual Total Time": 1088.495,
                                                "Actual Rows": 373,
                                                "Actual Loops": 1,
                                                "Shared Hit Blocks": 1638,
                                                "Shared Read Blocks": 142304,
                                                "Shared Dirtied Blocks": 0,
                                                "Shared Written Blocks": 0,
                                                "Local Hit Blocks": 0,
                                                "Local Read Blocks": 0,
                                                "Local Dirtied Blocks": 0,
                                                "Local Written Blocks": 0,
                                                "Temp Read Blocks": 0,
                                                "Temp Written Blocks": 0,
                                                "WAL Records": 0,
                                                "WAL FPI": 0,
                                                "WAL Bytes": 0
                                            },
                                            {
                                                "Worker Number": 1,
                                                "Actual Startup Time": 0.309,
                                                "Actual Total Time": 1088.523,
                                                "Actual Rows": 426,
                                                "Actual Loops": 1,
                                                "Shared Hit Blocks": 1638,
                                                "Shared Read Blocks": 142321,
                                                "Shared Dirtied Blocks": 0,
                                                "Shared Written Blocks": 0,
                                                "Local Hit Blocks": 0,
                                                "Local Read Blocks": 0,
                                                "Local Dirtied Blocks": 0,
                                                "Local Written Blocks": 0,
                                                "Temp Read Blocks": 0,
                                                "Temp Written Blocks": 0,
                                                "WAL Records": 0,
                                                "WAL FPI": 0,
                                                "WAL Bytes": 0
                                            }
                                        ]
                                    }
                                ]
                            },
                            "Settings": {},
                            "Planning": {
                                "Shared Hit Blocks": 0,
                                "Shared Read Blocks": 0,
                                "Shared Dirtied Blocks": 0,
                                "Shared Written Blocks": 0,
                                "Local Hit Blocks": 0,
                                "Local Read Blocks": 0,
                                "Local Dirtied Blocks": 0,
                                "Local Written Blocks": 0,
                                "Temp Read Blocks": 0,
                                "Temp Written Blocks": 0
                            },
                            "Planning Time": 0.033,
                            "Triggers": [],
                            "Execution Time": 1091.524
                        },
                        "all_ftr_time": 1.1842518,
                        "any_ftr_time": 5.8820551,
                        "exact_ftr_time": 1.1070901
                    },
                    "100000000": {
                        "all_time": 2.025690774898976,
                        "any_time": 1.8894662000006064,
                        "exact_time": 1.467794583099021,
                        "table_size": 6674186240.0,
                        "index_time": 7.919879863038659e-07,
                        "all_explanation": {
                            "Plan": {
                                "Node Type": "Gather",
                                "Parallel Aware": false,
                                "Async Capable": false,
                                "Startup Cost": 1000.0,
                                "Total Cost": 1216541.55,
                                "Plan Rows": 500000,
                                "Plan Width": 12,
                                "Actual Startup Time": 0.092,
                                "Actual Total Time": 1532.589,
                                "Actual Rows": 97608,
                                "Actual Loops": 1,
                                "Output": [
                                    "id",
                                    "flags"
                                ],
                                "Workers Planned": 2,
                                "Workers Launched": 2,
                                "Single Copy": false,
                                "Shared Hit Blocks": 4800,
                                "Shared Read Blocks": 535741,
                                "Shared Dirtied Blocks": 0,
                                "Shared Written Blocks": 0,
                                "Local Hit Blocks": 0,
                                "Local Read Blocks": 0,
                                "Local Dirtied Blocks": 0,
                                "Local Written Blocks": 0,
                                "Temp Read Blocks": 0,
                                "Temp Written Blocks": 0,
                                "WAL Records": 0,
                                "WAL FPI": 0,
                                "WAL Bytes": 0,
                                "Plans": [
                                    {
                                        "Node Type": "Seq Scan",
                                        "Parent Relationship": "Outer",
                                        "Parallel Aware": true,
                                        "Async Capable": false,
                                        "Relation Name": "tests_benchmark_flagtester015",
                                        "Schema": "public",
                                        "Alias": "tests_benchmark_flagtester015",
                                        "Startup Cost": 0.0,
                                        "Total Cost": 1165541.55,
                                        "Plan Rows": 208333,
                                        "Plan Width": 12,
                                        "Actual Startup Time": 0.119,
                                        "Actual Total Time": 1529.11,
                                        "Actual Rows": 32536,
                                        "Actual Loops": 3,
                                        "Output": [
                                            "id",
                                            "flags"
                                        ],
                                        "Filter": "((tests_benchmark_flagtester015.flags & 44972) = 44972)",
                                        "Rows Removed by Filter": 33300798,
                                        "Shared Hit Blocks": 4800,
                                        "Shared Read Blocks": 535741,
                                        "Shared Dirtied Blocks": 0,
                                        "Shared Written Blocks": 0,
                                        "Local Hit Blocks": 0,
                                        "Local Read Blocks": 0,
                                        "Local Dirtied Blocks": 0,
                                        "Local Written Blocks": 0,
                                        "Temp Read Blocks": 0,
                                        "Temp Written Blocks": 0,
                                        "WAL Records": 0,
                                        "WAL FPI": 0,
                                        "WAL Bytes": 0,
                                        "Workers": [
                                            {
                                                "Worker Number": 0,
                                                "Actual Startup Time": 0.235,
                                                "Actual Total Time": 1529.806,
                                                "Actual Rows": 32833,
                                                "Actual Loops": 1,
                                                "Shared Hit Blocks": 1533,
                                                "Shared Read Blocks": 178365,
                                                "Shared Dirtied Blocks": 0,
                                                "Shared Written Blocks": 0,
                                                "Local Hit Blocks": 0,
                                                "Local Read Blocks": 0,
                                                "Local Dirtied Blocks": 0,
                                                "Local Written Blocks": 0,
                                                "Temp Read Blocks": 0,
                                                "Temp Written Blocks": 0,
                                                "WAL Records": 0,
                                                "WAL FPI": 0,
                                                "WAL Bytes": 0
                                            },
                                            {
                                                "Worker Number": 1,
                                                "Actual Startup Time": 0.085,
                                                "Actual Total Time": 1529.767,
                                                "Actual Rows": 32226,
                                                "Actual Loops": 1,
                                                "Shared Hit Blocks": 1526,
                                                "Shared Read Blocks": 178336,
                                                "Shared Dirtied Blocks": 0,
                                                "Shared Written Blocks": 0,
                                                "Local Hit Blocks": 0,
                                                "Local Read Blocks": 0,
                                                "Local Dirtied Blocks": 0,
                                                "Local Written Blocks": 0,
                                                "Temp Read Blocks": 0,
                                                "Temp Written Blocks": 0,
                                                "WAL Records": 0,
                                                "WAL FPI": 0,
                                                "WAL Bytes": 0
                                            }
                                        ]
                                    }
                                ]
                            },
                            "Settings": {},
                            "Planning": {
                                "Shared Hit Blocks": 0,
                                "Shared Read Blocks": 0,
                                "Shared Dirtied Blocks": 0,
                                "Shared Written Blocks": 0,
                                "Local Hit Blocks": 0,
                                "Local Read Blocks": 0,
                                "Local Dirtied Blocks": 0,
                                "Local Written Blocks": 0,
                                "Temp Read Blocks": 0,
                                "Temp Written Blocks": 0
                            },
                            "Planning Time": 0.042,
                            "Triggers": [],
                            "Execution Time": 1534.943
                        },
                        "any_explanation": {
                            "Plan": {
                                "Node Type": "Seq Scan",
                                "Parallel Aware": false,
                                "Async Capable": false,
                                "Relation Name": "tests_benchmark_flagtester015",
                                "Schema": "public",
                                "Alias": "tests_benchmark_flagtester015",
                                "Startup Cost": 0.0,
                                "Total Cost": 2040542.32,
                                "Plan Rows": 33333363,
                                "Plan Width": 12,
                                "Actual Startup Time": 0.029,
                                "Actual Total Time": 5549.292,
                                "Actual Rows": 99902596,
                                "Actual Loops": 1,
                                "Output": [
                                    "id",
                                    "flags"
                                ],
                                "Filter": "((tests_benchmark_flagtester015.flags & 44972) > 0)",
                                "Rows Removed by Filter": 97405,
                                "Shared Hit Blocks": 4992,
                                "Shared Read Blocks": 535549,
                                "Shared Dirtied Blocks": 0,
                                "Shared Written Blocks": 0,
                                "Local Hit Blocks": 0,
                                "Local Read Blocks": 0,
                                "Local Dirtied Blocks": 0,
                                "Local Written Blocks": 0,
                                "Temp Read Blocks": 0,
                                "Temp Written Blocks": 0,
                                "WAL Records": 0,
                                "WAL FPI": 0,
                                "WAL Bytes": 0
                            },
                            "Settings": {},
                            "Planning": {
                                "Shared Hit Blocks": 0,
                                "Shared Read Blocks": 0,
                                "Shared Dirtied Blocks": 0,
                                "Shared Written Blocks": 0,
                                "Local Hit Blocks": 0,
                                "Local Read Blocks": 0,
                                "Local Dirtied Blocks": 0,
                                "Local Written Blocks": 0,
                                "Temp Read Blocks": 0,
                                "Temp Written Blocks": 0
                            },
                            "Planning Time": 0.037,
                            "Triggers": [],
                            "Execution Time": 7593.492
                        },
                        "exact_explanation": {
                            "Plan": {
                                "Node Type": "Gather",
                                "Parallel Aware": false,
                                "Async Capable": false,
                                "Startup Cost": 1000.0,
                                "Total Cost": 1062525.79,
                                "Plan Rows": 1510,
                                "Plan Width": 12,
                                "Actual Startup Time": 1.113,
                                "Actual Total Time": 1470.35,
                                "Actual Rows": 1561,
                                "Actual Loops": 1,
                                "Output": [
                                    "id",
                                    "flags"
                                ],
                                "Workers Planned": 2,
                                "Workers Launched": 2,
                                "Single Copy": false,
                                "Shared Hit Blocks": 5120,
                                "Shared Read Blocks": 535421,
                                "Shared Dirtied Blocks": 0,
                                "Shared Written Blocks": 0,
                                "Local Hit Blocks": 0,
                                "Local Read Blocks": 0,
                                "Local Dirtied Blocks": 0,
                                "Local Written Blocks": 0,
                                "Temp Read Blocks": 0,
                                "Temp Written Blocks": 0,
                                "WAL Records": 0,
                                "WAL FPI": 0,
                                "WAL Bytes": 0,
                                "Plans": [
                                    {
                                        "Node Type": "Seq Scan",
                                        "Parent Relationship": "Outer",
                                        "Parallel Aware": true,
                                        "Async Capable": false,
                                        "Relation Name": "tests_benchmark_flagtester015",
                                        "Schema": "public",
                                        "Alias": "tests_benchmark_flagtester015",
                                        "Startup Cost": 0.0,
                                        "Total Cost": 1061374.79,
                                        "Plan Rows": 629,
                                        "Plan Width": 12,
                                        "Actual Startup Time": 3.398,
                                        "Actual Total Time": 1467.835,
                                        "Actual Rows": 520,
                                        "Actual Loops": 3,
                                        "Output": [
                                            "id",
                                            "flags"
                                        ],
                                        "Filter": "(tests_benchmark_flagtester015.flags = 44972)",
                                        "Rows Removed by Filter": 33332813,
                                        "Shared Hit Blocks": 5120,
                                        "Shared Read Blocks": 535421,
                                        "Shared Dirtied Blocks": 0,
                                        "Shared Written Blocks": 0,
                                        "Local Hit Blocks": 0,
                                        "Local Read Blocks": 0,
                                        "Local Dirtied Blocks": 0,
                                        "Local Written Blocks": 0,
                                        "Temp Read Blocks": 0,
                                        "Temp Written Blocks": 0,
                                        "WAL Records": 0,
                                        "WAL FPI": 0,
                                        "WAL Bytes": 0,
                                        "Workers": [
                                            {
                                                "Worker Number": 0,
                                                "Actual Startup Time": 5.029,
                                                "Actual Total Time": 1467.176,
                                                "Actual Rows": 524,
                                                "Actual Loops": 1,
                                                "Shared Hit Blocks": 1625,
                                                "Shared Read Blocks": 178269,
                                                "Shared Dirtied Blocks": 0,
                                                "Shared Written Blocks": 0,
                                                "Local Hit Blocks": 0,
                                                "Local Read Blocks": 0,
                                                "Local Dirtied Blocks": 0,
                                                "Local Written Blocks": 0,
                                                "Temp Read Blocks": 0,
                                                "Temp Written Blocks": 0,
                                                "WAL Records": 0,
                                                "WAL FPI": 0,
                                                "WAL Bytes": 0
                                            },
                                            {
                                                "Worker Number": 1,
                                                "Actual Startup Time": 4.123,
                                                "Actual Total Time": 1467.13,
                                                "Actual Rows": 505,
                                                "Actual Loops": 1,
                                                "Shared Hit Blocks": 1627,
                                                "Shared Read Blocks": 178272,
                                                "Shared Dirtied Blocks": 0,
                                                "Shared Written Blocks": 0,
                                                "Local Hit Blocks": 0,
                                                "Local Read Blocks": 0,
                                                "Local Dirtied Blocks": 0,
                                                "Local Written Blocks": 0,
                                                "Temp Read Blocks": 0,
                                                "Temp Written Blocks": 0,
                                                "WAL Records": 0,
                                                "WAL FPI": 0,
                                                "WAL Bytes": 0
                                            }
                                        ]
                                    }
                                ]
                            },
                            "Settings": {},
                            "Planning": {
                                "Shared Hit Blocks": 0,
                                "Shared Read Blocks": 0,
                                "Shared Dirtied Blocks": 0,
                                "Shared Written Blocks": 0,
                                "Local Hit Blocks": 0,
                                "Local Read Blocks": 0,
                                "Local Dirtied Blocks": 0,
                                "Local Written Blocks": 0,
                                "Temp Read Blocks": 0,
                                "Temp Written Blocks": 0
                            },
                            "Planning Time": 0.038,
                            "Triggers": [],
                            "Execution Time": 1470.421
                        },
                        "all_ftr_time": 1.5730028999999999,
                        "any_ftr_time": 7.572815799999999,
                        "exact_ftr_time": 1.4723301000000002
                    }
                }
            },
            "[FLAG] Single Index": {
                "16": {
                    "10": {
                        "all_time": 0.0005712582991691306,
                        "any_time": 0.000480650101962965,
                        "exact_time": 0.0005279331031488255,
                        "table_size": 40960.0,
                        "index_time": 0.0005400420050136745,
                        "all_explanation": {
                            "Plan": {
                                "Node Type": "Seq Scan",
                                "Parallel Aware": false,
                                "Async Capable": false,
                                "Relation Name": "tests_benchmark_flagtester015",
                                "Schema": "public",
                                "Alias": "tests_benchmark_flagtester015",
                                "Startup Cost": 0.0,
                                "Total Cost": 1.17,
                                "Plan Rows": 1,
                                "Plan Width": 12,
                                "Actual Startup Time": 0.002,
                                "Actual Total Time": 0.002,
                                "Actual Rows": 0,
                                "Actual Loops": 1,
                                "Output": [
                                    "id",
                                    "flags"
                                ],
                                "Filter": "((tests_benchmark_flagtester015.flags & 22512) = 22512)",
                                "Rows Removed by Filter": 11,
                                "Shared Hit Blocks": 1,
                                "Shared Read Blocks": 0,
                                "Shared Dirtied Blocks": 0,
                                "Shared Written Blocks": 0,
                                "Local Hit Blocks": 0,
                                "Local Read Blocks": 0,
                                "Local Dirtied Blocks": 0,
                                "Local Written Blocks": 0,
                                "Temp Read Blocks": 0,
                                "Temp Written Blocks": 0,
                                "WAL Records": 0,
                                "WAL FPI": 0,
                                "WAL Bytes": 0
                            },
                            "Settings": {},
                            "Planning": {
                                "Shared Hit Blocks": 0,
                                "Shared Read Blocks": 0,
                                "Shared Dirtied Blocks": 0,
                                "Shared Written Blocks": 0,
                                "Local Hit Blocks": 0,
                                "Local Read Blocks": 0,
                                "Local Dirtied Blocks": 0,
                                "Local Written Blocks": 0,
                                "Temp Read Blocks": 0,
                                "Temp Written Blocks": 0
                            },
                            "Planning Time": 0.007,
                            "Triggers": [],
                            "Execution Time": 0.003
                        },
                        "any_explanation": {
                            "Plan": {
                                "Node Type": "Seq Scan",
                                "Parallel Aware": false,
                                "Async Capable": false,
                                "Relation Name": "tests_benchmark_flagtester015",
                                "Schema": "public",
                                "Alias": "tests_benchmark_flagtester015",
                                "Startup Cost": 0.0,
                                "Total Cost": 1.17,
                                "Plan Rows": 4,
                                "Plan Width": 12,
                                "Actual Startup Time": 0.001,
                                "Actual Total Time": 0.002,
                                "Actual Rows": 11,
                                "Actual Loops": 1,
                                "Output": [
                                    "id",
                                    "flags"
                                ],
                                "Filter": "((tests_benchmark_flagtester015.flags & 22512) > 0)",
                                "Rows Removed by Filter": 0,
                                "Shared Hit Blocks": 1,
                                "Shared Read Blocks": 0,
                                "Shared Dirtied Blocks": 0,
                                "Shared Written Blocks": 0,
                                "Local Hit Blocks": 0,
                                "Local Read Blocks": 0,
                                "Local Dirtied Blocks": 0,
                                "Local Written Blocks": 0,
                                "Temp Read Blocks": 0,
                                "Temp Written Blocks": 0,
                                "WAL Records": 0,
                                "WAL FPI": 0,
                                "WAL Bytes": 0
                            },
                            "Settings": {},
                            "Planning": {
                                "Shared Hit Blocks": 0,
                                "Shared Read Blocks": 0,
                                "Shared Dirtied Blocks": 0,
                                "Shared Written Blocks": 0,
                                "Local Hit Blocks": 0,
                                "Local Read Blocks": 0,
                                "Local Dirtied Blocks": 0,
                                "Local Written Blocks": 0,
                                "Temp Read Blocks": 0,
                                "Temp Written Blocks": 0
                            },
                            "Planning Time": 0.006,
                            "Triggers": [],
                            "Execution Time": 0.003
                        },
                        "exact_explanation": {
                            "Plan": {
                                "Node Type": "Seq Scan",
                                "Parallel Aware": false,
                                "Async Capable": false,
                                "Relation Name": "tests_benchmark_flagtester015",
                                "Schema": "public",
                                "Alias": "tests_benchmark_flagtester015",
                                "Startup Cost": 0.0,
                                "Total Cost": 1.14,
                                "Plan Rows": 1,
                                "Plan Width": 12,
                                "Actual Startup Time": 0.002,
                                "Actual Total Time": 0.002,
                                "Actual Rows": 0,
                                "Actual Loops": 1,
                                "Output": [
                                    "id",
                                    "flags"
                                ],
                                "Filter": "(tests_benchmark_flagtester015.flags = 22512)",
                                "Rows Removed by Filter": 11,
                                "Shared Hit Blocks": 1,
                                "Shared Read Blocks": 0,
                                "Shared Dirtied Blocks": 0,
                                "Shared Written Blocks": 0,
                                "Local Hit Blocks": 0,
                                "Local Read Blocks": 0,
                                "Local Dirtied Blocks": 0,
                                "Local Written Blocks": 0,
                                "Temp Read Blocks": 0,
                                "Temp Written Blocks": 0,
                                "WAL Records": 0,
                                "WAL FPI": 0,
                                "WAL Bytes": 0
                            },
                            "Settings": {},
                            "Planning": {
                                "Shared Hit Blocks": 0,
                                "Shared Read Blocks": 0,
                                "Shared Dirtied Blocks": 0,
                                "Shared Written Blocks": 0,
                                "Local Hit Blocks": 0,
                                "Local Read Blocks": 0,
                                "Local Dirtied Blocks": 0,
                                "Local Written Blocks": 0,
                                "Temp Read Blocks": 0,
                                "Temp Written Blocks": 0
                            },
                            "Planning Time": 0.007,
                            "Triggers": [],
                            "Execution Time": 0.003
                        },
                        "all_ftr_time": 3.0999999999999995e-06,
                        "any_ftr_time": 3.0999999999999995e-06,
                        "exact_ftr_time": 2.9999999999999997e-06
                    },
                    "100": {
                        "all_time": 0.0005761124019045382,
                        "any_time": 0.0004876665989286266,
                        "exact_time": 0.0004282668014639057,
                        "table_size": 40960.0,
                        "index_time": 0.0006594579899683595,
                        "all_explanation": {
                            "Plan": {
                                "Node Type": "Seq Scan",
                                "Parallel Aware": false,
                                "Async Capable": false,
                                "Relation Name": "tests_benchmark_flagtester015",
                                "Schema": "public",
                                "Alias": "tests_benchmark_flagtester015",
                                "Startup Cost": 0.0,
                                "Total Cost": 2.51,
                                "Plan Rows": 1,
                                "Plan Width": 12,
                                "Actual Startup Time": 0.002,
                                "Actual Total Time": 0.005,
                                "Actual Rows": 1,
                                "Actual Loops": 1,
                                "Output": [
                                    "id",
                                    "flags"
                                ],
                                "Filter": "((tests_benchmark_flagtester015.flags & 47204) = 47204)",
                                "Rows Removed by Filter": 100,
                                "Shared Hit Blocks": 1,
                                "Shared Read Blocks": 0,
                                "Shared Dirtied Blocks": 0,
                                "Shared Written Blocks": 0,
                                "Local Hit Blocks": 0,
                                "Local Read Blocks": 0,
                                "Local Dirtied Blocks": 0,
                                "Local Written Blocks": 0,
                                "Temp Read Blocks": 0,
                                "Temp Written Blocks": 0,
                                "WAL Records": 0,
                                "WAL FPI": 0,
                                "WAL Bytes": 0
                            },
                            "Settings": {},
                            "Planning": {
                                "Shared Hit Blocks": 0,
                                "Shared Read Blocks": 0,
                                "Shared Dirtied Blocks": 0,
                                "Shared Written Blocks": 0,
                                "Local Hit Blocks": 0,
                                "Local Read Blocks": 0,
                                "Local Dirtied Blocks": 0,
                                "Local Written Blocks": 0,
                                "Temp Read Blocks": 0,
                                "Temp Written Blocks": 0
                            },
                            "Planning Time": 0.006,
                            "Triggers": [],
                            "Execution Time": 0.006
                        },
                        "any_explanation": {
                            "Plan": {
                                "Node Type": "Seq Scan",
                                "Parallel Aware": false,
                                "Async Capable": false,
                                "Relation Name": "tests_benchmark_flagtester015",
                                "Schema": "public",
                                "Alias": "tests_benchmark_flagtester015",
                                "Startup Cost": 0.0,
                                "Total Cost": 2.51,
                                "Plan Rows": 34,
                                "Plan Width": 12,
                                "Actual Startup Time": 0.002,
                                "Actual Total Time": 0.006,
                                "Actual Rows": 100,
                                "Actual Loops": 1,
                                "Output": [
                                    "id",
                                    "flags"
                                ],
                                "Filter": "((tests_benchmark_flagtester015.flags & 47204) > 0)",
                                "Rows Removed by Filter": 1,
                                "Shared Hit Blocks": 1,
                                "Shared Read Blocks": 0,
                                "Shared Dirtied Blocks": 0,
                                "Shared Written Blocks": 0,
                                "Local Hit Blocks": 0,
                                "Local Read Blocks": 0,
                                "Local Dirtied Blocks": 0,
                                "Local Written Blocks": 0,
                                "Temp Read Blocks": 0,
                                "Temp Written Blocks": 0,
                                "WAL Records": 0,
                                "WAL FPI": 0,
                                "WAL Bytes": 0
                            },
                            "Settings": {},
                            "Planning": {
                                "Shared Hit Blocks": 0,
                                "Shared Read Blocks": 0,
                                "Shared Dirtied Blocks": 0,
                                "Shared Written Blocks": 0,
                                "Local Hit Blocks": 0,
                                "Local Read Blocks": 0,
                                "Local Dirtied Blocks": 0,
                                "Local Written Blocks": 0,
                                "Temp Read Blocks": 0,
                                "Temp Written Blocks": 0
                            },
                            "Planning Time": 0.006,
                            "Triggers": [],
                            "Execution Time": 0.01
                        },
                        "exact_explanation": {
                            "Plan": {
                                "Node Type": "Seq Scan",
                                "Parallel Aware": false,
                                "Async Capable": false,
                                "Relation Name": "tests_benchmark_flagtester015",
                                "Schema": "public",
                                "Alias": "tests_benchmark_flagtester015",
                                "Startup Cost": 0.0,
                                "Total Cost": 2.26,
                                "Plan Rows": 1,
                                "Plan Width": 12,
                                "Actual Startup Time": 0.004,
                                "Actual Total Time": 0.004,
                                "Actual Rows": 0,
                                "Actual Loops": 1,
                                "Output": [
                                    "id",
                                    "flags"
                                ],
                                "Filter": "(tests_benchmark_flagtester015.flags = 47204)",
                                "Rows Removed by Filter": 101,
                                "Shared Hit Blocks": 1,
                                "Shared Read Blocks": 0,
                                "Shared Dirtied Blocks": 0,
                                "Shared Written Blocks": 0,
                                "Local Hit Blocks": 0,
                                "Local Read Blocks": 0,
                                "Local Dirtied Blocks": 0,
                                "Local Written Blocks": 0,
                                "Temp Read Blocks": 0,
                                "Temp Written Blocks": 0,
                                "WAL Records": 0,
                                "WAL FPI": 0,
                                "WAL Bytes": 0
                            },
                            "Settings": {},
                            "Planning": {
                                "Shared Hit Blocks": 0,
                                "Shared Read Blocks": 0,
                                "Shared Dirtied Blocks": 0,
                                "Shared Written Blocks": 0,
                                "Local Hit Blocks": 0,
                                "Local Read Blocks": 0,
                                "Local Dirtied Blocks": 0,
                                "Local Written Blocks": 0,
                                "Temp Read Blocks": 0,
                                "Temp Written Blocks": 0
                            },
                            "Planning Time": 0.007,
                            "Triggers": [],
                            "Execution Time": 0.006
                        },
                        "all_ftr_time": 5.999999999999999e-06,
                        "any_ftr_time": 9.399999999999998e-06,
                        "exact_ftr_time": 5.799999999999999e-06
                    },
                    "1000": {
                        "all_time": 0.0006183874007547274,
                        "any_time": 0.0005344957011402584,
                        "exact_time": 0.0004736042013973929,
                        "table_size": 131072.0,
                        "index_time": 0.0009783750138012692,
                        "all_explanation": {
                            "Plan": {
                                "Node Type": "Seq Scan",
                                "Parallel Aware": false,
                                "Async Capable": false,
                                "Relation Name": "tests_benchmark_flagtester015",
                                "Schema": "public",
                                "Alias": "tests_benchmark_flagtester015",
                                "Startup Cost": 0.0,
                                "Total Cost": 21.02,
                                "Plan Rows": 5,
                                "Plan Width": 12,
                                "Actual Startup Time": 0.01,
                                "Actual Total Time": 0.037,
                                "Actual Rows": 1,
                                "Actual Loops": 1,
                                "Output": [
                                    "id",
                                    "flags"
                                ],
                                "Filter": "((tests_benchmark_flagtester015.flags & 27095) = 27095)",
                                "Rows Removed by Filter": 1000,
                                "Shared Hit Blocks": 6,
                                "Shared Read Blocks": 0,
                                "Shared Dirtied Blocks": 0,
                                "Shared Written Blocks": 0,
                                "Local Hit Blocks": 0,
                                "Local Read Blocks": 0,
                                "Local Dirtied Blocks": 0,
                                "Local Written Blocks": 0,
                                "Temp Read Blocks": 0,
                                "Temp Written Blocks": 0,
                                "WAL Records": 0,
                                "WAL FPI": 0,
                                "WAL Bytes": 0
                            },
                            "Settings": {},
                            "Planning": {
                                "Shared Hit Blocks": 0,
                                "Shared Read Blocks": 0,
                                "Shared Dirtied Blocks": 0,
                                "Shared Written Blocks": 0,
                                "Local Hit Blocks": 0,
                                "Local Read Blocks": 0,
                                "Local Dirtied Blocks": 0,
                                "Local Written Blocks": 0,
                                "Temp Read Blocks": 0,
                                "Temp Written Blocks": 0
                            },
                            "Planning Time": 0.006,
                            "Triggers": [],
                            "Execution Time": 0.038
                        },
                        "any_explanation": {
                            "Plan": {
                                "Node Type": "Seq Scan",
                                "Parallel Aware": false,
                                "Async Capable": false,
                                "Relation Name": "tests_benchmark_flagtester015",
                                "Schema": "public",
                                "Alias": "tests_benchmark_flagtester015",
                                "Startup Cost": 0.0,
                                "Total Cost": 21.02,
                                "Plan Rows": 334,
                                "Plan Width": 12,
                                "Actual Startup Time": 0.003,
                                "Actual Total Time": 0.052,
                                "Actual Rows": 998,
                                "Actual Loops": 1,
                                "Output": [
                                    "id",
                                    "flags"
                                ],
                                "Filter": "((tests_benchmark_flagtester015.flags & 27095) > 0)",
                                "Rows Removed by Filter": 3,
                                "Shared Hit Blocks": 6,
                                "Shared Read Blocks": 0,
                                "Shared Dirtied Blocks": 0,
                                "Shared Written Blocks": 0,
                                "Local Hit Blocks": 0,
                                "Local Read Blocks": 0,
                                "Local Dirtied Blocks": 0,
                                "Local Written Blocks": 0,
                                "Temp Read Blocks": 0,
                                "Temp Written Blocks": 0,
                                "WAL Records": 0,
                                "WAL FPI": 0,
                                "WAL Bytes": 0
                            },
                            "Settings": {},
                            "Planning": {
                                "Shared Hit Blocks": 0,
                                "Shared Read Blocks": 0,
                                "Shared Dirtied Blocks": 0,
                                "Shared Written Blocks": 0,
                                "Local Hit Blocks": 0,
                                "Local Read Blocks": 0,
                                "Local Dirtied Blocks": 0,
                                "Local Written Blocks": 0,
                                "Temp Read Blocks": 0,
                                "Temp Written Blocks": 0
                            },
                            "Planning Time": 0.006,
                            "Triggers": [],
                            "Execution Time": 0.076
                        },
                        "exact_explanation": {
                            "Plan": {
                                "Node Type": "Bitmap Heap Scan",
                                "Parallel Aware": false,
                                "Async Capable": false,
                                "Relation Name": "tests_benchmark_flagtester015",
                                "Schema": "public",
                                "Alias": "tests_benchmark_flagtester015",
                                "Startup Cost": 4.31,
                                "Total Cost": 10.58,
                                "Plan Rows": 5,
                                "Plan Width": 12,
                                "Actual Startup Time": 0.001,
                                "Actual Total Time": 0.001,
                                "Actual Rows": 0,
                                "Actual Loops": 1,
                                "Output": [
                                    "id",
                                    "flags"
                                ],
                                "Recheck Cond": "(tests_benchmark_flagtester015.flags = 27095)",
                                "Rows Removed by Index Recheck": 0,
                                "Exact Heap Blocks": 0,
                                "Lossy Heap Blocks": 0,
                                "Shared Hit Blocks": 2,
                                "Shared Read Blocks": 0,
                                "Shared Dirtied Blocks": 0,
                                "Shared Written Blocks": 0,
                                "Local Hit Blocks": 0,
                                "Local Read Blocks": 0,
                                "Local Dirtied Blocks": 0,
                                "Local Written Blocks": 0,
                                "Temp Read Blocks": 0,
                                "Temp Written Blocks": 0,
                                "WAL Records": 0,
                                "WAL FPI": 0,
                                "WAL Bytes": 0,
                                "Plans": [
                                    {
                                        "Node Type": "Bitmap Index Scan",
                                        "Parent Relationship": "Outer",
                                        "Parallel Aware": false,
                                        "Async Capable": false,
                                        "Index Name": "flag_idx",
                                        "Startup Cost": 0.0,
                                        "Total Cost": 4.31,
                                        "Plan Rows": 5,
                                        "Plan Width": 0,
                                        "Actual Startup Time": 0.001,
                                        "Actual Total Time": 0.001,
                                        "Actual Rows": 0,
                                        "Actual Loops": 1,
                                        "Index Cond": "(tests_benchmark_flagtester015.flags = 27095)",
                                        "Shared Hit Blocks": 2,
                                        "Shared Read Blocks": 0,
                                        "Shared Dirtied Blocks": 0,
                                        "Shared Written Blocks": 0,
                                        "Local Hit Blocks": 0,
                                        "Local Read Blocks": 0,
                                        "Local Dirtied Blocks": 0,
                                        "Local Written Blocks": 0,
                                        "Temp Read Blocks": 0,
                                        "Temp Written Blocks": 0,
                                        "WAL Records": 0,
                                        "WAL FPI": 0,
                                        "WAL Bytes": 0
                                    }
                                ]
                            },
                            "Settings": {},
                            "Planning": {
                                "Shared Hit Blocks": 0,
                                "Shared Read Blocks": 0,
                                "Shared Dirtied Blocks": 0,
                                "Shared Written Blocks": 0,
                                "Local Hit Blocks": 0,
                                "Local Read Blocks": 0,
                                "Local Dirtied Blocks": 0,
                                "Local Written Blocks": 0,
                                "Temp Read Blocks": 0,
                                "Temp Written Blocks": 0
                            },
                            "Planning Time": 0.008,
                            "Triggers": [],
                            "Execution Time": 0.003
                        },
                        "all_ftr_time": 3.7999999999999995e-05,
                        "any_ftr_time": 7.329999999999999e-05,
                        "exact_ftr_time": 3.399999999999999e-06
                    },
                    "10000": {
                        "all_time": 0.0012178915974800475,
                        "any_time": 0.001291795598808676,
                        "exact_time": 0.0007126250988221727,
                        "table_size": 933888.0,
                        "index_time": 0.004192499996861443,
                        "all_explanation": {
                            "Plan": {
                                "Node Type": "Seq Scan",
                                "Parallel Aware": false,
                                "Async Capable": false,
                                "Relation Name": "tests_benchmark_flagtester015",
                                "Schema": "public",
                                "Alias": "tests_benchmark_flagtester015",
                                "Startup Cost": 0.0,
                                "Total Cost": 205.01,
                                "Plan Rows": 50,
                                "Plan Width": 12,
                                "Actual Startup Time": 0.005,
                                "Actual Total Time": 0.377,
                                "Actual Rows": 77,
                                "Actual Loops": 1,
                                "Output": [
                                    "id",
                                    "flags"
                                ],
                                "Filter": "((tests_benchmark_flagtester015.flags & 26950) = 26950)",
                                "Rows Removed by Filter": 9924,
                                "Shared Hit Blocks": 55,
                                "Shared Read Blocks": 0,
                                "Shared Dirtied Blocks": 0,
                                "Shared Written Blocks": 0,
                                "Local Hit Blocks": 0,
                                "Local Read Blocks": 0,
                                "Local Dirtied Blocks": 0,
                                "Local Written Blocks": 0,
                                "Temp Read Blocks": 0,
                                "Temp Written Blocks": 0,
                                "WAL Records": 0,
                                "WAL FPI": 0,
                                "WAL Bytes": 0
                            },
                            "Settings": {},
                            "Planning": {
                                "Shared Hit Blocks": 0,
                                "Shared Read Blocks": 0,
                                "Shared Dirtied Blocks": 0,
                                "Shared Written Blocks": 0,
                                "Local Hit Blocks": 0,
                                "Local Read Blocks": 0,
                                "Local Dirtied Blocks": 0,
                                "Local Written Blocks": 0,
                                "Temp Read Blocks": 0,
                                "Temp Written Blocks": 0
                            },
                            "Planning Time": 0.007,
                            "Triggers": [],
                            "Execution Time": 0.38
                        },
                        "any_explanation": {
                            "Plan": {
                                "Node Type": "Seq Scan",
                                "Parallel Aware": false,
                                "Async Capable": false,
                                "Relation Name": "tests_benchmark_flagtester015",
                                "Schema": "public",
                                "Alias": "tests_benchmark_flagtester015",
                                "Startup Cost": 0.0,
                                "Total Cost": 205.01,
                                "Plan Rows": 3334,
                                "Plan Width": 12,
                                "Actual Startup Time": 0.002,
                                "Actual Total Time": 0.531,
                                "Actual Rows": 9919,
                                "Actual Loops": 1,
                                "Output": [
                                    "id",
                                    "flags"
                                ],
                                "Filter": "((tests_benchmark_flagtester015.flags & 26950) > 0)",
                                "Rows Removed by Filter": 82,
                                "Shared Hit Blocks": 55,
                                "Shared Read Blocks": 0,
                                "Shared Dirtied Blocks": 0,
                                "Shared Written Blocks": 0,
                                "Local Hit Blocks": 0,
                                "Local Read Blocks": 0,
                                "Local Dirtied Blocks": 0,
                                "Local Written Blocks": 0,
                                "Temp Read Blocks": 0,
                                "Temp Written Blocks": 0,
                                "WAL Records": 0,
                                "WAL FPI": 0,
                                "WAL Bytes": 0
                            },
                            "Settings": {},
                            "Planning": {
                                "Shared Hit Blocks": 0,
                                "Shared Read Blocks": 0,
                                "Shared Dirtied Blocks": 0,
                                "Shared Written Blocks": 0,
                                "Local Hit Blocks": 0,
                                "Local Read Blocks": 0,
                                "Local Dirtied Blocks": 0,
                                "Local Written Blocks": 0,
                                "Temp Read Blocks": 0,
                                "Temp Written Blocks": 0
                            },
                            "Planning Time": 0.006,
                            "Triggers": [],
                            "Execution Time": 0.758
                        },
                        "exact_explanation": {
                            "Plan": {
                                "Node Type": "Bitmap Heap Scan",
                                "Parallel Aware": false,
                                "Async Capable": false,
                                "Relation Name": "tests_benchmark_flagtester015",
                                "Schema": "public",
                                "Alias": "tests_benchmark_flagtester015",
                                "Startup Cost": 4.67,
                                "Total Cost": 61.54,
                                "Plan Rows": 50,
                                "Plan Width": 12,
                                "Actual Startup Time": 0.001,
                                "Actual Total Time": 0.002,
                                "Actual Rows": 1,
                                "Actual Loops": 1,
                                "Output": [
                                    "id",
                                    "flags"
                                ],
                                "Recheck Cond": "(tests_benchmark_flagtester015.flags = 26950)",
                                "Rows Removed by Index Recheck": 0,
                                "Exact Heap Blocks": 1,
                                "Lossy Heap Blocks": 0,
                                "Shared Hit Blocks": 3,
                                "Shared Read Blocks": 0,
                                "Shared Dirtied Blocks": 0,
                                "Shared Written Blocks": 0,
                                "Local Hit Blocks": 0,
                                "Local Read Blocks": 0,
                                "Local Dirtied Blocks": 0,
                                "Local Written Blocks": 0,
                                "Temp Read Blocks": 0,
                                "Temp Written Blocks": 0,
                                "WAL Records": 0,
                                "WAL FPI": 0,
                                "WAL Bytes": 0,
                                "Plans": [
                                    {
                                        "Node Type": "Bitmap Index Scan",
                                        "Parent Relationship": "Outer",
                                        "Parallel Aware": false,
                                        "Async Capable": false,
                                        "Index Name": "flag_idx",
                                        "Startup Cost": 0.0,
                                        "Total Cost": 4.66,
                                        "Plan Rows": 50,
                                        "Plan Width": 0,
                                        "Actual Startup Time": 0.001,
                                        "Actual Total Time": 0.001,
                                        "Actual Rows": 1,
                                        "Actual Loops": 1,
                                        "Index Cond": "(tests_benchmark_flagtester015.flags = 26950)",
                                        "Shared Hit Blocks": 2,
                                        "Shared Read Blocks": 0,
                                        "Shared Dirtied Blocks": 0,
                                        "Shared Written Blocks": 0,
                                        "Local Hit Blocks": 0,
                                        "Local Read Blocks": 0,
                                        "Local Dirtied Blocks": 0,
                                        "Local Written Blocks": 0,
                                        "Temp Read Blocks": 0,
                                        "Temp Written Blocks": 0,
                                        "WAL Records": 0,
                                        "WAL FPI": 0,
                                        "WAL Bytes": 0
                                    }
                                ]
                            },
                            "Settings": {},
                            "Planning": {
                                "Shared Hit Blocks": 0,
                                "Shared Read Blocks": 0,
                                "Shared Dirtied Blocks": 0,
                                "Shared Written Blocks": 0,
                                "Local Hit Blocks": 0,
                                "Local Read Blocks": 0,
                                "Local Dirtied Blocks": 0,
                                "Local Written Blocks": 0,
                                "Temp Read Blocks": 0,
                                "Temp Written Blocks": 0
                            },
                            "Planning Time": 0.008,
                            "Triggers": [],
                            "Execution Time": 0.004
                        },
                        "all_ftr_time": 0.0003706,
                        "any_ftr_time": 0.00074,
                        "exact_ftr_time": 3.6000000000000003e-06
                    },
                    "100000": {
                        "all_time": 0.004817958298372105,
                        "any_time": 0.005840316599642392,
                        "exact_time": 0.0018065874988678842,
                        "table_size": 8519680.0,
                        "index_time": 0.02527324999391567,
                        "all_explanation": {
                            "Plan": {
                                "Node Type": "Seq Scan",
                                "Parallel Aware": false,
                                "Async Capable": false,
                                "Relation Name": "tests_benchmark_flagtester015",
                                "Schema": "public",
                                "Alias": "tests_benchmark_flagtester015",
                                "Startup Cost": 0.0,
                                "Total Cost": 2041.01,
                                "Plan Rows": 500,
                                "Plan Width": 12,
                                "Actual Startup Time": 0.009,
                                "Actual Total Time": 3.44,
                                "Actual Rows": 794,
                                "Actual Loops": 1,
                                "Output": [
                                    "id",
                                    "flags"
                                ],
                                "Filter": "((tests_benchmark_flagtester015.flags & 26737) = 26737)",
                                "Rows Removed by Filter": 99207,
                                "Shared Hit Blocks": 541,
                                "Shared Read Blocks": 0,
                                "Shared Dirtied Blocks": 0,
                                "Shared Written Blocks": 0,
                                "Local Hit Blocks": 0,
                                "Local Read Blocks": 0,
                                "Local Dirtied Blocks": 0,
                                "Local Written Blocks": 0,
                                "Temp Read Blocks": 0,
                                "Temp Written Blocks": 0,
                                "WAL Records": 0,
                                "WAL FPI": 0,
                                "WAL Bytes": 0
                            },
                            "Settings": {},
                            "Planning": {
                                "Shared Hit Blocks": 0,
                                "Shared Read Blocks": 0,
                                "Shared Dirtied Blocks": 0,
                                "Shared Written Blocks": 0,
                                "Local Hit Blocks": 0,
                                "Local Read Blocks": 0,
                                "Local Dirtied Blocks": 0,
                                "Local Written Blocks": 0,
                                "Temp Read Blocks": 0,
                                "Temp Written Blocks": 0
                            },
                            "Planning Time": 0.006,
                            "Triggers": [],
                            "Execution Time": 3.459
                        },
                        "any_explanation": {
                            "Plan": {
                                "Node Type": "Seq Scan",
                                "Parallel Aware": false,
                                "Async Capable": false,
                                "Relation Name": "tests_benchmark_flagtester015",
                                "Schema": "public",
                                "Alias": "tests_benchmark_flagtester015",
                                "Startup Cost": 0.0,
                                "Total Cost": 2041.01,
                                "Plan Rows": 33334,
                                "Plan Width": 12,
                                "Actual Startup Time": 0.002,
                                "Actual Total Time": 4.87,
                                "Actual Rows": 99294,
                                "Actual Loops": 1,
                                "Output": [
                                    "id",
                                    "flags"
                                ],
                                "Filter": "((tests_benchmark_flagtester015.flags & 26737) > 0)",
                                "Rows Removed by Filter": 707,
                                "Shared Hit Blocks": 541,
                                "Shared Read Blocks": 0,
                                "Shared Dirtied Blocks": 0,
                                "Shared Written Blocks": 0,
                                "Local Hit Blocks": 0,
                                "Local Read Blocks": 0,
                                "Local Dirtied Blocks": 0,
                                "Local Written Blocks": 0,
                                "Temp Read Blocks": 0,
                                "Temp Written Blocks": 0,
                                "WAL Records": 0,
                                "WAL FPI": 0,
                                "WAL Bytes": 0
                            },
                            "Settings": {},
                            "Planning": {
                                "Shared Hit Blocks": 0,
                                "Shared Read Blocks": 0,
                                "Shared Dirtied Blocks": 0,
                                "Shared Written Blocks": 0,
                                "Local Hit Blocks": 0,
                                "Local Read Blocks": 0,
                                "Local Dirtied Blocks": 0,
                                "Local Written Blocks": 0,
                                "Temp Read Blocks": 0,
                                "Temp Written Blocks": 0
                            },
                            "Planning Time": 0.006,
                            "Triggers": [],
                            "Execution Time": 6.942
                        },
                        "exact_explanation": {
                            "Plan": {
                                "Node Type": "Bitmap Heap Scan",
                                "Parallel Aware": false,
                                "Async Capable": false,
                                "Relation Name": "tests_benchmark_flagtester015",
                                "Schema": "public",
                                "Alias": "tests_benchmark_flagtester015",
                                "Startup Cost": 12.17,
                                "Total Cost": 570.66,
                                "Plan Rows": 500,
                                "Plan Width": 12,
                                "Actual Startup Time": 0.001,
                                "Actual Total Time": 0.001,
                                "Actual Rows": 1,
                                "Actual Loops": 1,
                                "Output": [
                                    "id",
                                    "flags"
                                ],
                                "Recheck Cond": "(tests_benchmark_flagtester015.flags = 26737)",
                                "Rows Removed by Index Recheck": 0,
                                "Exact Heap Blocks": 1,
                                "Lossy Heap Blocks": 0,
                                "Shared Hit Blocks": 3,
                                "Shared Read Blocks": 0,
                                "Shared Dirtied Blocks": 0,
                                "Shared Written Blocks": 0,
                                "Local Hit Blocks": 0,
                                "Local Read Blocks": 0,
                                "Local Dirtied Blocks": 0,
                                "Local Written Blocks": 0,
                                "Temp Read Blocks": 0,
                                "Temp Written Blocks": 0,
                                "WAL Records": 0,
                                "WAL FPI": 0,
                                "WAL Bytes": 0,
                                "Plans": [
                                    {
                                        "Node Type": "Bitmap Index Scan",
                                        "Parent Relationship": "Outer",
                                        "Parallel Aware": false,
                                        "Async Capable": false,
                                        "Index Name": "flag_idx",
                                        "Startup Cost": 0.0,
                                        "Total Cost": 12.04,
                                        "Plan Rows": 500,
                                        "Plan Width": 0,
                                        "Actual Startup Time": 0.001,
                                        "Actual Total Time": 0.001,
                                        "Actual Rows": 1,
                                        "Actual Loops": 1,
                                        "Index Cond": "(tests_benchmark_flagtester015.flags = 26737)",
                                        "Shared Hit Blocks": 2,
                                        "Shared Read Blocks": 0,
                                        "Shared Dirtied Blocks": 0,
                                        "Shared Written Blocks": 0,
                                        "Local Hit Blocks": 0,
                                        "Local Read Blocks": 0,
                                        "Local Dirtied Blocks": 0,
                                        "Local Written Blocks": 0,
                                        "Temp Read Blocks": 0,
                                        "Temp Written Blocks": 0,
                                        "WAL Records": 0,
                                        "WAL FPI": 0,
                                        "WAL Bytes": 0
                                    }
                                ]
                            },
                            "Settings": {},
                            "Planning": {
                                "Shared Hit Blocks": 0,
                                "Shared Read Blocks": 0,
                                "Shared Dirtied Blocks": 0,
                                "Shared Written Blocks": 0,
                                "Local Hit Blocks": 0,
                                "Local Read Blocks": 0,
                                "Local Dirtied Blocks": 0,
                                "Local Written Blocks": 0,
                                "Temp Read Blocks": 0,
                                "Temp Written Blocks": 0
                            },
                            "Planning Time": 0.007,
                            "Triggers": [],
                            "Execution Time": 0.004
                        },
                        "all_ftr_time": 0.0035450000000000004,
                        "any_ftr_time": 0.0070063999999999994,
                        "exact_ftr_time": 4.7e-06
                    },
                    "1000000": {
                        "all_time": 0.018816733099811245,
                        "any_time": 0.023284058697754517,
                        "exact_time": 0.0024963707983260974,
                        "table_size": 75497472.0,
                        "index_time": 0.20297699999355245,
                        "all_explanation": {
                            "Plan": {
                                "Node Type": "Gather",
                                "Parallel Aware": false,
                                "Async Capable": false,
                                "Startup Cost": 1000.0,
                                "Total Cost": 13156.01,
                                "Plan Rows": 5000,
                                "Plan Width": 12,
                                "Actual Startup Time": 0.074,
                                "Actual Total Time": 18.227,
                                "Actual Rows": 7803,
                                "Actual Loops": 1,
                                "Output": [
                                    "id",
                                    "flags"
                                ],
                                "Workers Planned": 2,
                                "Workers Launched": 2,
                                "Single Copy": false,
                                "Shared Hit Blocks": 3200,
                                "Shared Read Blocks": 2206,
                                "Shared Dirtied Blocks": 0,
                                "Shared Written Blocks": 0,
                                "Local Hit Blocks": 0,
                                "Local Read Blocks": 0,
                                "Local Dirtied Blocks": 0,
                                "Local Written Blocks": 0,
                                "Temp Read Blocks": 0,
                                "Temp Written Blocks": 0,
                                "WAL Records": 0,
                                "WAL FPI": 0,
                                "WAL Bytes": 0,
                                "Plans": [
                                    {
                                        "Node Type": "Seq Scan",
                                        "Parent Relationship": "Outer",
                                        "Parallel Aware": true,
                                        "Async Capable": false,
                                        "Relation Name": "tests_benchmark_flagtester015",
                                        "Schema": "public",
                                        "Alias": "tests_benchmark_flagtester015",
                                        "Startup Cost": 0.0,
                                        "Total Cost": 11656.01,
                                        "Plan Rows": 2083,
                                        "Plan Width": 12,
                                        "Actual Startup Time": 0.031,
                                        "Actual Total Time": 15.724,
                                        "Actual Rows": 2601,
                                        "Actual Loops": 3,
                                        "Output": [
                                            "id",
                                            "flags"
                                        ],
                                        "Filter": "((tests_benchmark_flagtester015.flags & 10357) = 10357)",
                                        "Rows Removed by Filter": 330733,
                                        "Shared Hit Blocks": 3200,
                                        "Shared Read Blocks": 2206,
                                        "Shared Dirtied Blocks": 0,
                                        "Shared Written Blocks": 0,
                                        "Local Hit Blocks": 0,
                                        "Local Read Blocks": 0,
                                        "Local Dirtied Blocks": 0,
                                        "Local Written Blocks": 0,
                                        "Temp Read Blocks": 0,
                                        "Temp Written Blocks": 0,
                                        "WAL Records": 0,
                                        "WAL FPI": 0,
                                        "WAL Bytes": 0,
                                        "Workers": [
                                            {
                                                "Worker Number": 0,
                                                "Actual Startup Time": 0.037,
                                                "Actual Total Time": 14.909,
                                                "Actual Rows": 2451,
                                                "Actual Loops": 1,
                                                "Shared Hit Blocks": 1023,
                                                "Shared Read Blocks": 649,
                                                "Shared Dirtied Blocks": 0,
                                                "Shared Written Blocks": 0,
                                                "Local Hit Blocks": 0,
                                                "Local Read Blocks": 0,
                                                "Local Dirtied Blocks": 0,
                                                "Local Written Blocks": 0,
                                                "Temp Read Blocks": 0,
                                                "Temp Written Blocks": 0,
                                                "WAL Records": 0,
                                                "WAL FPI": 0,
                                                "WAL Bytes": 0
                                            },
                                            {
                                                "Worker Number": 1,
                                                "Actual Startup Time": 0.043,
                                                "Actual Total Time": 15.173,
                                                "Actual Rows": 2422,
                                                "Actual Loops": 1,
                                                "Shared Hit Blocks": 1019,
                                                "Shared Read Blocks": 646,
                                                "Shared Dirtied Blocks": 0,
                                                "Shared Written Blocks": 0,
                                                "Local Hit Blocks": 0,
                                                "Local Read Blocks": 0,
                                                "Local Dirtied Blocks": 0,
                                                "Local Written Blocks": 0,
                                                "Temp Read Blocks": 0,
                                                "Temp Written Blocks": 0,
                                                "WAL Records": 0,
                                                "WAL FPI": 0,
                                                "WAL Bytes": 0
                                            }
                                        ]
                                    }
                                ]
                            },
                            "Settings": {},
                            "Planning": {
                                "Shared Hit Blocks": 0,
                                "Shared Read Blocks": 0,
                                "Shared Dirtied Blocks": 0,
                                "Shared Written Blocks": 0,
                                "Local Hit Blocks": 0,
                                "Local Read Blocks": 0,
                                "Local Dirtied Blocks": 0,
                                "Local Written Blocks": 0,
                                "Temp Read Blocks": 0,
                                "Temp Written Blocks": 0
                            },
                            "Planning Time": 0.029,
                            "Triggers": [],
                            "Execution Time": 18.404
                        },
                        "any_explanation": {
                            "Plan": {
                                "Node Type": "Seq Scan",
                                "Parallel Aware": false,
                                "Async Capable": false,
                                "Relation Name": "tests_benchmark_flagtester015",
                                "Schema": "public",
                                "Alias": "tests_benchmark_flagtester015",
                                "Startup Cost": 0.0,
                                "Total Cost": 20406.01,
                                "Plan Rows": 333334,
                                "Plan Width": 12,
                                "Actual Startup Time": 0.009,
                                "Actual Total Time": 56.466,
                                "Actual Rows": 992183,
                                "Actual Loops": 1,
                                "Output": [
                                    "id",
                                    "flags"
                                ],
                                "Filter": "((tests_benchmark_flagtester015.flags & 10357) > 0)",
                                "Rows Removed by Filter": 7818,
                                "Shared Hit Blocks": 3392,
                                "Shared Read Blocks": 2014,
                                "Shared Dirtied Blocks": 0,
                                "Shared Written Blocks": 0,
                                "Local Hit Blocks": 0,
                                "Local Read Blocks": 0,
                                "Local Dirtied Blocks": 0,
                                "Local Written Blocks": 0,
                                "Temp Read Blocks": 0,
                                "Temp Written Blocks": 0,
                                "WAL Records": 0,
                                "WAL FPI": 0,
                                "WAL Bytes": 0
                            },
                            "Settings": {},
                            "Planning": {
                                "Shared Hit Blocks": 0,
                                "Shared Read Blocks": 0,
                                "Shared Dirtied Blocks": 0,
                                "Shared Written Blocks": 0,
                                "Local Hit Blocks": 0,
                                "Local Read Blocks": 0,
                                "Local Dirtied Blocks": 0,
                                "Local Written Blocks": 0,
                                "Temp Read Blocks": 0,
                                "Temp Written Blocks": 0
                            },
                            "Planning Time": 0.025,
                            "Triggers": [],
                            "Execution Time": 77.311
                        },
                        "exact_explanation": {
                            "Plan": {
                                "Node Type": "Bitmap Heap Scan",
                                "Parallel Aware": false,
                                "Async Capable": false,
                                "Relation Name": "tests_benchmark_flagtester015",
                                "Schema": "public",
                                "Alias": "tests_benchmark_flagtester015",
                                "Startup Cost": 63.17,
                                "Total Cost": 5644.65,
                                "Plan Rows": 5000,
                                "Plan Width": 12,
                                "Actual Startup Time": 0.003,
                                "Actual Total Time": 0.005,
                                "Actual Rows": 13,
                                "Actual Loops": 1,
                                "Output": [
                                    "id",
                                    "flags"
                                ],
                                "Recheck Cond": "(tests_benchmark_flagtester015.flags = 10357)",
                                "Rows Removed by Index Recheck": 0,
                                "Exact Heap Blocks": 13,
                                "Lossy Heap Blocks": 0,
                                "Shared Hit Blocks": 16,
                                "Shared Read Blocks": 0,
                                "Shared Dirtied Blocks": 0,
                                "Shared Written Blocks": 0,
                                "Local Hit Blocks": 0,
                                "Local Read Blocks": 0,
                                "Local Dirtied Blocks": 0,
                                "Local Written Blocks": 0,
                                "Temp Read Blocks": 0,
                                "Temp Written Blocks": 0,
                                "WAL Records": 0,
                                "WAL FPI": 0,
                                "WAL Bytes": 0,
                                "Plans": [
                                    {
                                        "Node Type": "Bitmap Index Scan",
                                        "Parent Relationship": "Outer",
                                        "Parallel Aware": false,
                                        "Async Capable": false,
                                        "Index Name": "flag_idx",
                                        "Startup Cost": 0.0,
                                        "Total Cost": 61.92,
                                        "Plan Rows": 5000,
                                        "Plan Width": 0,
                                        "Actual Startup Time": 0.002,
                                        "Actual Total Time": 0.002,
                                        "Actual Rows": 13,
                                        "Actual Loops": 1,
                                        "Index Cond": "(tests_benchmark_flagtester015.flags = 10357)",
                                        "Shared Hit Blocks": 3,
                                        "Shared Read Blocks": 0,
                                        "Shared Dirtied Blocks": 0,
                                        "Shared Written Blocks": 0,
                                        "Local Hit Blocks": 0,
                                        "Local Read Blocks": 0,
                                        "Local Dirtied Blocks": 0,
                                        "Local Written Blocks": 0,
                                        "Temp Read Blocks": 0,
                                        "Temp Written Blocks": 0,
                                        "WAL Records": 0,
                                        "WAL FPI": 0,
                                        "WAL Bytes": 0
                                    }
                                ]
                            },
                            "Settings": {},
                            "Planning": {
                                "Shared Hit Blocks": 0,
                                "Shared Read Blocks": 0,
                                "Shared Dirtied Blocks": 0,
                                "Shared Written Blocks": 0,
                                "Local Hit Blocks": 0,
                                "Local Read Blocks": 0,
                                "Local Dirtied Blocks": 0,
                                "Local Written Blocks": 0,
                                "Temp Read Blocks": 0,
                                "Temp Written Blocks": 0
                            },
                            "Planning Time": 0.017,
                            "Triggers": [],
                            "Execution Time": 0.009
                        },
                        "all_ftr_time": 0.017401299999999998,
                        "any_ftr_time": 0.07440000000000001,
                        "exact_ftr_time": 9.399999999999998e-06
                    },
                    "2000000": {
                        "all_time": 0.034787175098608715,
                        "any_time": 0.04234342900017509,
                        "exact_time": 0.0031741752012749203,
                        "table_size": 148897792.0,
                        "index_time": 0.4887563329975819,
                        "all_explanation": {
                            "Plan": {
                                "Node Type": "Gather",
                                "Parallel Aware": false,
                                "Async Capable": false,
                                "Startup Cost": 1000.0,
                                "Total Cost": 25311.01,
                                "Plan Rows": 10000,
                                "Plan Width": 12,
                                "Actual Startup Time": 0.085,
                                "Actual Total Time": 33.264,
                                "Actual Rows": 62546,
                                "Actual Loops": 1,
                                "Output": [
                                    "id",
                                    "flags"
                                ],
                                "Workers Planned": 2,
                                "Workers Launched": 2,
                                "Single Copy": false,
                                "Shared Hit Blocks": 3326,
                                "Shared Read Blocks": 7485,
                                "Shared Dirtied Blocks": 0,
                                "Shared Written Blocks": 0,
                                "Local Hit Blocks": 0,
                                "Local Read Blocks": 0,
                                "Local Dirtied Blocks": 0,
                                "Local Written Blocks": 0,
                                "Temp Read Blocks": 0,
                                "Temp Written Blocks": 0,
                                "WAL Records": 0,
                                "WAL FPI": 0,
                                "WAL Bytes": 0,
                                "Plans": [
                                    {
                                        "Node Type": "Seq Scan",
                                        "Parent Relationship": "Outer",
                                        "Parallel Aware": true,
                                        "Async Capable": false,
                                        "Relation Name": "tests_benchmark_flagtester015",
                                        "Schema": "public",
                                        "Alias": "tests_benchmark_flagtester015",
                                        "Startup Cost": 0.0,
                                        "Total Cost": 23311.01,
                                        "Plan Rows": 4167,
                                        "Plan Width": 12,
                                        "Actual Startup Time": 0.024,
                                        "Actual Total Time": 30.308,
                                        "Actual Rows": 20849,
                                        "Actual Loops": 3,
                                        "Output": [
                                            "id",
                                            "flags"
                                        ],
                                        "Filter": "((tests_benchmark_flagtester015.flags & 26116) = 26116)",
                                        "Rows Removed by Filter": 645818,
                                        "Shared Hit Blocks": 3326,
                                        "Shared Read Blocks": 7485,
                                        "Shared Dirtied Blocks": 0,
                                        "Shared Written Blocks": 0,
                                        "Local Hit Blocks": 0,
                                        "Local Read Blocks": 0,
                                        "Local Dirtied Blocks": 0,
                                        "Local Written Blocks": 0,
                                        "Temp Read Blocks": 0,
                                        "Temp Written Blocks": 0,
                                        "WAL Records": 0,
                                        "WAL FPI": 0,
                                        "WAL Bytes": 0,
                                        "Workers": [
                                            {
                                                "Worker Number": 0,
                                                "Actual Startup Time": 0.033,
                                                "Actual Total Time": 30.497,
                                                "Actual Rows": 20625,
                                                "Actual Loops": 1,
                                                "Shared Hit Blocks": 1101,
                                                "Shared Read Blocks": 2471,
                                                "Shared Dirtied Blocks": 0,
                                                "Shared Written Blocks": 0,
                                                "Local Hit Blocks": 0,
                                                "Local Read Blocks": 0,
                                                "Local Dirtied Blocks": 0,
                                                "Local Written Blocks": 0,
                                                "Temp Read Blocks": 0,
                                                "Temp Written Blocks": 0,
                                                "WAL Records": 0,
                                                "WAL FPI": 0,
                                                "WAL Bytes": 0
                                            },
                                            {
                                                "Worker Number": 1,
                                                "Actual Startup Time": 0.03,
                                                "Actual Total Time": 30.492,
                                                "Actual Rows": 20683,
                                                "Actual Loops": 1,
                                                "Shared Hit Blocks": 1096,
                                                "Shared Read Blocks": 2471,
                                                "Shared Dirtied Blocks": 0,
                                                "Shared Written Blocks": 0,
                                                "Local Hit Blocks": 0,
                                                "Local Read Blocks": 0,
                                                "Local Dirtied Blocks": 0,
                                                "Local Written Blocks": 0,
                                                "Temp Read Blocks": 0,
                                                "Temp Written Blocks": 0,
                                                "WAL Records": 0,
                                                "WAL FPI": 0,
                                                "WAL Bytes": 0
                                            }
                                        ]
                                    }
                                ]
                            },
                            "Settings": {},
                            "Planning": {
                                "Shared Hit Blocks": 0,
                                "Shared Read Blocks": 0,
                                "Shared Dirtied Blocks": 0,
                                "Shared Written Blocks": 0,
                                "Local Hit Blocks": 0,
                                "Local Read Blocks": 0,
                                "Local Dirtied Blocks": 0,
                                "Local Written Blocks": 0,
                                "Temp Read Blocks": 0,
                                "Temp Written Blocks": 0
                            },
                            "Planning Time": 0.048,
                            "Triggers": [],
                            "Execution Time": 34.64
                        },
                        "any_explanation": {
                            "Plan": {
                                "Node Type": "Seq Scan",
                                "Parallel Aware": false,
                                "Async Capable": false,
                                "Relation Name": "tests_benchmark_flagtester015",
                                "Schema": "public",
                                "Alias": "tests_benchmark_flagtester015",
                                "Startup Cost": 0.0,
                                "Total Cost": 40811.01,
                                "Plan Rows": 666667,
                                "Plan Width": 12,
                                "Actual Startup Time": 0.009,
                                "Actual Total Time": 107.318,
                                "Actual Rows": 1937051,
                                "Actual Loops": 1,
                                "Output": [
                                    "id",
                                    "flags"
                                ],
                                "Filter": "((tests_benchmark_flagtester015.flags & 26116) > 0)",
                                "Rows Removed by Filter": 62950,
                                "Shared Hit Blocks": 3518,
                                "Shared Read Blocks": 7293,
                                "Shared Dirtied Blocks": 0,
                                "Shared Written Blocks": 0,
                                "Local Hit Blocks": 0,
                                "Local Read Blocks": 0,
                                "Local Dirtied Blocks": 0,
                                "Local Written Blocks": 0,
                                "Temp Read Blocks": 0,
                                "Temp Written Blocks": 0,
                                "WAL Records": 0,
                                "WAL FPI": 0,
                                "WAL Bytes": 0
                            },
                            "Settings": {},
                            "Planning": {
                                "Shared Hit Blocks": 0,
                                "Shared Read Blocks": 0,
                                "Shared Dirtied Blocks": 0,
                                "Shared Written Blocks": 0,
                                "Local Hit Blocks": 0,
                                "Local Read Blocks": 0,
                                "Local Dirtied Blocks": 0,
                                "Local Written Blocks": 0,
                                "Temp Read Blocks": 0,
                                "Temp Written Blocks": 0
                            },
                            "Planning Time": 0.026,
                            "Triggers": [],
                            "Execution Time": 146.9
                        },
                        "exact_explanation": {
                            "Plan": {
                                "Node Type": "Bitmap Heap Scan",
                                "Parallel Aware": false,
                                "Async Capable": false,
                                "Relation Name": "tests_benchmark_flagtester015",
                                "Schema": "public",
                                "Alias": "tests_benchmark_flagtester015",
                                "Startup Cost": 117.93,
                                "Total Cost": 11280.12,
                                "Plan Rows": 10000,
                                "Plan Width": 12,
                                "Actual Startup Time": 0.004,
                                "Actual Total Time": 0.01,
                                "Actual Rows": 37,
                                "Actual Loops": 1,
                                "Output": [
                                    "id",
                                    "flags"
                                ],
                                "Recheck Cond": "(tests_benchmark_flagtester015.flags = 26116)",
                                "Rows Removed by Index Recheck": 0,
                                "Exact Heap Blocks": 37,
                                "Lossy Heap Blocks": 0,
                                "Shared Hit Blocks": 40,
                                "Shared Read Blocks": 0,
                                "Shared Dirtied Blocks": 0,
                                "Shared Written Blocks": 0,
                                "Local Hit Blocks": 0,
                                "Local Read Blocks": 0,
                                "Local Dirtied Blocks": 0,
                                "Local Written Blocks": 0,
                                "Temp Read Blocks": 0,
                                "Temp Written Blocks": 0,
                                "WAL Records": 0,
                                "WAL FPI": 0,
                                "WAL Bytes": 0,
                                "Plans": [
                                    {
                                        "Node Type": "Bitmap Index Scan",
                                        "Parent Relationship": "Outer",
                                        "Parallel Aware": false,
                                        "Async Capable": false,
                                        "Index Name": "flag_idx",
                                        "Startup Cost": 0.0,
                                        "Total Cost": 115.43,
                                        "Plan Rows": 10000,
                                        "Plan Width": 0,
                                        "Actual Startup Time": 0.002,
                                        "Actual Total Time": 0.002,
                                        "Actual Rows": 37,
                                        "Actual Loops": 1,
                                        "Index Cond": "(tests_benchmark_flagtester015.flags = 26116)",
                                        "Shared Hit Blocks": 3,
                                        "Shared Read Blocks": 0,
                                        "Shared Dirtied Blocks": 0,
                                        "Shared Written Blocks": 0,
                                        "Local Hit Blocks": 0,
                                        "Local Read Blocks": 0,
                                        "Local Dirtied Blocks": 0,
                                        "Local Written Blocks": 0,
                                        "Temp Read Blocks": 0,
                                        "Temp Written Blocks": 0,
                                        "WAL Records": 0,
                                        "WAL FPI": 0,
                                        "WAL Bytes": 0
                                    }
                                ]
                            },
                            "Settings": {},
                            "Planning": {
                                "Shared Hit Blocks": 0,
                                "Shared Read Blocks": 0,
                                "Shared Dirtied Blocks": 0,
                                "Shared Written Blocks": 0,
                                "Local Hit Blocks": 0,
                                "Local Read Blocks": 0,
                                "Local Dirtied Blocks": 0,
                                "Local Written Blocks": 0,
                                "Temp Read Blocks": 0,
                                "Temp Written Blocks": 0
                            },
                            "Planning Time": 0.008,
                            "Triggers": [],
                            "Execution Time": 0.013
                        },
                        "all_ftr_time": 0.033228400000000005,
                        "any_ftr_time": 0.15035130000000005,
                        "exact_ftr_time": 1.2699999999999997e-05
                    },
                    "4000000": {
                        "all_time": 0.06499524600221776,
                        "any_time": 0.07994803749897983,
                        "exact_time": 0.0031263707045582124,
                        "table_size": 294649856.0,
                        "index_time": 0.8970414159994107,
                        "all_explanation": {
                            "Plan": {
                                "Node Type": "Gather",
                                "Parallel Aware": false,
                                "Async Capable": false,
                                "Startup Cost": 1000.0,
                                "Total Cost": 49622.01,
                                "Plan Rows": 20000,
                                "Plan Width": 12,
                                "Actual Startup Time": 0.086,
                                "Actual Total Time": 62.538,
                                "Actual Rows": 7790,
                                "Actual Loops": 1,
                                "Output": [
                                    "id",
                                    "flags"
                                ],
                                "Workers Planned": 2,
                                "Workers Launched": 2,
                                "Single Copy": false,
                                "Shared Hit Blocks": 3623,
                                "Shared Read Blocks": 17999,
                                "Shared Dirtied Blocks": 0,
                                "Shared Written Blocks": 0,
                                "Local Hit Blocks": 0,
                                "Local Read Blocks": 0,
                                "Local Dirtied Blocks": 0,
                                "Local Written Blocks": 0,
                                "Temp Read Blocks": 0,
                                "Temp Written Blocks": 0,
                                "WAL Records": 0,
                                "WAL FPI": 0,
                                "WAL Bytes": 0,
                                "Plans": [
                                    {
                                        "Node Type": "Seq Scan",
                                        "Parent Relationship": "Outer",
                                        "Parallel Aware": true,
                                        "Async Capable": false,
                                        "Relation Name": "tests_benchmark_flagtester015",
                                        "Schema": "public",
                                        "Alias": "tests_benchmark_flagtester015",
                                        "Startup Cost": 0.0,
                                        "Total Cost": 46622.01,
                                        "Plan Rows": 8333,
                                        "Plan Width": 12,
                                        "Actual Startup Time": 0.085,
                                        "Actual Total Time": 60.204,
                                        "Actual Rows": 2597,
                                        "Actual Loops": 3,
                                        "Output": [
                                            "id",
                                            "flags"
                                        ],
                                        "Filter": "((tests_benchmark_flagtester015.flags & 56077) = 56077)",
                                        "Rows Removed by Filter": 1330737,
                                        "Shared Hit Blocks": 3623,
                                        "Shared Read Blocks": 17999,
                                        "Shared Dirtied Blocks": 0,
                                        "Shared Written Blocks": 0,
                                        "Local Hit Blocks": 0,
                                        "Local Read Blocks": 0,
                                        "Local Dirtied Blocks": 0,
                                        "Local Written Blocks": 0,
                                        "Temp Read Blocks": 0,
                                        "Temp Written Blocks": 0,
                                        "WAL Records": 0,
                                        "WAL FPI": 0,
                                        "WAL Bytes": 0,
                                        "Workers": [
                                            {
                                                "Worker Number": 0,
                                                "Actual Startup Time": 0.147,
                                                "Actual Total Time": 59.649,
                                                "Actual Rows": 2506,
                                                "Actual Loops": 1,
                                                "Shared Hit Blocks": 1166,
                                                "Shared Read Blocks": 5904,
                                                "Shared Dirtied Blocks": 0,
                                                "Shared Written Blocks": 0,
                                                "Local Hit Blocks": 0,
                                                "Local Read Blocks": 0,
                                                "Local Dirtied Blocks": 0,
                                                "Local Written Blocks": 0,
                                                "Temp Read Blocks": 0,
                                                "Temp Written Blocks": 0,
                                                "WAL Records": 0,
                                                "WAL FPI": 0,
                                                "WAL Bytes": 0
                                            },
                                            {
                                                "Worker Number": 1,
                                                "Actual Startup Time": 0.08,
                                                "Actual Total Time": 59.649,
                                                "Actual Rows": 2600,
                                                "Actual Loops": 1,
                                                "Shared Hit Blocks": 1183,
                                                "Shared Read Blocks": 5892,
                                                "Shared Dirtied Blocks": 0,
                                                "Shared Written Blocks": 0,
                                                "Local Hit Blocks": 0,
                                                "Local Read Blocks": 0,
                                                "Local Dirtied Blocks": 0,
                                                "Local Written Blocks": 0,
                                                "Temp Read Blocks": 0,
                                                "Temp Written Blocks": 0,
                                                "WAL Records": 0,
                                                "WAL FPI": 0,
                                                "WAL Bytes": 0
                                            }
                                        ]
                                    }
                                ]
                            },
                            "Settings": {},
                            "Planning": {
                                "Shared Hit Blocks": 0,
                                "Shared Read Blocks": 0,
                                "Shared Dirtied Blocks": 0,
                                "Shared Written Blocks": 0,
                                "Local Hit Blocks": 0,
                                "Local Read Blocks": 0,
                                "Local Dirtied Blocks": 0,
                                "Local Written Blocks": 0,
                                "Temp Read Blocks": 0,
                                "Temp Written Blocks": 0
                            },
                            "Planning Time": 0.029,
                            "Triggers": [],
                            "Execution Time": 62.723
                        },
                        "any_explanation": {
                            "Plan": {
                                "Node Type": "Seq Scan",
                                "Parallel Aware": false,
                                "Async Capable": false,
                                "Relation Name": "tests_benchmark_flagtester015",
                                "Schema": "public",
                                "Alias": "tests_benchmark_flagtester015",
                                "Startup Cost": 0.0,
                                "Total Cost": 81622.01,
                                "Plan Rows": 1333334,
                                "Plan Width": 12,
                                "Actual Startup Time": 0.009,
                                "Actual Total Time": 222.989,
                                "Actual Rows": 3992309,
                                "Actual Loops": 1,
                                "Output": [
                                    "id",
                                    "flags"
                                ],
                                "Filter": "((tests_benchmark_flagtester015.flags & 56077) > 0)",
                                "Rows Removed by Filter": 7692,
                                "Shared Hit Blocks": 3815,
                                "Shared Read Blocks": 17807,
                                "Shared Dirtied Blocks": 0,
                                "Shared Written Blocks": 0,
                                "Local Hit Blocks": 0,
                                "Local Read Blocks": 0,
                                "Local Dirtied Blocks": 0,
                                "Local Written Blocks": 0,
                                "Temp Read Blocks": 0,
                                "Temp Written Blocks": 0,
                                "WAL Records": 0,
                                "WAL FPI": 0,
                                "WAL Bytes": 0
                            },
                            "Settings": {},
                            "Planning": {
                                "Shared Hit Blocks": 0,
                                "Shared Read Blocks": 0,
                                "Shared Dirtied Blocks": 0,
                                "Shared Written Blocks": 0,
                                "Local Hit Blocks": 0,
                                "Local Read Blocks": 0,
                                "Local Dirtied Blocks": 0,
                                "Local Written Blocks": 0,
                                "Temp Read Blocks": 0,
                                "Temp Written Blocks": 0
                            },
                            "Planning Time": 0.027,
                            "Triggers": [],
                            "Execution Time": 304.514
                        },
                        "exact_explanation": {
                            "Plan": {
                                "Node Type": "Bitmap Heap Scan",
                                "Parallel Aware": false,
                                "Async Capable": false,
                                "Relation Name": "tests_benchmark_flagtester015",
                                "Schema": "public",
                                "Alias": "tests_benchmark_flagtester015",
                                "Startup Cost": 4.92,
                                "Total Cost": 247.5,
                                "Plan Rows": 63,
                                "Plan Width": 12,
                                "Actual Startup Time": 0.005,
                                "Actual Total Time": 0.013,
                                "Actual Rows": 49,
                                "Actual Loops": 1,
                                "Output": [
                                    "id",
                                    "flags"
                                ],
                                "Recheck Cond": "(tests_benchmark_flagtester015.flags = 56077)",
                                "Rows Removed by Index Recheck": 0,
                                "Exact Heap Blocks": 49,
                                "Lossy Heap Blocks": 0,
                                "Shared Hit Blocks": 52,
                                "Shared Read Blocks": 0,
                                "Shared Dirtied Blocks": 0,
                                "Shared Written Blocks": 0,
                                "Local Hit Blocks": 0,
                                "Local Read Blocks": 0,
                                "Local Dirtied Blocks": 0,
                                "Local Written Blocks": 0,
                                "Temp Read Blocks": 0,
                                "Temp Written Blocks": 0,
                                "WAL Records": 0,
                                "WAL FPI": 0,
                                "WAL Bytes": 0,
                                "Plans": [
                                    {
                                        "Node Type": "Bitmap Index Scan",
                                        "Parent Relationship": "Outer",
                                        "Parallel Aware": false,
                                        "Async Capable": false,
                                        "Index Name": "flag_idx",
                                        "Startup Cost": 0.0,
                                        "Total Cost": 4.9,
                                        "Plan Rows": 63,
                                        "Plan Width": 0,
                                        "Actual Startup Time": 0.003,
                                        "Actual Total Time": 0.003,
                                        "Actual Rows": 49,
                                        "Actual Loops": 1,
                                        "Index Cond": "(tests_benchmark_flagtester015.flags = 56077)",
                                        "Shared Hit Blocks": 3,
                                        "Shared Read Blocks": 0,
                                        "Shared Dirtied Blocks": 0,
                                        "Shared Written Blocks": 0,
                                        "Local Hit Blocks": 0,
                                        "Local Read Blocks": 0,
                                        "Local Dirtied Blocks": 0,
                                        "Local Written Blocks": 0,
                                        "Temp Read Blocks": 0,
                                        "Temp Written Blocks": 0,
                                        "WAL Records": 0,
                                        "WAL FPI": 0,
                                        "WAL Bytes": 0
                                    }
                                ]
                            },
                            "Settings": {},
                            "Planning": {
                                "Shared Hit Blocks": 0,
                                "Shared Read Blocks": 0,
                                "Shared Dirtied Blocks": 0,
                                "Shared Written Blocks": 0,
                                "Local Hit Blocks": 0,
                                "Local Read Blocks": 0,
                                "Local Dirtied Blocks": 0,
                                "Local Written Blocks": 0,
                                "Temp Read Blocks": 0,
                                "Temp Written Blocks": 0
                            },
                            "Planning Time": 0.009,
                            "Triggers": [],
                            "Execution Time": 0.018
                        },
                        "all_ftr_time": 0.06322889999999999,
                        "any_ftr_time": 0.3006376,
                        "exact_ftr_time": 2.01e-05
                    },
                    "6000000": {
                        "all_time": 0.09409703760175034,
                        "any_time": 0.1153195045000757,
                        "exact_time": 0.0035326998971868307,
                        "table_size": 442499072.0,
                        "index_time": 1.3402566250006203,
                        "all_explanation": {
                            "Plan": {
                                "Node Type": "Gather",
                                "Parallel Aware": false,
                                "Async Capable": false,
                                "Startup Cost": 1000.0,
                                "Total Cost": 73933.01,
                                "Plan Rows": 30000,
                                "Plan Width": 12,
                                "Actual Startup Time": 0.057,
                                "Actual Total Time": 100.26,
                                "Actual Rows": 23669,
                                "Actual Loops": 1,
                                "Output": [
                                    "id",
                                    "flags"
                                ],
                                "Workers Planned": 2,
                                "Workers Launched": 2,
                                "Single Copy": false,
                                "Shared Hit Blocks": 3904,
                                "Shared Read Blocks": 28529,
                                "Shared Dirtied Blocks": 0,
                                "Shared Written Blocks": 0,
                                "Local Hit Blocks": 0,
                                "Local Read Blocks": 0,
                                "Local Dirtied Blocks": 0,
                                "Local Written Blocks": 0,
                                "Temp Read Blocks": 0,
                                "Temp Written Blocks": 0,
                                "WAL Records": 0,
                                "WAL FPI": 0,
                                "WAL Bytes": 0,
                                "Plans": [
                                    {
                                        "Node Type": "Seq Scan",
                                        "Parent Relationship": "Outer",
                                        "Parallel Aware": true,
                                        "Async Capable": false,
                                        "Relation Name": "tests_benchmark_flagtester015",
                                        "Schema": "public",
                                        "Alias": "tests_benchmark_flagtester015",
                                        "Startup Cost": 0.0,
                                        "Total Cost": 69933.01,
                                        "Plan Rows": 12500,
                                        "Plan Width": 12,
                                        "Actual Startup Time": 0.021,
                                        "Actual Total Time": 97.852,
                                        "Actual Rows": 7890,
                                        "Actual Loops": 3,
                                        "Output": [
                                            "id",
                                            "flags"
                                        ],
                                        "Filter": "((tests_benchmark_flagtester015.flags & 36412) = 36412)",
                                        "Rows Removed by Filter": 1992111,
                                        "Shared Hit Blocks": 3904,
                                        "Shared Read Blocks": 28529,
                                        "Shared Dirtied Blocks": 0,
                                        "Shared Written Blocks": 0,
                                        "Local Hit Blocks": 0,
                                        "Local Read Blocks": 0,
                                        "Local Dirtied Blocks": 0,
                                        "Local Written Blocks": 0,
                                        "Temp Read Blocks": 0,
                                        "Temp Written Blocks": 0,
                                        "WAL Records": 0,
                                        "WAL FPI": 0,
                                        "WAL Bytes": 0,
                                        "Workers": [
                                            {
                                                "Worker Number": 0,
                                                "Actual Startup Time": 0.025,
                                                "Actual Total Time": 97.519,
                                                "Actual Rows": 7836,
                                                "Actual Loops": 1,
                                                "Shared Hit Blocks": 1256,
                                                "Shared Read Blocks": 9438,
                                                "Shared Dirtied Blocks": 0,
                                                "Shared Written Blocks": 0,
                                                "Local Hit Blocks": 0,
                                                "Local Read Blocks": 0,
                                                "Local Dirtied Blocks": 0,
                                                "Local Written Blocks": 0,
                                                "Temp Read Blocks": 0,
                                                "Temp Written Blocks": 0,
                                                "WAL Records": 0,
                                                "WAL FPI": 0,
                                                "WAL Bytes": 0
                                            },
                                            {
                                                "Worker Number": 1,
                                                "Actual Startup Time": 0.027,
                                                "Actual Total Time": 97.576,
                                                "Actual Rows": 7791,
                                                "Actual Loops": 1,
                                                "Shared Hit Blocks": 1282,
                                                "Shared Read Blocks": 9405,
                                                "Shared Dirtied Blocks": 0,
                                                "Shared Written Blocks": 0,
                                                "Local Hit Blocks": 0,
                                                "Local Read Blocks": 0,
                                                "Local Dirtied Blocks": 0,
                                                "Local Written Blocks": 0,
                                                "Temp Read Blocks": 0,
                                                "Temp Written Blocks": 0,
                                                "WAL Records": 0,
                                                "WAL FPI": 0,
                                                "WAL Bytes": 0
                                            }
                                        ]
                                    }
                                ]
                            },
                            "Settings": {},
                            "Planning": {
                                "Shared Hit Blocks": 0,
                                "Shared Read Blocks": 0,
                                "Shared Dirtied Blocks": 0,
                                "Shared Written Blocks": 0,
                                "Local Hit Blocks": 0,
                                "Local Read Blocks": 0,
                                "Local Dirtied Blocks": 0,
                                "Local Written Blocks": 0,
                                "Temp Read Blocks": 0,
                                "Temp Written Blocks": 0
                            },
                            "Planning Time": 0.026,
                            "Triggers": [],
                            "Execution Time": 100.799
                        },
                        "any_explanation": {
                            "Plan": {
                                "Node Type": "Seq Scan",
                                "Parallel Aware": false,
                                "Async Capable": false,
                                "Relation Name": "tests_benchmark_flagtester015",
                                "Schema": "public",
                                "Alias": "tests_benchmark_flagtester015",
                                "Startup Cost": 0.0,
                                "Total Cost": 122433.01,
                                "Plan Rows": 2000000,
                                "Plan Width": 12,
                                "Actual Startup Time": 0.01,
                                "Actual Total Time": 330.547,
                                "Actual Rows": 5976516,
                                "Actual Loops": 1,
                                "Output": [
                                    "id",
                                    "flags"
                                ],
                                "Filter": "((tests_benchmark_flagtester015.flags & 36412) > 0)",
                                "Rows Removed by Filter": 23485,
                                "Shared Hit Blocks": 4096,
                                "Shared Read Blocks": 28337,
                                "Shared Dirtied Blocks": 0,
                                "Shared Written Blocks": 0,
                                "Local Hit Blocks": 0,
                                "Local Read Blocks": 0,
                                "Local Dirtied Blocks": 0,
                                "Local Written Blocks": 0,
                                "Temp Read Blocks": 0,
                                "Temp Written Blocks": 0,
                                "WAL Records": 0,
                                "WAL FPI": 0,
                                "WAL Bytes": 0
                            },
                            "Settings": {},
                            "Planning": {
                                "Shared Hit Blocks": 0,
                                "Shared Read Blocks": 0,
                                "Shared Dirtied Blocks": 0,
                                "Shared Written Blocks": 0,
                                "Local Hit Blocks": 0,
                                "Local Read Blocks": 0,
                                "Local Dirtied Blocks": 0,
                                "Local Written Blocks": 0,
                                "Temp Read Blocks": 0,
                                "Temp Written Blocks": 0
                            },
                            "Planning Time": 0.038,
                            "Triggers": [],
                            "Execution Time": 452.667
                        },
                        "exact_explanation": {
                            "Plan": {
                                "Node Type": "Bitmap Heap Scan",
                                "Parallel Aware": false,
                                "Async Capable": false,
                                "Relation Name": "tests_benchmark_flagtester015",
                                "Schema": "public",
                                "Alias": "tests_benchmark_flagtester015",
                                "Startup Cost": 5.15,
                                "Total Cost": 359.6,
                                "Plan Rows": 92,
                                "Plan Width": 12,
                                "Actual Startup Time": 0.009,
                                "Actual Total Time": 0.03,
                                "Actual Rows": 122,
                                "Actual Loops": 1,
                                "Output": [
                                    "id",
                                    "flags"
                                ],
                                "Recheck Cond": "(tests_benchmark_flagtester015.flags = 36412)",
                                "Rows Removed by Index Recheck": 0,
                                "Exact Heap Blocks": 122,
                                "Lossy Heap Blocks": 0,
                                "Shared Hit Blocks": 125,
                                "Shared Read Blocks": 0,
                                "Shared Dirtied Blocks": 0,
                                "Shared Written Blocks": 0,
                                "Local Hit Blocks": 0,
                                "Local Read Blocks": 0,
                                "Local Dirtied Blocks": 0,
                                "Local Written Blocks": 0,
                                "Temp Read Blocks": 0,
                                "Temp Written Blocks": 0,
                                "WAL Records": 0,
                                "WAL FPI": 0,
                                "WAL Bytes": 0,
                                "Plans": [
                                    {
                                        "Node Type": "Bitmap Index Scan",
                                        "Parent Relationship": "Outer",
                                        "Parallel Aware": false,
                                        "Async Capable": false,
                                        "Index Name": "flag_idx",
                                        "Startup Cost": 0.0,
                                        "Total Cost": 5.12,
                                        "Plan Rows": 92,
                                        "Plan Width": 0,
                                        "Actual Startup Time": 0.004,
                                        "Actual Total Time": 0.004,
                                        "Actual Rows": 122,
                                        "Actual Loops": 1,
                                        "Index Cond": "(tests_benchmark_flagtester015.flags = 36412)",
                                        "Shared Hit Blocks": 3,
                                        "Shared Read Blocks": 0,
                                        "Shared Dirtied Blocks": 0,
                                        "Shared Written Blocks": 0,
                                        "Local Hit Blocks": 0,
                                        "Local Read Blocks": 0,
                                        "Local Dirtied Blocks": 0,
                                        "Local Written Blocks": 0,
                                        "Temp Read Blocks": 0,
                                        "Temp Written Blocks": 0,
                                        "WAL Records": 0,
                                        "WAL FPI": 0,
                                        "WAL Bytes": 0
                                    }
                                ]
                            },
                            "Settings": {},
                            "Planning": {
                                "Shared Hit Blocks": 0,
                                "Shared Read Blocks": 0,
                                "Shared Dirtied Blocks": 0,
                                "Shared Written Blocks": 0,
                                "Local Hit Blocks": 0,
                                "Local Read Blocks": 0,
                                "Local Dirtied Blocks": 0,
                                "Local Written Blocks": 0,
                                "Temp Read Blocks": 0,
                                "Temp Written Blocks": 0
                            },
                            "Planning Time": 0.01,
                            "Triggers": [],
                            "Execution Time": 0.036
                        },
                        "all_ftr_time": 0.0954324,
                        "any_ftr_time": 0.4442586,
                        "exact_ftr_time": 2.8099999999999995e-05
                    },
                    "8000000": {
                        "all_time": 0.12346317100018496,
                        "any_time": 0.15245375000085915,
                        "exact_time": 0.003146483103046194,
                        "table_size": 591396864.0,
                        "index_time": 1.7696371669881046,
                        "all_explanation": {
                            "Plan": {
                                "Node Type": "Gather",
                                "Parallel Aware": false,
                                "Async Capable": false,
                                "Startup Cost": 1000.0,
                                "Total Cost": 98244.01,
                                "Plan Rows": 40000,
                                "Plan Width": 12,
                                "Actual Startup Time": 0.058,
                                "Actual Total Time": 122.729,
                                "Actual Rows": 62953,
                                "Actual Loops": 1,
                                "Output": [
                                    "id",
                                    "flags"
                                ],
                                "Workers Planned": 2,
                                "Workers Launched": 2,
                                "Single Copy": false,
                                "Shared Hit Blocks": 4138,
                                "Shared Read Blocks": 39106,
                                "Shared Dirtied Blocks": 0,
                                "Shared Written Blocks": 0,
                                "Local Hit Blocks": 0,
                                "Local Read Blocks": 0,
                                "Local Dirtied Blocks": 0,
                                "Local Written Blocks": 0,
                                "Temp Read Blocks": 0,
                                "Temp Written Blocks": 0,
                                "WAL Records": 0,
                                "WAL FPI": 0,
                                "WAL Bytes": 0,
                                "Plans": [
                                    {
                                        "Node Type": "Seq Scan",
                                        "Parent Relationship": "Outer",
                                        "Parallel Aware": true,
                                        "Async Capable": false,
                                        "Relation Name": "tests_benchmark_flagtester015",
                                        "Schema": "public",
                                        "Alias": "tests_benchmark_flagtester015",
                                        "Startup Cost": 0.0,
                                        "Total Cost": 93244.01,
                                        "Plan Rows": 16667,
                                        "Plan Width": 12,
                                        "Actual Startup Time": 0.025,
                                        "Actual Total Time": 119.92,
                                        "Actual Rows": 20984,
                                        "Actual Loops": 3,
                                        "Output": [
                                            "id",
                                            "flags"
                                        ],
                                        "Filter": "((tests_benchmark_flagtester015.flags & 9464) = 9464)",
                                        "Rows Removed by Filter": 2645683,
                                        "Shared Hit Blocks": 4138,
                                        "Shared Read Blocks": 39106,
                                        "Shared Dirtied Blocks": 0,
                                        "Shared Written Blocks": 0,
                                        "Local Hit Blocks": 0,
                                        "Local Read Blocks": 0,
                                        "Local Dirtied Blocks": 0,
                                        "Local Written Blocks": 0,
                                        "Temp Read Blocks": 0,
                                        "Temp Written Blocks": 0,
                                        "WAL Records": 0,
                                        "WAL FPI": 0,
                                        "WAL Bytes": 0,
                                        "Workers": [
                                            {
                                                "Worker Number": 0,
                                                "Actual Startup Time": 0.04,
                                                "Actual Total Time": 120.139,
                                                "Actual Rows": 20998,
                                                "Actual Loops": 1,
                                                "Shared Hit Blocks": 1346,
                                                "Shared Read Blocks": 13013,
                                                "Shared Dirtied Blocks": 0,
                                                "Shared Written Blocks": 0,
                                                "Local Hit Blocks": 0,
                                                "Local Read Blocks": 0,
                                                "Local Dirtied Blocks": 0,
                                                "Local Written Blocks": 0,
                                                "Temp Read Blocks": 0,
                                                "Temp Written Blocks": 0,
                                                "WAL Records": 0,
                                                "WAL FPI": 0,
                                                "WAL Bytes": 0
                                            },
                                            {
                                                "Worker Number": 1,
                                                "Actual Startup Time": 0.026,
                                                "Actual Total Time": 120.13,
                                                "Actual Rows": 20780,
                                                "Actual Loops": 1,
                                                "Shared Hit Blocks": 1345,
                                                "Shared Read Blocks": 13004,
                                                "Shared Dirtied Blocks": 0,
                                                "Shared Written Blocks": 0,
                                                "Local Hit Blocks": 0,
                                                "Local Read Blocks": 0,
                                                "Local Dirtied Blocks": 0,
                                                "Local Written Blocks": 0,
                                                "Temp Read Blocks": 0,
                                                "Temp Written Blocks": 0,
                                                "WAL Records": 0,
                                                "WAL FPI": 0,
                                                "WAL Bytes": 0
                                            }
                                        ]
                                    }
                                ]
                            },
                            "Settings": {},
                            "Planning": {
                                "Shared Hit Blocks": 0,
                                "Shared Read Blocks": 0,
                                "Shared Dirtied Blocks": 0,
                                "Shared Written Blocks": 0,
                                "Local Hit Blocks": 0,
                                "Local Read Blocks": 0,
                                "Local Dirtied Blocks": 0,
                                "Local Written Blocks": 0,
                                "Temp Read Blocks": 0,
                                "Temp Written Blocks": 0
                            },
                            "Planning Time": 0.027,
                            "Triggers": [],
                            "Execution Time": 124.131
                        },
                        "any_explanation": {
                            "Plan": {
                                "Node Type": "Seq Scan",
                                "Parallel Aware": false,
                                "Async Capable": false,
                                "Relation Name": "tests_benchmark_flagtester015",
                                "Schema": "public",
                                "Alias": "tests_benchmark_flagtester015",
                                "Startup Cost": 0.0,
                                "Total Cost": 163244.02,
                                "Plan Rows": 2666667,
                                "Plan Width": 12,
                                "Actual Startup Time": 0.006,
                                "Actual Total Time": 438.45,
                                "Actual Rows": 7937010,
                                "Actual Loops": 1,
                                "Output": [
                                    "id",
                                    "flags"
                                ],
                                "Filter": "((tests_benchmark_flagtester015.flags & 9464) > 0)",
                                "Rows Removed by Filter": 62991,
                                "Shared Hit Blocks": 4330,
                                "Shared Read Blocks": 38914,
                                "Shared Dirtied Blocks": 0,
                                "Shared Written Blocks": 0,
                                "Local Hit Blocks": 0,
                                "Local Read Blocks": 0,
                                "Local Dirtied Blocks": 0,
                                "Local Written Blocks": 0,
                                "Temp Read Blocks": 0,
                                "Temp Written Blocks": 0,
                                "WAL Records": 0,
                                "WAL FPI": 0,
                                "WAL Bytes": 0
                            },
                            "Settings": {},
                            "Planning": {
                                "Shared Hit Blocks": 0,
                                "Shared Read Blocks": 0,
                                "Shared Dirtied Blocks": 0,
                                "Shared Written Blocks": 0,
                                "Local Hit Blocks": 0,
                                "Local Read Blocks": 0,
                                "Local Dirtied Blocks": 0,
                                "Local Written Blocks": 0,
                                "Temp Read Blocks": 0,
                                "Temp Written Blocks": 0
                            },
                            "Planning Time": 0.027,
                            "Triggers": [],
                            "Execution Time": 601.265
                        },
                        "exact_explanation": {
                            "Plan": {
                                "Node Type": "Bitmap Heap Scan",
                                "Parallel Aware": false,
                                "Async Capable": false,
                                "Relation Name": "tests_benchmark_flagtester015",
                                "Schema": "public",
                                "Alias": "tests_benchmark_flagtester015",
                                "Startup Cost": 5.39,
                                "Total Cost": 479.24,
                                "Plan Rows": 123,
                                "Plan Width": 12,
                                "Actual Startup Time": 0.009,
                                "Actual Total Time": 0.028,
                                "Actual Rows": 122,
                                "Actual Loops": 1,
                                "Output": [
                                    "id",
                                    "flags"
                                ],
                                "Recheck Cond": "(tests_benchmark_flagtester015.flags = 9464)",
                                "Rows Removed by Index Recheck": 0,
                                "Exact Heap Blocks": 121,
                                "Lossy Heap Blocks": 0,
                                "Shared Hit Blocks": 124,
                                "Shared Read Blocks": 0,
                                "Shared Dirtied Blocks": 0,
                                "Shared Written Blocks": 0,
                                "Local Hit Blocks": 0,
                                "Local Read Blocks": 0,
                                "Local Dirtied Blocks": 0,
                                "Local Written Blocks": 0,
                                "Temp Read Blocks": 0,
                                "Temp Written Blocks": 0,
                                "WAL Records": 0,
                                "WAL FPI": 0,
                                "WAL Bytes": 0,
                                "Plans": [
                                    {
                                        "Node Type": "Bitmap Index Scan",
                                        "Parent Relationship": "Outer",
                                        "Parallel Aware": false,
                                        "Async Capable": false,
                                        "Index Name": "flag_idx",
                                        "Startup Cost": 0.0,
                                        "Total Cost": 5.36,
                                        "Plan Rows": 123,
                                        "Plan Width": 0,
                                        "Actual Startup Time": 0.004,
                                        "Actual Total Time": 0.004,
                                        "Actual Rows": 122,
                                        "Actual Loops": 1,
                                        "Index Cond": "(tests_benchmark_flagtester015.flags = 9464)",
                                        "Shared Hit Blocks": 3,
                                        "Shared Read Blocks": 0,
                                        "Shared Dirtied Blocks": 0,
                                        "Shared Written Blocks": 0,
                                        "Local Hit Blocks": 0,
                                        "Local Read Blocks": 0,
                                        "Local Dirtied Blocks": 0,
                                        "Local Written Blocks": 0,
                                        "Temp Read Blocks": 0,
                                        "Temp Written Blocks": 0,
                                        "WAL Records": 0,
                                        "WAL FPI": 0,
                                        "WAL Bytes": 0
                                    }
                                ]
                            },
                            "Settings": {},
                            "Planning": {
                                "Shared Hit Blocks": 0,
                                "Shared Read Blocks": 0,
                                "Shared Dirtied Blocks": 0,
                                "Shared Written Blocks": 0,
                                "Local Hit Blocks": 0,
                                "Local Read Blocks": 0,
                                "Local Dirtied Blocks": 0,
                                "Local Written Blocks": 0,
                                "Temp Read Blocks": 0,
                                "Temp Written Blocks": 0
                            },
                            "Planning Time": 0.009,
                            "Triggers": [],
                            "Execution Time": 0.033
                        },
                        "all_ftr_time": 0.1243572,
                        "any_ftr_time": 0.5962845,
                        "exact_ftr_time": 3.3600000000000004e-05
                    },
                    "10000000": {
                        "all_time": 0.1559212205989752,
                        "any_time": 0.19811121270031434,
                        "exact_time": 0.003160325199132785,
                        "table_size": 736100352.0,
                        "index_time": 2.2250699589931173,
                        "all_explanation": {
                            "Plan": {
                                "Node Type": "Gather",
                                "Parallel Aware": false,
                                "Async Capable": false,
                                "Startup Cost": 1000.0,
                                "Total Cost": 122555.01,
                                "Plan Rows": 50000,
                                "Plan Width": 12,
                                "Actual Startup Time": 0.14,
                                "Actual Total Time": 154.887,
                                "Actual Rows": 19595,
                                "Actual Loops": 1,
                                "Output": [
                                    "id",
                                    "flags"
                                ],
                                "Workers Planned": 2,
                                "Workers Launched": 2,
                                "Single Copy": false,
                                "Shared Hit Blocks": 4372,
                                "Shared Read Blocks": 49683,
                                "Shared Dirtied Blocks": 0,
                                "Shared Written Blocks": 0,
                                "Local Hit Blocks": 0,
                                "Local Read Blocks": 0,
                                "Local Dirtied Blocks": 0,
                                "Local Written Blocks": 0,
                                "Temp Read Blocks": 0,
                                "Temp Written Blocks": 0,
                                "WAL Records": 0,
                                "WAL FPI": 0,
                                "WAL Bytes": 0,
                                "Plans": [
                                    {
                                        "Node Type": "Seq Scan",
                                        "Parent Relationship": "Outer",
                                        "Parallel Aware": true,
                                        "Async Capable": false,
                                        "Relation Name": "tests_benchmark_flagtester015",
                                        "Schema": "public",
                                        "Alias": "tests_benchmark_flagtester015",
                                        "Startup Cost": 0.0,
                                        "Total Cost": 116555.01,
                                        "Plan Rows": 20833,
                                        "Plan Width": 12,
                                        "Actual Startup Time": 0.051,
                                        "Actual Total Time": 152.156,
                                        "Actual Rows": 6532,
                                        "Actual Loops": 3,
                                        "Output": [
                                            "id",
                                            "flags"
                                        ],
                                        "Filter": "((tests_benchmark_flagtester015.flags & 21821) = 21821)",
                                        "Rows Removed by Filter": 3326802,
                                        "Shared Hit Blocks": 4372,
                                        "Shared Read Blocks": 49683,
                                        "Shared Dirtied Blocks": 0,
                                        "Shared Written Blocks": 0,
                                        "Local Hit Blocks": 0,
                                        "Local Read Blocks": 0,
                                        "Local Dirtied Blocks": 0,
                                        "Local Written Blocks": 0,
                                        "Temp Read Blocks": 0,
                                        "Temp Written Blocks": 0,
                                        "WAL Records": 0,
                                        "WAL FPI": 0,
                                        "WAL Bytes": 0,
                                        "Workers": [
                                            {
                                                "Worker Number": 0,
                                                "Actual Startup Time": 0.05,
                                                "Actual Total Time": 151.704,
                                                "Actual Rows": 6499,
                                                "Actual Loops": 1,
                                                "Shared Hit Blocks": 1401,
                                                "Shared Read Blocks": 16481,
                                                "Shared Dirtied Blocks": 0,
                                                "Shared Written Blocks": 0,
                                                "Local Hit Blocks": 0,
                                                "Local Read Blocks": 0,
                                                "Local Dirtied Blocks": 0,
                                                "Local Written Blocks": 0,
                                                "Temp Read Blocks": 0,
                                                "Temp Written Blocks": 0,
                                                "WAL Records": 0,
                                                "WAL FPI": 0,
                                                "WAL Bytes": 0
                                            },
                                            {
                                                "Worker Number": 1,
                                                "Actual Startup Time": 0.031,
                                                "Actual Total Time": 151.706,
                                                "Actual Rows": 6448,
                                                "Actual Loops": 1,
                                                "Shared Hit Blocks": 1411,
                                                "Shared Read Blocks": 16439,
                                                "Shared Dirtied Blocks": 0,
                                                "Shared Written Blocks": 0,
                                                "Local Hit Blocks": 0,
                                                "Local Read Blocks": 0,
                                                "Local Dirtied Blocks": 0,
                                                "Local Written Blocks": 0,
                                                "Temp Read Blocks": 0,
                                                "Temp Written Blocks": 0,
                                                "WAL Records": 0,
                                                "WAL FPI": 0,
                                                "WAL Bytes": 0
                                            }
                                        ]
                                    }
                                ]
                            },
                            "Settings": {},
                            "Planning": {
                                "Shared Hit Blocks": 0,
                                "Shared Read Blocks": 0,
                                "Shared Dirtied Blocks": 0,
                                "Shared Written Blocks": 0,
                                "Local Hit Blocks": 0,
                                "Local Read Blocks": 0,
                                "Local Dirtied Blocks": 0,
                                "Local Written Blocks": 0,
                                "Temp Read Blocks": 0,
                                "Temp Written Blocks": 0
                            },
                            "Planning Time": 0.036,
                            "Triggers": [],
                            "Execution Time": 155.349
                        },
                        "any_explanation": {
                            "Plan": {
                                "Node Type": "Seq Scan",
                                "Parallel Aware": false,
                                "Async Capable": false,
                                "Relation Name": "tests_benchmark_flagtester015",
                                "Schema": "public",
                                "Alias": "tests_benchmark_flagtester015",
                                "Startup Cost": 0.0,
                                "Total Cost": 204055.01,
                                "Plan Rows": 3333334,
                                "Plan Width": 12,
                                "Actual Startup Time": 0.014,
                                "Actual Total Time": 554.711,
                                "Actual Rows": 9980586,
                                "Actual Loops": 1,
                                "Output": [
                                    "id",
                                    "flags"
                                ],
                                "Filter": "((tests_benchmark_flagtester015.flags & 21821) > 0)",
                                "Rows Removed by Filter": 19415,
                                "Shared Hit Blocks": 4564,
                                "Shared Read Blocks": 49491,
                                "Shared Dirtied Blocks": 0,
                                "Shared Written Blocks": 0,
                                "Local Hit Blocks": 0,
                                "Local Read Blocks": 0,
                                "Local Dirtied Blocks": 0,
                                "Local Written Blocks": 0,
                                "Temp Read Blocks": 0,
                                "Temp Written Blocks": 0,
                                "WAL Records": 0,
                                "WAL FPI": 0,
                                "WAL Bytes": 0
                            },
                            "Settings": {},
                            "Planning": {
                                "Shared Hit Blocks": 0,
                                "Shared Read Blocks": 0,
                                "Shared Dirtied Blocks": 0,
                                "Shared Written Blocks": 0,
                                "Local Hit Blocks": 0,
                                "Local Read Blocks": 0,
                                "Local Dirtied Blocks": 0,
                                "Local Written Blocks": 0,
                                "Temp Read Blocks": 0,
                                "Temp Written Blocks": 0
                            },
                            "Planning Time": 0.034,
                            "Triggers": [],
                            "Execution Time": 759.172
                        },
                        "exact_explanation": {
                            "Plan": {
                                "Node Type": "Bitmap Heap Scan",
                                "Parallel Aware": false,
                                "Async Capable": false,
                                "Relation Name": "tests_benchmark_flagtester015",
                                "Schema": "public",
                                "Alias": "tests_benchmark_flagtester015",
                                "Startup Cost": 5.64,
                                "Total Cost": 602.67,
                                "Plan Rows": 155,
                                "Plan Width": 12,
                                "Actual Startup Time": 0.009,
                                "Actual Total Time": 0.03,
                                "Actual Rows": 131,
                                "Actual Loops": 1,
                                "Output": [
                                    "id",
                                    "flags"
                                ],
                                "Recheck Cond": "(tests_benchmark_flagtester015.flags = 21821)",
                                "Rows Removed by Index Recheck": 0,
                                "Exact Heap Blocks": 131,
                                "Lossy Heap Blocks": 0,
                                "Shared Hit Blocks": 134,
                                "Shared Read Blocks": 0,
                                "Shared Dirtied Blocks": 0,
                                "Shared Written Blocks": 0,
                                "Local Hit Blocks": 0,
                                "Local Read Blocks": 0,
                                "Local Dirtied Blocks": 0,
                                "Local Written Blocks": 0,
                                "Temp Read Blocks": 0,
                                "Temp Written Blocks": 0,
                                "WAL Records": 0,
                                "WAL FPI": 0,
                                "WAL Bytes": 0,
                                "Plans": [
                                    {
                                        "Node Type": "Bitmap Index Scan",
                                        "Parent Relationship": "Outer",
                                        "Parallel Aware": false,
                                        "Async Capable": false,
                                        "Index Name": "flag_idx",
                                        "Startup Cost": 0.0,
                                        "Total Cost": 5.6,
                                        "Plan Rows": 155,
                                        "Plan Width": 0,
                                        "Actual Startup Time": 0.004,
                                        "Actual Total Time": 0.004,
                                        "Actual Rows": 131,
                                        "Actual Loops": 1,
                                        "Index Cond": "(tests_benchmark_flagtester015.flags = 21821)",
                                        "Shared Hit Blocks": 3,
                                        "Shared Read Blocks": 0,
                                        "Shared Dirtied Blocks": 0,
                                        "Shared Written Blocks": 0,
                                        "Local Hit Blocks": 0,
                                        "Local Read Blocks": 0,
                                        "Local Dirtied Blocks": 0,
                                        "Local Written Blocks": 0,
                                        "Temp Read Blocks": 0,
                                        "Temp Written Blocks": 0,
                                        "WAL Records": 0,
                                        "WAL FPI": 0,
                                        "WAL Bytes": 0
                                    }
                                ]
                            },
                            "Settings": {},
                            "Planning": {
                                "Shared Hit Blocks": 0,
                                "Shared Read Blocks": 0,
                                "Shared Dirtied Blocks": 0,
                                "Shared Written Blocks": 0,
                                "Local Hit Blocks": 0,
                                "Local Read Blocks": 0,
                                "Local Dirtied Blocks": 0,
                                "Local Written Blocks": 0,
                                "Temp Read Blocks": 0,
                                "Temp Written Blocks": 0
                            },
                            "Planning Time": 0.008,
                            "Triggers": [],
                            "Execution Time": 0.035
                        },
                        "all_ftr_time": 0.15878409999999996,
                        "any_ftr_time": 0.7584268,
                        "exact_ftr_time": 4.009999999999999e-05
                    },
                    "20000000": {
                        "all_time": 0.31052264570462285,
                        "any_time": 0.37904394599900115,
                        "exact_time": 0.004283641499932855,
                        "table_size": 1472200704.0,
                        "index_time": 5.70989675000601,
                        "all_explanation": {
                            "Plan": {
                                "Node Type": "Gather",
                                "Parallel Aware": false,
                                "Async Capable": false,
                                "Startup Cost": 1000.0,
                                "Total Cost": 244109.0,
                                "Plan Rows": 100000,
                                "Plan Width": 12,
                                "Actual Startup Time": 0.132,
                                "Actual Total Time": 364.621,
                                "Actual Rows": 625261,
                                "Actual Loops": 1,
                                "Output": [
                                    "id",
                                    "flags"
                                ],
                                "Workers Planned": 2,
                                "Workers Launched": 2,
                                "Single Copy": false,
                                "Shared Hit Blocks": 5742,
                                "Shared Read Blocks": 102367,
                                "Shared Dirtied Blocks": 0,
                                "Shared Written Blocks": 0,
                                "Local Hit Blocks": 0,
                                "Local Read Blocks": 0,
                                "Local Dirtied Blocks": 0,
                                "Local Written Blocks": 0,
                                "Temp Read Blocks": 0,
                                "Temp Written Blocks": 0,
                                "WAL Records": 0,
                                "WAL FPI": 0,
                                "WAL Bytes": 0,
                                "Plans": [
                                    {
                                        "Node Type": "Seq Scan",
                                        "Parent Relationship": "Outer",
                                        "Parallel Aware": true,
                                        "Async Capable": false,
                                        "Relation Name": "tests_benchmark_flagtester015",
                                        "Schema": "public",
                                        "Alias": "tests_benchmark_flagtester015",
                                        "Startup Cost": 0.0,
                                        "Total Cost": 233109.0,
                                        "Plan Rows": 41667,
                                        "Plan Width": 12,
                                        "Actual Startup Time": 0.015,
                                        "Actual Total Time": 356.693,
                                        "Actual Rows": 208420,
                                        "Actual Loops": 3,
                                        "Output": [
                                            "id",
                                            "flags"
                                        ],
                                        "Filter": "((tests_benchmark_flagtester015.flags & 16808) = 16808)",
                                        "Rows Removed by Filter": 6458247,
                                        "Shared Hit Blocks": 5742,
                                        "Shared Read Blocks": 102367,
                                        "Shared Dirtied Blocks": 0,
                                        "Shared Written Blocks": 0,
                                        "Local Hit Blocks": 0,
                                        "Local Read Blocks": 0,
                                        "Local Dirtied Blocks": 0,
                                        "Local Written Blocks": 0,
                                        "Temp Read Blocks": 0,
                                        "Temp Written Blocks": 0,
                                        "WAL Records": 0,
                                        "WAL FPI": 0,
                                        "WAL Bytes": 0,
                                        "Workers": [
                                            {
                                                "Worker Number": 0,
                                                "Actual Startup Time": 0.031,
                                                "Actual Total Time": 364.938,
                                                "Actual Rows": 211960,
                                                "Actual Loops": 1,
                                                "Shared Hit Blocks": 1901,
                                                "Shared Read Blocks": 34771,
                                                "Shared Dirtied Blocks": 0,
                                                "Shared Written Blocks": 0,
                                                "Local Hit Blocks": 0,
                                                "Local Read Blocks": 0,
                                                "Local Dirtied Blocks": 0,
                                                "Local Written Blocks": 0,
                                                "Temp Read Blocks": 0,
                                                "Temp Written Blocks": 0,
                                                "WAL Records": 0,
                                                "WAL FPI": 0,
                                                "WAL Bytes": 0
                                            },
                                            {
                                                "Worker Number": 1,
                                                "Actual Startup Time": 0.006,
                                                "Actual Total Time": 365.007,
                                                "Actual Rows": 211867,
                                                "Actual Loops": 1,
                                                "Shared Hit Blocks": 1946,
                                                "Shared Read Blocks": 34699,
                                                "Shared Dirtied Blocks": 0,
                                                "Shared Written Blocks": 0,
                                                "Local Hit Blocks": 0,
                                                "Local Read Blocks": 0,
                                                "Local Dirtied Blocks": 0,
                                                "Local Written Blocks": 0,
                                                "Temp Read Blocks": 0,
                                                "Temp Written Blocks": 0,
                                                "WAL Records": 0,
                                                "WAL FPI": 0,
                                                "WAL Bytes": 0
                                            }
                                        ]
                                    }
                                ]
                            },
                            "Settings": {},
                            "Planning": {
                                "Shared Hit Blocks": 0,
                                "Shared Read Blocks": 0,
                                "Shared Dirtied Blocks": 0,
                                "Shared Written Blocks": 0,
                                "Local Hit Blocks": 0,
                                "Local Read Blocks": 0,
                                "Local Dirtied Blocks": 0,
                                "Local Written Blocks": 0,
                                "Temp Read Blocks": 0,
                                "Temp Written Blocks": 0
                            },
                            "Planning Time": 0.038,
                            "Triggers": [],
                            "Execution Time": 378.43
                        },
                        "any_explanation": {
                            "Plan": {
                                "Node Type": "Seq Scan",
                                "Parallel Aware": false,
                                "Async Capable": false,
                                "Relation Name": "tests_benchmark_flagtester015",
                                "Schema": "public",
                                "Alias": "tests_benchmark_flagtester015",
                                "Startup Cost": 0.0,
                                "Total Cost": 408109.0,
                                "Plan Rows": 6666667,
                                "Plan Width": 12,
                                "Actual Startup Time": 0.008,
                                "Actual Total Time": 1188.392,
                                "Actual Rows": 19374263,
                                "Actual Loops": 1,
                                "Output": [
                                    "id",
                                    "flags"
                                ],
                                "Filter": "((tests_benchmark_flagtester015.flags & 16808) > 0)",
                                "Rows Removed by Filter": 625738,
                                "Shared Hit Blocks": 5934,
                                "Shared Read Blocks": 102175,
                                "Shared Dirtied Blocks": 0,
                                "Shared Written Blocks": 0,
                                "Local Hit Blocks": 0,
                                "Local Read Blocks": 0,
                                "Local Dirtied Blocks": 0,
                                "Local Written Blocks": 0,
                                "Temp Read Blocks": 0,
                                "Temp Written Blocks": 0,
                                "WAL Records": 0,
                                "WAL FPI": 0,
                                "WAL Bytes": 0
                            },
                            "Settings": {},
                            "Planning": {
                                "Shared Hit Blocks": 0,
                                "Shared Read Blocks": 0,
                                "Shared Dirtied Blocks": 0,
                                "Shared Written Blocks": 0,
                                "Local Hit Blocks": 0,
                                "Local Read Blocks": 0,
                                "Local Dirtied Blocks": 0,
                                "Local Written Blocks": 0,
                                "Temp Read Blocks": 0,
                                "Temp Written Blocks": 0
                            },
                            "Planning Time": 0.037,
                            "Triggers": [],
                            "Execution Time": 1608.154
                        },
                        "exact_explanation": {
                            "Plan": {
                                "Node Type": "Bitmap Heap Scan",
                                "Parallel Aware": false,
                                "Async Capable": false,
                                "Relation Name": "tests_benchmark_flagtester015",
                                "Schema": "public",
                                "Alias": "tests_benchmark_flagtester015",
                                "Startup Cost": 6.74,
                                "Total Cost": 1151.75,
                                "Plan Rows": 297,
                                "Plan Width": 12,
                                "Actual Startup Time": 0.036,
                                "Actual Total Time": 0.1,
                                "Actual Rows": 325,
                                "Actual Loops": 1,
                                "Output": [
                                    "id",
                                    "flags"
                                ],
                                "Recheck Cond": "(tests_benchmark_flagtester015.flags = 16808)",
                                "Rows Removed by Index Recheck": 0,
                                "Exact Heap Blocks": 325,
                                "Lossy Heap Blocks": 0,
                                "Shared Hit Blocks": 328,
                                "Shared Read Blocks": 0,
                                "Shared Dirtied Blocks": 0,
                                "Shared Written Blocks": 0,
                                "Local Hit Blocks": 0,
                                "Local Read Blocks": 0,
                                "Local Dirtied Blocks": 0,
                                "Local Written Blocks": 0,
                                "Temp Read Blocks": 0,
                                "Temp Written Blocks": 0,
                                "WAL Records": 0,
                                "WAL FPI": 0,
                                "WAL Bytes": 0,
                                "Plans": [
                                    {
                                        "Node Type": "Bitmap Index Scan",
                                        "Parent Relationship": "Outer",
                                        "Parallel Aware": false,
                                        "Async Capable": false,
                                        "Index Name": "flag_idx",
                                        "Startup Cost": 0.0,
                                        "Total Cost": 6.67,
                                        "Plan Rows": 297,
                                        "Plan Width": 0,
                                        "Actual Startup Time": 0.016,
                                        "Actual Total Time": 0.016,
                                        "Actual Rows": 325,
                                        "Actual Loops": 1,
                                        "Index Cond": "(tests_benchmark_flagtester015.flags = 16808)",
                                        "Shared Hit Blocks": 3,
                                        "Shared Read Blocks": 0,
                                        "Shared Dirtied Blocks": 0,
                                        "Shared Written Blocks": 0,
                                        "Local Hit Blocks": 0,
                                        "Local Read Blocks": 0,
                                        "Local Dirtied Blocks": 0,
                                        "Local Written Blocks": 0,
                                        "Temp Read Blocks": 0,
                                        "Temp Written Blocks": 0,
                                        "WAL Records": 0,
                                        "WAL FPI": 0,
                                        "WAL Bytes": 0
                                    }
                                ]
                            },
                            "Settings": {},
                            "Planning": {
                                "Shared Hit Blocks": 0,
                                "Shared Read Blocks": 0,
                                "Shared Dirtied Blocks": 0,
                                "Shared Written Blocks": 0,
                                "Local Hit Blocks": 0,
                                "Local Read Blocks": 0,
                                "Local Dirtied Blocks": 0,
                                "Local Written Blocks": 0,
                                "Temp Read Blocks": 0,
                                "Temp Written Blocks": 0
                            },
                            "Planning Time": 0.017,
                            "Triggers": [],
                            "Execution Time": 0.112
                        },
                        "all_ftr_time": 0.3149142,
                        "any_ftr_time": 480.80206610000005,
                        "exact_ftr_time": 9.96e-05
                    },
                    "40000000": {
                        "all_time": 0.6126735042023939,
                        "any_time": 0.7206302580991177,
                        "exact_time": 0.0042957207013387235,
                        "table_size": 2958032896.0,
                        "index_time": 16.25915204100602,
                        "all_explanation": {
                            "Plan": {
                                "Node Type": "Gather",
                                "Parallel Aware": false,
                                "Async Capable": false,
                                "Startup Cost": 1000.0,
                                "Total Cost": 487217.0,
                                "Plan Rows": 200000,
                                "Plan Width": 12,
                                "Actual Startup Time": 0.062,
                                "Actual Total Time": 569.85,
                                "Actual Rows": 156336,
                                "Actual Loops": 1,
                                "Output": [
                                    "id",
                                    "flags"
                                ],
                                "Workers Planned": 2,
                                "Workers Launched": 2,
                                "Single Copy": false,
                                "Shared Hit Blocks": 8560,
                                "Shared Read Blocks": 207657,
                                "Shared Dirtied Blocks": 0,
                                "Shared Written Blocks": 0,
                                "Local Hit Blocks": 0,
                                "Local Read Blocks": 0,
                                "Local Dirtied Blocks": 0,
                                "Local Written Blocks": 0,
                                "Temp Read Blocks": 0,
                                "Temp Written Blocks": 0,
                                "WAL Records": 0,
                                "WAL FPI": 0,
                                "WAL Bytes": 0,
                                "Plans": [
                                    {
                                        "Node Type": "Seq Scan",
                                        "Parent Relationship": "Outer",
                                        "Parallel Aware": true,
                                        "Async Capable": false,
                                        "Relation Name": "tests_benchmark_flagtester015",
                                        "Schema": "public",
                                        "Alias": "tests_benchmark_flagtester015",
                                        "Startup Cost": 0.0,
                                        "Total Cost": 466217.0,
                                        "Plan Rows": 83333,
                                        "Plan Width": 12,
                                        "Actual Startup Time": 0.031,
                                        "Actual Total Time": 566.123,
                                        "Actual Rows": 52112,
                                        "Actual Loops": 3,
                                        "Output": [
                                            "id",
                                            "flags"
                                        ],
                                        "Filter": "((tests_benchmark_flagtester015.flags & 4042) = 4042)",
                                        "Rows Removed by Filter": 13281222,
                                        "Shared Hit Blocks": 8560,
                                        "Shared Read Blocks": 207657,
                                        "Shared Dirtied Blocks": 0,
                                        "Shared Written Blocks": 0,
                                        "Local Hit Blocks": 0,
                                        "Local Read Blocks": 0,
                                        "Local Dirtied Blocks": 0,
                                        "Local Written Blocks": 0,
                                        "Temp Read Blocks": 0,
                                        "Temp Written Blocks": 0,
                                        "WAL Records": 0,
                                        "WAL FPI": 0,
                                        "WAL Bytes": 0,
                                        "Workers": [
                                            {
                                                "Worker Number": 0,
                                                "Actual Startup Time": 0.034,
                                                "Actual Total Time": 567.708,
                                                "Actual Rows": 52136,
                                                "Actual Loops": 1,
                                                "Shared Hit Blocks": 2794,
                                                "Shared Read Blocks": 69192,
                                                "Shared Dirtied Blocks": 0,
                                                "Shared Written Blocks": 0,
                                                "Local Hit Blocks": 0,
                                                "Local Read Blocks": 0,
                                                "Local Dirtied Blocks": 0,
                                                "Local Written Blocks": 0,
                                                "Temp Read Blocks": 0,
                                                "Temp Written Blocks": 0,
                                                "WAL Records": 0,
                                                "WAL FPI": 0,
                                                "WAL Bytes": 0
                                            },
                                            {
                                                "Worker Number": 1,
                                                "Actual Startup Time": 0.051,
                                                "Actual Total Time": 567.749,
                                                "Actual Rows": 51855,
                                                "Actual Loops": 1,
                                                "Shared Hit Blocks": 2867,
                                                "Shared Read Blocks": 69037,
                                                "Shared Dirtied Blocks": 0,
                                                "Shared Written Blocks": 0,
                                                "Local Hit Blocks": 0,
                                                "Local Read Blocks": 0,
                                                "Local Dirtied Blocks": 0,
                                                "Local Written Blocks": 0,
                                                "Temp Read Blocks": 0,
                                                "Temp Written Blocks": 0,
                                                "WAL Records": 0,
                                                "WAL FPI": 0,
                                                "WAL Bytes": 0
                                            }
                                        ]
                                    }
                                ]
                            },
                            "Settings": {},
                            "Planning": {
                                "Shared Hit Blocks": 0,
                                "Shared Read Blocks": 0,
                                "Shared Dirtied Blocks": 0,
                                "Shared Written Blocks": 0,
                                "Local Hit Blocks": 0,
                                "Local Read Blocks": 0,
                                "Local Dirtied Blocks": 0,
                                "Local Written Blocks": 0,
                                "Temp Read Blocks": 0,
                                "Temp Written Blocks": 0
                            },
                            "Planning Time": 0.03,
                            "Triggers": [],
                            "Execution Time": 573.404
                        },
                        "any_explanation": {
                            "Plan": {
                                "Node Type": "Seq Scan",
                                "Parallel Aware": false,
                                "Async Capable": false,
                                "Relation Name": "tests_benchmark_flagtester015",
                                "Schema": "public",
                                "Alias": "tests_benchmark_flagtester015",
                                "Startup Cost": 0.0,
                                "Total Cost": 816217.0,
                                "Plan Rows": 13333333,
                                "Plan Width": 12,
                                "Actual Startup Time": 0.007,
                                "Actual Total Time": 2078.7,
                                "Actual Rows": 39843505,
                                "Actual Loops": 1,
                                "Output": [
                                    "id",
                                    "flags"
                                ],
                                "Filter": "((tests_benchmark_flagtester015.flags & 4042) > 0)",
                                "Rows Removed by Filter": 156496,
                                "Shared Hit Blocks": 8757,
                                "Shared Read Blocks": 207460,
                                "Shared Dirtied Blocks": 0,
                                "Shared Written Blocks": 0,
                                "Local Hit Blocks": 0,
                                "Local Read Blocks": 0,
                                "Local Dirtied Blocks": 0,
                                "Local Written Blocks": 0,
                                "Temp Read Blocks": 0,
                                "Temp Written Blocks": 0,
                                "WAL Records": 0,
                                "WAL FPI": 0,
                                "WAL Bytes": 0
                            },
                            "Settings": {},
                            "Planning": {
                                "Shared Hit Blocks": 0,
                                "Shared Read Blocks": 0,
                                "Shared Dirtied Blocks": 0,
                                "Shared Written Blocks": 0,
                                "Local Hit Blocks": 0,
                                "Local Read Blocks": 0,
                                "Local Dirtied Blocks": 0,
                                "Local Written Blocks": 0,
                                "Temp Read Blocks": 0,
                                "Temp Written Blocks": 0
                            },
                            "Planning Time": 0.03,
                            "Triggers": [],
                            "Execution Time": 2894.275
                        },
                        "exact_explanation": {
                            "Plan": {
                                "Node Type": "Bitmap Heap Scan",
                                "Parallel Aware": false,
                                "Async Capable": false,
                                "Relation Name": "tests_benchmark_flagtester015",
                                "Schema": "public",
                                "Alias": "tests_benchmark_flagtester015",
                                "Startup Cost": 9.04,
                                "Total Cost": 2295.28,
                                "Plan Rows": 593,
                                "Plan Width": 12,
                                "Actual Startup Time": 0.069,
                                "Actual Total Time": 1.013,
                                "Actual Rows": 575,
                                "Actual Loops": 1,
                                "Output": [
                                    "id",
                                    "flags"
                                ],
                                "Recheck Cond": "(tests_benchmark_flagtester015.flags = 4042)",
                                "Rows Removed by Index Recheck": 0,
                                "Exact Heap Blocks": 575,
                                "Lossy Heap Blocks": 0,
                                "Shared Hit Blocks": 64,
                                "Shared Read Blocks": 514,
                                "Shared Dirtied Blocks": 0,
                                "Shared Written Blocks": 0,
                                "Local Hit Blocks": 0,
                                "Local Read Blocks": 0,
                                "Local Dirtied Blocks": 0,
                                "Local Written Blocks": 0,
                                "Temp Read Blocks": 0,
                                "Temp Written Blocks": 0,
                                "WAL Records": 0,
                                "WAL FPI": 0,
                                "WAL Bytes": 0,
                                "Plans": [
                                    {
                                        "Node Type": "Bitmap Index Scan",
                                        "Parent Relationship": "Outer",
                                        "Parallel Aware": false,
                                        "Async Capable": false,
                                        "Index Name": "flag_idx",
                                        "Startup Cost": 0.0,
                                        "Total Cost": 8.89,
                                        "Plan Rows": 593,
                                        "Plan Width": 0,
                                        "Actual Startup Time": 0.03,
                                        "Actual Total Time": 0.03,
                                        "Actual Rows": 575,
                                        "Actual Loops": 1,
                                        "Index Cond": "(tests_benchmark_flagtester015.flags = 4042)",
                                        "Shared Hit Blocks": 3,
                                        "Shared Read Blocks": 0,
                                        "Shared Dirtied Blocks": 0,
                                        "Shared Written Blocks": 0,
                                        "Local Hit Blocks": 0,
                                        "Local Read Blocks": 0,
                                        "Local Dirtied Blocks": 0,
                                        "Local Written Blocks": 0,
                                        "Temp Read Blocks": 0,
                                        "Temp Written Blocks": 0,
                                        "WAL Records": 0,
                                        "WAL FPI": 0,
                                        "WAL Bytes": 0
                                    }
                                ]
                            },
                            "Settings": {},
                            "Planning": {
                                "Shared Hit Blocks": 0,
                                "Shared Read Blocks": 0,
                                "Shared Dirtied Blocks": 0,
                                "Shared Written Blocks": 0,
                                "Local Hit Blocks": 0,
                                "Local Read Blocks": 0,
                                "Local Dirtied Blocks": 0,
                                "Local Written Blocks": 0,
                                "Temp Read Blocks": 0,
                                "Temp Written Blocks": 0
                            },
                            "Planning Time": 0.009,
                            "Triggers": [],
                            "Execution Time": 1.029
                        },
                        "all_ftr_time": 0.5960997000000001,
                        "any_ftr_time": 2.9337402000000004,
                        "exact_ftr_time": 0.0007508
                    },
                    "60000000": {
                        "all_time": 1.0463101958011976,
                        "any_time": 1.1311084539978764,
                        "exact_time": 0.006627400196157396,
                        "table_size": 4438622208.0,
                        "index_time": 24.056869082996855,
                        "all_explanation": {
                            "Plan": {
                                "Node Type": "Gather",
                                "Parallel Aware": false,
                                "Async Capable": false,
                                "Startup Cost": 1000.0,
                                "Total Cost": 730316.8,
                                "Plan Rows": 299994,
                                "Plan Width": 12,
                                "Actual Startup Time": 0.135,
                                "Actual Total Time": 927.823,
                                "Actual Rows": 117151,
                                "Actual Loops": 1,
                                "Output": [
                                    "id",
                                    "flags"
                                ],
                                "Workers Planned": 2,
                                "Workers Launched": 2,
                                "Single Copy": false,
                                "Shared Hit Blocks": 11338,
                                "Shared Read Blocks": 312987,
                                "Shared Dirtied Blocks": 0,
                                "Shared Written Blocks": 0,
                                "Local Hit Blocks": 0,
                                "Local Read Blocks": 0,
                                "Local Dirtied Blocks": 0,
                                "Local Written Blocks": 0,
                                "Temp Read Blocks": 0,
                                "Temp Written Blocks": 0,
                                "WAL Records": 0,
                                "WAL FPI": 0,
                                "WAL Bytes": 0,
                                "Plans": [
                                    {
                                        "Node Type": "Seq Scan",
                                        "Parent Relationship": "Outer",
                                        "Parallel Aware": true,
                                        "Async Capable": false,
                                        "Relation Name": "tests_benchmark_flagtester015",
                                        "Schema": "public",
                                        "Alias": "tests_benchmark_flagtester015",
                                        "Startup Cost": 0.0,
                                        "Total Cost": 699317.4,
                                        "Plan Rows": 124998,
                                        "Plan Width": 12,
                                        "Actual Startup Time": 0.048,
                                        "Actual Total Time": 924.165,
                                        "Actual Rows": 39050,
                                        "Actual Loops": 3,
                                        "Output": [
                                            "id",
                                            "flags"
                                        ],
                                        "Filter": "((tests_benchmark_flagtester015.flags & 62882) = 62882)",
                                        "Rows Removed by Filter": 19960950,
                                        "Shared Hit Blocks": 11338,
                                        "Shared Read Blocks": 312987,
                                        "Shared Dirtied Blocks": 0,
                                        "Shared Written Blocks": 0,
                                        "Local Hit Blocks": 0,
                                        "Local Read Blocks": 0,
                                        "Local Dirtied Blocks": 0,
                                        "Local Written Blocks": 0,
                                        "Temp Read Blocks": 0,
                                        "Temp Written Blocks": 0,
                                        "WAL Records": 0,
                                        "WAL FPI": 0,
                                        "WAL Bytes": 0,
                                        "Workers": [
                                            {
                                                "Worker Number": 0,
                                                "Actual Startup Time": 0.045,
                                                "Actual Total Time": 925.215,
                                                "Actual Rows": 38608,
                                                "Actual Loops": 1,
                                                "Shared Hit Blocks": 3734,
                                                "Shared Read Blocks": 103989,
                                                "Shared Dirtied Blocks": 0,
                                                "Shared Written Blocks": 0,
                                                "Local Hit Blocks": 0,
                                                "Local Read Blocks": 0,
                                                "Local Dirtied Blocks": 0,
                                                "Local Written Blocks": 0,
                                                "Temp Read Blocks": 0,
                                                "Temp Written Blocks": 0,
                                                "WAL Records": 0,
                                                "WAL FPI": 0,
                                                "WAL Bytes": 0
                                            },
                                            {
                                                "Worker Number": 1,
                                                "Actual Startup Time": 0.027,
                                                "Actual Total Time": 925.154,
                                                "Actual Rows": 39012,
                                                "Actual Loops": 1,
                                                "Shared Hit Blocks": 3735,
                                                "Shared Read Blocks": 103959,
                                                "Shared Dirtied Blocks": 0,
                                                "Shared Written Blocks": 0,
                                                "Local Hit Blocks": 0,
                                                "Local Read Blocks": 0,
                                                "Local Dirtied Blocks": 0,
                                                "Local Written Blocks": 0,
                                                "Temp Read Blocks": 0,
                                                "Temp Written Blocks": 0,
                                                "WAL Records": 0,
                                                "WAL FPI": 0,
                                                "WAL Bytes": 0
                                            }
                                        ]
                                    }
                                ]
                            },
                            "Settings": {},
                            "Planning": {
                                "Shared Hit Blocks": 0,
                                "Shared Read Blocks": 0,
                                "Shared Dirtied Blocks": 0,
                                "Shared Written Blocks": 0,
                                "Local Hit Blocks": 0,
                                "Local Read Blocks": 0,
                                "Local Dirtied Blocks": 0,
                                "Local Written Blocks": 0,
                                "Temp Read Blocks": 0,
                                "Temp Written Blocks": 0
                            },
                            "Planning Time": 0.035,
                            "Triggers": [],
                            "Execution Time": 930.572
                        },
                        "any_explanation": {
                            "Plan": {
                                "Node Type": "Seq Scan",
                                "Parallel Aware": false,
                                "Async Capable": false,
                                "Relation Name": "tests_benchmark_flagtester015",
                                "Schema": "public",
                                "Alias": "tests_benchmark_flagtester015",
                                "Startup Cost": 0.0,
                                "Total Cost": 1224306.76,
                                "Plan Rows": 19999595,
                                "Plan Width": 12,
                                "Actual Startup Time": 0.021,
                                "Actual Total Time": 3325.336,
                                "Actual Rows": 59882827,
                                "Actual Loops": 1,
                                "Output": [
                                    "id",
                                    "flags"
                                ],
                                "Filter": "((tests_benchmark_flagtester015.flags & 62882) > 0)",
                                "Rows Removed by Filter": 117174,
                                "Shared Hit Blocks": 11530,
                                "Shared Read Blocks": 312795,
                                "Shared Dirtied Blocks": 0,
                                "Shared Written Blocks": 0,
                                "Local Hit Blocks": 0,
                                "Local Read Blocks": 0,
                                "Local Dirtied Blocks": 0,
                                "Local Written Blocks": 0,
                                "Temp Read Blocks": 0,
                                "Temp Written Blocks": 0,
                                "WAL Records": 0,
                                "WAL FPI": 0,
                                "WAL Bytes": 0
                            },
                            "Settings": {},
                            "Planning": {
                                "Shared Hit Blocks": 0,
                                "Shared Read Blocks": 0,
                                "Shared Dirtied Blocks": 0,
                                "Shared Written Blocks": 0,
                                "Local Hit Blocks": 0,
                                "Local Read Blocks": 0,
                                "Local Dirtied Blocks": 0,
                                "Local Written Blocks": 0,
                                "Temp Read Blocks": 0,
                                "Temp Written Blocks": 0
                            },
                            "Planning Time": 0.035,
                            "Triggers": [],
                            "Execution Time": 4550.458
                        },
                        "exact_explanation": {
                            "Plan": {
                                "Node Type": "Bitmap Heap Scan",
                                "Parallel Aware": false,
                                "Async Capable": false,
                                "Relation Name": "tests_benchmark_flagtester015",
                                "Schema": "public",
                                "Alias": "tests_benchmark_flagtester015",
                                "Startup Cost": 11.57,
                                "Total Cost": 3491.93,
                                "Plan Rows": 904,
                                "Plan Width": 12,
                                "Actual Startup Time": 0.112,
                                "Actual Total Time": 0.321,
                                "Actual Rows": 913,
                                "Actual Loops": 1,
                                "Output": [
                                    "id",
                                    "flags"
                                ],
                                "Recheck Cond": "(tests_benchmark_flagtester015.flags = 62882)",
                                "Rows Removed by Index Recheck": 0,
                                "Exact Heap Blocks": 912,
                                "Lossy Heap Blocks": 0,
                                "Shared Hit Blocks": 917,
                                "Shared Read Blocks": 0,
                                "Shared Dirtied Blocks": 0,
                                "Shared Written Blocks": 0,
                                "Local Hit Blocks": 0,
                                "Local Read Blocks": 0,
                                "Local Dirtied Blocks": 0,
                                "Local Written Blocks": 0,
                                "Temp Read Blocks": 0,
                                "Temp Written Blocks": 0,
                                "WAL Records": 0,
                                "WAL FPI": 0,
                                "WAL Bytes": 0,
                                "Plans": [
                                    {
                                        "Node Type": "Bitmap Index Scan",
                                        "Parent Relationship": "Outer",
                                        "Parallel Aware": false,
                                        "Async Capable": false,
                                        "Index Name": "flag_idx",
                                        "Startup Cost": 0.0,
                                        "Total Cost": 11.34,
                                        "Plan Rows": 904,
                                        "Plan Width": 0,
                                        "Actual Startup Time": 0.055,
                                        "Actual Total Time": 0.055,
                                        "Actual Rows": 913,
                                        "Actual Loops": 1,
                                        "Index Cond": "(tests_benchmark_flagtester015.flags = 62882)",
                                        "Shared Hit Blocks": 5,
                                        "Shared Read Blocks": 0,
                                        "Shared Dirtied Blocks": 0,
                                        "Shared Written Blocks": 0,
                                        "Local Hit Blocks": 0,
                                        "Local Read Blocks": 0,
                                        "Local Dirtied Blocks": 0,
                                        "Local Written Blocks": 0,
                                        "Temp Read Blocks": 0,
                                        "Temp Written Blocks": 0,
                                        "WAL Records": 0,
                                        "WAL FPI": 0,
                                        "WAL Bytes": 0
                                    }
                                ]
                            },
                            "Settings": {},
                            "Planning": {
                                "Shared Hit Blocks": 0,
                                "Shared Read Blocks": 0,
                                "Shared Dirtied Blocks": 0,
                                "Shared Written Blocks": 0,
                                "Local Hit Blocks": 0,
                                "Local Read Blocks": 0,
                                "Local Dirtied Blocks": 0,
                                "Local Written Blocks": 0,
                                "Temp Read Blocks": 0,
                                "Temp Written Blocks": 0
                            },
                            "Planning Time": 0.022,
                            "Triggers": [],
                            "Execution Time": 0.343
                        },
                        "all_ftr_time": 0.9763345999999999,
                        "any_ftr_time": 4.5192688,
                        "exact_ftr_time": 0.0003403
                    },
                    "80000000": {
                        "all_time": 1.2255999582004733,
                        "any_time": 1.4995061209978302,
                        "exact_time": 0.007406103996618185,
                        "table_size": 5912920064.0,
                        "index_time": 31.559880000000703,
                        "all_explanation": {
                            "Plan": {
                                "Node Type": "Gather",
                                "Parallel Aware": false,
                                "Async Capable": false,
                                "Startup Cost": 1000.0,
                                "Total Cost": 973433.0,
                                "Plan Rows": 400000,
                                "Plan Width": 12,
                                "Actual Startup Time": 0.123,
                                "Actual Total Time": 1302.43,
                                "Actual Rows": 78531,
                                "Actual Loops": 1,
                                "Output": [
                                    "id",
                                    "flags"
                                ],
                                "Workers Planned": 2,
                                "Workers Launched": 2,
                                "Single Copy": false,
                                "Shared Hit Blocks": 13906,
                                "Shared Read Blocks": 418527,
                                "Shared Dirtied Blocks": 0,
                                "Shared Written Blocks": 0,
                                "Local Hit Blocks": 0,
                                "Local Read Blocks": 0,
                                "Local Dirtied Blocks": 0,
                                "Local Written Blocks": 0,
                                "Temp Read Blocks": 0,
                                "Temp Written Blocks": 0,
                                "WAL Records": 0,
                                "WAL FPI": 0,
                                "WAL Bytes": 0,
                                "Plans": [
                                    {
                                        "Node Type": "Seq Scan",
                                        "Parent Relationship": "Outer",
                                        "Parallel Aware": true,
                                        "Async Capable": false,
                                        "Relation Name": "tests_benchmark_flagtester015",
                                        "Schema": "public",
                                        "Alias": "tests_benchmark_flagtester015",
                                        "Startup Cost": 0.0,
                                        "Total Cost": 932433.0,
                                        "Plan Rows": 166667,
                                        "Plan Width": 12,
                                        "Actual Startup Time": 0.04,
                                        "Actual Total Time": 1298.731,
                                        "Actual Rows": 26177,
                                        "Actual Loops": 3,
                                        "Output": [
                                            "id",
                                            "flags"
                                        ],
                                        "Filter": "((tests_benchmark_flagtester015.flags & 30407) = 30407)",
                                        "Rows Removed by Filter": 26640490,
                                        "Shared Hit Blocks": 13906,
                                        "Shared Read Blocks": 418527,
                                        "Shared Dirtied Blocks": 0,
                                        "Shared Written Blocks": 0,
                                        "Local Hit Blocks": 0,
                                        "Local Read Blocks": 0,
                                        "Local Dirtied Blocks": 0,
                                        "Local Written Blocks": 0,
                                        "Temp Read Blocks": 0,
                                        "Temp Written Blocks": 0,
                                        "WAL Records": 0,
                                        "WAL FPI": 0,
                                        "WAL Bytes": 0,
                                        "Workers": [
                                            {
                                                "Worker Number": 0,
                                                "Actual Startup Time": 0.033,
                                                "Actual Total Time": 1299.152,
                                                "Actual Rows": 26028,
                                                "Actual Loops": 1,
                                                "Shared Hit Blocks": 4452,
                                                "Shared Read Blocks": 139060,
                                                "Shared Dirtied Blocks": 0,
                                                "Shared Written Blocks": 0,
                                                "Local Hit Blocks": 0,
                                                "Local Read Blocks": 0,
                                                "Local Dirtied Blocks": 0,
                                                "Local Written Blocks": 0,
                                                "Temp Read Blocks": 0,
                                                "Temp Written Blocks": 0,
                                                "WAL Records": 0,
                                                "WAL FPI": 0,
                                                "WAL Bytes": 0
                                            },
                                            {
                                                "Worker Number": 1,
                                                "Actual Startup Time": 0.029,
                                                "Actual Total Time": 1299.254,
                                                "Actual Rows": 26028,
                                                "Actual Loops": 1,
                                                "Shared Hit Blocks": 4638,
                                                "Shared Read Blocks": 138913,
                                                "Shared Dirtied Blocks": 0,
                                                "Shared Written Blocks": 0,
                                                "Local Hit Blocks": 0,
                                                "Local Read Blocks": 0,
                                                "Local Dirtied Blocks": 0,
                                                "Local Written Blocks": 0,
                                                "Temp Read Blocks": 0,
                                                "Temp Written Blocks": 0,
                                                "WAL Records": 0,
                                                "WAL FPI": 0,
                                                "WAL Bytes": 0
                                            }
                                        ]
                                    }
                                ]
                            },
                            "Settings": {},
                            "Planning": {
                                "Shared Hit Blocks": 0,
                                "Shared Read Blocks": 0,
                                "Shared Dirtied Blocks": 0,
                                "Shared Written Blocks": 0,
                                "Local Hit Blocks": 0,
                                "Local Read Blocks": 0,
                                "Local Dirtied Blocks": 0,
                                "Local Written Blocks": 0,
                                "Temp Read Blocks": 0,
                                "Temp Written Blocks": 0
                            },
                            "Planning Time": 0.04,
                            "Triggers": [],
                            "Execution Time": 1304.329
                        },
                        "any_explanation": {
                            "Plan": {
                                "Node Type": "Seq Scan",
                                "Parallel Aware": false,
                                "Async Capable": false,
                                "Relation Name": "tests_benchmark_flagtester015",
                                "Schema": "public",
                                "Alias": "tests_benchmark_flagtester015",
                                "Startup Cost": 0.0,
                                "Total Cost": 1632433.0,
                                "Plan Rows": 26666667,
                                "Plan Width": 12,
                                "Actual Startup Time": 0.022,
                                "Actual Total Time": 4428.447,
                                "Actual Rows": 79921917,
                                "Actual Loops": 1,
                                "Output": [
                                    "id",
                                    "flags"
                                ],
                                "Filter": "((tests_benchmark_flagtester015.flags & 30407) > 0)",
                                "Rows Removed by Filter": 78084,
                                "Shared Hit Blocks": 14098,
                                "Shared Read Blocks": 418335,
                                "Shared Dirtied Blocks": 0,
                                "Shared Written Blocks": 0,
                                "Local Hit Blocks": 0,
                                "Local Read Blocks": 0,
                                "Local Dirtied Blocks": 0,
                                "Local Written Blocks": 0,
                                "Temp Read Blocks": 0,
                                "Temp Written Blocks": 0,
                                "WAL Records": 0,
                                "WAL FPI": 0,
                                "WAL Bytes": 0
                            },
                            "Settings": {},
                            "Planning": {
                                "Shared Hit Blocks": 0,
                                "Shared Read Blocks": 0,
                                "Shared Dirtied Blocks": 0,
                                "Shared Written Blocks": 0,
                                "Local Hit Blocks": 0,
                                "Local Read Blocks": 0,
                                "Local Dirtied Blocks": 0,
                                "Local Written Blocks": 0,
                                "Temp Read Blocks": 0,
                                "Temp Written Blocks": 0
                            },
                            "Planning Time": 0.042,
                            "Triggers": [],
                            "Execution Time": 6059.612
                        },
                        "exact_explanation": {
                            "Plan": {
                                "Node Type": "Bitmap Heap Scan",
                                "Parallel Aware": false,
                                "Async Capable": false,
                                "Relation Name": "tests_benchmark_flagtester015",
                                "Schema": "public",
                                "Alias": "tests_benchmark_flagtester015",
                                "Startup Cost": 18.22,
                                "Total Cost": 4809.61,
                                "Plan Rows": 1245,
                                "Plan Width": 12,
                                "Actual Startup Time": 0.145,
                                "Actual Total Time": 0.455,
                                "Actual Rows": 1230,
                                "Actual Loops": 1,
                                "Output": [
                                    "id",
                                    "flags"
                                ],
                                "Recheck Cond": "(tests_benchmark_flagtester015.flags = 30407)",
                                "Rows Removed by Index Recheck": 0,
                                "Exact Heap Blocks": 1229,
                                "Lossy Heap Blocks": 0,
                                "Shared Hit Blocks": 1234,
                                "Shared Read Blocks": 0,
                                "Shared Dirtied Blocks": 0,
                                "Shared Written Blocks": 0,
                                "Local Hit Blocks": 0,
                                "Local Read Blocks": 0,
                                "Local Dirtied Blocks": 0,
                                "Local Written Blocks": 0,
                                "Temp Read Blocks": 0,
                                "Temp Written Blocks": 0,
                                "WAL Records": 0,
                                "WAL FPI": 0,
                                "WAL Bytes": 0,
                                "Plans": [
                                    {
                                        "Node Type": "Bitmap Index Scan",
                                        "Parent Relationship": "Outer",
                                        "Parallel Aware": false,
                                        "Async Capable": false,
                                        "Index Name": "flag_idx",
                                        "Startup Cost": 0.0,
                                        "Total Cost": 17.9,
                                        "Plan Rows": 1245,
                                        "Plan Width": 0,
                                        "Actual Startup Time": 0.065,
                                        "Actual Total Time": 0.065,
                                        "Actual Rows": 1230,
                                        "Actual Loops": 1,
                                        "Index Cond": "(tests_benchmark_flagtester015.flags = 30407)",
                                        "Shared Hit Blocks": 5,
                                        "Shared Read Blocks": 0,
                                        "Shared Dirtied Blocks": 0,
                                        "Shared Written Blocks": 0,
                                        "Local Hit Blocks": 0,
                                        "Local Read Blocks": 0,
                                        "Local Dirtied Blocks": 0,
                                        "Local Written Blocks": 0,
                                        "Temp Read Blocks": 0,
                                        "Temp Written Blocks": 0,
                                        "WAL Records": 0,
                                        "WAL FPI": 0,
                                        "WAL Bytes": 0
                                    }
                                ]
                            },
                            "Settings": {},
                            "Planning": {
                                "Shared Hit Blocks": 0,
                                "Shared Read Blocks": 0,
                                "Shared Dirtied Blocks": 0,
                                "Shared Written Blocks": 0,
                                "Local Hit Blocks": 0,
                                "Local Read Blocks": 0,
                                "Local Dirtied Blocks": 0,
                                "Local Written Blocks": 0,
                                "Temp Read Blocks": 0,
                                "Temp Written Blocks": 0
                            },
                            "Planning Time": 0.022,
                            "Triggers": [],
                            "Execution Time": 0.485
                        },
                        "all_ftr_time": 1.2531453,
                        "any_ftr_time": 6.0466793,
                        "exact_ftr_time": 0.0004659000000000001
                    },
                    "100000000": {
                        "all_time": 1.7506350666008075,
                        "any_time": 1.8760347292001824,
                        "exact_time": 0.007852933202229906,
                        "table_size": 7395606528.0,
                        "index_time": 30.119173375001992,
                        "all_explanation": {
                            "Plan": {
                                "Node Type": "Gather",
                                "Parallel Aware": false,
                                "Async Capable": false,
                                "Startup Cost": 1000.0,
                                "Total Cost": 1216541.0,
                                "Plan Rows": 500000,
                                "Plan Width": 12,
                                "Actual Startup Time": 0.085,
                                "Actual Total Time": 1535.515,
                                "Actual Rows": 97608,
                                "Actual Loops": 1,
                                "Output": [
                                    "id",
                                    "flags"
                                ],
                                "Workers Planned": 2,
                                "Workers Launched": 2,
                                "Single Copy": false,
                                "Shared Hit Blocks": 15151,
                                "Shared Read Blocks": 525390,
                                "Shared Dirtied Blocks": 0,
                                "Shared Written Blocks": 0,
                                "Local Hit Blocks": 0,
                                "Local Read Blocks": 0,
                                "Local Dirtied Blocks": 0,
                                "Local Written Blocks": 0,
                                "Temp Read Blocks": 0,
                                "Temp Written Blocks": 0,
                                "WAL Records": 0,
                                "WAL FPI": 0,
                                "WAL Bytes": 0,
                                "Plans": [
                                    {
                                        "Node Type": "Seq Scan",
                                        "Parent Relationship": "Outer",
                                        "Parallel Aware": true,
                                        "Async Capable": false,
                                        "Relation Name": "tests_benchmark_flagtester015",
                                        "Schema": "public",
                                        "Alias": "tests_benchmark_flagtester015",
                                        "Startup Cost": 0.0,
                                        "Total Cost": 1165541.0,
                                        "Plan Rows": 208333,
                                        "Plan Width": 12,
                                        "Actual Startup Time": 0.168,
                                        "Actual Total Time": 1531.569,
                                        "Actual Rows": 32536,
                                        "Actual Loops": 3,
                                        "Output": [
                                            "id",
                                            "flags"
                                        ],
                                        "Filter": "((tests_benchmark_flagtester015.flags & 44972) = 44972)",
                                        "Rows Removed by Filter": 33300798,
                                        "Shared Hit Blocks": 15151,
                                        "Shared Read Blocks": 525390,
                                        "Shared Dirtied Blocks": 0,
                                        "Shared Written Blocks": 0,
                                        "Local Hit Blocks": 0,
                                        "Local Read Blocks": 0,
                                        "Local Dirtied Blocks": 0,
                                        "Local Written Blocks": 0,
                                        "Temp Read Blocks": 0,
                                        "Temp Written Blocks": 0,
                                        "WAL Records": 0,
                                        "WAL FPI": 0,
                                        "WAL Bytes": 0,
                                        "Workers": [
                                            {
                                                "Worker Number": 0,
                                                "Actual Startup Time": 0.146,
                                                "Actual Total Time": 1532.288,
                                                "Actual Rows": 32338,
                                                "Actual Loops": 1,
                                                "Shared Hit Blocks": 5040,
                                                "Shared Read Blocks": 174734,
                                                "Shared Dirtied Blocks": 0,
                                                "Shared Written Blocks": 0,
                                                "Local Hit Blocks": 0,
                                                "Local Read Blocks": 0,
                                                "Local Dirtied Blocks": 0,
                                                "Local Written Blocks": 0,
                                                "Temp Read Blocks": 0,
                                                "Temp Written Blocks": 0,
                                                "WAL Records": 0,
                                                "WAL FPI": 0,
                                                "WAL Bytes": 0
                                            },
                                            {
                                                "Worker Number": 1,
                                                "Actual Startup Time": 0.338,
                                                "Actual Total Time": 1532.246,
                                                "Actual Rows": 32541,
                                                "Actual Loops": 1,
                                                "Shared Hit Blocks": 5013,
                                                "Shared Read Blocks": 174460,
                                                "Shared Dirtied Blocks": 0,
                                                "Shared Written Blocks": 0,
                                                "Local Hit Blocks": 0,
                                                "Local Read Blocks": 0,
                                                "Local Dirtied Blocks": 0,
                                                "Local Written Blocks": 0,
                                                "Temp Read Blocks": 0,
                                                "Temp Written Blocks": 0,
                                                "WAL Records": 0,
                                                "WAL FPI": 0,
                                                "WAL Bytes": 0
                                            }
                                        ]
                                    }
                                ]
                            },
                            "Settings": {},
                            "Planning": {
                                "Shared Hit Blocks": 0,
                                "Shared Read Blocks": 0,
                                "Shared Dirtied Blocks": 0,
                                "Shared Written Blocks": 0,
                                "Local Hit Blocks": 0,
                                "Local Read Blocks": 0,
                                "Local Dirtied Blocks": 0,
                                "Local Written Blocks": 0,
                                "Temp Read Blocks": 0,
                                "Temp Written Blocks": 0
                            },
                            "Planning Time": 0.037,
                            "Triggers": [],
                            "Execution Time": 1537.846
                        },
                        "any_explanation": {
                            "Plan": {
                                "Node Type": "Seq Scan",
                                "Parallel Aware": false,
                                "Async Capable": false,
                                "Relation Name": "tests_benchmark_flagtester015",
                                "Schema": "public",
                                "Alias": "tests_benchmark_flagtester015",
                                "Startup Cost": 0.0,
                                "Total Cost": 2040541.0,
                                "Plan Rows": 33333333,
                                "Plan Width": 12,
                                "Actual Startup Time": 0.012,
                                "Actual Total Time": 5538.185,
                                "Actual Rows": 99902596,
                                "Actual Loops": 1,
                                "Output": [
                                    "id",
                                    "flags"
                                ],
                                "Filter": "((tests_benchmark_flagtester015.flags & 44972) > 0)",
                                "Rows Removed by Filter": 97405,
                                "Shared Hit Blocks": 15343,
                                "Shared Read Blocks": 525198,
                                "Shared Dirtied Blocks": 0,
                                "Shared Written Blocks": 0,
                                "Local Hit Blocks": 0,
                                "Local Read Blocks": 0,
                                "Local Dirtied Blocks": 0,
                                "Local Written Blocks": 0,
                                "Temp Read Blocks": 0,
                                "Temp Written Blocks": 0,
                                "WAL Records": 0,
                                "WAL FPI": 0,
                                "WAL Bytes": 0
                            },
                            "Settings": {},
                            "Planning": {
                                "Shared Hit Blocks": 0,
                                "Shared Read Blocks": 0,
                                "Shared Dirtied Blocks": 0,
                                "Shared Written Blocks": 0,
                                "Local Hit Blocks": 0,
                                "Local Read Blocks": 0,
                                "Local Dirtied Blocks": 0,
                                "Local Written Blocks": 0,
                                "Temp Read Blocks": 0,
                                "Temp Written Blocks": 0
                            },
                            "Planning Time": 0.031,
                            "Triggers": [],
                            "Execution Time": 7577.781
                        },
                        "exact_explanation": {
                            "Plan": {
                                "Node Type": "Bitmap Heap Scan",
                                "Parallel Aware": false,
                                "Async Capable": false,
                                "Relation Name": "tests_benchmark_flagtester015",
                                "Schema": "public",
                                "Alias": "tests_benchmark_flagtester015",
                                "Startup Cost": 20.27,
                                "Total Cost": 5832.19,
                                "Plan Rows": 1510,
                                "Plan Width": 12,
                                "Actual Startup Time": 0.176,
                                "Actual Total Time": 0.573,
                                "Actual Rows": 1561,
                                "Actual Loops": 1,
                                "Output": [
                                    "id",
                                    "flags"
                                ],
                                "Recheck Cond": "(tests_benchmark_flagtester015.flags = 44972)",
                                "Rows Removed by Index Recheck": 0,
                                "Exact Heap Blocks": 1559,
                                "Lossy Heap Blocks": 0,
                                "Shared Hit Blocks": 1564,
                                "Shared Read Blocks": 0,
                                "Shared Dirtied Blocks": 0,
                                "Shared Written Blocks": 0,
                                "Local Hit Blocks": 0,
                                "Local Read Blocks": 0,
                                "Local Dirtied Blocks": 0,
                                "Local Written Blocks": 0,
                                "Temp Read Blocks": 0,
                                "Temp Written Blocks": 0,
                                "WAL Records": 0,
                                "WAL FPI": 0,
                                "WAL Bytes": 0,
                                "Plans": [
                                    {
                                        "Node Type": "Bitmap Index Scan",
                                        "Parent Relationship": "Outer",
                                        "Parallel Aware": false,
                                        "Async Capable": false,
                                        "Index Name": "flag_idx",
                                        "Startup Cost": 0.0,
                                        "Total Cost": 19.89,
                                        "Plan Rows": 1510,
                                        "Plan Width": 0,
                                        "Actual Startup Time": 0.078,
                                        "Actual Total Time": 0.078,
                                        "Actual Rows": 1561,
                                        "Actual Loops": 1,
                                        "Index Cond": "(tests_benchmark_flagtester015.flags = 44972)",
                                        "Shared Hit Blocks": 5,
                                        "Shared Read Blocks": 0,
                                        "Shared Dirtied Blocks": 0,
                                        "Shared Written Blocks": 0,
                                        "Local Hit Blocks": 0,
                                        "Local Read Blocks": 0,
                                        "Local Dirtied Blocks": 0,
                                        "Local Written Blocks": 0,
                                        "Temp Read Blocks": 0,
                                        "Temp Written Blocks": 0,
                                        "WAL Records": 0,
                                        "WAL FPI": 0,
                                        "WAL Bytes": 0
                                    }
                                ]
                            },
                            "Settings": {},
                            "Planning": {
                                "Shared Hit Blocks": 0,
                                "Shared Read Blocks": 0,
                                "Shared Dirtied Blocks": 0,
                                "Shared Written Blocks": 0,
                                "Local Hit Blocks": 0,
                                "Local Read Blocks": 0,
                                "Local Dirtied Blocks": 0,
                                "Local Written Blocks": 0,
                                "Temp Read Blocks": 0,
                                "Temp Written Blocks": 0
                            },
                            "Planning Time": 0.026,
                            "Triggers": [],
                            "Execution Time": 0.609
                        },
                        "all_ftr_time": 1.5514132,
                        "any_ftr_time": 7.5700476,
                        "exact_ftr_time": 0.0005906
                    }
                }
            },
            "[BOOL] No Index": {
                "16": {
                    "10": {
                        "all_time": 0.0008894291007891297,
                        "any_time": 0.0016952207995927892,
                        "exact_time": 0.0012104417008231394,
                        "table_size": 24576.0,
                        "index_time": 5.00003807246685e-07,
                        "all_explanation": {
                            "Plan": {
                                "Node Type": "Seq Scan",
                                "Parallel Aware": false,
                                "Async Capable": false,
                                "Relation Name": "tests_benchmark_booltester015",
                                "Schema": "public",
                                "Alias": "tests_benchmark_booltester015",
                                "Startup Cost": 0.0,
                                "Total Cost": 1.11,
                                "Plan Rows": 1,
                                "Plan Width": 24,
                                "Actual Startup Time": 0.002,
                                "Actual Total Time": 0.002,
                                "Actual Rows": 0,
                                "Actual Loops": 1,
                                "Output": [
                                    "id",
                                    "flg_0",
                                    "flg_1",
                                    "flg_2",
                                    "flg_3",
                                    "flg_4",
                                    "flg_5",
                                    "flg_6",
                                    "flg_7",
                                    "flg_8",
                                    "flg_9",
                                    "flg_10",
                                    "flg_11",
                                    "flg_12",
                                    "flg_13",
                                    "flg_14",
                                    "flg_15"
                                ],
                                "Filter": "(tests_benchmark_booltester015.flg_4 AND tests_benchmark_booltester015.flg_5 AND tests_benchmark_booltester015.flg_6 AND tests_benchmark_booltester015.flg_7 AND tests_benchmark_booltester015.flg_8 AND tests_benchmark_booltester015.flg_9 AND tests_benchmark_booltester015.flg_10 AND tests_benchmark_booltester015.flg_12 AND tests_benchmark_booltester015.flg_14)",
                                "Rows Removed by Filter": 11,
                                "Shared Hit Blocks": 1,
                                "Shared Read Blocks": 0,
                                "Shared Dirtied Blocks": 0,
                                "Shared Written Blocks": 0,
                                "Local Hit Blocks": 0,
                                "Local Read Blocks": 0,
                                "Local Dirtied Blocks": 0,
                                "Local Written Blocks": 0,
                                "Temp Read Blocks": 0,
                                "Temp Written Blocks": 0,
                                "WAL Records": 0,
                                "WAL FPI": 0,
                                "WAL Bytes": 0
                            },
                            "Settings": {},
                            "Planning": {
                                "Shared Hit Blocks": 0,
                                "Shared Read Blocks": 0,
                                "Shared Dirtied Blocks": 0,
                                "Shared Written Blocks": 0,
                                "Local Hit Blocks": 0,
                                "Local Read Blocks": 0,
                                "Local Dirtied Blocks": 0,
                                "Local Written Blocks": 0,
                                "Temp Read Blocks": 0,
                                "Temp Written Blocks": 0
                            },
                            "Planning Time": 0.009,
                            "Triggers": [],
                            "Execution Time": 0.004
                        },
                        "any_explanation": {
                            "Plan": {
                                "Node Type": "Seq Scan",
                                "Parallel Aware": false,
                                "Async Capable": false,
                                "Relation Name": "tests_benchmark_booltester015",
                                "Schema": "public",
                                "Alias": "tests_benchmark_booltester015",
                                "Startup Cost": 0.0,
                                "Total Cost": 1.11,
                                "Plan Rows": 11,
                                "Plan Width": 24,
                                "Actual Startup Time": 0.002,
                                "Actual Total Time": 0.003,
                                "Actual Rows": 11,
                                "Actual Loops": 1,
                                "Output": [
                                    "id",
                                    "flg_0",
                                    "flg_1",
                                    "flg_2",
                                    "flg_3",
                                    "flg_4",
                                    "flg_5",
                                    "flg_6",
                                    "flg_7",
                                    "flg_8",
                                    "flg_9",
                                    "flg_10",
                                    "flg_11",
                                    "flg_12",
                                    "flg_13",
                                    "flg_14",
                                    "flg_15"
                                ],
                                "Filter": "(tests_benchmark_booltester015.flg_4 OR tests_benchmark_booltester015.flg_5 OR tests_benchmark_booltester015.flg_6 OR tests_benchmark_booltester015.flg_7 OR tests_benchmark_booltester015.flg_8 OR tests_benchmark_booltester015.flg_9 OR tests_benchmark_booltester015.flg_10 OR tests_benchmark_booltester015.flg_12 OR tests_benchmark_booltester015.flg_14)",
                                "Rows Removed by Filter": 0,
                                "Shared Hit Blocks": 1,
                                "Shared Read Blocks": 0,
                                "Shared Dirtied Blocks": 0,
                                "Shared Written Blocks": 0,
                                "Local Hit Blocks": 0,
                                "Local Read Blocks": 0,
                                "Local Dirtied Blocks": 0,
                                "Local Written Blocks": 0,
                                "Temp Read Blocks": 0,
                                "Temp Written Blocks": 0,
                                "WAL Records": 0,
                                "WAL FPI": 0,
                                "WAL Bytes": 0
                            },
                            "Settings": {},
                            "Planning": {
                                "Shared Hit Blocks": 0,
                                "Shared Read Blocks": 0,
                                "Shared Dirtied Blocks": 0,
                                "Shared Written Blocks": 0,
                                "Local Hit Blocks": 0,
                                "Local Read Blocks": 0,
                                "Local Dirtied Blocks": 0,
                                "Local Written Blocks": 0,
                                "Temp Read Blocks": 0,
                                "Temp Written Blocks": 0
                            },
                            "Planning Time": 0.011,
                            "Triggers": [],
                            "Execution Time": 0.006
                        },
                        "exact_explanation": {
                            "Plan": {
                                "Node Type": "Seq Scan",
                                "Parallel Aware": false,
                                "Async Capable": false,
                                "Relation Name": "tests_benchmark_booltester015",
                                "Schema": "public",
                                "Alias": "tests_benchmark_booltester015",
                                "Startup Cost": 0.0,
                                "Total Cost": 1.11,
                                "Plan Rows": 1,
                                "Plan Width": 24,
                                "Actual Startup Time": 0.003,
                                "Actual Total Time": 0.003,
                                "Actual Rows": 0,
                                "Actual Loops": 1,
                                "Output": [
                                    "id",
                                    "flg_0",
                                    "flg_1",
                                    "flg_2",
                                    "flg_3",
                                    "flg_4",
                                    "flg_5",
                                    "flg_6",
                                    "flg_7",
                                    "flg_8",
                                    "flg_9",
                                    "flg_10",
                                    "flg_11",
                                    "flg_12",
                                    "flg_13",
                                    "flg_14",
                                    "flg_15"
                                ],
                                "Filter": "((NOT tests_benchmark_booltester015.flg_0) AND (NOT tests_benchmark_booltester015.flg_1) AND (NOT tests_benchmark_booltester015.flg_2) AND (NOT tests_benchmark_booltester015.flg_3) AND tests_benchmark_booltester015.flg_4 AND tests_benchmark_booltester015.flg_5 AND tests_benchmark_booltester015.flg_6 AND tests_benchmark_booltester015.flg_7 AND tests_benchmark_booltester015.flg_8 AND tests_benchmark_booltester015.flg_9 AND tests_benchmark_booltester015.flg_10 AND (NOT tests_benchmark_booltester015.flg_11) AND tests_benchmark_booltester015.flg_12 AND (NOT tests_benchmark_booltester015.flg_13) AND tests_benchmark_booltester015.flg_14 AND (NOT tests_benchmark_booltester015.flg_15))",
                                "Rows Removed by Filter": 11,
                                "Shared Hit Blocks": 1,
                                "Shared Read Blocks": 0,
                                "Shared Dirtied Blocks": 0,
                                "Shared Written Blocks": 0,
                                "Local Hit Blocks": 0,
                                "Local Read Blocks": 0,
                                "Local Dirtied Blocks": 0,
                                "Local Written Blocks": 0,
                                "Temp Read Blocks": 0,
                                "Temp Written Blocks": 0,
                                "WAL Records": 0,
                                "WAL FPI": 0,
                                "WAL Bytes": 0
                            },
                            "Settings": {},
                            "Planning": {
                                "Shared Hit Blocks": 0,
                                "Shared Read Blocks": 0,
                                "Shared Dirtied Blocks": 0,
                                "Shared Written Blocks": 0,
                                "Local Hit Blocks": 0,
                                "Local Read Blocks": 0,
                                "Local Dirtied Blocks": 0,
                                "Local Written Blocks": 0,
                                "Temp Read Blocks": 0,
                                "Temp Written Blocks": 0
                            },
                            "Planning Time": 0.012,
                            "Triggers": [],
                            "Execution Time": 0.005
                        },
                        "all_ftr_time": 5.7e-06,
                        "any_ftr_time": 7.2000000000000005e-06,
                        "exact_ftr_time": 6.900000000000001e-06
                    },
                    "100": {
                        "all_time": 0.0010365958005422726,
                        "any_time": 0.0015909624999039806,
                        "exact_time": 0.001132916600909084,
                        "table_size": 24576.0,
                        "index_time": 7.079943316057324e-07,
                        "all_explanation": {
                            "Plan": {
                                "Node Type": "Seq Scan",
                                "Parallel Aware": false,
                                "Async Capable": false,
                                "Relation Name": "tests_benchmark_booltester015",
                                "Schema": "public",
                                "Alias": "tests_benchmark_booltester015",
                                "Startup Cost": 0.0,
                                "Total Cost": 2.01,
                                "Plan Rows": 1,
                                "Plan Width": 24,
                                "Actual Startup Time": 0.005,
                                "Actual Total Time": 0.011,
                                "Actual Rows": 1,
                                "Actual Loops": 1,
                                "Output": [
                                    "id",
                                    "flg_0",
                                    "flg_1",
                                    "flg_2",
                                    "flg_3",
                                    "flg_4",
                                    "flg_5",
                                    "flg_6",
                                    "flg_7",
                                    "flg_8",
                                    "flg_9",
                                    "flg_10",
                                    "flg_11",
                                    "flg_12",
                                    "flg_13",
                                    "flg_14",
                                    "flg_15"
                                ],
                                "Filter": "(tests_benchmark_booltester015.flg_2 AND tests_benchmark_booltester015.flg_5 AND tests_benchmark_booltester015.flg_6 AND tests_benchmark_booltester015.flg_11 AND tests_benchmark_booltester015.flg_12 AND tests_benchmark_booltester015.flg_13 AND tests_benchmark_booltester015.flg_15)",
                                "Rows Removed by Filter": 100,
                                "Shared Hit Blocks": 1,
                                "Shared Read Blocks": 0,
                                "Shared Dirtied Blocks": 0,
                                "Shared Written Blocks": 0,
                                "Local Hit Blocks": 0,
                                "Local Read Blocks": 0,
                                "Local Dirtied Blocks": 0,
                                "Local Written Blocks": 0,
                                "Temp Read Blocks": 0,
                                "Temp Written Blocks": 0,
                                "WAL Records": 0,
                                "WAL FPI": 0,
                                "WAL Bytes": 0
                            },
                            "Settings": {},
                            "Planning": {
                                "Shared Hit Blocks": 0,
                                "Shared Read Blocks": 0,
                                "Shared Dirtied Blocks": 0,
                                "Shared Written Blocks": 0,
                                "Local Hit Blocks": 0,
                                "Local Read Blocks": 0,
                                "Local Dirtied Blocks": 0,
                                "Local Written Blocks": 0,
                                "Temp Read Blocks": 0,
                                "Temp Written Blocks": 0
                            },
                            "Planning Time": 0.01,
                            "Triggers": [],
                            "Execution Time": 0.013
                        },
                        "any_explanation": {
                            "Plan": {
                                "Node Type": "Seq Scan",
                                "Parallel Aware": false,
                                "Async Capable": false,
                                "Relation Name": "tests_benchmark_booltester015",
                                "Schema": "public",
                                "Alias": "tests_benchmark_booltester015",
                                "Startup Cost": 0.0,
                                "Total Cost": 2.01,
                                "Plan Rows": 100,
                                "Plan Width": 24,
                                "Actual Startup Time": 0.003,
                                "Actual Total Time": 0.012,
                                "Actual Rows": 100,
                                "Actual Loops": 1,
                                "Output": [
                                    "id",
                                    "flg_0",
                                    "flg_1",
                                    "flg_2",
                                    "flg_3",
                                    "flg_4",
                                    "flg_5",
                                    "flg_6",
                                    "flg_7",
                                    "flg_8",
                                    "flg_9",
                                    "flg_10",
                                    "flg_11",
                                    "flg_12",
                                    "flg_13",
                                    "flg_14",
                                    "flg_15"
                                ],
                                "Filter": "(tests_benchmark_booltester015.flg_2 OR tests_benchmark_booltester015.flg_5 OR tests_benchmark_booltester015.flg_6 OR tests_benchmark_booltester015.flg_11 OR tests_benchmark_booltester015.flg_12 OR tests_benchmark_booltester015.flg_13 OR tests_benchmark_booltester015.flg_15)",
                                "Rows Removed by Filter": 1,
                                "Shared Hit Blocks": 1,
                                "Shared Read Blocks": 0,
                                "Shared Dirtied Blocks": 0,
                                "Shared Written Blocks": 0,
                                "Local Hit Blocks": 0,
                                "Local Read Blocks": 0,
                                "Local Dirtied Blocks": 0,
                                "Local Written Blocks": 0,
                                "Temp Read Blocks": 0,
                                "Temp Written Blocks": 0,
                                "WAL Records": 0,
                                "WAL FPI": 0,
                                "WAL Bytes": 0
                            },
                            "Settings": {},
                            "Planning": {
                                "Shared Hit Blocks": 0,
                                "Shared Read Blocks": 0,
                                "Shared Dirtied Blocks": 0,
                                "Shared Written Blocks": 0,
                                "Local Hit Blocks": 0,
                                "Local Read Blocks": 0,
                                "Local Dirtied Blocks": 0,
                                "Local Written Blocks": 0,
                                "Temp Read Blocks": 0,
                                "Temp Written Blocks": 0
                            },
                            "Planning Time": 0.01,
                            "Triggers": [],
                            "Execution Time": 0.017
                        },
                        "exact_explanation": {
                            "Plan": {
                                "Node Type": "Seq Scan",
                                "Parallel Aware": false,
                                "Async Capable": false,
                                "Relation Name": "tests_benchmark_booltester015",
                                "Schema": "public",
                                "Alias": "tests_benchmark_booltester015",
                                "Startup Cost": 0.0,
                                "Total Cost": 2.01,
                                "Plan Rows": 1,
                                "Plan Width": 24,
                                "Actual Startup Time": 0.011,
                                "Actual Total Time": 0.011,
                                "Actual Rows": 0,
                                "Actual Loops": 1,
                                "Output": [
                                    "id",
                                    "flg_0",
                                    "flg_1",
                                    "flg_2",
                                    "flg_3",
                                    "flg_4",
                                    "flg_5",
                                    "flg_6",
                                    "flg_7",
                                    "flg_8",
                                    "flg_9",
                                    "flg_10",
                                    "flg_11",
                                    "flg_12",
                                    "flg_13",
                                    "flg_14",
                                    "flg_15"
                                ],
                                "Filter": "((NOT tests_benchmark_booltester015.flg_0) AND (NOT tests_benchmark_booltester015.flg_1) AND tests_benchmark_booltester015.flg_2 AND (NOT tests_benchmark_booltester015.flg_3) AND (NOT tests_benchmark_booltester015.flg_4) AND tests_benchmark_booltester015.flg_5 AND tests_benchmark_booltester015.flg_6 AND (NOT tests_benchmark_booltester015.flg_7) AND (NOT tests_benchmark_booltester015.flg_8) AND (NOT tests_benchmark_booltester015.flg_9) AND (NOT tests_benchmark_booltester015.flg_10) AND tests_benchmark_booltester015.flg_11 AND tests_benchmark_booltester015.flg_12 AND tests_benchmark_booltester015.flg_13 AND (NOT tests_benchmark_booltester015.flg_14) AND tests_benchmark_booltester015.flg_15)",
                                "Rows Removed by Filter": 101,
                                "Shared Hit Blocks": 1,
                                "Shared Read Blocks": 0,
                                "Shared Dirtied Blocks": 0,
                                "Shared Written Blocks": 0,
                                "Local Hit Blocks": 0,
                                "Local Read Blocks": 0,
                                "Local Dirtied Blocks": 0,
                                "Local Written Blocks": 0,
                                "Temp Read Blocks": 0,
                                "Temp Written Blocks": 0,
                                "WAL Records": 0,
                                "WAL FPI": 0,
                                "WAL Bytes": 0
                            },
                            "Settings": {},
                            "Planning": {
                                "Shared Hit Blocks": 0,
                                "Shared Read Blocks": 0,
                                "Shared Dirtied Blocks": 0,
                                "Shared Written Blocks": 0,
                                "Local Hit Blocks": 0,
                                "Local Read Blocks": 0,
                                "Local Dirtied Blocks": 0,
                                "Local Written Blocks": 0,
                                "Temp Read Blocks": 0,
                                "Temp Written Blocks": 0
                            },
                            "Planning Time": 0.014,
                            "Triggers": [],
                            "Execution Time": 0.014
                        },
                        "all_ftr_time": 1.1599999999999997e-05,
                        "any_ftr_time": 1.5500000000000004e-05,
                        "exact_ftr_time": 1.34e-05
                    },
                    "1000": {
                        "all_time": 0.001013800103100948,
                        "any_time": 0.001694758198573254,
                        "exact_time": 0.001180474901048001,
                        "table_size": 98304.0,
                        "index_time": 7.920025382190943e-07,
                        "all_explanation": {
                            "Plan": {
                                "Node Type": "Seq Scan",
                                "Parallel Aware": false,
                                "Async Capable": false,
                                "Relation Name": "tests_benchmark_booltester015",
                                "Schema": "public",
                                "Alias": "tests_benchmark_booltester015",
                                "Startup Cost": 0.0,
                                "Total Cost": 17.01,
                                "Plan Rows": 1,
                                "Plan Width": 24,
                                "Actual Startup Time": 0.019,
                                "Actual Total Time": 0.082,
                                "Actual Rows": 1,
                                "Actual Loops": 1,
                                "Output": [
                                    "id",
                                    "flg_0",
                                    "flg_1",
                                    "flg_2",
                                    "flg_3",
                                    "flg_4",
                                    "flg_5",
                                    "flg_6",
                                    "flg_7",
                                    "flg_8",
                                    "flg_9",
                                    "flg_10",
                                    "flg_11",
                                    "flg_12",
                                    "flg_13",
                                    "flg_14",
                                    "flg_15"
                                ],
                                "Filter": "(tests_benchmark_booltester015.flg_0 AND tests_benchmark_booltester015.flg_1 AND tests_benchmark_booltester015.flg_2 AND tests_benchmark_booltester015.flg_4 AND tests_benchmark_booltester015.flg_6 AND tests_benchmark_booltester015.flg_7 AND tests_benchmark_booltester015.flg_8 AND tests_benchmark_booltester015.flg_11 AND tests_benchmark_booltester015.flg_13 AND tests_benchmark_booltester015.flg_14)",
                                "Rows Removed by Filter": 1000,
                                "Shared Hit Blocks": 7,
                                "Shared Read Blocks": 0,
                                "Shared Dirtied Blocks": 0,
                                "Shared Written Blocks": 0,
                                "Local Hit Blocks": 0,
                                "Local Read Blocks": 0,
                                "Local Dirtied Blocks": 0,
                                "Local Written Blocks": 0,
                                "Temp Read Blocks": 0,
                                "Temp Written Blocks": 0,
                                "WAL Records": 0,
                                "WAL FPI": 0,
                                "WAL Bytes": 0
                            },
                            "Settings": {},
                            "Planning": {
                                "Shared Hit Blocks": 0,
                                "Shared Read Blocks": 0,
                                "Shared Dirtied Blocks": 0,
                                "Shared Written Blocks": 0,
                                "Local Hit Blocks": 0,
                                "Local Read Blocks": 0,
                                "Local Dirtied Blocks": 0,
                                "Local Written Blocks": 0,
                                "Temp Read Blocks": 0,
                                "Temp Written Blocks": 0
                            },
                            "Planning Time": 0.01,
                            "Triggers": [],
                            "Execution Time": 0.084
                        },
                        "any_explanation": {
                            "Plan": {
                                "Node Type": "Seq Scan",
                                "Parallel Aware": false,
                                "Async Capable": false,
                                "Relation Name": "tests_benchmark_booltester015",
                                "Schema": "public",
                                "Alias": "tests_benchmark_booltester015",
                                "Startup Cost": 0.0,
                                "Total Cost": 17.01,
                                "Plan Rows": 1000,
                                "Plan Width": 24,
                                "Actual Startup Time": 0.003,
                                "Actual Total Time": 0.095,
                                "Actual Rows": 998,
                                "Actual Loops": 1,
                                "Output": [
                                    "id",
                                    "flg_0",
                                    "flg_1",
                                    "flg_2",
                                    "flg_3",
                                    "flg_4",
                                    "flg_5",
                                    "flg_6",
                                    "flg_7",
                                    "flg_8",
                                    "flg_9",
                                    "flg_10",
                                    "flg_11",
                                    "flg_12",
                                    "flg_13",
                                    "flg_14",
                                    "flg_15"
                                ],
                                "Filter": "(tests_benchmark_booltester015.flg_0 OR tests_benchmark_booltester015.flg_1 OR tests_benchmark_booltester015.flg_2 OR tests_benchmark_booltester015.flg_4 OR tests_benchmark_booltester015.flg_6 OR tests_benchmark_booltester015.flg_7 OR tests_benchmark_booltester015.flg_8 OR tests_benchmark_booltester015.flg_11 OR tests_benchmark_booltester015.flg_13 OR tests_benchmark_booltester015.flg_14)",
                                "Rows Removed by Filter": 3,
                                "Shared Hit Blocks": 7,
                                "Shared Read Blocks": 0,
                                "Shared Dirtied Blocks": 0,
                                "Shared Written Blocks": 0,
                                "Local Hit Blocks": 0,
                                "Local Read Blocks": 0,
                                "Local Dirtied Blocks": 0,
                                "Local Written Blocks": 0,
                                "Temp Read Blocks": 0,
                                "Temp Written Blocks": 0,
                                "WAL Records": 0,
                                "WAL FPI": 0,
                                "WAL Bytes": 0
                            },
                            "Settings": {},
                            "Planning": {
                                "Shared Hit Blocks": 0,
                                "Shared Read Blocks": 0,
                                "Shared Dirtied Blocks": 0,
                                "Shared Written Blocks": 0,
                                "Local Hit Blocks": 0,
                                "Local Read Blocks": 0,
                                "Local Dirtied Blocks": 0,
                                "Local Written Blocks": 0,
                                "Temp Read Blocks": 0,
                                "Temp Written Blocks": 0
                            },
                            "Planning Time": 0.011,
                            "Triggers": [],
                            "Execution Time": 0.122
                        },
                        "exact_explanation": {
                            "Plan": {
                                "Node Type": "Seq Scan",
                                "Parallel Aware": false,
                                "Async Capable": false,
                                "Relation Name": "tests_benchmark_booltester015",
                                "Schema": "public",
                                "Alias": "tests_benchmark_booltester015",
                                "Startup Cost": 0.0,
                                "Total Cost": 17.01,
                                "Plan Rows": 1,
                                "Plan Width": 24,
                                "Actual Startup Time": 0.094,
                                "Actual Total Time": 0.094,
                                "Actual Rows": 0,
                                "Actual Loops": 1,
                                "Output": [
                                    "id",
                                    "flg_0",
                                    "flg_1",
                                    "flg_2",
                                    "flg_3",
                                    "flg_4",
                                    "flg_5",
                                    "flg_6",
                                    "flg_7",
                                    "flg_8",
                                    "flg_9",
                                    "flg_10",
                                    "flg_11",
                                    "flg_12",
                                    "flg_13",
                                    "flg_14",
                                    "flg_15"
                                ],
                                "Filter": "(tests_benchmark_booltester015.flg_0 AND tests_benchmark_booltester015.flg_1 AND tests_benchmark_booltester015.flg_2 AND (NOT tests_benchmark_booltester015.flg_3) AND tests_benchmark_booltester015.flg_4 AND (NOT tests_benchmark_booltester015.flg_5) AND tests_benchmark_booltester015.flg_6 AND tests_benchmark_booltester015.flg_7 AND tests_benchmark_booltester015.flg_8 AND (NOT tests_benchmark_booltester015.flg_9) AND (NOT tests_benchmark_booltester015.flg_10) AND tests_benchmark_booltester015.flg_11 AND (NOT tests_benchmark_booltester015.flg_12) AND tests_benchmark_booltester015.flg_13 AND tests_benchmark_booltester015.flg_14 AND (NOT tests_benchmark_booltester015.flg_15))",
                                "Rows Removed by Filter": 1001,
                                "Shared Hit Blocks": 7,
                                "Shared Read Blocks": 0,
                                "Shared Dirtied Blocks": 0,
                                "Shared Written Blocks": 0,
                                "Local Hit Blocks": 0,
                                "Local Read Blocks": 0,
                                "Local Dirtied Blocks": 0,
                                "Local Written Blocks": 0,
                                "Temp Read Blocks": 0,
                                "Temp Written Blocks": 0,
                                "WAL Records": 0,
                                "WAL FPI": 0,
                                "WAL Bytes": 0
                            },
                            "Settings": {},
                            "Planning": {
                                "Shared Hit Blocks": 0,
                                "Shared Read Blocks": 0,
                                "Shared Dirtied Blocks": 0,
                                "Shared Written Blocks": 0,
                                "Local Hit Blocks": 0,
                                "Local Read Blocks": 0,
                                "Local Dirtied Blocks": 0,
                                "Local Written Blocks": 0,
                                "Temp Read Blocks": 0,
                                "Temp Written Blocks": 0
                            },
                            "Planning Time": 0.013,
                            "Triggers": [],
                            "Execution Time": 0.097
                        },
                        "all_ftr_time": 7.979999999999999e-05,
                        "any_ftr_time": 0.00011469999999999998,
                        "exact_ftr_time": 8.959999999999998e-05
                    },
                    "10000": {
                        "all_time": 0.00245617499895161,
                        "any_time": 0.00834478750184644,
                        "exact_time": 0.0035253292036941273,
                        "table_size": 770048.0,
                        "index_time": 6.290996680036187e-06,
                        "all_explanation": {
                            "Plan": {
                                "Node Type": "Seq Scan",
                                "Parallel Aware": false,
                                "Async Capable": false,
                                "Relation Name": "tests_benchmark_booltester015",
                                "Schema": "public",
                                "Alias": "tests_benchmark_booltester015",
                                "Startup Cost": 0.0,
                                "Total Cost": 164.01,
                                "Plan Rows": 78,
                                "Plan Width": 24,
                                "Actual Startup Time": 0.01,
                                "Actual Total Time": 0.897,
                                "Actual Rows": 77,
                                "Actual Loops": 1,
                                "Output": [
                                    "id",
                                    "flg_0",
                                    "flg_1",
                                    "flg_2",
                                    "flg_3",
                                    "flg_4",
                                    "flg_5",
                                    "flg_6",
                                    "flg_7",
                                    "flg_8",
                                    "flg_9",
                                    "flg_10",
                                    "flg_11",
                                    "flg_12",
                                    "flg_13",
                                    "flg_14",
                                    "flg_15"
                                ],
                                "Filter": "(tests_benchmark_booltester015.flg_1 AND tests_benchmark_booltester015.flg_2 AND tests_benchmark_booltester015.flg_6 AND tests_benchmark_booltester015.flg_8 AND tests_benchmark_booltester015.flg_11 AND tests_benchmark_booltester015.flg_13 AND tests_benchmark_booltester015.flg_14)",
                                "Rows Removed by Filter": 9924,
                                "Shared Hit Blocks": 64,
                                "Shared Read Blocks": 0,
                                "Shared Dirtied Blocks": 0,
                                "Shared Written Blocks": 0,
                                "Local Hit Blocks": 0,
                                "Local Read Blocks": 0,
                                "Local Dirtied Blocks": 0,
                                "Local Written Blocks": 0,
                                "Temp Read Blocks": 0,
                                "Temp Written Blocks": 0,
                                "WAL Records": 0,
                                "WAL FPI": 0,
                                "WAL Bytes": 0
                            },
                            "Settings": {},
                            "Planning": {
                                "Shared Hit Blocks": 0,
                                "Shared Read Blocks": 0,
                                "Shared Dirtied Blocks": 0,
                                "Shared Written Blocks": 0,
                                "Local Hit Blocks": 0,
                                "Local Read Blocks": 0,
                                "Local Dirtied Blocks": 0,
                                "Local Written Blocks": 0,
                                "Temp Read Blocks": 0,
                                "Temp Written Blocks": 0
                            },
                            "Planning Time": 0.018,
                            "Triggers": [],
                            "Execution Time": 0.904
                        },
                        "any_explanation": {
                            "Plan": {
                                "Node Type": "Seq Scan",
                                "Parallel Aware": false,
                                "Async Capable": false,
                                "Relation Name": "tests_benchmark_booltester015",
                                "Schema": "public",
                                "Alias": "tests_benchmark_booltester015",
                                "Startup Cost": 0.0,
                                "Total Cost": 164.01,
                                "Plan Rows": 9923,
                                "Plan Width": 24,
                                "Actual Startup Time": 0.003,
                                "Actual Total Time": 1.024,
                                "Actual Rows": 9919,
                                "Actual Loops": 1,
                                "Output": [
                                    "id",
                                    "flg_0",
                                    "flg_1",
                                    "flg_2",
                                    "flg_3",
                                    "flg_4",
                                    "flg_5",
                                    "flg_6",
                                    "flg_7",
                                    "flg_8",
                                    "flg_9",
                                    "flg_10",
                                    "flg_11",
                                    "flg_12",
                                    "flg_13",
                                    "flg_14",
                                    "flg_15"
                                ],
                                "Filter": "(tests_benchmark_booltester015.flg_1 OR tests_benchmark_booltester015.flg_2 OR tests_benchmark_booltester015.flg_6 OR tests_benchmark_booltester015.flg_8 OR tests_benchmark_booltester015.flg_11 OR tests_benchmark_booltester015.flg_13 OR tests_benchmark_booltester015.flg_14)",
                                "Rows Removed by Filter": 82,
                                "Shared Hit Blocks": 64,
                                "Shared Read Blocks": 0,
                                "Shared Dirtied Blocks": 0,
                                "Shared Written Blocks": 0,
                                "Local Hit Blocks": 0,
                                "Local Read Blocks": 0,
                                "Local Dirtied Blocks": 0,
                                "Local Written Blocks": 0,
                                "Temp Read Blocks": 0,
                                "Temp Written Blocks": 0,
                                "WAL Records": 0,
                                "WAL FPI": 0,
                                "WAL Bytes": 0
                            },
                            "Settings": {},
                            "Planning": {
                                "Shared Hit Blocks": 0,
                                "Shared Read Blocks": 0,
                                "Shared Dirtied Blocks": 0,
                                "Shared Written Blocks": 0,
                                "Local Hit Blocks": 0,
                                "Local Read Blocks": 0,
                                "Local Dirtied Blocks": 0,
                                "Local Written Blocks": 0,
                                "Temp Read Blocks": 0,
                                "Temp Written Blocks": 0
                            },
                            "Planning Time": 0.012,
                            "Triggers": [],
                            "Execution Time": 1.293
                        },
                        "exact_explanation": {
                            "Plan": {
                                "Node Type": "Seq Scan",
                                "Parallel Aware": false,
                                "Async Capable": false,
                                "Relation Name": "tests_benchmark_booltester015",
                                "Schema": "public",
                                "Alias": "tests_benchmark_booltester015",
                                "Startup Cost": 0.0,
                                "Total Cost": 164.01,
                                "Plan Rows": 1,
                                "Plan Width": 24,
                                "Actual Startup Time": 0.127,
                                "Actual Total Time": 1.004,
                                "Actual Rows": 1,
                                "Actual Loops": 1,
                                "Output": [
                                    "id",
                                    "flg_0",
                                    "flg_1",
                                    "flg_2",
                                    "flg_3",
                                    "flg_4",
                                    "flg_5",
                                    "flg_6",
                                    "flg_7",
                                    "flg_8",
                                    "flg_9",
                                    "flg_10",
                                    "flg_11",
                                    "flg_12",
                                    "flg_13",
                                    "flg_14",
                                    "flg_15"
                                ],
                                "Filter": "((NOT tests_benchmark_booltester015.flg_0) AND tests_benchmark_booltester015.flg_1 AND tests_benchmark_booltester015.flg_2 AND (NOT tests_benchmark_booltester015.flg_3) AND (NOT tests_benchmark_booltester015.flg_4) AND (NOT tests_benchmark_booltester015.flg_5) AND tests_benchmark_booltester015.flg_6 AND (NOT tests_benchmark_booltester015.flg_7) AND tests_benchmark_booltester015.flg_8 AND (NOT tests_benchmark_booltester015.flg_9) AND (NOT tests_benchmark_booltester015.flg_10) AND tests_benchmark_booltester015.flg_11 AND (NOT tests_benchmark_booltester015.flg_12) AND tests_benchmark_booltester015.flg_13 AND tests_benchmark_booltester015.flg_14 AND (NOT tests_benchmark_booltester015.flg_15))",
                                "Rows Removed by Filter": 10000,
                                "Shared Hit Blocks": 64,
                                "Shared Read Blocks": 0,
                                "Shared Dirtied Blocks": 0,
                                "Shared Written Blocks": 0,
                                "Local Hit Blocks": 0,
                                "Local Read Blocks": 0,
                                "Local Dirtied Blocks": 0,
                                "Local Written Blocks": 0,
                                "Temp Read Blocks": 0,
                                "Temp Written Blocks": 0,
                                "WAL Records": 0,
                                "WAL FPI": 0,
                                "WAL Bytes": 0
                            },
                            "Settings": {},
                            "Planning": {
                                "Shared Hit Blocks": 0,
                                "Shared Read Blocks": 0,
                                "Shared Dirtied Blocks": 0,
                                "Shared Written Blocks": 0,
                                "Local Hit Blocks": 0,
                                "Local Read Blocks": 0,
                                "Local Dirtied Blocks": 0,
                                "Local Written Blocks": 0,
                                "Temp Read Blocks": 0,
                                "Temp Written Blocks": 0
                            },
                            "Planning Time": 0.014,
                            "Triggers": [],
                            "Execution Time": 1.008
                        },
                        "all_ftr_time": 0.0009184000000000001,
                        "any_ftr_time": 0.0013108,
                        "exact_ftr_time": 0.0010224
                    },
                    "100000": {
                        "all_time": 0.009421504200145137,
                        "any_time": 0.023262166799395346,
                        "exact_time": 0.01228510439832462,
                        "table_size": 7479296.0,
                        "index_time": 2.125001628883183e-06,
                        "all_explanation": {
                            "Plan": {
                                "Node Type": "Seq Scan",
                                "Parallel Aware": false,
                                "Async Capable": false,
                                "Relation Name": "tests_benchmark_booltester015",
                                "Schema": "public",
                                "Alias": "tests_benchmark_booltester015",
                                "Startup Cost": 0.0,
                                "Total Cost": 1637.01,
                                "Plan Rows": 781,
                                "Plan Width": 24,
                                "Actual Startup Time": 0.016,
                                "Actual Total Time": 6.765,
                                "Actual Rows": 794,
                                "Actual Loops": 1,
                                "Output": [
                                    "id",
                                    "flg_0",
                                    "flg_1",
                                    "flg_2",
                                    "flg_3",
                                    "flg_4",
                                    "flg_5",
                                    "flg_6",
                                    "flg_7",
                                    "flg_8",
                                    "flg_9",
                                    "flg_10",
                                    "flg_11",
                                    "flg_12",
                                    "flg_13",
                                    "flg_14",
                                    "flg_15"
                                ],
                                "Filter": "(tests_benchmark_booltester015.flg_0 AND tests_benchmark_booltester015.flg_4 AND tests_benchmark_booltester015.flg_5 AND tests_benchmark_booltester015.flg_6 AND tests_benchmark_booltester015.flg_11 AND tests_benchmark_booltester015.flg_13 AND tests_benchmark_booltester015.flg_14)",
                                "Rows Removed by Filter": 99207,
                                "Shared Hit Blocks": 637,
                                "Shared Read Blocks": 0,
                                "Shared Dirtied Blocks": 0,
                                "Shared Written Blocks": 0,
                                "Local Hit Blocks": 0,
                                "Local Read Blocks": 0,
                                "Local Dirtied Blocks": 0,
                                "Local Written Blocks": 0,
                                "Temp Read Blocks": 0,
                                "Temp Written Blocks": 0,
                                "WAL Records": 0,
                                "WAL FPI": 0,
                                "WAL Bytes": 0
                            },
                            "Settings": {},
                            "Planning": {
                                "Shared Hit Blocks": 0,
                                "Shared Read Blocks": 0,
                                "Shared Dirtied Blocks": 0,
                                "Shared Written Blocks": 0,
                                "Local Hit Blocks": 0,
                                "Local Read Blocks": 0,
                                "Local Dirtied Blocks": 0,
                                "Local Written Blocks": 0,
                                "Temp Read Blocks": 0,
                                "Temp Written Blocks": 0
                            },
                            "Planning Time": 0.009,
                            "Triggers": [],
                            "Execution Time": 6.783
                        },
                        "any_explanation": {
                            "Plan": {
                                "Node Type": "Seq Scan",
                                "Parallel Aware": false,
                                "Async Capable": false,
                                "Relation Name": "tests_benchmark_booltester015",
                                "Schema": "public",
                                "Alias": "tests_benchmark_booltester015",
                                "Startup Cost": 0.0,
                                "Total Cost": 1637.01,
                                "Plan Rows": 99220,
                                "Plan Width": 24,
                                "Actual Startup Time": 0.004,
                                "Actual Total Time": 8.344,
                                "Actual Rows": 99294,
                                "Actual Loops": 1,
                                "Output": [
                                    "id",
                                    "flg_0",
                                    "flg_1",
                                    "flg_2",
                                    "flg_3",
                                    "flg_4",
                                    "flg_5",
                                    "flg_6",
                                    "flg_7",
                                    "flg_8",
                                    "flg_9",
                                    "flg_10",
                                    "flg_11",
                                    "flg_12",
                                    "flg_13",
                                    "flg_14",
                                    "flg_15"
                                ],
                                "Filter": "(tests_benchmark_booltester015.flg_0 OR tests_benchmark_booltester015.flg_4 OR tests_benchmark_booltester015.flg_5 OR tests_benchmark_booltester015.flg_6 OR tests_benchmark_booltester015.flg_11 OR tests_benchmark_booltester015.flg_13 OR tests_benchmark_booltester015.flg_14)",
                                "Rows Removed by Filter": 707,
                                "Shared Hit Blocks": 637,
                                "Shared Read Blocks": 0,
                                "Shared Dirtied Blocks": 0,
                                "Shared Written Blocks": 0,
                                "Local Hit Blocks": 0,
                                "Local Read Blocks": 0,
                                "Local Dirtied Blocks": 0,
                                "Local Written Blocks": 0,
                                "Temp Read Blocks": 0,
                                "Temp Written Blocks": 0,
                                "WAL Records": 0,
                                "WAL FPI": 0,
                                "WAL Bytes": 0
                            },
                            "Settings": {},
                            "Planning": {
                                "Shared Hit Blocks": 0,
                                "Shared Read Blocks": 0,
                                "Shared Dirtied Blocks": 0,
                                "Shared Written Blocks": 0,
                                "Local Hit Blocks": 0,
                                "Local Read Blocks": 0,
                                "Local Dirtied Blocks": 0,
                                "Local Written Blocks": 0,
                                "Temp Read Blocks": 0,
                                "Temp Written Blocks": 0
                            },
                            "Planning Time": 0.029,
                            "Triggers": [],
                            "Execution Time": 10.441
                        },
                        "exact_explanation": {
                            "Plan": {
                                "Node Type": "Seq Scan",
                                "Parallel Aware": false,
                                "Async Capable": false,
                                "Relation Name": "tests_benchmark_booltester015",
                                "Schema": "public",
                                "Alias": "tests_benchmark_booltester015",
                                "Startup Cost": 0.0,
                                "Total Cost": 1637.01,
                                "Plan Rows": 2,
                                "Plan Width": 24,
                                "Actual Startup Time": 5.624,
                                "Actual Total Time": 8.106,
                                "Actual Rows": 1,
                                "Actual Loops": 1,
                                "Output": [
                                    "id",
                                    "flg_0",
                                    "flg_1",
                                    "flg_2",
                                    "flg_3",
                                    "flg_4",
                                    "flg_5",
                                    "flg_6",
                                    "flg_7",
                                    "flg_8",
                                    "flg_9",
                                    "flg_10",
                                    "flg_11",
                                    "flg_12",
                                    "flg_13",
                                    "flg_14",
                                    "flg_15"
                                ],
                                "Filter": "(tests_benchmark_booltester015.flg_0 AND (NOT tests_benchmark_booltester015.flg_1) AND (NOT tests_benchmark_booltester015.flg_2) AND (NOT tests_benchmark_booltester015.flg_3) AND tests_benchmark_booltester015.flg_4 AND tests_benchmark_booltester015.flg_5 AND tests_benchmark_booltester015.flg_6 AND (NOT tests_benchmark_booltester015.flg_7) AND (NOT tests_benchmark_booltester015.flg_8) AND (NOT tests_benchmark_booltester015.flg_9) AND (NOT tests_benchmark_booltester015.flg_10) AND tests_benchmark_booltester015.flg_11 AND (NOT tests_benchmark_booltester015.flg_12) AND tests_benchmark_booltester015.flg_13 AND tests_benchmark_booltester015.flg_14 AND (NOT tests_benchmark_booltester015.flg_15))",
                                "Rows Removed by Filter": 100000,
                                "Shared Hit Blocks": 637,
                                "Shared Read Blocks": 0,
                                "Shared Dirtied Blocks": 0,
                                "Shared Written Blocks": 0,
                                "Local Hit Blocks": 0,
                                "Local Read Blocks": 0,
                                "Local Dirtied Blocks": 0,
                                "Local Written Blocks": 0,
                                "Temp Read Blocks": 0,
                                "Temp Written Blocks": 0,
                                "WAL Records": 0,
                                "WAL FPI": 0,
                                "WAL Bytes": 0
                            },
                            "Settings": {},
                            "Planning": {
                                "Shared Hit Blocks": 0,
                                "Shared Read Blocks": 0,
                                "Shared Dirtied Blocks": 0,
                                "Shared Written Blocks": 0,
                                "Local Hit Blocks": 0,
                                "Local Read Blocks": 0,
                                "Local Dirtied Blocks": 0,
                                "Local Written Blocks": 0,
                                "Temp Read Blocks": 0,
                                "Temp Written Blocks": 0
                            },
                            "Planning Time": 0.032,
                            "Triggers": [],
                            "Execution Time": 8.114
                        },
                        "all_ftr_time": 0.007086299999999999,
                        "any_ftr_time": 0.0102136,
                        "exact_ftr_time": 0.007656799999999999
                    },
                    "1000000": {
                        "all_time": 0.03440397080266848,
                        "any_time": 0.15008417919889325,
                        "exact_time": 0.03755465000140248,
                        "table_size": 74448896.0,
                        "index_time": 2.125001628883183e-06,
                        "all_explanation": {
                            "Plan": {
                                "Node Type": "Gather",
                                "Parallel Aware": false,
                                "Async Capable": false,
                                "Startup Cost": 1000.0,
                                "Total Cost": 12317.97,
                                "Plan Rows": 7813,
                                "Plan Width": 24,
                                "Actual Startup Time": 0.082,
                                "Actual Total Time": 28.001,
                                "Actual Rows": 7803,
                                "Actual Loops": 1,
                                "Output": [
                                    "id",
                                    "flg_0",
                                    "flg_1",
                                    "flg_2",
                                    "flg_3",
                                    "flg_4",
                                    "flg_5",
                                    "flg_6",
                                    "flg_7",
                                    "flg_8",
                                    "flg_9",
                                    "flg_10",
                                    "flg_11",
                                    "flg_12",
                                    "flg_13",
                                    "flg_14",
                                    "flg_15"
                                ],
                                "Workers Planned": 2,
                                "Workers Launched": 2,
                                "Single Copy": false,
                                "Shared Hit Blocks": 4768,
                                "Shared Read Blocks": 1602,
                                "Shared Dirtied Blocks": 0,
                                "Shared Written Blocks": 0,
                                "Local Hit Blocks": 0,
                                "Local Read Blocks": 0,
                                "Local Dirtied Blocks": 0,
                                "Local Written Blocks": 0,
                                "Temp Read Blocks": 0,
                                "Temp Written Blocks": 0,
                                "WAL Records": 0,
                                "WAL FPI": 0,
                                "WAL Bytes": 0,
                                "Plans": [
                                    {
                                        "Node Type": "Seq Scan",
                                        "Parent Relationship": "Outer",
                                        "Parallel Aware": true,
                                        "Async Capable": false,
                                        "Relation Name": "tests_benchmark_booltester015",
                                        "Schema": "public",
                                        "Alias": "tests_benchmark_booltester015",
                                        "Startup Cost": 0.0,
                                        "Total Cost": 10536.67,
                                        "Plan Rows": 3255,
                                        "Plan Width": 24,
                                        "Actual Startup Time": 0.03,
                                        "Actual Total Time": 25.668,
                                        "Actual Rows": 2601,
                                        "Actual Loops": 3,
                                        "Output": [
                                            "id",
                                            "flg_0",
                                            "flg_1",
                                            "flg_2",
                                            "flg_3",
                                            "flg_4",
                                            "flg_5",
                                            "flg_6",
                                            "flg_7",
                                            "flg_8",
                                            "flg_9",
                                            "flg_10",
                                            "flg_11",
                                            "flg_12",
                                            "flg_13",
                                            "flg_14",
                                            "flg_15"
                                        ],
                                        "Filter": "(tests_benchmark_booltester015.flg_0 AND tests_benchmark_booltester015.flg_2 AND tests_benchmark_booltester015.flg_4 AND tests_benchmark_booltester015.flg_5 AND tests_benchmark_booltester015.flg_6 AND tests_benchmark_booltester015.flg_11 AND tests_benchmark_booltester015.flg_13)",
                                        "Rows Removed by Filter": 330733,
                                        "Shared Hit Blocks": 4768,
                                        "Shared Read Blocks": 1602,
                                        "Shared Dirtied Blocks": 0,
                                        "Shared Written Blocks": 0,
                                        "Local Hit Blocks": 0,
                                        "Local Read Blocks": 0,
                                        "Local Dirtied Blocks": 0,
                                        "Local Written Blocks": 0,
                                        "Temp Read Blocks": 0,
                                        "Temp Written Blocks": 0,
                                        "WAL Records": 0,
                                        "WAL FPI": 0,
                                        "WAL Bytes": 0,
                                        "Workers": [
                                            {
                                                "Worker Number": 0,
                                                "Actual Startup Time": 0.03,
                                                "Actual Total Time": 25.095,
                                                "Actual Rows": 2527,
                                                "Actual Loops": 1,
                                                "Shared Hit Blocks": 1557,
                                                "Shared Read Blocks": 482,
                                                "Shared Dirtied Blocks": 0,
                                                "Shared Written Blocks": 0,
                                                "Local Hit Blocks": 0,
                                                "Local Read Blocks": 0,
                                                "Local Dirtied Blocks": 0,
                                                "Local Written Blocks": 0,
                                                "Temp Read Blocks": 0,
                                                "Temp Written Blocks": 0,
                                                "WAL Records": 0,
                                                "WAL FPI": 0,
                                                "WAL Bytes": 0
                                            },
                                            {
                                                "Worker Number": 1,
                                                "Actual Startup Time": 0.037,
                                                "Actual Total Time": 25.097,
                                                "Actual Rows": 2522,
                                                "Actual Loops": 1,
                                                "Shared Hit Blocks": 1555,
                                                "Shared Read Blocks": 480,
                                                "Shared Dirtied Blocks": 0,
                                                "Shared Written Blocks": 0,
                                                "Local Hit Blocks": 0,
                                                "Local Read Blocks": 0,
                                                "Local Dirtied Blocks": 0,
                                                "Local Written Blocks": 0,
                                                "Temp Read Blocks": 0,
                                                "Temp Written Blocks": 0,
                                                "WAL Records": 0,
                                                "WAL FPI": 0,
                                                "WAL Bytes": 0
                                            }
                                        ]
                                    }
                                ]
                            },
                            "Settings": {},
                            "Planning": {
                                "Shared Hit Blocks": 0,
                                "Shared Read Blocks": 0,
                                "Shared Dirtied Blocks": 0,
                                "Shared Written Blocks": 0,
                                "Local Hit Blocks": 0,
                                "Local Read Blocks": 0,
                                "Local Dirtied Blocks": 0,
                                "Local Written Blocks": 0,
                                "Temp Read Blocks": 0,
                                "Temp Written Blocks": 0
                            },
                            "Planning Time": 0.03,
                            "Triggers": [],
                            "Execution Time": 28.18
                        },
                        "any_explanation": {
                            "Plan": {
                                "Node Type": "Seq Scan",
                                "Parallel Aware": false,
                                "Async Capable": false,
                                "Relation Name": "tests_benchmark_booltester015",
                                "Schema": "public",
                                "Alias": "tests_benchmark_booltester015",
                                "Startup Cost": 0.0,
                                "Total Cost": 16370.01,
                                "Plan Rows": 992188,
                                "Plan Width": 24,
                                "Actual Startup Time": 0.008,
                                "Actual Total Time": 80.286,
                                "Actual Rows": 992183,
                                "Actual Loops": 1,
                                "Output": [
                                    "id",
                                    "flg_0",
                                    "flg_1",
                                    "flg_2",
                                    "flg_3",
                                    "flg_4",
                                    "flg_5",
                                    "flg_6",
                                    "flg_7",
                                    "flg_8",
                                    "flg_9",
                                    "flg_10",
                                    "flg_11",
                                    "flg_12",
                                    "flg_13",
                                    "flg_14",
                                    "flg_15"
                                ],
                                "Filter": "(tests_benchmark_booltester015.flg_0 OR tests_benchmark_booltester015.flg_2 OR tests_benchmark_booltester015.flg_4 OR tests_benchmark_booltester015.flg_5 OR tests_benchmark_booltester015.flg_6 OR tests_benchmark_booltester015.flg_11 OR tests_benchmark_booltester015.flg_13)",
                                "Rows Removed by Filter": 7818,
                                "Shared Hit Blocks": 4960,
                                "Shared Read Blocks": 1410,
                                "Shared Dirtied Blocks": 0,
                                "Shared Written Blocks": 0,
                                "Local Hit Blocks": 0,
                                "Local Read Blocks": 0,
                                "Local Dirtied Blocks": 0,
                                "Local Written Blocks": 0,
                                "Temp Read Blocks": 0,
                                "Temp Written Blocks": 0,
                                "WAL Records": 0,
                                "WAL FPI": 0,
                                "WAL Bytes": 0
                            },
                            "Settings": {},
                            "Planning": {
                                "Shared Hit Blocks": 0,
                                "Shared Read Blocks": 0,
                                "Shared Dirtied Blocks": 0,
                                "Shared Written Blocks": 0,
                                "Local Hit Blocks": 0,
                                "Local Read Blocks": 0,
                                "Local Dirtied Blocks": 0,
                                "Local Written Blocks": 0,
                                "Temp Read Blocks": 0,
                                "Temp Written Blocks": 0
                            },
                            "Planning Time": 0.028,
                            "Triggers": [],
                            "Execution Time": 100.455
                        },
                        "exact_explanation": {
                            "Plan": {
                                "Node Type": "Gather",
                                "Parallel Aware": false,
                                "Async Capable": false,
                                "Startup Cost": 1000.0,
                                "Total Cost": 11538.17,
                                "Plan Rows": 15,
                                "Plan Width": 24,
                                "Actual Startup Time": 0.497,
                                "Actual Total Time": 30.87,
                                "Actual Rows": 13,
                                "Actual Loops": 1,
                                "Output": [
                                    "id",
                                    "flg_0",
                                    "flg_1",
                                    "flg_2",
                                    "flg_3",
                                    "flg_4",
                                    "flg_5",
                                    "flg_6",
                                    "flg_7",
                                    "flg_8",
                                    "flg_9",
                                    "flg_10",
                                    "flg_11",
                                    "flg_12",
                                    "flg_13",
                                    "flg_14",
                                    "flg_15"
                                ],
                                "Workers Planned": 2,
                                "Workers Launched": 2,
                                "Single Copy": false,
                                "Shared Hit Blocks": 5088,
                                "Shared Read Blocks": 1282,
                                "Shared Dirtied Blocks": 0,
                                "Shared Written Blocks": 0,
                                "Local Hit Blocks": 0,
                                "Local Read Blocks": 0,
                                "Local Dirtied Blocks": 0,
                                "Local Written Blocks": 0,
                                "Temp Read Blocks": 0,
                                "Temp Written Blocks": 0,
                                "WAL Records": 0,
                                "WAL FPI": 0,
                                "WAL Bytes": 0,
                                "Plans": [
                                    {
                                        "Node Type": "Seq Scan",
                                        "Parent Relationship": "Outer",
                                        "Parallel Aware": true,
                                        "Async Capable": false,
                                        "Relation Name": "tests_benchmark_booltester015",
                                        "Schema": "public",
                                        "Alias": "tests_benchmark_booltester015",
                                        "Startup Cost": 0.0,
                                        "Total Cost": 10536.67,
                                        "Plan Rows": 6,
                                        "Plan Width": 24,
                                        "Actual Startup Time": 1.147,
                                        "Actual Total Time": 28.814,
                                        "Actual Rows": 4,
                                        "Actual Loops": 3,
                                        "Output": [
                                            "id",
                                            "flg_0",
                                            "flg_1",
                                            "flg_2",
                                            "flg_3",
                                            "flg_4",
                                            "flg_5",
                                            "flg_6",
                                            "flg_7",
                                            "flg_8",
                                            "flg_9",
                                            "flg_10",
                                            "flg_11",
                                            "flg_12",
                                            "flg_13",
                                            "flg_14",
                                            "flg_15"
                                        ],
                                        "Filter": "(tests_benchmark_booltester015.flg_0 AND (NOT tests_benchmark_booltester015.flg_1) AND tests_benchmark_booltester015.flg_2 AND (NOT tests_benchmark_booltester015.flg_3) AND tests_benchmark_booltester015.flg_4 AND tests_benchmark_booltester015.flg_5 AND tests_benchmark_booltester015.flg_6 AND (NOT tests_benchmark_booltester015.flg_7) AND (NOT tests_benchmark_booltester015.flg_8) AND (NOT tests_benchmark_booltester015.flg_9) AND (NOT tests_benchmark_booltester015.flg_10) AND tests_benchmark_booltester015.flg_11 AND (NOT tests_benchmark_booltester015.flg_12) AND tests_benchmark_booltester015.flg_13 AND (NOT tests_benchmark_booltester015.flg_14) AND (NOT tests_benchmark_booltester015.flg_15))",
                                        "Rows Removed by Filter": 333329,
                                        "Shared Hit Blocks": 5088,
                                        "Shared Read Blocks": 1282,
                                        "Shared Dirtied Blocks": 0,
                                        "Shared Written Blocks": 0,
                                        "Local Hit Blocks": 0,
                                        "Local Read Blocks": 0,
                                        "Local Dirtied Blocks": 0,
                                        "Local Written Blocks": 0,
                                        "Temp Read Blocks": 0,
                                        "Temp Written Blocks": 0,
                                        "WAL Records": 0,
                                        "WAL FPI": 0,
                                        "WAL Bytes": 0,
                                        "Workers": [
                                            {
                                                "Worker Number": 0,
                                                "Actual Startup Time": 0.812,
                                                "Actual Total Time": 28.211,
                                                "Actual Rows": 5,
                                                "Actual Loops": 1,
                                                "Shared Hit Blocks": 1662,
                                                "Shared Read Blocks": 384,
                                                "Shared Dirtied Blocks": 0,
                                                "Shared Written Blocks": 0,
                                                "Local Hit Blocks": 0,
                                                "Local Read Blocks": 0,
                                                "Local Dirtied Blocks": 0,
                                                "Local Written Blocks": 0,
                                                "Temp Read Blocks": 0,
                                                "Temp Written Blocks": 0,
                                                "WAL Records": 0,
                                                "WAL FPI": 0,
                                                "WAL Bytes": 0
                                            },
                                            {
                                                "Worker Number": 1,
                                                "Actual Startup Time": 2.193,
                                                "Actual Total Time": 28.183,
                                                "Actual Rows": 4,
                                                "Actual Loops": 1,
                                                "Shared Hit Blocks": 1663,
                                                "Shared Read Blocks": 380,
                                                "Shared Dirtied Blocks": 0,
                                                "Shared Written Blocks": 0,
                                                "Local Hit Blocks": 0,
                                                "Local Read Blocks": 0,
                                                "Local Dirtied Blocks": 0,
                                                "Local Written Blocks": 0,
                                                "Temp Read Blocks": 0,
                                                "Temp Written Blocks": 0,
                                                "WAL Records": 0,
                                                "WAL FPI": 0,
                                                "WAL Bytes": 0
                                            }
                                        ]
                                    }
                                ]
                            },
                            "Settings": {},
                            "Planning": {
                                "Shared Hit Blocks": 0,
                                "Shared Read Blocks": 0,
                                "Shared Dirtied Blocks": 0,
                                "Shared Written Blocks": 0,
                                "Local Hit Blocks": 0,
                                "Local Read Blocks": 0,
                                "Local Dirtied Blocks": 0,
                                "Local Written Blocks": 0,
                                "Temp Read Blocks": 0,
                                "Temp Written Blocks": 0
                            },
                            "Planning Time": 0.029,
                            "Triggers": [],
                            "Execution Time": 30.878
                        },
                        "all_ftr_time": 0.030655300000000003,
                        "any_ftr_time": 0.10800439999999999,
                        "exact_ftr_time": 0.0322854
                    },
                    "2000000": {
                        "all_time": 0.06422337929689093,
                        "any_time": 0.3009648126011598,
                        "exact_time": 0.06927336660155561,
                        "table_size": 148897792.0,
                        "index_time": 3.6249984987080097e-06,
                        "all_explanation": {
                            "Plan": {
                                "Node Type": "Gather",
                                "Parallel Aware": false,
                                "Async Capable": false,
                                "Startup Cost": 1000.0,
                                "Total Cost": 28322.34,
                                "Plan Rows": 62500,
                                "Plan Width": 24,
                                "Actual Startup Time": 0.067,
                                "Actual Total Time": 56.154,
                                "Actual Rows": 62546,
                                "Actual Loops": 1,
                                "Output": [
                                    "id",
                                    "flg_0",
                                    "flg_1",
                                    "flg_2",
                                    "flg_3",
                                    "flg_4",
                                    "flg_5",
                                    "flg_6",
                                    "flg_7",
                                    "flg_8",
                                    "flg_9",
                                    "flg_10",
                                    "flg_11",
                                    "flg_12",
                                    "flg_13",
                                    "flg_14",
                                    "flg_15"
                                ],
                                "Workers Planned": 2,
                                "Workers Launched": 2,
                                "Single Copy": false,
                                "Shared Hit Blocks": 4768,
                                "Shared Read Blocks": 7971,
                                "Shared Dirtied Blocks": 0,
                                "Shared Written Blocks": 0,
                                "Local Hit Blocks": 0,
                                "Local Read Blocks": 0,
                                "Local Dirtied Blocks": 0,
                                "Local Written Blocks": 0,
                                "Temp Read Blocks": 0,
                                "Temp Written Blocks": 0,
                                "WAL Records": 0,
                                "WAL FPI": 0,
                                "WAL Bytes": 0,
                                "Plans": [
                                    {
                                        "Node Type": "Seq Scan",
                                        "Parent Relationship": "Outer",
                                        "Parallel Aware": true,
                                        "Async Capable": false,
                                        "Relation Name": "tests_benchmark_booltester015",
                                        "Schema": "public",
                                        "Alias": "tests_benchmark_booltester015",
                                        "Startup Cost": 0.0,
                                        "Total Cost": 21072.34,
                                        "Plan Rows": 26042,
                                        "Plan Width": 24,
                                        "Actual Startup Time": 0.019,
                                        "Actual Total Time": 53.478,
                                        "Actual Rows": 20849,
                                        "Actual Loops": 3,
                                        "Output": [
                                            "id",
                                            "flg_0",
                                            "flg_1",
                                            "flg_2",
                                            "flg_3",
                                            "flg_4",
                                            "flg_5",
                                            "flg_6",
                                            "flg_7",
                                            "flg_8",
                                            "flg_9",
                                            "flg_10",
                                            "flg_11",
                                            "flg_12",
                                            "flg_13",
                                            "flg_14",
                                            "flg_15"
                                        ],
                                        "Filter": "(tests_benchmark_booltester015.flg_2 AND tests_benchmark_booltester015.flg_9 AND tests_benchmark_booltester015.flg_10 AND tests_benchmark_booltester015.flg_13 AND tests_benchmark_booltester015.flg_14)",
                                        "Rows Removed by Filter": 645818,
                                        "Shared Hit Blocks": 4768,
                                        "Shared Read Blocks": 7971,
                                        "Shared Dirtied Blocks": 0,
                                        "Shared Written Blocks": 0,
                                        "Local Hit Blocks": 0,
                                        "Local Read Blocks": 0,
                                        "Local Dirtied Blocks": 0,
                                        "Local Written Blocks": 0,
                                        "Temp Read Blocks": 0,
                                        "Temp Written Blocks": 0,
                                        "WAL Records": 0,
                                        "WAL FPI": 0,
                                        "WAL Bytes": 0,
                                        "Workers": [
                                            {
                                                "Worker Number": 0,
                                                "Actual Startup Time": 0.025,
                                                "Actual Total Time": 53.754,
                                                "Actual Rows": 20880,
                                                "Actual Loops": 1,
                                                "Shared Hit Blocks": 1576,
                                                "Shared Read Blocks": 2651,
                                                "Shared Dirtied Blocks": 0,
                                                "Shared Written Blocks": 0,
                                                "Local Hit Blocks": 0,
                                                "Local Read Blocks": 0,
                                                "Local Dirtied Blocks": 0,
                                                "Local Written Blocks": 0,
                                                "Temp Read Blocks": 0,
                                                "Temp Written Blocks": 0,
                                                "WAL Records": 0,
                                                "WAL FPI": 0,
                                                "WAL Bytes": 0
                                            },
                                            {
                                                "Worker Number": 1,
                                                "Actual Startup Time": 0.026,
                                                "Actual Total Time": 53.749,
                                                "Actual Rows": 20811,
                                                "Actual Loops": 1,
                                                "Shared Hit Blocks": 1577,
                                                "Shared Read Blocks": 2648,
                                                "Shared Dirtied Blocks": 0,
                                                "Shared Written Blocks": 0,
                                                "Local Hit Blocks": 0,
                                                "Local Read Blocks": 0,
                                                "Local Dirtied Blocks": 0,
                                                "Local Written Blocks": 0,
                                                "Temp Read Blocks": 0,
                                                "Temp Written Blocks": 0,
                                                "WAL Records": 0,
                                                "WAL FPI": 0,
                                                "WAL Bytes": 0
                                            }
                                        ]
                                    }
                                ]
                            },
                            "Settings": {},
                            "Planning": {
                                "Shared Hit Blocks": 0,
                                "Shared Read Blocks": 0,
                                "Shared Dirtied Blocks": 0,
                                "Shared Written Blocks": 0,
                                "Local Hit Blocks": 0,
                                "Local Read Blocks": 0,
                                "Local Dirtied Blocks": 0,
                                "Local Written Blocks": 0,
                                "Temp Read Blocks": 0,
                                "Temp Written Blocks": 0
                            },
                            "Planning Time": 0.03,
                            "Triggers": [],
                            "Execution Time": 57.536
                        },
                        "any_explanation": {
                            "Plan": {
                                "Node Type": "Seq Scan",
                                "Parallel Aware": false,
                                "Async Capable": false,
                                "Relation Name": "tests_benchmark_booltester015",
                                "Schema": "public",
                                "Alias": "tests_benchmark_booltester015",
                                "Startup Cost": 0.0,
                                "Total Cost": 32739.01,
                                "Plan Rows": 1937501,
                                "Plan Width": 24,
                                "Actual Startup Time": 0.008,
                                "Actual Total Time": 167.565,
                                "Actual Rows": 1937051,
                                "Actual Loops": 1,
                                "Output": [
                                    "id",
                                    "flg_0",
                                    "flg_1",
                                    "flg_2",
                                    "flg_3",
                                    "flg_4",
                                    "flg_5",
                                    "flg_6",
                                    "flg_7",
                                    "flg_8",
                                    "flg_9",
                                    "flg_10",
                                    "flg_11",
                                    "flg_12",
                                    "flg_13",
                                    "flg_14",
                                    "flg_15"
                                ],
                                "Filter": "(tests_benchmark_booltester015.flg_2 OR tests_benchmark_booltester015.flg_9 OR tests_benchmark_booltester015.flg_10 OR tests_benchmark_booltester015.flg_13 OR tests_benchmark_booltester015.flg_14)",
                                "Rows Removed by Filter": 62950,
                                "Shared Hit Blocks": 4960,
                                "Shared Read Blocks": 7779,
                                "Shared Dirtied Blocks": 0,
                                "Shared Written Blocks": 0,
                                "Local Hit Blocks": 0,
                                "Local Read Blocks": 0,
                                "Local Dirtied Blocks": 0,
                                "Local Written Blocks": 0,
                                "Temp Read Blocks": 0,
                                "Temp Written Blocks": 0,
                                "WAL Records": 0,
                                "WAL FPI": 0,
                                "WAL Bytes": 0
                            },
                            "Settings": {},
                            "Planning": {
                                "Shared Hit Blocks": 0,
                                "Shared Read Blocks": 0,
                                "Shared Dirtied Blocks": 0,
                                "Shared Written Blocks": 0,
                                "Local Hit Blocks": 0,
                                "Local Read Blocks": 0,
                                "Local Dirtied Blocks": 0,
                                "Local Written Blocks": 0,
                                "Temp Read Blocks": 0,
                                "Temp Written Blocks": 0
                            },
                            "Planning Time": 0.037,
                            "Triggers": [],
                            "Execution Time": 207.133
                        },
                        "exact_explanation": {
                            "Plan": {
                                "Node Type": "Gather",
                                "Parallel Aware": false,
                                "Async Capable": false,
                                "Startup Cost": 1000.0,
                                "Total Cost": 22075.44,
                                "Plan Rows": 31,
                                "Plan Width": 24,
                                "Actual Startup Time": 1.651,
                                "Actual Total Time": 62.302,
                                "Actual Rows": 37,
                                "Actual Loops": 1,
                                "Output": [
                                    "id",
                                    "flg_0",
                                    "flg_1",
                                    "flg_2",
                                    "flg_3",
                                    "flg_4",
                                    "flg_5",
                                    "flg_6",
                                    "flg_7",
                                    "flg_8",
                                    "flg_9",
                                    "flg_10",
                                    "flg_11",
                                    "flg_12",
                                    "flg_13",
                                    "flg_14",
                                    "flg_15"
                                ],
                                "Workers Planned": 2,
                                "Workers Launched": 2,
                                "Single Copy": false,
                                "Shared Hit Blocks": 5088,
                                "Shared Read Blocks": 7651,
                                "Shared Dirtied Blocks": 0,
                                "Shared Written Blocks": 0,
                                "Local Hit Blocks": 0,
                                "Local Read Blocks": 0,
                                "Local Dirtied Blocks": 0,
                                "Local Written Blocks": 0,
                                "Temp Read Blocks": 0,
                                "Temp Written Blocks": 0,
                                "WAL Records": 0,
                                "WAL FPI": 0,
                                "WAL Bytes": 0,
                                "Plans": [
                                    {
                                        "Node Type": "Seq Scan",
                                        "Parent Relationship": "Outer",
                                        "Parallel Aware": true,
                                        "Async Capable": false,
                                        "Relation Name": "tests_benchmark_booltester015",
                                        "Schema": "public",
                                        "Alias": "tests_benchmark_booltester015",
                                        "Startup Cost": 0.0,
                                        "Total Cost": 21072.34,
                                        "Plan Rows": 13,
                                        "Plan Width": 24,
                                        "Actual Startup Time": 2.114,
                                        "Actual Total Time": 60.1,
                                        "Actual Rows": 12,
                                        "Actual Loops": 3,
                                        "Output": [
                                            "id",
                                            "flg_0",
                                            "flg_1",
                                            "flg_2",
                                            "flg_3",
                                            "flg_4",
                                            "flg_5",
                                            "flg_6",
                                            "flg_7",
                                            "flg_8",
                                            "flg_9",
                                            "flg_10",
                                            "flg_11",
                                            "flg_12",
                                            "flg_13",
                                            "flg_14",
                                            "flg_15"
                                        ],
                                        "Filter": "((NOT tests_benchmark_booltester015.flg_0) AND (NOT tests_benchmark_booltester015.flg_1) AND tests_benchmark_booltester015.flg_2 AND (NOT tests_benchmark_booltester015.flg_3) AND (NOT tests_benchmark_booltester015.flg_4) AND (NOT tests_benchmark_booltester015.flg_5) AND (NOT tests_benchmark_booltester015.flg_6) AND (NOT tests_benchmark_booltester015.flg_7) AND (NOT tests_benchmark_booltester015.flg_8) AND tests_benchmark_booltester015.flg_9 AND tests_benchmark_booltester015.flg_10 AND (NOT tests_benchmark_booltester015.flg_11) AND (NOT tests_benchmark_booltester015.flg_12) AND tests_benchmark_booltester015.flg_13 AND tests_benchmark_booltester015.flg_14 AND (NOT tests_benchmark_booltester015.flg_15))",
                                        "Rows Removed by Filter": 666655,
                                        "Shared Hit Blocks": 5088,
                                        "Shared Read Blocks": 7651,
                                        "Shared Dirtied Blocks": 0,
                                        "Shared Written Blocks": 0,
                                        "Local Hit Blocks": 0,
                                        "Local Read Blocks": 0,
                                        "Local Dirtied Blocks": 0,
                                        "Local Written Blocks": 0,
                                        "Temp Read Blocks": 0,
                                        "Temp Written Blocks": 0,
                                        "WAL Records": 0,
                                        "WAL FPI": 0,
                                        "WAL Bytes": 0,
                                        "Workers": [
                                            {
                                                "Worker Number": 0,
                                                "Actual Startup Time": 1.813,
                                                "Actual Total Time": 59.429,
                                                "Actual Rows": 11,
                                                "Actual Loops": 1,
                                                "Shared Hit Blocks": 1663,
                                                "Shared Read Blocks": 2504,
                                                "Shared Dirtied Blocks": 0,
                                                "Shared Written Blocks": 0,
                                                "Local Hit Blocks": 0,
                                                "Local Read Blocks": 0,
                                                "Local Dirtied Blocks": 0,
                                                "Local Written Blocks": 0,
                                                "Temp Read Blocks": 0,
                                                "Temp Written Blocks": 0,
                                                "WAL Records": 0,
                                                "WAL FPI": 0,
                                                "WAL Bytes": 0
                                            },
                                            {
                                                "Worker Number": 1,
                                                "Actual Startup Time": 2.947,
                                                "Actual Total Time": 59.487,
                                                "Actual Rows": 12,
                                                "Actual Loops": 1,
                                                "Shared Hit Blocks": 1663,
                                                "Shared Read Blocks": 2512,
                                                "Shared Dirtied Blocks": 0,
                                                "Shared Written Blocks": 0,
                                                "Local Hit Blocks": 0,
                                                "Local Read Blocks": 0,
                                                "Local Dirtied Blocks": 0,
                                                "Local Written Blocks": 0,
                                                "Temp Read Blocks": 0,
                                                "Temp Written Blocks": 0,
                                                "WAL Records": 0,
                                                "WAL FPI": 0,
                                                "WAL Bytes": 0
                                            }
                                        ]
                                    }
                                ]
                            },
                            "Settings": {},
                            "Planning": {
                                "Shared Hit Blocks": 0,
                                "Shared Read Blocks": 0,
                                "Shared Dirtied Blocks": 0,
                                "Shared Written Blocks": 0,
                                "Local Hit Blocks": 0,
                                "Local Read Blocks": 0,
                                "Local Dirtied Blocks": 0,
                                "Local Written Blocks": 0,
                                "Temp Read Blocks": 0,
                                "Temp Written Blocks": 0
                            },
                            "Planning Time": 0.032,
                            "Triggers": [],
                            "Execution Time": 62.311
                        },
                        "all_ftr_time": 0.0608762,
                        "any_ftr_time": 0.2232183,
                        "exact_ftr_time": 0.0633839
                    },
                    "4000000": {
                        "all_time": 0.12506297919753706,
                        "any_time": 0.6010049250995507,
                        "exact_time": 0.129489862601622,
                        "table_size": 298844160.0,
                        "index_time": 3.000008291564882e-06,
                        "all_explanation": {
                            "Plan": {
                                "Node Type": "Gather",
                                "Parallel Aware": false,
                                "Async Capable": false,
                                "Startup Cost": 1000.0,
                                "Total Cost": 43925.97,
                                "Plan Rows": 7813,
                                "Plan Width": 24,
                                "Actual Startup Time": 0.11,
                                "Actual Total Time": 121.821,
                                "Actual Rows": 7790,
                                "Actual Loops": 1,
                                "Output": [
                                    "id",
                                    "flg_0",
                                    "flg_1",
                                    "flg_2",
                                    "flg_3",
                                    "flg_4",
                                    "flg_5",
                                    "flg_6",
                                    "flg_7",
                                    "flg_8",
                                    "flg_9",
                                    "flg_10",
                                    "flg_11",
                                    "flg_12",
                                    "flg_13",
                                    "flg_14",
                                    "flg_15"
                                ],
                                "Workers Planned": 2,
                                "Workers Launched": 2,
                                "Single Copy": false,
                                "Shared Hit Blocks": 4768,
                                "Shared Read Blocks": 20710,
                                "Shared Dirtied Blocks": 0,
                                "Shared Written Blocks": 0,
                                "Local Hit Blocks": 0,
                                "Local Read Blocks": 0,
                                "Local Dirtied Blocks": 0,
                                "Local Written Blocks": 0,
                                "Temp Read Blocks": 0,
                                "Temp Written Blocks": 0,
                                "WAL Records": 0,
                                "WAL FPI": 0,
                                "WAL Bytes": 0,
                                "Plans": [
                                    {
                                        "Node Type": "Seq Scan",
                                        "Parent Relationship": "Outer",
                                        "Parallel Aware": true,
                                        "Async Capable": false,
                                        "Relation Name": "tests_benchmark_booltester015",
                                        "Schema": "public",
                                        "Alias": "tests_benchmark_booltester015",
                                        "Startup Cost": 0.0,
                                        "Total Cost": 42144.67,
                                        "Plan Rows": 3255,
                                        "Plan Width": 24,
                                        "Actual Startup Time": 0.08,
                                        "Actual Total Time": 119.463,
                                        "Actual Rows": 2597,
                                        "Actual Loops": 3,
                                        "Output": [
                                            "id",
                                            "flg_0",
                                            "flg_1",
                                            "flg_2",
                                            "flg_3",
                                            "flg_4",
                                            "flg_5",
                                            "flg_6",
                                            "flg_7",
                                            "flg_8",
                                            "flg_9",
                                            "flg_10",
                                            "flg_11",
                                            "flg_12",
                                            "flg_13",
                                            "flg_14",
                                            "flg_15"
                                        ],
                                        "Filter": "(tests_benchmark_booltester015.flg_0 AND tests_benchmark_booltester015.flg_2 AND tests_benchmark_booltester015.flg_3 AND tests_benchmark_booltester015.flg_8 AND tests_benchmark_booltester015.flg_9 AND tests_benchmark_booltester015.flg_11 AND tests_benchmark_booltester015.flg_12 AND tests_benchmark_booltester015.flg_14 AND tests_benchmark_booltester015.flg_15)",
                                        "Rows Removed by Filter": 1330737,
                                        "Shared Hit Blocks": 4768,
                                        "Shared Read Blocks": 20710,
                                        "Shared Dirtied Blocks": 0,
                                        "Shared Written Blocks": 0,
                                        "Local Hit Blocks": 0,
                                        "Local Read Blocks": 0,
                                        "Local Dirtied Blocks": 0,
                                        "Local Written Blocks": 0,
                                        "Temp Read Blocks": 0,
                                        "Temp Written Blocks": 0,
                                        "WAL Records": 0,
                                        "WAL FPI": 0,
                                        "WAL Bytes": 0,
                                        "Workers": [
                                            {
                                                "Worker Number": 0,
                                                "Actual Startup Time": 0.064,
                                                "Actual Total Time": 118.872,
                                                "Actual Rows": 2564,
                                                "Actual Loops": 1,
                                                "Shared Hit Blocks": 1553,
                                                "Shared Read Blocks": 6848,
                                                "Shared Dirtied Blocks": 0,
                                                "Shared Written Blocks": 0,
                                                "Local Hit Blocks": 0,
                                                "Local Read Blocks": 0,
                                                "Local Dirtied Blocks": 0,
                                                "Local Written Blocks": 0,
                                                "Temp Read Blocks": 0,
                                                "Temp Written Blocks": 0,
                                                "WAL Records": 0,
                                                "WAL FPI": 0,
                                                "WAL Bytes": 0
                                            },
                                            {
                                                "Worker Number": 1,
                                                "Actual Startup Time": 0.129,
                                                "Actual Total Time": 118.961,
                                                "Actual Rows": 2557,
                                                "Actual Loops": 1,
                                                "Shared Hit Blocks": 1557,
                                                "Shared Read Blocks": 6870,
                                                "Shared Dirtied Blocks": 0,
                                                "Shared Written Blocks": 0,
                                                "Local Hit Blocks": 0,
                                                "Local Read Blocks": 0,
                                                "Local Dirtied Blocks": 0,
                                                "Local Written Blocks": 0,
                                                "Temp Read Blocks": 0,
                                                "Temp Written Blocks": 0,
                                                "WAL Records": 0,
                                                "WAL FPI": 0,
                                                "WAL Bytes": 0
                                            }
                                        ]
                                    }
                                ]
                            },
                            "Settings": {},
                            "Planning": {
                                "Shared Hit Blocks": 0,
                                "Shared Read Blocks": 0,
                                "Shared Dirtied Blocks": 0,
                                "Shared Written Blocks": 0,
                                "Local Hit Blocks": 0,
                                "Local Read Blocks": 0,
                                "Local Dirtied Blocks": 0,
                                "Local Written Blocks": 0,
                                "Temp Read Blocks": 0,
                                "Temp Written Blocks": 0
                            },
                            "Planning Time": 0.031,
                            "Triggers": [],
                            "Execution Time": 122.009
                        },
                        "any_explanation": {
                            "Plan": {
                                "Node Type": "Seq Scan",
                                "Parallel Aware": false,
                                "Async Capable": false,
                                "Relation Name": "tests_benchmark_booltester015",
                                "Schema": "public",
                                "Alias": "tests_benchmark_booltester015",
                                "Startup Cost": 0.0,
                                "Total Cost": 65478.01,
                                "Plan Rows": 3992188,
                                "Plan Width": 24,
                                "Actual Startup Time": 0.009,
                                "Actual Total Time": 373.625,
                                "Actual Rows": 3992309,
                                "Actual Loops": 1,
                                "Output": [
                                    "id",
                                    "flg_0",
                                    "flg_1",
                                    "flg_2",
                                    "flg_3",
                                    "flg_4",
                                    "flg_5",
                                    "flg_6",
                                    "flg_7",
                                    "flg_8",
                                    "flg_9",
                                    "flg_10",
                                    "flg_11",
                                    "flg_12",
                                    "flg_13",
                                    "flg_14",
                                    "flg_15"
                                ],
                                "Filter": "(tests_benchmark_booltester015.flg_0 OR tests_benchmark_booltester015.flg_2 OR tests_benchmark_booltester015.flg_3 OR tests_benchmark_booltester015.flg_8 OR tests_benchmark_booltester015.flg_9 OR tests_benchmark_booltester015.flg_11 OR tests_benchmark_booltester015.flg_12 OR tests_benchmark_booltester015.flg_14 OR tests_benchmark_booltester015.flg_15)",
                                "Rows Removed by Filter": 7692,
                                "Shared Hit Blocks": 4960,
                                "Shared Read Blocks": 20518,
                                "Shared Dirtied Blocks": 0,
                                "Shared Written Blocks": 0,
                                "Local Hit Blocks": 0,
                                "Local Read Blocks": 0,
                                "Local Dirtied Blocks": 0,
                                "Local Written Blocks": 0,
                                "Temp Read Blocks": 0,
                                "Temp Written Blocks": 0,
                                "WAL Records": 0,
                                "WAL FPI": 0,
                                "WAL Bytes": 0
                            },
                            "Settings": {},
                            "Planning": {
                                "Shared Hit Blocks": 0,
                                "Shared Read Blocks": 0,
                                "Shared Dirtied Blocks": 0,
                                "Shared Written Blocks": 0,
                                "Local Hit Blocks": 0,
                                "Local Read Blocks": 0,
                                "Local Dirtied Blocks": 0,
                                "Local Written Blocks": 0,
                                "Temp Read Blocks": 0,
                                "Temp Written Blocks": 0
                            },
                            "Planning Time": 0.026,
                            "Triggers": [],
                            "Execution Time": 454.964
                        },
                        "exact_explanation": {
                            "Plan": {
                                "Node Type": "Gather",
                                "Parallel Aware": false,
                                "Async Capable": false,
                                "Startup Cost": 1000.0,
                                "Total Cost": 43150.77,
                                "Plan Rows": 61,
                                "Plan Width": 24,
                                "Actual Startup Time": 11.215,
                                "Actual Total Time": 123.805,
                                "Actual Rows": 49,
                                "Actual Loops": 1,
                                "Output": [
                                    "id",
                                    "flg_0",
                                    "flg_1",
                                    "flg_2",
                                    "flg_3",
                                    "flg_4",
                                    "flg_5",
                                    "flg_6",
                                    "flg_7",
                                    "flg_8",
                                    "flg_9",
                                    "flg_10",
                                    "flg_11",
                                    "flg_12",
                                    "flg_13",
                                    "flg_14",
                                    "flg_15"
                                ],
                                "Workers Planned": 2,
                                "Workers Launched": 2,
                                "Single Copy": false,
                                "Shared Hit Blocks": 5088,
                                "Shared Read Blocks": 20390,
                                "Shared Dirtied Blocks": 0,
                                "Shared Written Blocks": 0,
                                "Local Hit Blocks": 0,
                                "Local Read Blocks": 0,
                                "Local Dirtied Blocks": 0,
                                "Local Written Blocks": 0,
                                "Temp Read Blocks": 0,
                                "Temp Written Blocks": 0,
                                "WAL Records": 0,
                                "WAL FPI": 0,
                                "WAL Bytes": 0,
                                "Plans": [
                                    {
                                        "Node Type": "Seq Scan",
                                        "Parent Relationship": "Outer",
                                        "Parallel Aware": true,
                                        "Async Capable": false,
                                        "Relation Name": "tests_benchmark_booltester015",
                                        "Schema": "public",
                                        "Alias": "tests_benchmark_booltester015",
                                        "Startup Cost": 0.0,
                                        "Total Cost": 42144.67,
                                        "Plan Rows": 25,
                                        "Plan Width": 24,
                                        "Actual Startup Time": 5.631,
                                        "Actual Total Time": 121.514,
                                        "Actual Rows": 16,
                                        "Actual Loops": 3,
                                        "Output": [
                                            "id",
                                            "flg_0",
                                            "flg_1",
                                            "flg_2",
                                            "flg_3",
                                            "flg_4",
                                            "flg_5",
                                            "flg_6",
                                            "flg_7",
                                            "flg_8",
                                            "flg_9",
                                            "flg_10",
                                            "flg_11",
                                            "flg_12",
                                            "flg_13",
                                            "flg_14",
                                            "flg_15"
                                        ],
                                        "Filter": "(tests_benchmark_booltester015.flg_0 AND (NOT tests_benchmark_booltester015.flg_1) AND tests_benchmark_booltester015.flg_2 AND tests_benchmark_booltester015.flg_3 AND (NOT tests_benchmark_booltester015.flg_4) AND (NOT tests_benchmark_booltester015.flg_5) AND (NOT tests_benchmark_booltester015.flg_6) AND (NOT tests_benchmark_booltester015.flg_7) AND tests_benchmark_booltester015.flg_8 AND tests_benchmark_booltester015.flg_9 AND (NOT tests_benchmark_booltester015.flg_10) AND tests_benchmark_booltester015.flg_11 AND tests_benchmark_booltester015.flg_12 AND (NOT tests_benchmark_booltester015.flg_13) AND tests_benchmark_booltester015.flg_14 AND tests_benchmark_booltester015.flg_15)",
                                        "Rows Removed by Filter": 1333317,
                                        "Shared Hit Blocks": 5088,
                                        "Shared Read Blocks": 20390,
                                        "Shared Dirtied Blocks": 0,
                                        "Shared Written Blocks": 0,
                                        "Local Hit Blocks": 0,
                                        "Local Read Blocks": 0,
                                        "Local Dirtied Blocks": 0,
                                        "Local Written Blocks": 0,
                                        "Temp Read Blocks": 0,
                                        "Temp Written Blocks": 0,
                                        "WAL Records": 0,
                                        "WAL FPI": 0,
                                        "WAL Bytes": 0,
                                        "Workers": [
                                            {
                                                "Worker Number": 0,
                                                "Actual Startup Time": 2.275,
                                                "Actual Total Time": 120.826,
                                                "Actual Rows": 16,
                                                "Actual Loops": 1,
                                                "Shared Hit Blocks": 1659,
                                                "Shared Read Blocks": 6742,
                                                "Shared Dirtied Blocks": 0,
                                                "Shared Written Blocks": 0,
                                                "Local Hit Blocks": 0,
                                                "Local Read Blocks": 0,
                                                "Local Dirtied Blocks": 0,
                                                "Local Written Blocks": 0,
                                                "Temp Read Blocks": 0,
                                                "Temp Written Blocks": 0,
                                                "WAL Records": 0,
                                                "WAL FPI": 0,
                                                "WAL Bytes": 0
                                            },
                                            {
                                                "Worker Number": 1,
                                                "Actual Startup Time": 3.467,
                                                "Actual Total Time": 120.824,
                                                "Actual Rows": 16,
                                                "Actual Loops": 1,
                                                "Shared Hit Blocks": 1660,
                                                "Shared Read Blocks": 6752,
                                                "Shared Dirtied Blocks": 0,
                                                "Shared Written Blocks": 0,
                                                "Local Hit Blocks": 0,
                                                "Local Read Blocks": 0,
                                                "Local Dirtied Blocks": 0,
                                                "Local Written Blocks": 0,
                                                "Temp Read Blocks": 0,
                                                "Temp Written Blocks": 0,
                                                "WAL Records": 0,
                                                "WAL FPI": 0,
                                                "WAL Bytes": 0
                                            }
                                        ]
                                    }
                                ]
                            },
                            "Settings": {},
                            "Planning": {
                                "Shared Hit Blocks": 0,
                                "Shared Read Blocks": 0,
                                "Shared Dirtied Blocks": 0,
                                "Shared Written Blocks": 0,
                                "Local Hit Blocks": 0,
                                "Local Read Blocks": 0,
                                "Local Dirtied Blocks": 0,
                                "Local Written Blocks": 0,
                                "Temp Read Blocks": 0,
                                "Temp Written Blocks": 0
                            },
                            "Planning Time": 0.03,
                            "Triggers": [],
                            "Execution Time": 123.817
                        },
                        "all_ftr_time": 0.1208143,
                        "any_ftr_time": 0.4543371,
                        "exact_ftr_time": 0.12376329999999999
                    },
                    "6000000": {
                        "all_time": 0.1753530125017278,
                        "any_time": 0.8622225291008363,
                        "exact_time": 0.19154931680095616,
                        "table_size": 447741952.0,
                        "index_time": 1.0420044418424368e-06,
                        "all_explanation": {
                            "Plan": {
                                "Node Type": "Gather",
                                "Parallel Aware": false,
                                "Async Capable": false,
                                "Startup Cost": 1000.0,
                                "Total Cost": 66520.3,
                                "Plan Rows": 23033,
                                "Plan Width": 24,
                                "Actual Startup Time": 0.076,
                                "Actual Total Time": 179.558,
                                "Actual Rows": 23669,
                                "Actual Loops": 1,
                                "Output": [
                                    "id",
                                    "flg_0",
                                    "flg_1",
                                    "flg_2",
                                    "flg_3",
                                    "flg_4",
                                    "flg_5",
                                    "flg_6",
                                    "flg_7",
                                    "flg_8",
                                    "flg_9",
                                    "flg_10",
                                    "flg_11",
                                    "flg_12",
                                    "flg_13",
                                    "flg_14",
                                    "flg_15"
                                ],
                                "Workers Planned": 2,
                                "Workers Launched": 2,
                                "Single Copy": false,
                                "Shared Hit Blocks": 4704,
                                "Shared Read Blocks": 33513,
                                "Shared Dirtied Blocks": 0,
                                "Shared Written Blocks": 0,
                                "Local Hit Blocks": 0,
                                "Local Read Blocks": 0,
                                "Local Dirtied Blocks": 0,
                                "Local Written Blocks": 0,
                                "Temp Read Blocks": 0,
                                "Temp Written Blocks": 0,
                                "WAL Records": 0,
                                "WAL FPI": 0,
                                "WAL Bytes": 0,
                                "Plans": [
                                    {
                                        "Node Type": "Seq Scan",
                                        "Parent Relationship": "Outer",
                                        "Parallel Aware": true,
                                        "Async Capable": false,
                                        "Relation Name": "tests_benchmark_booltester015",
                                        "Schema": "public",
                                        "Alias": "tests_benchmark_booltester015",
                                        "Startup Cost": 0.0,
                                        "Total Cost": 63217.0,
                                        "Plan Rows": 9597,
                                        "Plan Width": 24,
                                        "Actual Startup Time": 0.033,
                                        "Actual Total Time": 177.087,
                                        "Actual Rows": 7890,
                                        "Actual Loops": 3,
                                        "Output": [
                                            "id",
                                            "flg_0",
                                            "flg_1",
                                            "flg_2",
                                            "flg_3",
                                            "flg_4",
                                            "flg_5",
                                            "flg_6",
                                            "flg_7",
                                            "flg_8",
                                            "flg_9",
                                            "flg_10",
                                            "flg_11",
                                            "flg_12",
                                            "flg_13",
                                            "flg_14",
                                            "flg_15"
                                        ],
                                        "Filter": "(tests_benchmark_booltester015.flg_2 AND tests_benchmark_booltester015.flg_3 AND tests_benchmark_booltester015.flg_4 AND tests_benchmark_booltester015.flg_5 AND tests_benchmark_booltester015.flg_9 AND tests_benchmark_booltester015.flg_10 AND tests_benchmark_booltester015.flg_11 AND tests_benchmark_booltester015.flg_15)",
                                        "Rows Removed by Filter": 1992111,
                                        "Shared Hit Blocks": 4704,
                                        "Shared Read Blocks": 33513,
                                        "Shared Dirtied Blocks": 0,
                                        "Shared Written Blocks": 0,
                                        "Local Hit Blocks": 0,
                                        "Local Read Blocks": 0,
                                        "Local Dirtied Blocks": 0,
                                        "Local Written Blocks": 0,
                                        "Temp Read Blocks": 0,
                                        "Temp Written Blocks": 0,
                                        "WAL Records": 0,
                                        "WAL FPI": 0,
                                        "WAL Bytes": 0,
                                        "Workers": [
                                            {
                                                "Worker Number": 0,
                                                "Actual Startup Time": 0.045,
                                                "Actual Total Time": 176.757,
                                                "Actual Rows": 7661,
                                                "Actual Loops": 1,
                                                "Shared Hit Blocks": 1536,
                                                "Shared Read Blocks": 11136,
                                                "Shared Dirtied Blocks": 0,
                                                "Shared Written Blocks": 0,
                                                "Local Hit Blocks": 0,
                                                "Local Read Blocks": 0,
                                                "Local Dirtied Blocks": 0,
                                                "Local Written Blocks": 0,
                                                "Temp Read Blocks": 0,
                                                "Temp Written Blocks": 0,
                                                "WAL Records": 0,
                                                "WAL FPI": 0,
                                                "WAL Bytes": 0
                                            },
                                            {
                                                "Worker Number": 1,
                                                "Actual Startup Time": 0.045,
                                                "Actual Total Time": 176.735,
                                                "Actual Rows": 7995,
                                                "Actual Loops": 1,
                                                "Shared Hit Blocks": 1542,
                                                "Shared Read Blocks": 11136,
                                                "Shared Dirtied Blocks": 0,
                                                "Shared Written Blocks": 0,
                                                "Local Hit Blocks": 0,
                                                "Local Read Blocks": 0,
                                                "Local Dirtied Blocks": 0,
                                                "Local Written Blocks": 0,
                                                "Temp Read Blocks": 0,
                                                "Temp Written Blocks": 0,
                                                "WAL Records": 0,
                                                "WAL FPI": 0,
                                                "WAL Bytes": 0
                                            }
                                        ]
                                    }
                                ]
                            },
                            "Settings": {},
                            "Planning": {
                                "Shared Hit Blocks": 0,
                                "Shared Read Blocks": 0,
                                "Shared Dirtied Blocks": 0,
                                "Shared Written Blocks": 0,
                                "Local Hit Blocks": 0,
                                "Local Read Blocks": 0,
                                "Local Dirtied Blocks": 0,
                                "Local Written Blocks": 0,
                                "Temp Read Blocks": 0,
                                "Temp Written Blocks": 0
                            },
                            "Planning Time": 0.037,
                            "Triggers": [],
                            "Execution Time": 180.096
                        },
                        "any_explanation": {
                            "Plan": {
                                "Node Type": "Seq Scan",
                                "Parallel Aware": false,
                                "Async Capable": false,
                                "Relation Name": "tests_benchmark_booltester015",
                                "Schema": "public",
                                "Alias": "tests_benchmark_booltester015",
                                "Startup Cost": 0.0,
                                "Total Cost": 98217.01,
                                "Plan Rows": 5976162,
                                "Plan Width": 24,
                                "Actual Startup Time": 0.007,
                                "Actual Total Time": 557.113,
                                "Actual Rows": 5976516,
                                "Actual Loops": 1,
                                "Output": [
                                    "id",
                                    "flg_0",
                                    "flg_1",
                                    "flg_2",
                                    "flg_3",
                                    "flg_4",
                                    "flg_5",
                                    "flg_6",
                                    "flg_7",
                                    "flg_8",
                                    "flg_9",
                                    "flg_10",
                                    "flg_11",
                                    "flg_12",
                                    "flg_13",
                                    "flg_14",
                                    "flg_15"
                                ],
                                "Filter": "(tests_benchmark_booltester015.flg_2 OR tests_benchmark_booltester015.flg_3 OR tests_benchmark_booltester015.flg_4 OR tests_benchmark_booltester015.flg_5 OR tests_benchmark_booltester015.flg_9 OR tests_benchmark_booltester015.flg_10 OR tests_benchmark_booltester015.flg_11 OR tests_benchmark_booltester015.flg_15)",
                                "Rows Removed by Filter": 23485,
                                "Shared Hit Blocks": 4896,
                                "Shared Read Blocks": 33321,
                                "Shared Dirtied Blocks": 0,
                                "Shared Written Blocks": 0,
                                "Local Hit Blocks": 0,
                                "Local Read Blocks": 0,
                                "Local Dirtied Blocks": 0,
                                "Local Written Blocks": 0,
                                "Temp Read Blocks": 0,
                                "Temp Written Blocks": 0,
                                "WAL Records": 0,
                                "WAL FPI": 0,
                                "WAL Bytes": 0
                            },
                            "Settings": {},
                            "Planning": {
                                "Shared Hit Blocks": 0,
                                "Shared Read Blocks": 0,
                                "Shared Dirtied Blocks": 0,
                                "Shared Written Blocks": 0,
                                "Local Hit Blocks": 0,
                                "Local Read Blocks": 0,
                                "Local Dirtied Blocks": 0,
                                "Local Written Blocks": 0,
                                "Temp Read Blocks": 0,
                                "Temp Written Blocks": 0
                            },
                            "Planning Time": 0.034,
                            "Triggers": [],
                            "Execution Time": 679.241
                        },
                        "exact_explanation": {
                            "Plan": {
                                "Node Type": "Gather",
                                "Parallel Aware": false,
                                "Async Capable": false,
                                "Startup Cost": 1000.0,
                                "Total Cost": 64225.8,
                                "Plan Rows": 88,
                                "Plan Width": 24,
                                "Actual Startup Time": 2.215,
                                "Actual Total Time": 192.692,
                                "Actual Rows": 122,
                                "Actual Loops": 1,
                                "Output": [
                                    "id",
                                    "flg_0",
                                    "flg_1",
                                    "flg_2",
                                    "flg_3",
                                    "flg_4",
                                    "flg_5",
                                    "flg_6",
                                    "flg_7",
                                    "flg_8",
                                    "flg_9",
                                    "flg_10",
                                    "flg_11",
                                    "flg_12",
                                    "flg_13",
                                    "flg_14",
                                    "flg_15"
                                ],
                                "Workers Planned": 2,
                                "Workers Launched": 2,
                                "Single Copy": false,
                                "Shared Hit Blocks": 5024,
                                "Shared Read Blocks": 33193,
                                "Shared Dirtied Blocks": 0,
                                "Shared Written Blocks": 0,
                                "Local Hit Blocks": 0,
                                "Local Read Blocks": 0,
                                "Local Dirtied Blocks": 0,
                                "Local Written Blocks": 0,
                                "Temp Read Blocks": 0,
                                "Temp Written Blocks": 0,
                                "WAL Records": 0,
                                "WAL FPI": 0,
                                "WAL Bytes": 0,
                                "Plans": [
                                    {
                                        "Node Type": "Seq Scan",
                                        "Parent Relationship": "Outer",
                                        "Parallel Aware": true,
                                        "Async Capable": false,
                                        "Relation Name": "tests_benchmark_booltester015",
                                        "Schema": "public",
                                        "Alias": "tests_benchmark_booltester015",
                                        "Startup Cost": 0.0,
                                        "Total Cost": 63217.0,
                                        "Plan Rows": 37,
                                        "Plan Width": 24,
                                        "Actual Startup Time": 4.164,
                                        "Actual Total Time": 190.327,
                                        "Actual Rows": 41,
                                        "Actual Loops": 3,
                                        "Output": [
                                            "id",
                                            "flg_0",
                                            "flg_1",
                                            "flg_2",
                                            "flg_3",
                                            "flg_4",
                                            "flg_5",
                                            "flg_6",
                                            "flg_7",
                                            "flg_8",
                                            "flg_9",
                                            "flg_10",
                                            "flg_11",
                                            "flg_12",
                                            "flg_13",
                                            "flg_14",
                                            "flg_15"
                                        ],
                                        "Filter": "((NOT tests_benchmark_booltester015.flg_0) AND (NOT tests_benchmark_booltester015.flg_1) AND tests_benchmark_booltester015.flg_2 AND tests_benchmark_booltester015.flg_3 AND tests_benchmark_booltester015.flg_4 AND tests_benchmark_booltester015.flg_5 AND (NOT tests_benchmark_booltester015.flg_6) AND (NOT tests_benchmark_booltester015.flg_7) AND (NOT tests_benchmark_booltester015.flg_8) AND tests_benchmark_booltester015.flg_9 AND tests_benchmark_booltester015.flg_10 AND tests_benchmark_booltester015.flg_11 AND (NOT tests_benchmark_booltester015.flg_12) AND (NOT tests_benchmark_booltester015.flg_13) AND (NOT tests_benchmark_booltester015.flg_14) AND tests_benchmark_booltester015.flg_15)",
                                        "Rows Removed by Filter": 1999960,
                                        "Shared Hit Blocks": 5024,
                                        "Shared Read Blocks": 33193,
                                        "Shared Dirtied Blocks": 0,
                                        "Shared Written Blocks": 0,
                                        "Local Hit Blocks": 0,
                                        "Local Read Blocks": 0,
                                        "Local Dirtied Blocks": 0,
                                        "Local Written Blocks": 0,
                                        "Temp Read Blocks": 0,
                                        "Temp Written Blocks": 0,
                                        "WAL Records": 0,
                                        "WAL FPI": 0,
                                        "WAL Bytes": 0,
                                        "Workers": [
                                            {
                                                "Worker Number": 0,
                                                "Actual Startup Time": 5.515,
                                                "Actual Total Time": 189.625,
                                                "Actual Rows": 39,
                                                "Actual Loops": 1,
                                                "Shared Hit Blocks": 1614,
                                                "Shared Read Blocks": 11040,
                                                "Shared Dirtied Blocks": 0,
                                                "Shared Written Blocks": 0,
                                                "Local Hit Blocks": 0,
                                                "Local Read Blocks": 0,
                                                "Local Dirtied Blocks": 0,
                                                "Local Written Blocks": 0,
                                                "Temp Read Blocks": 0,
                                                "Temp Written Blocks": 0,
                                                "WAL Records": 0,
                                                "WAL FPI": 0,
                                                "WAL Bytes": 0
                                            },
                                            {
                                                "Worker Number": 1,
                                                "Actual Startup Time": 4.832,
                                                "Actual Total Time": 189.654,
                                                "Actual Rows": 32,
                                                "Actual Loops": 1,
                                                "Shared Hit Blocks": 1617,
                                                "Shared Read Blocks": 10976,
                                                "Shared Dirtied Blocks": 0,
                                                "Shared Written Blocks": 0,
                                                "Local Hit Blocks": 0,
                                                "Local Read Blocks": 0,
                                                "Local Dirtied Blocks": 0,
                                                "Local Written Blocks": 0,
                                                "Temp Read Blocks": 0,
                                                "Temp Written Blocks": 0,
                                                "WAL Records": 0,
                                                "WAL FPI": 0,
                                                "WAL Bytes": 0
                                            }
                                        ]
                                    }
                                ]
                            },
                            "Settings": {},
                            "Planning": {
                                "Shared Hit Blocks": 0,
                                "Shared Read Blocks": 0,
                                "Shared Dirtied Blocks": 0,
                                "Shared Written Blocks": 0,
                                "Local Hit Blocks": 0,
                                "Local Read Blocks": 0,
                                "Local Dirtied Blocks": 0,
                                "Local Written Blocks": 0,
                                "Temp Read Blocks": 0,
                                "Temp Written Blocks": 0
                            },
                            "Planning Time": 0.049,
                            "Triggers": [],
                            "Execution Time": 192.707
                        },
                        "all_ftr_time": 0.203225,
                        "any_ftr_time": 0.6551423999999999,
                        "exact_ftr_time": 0.18625390000000003
                    },
                    "8000000": {
                        "all_time": 0.23872980829764856,
                        "any_time": 1.1758107542002108,
                        "exact_time": 0.25419259179907383,
                        "table_size": 596639744.0,
                        "index_time": 2.291999408043921e-06,
                        "all_explanation": {
                            "Plan": {
                                "Node Type": "Gather",
                                "Parallel Aware": false,
                                "Async Capable": false,
                                "Startup Cost": 1000.0,
                                "Total Cost": 91611.14,
                                "Plan Rows": 63218,
                                "Plan Width": 24,
                                "Actual Startup Time": 0.07,
                                "Actual Total Time": 214.041,
                                "Actual Rows": 62953,
                                "Actual Loops": 1,
                                "Output": [
                                    "id",
                                    "flg_0",
                                    "flg_1",
                                    "flg_2",
                                    "flg_3",
                                    "flg_4",
                                    "flg_5",
                                    "flg_6",
                                    "flg_7",
                                    "flg_8",
                                    "flg_9",
                                    "flg_10",
                                    "flg_11",
                                    "flg_12",
                                    "flg_13",
                                    "flg_14",
                                    "flg_15"
                                ],
                                "Workers Planned": 2,
                                "Workers Launched": 2,
                                "Single Copy": false,
                                "Shared Hit Blocks": 4768,
                                "Shared Read Blocks": 46188,
                                "Shared Dirtied Blocks": 0,
                                "Shared Written Blocks": 0,
                                "Local Hit Blocks": 0,
                                "Local Read Blocks": 0,
                                "Local Dirtied Blocks": 0,
                                "Local Written Blocks": 0,
                                "Temp Read Blocks": 0,
                                "Temp Written Blocks": 0,
                                "WAL Records": 0,
                                "WAL FPI": 0,
                                "WAL Bytes": 0,
                                "Plans": [
                                    {
                                        "Node Type": "Seq Scan",
                                        "Parent Relationship": "Outer",
                                        "Parallel Aware": true,
                                        "Async Capable": false,
                                        "Relation Name": "tests_benchmark_booltester015",
                                        "Schema": "public",
                                        "Alias": "tests_benchmark_booltester015",
                                        "Startup Cost": 0.0,
                                        "Total Cost": 84289.34,
                                        "Plan Rows": 26341,
                                        "Plan Width": 24,
                                        "Actual Startup Time": 0.024,
                                        "Actual Total Time": 211.446,
                                        "Actual Rows": 20984,
                                        "Actual Loops": 3,
                                        "Output": [
                                            "id",
                                            "flg_0",
                                            "flg_1",
                                            "flg_2",
                                            "flg_3",
                                            "flg_4",
                                            "flg_5",
                                            "flg_6",
                                            "flg_7",
                                            "flg_8",
                                            "flg_9",
                                            "flg_10",
                                            "flg_11",
                                            "flg_12",
                                            "flg_13",
                                            "flg_14",
                                            "flg_15"
                                        ],
                                        "Filter": "(tests_benchmark_booltester015.flg_3 AND tests_benchmark_booltester015.flg_4 AND tests_benchmark_booltester015.flg_5 AND tests_benchmark_booltester015.flg_6 AND tests_benchmark_booltester015.flg_7 AND tests_benchmark_booltester015.flg_10 AND tests_benchmark_booltester015.flg_13)",
                                        "Rows Removed by Filter": 2645683,
                                        "Shared Hit Blocks": 4768,
                                        "Shared Read Blocks": 46188,
                                        "Shared Dirtied Blocks": 0,
                                        "Shared Written Blocks": 0,
                                        "Local Hit Blocks": 0,
                                        "Local Read Blocks": 0,
                                        "Local Dirtied Blocks": 0,
                                        "Local Written Blocks": 0,
                                        "Temp Read Blocks": 0,
                                        "Temp Written Blocks": 0,
                                        "WAL Records": 0,
                                        "WAL FPI": 0,
                                        "WAL Bytes": 0,
                                        "Workers": [
                                            {
                                                "Worker Number": 0,
                                                "Actual Startup Time": 0.03,
                                                "Actual Total Time": 211.678,
                                                "Actual Rows": 20933,
                                                "Actual Loops": 1,
                                                "Shared Hit Blocks": 1552,
                                                "Shared Read Blocks": 15392,
                                                "Shared Dirtied Blocks": 0,
                                                "Shared Written Blocks": 0,
                                                "Local Hit Blocks": 0,
                                                "Local Read Blocks": 0,
                                                "Local Dirtied Blocks": 0,
                                                "Local Written Blocks": 0,
                                                "Temp Read Blocks": 0,
                                                "Temp Written Blocks": 0,
                                                "WAL Records": 0,
                                                "WAL FPI": 0,
                                                "WAL Bytes": 0
                                            },
                                            {
                                                "Worker Number": 1,
                                                "Actual Startup Time": 0.026,
                                                "Actual Total Time": 211.744,
                                                "Actual Rows": 21084,
                                                "Actual Loops": 1,
                                                "Shared Hit Blocks": 1555,
                                                "Shared Read Blocks": 15392,
                                                "Shared Dirtied Blocks": 0,
                                                "Shared Written Blocks": 0,
                                                "Local Hit Blocks": 0,
                                                "Local Read Blocks": 0,
                                                "Local Dirtied Blocks": 0,
                                                "Local Written Blocks": 0,
                                                "Temp Read Blocks": 0,
                                                "Temp Written Blocks": 0,
                                                "WAL Records": 0,
                                                "WAL FPI": 0,
                                                "WAL Bytes": 0
                                            }
                                        ]
                                    }
                                ]
                            },
                            "Settings": {},
                            "Planning": {
                                "Shared Hit Blocks": 0,
                                "Shared Read Blocks": 0,
                                "Shared Dirtied Blocks": 0,
                                "Shared Written Blocks": 0,
                                "Local Hit Blocks": 0,
                                "Local Read Blocks": 0,
                                "Local Dirtied Blocks": 0,
                                "Local Written Blocks": 0,
                                "Temp Read Blocks": 0,
                                "Temp Written Blocks": 0
                            },
                            "Planning Time": 0.03,
                            "Triggers": [],
                            "Execution Time": 215.442
                        },
                        "any_explanation": {
                            "Plan": {
                                "Node Type": "Seq Scan",
                                "Parallel Aware": false,
                                "Async Capable": false,
                                "Relation Name": "tests_benchmark_booltester015",
                                "Schema": "public",
                                "Alias": "tests_benchmark_booltester015",
                                "Startup Cost": 0.0,
                                "Total Cost": 130956.01,
                                "Plan Rows": 7938225,
                                "Plan Width": 24,
                                "Actual Startup Time": 0.01,
                                "Actual Total Time": 738.003,
                                "Actual Rows": 7937010,
                                "Actual Loops": 1,
                                "Output": [
                                    "id",
                                    "flg_0",
                                    "flg_1",
                                    "flg_2",
                                    "flg_3",
                                    "flg_4",
                                    "flg_5",
                                    "flg_6",
                                    "flg_7",
                                    "flg_8",
                                    "flg_9",
                                    "flg_10",
                                    "flg_11",
                                    "flg_12",
                                    "flg_13",
                                    "flg_14",
                                    "flg_15"
                                ],
                                "Filter": "(tests_benchmark_booltester015.flg_3 OR tests_benchmark_booltester015.flg_4 OR tests_benchmark_booltester015.flg_5 OR tests_benchmark_booltester015.flg_6 OR tests_benchmark_booltester015.flg_7 OR tests_benchmark_booltester015.flg_10 OR tests_benchmark_booltester015.flg_13)",
                                "Rows Removed by Filter": 62991,
                                "Shared Hit Blocks": 4960,
                                "Shared Read Blocks": 45996,
                                "Shared Dirtied Blocks": 0,
                                "Shared Written Blocks": 0,
                                "Local Hit Blocks": 0,
                                "Local Read Blocks": 0,
                                "Local Dirtied Blocks": 0,
                                "Local Written Blocks": 0,
                                "Temp Read Blocks": 0,
                                "Temp Written Blocks": 0,
                                "WAL Records": 0,
                                "WAL FPI": 0,
                                "WAL Bytes": 0
                            },
                            "Settings": {},
                            "Planning": {
                                "Shared Hit Blocks": 0,
                                "Shared Read Blocks": 0,
                                "Shared Dirtied Blocks": 0,
                                "Shared Written Blocks": 0,
                                "Local Hit Blocks": 0,
                                "Local Read Blocks": 0,
                                "Local Dirtied Blocks": 0,
                                "Local Written Blocks": 0,
                                "Temp Read Blocks": 0,
                                "Temp Written Blocks": 0
                            },
                            "Planning Time": 0.029,
                            "Triggers": [],
                            "Execution Time": 931.353
                        },
                        "exact_explanation": {
                            "Plan": {
                                "Node Type": "Gather",
                                "Parallel Aware": false,
                                "Async Capable": false,
                                "Startup Cost": 1000.0,
                                "Total Cost": 85301.74,
                                "Plan Rows": 124,
                                "Plan Width": 24,
                                "Actual Startup Time": 2.598,
                                "Actual Total Time": 249.16,
                                "Actual Rows": 122,
                                "Actual Loops": 1,
                                "Output": [
                                    "id",
                                    "flg_0",
                                    "flg_1",
                                    "flg_2",
                                    "flg_3",
                                    "flg_4",
                                    "flg_5",
                                    "flg_6",
                                    "flg_7",
                                    "flg_8",
                                    "flg_9",
                                    "flg_10",
                                    "flg_11",
                                    "flg_12",
                                    "flg_13",
                                    "flg_14",
                                    "flg_15"
                                ],
                                "Workers Planned": 2,
                                "Workers Launched": 2,
                                "Single Copy": false,
                                "Shared Hit Blocks": 5088,
                                "Shared Read Blocks": 45868,
                                "Shared Dirtied Blocks": 0,
                                "Shared Written Blocks": 0,
                                "Local Hit Blocks": 0,
                                "Local Read Blocks": 0,
                                "Local Dirtied Blocks": 0,
                                "Local Written Blocks": 0,
                                "Temp Read Blocks": 0,
                                "Temp Written Blocks": 0,
                                "WAL Records": 0,
                                "WAL FPI": 0,
                                "WAL Bytes": 0,
                                "Plans": [
                                    {
                                        "Node Type": "Seq Scan",
                                        "Parent Relationship": "Outer",
                                        "Parallel Aware": true,
                                        "Async Capable": false,
                                        "Relation Name": "tests_benchmark_booltester015",
                                        "Schema": "public",
                                        "Alias": "tests_benchmark_booltester015",
                                        "Startup Cost": 0.0,
                                        "Total Cost": 84289.34,
                                        "Plan Rows": 52,
                                        "Plan Width": 24,
                                        "Actual Startup Time": 2.508,
                                        "Actual Total Time": 246.809,
                                        "Actual Rows": 41,
                                        "Actual Loops": 3,
                                        "Output": [
                                            "id",
                                            "flg_0",
                                            "flg_1",
                                            "flg_2",
                                            "flg_3",
                                            "flg_4",
                                            "flg_5",
                                            "flg_6",
                                            "flg_7",
                                            "flg_8",
                                            "flg_9",
                                            "flg_10",
                                            "flg_11",
                                            "flg_12",
                                            "flg_13",
                                            "flg_14",
                                            "flg_15"
                                        ],
                                        "Filter": "((NOT tests_benchmark_booltester015.flg_0) AND (NOT tests_benchmark_booltester015.flg_1) AND (NOT tests_benchmark_booltester015.flg_2) AND tests_benchmark_booltester015.flg_3 AND tests_benchmark_booltester015.flg_4 AND tests_benchmark_booltester015.flg_5 AND tests_benchmark_booltester015.flg_6 AND tests_benchmark_booltester015.flg_7 AND (NOT tests_benchmark_booltester015.flg_8) AND (NOT tests_benchmark_booltester015.flg_9) AND tests_benchmark_booltester015.flg_10 AND (NOT tests_benchmark_booltester015.flg_11) AND (NOT tests_benchmark_booltester015.flg_12) AND tests_benchmark_booltester015.flg_13 AND (NOT tests_benchmark_booltester015.flg_14) AND (NOT tests_benchmark_booltester015.flg_15))",
                                        "Rows Removed by Filter": 2666626,
                                        "Shared Hit Blocks": 5088,
                                        "Shared Read Blocks": 45868,
                                        "Shared Dirtied Blocks": 0,
                                        "Shared Written Blocks": 0,
                                        "Local Hit Blocks": 0,
                                        "Local Read Blocks": 0,
                                        "Local Dirtied Blocks": 0,
                                        "Local Written Blocks": 0,
                                        "Temp Read Blocks": 0,
                                        "Temp Written Blocks": 0,
                                        "WAL Records": 0,
                                        "WAL FPI": 0,
                                        "WAL Bytes": 0,
                                        "Workers": [
                                            {
                                                "Worker Number": 0,
                                                "Actual Startup Time": 3.357,
                                                "Actual Total Time": 246.122,
                                                "Actual Rows": 39,
                                                "Actual Loops": 1,
                                                "Shared Hit Blocks": 1651,
                                                "Shared Read Blocks": 15232,
                                                "Shared Dirtied Blocks": 0,
                                                "Shared Written Blocks": 0,
                                                "Local Hit Blocks": 0,
                                                "Local Read Blocks": 0,
                                                "Local Dirtied Blocks": 0,
                                                "Local Written Blocks": 0,
                                                "Temp Read Blocks": 0,
                                                "Temp Written Blocks": 0,
                                                "WAL Records": 0,
                                                "WAL FPI": 0,
                                                "WAL Bytes": 0
                                            },
                                            {
                                                "Worker Number": 1,
                                                "Actual Startup Time": 1.644,
                                                "Actual Total Time": 246.181,
                                                "Actual Rows": 39,
                                                "Actual Loops": 1,
                                                "Shared Hit Blocks": 1664,
                                                "Shared Read Blocks": 15276,
                                                "Shared Dirtied Blocks": 0,
                                                "Shared Written Blocks": 0,
                                                "Local Hit Blocks": 0,
                                                "Local Read Blocks": 0,
                                                "Local Dirtied Blocks": 0,
                                                "Local Written Blocks": 0,
                                                "Temp Read Blocks": 0,
                                                "Temp Written Blocks": 0,
                                                "WAL Records": 0,
                                                "WAL FPI": 0,
                                                "WAL Bytes": 0
                                            }
                                        ]
                                    }
                                ]
                            },
                            "Settings": {},
                            "Planning": {
                                "Shared Hit Blocks": 0,
                                "Shared Read Blocks": 0,
                                "Shared Dirtied Blocks": 0,
                                "Shared Written Blocks": 0,
                                "Local Hit Blocks": 0,
                                "Local Read Blocks": 0,
                                "Local Dirtied Blocks": 0,
                                "Local Written Blocks": 0,
                                "Temp Read Blocks": 0,
                                "Temp Written Blocks": 0
                            },
                            "Planning Time": 0.045,
                            "Triggers": [],
                            "Execution Time": 249.175
                        },
                        "all_ftr_time": 0.2342638,
                        "any_ftr_time": 0.9002190999999999,
                        "exact_ftr_time": 0.24726800000000002
                    },
                    "10000000": {
                        "all_time": 0.29821460820094214,
                        "any_time": 1.4563579333989765,
                        "exact_time": 0.3164143457004684,
                        "table_size": 746586112.0,
                        "index_time": 3.4159893402829766e-06,
                        "all_explanation": {
                            "Plan": {
                                "Node Type": "Gather",
                                "Parallel Aware": false,
                                "Async Capable": false,
                                "Startup Cost": 1000.0,
                                "Total Cost": 108317.77,
                                "Plan Rows": 19561,
                                "Plan Width": 24,
                                "Actual Startup Time": 0.205,
                                "Actual Total Time": 276.503,
                                "Actual Rows": 19595,
                                "Actual Loops": 1,
                                "Output": [
                                    "id",
                                    "flg_0",
                                    "flg_1",
                                    "flg_2",
                                    "flg_3",
                                    "flg_4",
                                    "flg_5",
                                    "flg_6",
                                    "flg_7",
                                    "flg_8",
                                    "flg_9",
                                    "flg_10",
                                    "flg_11",
                                    "flg_12",
                                    "flg_13",
                                    "flg_14",
                                    "flg_15"
                                ],
                                "Workers Planned": 2,
                                "Workers Launched": 2,
                                "Single Copy": false,
                                "Shared Hit Blocks": 4704,
                                "Shared Read Blocks": 58991,
                                "Shared Dirtied Blocks": 0,
                                "Shared Written Blocks": 0,
                                "Local Hit Blocks": 0,
                                "Local Read Blocks": 0,
                                "Local Dirtied Blocks": 0,
                                "Local Written Blocks": 0,
                                "Temp Read Blocks": 0,
                                "Temp Written Blocks": 0,
                                "WAL Records": 0,
                                "WAL FPI": 0,
                                "WAL Bytes": 0,
                                "Plans": [
                                    {
                                        "Node Type": "Seq Scan",
                                        "Parent Relationship": "Outer",
                                        "Parallel Aware": true,
                                        "Async Capable": false,
                                        "Relation Name": "tests_benchmark_booltester015",
                                        "Schema": "public",
                                        "Alias": "tests_benchmark_booltester015",
                                        "Startup Cost": 0.0,
                                        "Total Cost": 105361.67,
                                        "Plan Rows": 8150,
                                        "Plan Width": 24,
                                        "Actual Startup Time": 0.083,
                                        "Actual Total Time": 273.978,
                                        "Actual Rows": 6532,
                                        "Actual Loops": 3,
                                        "Output": [
                                            "id",
                                            "flg_0",
                                            "flg_1",
                                            "flg_2",
                                            "flg_3",
                                            "flg_4",
                                            "flg_5",
                                            "flg_6",
                                            "flg_7",
                                            "flg_8",
                                            "flg_9",
                                            "flg_10",
                                            "flg_11",
                                            "flg_12",
                                            "flg_13",
                                            "flg_14",
                                            "flg_15"
                                        ],
                                        "Filter": "(tests_benchmark_booltester015.flg_0 AND tests_benchmark_booltester015.flg_2 AND tests_benchmark_booltester015.flg_3 AND tests_benchmark_booltester015.flg_4 AND tests_benchmark_booltester015.flg_5 AND tests_benchmark_booltester015.flg_8 AND tests_benchmark_booltester015.flg_10 AND tests_benchmark_booltester015.flg_12 AND tests_benchmark_booltester015.flg_14)",
                                        "Rows Removed by Filter": 3326802,
                                        "Shared Hit Blocks": 4704,
                                        "Shared Read Blocks": 58991,
                                        "Shared Dirtied Blocks": 0,
                                        "Shared Written Blocks": 0,
                                        "Local Hit Blocks": 0,
                                        "Local Read Blocks": 0,
                                        "Local Dirtied Blocks": 0,
                                        "Local Written Blocks": 0,
                                        "Temp Read Blocks": 0,
                                        "Temp Written Blocks": 0,
                                        "WAL Records": 0,
                                        "WAL FPI": 0,
                                        "WAL Bytes": 0,
                                        "Workers": [
                                            {
                                                "Worker Number": 0,
                                                "Actual Startup Time": 0.056,
                                                "Actual Total Time": 273.553,
                                                "Actual Rows": 6544,
                                                "Actual Loops": 1,
                                                "Shared Hit Blocks": 1527,
                                                "Shared Read Blocks": 19616,
                                                "Shared Dirtied Blocks": 0,
                                                "Shared Written Blocks": 0,
                                                "Local Hit Blocks": 0,
                                                "Local Read Blocks": 0,
                                                "Local Dirtied Blocks": 0,
                                                "Local Written Blocks": 0,
                                                "Temp Read Blocks": 0,
                                                "Temp Written Blocks": 0,
                                                "WAL Records": 0,
                                                "WAL FPI": 0,
                                                "WAL Bytes": 0
                                            },
                                            {
                                                "Worker Number": 1,
                                                "Actual Startup Time": 0.062,
                                                "Actual Total Time": 273.57,
                                                "Actual Rows": 6504,
                                                "Actual Loops": 1,
                                                "Shared Hit Blocks": 1532,
                                                "Shared Read Blocks": 19631,
                                                "Shared Dirtied Blocks": 0,
                                                "Shared Written Blocks": 0,
                                                "Local Hit Blocks": 0,
                                                "Local Read Blocks": 0,
                                                "Local Dirtied Blocks": 0,
                                                "Local Written Blocks": 0,
                                                "Temp Read Blocks": 0,
                                                "Temp Written Blocks": 0,
                                                "WAL Records": 0,
                                                "WAL FPI": 0,
                                                "WAL Bytes": 0
                                            }
                                        ]
                                    }
                                ]
                            },
                            "Settings": {},
                            "Planning": {
                                "Shared Hit Blocks": 0,
                                "Shared Read Blocks": 0,
                                "Shared Dirtied Blocks": 0,
                                "Shared Written Blocks": 0,
                                "Local Hit Blocks": 0,
                                "Local Read Blocks": 0,
                                "Local Dirtied Blocks": 0,
                                "Local Written Blocks": 0,
                                "Temp Read Blocks": 0,
                                "Temp Written Blocks": 0
                            },
                            "Planning Time": 0.039,
                            "Triggers": [],
                            "Execution Time": 276.967
                        },
                        "any_explanation": {
                            "Plan": {
                                "Node Type": "Seq Scan",
                                "Parallel Aware": false,
                                "Async Capable": false,
                                "Relation Name": "tests_benchmark_booltester015",
                                "Schema": "public",
                                "Alias": "tests_benchmark_booltester015",
                                "Startup Cost": 0.0,
                                "Total Cost": 163695.01,
                                "Plan Rows": 9980508,
                                "Plan Width": 24,
                                "Actual Startup Time": 0.014,
                                "Actual Total Time": 878.977,
                                "Actual Rows": 9980586,
                                "Actual Loops": 1,
                                "Output": [
                                    "id",
                                    "flg_0",
                                    "flg_1",
                                    "flg_2",
                                    "flg_3",
                                    "flg_4",
                                    "flg_5",
                                    "flg_6",
                                    "flg_7",
                                    "flg_8",
                                    "flg_9",
                                    "flg_10",
                                    "flg_11",
                                    "flg_12",
                                    "flg_13",
                                    "flg_14",
                                    "flg_15"
                                ],
                                "Filter": "(tests_benchmark_booltester015.flg_0 OR tests_benchmark_booltester015.flg_2 OR tests_benchmark_booltester015.flg_3 OR tests_benchmark_booltester015.flg_4 OR tests_benchmark_booltester015.flg_5 OR tests_benchmark_booltester015.flg_8 OR tests_benchmark_booltester015.flg_10 OR tests_benchmark_booltester015.flg_12 OR tests_benchmark_booltester015.flg_14)",
                                "Rows Removed by Filter": 19415,
                                "Shared Hit Blocks": 4896,
                                "Shared Read Blocks": 58799,
                                "Shared Dirtied Blocks": 0,
                                "Shared Written Blocks": 0,
                                "Local Hit Blocks": 0,
                                "Local Read Blocks": 0,
                                "Local Dirtied Blocks": 0,
                                "Local Written Blocks": 0,
                                "Temp Read Blocks": 0,
                                "Temp Written Blocks": 0,
                                "WAL Records": 0,
                                "WAL FPI": 0,
                                "WAL Bytes": 0
                            },
                            "Settings": {},
                            "Planning": {
                                "Shared Hit Blocks": 0,
                                "Shared Read Blocks": 0,
                                "Shared Dirtied Blocks": 0,
                                "Shared Written Blocks": 0,
                                "Local Hit Blocks": 0,
                                "Local Read Blocks": 0,
                                "Local Dirtied Blocks": 0,
                                "Local Written Blocks": 0,
                                "Temp Read Blocks": 0,
                                "Temp Written Blocks": 0
                            },
                            "Planning Time": 0.038,
                            "Triggers": [],
                            "Execution Time": 1085.94
                        },
                        "exact_explanation": {
                            "Plan": {
                                "Node Type": "Gather",
                                "Parallel Aware": false,
                                "Async Capable": false,
                                "Startup Cost": 1000.0,
                                "Total Cost": 106376.67,
                                "Plan Rows": 150,
                                "Plan Width": 24,
                                "Actual Startup Time": 1.323,
                                "Actual Total Time": 307.735,
                                "Actual Rows": 131,
                                "Actual Loops": 1,
                                "Output": [
                                    "id",
                                    "flg_0",
                                    "flg_1",
                                    "flg_2",
                                    "flg_3",
                                    "flg_4",
                                    "flg_5",
                                    "flg_6",
                                    "flg_7",
                                    "flg_8",
                                    "flg_9",
                                    "flg_10",
                                    "flg_11",
                                    "flg_12",
                                    "flg_13",
                                    "flg_14",
                                    "flg_15"
                                ],
                                "Workers Planned": 2,
                                "Workers Launched": 2,
                                "Single Copy": false,
                                "Shared Hit Blocks": 5024,
                                "Shared Read Blocks": 58671,
                                "Shared Dirtied Blocks": 0,
                                "Shared Written Blocks": 0,
                                "Local Hit Blocks": 0,
                                "Local Read Blocks": 0,
                                "Local Dirtied Blocks": 0,
                                "Local Written Blocks": 0,
                                "Temp Read Blocks": 0,
                                "Temp Written Blocks": 0,
                                "WAL Records": 0,
                                "WAL FPI": 0,
                                "WAL Bytes": 0,
                                "Plans": [
                                    {
                                        "Node Type": "Seq Scan",
                                        "Parent Relationship": "Outer",
                                        "Parallel Aware": true,
                                        "Async Capable": false,
                                        "Relation Name": "tests_benchmark_booltester015",
                                        "Schema": "public",
                                        "Alias": "tests_benchmark_booltester015",
                                        "Startup Cost": 0.0,
                                        "Total Cost": 105361.67,
                                        "Plan Rows": 62,
                                        "Plan Width": 24,
                                        "Actual Startup Time": 2.36,
                                        "Actual Total Time": 305.419,
                                        "Actual Rows": 44,
                                        "Actual Loops": 3,
                                        "Output": [
                                            "id",
                                            "flg_0",
                                            "flg_1",
                                            "flg_2",
                                            "flg_3",
                                            "flg_4",
                                            "flg_5",
                                            "flg_6",
                                            "flg_7",
                                            "flg_8",
                                            "flg_9",
                                            "flg_10",
                                            "flg_11",
                                            "flg_12",
                                            "flg_13",
                                            "flg_14",
                                            "flg_15"
                                        ],
                                        "Filter": "(tests_benchmark_booltester015.flg_0 AND (NOT tests_benchmark_booltester015.flg_1) AND tests_benchmark_booltester015.flg_2 AND tests_benchmark_booltester015.flg_3 AND tests_benchmark_booltester015.flg_4 AND tests_benchmark_booltester015.flg_5 AND (NOT tests_benchmark_booltester015.flg_6) AND (NOT tests_benchmark_booltester015.flg_7) AND tests_benchmark_booltester015.flg_8 AND (NOT tests_benchmark_booltester015.flg_9) AND tests_benchmark_booltester015.flg_10 AND (NOT tests_benchmark_booltester015.flg_11) AND tests_benchmark_booltester015.flg_12 AND (NOT tests_benchmark_booltester015.flg_13) AND tests_benchmark_booltester015.flg_14 AND (NOT tests_benchmark_booltester015.flg_15))",
                                        "Rows Removed by Filter": 3333290,
                                        "Shared Hit Blocks": 5024,
                                        "Shared Read Blocks": 58671,
                                        "Shared Dirtied Blocks": 0,
                                        "Shared Written Blocks": 0,
                                        "Local Hit Blocks": 0,
                                        "Local Read Blocks": 0,
                                        "Local Dirtied Blocks": 0,
                                        "Local Written Blocks": 0,
                                        "Temp Read Blocks": 0,
                                        "Temp Written Blocks": 0,
                                        "WAL Records": 0,
                                        "WAL FPI": 0,
                                        "WAL Bytes": 0,
                                        "Workers": [
                                            {
                                                "Worker Number": 0,
                                                "Actual Startup Time": 2.777,
                                                "Actual Total Time": 304.707,
                                                "Actual Rows": 37,
                                                "Actual Loops": 1,
                                                "Shared Hit Blocks": 1638,
                                                "Shared Read Blocks": 19488,
                                                "Shared Dirtied Blocks": 0,
                                                "Shared Written Blocks": 0,
                                                "Local Hit Blocks": 0,
                                                "Local Read Blocks": 0,
                                                "Local Dirtied Blocks": 0,
                                                "Local Written Blocks": 0,
                                                "Temp Read Blocks": 0,
                                                "Temp Written Blocks": 0,
                                                "WAL Records": 0,
                                                "WAL FPI": 0,
                                                "WAL Bytes": 0
                                            },
                                            {
                                                "Worker Number": 1,
                                                "Actual Startup Time": 3.057,
                                                "Actual Total Time": 304.705,
                                                "Actual Rows": 45,
                                                "Actual Loops": 1,
                                                "Shared Hit Blocks": 1633,
                                                "Shared Read Blocks": 19456,
                                                "Shared Dirtied Blocks": 0,
                                                "Shared Written Blocks": 0,
                                                "Local Hit Blocks": 0,
                                                "Local Read Blocks": 0,
                                                "Local Dirtied Blocks": 0,
                                                "Local Written Blocks": 0,
                                                "Temp Read Blocks": 0,
                                                "Temp Written Blocks": 0,
                                                "WAL Records": 0,
                                                "WAL FPI": 0,
                                                "WAL Bytes": 0
                                            }
                                        ]
                                    }
                                ]
                            },
                            "Settings": {},
                            "Planning": {
                                "Shared Hit Blocks": 0,
                                "Shared Read Blocks": 0,
                                "Shared Dirtied Blocks": 0,
                                "Shared Written Blocks": 0,
                                "Local Hit Blocks": 0,
                                "Local Read Blocks": 0,
                                "Local Dirtied Blocks": 0,
                                "Local Written Blocks": 0,
                                "Temp Read Blocks": 0,
                                "Temp Written Blocks": 0
                            },
                            "Planning Time": 0.051,
                            "Triggers": [],
                            "Execution Time": 307.755
                        },
                        "all_ftr_time": 0.34657730000000003,
                        "any_ftr_time": 1.1134896,
                        "exact_ftr_time": 0.309942
                    },
                    "20000000": {
                        "all_time": 0.5856745833982131,
                        "any_time": 2.892438870899787,
                        "exact_time": 0.6241711875976762,
                        "table_size": 1493172224.0,
                        "index_time": 2.2080057533457875e-06,
                        "all_explanation": {
                            "Plan": {
                                "Node Type": "Gather",
                                "Parallel Aware": false,
                                "Async Capable": false,
                                "Startup Cost": 1000.0,
                                "Total Cost": 276057.93,
                                "Plan Rows": 643356,
                                "Plan Width": 24,
                                "Actual Startup Time": 0.081,
                                "Actual Total Time": 555.475,
                                "Actual Rows": 625261,
                                "Actual Loops": 1,
                                "Output": [
                                    "id",
                                    "flg_0",
                                    "flg_1",
                                    "flg_2",
                                    "flg_3",
                                    "flg_4",
                                    "flg_5",
                                    "flg_6",
                                    "flg_7",
                                    "flg_8",
                                    "flg_9",
                                    "flg_10",
                                    "flg_11",
                                    "flg_12",
                                    "flg_13",
                                    "flg_14",
                                    "flg_15"
                                ],
                                "Workers Planned": 2,
                                "Workers Launched": 2,
                                "Single Copy": false,
                                "Shared Hit Blocks": 4768,
                                "Shared Read Blocks": 122621,
                                "Shared Dirtied Blocks": 0,
                                "Shared Written Blocks": 0,
                                "Local Hit Blocks": 0,
                                "Local Read Blocks": 0,
                                "Local Dirtied Blocks": 0,
                                "Local Written Blocks": 0,
                                "Temp Read Blocks": 0,
                                "Temp Written Blocks": 0,
                                "WAL Records": 0,
                                "WAL FPI": 0,
                                "WAL Bytes": 0,
                                "Plans": [
                                    {
                                        "Node Type": "Seq Scan",
                                        "Parent Relationship": "Outer",
                                        "Parallel Aware": true,
                                        "Async Capable": false,
                                        "Relation Name": "tests_benchmark_booltester015",
                                        "Schema": "public",
                                        "Alias": "tests_benchmark_booltester015",
                                        "Startup Cost": 0.0,
                                        "Total Cost": 210722.33,
                                        "Plan Rows": 268065,
                                        "Plan Width": 24,
                                        "Actual Startup Time": 0.021,
                                        "Actual Total Time": 548.675,
                                        "Actual Rows": 208420,
                                        "Actual Loops": 3,
                                        "Output": [
                                            "id",
                                            "flg_0",
                                            "flg_1",
                                            "flg_2",
                                            "flg_3",
                                            "flg_4",
                                            "flg_5",
                                            "flg_6",
                                            "flg_7",
                                            "flg_8",
                                            "flg_9",
                                            "flg_10",
                                            "flg_11",
                                            "flg_12",
                                            "flg_13",
                                            "flg_14",
                                            "flg_15"
                                        ],
                                        "Filter": "(tests_benchmark_booltester015.flg_3 AND tests_benchmark_booltester015.flg_5 AND tests_benchmark_booltester015.flg_7 AND tests_benchmark_booltester015.flg_8 AND tests_benchmark_booltester015.flg_14)",
                                        "Rows Removed by Filter": 6458247,
                                        "Shared Hit Blocks": 4768,
                                        "Shared Read Blocks": 122621,
                                        "Shared Dirtied Blocks": 0,
                                        "Shared Written Blocks": 0,
                                        "Local Hit Blocks": 0,
                                        "Local Read Blocks": 0,
                                        "Local Dirtied Blocks": 0,
                                        "Local Written Blocks": 0,
                                        "Temp Read Blocks": 0,
                                        "Temp Written Blocks": 0,
                                        "WAL Records": 0,
                                        "WAL FPI": 0,
                                        "WAL Bytes": 0,
                                        "Workers": [
                                            {
                                                "Worker Number": 0,
                                                "Actual Startup Time": 0.022,
                                                "Actual Total Time": 557.011,
                                                "Actual Rows": 210985,
                                                "Actual Loops": 1,
                                                "Shared Hit Blocks": 1586,
                                                "Shared Read Blocks": 41376,
                                                "Shared Dirtied Blocks": 0,
                                                "Shared Written Blocks": 0,
                                                "Local Hit Blocks": 0,
                                                "Local Read Blocks": 0,
                                                "Local Dirtied Blocks": 0,
                                                "Local Written Blocks": 0,
                                                "Temp Read Blocks": 0,
                                                "Temp Written Blocks": 0,
                                                "WAL Records": 0,
                                                "WAL FPI": 0,
                                                "WAL Bytes": 0
                                            },
                                            {
                                                "Worker Number": 1,
                                                "Actual Startup Time": 0.031,
                                                "Actual Total Time": 557.041,
                                                "Actual Rows": 210957,
                                                "Actual Loops": 1,
                                                "Shared Hit Blocks": 1558,
                                                "Shared Read Blocks": 41437,
                                                "Shared Dirtied Blocks": 0,
                                                "Shared Written Blocks": 0,
                                                "Local Hit Blocks": 0,
                                                "Local Read Blocks": 0,
                                                "Local Dirtied Blocks": 0,
                                                "Local Written Blocks": 0,
                                                "Temp Read Blocks": 0,
                                                "Temp Written Blocks": 0,
                                                "WAL Records": 0,
                                                "WAL FPI": 0,
                                                "WAL Bytes": 0
                                            }
                                        ]
                                    }
                                ]
                            },
                            "Settings": {},
                            "Planning": {
                                "Shared Hit Blocks": 0,
                                "Shared Read Blocks": 0,
                                "Shared Dirtied Blocks": 0,
                                "Shared Written Blocks": 0,
                                "Local Hit Blocks": 0,
                                "Local Read Blocks": 0,
                                "Local Dirtied Blocks": 0,
                                "Local Written Blocks": 0,
                                "Temp Read Blocks": 0,
                                "Temp Written Blocks": 0
                            },
                            "Planning Time": 0.034,
                            "Triggers": [],
                            "Execution Time": 569.206
                        },
                        "any_explanation": {
                            "Plan": {
                                "Node Type": "Seq Scan",
                                "Parallel Aware": false,
                                "Async Capable": false,
                                "Relation Name": "tests_benchmark_booltester015",
                                "Schema": "public",
                                "Alias": "tests_benchmark_booltester015",
                                "Startup Cost": 0.0,
                                "Total Cost": 327389.0,
                                "Plan Rows": 19392979,
                                "Plan Width": 24,
                                "Actual Startup Time": 0.023,
                                "Actual Total Time": 1731.922,
                                "Actual Rows": 19374263,
                                "Actual Loops": 1,
                                "Output": [
                                    "id",
                                    "flg_0",
                                    "flg_1",
                                    "flg_2",
                                    "flg_3",
                                    "flg_4",
                                    "flg_5",
                                    "flg_6",
                                    "flg_7",
                                    "flg_8",
                                    "flg_9",
                                    "flg_10",
                                    "flg_11",
                                    "flg_12",
                                    "flg_13",
                                    "flg_14",
                                    "flg_15"
                                ],
                                "Filter": "(tests_benchmark_booltester015.flg_3 OR tests_benchmark_booltester015.flg_5 OR tests_benchmark_booltester015.flg_7 OR tests_benchmark_booltester015.flg_8 OR tests_benchmark_booltester015.flg_14)",
                                "Rows Removed by Filter": 625738,
                                "Shared Hit Blocks": 4960,
                                "Shared Read Blocks": 122429,
                                "Shared Dirtied Blocks": 0,
                                "Shared Written Blocks": 0,
                                "Local Hit Blocks": 0,
                                "Local Read Blocks": 0,
                                "Local Dirtied Blocks": 0,
                                "Local Written Blocks": 0,
                                "Temp Read Blocks": 0,
                                "Temp Written Blocks": 0,
                                "WAL Records": 0,
                                "WAL FPI": 0,
                                "WAL Bytes": 0
                            },
                            "Settings": {},
                            "Planning": {
                                "Shared Hit Blocks": 0,
                                "Shared Read Blocks": 0,
                                "Shared Dirtied Blocks": 0,
                                "Shared Written Blocks": 0,
                                "Local Hit Blocks": 0,
                                "Local Read Blocks": 0,
                                "Local Dirtied Blocks": 0,
                                "Local Written Blocks": 0,
                                "Temp Read Blocks": 0,
                                "Temp Written Blocks": 0
                            },
                            "Planning Time": 0.037,
                            "Triggers": [],
                            "Execution Time": 2126.597
                        },
                        "exact_explanation": {
                            "Plan": {
                                "Node Type": "Gather",
                                "Parallel Aware": false,
                                "Async Capable": false,
                                "Startup Cost": 1000.0,
                                "Total Cost": 211752.93,
                                "Plan Rows": 306,
                                "Plan Width": 24,
                                "Actual Startup Time": 33.625,
                                "Actual Total Time": 625.076,
                                "Actual Rows": 325,
                                "Actual Loops": 1,
                                "Output": [
                                    "id",
                                    "flg_0",
                                    "flg_1",
                                    "flg_2",
                                    "flg_3",
                                    "flg_4",
                                    "flg_5",
                                    "flg_6",
                                    "flg_7",
                                    "flg_8",
                                    "flg_9",
                                    "flg_10",
                                    "flg_11",
                                    "flg_12",
                                    "flg_13",
                                    "flg_14",
                                    "flg_15"
                                ],
                                "Workers Planned": 2,
                                "Workers Launched": 2,
                                "Single Copy": false,
                                "Shared Hit Blocks": 5088,
                                "Shared Read Blocks": 122301,
                                "Shared Dirtied Blocks": 0,
                                "Shared Written Blocks": 0,
                                "Local Hit Blocks": 0,
                                "Local Read Blocks": 0,
                                "Local Dirtied Blocks": 0,
                                "Local Written Blocks": 0,
                                "Temp Read Blocks": 0,
                                "Temp Written Blocks": 0,
                                "WAL Records": 0,
                                "WAL FPI": 0,
                                "WAL Bytes": 0,
                                "Plans": [
                                    {
                                        "Node Type": "Seq Scan",
                                        "Parent Relationship": "Outer",
                                        "Parallel Aware": true,
                                        "Async Capable": false,
                                        "Relation Name": "tests_benchmark_booltester015",
                                        "Schema": "public",
                                        "Alias": "tests_benchmark_booltester015",
                                        "Startup Cost": 0.0,
                                        "Total Cost": 210722.33,
                                        "Plan Rows": 128,
                                        "Plan Width": 24,
                                        "Actual Startup Time": 18.325,
                                        "Actual Total Time": 622.675,
                                        "Actual Rows": 108,
                                        "Actual Loops": 3,
                                        "Output": [
                                            "id",
                                            "flg_0",
                                            "flg_1",
                                            "flg_2",
                                            "flg_3",
                                            "flg_4",
                                            "flg_5",
                                            "flg_6",
                                            "flg_7",
                                            "flg_8",
                                            "flg_9",
                                            "flg_10",
                                            "flg_11",
                                            "flg_12",
                                            "flg_13",
                                            "flg_14",
                                            "flg_15"
                                        ],
                                        "Filter": "((NOT tests_benchmark_booltester015.flg_0) AND (NOT tests_benchmark_booltester015.flg_1) AND (NOT tests_benchmark_booltester015.flg_2) AND tests_benchmark_booltester015.flg_3 AND (NOT tests_benchmark_booltester015.flg_4) AND tests_benchmark_booltester015.flg_5 AND (NOT tests_benchmark_booltester015.flg_6) AND tests_benchmark_booltester015.flg_7 AND tests_benchmark_booltester015.flg_8 AND (NOT tests_benchmark_booltester015.flg_9) AND (NOT tests_benchmark_booltester015.flg_10) AND (NOT tests_benchmark_booltester015.flg_11) AND (NOT tests_benchmark_booltester015.flg_12) AND (NOT tests_benchmark_booltester015.flg_13) AND tests_benchmark_booltester015.flg_14 AND (NOT tests_benchmark_booltester015.flg_15))",
                                        "Rows Removed by Filter": 6666559,
                                        "Shared Hit Blocks": 5088,
                                        "Shared Read Blocks": 122301,
                                        "Shared Dirtied Blocks": 0,
                                        "Shared Written Blocks": 0,
                                        "Local Hit Blocks": 0,
                                        "Local Read Blocks": 0,
                                        "Local Dirtied Blocks": 0,
                                        "Local Written Blocks": 0,
                                        "Temp Read Blocks": 0,
                                        "Temp Written Blocks": 0,
                                        "WAL Records": 0,
                                        "WAL FPI": 0,
                                        "WAL Bytes": 0,
                                        "Workers": [
                                            {
                                                "Worker Number": 0,
                                                "Actual Startup Time": 20.407,
                                                "Actual Total Time": 622.003,
                                                "Actual Rows": 103,
                                                "Actual Loops": 1,
                                                "Shared Hit Blocks": 1630,
                                                "Shared Read Blocks": 40736,
                                                "Shared Dirtied Blocks": 0,
                                                "Shared Written Blocks": 0,
                                                "Local Hit Blocks": 0,
                                                "Local Read Blocks": 0,
                                                "Local Dirtied Blocks": 0,
                                                "Local Written Blocks": 0,
                                                "Temp Read Blocks": 0,
                                                "Temp Written Blocks": 0,
                                                "WAL Records": 0,
                                                "WAL FPI": 0,
                                                "WAL Bytes": 0
                                            },
                                            {
                                                "Worker Number": 1,
                                                "Actual Startup Time": 1.034,
                                                "Actual Total Time": 621.955,
                                                "Actual Rows": 112,
                                                "Actual Loops": 1,
                                                "Shared Hit Blocks": 1676,
                                                "Shared Read Blocks": 40672,
                                                "Shared Dirtied Blocks": 0,
                                                "Shared Written Blocks": 0,
                                                "Local Hit Blocks": 0,
                                                "Local Read Blocks": 0,
                                                "Local Dirtied Blocks": 0,
                                                "Local Written Blocks": 0,
                                                "Temp Read Blocks": 0,
                                                "Temp Written Blocks": 0,
                                                "WAL Records": 0,
                                                "WAL FPI": 0,
                                                "WAL Bytes": 0
                                            }
                                        ]
                                    }
                                ]
                            },
                            "Settings": {},
                            "Planning": {
                                "Shared Hit Blocks": 0,
                                "Shared Read Blocks": 0,
                                "Shared Dirtied Blocks": 0,
                                "Shared Written Blocks": 0,
                                "Local Hit Blocks": 0,
                                "Local Read Blocks": 0,
                                "Local Dirtied Blocks": 0,
                                "Local Written Blocks": 0,
                                "Temp Read Blocks": 0,
                                "Temp Written Blocks": 0
                            },
                            "Planning Time": 0.049,
                            "Triggers": [],
                            "Execution Time": 625.101
                        },
                        "all_ftr_time": 0.5837184999999999,
                        "any_ftr_time": 2.2202616,
                        "exact_ftr_time": 0.6183426999999999
                    },
                    "40000000": {
                        "all_time": 1.3307807334000246,
                        "any_time": 5.632634929096094,
                        "exact_time": 1.22500872080127,
                        "table_size": 2986344448.0,
                        "index_time": 6.791000487282872e-06,
                        "all_explanation": {
                            "Plan": {
                                "Node Type": "Gather",
                                "Parallel Aware": false,
                                "Async Capable": false,
                                "Startup Cost": 1000.0,
                                "Total Cost": 438892.57,
                                "Plan Rows": 164479,
                                "Plan Width": 24,
                                "Actual Startup Time": 0.111,
                                "Actual Total Time": 974.712,
                                "Actual Rows": 156336,
                                "Actual Loops": 1,
                                "Output": [
                                    "id",
                                    "flg_0",
                                    "flg_1",
                                    "flg_2",
                                    "flg_3",
                                    "flg_4",
                                    "flg_5",
                                    "flg_6",
                                    "flg_7",
                                    "flg_8",
                                    "flg_9",
                                    "flg_10",
                                    "flg_11",
                                    "flg_12",
                                    "flg_13",
                                    "flg_14",
                                    "flg_15"
                                ],
                                "Workers Planned": 2,
                                "Workers Launched": 2,
                                "Single Copy": false,
                                "Shared Hit Blocks": 4801,
                                "Shared Read Blocks": 249977,
                                "Shared Dirtied Blocks": 0,
                                "Shared Written Blocks": 0,
                                "Local Hit Blocks": 0,
                                "Local Read Blocks": 0,
                                "Local Dirtied Blocks": 0,
                                "Local Written Blocks": 0,
                                "Temp Read Blocks": 0,
                                "Temp Written Blocks": 0,
                                "WAL Records": 0,
                                "WAL FPI": 0,
                                "WAL Bytes": 0,
                                "Plans": [
                                    {
                                        "Node Type": "Seq Scan",
                                        "Parent Relationship": "Outer",
                                        "Parallel Aware": true,
                                        "Async Capable": false,
                                        "Relation Name": "tests_benchmark_booltester015",
                                        "Schema": "public",
                                        "Alias": "tests_benchmark_booltester015",
                                        "Startup Cost": 0.0,
                                        "Total Cost": 421444.67,
                                        "Plan Rows": 68533,
                                        "Plan Width": 24,
                                        "Actual Startup Time": 0.032,
                                        "Actual Total Time": 970.976,
                                        "Actual Rows": 52112,
                                        "Actual Loops": 3,
                                        "Output": [
                                            "id",
                                            "flg_0",
                                            "flg_1",
                                            "flg_2",
                                            "flg_3",
                                            "flg_4",
                                            "flg_5",
                                            "flg_6",
                                            "flg_7",
                                            "flg_8",
                                            "flg_9",
                                            "flg_10",
                                            "flg_11",
                                            "flg_12",
                                            "flg_13",
                                            "flg_14",
                                            "flg_15"
                                        ],
                                        "Filter": "(tests_benchmark_booltester015.flg_1 AND tests_benchmark_booltester015.flg_3 AND tests_benchmark_booltester015.flg_6 AND tests_benchmark_booltester015.flg_7 AND tests_benchmark_booltester015.flg_8 AND tests_benchmark_booltester015.flg_9 AND tests_benchmark_booltester015.flg_10 AND tests_benchmark_booltester015.flg_11)",
                                        "Rows Removed by Filter": 13281222,
                                        "Shared Hit Blocks": 4801,
                                        "Shared Read Blocks": 249977,
                                        "Shared Dirtied Blocks": 0,
                                        "Shared Written Blocks": 0,
                                        "Local Hit Blocks": 0,
                                        "Local Read Blocks": 0,
                                        "Local Dirtied Blocks": 0,
                                        "Local Written Blocks": 0,
                                        "Temp Read Blocks": 0,
                                        "Temp Written Blocks": 0,
                                        "WAL Records": 0,
                                        "WAL FPI": 0,
                                        "WAL Bytes": 0,
                                        "Workers": [
                                            {
                                                "Worker Number": 0,
                                                "Actual Startup Time": 0.035,
                                                "Actual Total Time": 972.468,
                                                "Actual Rows": 52047,
                                                "Actual Loops": 1,
                                                "Shared Hit Blocks": 1568,
                                                "Shared Read Blocks": 83488,
                                                "Shared Dirtied Blocks": 0,
                                                "Shared Written Blocks": 0,
                                                "Local Hit Blocks": 0,
                                                "Local Read Blocks": 0,
                                                "Local Dirtied Blocks": 0,
                                                "Local Written Blocks": 0,
                                                "Temp Read Blocks": 0,
                                                "Temp Written Blocks": 0,
                                                "WAL Records": 0,
                                                "WAL FPI": 0,
                                                "WAL Bytes": 0
                                            },
                                            {
                                                "Worker Number": 1,
                                                "Actual Startup Time": 0.038,
                                                "Actual Total Time": 972.474,
                                                "Actual Rows": 52048,
                                                "Actual Loops": 1,
                                                "Shared Hit Blocks": 1572,
                                                "Shared Read Blocks": 83513,
                                                "Shared Dirtied Blocks": 0,
                                                "Shared Written Blocks": 0,
                                                "Local Hit Blocks": 0,
                                                "Local Read Blocks": 0,
                                                "Local Dirtied Blocks": 0,
                                                "Local Written Blocks": 0,
                                                "Temp Read Blocks": 0,
                                                "Temp Written Blocks": 0,
                                                "WAL Records": 0,
                                                "WAL FPI": 0,
                                                "WAL Bytes": 0
                                            }
                                        ]
                                    }
                                ]
                            },
                            "Settings": {},
                            "Planning": {
                                "Shared Hit Blocks": 0,
                                "Shared Read Blocks": 0,
                                "Shared Dirtied Blocks": 0,
                                "Shared Written Blocks": 0,
                                "Local Hit Blocks": 0,
                                "Local Read Blocks": 0,
                                "Local Dirtied Blocks": 0,
                                "Local Written Blocks": 0,
                                "Temp Read Blocks": 0,
                                "Temp Written Blocks": 0
                            },
                            "Planning Time": 0.051,
                            "Triggers": [],
                            "Execution Time": 978.258
                        },
                        "any_explanation": {
                            "Plan": {
                                "Node Type": "Seq Scan",
                                "Parallel Aware": false,
                                "Async Capable": false,
                                "Relation Name": "tests_benchmark_booltester015",
                                "Schema": "public",
                                "Alias": "tests_benchmark_booltester015",
                                "Startup Cost": 0.0,
                                "Total Cost": 654779.44,
                                "Plan Rows": 39845783,
                                "Plan Width": 24,
                                "Actual Startup Time": 0.014,
                                "Actual Total Time": 3148.513,
                                "Actual Rows": 39843505,
                                "Actual Loops": 1,
                                "Output": [
                                    "id",
                                    "flg_0",
                                    "flg_1",
                                    "flg_2",
                                    "flg_3",
                                    "flg_4",
                                    "flg_5",
                                    "flg_6",
                                    "flg_7",
                                    "flg_8",
                                    "flg_9",
                                    "flg_10",
                                    "flg_11",
                                    "flg_12",
                                    "flg_13",
                                    "flg_14",
                                    "flg_15"
                                ],
                                "Filter": "(tests_benchmark_booltester015.flg_1 OR tests_benchmark_booltester015.flg_3 OR tests_benchmark_booltester015.flg_6 OR tests_benchmark_booltester015.flg_7 OR tests_benchmark_booltester015.flg_8 OR tests_benchmark_booltester015.flg_9 OR tests_benchmark_booltester015.flg_10 OR tests_benchmark_booltester015.flg_11)",
                                "Rows Removed by Filter": 156496,
                                "Shared Hit Blocks": 4999,
                                "Shared Read Blocks": 249779,
                                "Shared Dirtied Blocks": 0,
                                "Shared Written Blocks": 0,
                                "Local Hit Blocks": 0,
                                "Local Read Blocks": 0,
                                "Local Dirtied Blocks": 0,
                                "Local Written Blocks": 0,
                                "Temp Read Blocks": 0,
                                "Temp Written Blocks": 0,
                                "WAL Records": 0,
                                "WAL FPI": 0,
                                "WAL Bytes": 0
                            },
                            "Settings": {},
                            "Planning": {
                                "Shared Hit Blocks": 74,
                                "Shared Read Blocks": 0,
                                "Shared Dirtied Blocks": 0,
                                "Shared Written Blocks": 0,
                                "Local Hit Blocks": 0,
                                "Local Read Blocks": 0,
                                "Local Dirtied Blocks": 0,
                                "Local Written Blocks": 0,
                                "Temp Read Blocks": 0,
                                "Temp Written Blocks": 0
                            },
                            "Planning Time": 0.125,
                            "Triggers": [],
                            "Execution Time": 3967.925
                        },
                        "exact_explanation": {
                            "Plan": {
                                "Node Type": "Gather",
                                "Parallel Aware": false,
                                "Async Capable": false,
                                "Startup Cost": 1000.0,
                                "Total Cost": 422506.37,
                                "Plan Rows": 611,
                                "Plan Width": 24,
                                "Actual Startup Time": 1.602,
                                "Actual Total Time": 1213.688,
                                "Actual Rows": 575,
                                "Actual Loops": 1,
                                "Output": [
                                    "id",
                                    "flg_0",
                                    "flg_1",
                                    "flg_2",
                                    "flg_3",
                                    "flg_4",
                                    "flg_5",
                                    "flg_6",
                                    "flg_7",
                                    "flg_8",
                                    "flg_9",
                                    "flg_10",
                                    "flg_11",
                                    "flg_12",
                                    "flg_13",
                                    "flg_14",
                                    "flg_15"
                                ],
                                "Workers Planned": 2,
                                "Workers Launched": 2,
                                "Single Copy": false,
                                "Shared Hit Blocks": 5127,
                                "Shared Read Blocks": 249651,
                                "Shared Dirtied Blocks": 0,
                                "Shared Written Blocks": 0,
                                "Local Hit Blocks": 0,
                                "Local Read Blocks": 0,
                                "Local Dirtied Blocks": 0,
                                "Local Written Blocks": 0,
                                "Temp Read Blocks": 0,
                                "Temp Written Blocks": 0,
                                "WAL Records": 0,
                                "WAL FPI": 0,
                                "WAL Bytes": 0,
                                "Plans": [
                                    {
                                        "Node Type": "Seq Scan",
                                        "Parent Relationship": "Outer",
                                        "Parallel Aware": true,
                                        "Async Capable": false,
                                        "Relation Name": "tests_benchmark_booltester015",
                                        "Schema": "public",
                                        "Alias": "tests_benchmark_booltester015",
                                        "Startup Cost": 0.0,
                                        "Total Cost": 421445.27,
                                        "Plan Rows": 255,
                                        "Plan Width": 24,
                                        "Actual Startup Time": 5.758,
                                        "Actual Total Time": 1211.203,
                                        "Actual Rows": 192,
                                        "Actual Loops": 3,
                                        "Output": [
                                            "id",
                                            "flg_0",
                                            "flg_1",
                                            "flg_2",
                                            "flg_3",
                                            "flg_4",
                                            "flg_5",
                                            "flg_6",
                                            "flg_7",
                                            "flg_8",
                                            "flg_9",
                                            "flg_10",
                                            "flg_11",
                                            "flg_12",
                                            "flg_13",
                                            "flg_14",
                                            "flg_15"
                                        ],
                                        "Filter": "((NOT tests_benchmark_booltester015.flg_0) AND tests_benchmark_booltester015.flg_1 AND (NOT tests_benchmark_booltester015.flg_2) AND tests_benchmark_booltester015.flg_3 AND (NOT tests_benchmark_booltester015.flg_4) AND (NOT tests_benchmark_booltester015.flg_5) AND tests_benchmark_booltester015.flg_6 AND tests_benchmark_booltester015.flg_7 AND tests_benchmark_booltester015.flg_8 AND tests_benchmark_booltester015.flg_9 AND tests_benchmark_booltester015.flg_10 AND tests_benchmark_booltester015.flg_11 AND (NOT tests_benchmark_booltester015.flg_12) AND (NOT tests_benchmark_booltester015.flg_13) AND (NOT tests_benchmark_booltester015.flg_14) AND (NOT tests_benchmark_booltester015.flg_15))",
                                        "Rows Removed by Filter": 13333142,
                                        "Shared Hit Blocks": 5127,
                                        "Shared Read Blocks": 249651,
                                        "Shared Dirtied Blocks": 0,
                                        "Shared Written Blocks": 0,
                                        "Local Hit Blocks": 0,
                                        "Local Read Blocks": 0,
                                        "Local Dirtied Blocks": 0,
                                        "Local Written Blocks": 0,
                                        "Temp Read Blocks": 0,
                                        "Temp Written Blocks": 0,
                                        "WAL Records": 0,
                                        "WAL FPI": 0,
                                        "WAL Bytes": 0,
                                        "Workers": [
                                            {
                                                "Worker Number": 0,
                                                "Actual Startup Time": 8.924,
                                                "Actual Total Time": 1210.492,
                                                "Actual Rows": 195,
                                                "Actual Loops": 1,
                                                "Shared Hit Blocks": 1683,
                                                "Shared Read Blocks": 83108,
                                                "Shared Dirtied Blocks": 0,
                                                "Shared Written Blocks": 0,
                                                "Local Hit Blocks": 0,
                                                "Local Read Blocks": 0,
                                                "Local Dirtied Blocks": 0,
                                                "Local Written Blocks": 0,
                                                "Temp Read Blocks": 0,
                                                "Temp Written Blocks": 0,
                                                "WAL Records": 0,
                                                "WAL FPI": 0,
                                                "WAL Bytes": 0
                                            },
                                            {
                                                "Worker Number": 1,
                                                "Actual Startup Time": 6.822,
                                                "Actual Total Time": 1210.48,
                                                "Actual Rows": 200,
                                                "Actual Loops": 1,
                                                "Shared Hit Blocks": 1662,
                                                "Shared Read Blocks": 83152,
                                                "Shared Dirtied Blocks": 0,
                                                "Shared Written Blocks": 0,
                                                "Local Hit Blocks": 0,
                                                "Local Read Blocks": 0,
                                                "Local Dirtied Blocks": 0,
                                                "Local Written Blocks": 0,
                                                "Temp Read Blocks": 0,
                                                "Temp Written Blocks": 0,
                                                "WAL Records": 0,
                                                "WAL FPI": 0,
                                                "WAL Bytes": 0
                                            }
                                        ]
                                    }
                                ]
                            },
                            "Settings": {},
                            "Planning": {
                                "Shared Hit Blocks": 0,
                                "Shared Read Blocks": 0,
                                "Shared Dirtied Blocks": 0,
                                "Shared Written Blocks": 0,
                                "Local Hit Blocks": 0,
                                "Local Read Blocks": 0,
                                "Local Dirtied Blocks": 0,
                                "Local Written Blocks": 0,
                                "Temp Read Blocks": 0,
                                "Temp Written Blocks": 0
                            },
                            "Planning Time": 0.044,
                            "Triggers": [],
                            "Execution Time": 1213.726
                        },
                        "all_ftr_time": 1.1307505999999998,
                        "any_ftr_time": 4.3363056,
                        "exact_ftr_time": 1.2152832000000002
                    },
                    "60000000": {
                        "all_time": 1.7936937541031512,
                        "any_time": 8.476626533300442,
                        "exact_time": 1.8735516291024397,
                        "table_size": 4478468096.0,
                        "index_time": 3.541994374245405e-06,
                        "all_explanation": {
                            "Plan": {
                                "Node Type": "Gather",
                                "Parallel Aware": false,
                                "Async Capable": false,
                                "Startup Cost": 1000.0,
                                "Total Cost": 645000.5,
                                "Plan Rows": 118345,
                                "Plan Width": 24,
                                "Actual Startup Time": 0.231,
                                "Actual Total Time": 1824.287,
                                "Actual Rows": 117151,
                                "Actual Loops": 1,
                                "Output": [
                                    "id",
                                    "flg_0",
                                    "flg_1",
                                    "flg_2",
                                    "flg_3",
                                    "flg_4",
                                    "flg_5",
                                    "flg_6",
                                    "flg_7",
                                    "flg_8",
                                    "flg_9",
                                    "flg_10",
                                    "flg_11",
                                    "flg_12",
                                    "flg_13",
                                    "flg_14",
                                    "flg_15"
                                ],
                                "Workers Planned": 2,
                                "Workers Launched": 2,
                                "Single Copy": false,
                                "Shared Hit Blocks": 4640,
                                "Shared Read Blocks": 377526,
                                "Shared Dirtied Blocks": 0,
                                "Shared Written Blocks": 0,
                                "Local Hit Blocks": 0,
                                "Local Read Blocks": 0,
                                "Local Dirtied Blocks": 0,
                                "Local Written Blocks": 0,
                                "Temp Read Blocks": 0,
                                "Temp Written Blocks": 0,
                                "WAL Records": 0,
                                "WAL FPI": 0,
                                "WAL Bytes": 0,
                                "Plans": [
                                    {
                                        "Node Type": "Seq Scan",
                                        "Parent Relationship": "Outer",
                                        "Parallel Aware": true,
                                        "Async Capable": false,
                                        "Relation Name": "tests_benchmark_booltester015",
                                        "Schema": "public",
                                        "Alias": "tests_benchmark_booltester015",
                                        "Startup Cost": 0.0,
                                        "Total Cost": 632166.0,
                                        "Plan Rows": 49310,
                                        "Plan Width": 24,
                                        "Actual Startup Time": 0.125,
                                        "Actual Total Time": 1820.855,
                                        "Actual Rows": 39050,
                                        "Actual Loops": 3,
                                        "Output": [
                                            "id",
                                            "flg_0",
                                            "flg_1",
                                            "flg_2",
                                            "flg_3",
                                            "flg_4",
                                            "flg_5",
                                            "flg_6",
                                            "flg_7",
                                            "flg_8",
                                            "flg_9",
                                            "flg_10",
                                            "flg_11",
                                            "flg_12",
                                            "flg_13",
                                            "flg_14",
                                            "flg_15"
                                        ],
                                        "Filter": "(tests_benchmark_booltester015.flg_1 AND tests_benchmark_booltester015.flg_5 AND tests_benchmark_booltester015.flg_7 AND tests_benchmark_booltester015.flg_8 AND tests_benchmark_booltester015.flg_10 AND tests_benchmark_booltester015.flg_12 AND tests_benchmark_booltester015.flg_13 AND tests_benchmark_booltester015.flg_14 AND tests_benchmark_booltester015.flg_15)",
                                        "Rows Removed by Filter": 19960950,
                                        "Shared Hit Blocks": 4640,
                                        "Shared Read Blocks": 377526,
                                        "Shared Dirtied Blocks": 0,
                                        "Shared Written Blocks": 0,
                                        "Local Hit Blocks": 0,
                                        "Local Read Blocks": 0,
                                        "Local Dirtied Blocks": 0,
                                        "Local Written Blocks": 0,
                                        "Temp Read Blocks": 0,
                                        "Temp Written Blocks": 0,
                                        "WAL Records": 0,
                                        "WAL FPI": 0,
                                        "WAL Bytes": 0,
                                        "Workers": [
                                            {
                                                "Worker Number": 0,
                                                "Actual Startup Time": 0.142,
                                                "Actual Total Time": 1821.83,
                                                "Actual Rows": 39101,
                                                "Actual Loops": 1,
                                                "Shared Hit Blocks": 1498,
                                                "Shared Read Blocks": 126176,
                                                "Shared Dirtied Blocks": 0,
                                                "Shared Written Blocks": 0,
                                                "Local Hit Blocks": 0,
                                                "Local Read Blocks": 0,
                                                "Local Dirtied Blocks": 0,
                                                "Local Written Blocks": 0,
                                                "Temp Read Blocks": 0,
                                                "Temp Written Blocks": 0,
                                                "WAL Records": 0,
                                                "WAL FPI": 0,
                                                "WAL Bytes": 0
                                            },
                                            {
                                                "Worker Number": 1,
                                                "Actual Startup Time": 0.115,
                                                "Actual Total Time": 1821.927,
                                                "Actual Rows": 38996,
                                                "Actual Loops": 1,
                                                "Shared Hit Blocks": 1502,
                                                "Shared Read Blocks": 125984,
                                                "Shared Dirtied Blocks": 0,
                                                "Shared Written Blocks": 0,
                                                "Local Hit Blocks": 0,
                                                "Local Read Blocks": 0,
                                                "Local Dirtied Blocks": 0,
                                                "Local Written Blocks": 0,
                                                "Temp Read Blocks": 0,
                                                "Temp Written Blocks": 0,
                                                "WAL Records": 0,
                                                "WAL FPI": 0,
                                                "WAL Bytes": 0
                                            }
                                        ]
                                    }
                                ]
                            },
                            "Settings": {},
                            "Planning": {
                                "Shared Hit Blocks": 0,
                                "Shared Read Blocks": 0,
                                "Shared Dirtied Blocks": 0,
                                "Shared Written Blocks": 0,
                                "Local Hit Blocks": 0,
                                "Local Read Blocks": 0,
                                "Local Dirtied Blocks": 0,
                                "Local Written Blocks": 0,
                                "Temp Read Blocks": 0,
                                "Temp Written Blocks": 0
                            },
                            "Planning Time": 0.106,
                            "Triggers": [],
                            "Execution Time": 1827.036
                        },
                        "any_explanation": {
                            "Plan": {
                                "Node Type": "Seq Scan",
                                "Parallel Aware": false,
                                "Async Capable": false,
                                "Relation Name": "tests_benchmark_booltester015",
                                "Schema": "public",
                                "Alias": "tests_benchmark_booltester015",
                                "Startup Cost": 0.0,
                                "Total Cost": 982166.0,
                                "Plan Rows": 59883983,
                                "Plan Width": 24,
                                "Actual Startup Time": 0.025,
                                "Actual Total Time": 5693.554,
                                "Actual Rows": 59882827,
                                "Actual Loops": 1,
                                "Output": [
                                    "id",
                                    "flg_0",
                                    "flg_1",
                                    "flg_2",
                                    "flg_3",
                                    "flg_4",
                                    "flg_5",
                                    "flg_6",
                                    "flg_7",
                                    "flg_8",
                                    "flg_9",
                                    "flg_10",
                                    "flg_11",
                                    "flg_12",
                                    "flg_13",
                                    "flg_14",
                                    "flg_15"
                                ],
                                "Filter": "(tests_benchmark_booltester015.flg_1 OR tests_benchmark_booltester015.flg_5 OR tests_benchmark_booltester015.flg_7 OR tests_benchmark_booltester015.flg_8 OR tests_benchmark_booltester015.flg_10 OR tests_benchmark_booltester015.flg_12 OR tests_benchmark_booltester015.flg_13 OR tests_benchmark_booltester015.flg_14 OR tests_benchmark_booltester015.flg_15)",
                                "Rows Removed by Filter": 117174,
                                "Shared Hit Blocks": 4832,
                                "Shared Read Blocks": 377334,
                                "Shared Dirtied Blocks": 0,
                                "Shared Written Blocks": 0,
                                "Local Hit Blocks": 0,
                                "Local Read Blocks": 0,
                                "Local Dirtied Blocks": 0,
                                "Local Written Blocks": 0,
                                "Temp Read Blocks": 0,
                                "Temp Written Blocks": 0,
                                "WAL Records": 0,
                                "WAL FPI": 0,
                                "WAL Bytes": 0
                            },
                            "Settings": {},
                            "Planning": {
                                "Shared Hit Blocks": 0,
                                "Shared Read Blocks": 0,
                                "Shared Dirtied Blocks": 0,
                                "Shared Written Blocks": 0,
                                "Local Hit Blocks": 0,
                                "Local Read Blocks": 0,
                                "Local Dirtied Blocks": 0,
                                "Local Written Blocks": 0,
                                "Temp Read Blocks": 0,
                                "Temp Written Blocks": 0
                            },
                            "Planning Time": 0.05,
                            "Triggers": [],
                            "Execution Time": 6915.381
                        },
                        "exact_explanation": {
                            "Plan": {
                                "Node Type": "Gather",
                                "Parallel Aware": false,
                                "Async Capable": false,
                                "Startup Cost": 1000.0,
                                "Total Cost": 633260.0,
                                "Plan Rows": 940,
                                "Plan Width": 24,
                                "Actual Startup Time": 5.954,
                                "Actual Total Time": 1874.448,
                                "Actual Rows": 913,
                                "Actual Loops": 1,
                                "Output": [
                                    "id",
                                    "flg_0",
                                    "flg_1",
                                    "flg_2",
                                    "flg_3",
                                    "flg_4",
                                    "flg_5",
                                    "flg_6",
                                    "flg_7",
                                    "flg_8",
                                    "flg_9",
                                    "flg_10",
                                    "flg_11",
                                    "flg_12",
                                    "flg_13",
                                    "flg_14",
                                    "flg_15"
                                ],
                                "Workers Planned": 2,
                                "Workers Launched": 2,
                                "Single Copy": false,
                                "Shared Hit Blocks": 4960,
                                "Shared Read Blocks": 377206,
                                "Shared Dirtied Blocks": 0,
                                "Shared Written Blocks": 0,
                                "Local Hit Blocks": 0,
                                "Local Read Blocks": 0,
                                "Local Dirtied Blocks": 0,
                                "Local Written Blocks": 0,
                                "Temp Read Blocks": 0,
                                "Temp Written Blocks": 0,
                                "WAL Records": 0,
                                "WAL FPI": 0,
                                "WAL Bytes": 0,
                                "Plans": [
                                    {
                                        "Node Type": "Seq Scan",
                                        "Parent Relationship": "Outer",
                                        "Parallel Aware": true,
                                        "Async Capable": false,
                                        "Relation Name": "tests_benchmark_booltester015",
                                        "Schema": "public",
                                        "Alias": "tests_benchmark_booltester015",
                                        "Startup Cost": 0.0,
                                        "Total Cost": 632166.0,
                                        "Plan Rows": 392,
                                        "Plan Width": 24,
                                        "Actual Startup Time": 11.048,
                                        "Actual Total Time": 1872.076,
                                        "Actual Rows": 304,
                                        "Actual Loops": 3,
                                        "Output": [
                                            "id",
                                            "flg_0",
                                            "flg_1",
                                            "flg_2",
                                            "flg_3",
                                            "flg_4",
                                            "flg_5",
                                            "flg_6",
                                            "flg_7",
                                            "flg_8",
                                            "flg_9",
                                            "flg_10",
                                            "flg_11",
                                            "flg_12",
                                            "flg_13",
                                            "flg_14",
                                            "flg_15"
                                        ],
                                        "Filter": "((NOT tests_benchmark_booltester015.flg_0) AND tests_benchmark_booltester015.flg_1 AND (NOT tests_benchmark_booltester015.flg_2) AND (NOT tests_benchmark_booltester015.flg_3) AND (NOT tests_benchmark_booltester015.flg_4) AND tests_benchmark_booltester015.flg_5 AND (NOT tests_benchmark_booltester015.flg_6) AND tests_benchmark_booltester015.flg_7 AND tests_benchmark_booltester015.flg_8 AND (NOT tests_benchmark_booltester015.flg_9) AND tests_benchmark_booltester015.flg_10 AND (NOT tests_benchmark_booltester015.flg_11) AND tests_benchmark_booltester015.flg_12 AND tests_benchmark_booltester015.flg_13 AND tests_benchmark_booltester015.flg_14 AND tests_benchmark_booltester015.flg_15)",
                                        "Rows Removed by Filter": 19999696,
                                        "Shared Hit Blocks": 4960,
                                        "Shared Read Blocks": 377206,
                                        "Shared Dirtied Blocks": 0,
                                        "Shared Written Blocks": 0,
                                        "Local Hit Blocks": 0,
                                        "Local Read Blocks": 0,
                                        "Local Dirtied Blocks": 0,
                                        "Local Written Blocks": 0,
                                        "Temp Read Blocks": 0,
                                        "Temp Written Blocks": 0,
                                        "WAL Records": 0,
                                        "WAL FPI": 0,
                                        "WAL Bytes": 0,
                                        "Workers": [
                                            {
                                                "Worker Number": 0,
                                                "Actual Startup Time": 8.31,
                                                "Actual Total Time": 1871.415,
                                                "Actual Rows": 317,
                                                "Actual Loops": 1,
                                                "Shared Hit Blocks": 1611,
                                                "Shared Read Blocks": 125632,
                                                "Shared Dirtied Blocks": 0,
                                                "Shared Written Blocks": 0,
                                                "Local Hit Blocks": 0,
                                                "Local Read Blocks": 0,
                                                "Local Dirtied Blocks": 0,
                                                "Local Written Blocks": 0,
                                                "Temp Read Blocks": 0,
                                                "Temp Written Blocks": 0,
                                                "WAL Records": 0,
                                                "WAL FPI": 0,
                                                "WAL Bytes": 0
                                            },
                                            {
                                                "Worker Number": 1,
                                                "Actual Startup Time": 18.959,
                                                "Actual Total Time": 1871.327,
                                                "Actual Rows": 311,
                                                "Actual Loops": 1,
                                                "Shared Hit Blocks": 1631,
                                                "Shared Read Blocks": 125664,
                                                "Shared Dirtied Blocks": 0,
                                                "Shared Written Blocks": 0,
                                                "Local Hit Blocks": 0,
                                                "Local Read Blocks": 0,
                                                "Local Dirtied Blocks": 0,
                                                "Local Written Blocks": 0,
                                                "Temp Read Blocks": 0,
                                                "Temp Written Blocks": 0,
                                                "WAL Records": 0,
                                                "WAL FPI": 0,
                                                "WAL Bytes": 0
                                            }
                                        ]
                                    }
                                ]
                            },
                            "Settings": {},
                            "Planning": {
                                "Shared Hit Blocks": 0,
                                "Shared Read Blocks": 0,
                                "Shared Dirtied Blocks": 0,
                                "Shared Written Blocks": 0,
                                "Local Hit Blocks": 0,
                                "Local Read Blocks": 0,
                                "Local Dirtied Blocks": 0,
                                "Local Written Blocks": 0,
                                "Temp Read Blocks": 0,
                                "Temp Written Blocks": 0
                            },
                            "Planning Time": 0.04,
                            "Triggers": [],
                            "Execution Time": 1874.513
                        },
                        "all_ftr_time": 2.2365737999999995,
                        "any_ftr_time": 6.534826099999999,
                        "exact_ftr_time": 1.8641944
                    },
                    "80000000": {
                        "all_time": 2.707191250096366,
                        "any_time": 11.372522433300038,
                        "exact_time": 2.4824054290991624,
                        "table_size": 5971640320.0,
                        "index_time": 3.874985850416124e-06,
                        "all_explanation": {
                            "Plan": {
                                "Node Type": "Gather",
                                "Parallel Aware": false,
                                "Async Capable": false,
                                "Startup Cost": 1000.0,
                                "Total Cost": 851615.33,
                                "Plan Rows": 77270,
                                "Plan Width": 24,
                                "Actual Startup Time": 0.146,
                                "Actual Total Time": 2217.322,
                                "Actual Rows": 78531,
                                "Actual Loops": 1,
                                "Output": [
                                    "id",
                                    "flg_0",
                                    "flg_1",
                                    "flg_2",
                                    "flg_3",
                                    "flg_4",
                                    "flg_5",
                                    "flg_6",
                                    "flg_7",
                                    "flg_8",
                                    "flg_9",
                                    "flg_10",
                                    "flg_11",
                                    "flg_12",
                                    "flg_13",
                                    "flg_14",
                                    "flg_15"
                                ],
                                "Workers Planned": 2,
                                "Workers Launched": 2,
                                "Single Copy": false,
                                "Shared Hit Blocks": 4768,
                                "Shared Read Blocks": 504787,
                                "Shared Dirtied Blocks": 0,
                                "Shared Written Blocks": 0,
                                "Local Hit Blocks": 0,
                                "Local Read Blocks": 0,
                                "Local Dirtied Blocks": 0,
                                "Local Written Blocks": 0,
                                "Temp Read Blocks": 0,
                                "Temp Written Blocks": 0,
                                "WAL Records": 0,
                                "WAL FPI": 0,
                                "WAL Bytes": 0,
                                "Plans": [
                                    {
                                        "Node Type": "Seq Scan",
                                        "Parent Relationship": "Outer",
                                        "Parallel Aware": true,
                                        "Async Capable": false,
                                        "Relation Name": "tests_benchmark_booltester015",
                                        "Schema": "public",
                                        "Alias": "tests_benchmark_booltester015",
                                        "Startup Cost": 0.0,
                                        "Total Cost": 842888.33,
                                        "Plan Rows": 32196,
                                        "Plan Width": 24,
                                        "Actual Startup Time": 0.088,
                                        "Actual Total Time": 2214.095,
                                        "Actual Rows": 26177,
                                        "Actual Loops": 3,
                                        "Output": [
                                            "id",
                                            "flg_0",
                                            "flg_1",
                                            "flg_2",
                                            "flg_3",
                                            "flg_4",
                                            "flg_5",
                                            "flg_6",
                                            "flg_7",
                                            "flg_8",
                                            "flg_9",
                                            "flg_10",
                                            "flg_11",
                                            "flg_12",
                                            "flg_13",
                                            "flg_14",
                                            "flg_15"
                                        ],
                                        "Filter": "(tests_benchmark_booltester015.flg_0 AND tests_benchmark_booltester015.flg_1 AND tests_benchmark_booltester015.flg_2 AND tests_benchmark_booltester015.flg_6 AND tests_benchmark_booltester015.flg_7 AND tests_benchmark_booltester015.flg_9 AND tests_benchmark_booltester015.flg_10 AND tests_benchmark_booltester015.flg_12 AND tests_benchmark_booltester015.flg_13 AND tests_benchmark_booltester015.flg_14)",
                                        "Rows Removed by Filter": 26640490,
                                        "Shared Hit Blocks": 4768,
                                        "Shared Read Blocks": 504787,
                                        "Shared Dirtied Blocks": 0,
                                        "Shared Written Blocks": 0,
                                        "Local Hit Blocks": 0,
                                        "Local Read Blocks": 0,
                                        "Local Dirtied Blocks": 0,
                                        "Local Written Blocks": 0,
                                        "Temp Read Blocks": 0,
                                        "Temp Written Blocks": 0,
                                        "WAL Records": 0,
                                        "WAL FPI": 0,
                                        "WAL Bytes": 0,
                                        "Workers": [
                                            {
                                                "Worker Number": 0,
                                                "Actual Startup Time": 0.097,
                                                "Actual Total Time": 2214.638,
                                                "Actual Rows": 26168,
                                                "Actual Loops": 1,
                                                "Shared Hit Blocks": 1555,
                                                "Shared Read Blocks": 168096,
                                                "Shared Dirtied Blocks": 0,
                                                "Shared Written Blocks": 0,
                                                "Local Hit Blocks": 0,
                                                "Local Read Blocks": 0,
                                                "Local Dirtied Blocks": 0,
                                                "Local Written Blocks": 0,
                                                "Temp Read Blocks": 0,
                                                "Temp Written Blocks": 0,
                                                "WAL Records": 0,
                                                "WAL FPI": 0,
                                                "WAL Bytes": 0
                                            },
                                            {
                                                "Worker Number": 1,
                                                "Actual Startup Time": 0.085,
                                                "Actual Total Time": 2214.523,
                                                "Actual Rows": 26165,
                                                "Actual Loops": 1,
                                                "Shared Hit Blocks": 1568,
                                                "Shared Read Blocks": 168256,
                                                "Shared Dirtied Blocks": 0,
                                                "Shared Written Blocks": 0,
                                                "Local Hit Blocks": 0,
                                                "Local Read Blocks": 0,
                                                "Local Dirtied Blocks": 0,
                                                "Local Written Blocks": 0,
                                                "Temp Read Blocks": 0,
                                                "Temp Written Blocks": 0,
                                                "WAL Records": 0,
                                                "WAL FPI": 0,
                                                "WAL Bytes": 0
                                            }
                                        ]
                                    }
                                ]
                            },
                            "Settings": {},
                            "Planning": {
                                "Shared Hit Blocks": 0,
                                "Shared Read Blocks": 0,
                                "Shared Dirtied Blocks": 0,
                                "Shared Written Blocks": 0,
                                "Local Hit Blocks": 0,
                                "Local Read Blocks": 0,
                                "Local Dirtied Blocks": 0,
                                "Local Written Blocks": 0,
                                "Temp Read Blocks": 0,
                                "Temp Written Blocks": 0
                            },
                            "Planning Time": 0.036,
                            "Triggers": [],
                            "Execution Time": 2219.195
                        },
                        "any_explanation": {
                            "Plan": {
                                "Node Type": "Seq Scan",
                                "Parallel Aware": false,
                                "Async Capable": false,
                                "Relation Name": "tests_benchmark_booltester015",
                                "Schema": "public",
                                "Alias": "tests_benchmark_booltester015",
                                "Startup Cost": 0.0,
                                "Total Cost": 1309555.0,
                                "Plan Rows": 79921064,
                                "Plan Width": 24,
                                "Actual Startup Time": 0.027,
                                "Actual Total Time": 6973.003,
                                "Actual Rows": 79921917,
                                "Actual Loops": 1,
                                "Output": [
                                    "id",
                                    "flg_0",
                                    "flg_1",
                                    "flg_2",
                                    "flg_3",
                                    "flg_4",
                                    "flg_5",
                                    "flg_6",
                                    "flg_7",
                                    "flg_8",
                                    "flg_9",
                                    "flg_10",
                                    "flg_11",
                                    "flg_12",
                                    "flg_13",
                                    "flg_14",
                                    "flg_15"
                                ],
                                "Filter": "(tests_benchmark_booltester015.flg_0 OR tests_benchmark_booltester015.flg_1 OR tests_benchmark_booltester015.flg_2 OR tests_benchmark_booltester015.flg_6 OR tests_benchmark_booltester015.flg_7 OR tests_benchmark_booltester015.flg_9 OR tests_benchmark_booltester015.flg_10 OR tests_benchmark_booltester015.flg_12 OR tests_benchmark_booltester015.flg_13 OR tests_benchmark_booltester015.flg_14)",
                                "Rows Removed by Filter": 78084,
                                "Shared Hit Blocks": 4960,
                                "Shared Read Blocks": 504595,
                                "Shared Dirtied Blocks": 0,
                                "Shared Written Blocks": 0,
                                "Local Hit Blocks": 0,
                                "Local Read Blocks": 0,
                                "Local Dirtied Blocks": 0,
                                "Local Written Blocks": 0,
                                "Temp Read Blocks": 0,
                                "Temp Written Blocks": 0,
                                "WAL Records": 0,
                                "WAL FPI": 0,
                                "WAL Bytes": 0
                            },
                            "Settings": {},
                            "Planning": {
                                "Shared Hit Blocks": 0,
                                "Shared Read Blocks": 0,
                                "Shared Dirtied Blocks": 0,
                                "Shared Written Blocks": 0,
                                "Local Hit Blocks": 0,
                                "Local Read Blocks": 0,
                                "Local Dirtied Blocks": 0,
                                "Local Written Blocks": 0,
                                "Temp Read Blocks": 0,
                                "Temp Written Blocks": 0
                            },
                            "Planning Time": 0.056,
                            "Triggers": [],
                            "Execution Time": 8600.033
                        },
                        "exact_explanation": {
                            "Plan": {
                                "Node Type": "Gather",
                                "Parallel Aware": false,
                                "Async Capable": false,
                                "Startup Cost": 1000.0,
                                "Total Cost": 844011.23,
                                "Plan Rows": 1229,
                                "Plan Width": 24,
                                "Actual Startup Time": 9.517,
                                "Actual Total Time": 2438.026,
                                "Actual Rows": 1230,
                                "Actual Loops": 1,
                                "Output": [
                                    "id",
                                    "flg_0",
                                    "flg_1",
                                    "flg_2",
                                    "flg_3",
                                    "flg_4",
                                    "flg_5",
                                    "flg_6",
                                    "flg_7",
                                    "flg_8",
                                    "flg_9",
                                    "flg_10",
                                    "flg_11",
                                    "flg_12",
                                    "flg_13",
                                    "flg_14",
                                    "flg_15"
                                ],
                                "Workers Planned": 2,
                                "Workers Launched": 2,
                                "Single Copy": false,
                                "Shared Hit Blocks": 5088,
                                "Shared Read Blocks": 504467,
                                "Shared Dirtied Blocks": 0,
                                "Shared Written Blocks": 0,
                                "Local Hit Blocks": 0,
                                "Local Read Blocks": 0,
                                "Local Dirtied Blocks": 0,
                                "Local Written Blocks": 0,
                                "Temp Read Blocks": 0,
                                "Temp Written Blocks": 0,
                                "WAL Records": 0,
                                "WAL FPI": 0,
                                "WAL Bytes": 0,
                                "Plans": [
                                    {
                                        "Node Type": "Seq Scan",
                                        "Parent Relationship": "Outer",
                                        "Parallel Aware": true,
                                        "Async Capable": false,
                                        "Relation Name": "tests_benchmark_booltester015",
                                        "Schema": "public",
                                        "Alias": "tests_benchmark_booltester015",
                                        "Startup Cost": 0.0,
                                        "Total Cost": 842888.33,
                                        "Plan Rows": 512,
                                        "Plan Width": 24,
                                        "Actual Startup Time": 3.918,
                                        "Actual Total Time": 2435.516,
                                        "Actual Rows": 410,
                                        "Actual Loops": 3,
                                        "Output": [
                                            "id",
                                            "flg_0",
                                            "flg_1",
                                            "flg_2",
                                            "flg_3",
                                            "flg_4",
                                            "flg_5",
                                            "flg_6",
                                            "flg_7",
                                            "flg_8",
                                            "flg_9",
                                            "flg_10",
                                            "flg_11",
                                            "flg_12",
                                            "flg_13",
                                            "flg_14",
                                            "flg_15"
                                        ],
                                        "Filter": "(tests_benchmark_booltester015.flg_0 AND tests_benchmark_booltester015.flg_1 AND tests_benchmark_booltester015.flg_2 AND (NOT tests_benchmark_booltester015.flg_3) AND (NOT tests_benchmark_booltester015.flg_4) AND (NOT tests_benchmark_booltester015.flg_5) AND tests_benchmark_booltester015.flg_6 AND tests_benchmark_booltester015.flg_7 AND (NOT tests_benchmark_booltester015.flg_8) AND tests_benchmark_booltester015.flg_9 AND tests_benchmark_booltester015.flg_10 AND (NOT tests_benchmark_booltester015.flg_11) AND tests_benchmark_booltester015.flg_12 AND tests_benchmark_booltester015.flg_13 AND tests_benchmark_booltester015.flg_14 AND (NOT tests_benchmark_booltester015.flg_15))",
                                        "Rows Removed by Filter": 26666257,
                                        "Shared Hit Blocks": 5088,
                                        "Shared Read Blocks": 504467,
                                        "Shared Dirtied Blocks": 0,
                                        "Shared Written Blocks": 0,
                                        "Local Hit Blocks": 0,
                                        "Local Read Blocks": 0,
                                        "Local Dirtied Blocks": 0,
                                        "Local Written Blocks": 0,
                                        "Temp Read Blocks": 0,
                                        "Temp Written Blocks": 0,
                                        "WAL Records": 0,
                                        "WAL FPI": 0,
                                        "WAL Bytes": 0,
                                        "Workers": [
                                            {
                                                "Worker Number": 0,
                                                "Actual Startup Time": 0.411,
                                                "Actual Total Time": 2434.853,
                                                "Actual Rows": 411,
                                                "Actual Loops": 1,
                                                "Shared Hit Blocks": 1661,
                                                "Shared Read Blocks": 168339,
                                                "Shared Dirtied Blocks": 0,
                                                "Shared Written Blocks": 0,
                                                "Local Hit Blocks": 0,
                                                "Local Read Blocks": 0,
                                                "Local Dirtied Blocks": 0,
                                                "Local Written Blocks": 0,
                                                "Temp Read Blocks": 0,
                                                "Temp Written Blocks": 0,
                                                "WAL Records": 0,
                                                "WAL FPI": 0,
                                                "WAL Bytes": 0
                                            },
                                            {
                                                "Worker Number": 1,
                                                "Actual Startup Time": 1.906,
                                                "Actual Total Time": 2434.847,
                                                "Actual Rows": 416,
                                                "Actual Loops": 1,
                                                "Shared Hit Blocks": 1675,
                                                "Shared Read Blocks": 168288,
                                                "Shared Dirtied Blocks": 0,
                                                "Shared Written Blocks": 0,
                                                "Local Hit Blocks": 0,
                                                "Local Read Blocks": 0,
                                                "Local Dirtied Blocks": 0,
                                                "Local Written Blocks": 0,
                                                "Temp Read Blocks": 0,
                                                "Temp Written Blocks": 0,
                                                "WAL Records": 0,
                                                "WAL FPI": 0,
                                                "WAL Bytes": 0
                                            }
                                        ]
                                    }
                                ]
                            },
                            "Settings": {},
                            "Planning": {
                                "Shared Hit Blocks": 0,
                                "Shared Read Blocks": 0,
                                "Shared Dirtied Blocks": 0,
                                "Shared Written Blocks": 0,
                                "Local Hit Blocks": 0,
                                "Local Read Blocks": 0,
                                "Local Dirtied Blocks": 0,
                                "Local Written Blocks": 0,
                                "Temp Read Blocks": 0,
                                "Temp Written Blocks": 0
                            },
                            "Planning Time": 0.042,
                            "Triggers": [],
                            "Execution Time": 2438.095
                        },
                        "all_ftr_time": 2.3179355000000004,
                        "any_ftr_time": 8.774068,
                        "exact_ftr_time": 2.4719556000000003
                    },
                    "100000000": {
                        "all_time": 3.3651728583994553,
                        "any_time": 13.983916420799506,
                        "exact_time": 3.1101748456989298,
                        "table_size": 7463763968.0,
                        "index_time": 4.208995960652828e-06,
                        "all_explanation": {
                            "Plan": {
                                "Node Type": "Gather",
                                "Parallel Aware": false,
                                "Async Capable": false,
                                "Startup Cost": 1000.0,
                                "Total Cost": 1064497.67,
                                "Plan Rows": 98880,
                                "Plan Width": 24,
                                "Actual Startup Time": 0.117,
                                "Actual Total Time": 3028.767,
                                "Actual Rows": 97608,
                                "Actual Loops": 1,
                                "Output": [
                                    "id",
                                    "flg_0",
                                    "flg_1",
                                    "flg_2",
                                    "flg_3",
                                    "flg_4",
                                    "flg_5",
                                    "flg_6",
                                    "flg_7",
                                    "flg_8",
                                    "flg_9",
                                    "flg_10",
                                    "flg_11",
                                    "flg_12",
                                    "flg_13",
                                    "flg_14",
                                    "flg_15"
                                ],
                                "Workers Planned": 2,
                                "Workers Launched": 2,
                                "Single Copy": false,
                                "Shared Hit Blocks": 4768,
                                "Shared Read Blocks": 632175,
                                "Shared Dirtied Blocks": 0,
                                "Shared Written Blocks": 0,
                                "Local Hit Blocks": 0,
                                "Local Read Blocks": 0,
                                "Local Dirtied Blocks": 0,
                                "Local Written Blocks": 0,
                                "Temp Read Blocks": 0,
                                "Temp Written Blocks": 0,
                                "WAL Records": 0,
                                "WAL FPI": 0,
                                "WAL Bytes": 0,
                                "Plans": [
                                    {
                                        "Node Type": "Seq Scan",
                                        "Parent Relationship": "Outer",
                                        "Parallel Aware": true,
                                        "Async Capable": false,
                                        "Relation Name": "tests_benchmark_booltester015",
                                        "Schema": "public",
                                        "Alias": "tests_benchmark_booltester015",
                                        "Startup Cost": 0.0,
                                        "Total Cost": 1053609.67,
                                        "Plan Rows": 41200,
                                        "Plan Width": 24,
                                        "Actual Startup Time": 0.122,
                                        "Actual Total Time": 3025.342,
                                        "Actual Rows": 32536,
                                        "Actual Loops": 3,
                                        "Output": [
                                            "id",
                                            "flg_0",
                                            "flg_1",
                                            "flg_2",
                                            "flg_3",
                                            "flg_4",
                                            "flg_5",
                                            "flg_6",
                                            "flg_7",
                                            "flg_8",
                                            "flg_9",
                                            "flg_10",
                                            "flg_11",
                                            "flg_12",
                                            "flg_13",
                                            "flg_14",
                                            "flg_15"
                                        ],
                                        "Filter": "(tests_benchmark_booltester015.flg_2 AND tests_benchmark_booltester015.flg_3 AND tests_benchmark_booltester015.flg_5 AND tests_benchmark_booltester015.flg_7 AND tests_benchmark_booltester015.flg_8 AND tests_benchmark_booltester015.flg_9 AND tests_benchmark_booltester015.flg_10 AND tests_benchmark_booltester015.flg_11 AND tests_benchmark_booltester015.flg_13 AND tests_benchmark_booltester015.flg_15)",
                                        "Rows Removed by Filter": 33300798,
                                        "Shared Hit Blocks": 4768,
                                        "Shared Read Blocks": 632175,
                                        "Shared Dirtied Blocks": 0,
                                        "Shared Written Blocks": 0,
                                        "Local Hit Blocks": 0,
                                        "Local Read Blocks": 0,
                                        "Local Dirtied Blocks": 0,
                                        "Local Written Blocks": 0,
                                        "Temp Read Blocks": 0,
                                        "Temp Written Blocks": 0,
                                        "WAL Records": 0,
                                        "WAL FPI": 0,
                                        "WAL Bytes": 0,
                                        "Workers": [
                                            {
                                                "Worker Number": 0,
                                                "Actual Startup Time": 0.232,
                                                "Actual Total Time": 3026.072,
                                                "Actual Rows": 32473,
                                                "Actual Loops": 1,
                                                "Shared Hit Blocks": 1538,
                                                "Shared Read Blocks": 210703,
                                                "Shared Dirtied Blocks": 0,
                                                "Shared Written Blocks": 0,
                                                "Local Hit Blocks": 0,
                                                "Local Read Blocks": 0,
                                                "Local Dirtied Blocks": 0,
                                                "Local Written Blocks": 0,
                                                "Temp Read Blocks": 0,
                                                "Temp Written Blocks": 0,
                                                "WAL Records": 0,
                                                "WAL FPI": 0,
                                                "WAL Bytes": 0
                                            },
                                            {
                                                "Worker Number": 1,
                                                "Actual Startup Time": 0.091,
                                                "Actual Total Time": 3026.128,
                                                "Actual Rows": 32693,
                                                "Actual Loops": 1,
                                                "Shared Hit Blocks": 1557,
                                                "Shared Read Blocks": 210720,
                                                "Shared Dirtied Blocks": 0,
                                                "Shared Written Blocks": 0,
                                                "Local Hit Blocks": 0,
                                                "Local Read Blocks": 0,
                                                "Local Dirtied Blocks": 0,
                                                "Local Written Blocks": 0,
                                                "Temp Read Blocks": 0,
                                                "Temp Written Blocks": 0,
                                                "WAL Records": 0,
                                                "WAL FPI": 0,
                                                "WAL Bytes": 0
                                            }
                                        ]
                                    }
                                ]
                            },
                            "Settings": {},
                            "Planning": {
                                "Shared Hit Blocks": 0,
                                "Shared Read Blocks": 0,
                                "Shared Dirtied Blocks": 0,
                                "Shared Written Blocks": 0,
                                "Local Hit Blocks": 0,
                                "Local Read Blocks": 0,
                                "Local Dirtied Blocks": 0,
                                "Local Written Blocks": 0,
                                "Temp Read Blocks": 0,
                                "Temp Written Blocks": 0
                            },
                            "Planning Time": 0.043,
                            "Triggers": [],
                            "Execution Time": 3031.068
                        },
                        "any_explanation": {
                            "Plan": {
                                "Node Type": "Seq Scan",
                                "Parallel Aware": false,
                                "Async Capable": false,
                                "Relation Name": "tests_benchmark_booltester015",
                                "Schema": "public",
                                "Alias": "tests_benchmark_booltester015",
                                "Startup Cost": 0.0,
                                "Total Cost": 1636943.0,
                                "Plan Rows": 99903567,
                                "Plan Width": 24,
                                "Actual Startup Time": 0.021,
                                "Actual Total Time": 9491.615,
                                "Actual Rows": 99902596,
                                "Actual Loops": 1,
                                "Output": [
                                    "id",
                                    "flg_0",
                                    "flg_1",
                                    "flg_2",
                                    "flg_3",
                                    "flg_4",
                                    "flg_5",
                                    "flg_6",
                                    "flg_7",
                                    "flg_8",
                                    "flg_9",
                                    "flg_10",
                                    "flg_11",
                                    "flg_12",
                                    "flg_13",
                                    "flg_14",
                                    "flg_15"
                                ],
                                "Filter": "(tests_benchmark_booltester015.flg_2 OR tests_benchmark_booltester015.flg_3 OR tests_benchmark_booltester015.flg_5 OR tests_benchmark_booltester015.flg_7 OR tests_benchmark_booltester015.flg_8 OR tests_benchmark_booltester015.flg_9 OR tests_benchmark_booltester015.flg_10 OR tests_benchmark_booltester015.flg_11 OR tests_benchmark_booltester015.flg_13 OR tests_benchmark_booltester015.flg_15)",
                                "Rows Removed by Filter": 97405,
                                "Shared Hit Blocks": 4960,
                                "Shared Read Blocks": 631983,
                                "Shared Dirtied Blocks": 0,
                                "Shared Written Blocks": 0,
                                "Local Hit Blocks": 0,
                                "Local Read Blocks": 0,
                                "Local Dirtied Blocks": 0,
                                "Local Written Blocks": 0,
                                "Temp Read Blocks": 0,
                                "Temp Written Blocks": 0,
                                "WAL Records": 0,
                                "WAL FPI": 0,
                                "WAL Bytes": 0
                            },
                            "Settings": {},
                            "Planning": {
                                "Shared Hit Blocks": 0,
                                "Shared Read Blocks": 0,
                                "Shared Dirtied Blocks": 0,
                                "Shared Written Blocks": 0,
                                "Local Hit Blocks": 0,
                                "Local Read Blocks": 0,
                                "Local Dirtied Blocks": 0,
                                "Local Written Blocks": 0,
                                "Temp Read Blocks": 0,
                                "Temp Written Blocks": 0
                            },
                            "Planning Time": 0.048,
                            "Triggers": [],
                            "Execution Time": 11531.943
                        },
                        "exact_explanation": {
                            "Plan": {
                                "Node Type": "Gather",
                                "Parallel Aware": false,
                                "Async Capable": false,
                                "Startup Cost": 1000.0,
                                "Total Cost": 1054763.27,
                                "Plan Rows": 1536,
                                "Plan Width": 24,
                                "Actual Startup Time": 2.274,
                                "Actual Total Time": 3124.205,
                                "Actual Rows": 1561,
                                "Actual Loops": 1,
                                "Output": [
                                    "id",
                                    "flg_0",
                                    "flg_1",
                                    "flg_2",
                                    "flg_3",
                                    "flg_4",
                                    "flg_5",
                                    "flg_6",
                                    "flg_7",
                                    "flg_8",
                                    "flg_9",
                                    "flg_10",
                                    "flg_11",
                                    "flg_12",
                                    "flg_13",
                                    "flg_14",
                                    "flg_15"
                                ],
                                "Workers Planned": 2,
                                "Workers Launched": 2,
                                "Single Copy": false,
                                "Shared Hit Blocks": 5088,
                                "Shared Read Blocks": 631855,
                                "Shared Dirtied Blocks": 0,
                                "Shared Written Blocks": 0,
                                "Local Hit Blocks": 0,
                                "Local Read Blocks": 0,
                                "Local Dirtied Blocks": 0,
                                "Local Written Blocks": 0,
                                "Temp Read Blocks": 0,
                                "Temp Written Blocks": 0,
                                "WAL Records": 0,
                                "WAL FPI": 0,
                                "WAL Bytes": 0,
                                "Plans": [
                                    {
                                        "Node Type": "Seq Scan",
                                        "Parent Relationship": "Outer",
                                        "Parallel Aware": true,
                                        "Async Capable": false,
                                        "Relation Name": "tests_benchmark_booltester015",
                                        "Schema": "public",
                                        "Alias": "tests_benchmark_booltester015",
                                        "Startup Cost": 0.0,
                                        "Total Cost": 1053609.67,
                                        "Plan Rows": 640,
                                        "Plan Width": 24,
                                        "Actual Startup Time": 7.048,
                                        "Actual Total Time": 3121.725,
                                        "Actual Rows": 520,
                                        "Actual Loops": 3,
                                        "Output": [
                                            "id",
                                            "flg_0",
                                            "flg_1",
                                            "flg_2",
                                            "flg_3",
                                            "flg_4",
                                            "flg_5",
                                            "flg_6",
                                            "flg_7",
                                            "flg_8",
                                            "flg_9",
                                            "flg_10",
                                            "flg_11",
                                            "flg_12",
                                            "flg_13",
                                            "flg_14",
                                            "flg_15"
                                        ],
                                        "Filter": "((NOT tests_benchmark_booltester015.flg_0) AND (NOT tests_benchmark_booltester015.flg_1) AND tests_benchmark_booltester015.flg_2 AND tests_benchmark_booltester015.flg_3 AND (NOT tests_benchmark_booltester015.flg_4) AND tests_benchmark_booltester015.flg_5 AND (NOT tests_benchmark_booltester015.flg_6) AND tests_benchmark_booltester015.flg_7 AND tests_benchmark_booltester015.flg_8 AND tests_benchmark_booltester015.flg_9 AND tests_benchmark_booltester015.flg_10 AND tests_benchmark_booltester015.flg_11 AND (NOT tests_benchmark_booltester015.flg_12) AND tests_benchmark_booltester015.flg_13 AND (NOT tests_benchmark_booltester015.flg_14) AND tests_benchmark_booltester015.flg_15)",
                                        "Rows Removed by Filter": 33332813,
                                        "Shared Hit Blocks": 5088,
                                        "Shared Read Blocks": 631855,
                                        "Shared Dirtied Blocks": 0,
                                        "Shared Written Blocks": 0,
                                        "Local Hit Blocks": 0,
                                        "Local Read Blocks": 0,
                                        "Local Dirtied Blocks": 0,
                                        "Local Written Blocks": 0,
                                        "Temp Read Blocks": 0,
                                        "Temp Written Blocks": 0,
                                        "WAL Records": 0,
                                        "WAL FPI": 0,
                                        "WAL Bytes": 0,
                                        "Workers": [
                                            {
                                                "Worker Number": 0,
                                                "Actual Startup Time": 9.531,
                                                "Actual Total Time": 3121.032,
                                                "Actual Rows": 533,
                                                "Actual Loops": 1,
                                                "Shared Hit Blocks": 1657,
                                                "Shared Read Blocks": 210528,
                                                "Shared Dirtied Blocks": 0,
                                                "Shared Written Blocks": 0,
                                                "Local Hit Blocks": 0,
                                                "Local Read Blocks": 0,
                                                "Local Dirtied Blocks": 0,
                                                "Local Written Blocks": 0,
                                                "Temp Read Blocks": 0,
                                                "Temp Written Blocks": 0,
                                                "WAL Records": 0,
                                                "WAL FPI": 0,
                                                "WAL Bytes": 0
                                            },
                                            {
                                                "Worker Number": 1,
                                                "Actual Startup Time": 9.424,
                                                "Actual Total Time": 3121.052,
                                                "Actual Rows": 511,
                                                "Actual Loops": 1,
                                                "Shared Hit Blocks": 1669,
                                                "Shared Read Blocks": 210543,
                                                "Shared Dirtied Blocks": 0,
                                                "Shared Written Blocks": 0,
                                                "Local Hit Blocks": 0,
                                                "Local Read Blocks": 0,
                                                "Local Dirtied Blocks": 0,
                                                "Local Written Blocks": 0,
                                                "Temp Read Blocks": 0,
                                                "Temp Written Blocks": 0,
                                                "WAL Records": 0,
                                                "WAL FPI": 0,
                                                "WAL Bytes": 0
                                            }
                                        ]
                                    }
                                ]
                            },
                            "Settings": {},
                            "Planning": {
                                "Shared Hit Blocks": 0,
                                "Shared Read Blocks": 0,
                                "Shared Dirtied Blocks": 0,
                                "Shared Written Blocks": 0,
                                "Local Hit Blocks": 0,
                                "Local Read Blocks": 0,
                                "Local Dirtied Blocks": 0,
                                "Local Written Blocks": 0,
                                "Temp Read Blocks": 0,
                                "Temp Written Blocks": 0
                            },
                            "Planning Time": 0.064,
                            "Triggers": [],
                            "Execution Time": 3124.311
                        },
                        "all_ftr_time": 2.7768686000000002,
                        "any_ftr_time": 10.774499800000001,
                        "exact_ftr_time": 3.1011302
                    }
                }
            },
            "[BOOL] Col Index": {
                "16": {
                    "10": {
                        "all_time": 0.0011820665982668287,
                        "any_time": 0.0016092873993329704,
                        "exact_time": 0.001158920997113455,
                        "table_size": 286720.0,
                        "index_time": 0.010688041991670616,
                        "all_explanation": {
                            "Plan": {
                                "Node Type": "Seq Scan",
                                "Parallel Aware": false,
                                "Async Capable": false,
                                "Relation Name": "tests_benchmark_booltester015",
                                "Schema": "public",
                                "Alias": "tests_benchmark_booltester015",
                                "Startup Cost": 0.0,
                                "Total Cost": 1.11,
                                "Plan Rows": 1,
                                "Plan Width": 24,
                                "Actual Startup Time": 0.003,
                                "Actual Total Time": 0.003,
                                "Actual Rows": 0,
                                "Actual Loops": 1,
                                "Output": [
                                    "id",
                                    "flg_0",
                                    "flg_1",
                                    "flg_2",
                                    "flg_3",
                                    "flg_4",
                                    "flg_5",
                                    "flg_6",
                                    "flg_7",
                                    "flg_8",
                                    "flg_9",
                                    "flg_10",
                                    "flg_11",
                                    "flg_12",
                                    "flg_13",
                                    "flg_14",
                                    "flg_15"
                                ],
                                "Filter": "(tests_benchmark_booltester015.flg_4 AND tests_benchmark_booltester015.flg_5 AND tests_benchmark_booltester015.flg_6 AND tests_benchmark_booltester015.flg_7 AND tests_benchmark_booltester015.flg_8 AND tests_benchmark_booltester015.flg_9 AND tests_benchmark_booltester015.flg_10 AND tests_benchmark_booltester015.flg_12 AND tests_benchmark_booltester015.flg_14)",
                                "Rows Removed by Filter": 11,
                                "Shared Hit Blocks": 1,
                                "Shared Read Blocks": 0,
                                "Shared Dirtied Blocks": 0,
                                "Shared Written Blocks": 0,
                                "Local Hit Blocks": 0,
                                "Local Read Blocks": 0,
                                "Local Dirtied Blocks": 0,
                                "Local Written Blocks": 0,
                                "Temp Read Blocks": 0,
                                "Temp Written Blocks": 0,
                                "WAL Records": 0,
                                "WAL FPI": 0,
                                "WAL Bytes": 0
                            },
                            "Settings": {},
                            "Planning": {
                                "Shared Hit Blocks": 0,
                                "Shared Read Blocks": 0,
                                "Shared Dirtied Blocks": 0,
                                "Shared Written Blocks": 0,
                                "Local Hit Blocks": 0,
                                "Local Read Blocks": 0,
                                "Local Dirtied Blocks": 0,
                                "Local Written Blocks": 0,
                                "Temp Read Blocks": 0,
                                "Temp Written Blocks": 0
                            },
                            "Planning Time": 0.037,
                            "Triggers": [],
                            "Execution Time": 0.005
                        },
                        "any_explanation": {
                            "Plan": {
                                "Node Type": "Seq Scan",
                                "Parallel Aware": false,
                                "Async Capable": false,
                                "Relation Name": "tests_benchmark_booltester015",
                                "Schema": "public",
                                "Alias": "tests_benchmark_booltester015",
                                "Startup Cost": 0.0,
                                "Total Cost": 1.11,
                                "Plan Rows": 11,
                                "Plan Width": 24,
                                "Actual Startup Time": 0.002,
                                "Actual Total Time": 0.003,
                                "Actual Rows": 11,
                                "Actual Loops": 1,
                                "Output": [
                                    "id",
                                    "flg_0",
                                    "flg_1",
                                    "flg_2",
                                    "flg_3",
                                    "flg_4",
                                    "flg_5",
                                    "flg_6",
                                    "flg_7",
                                    "flg_8",
                                    "flg_9",
                                    "flg_10",
                                    "flg_11",
                                    "flg_12",
                                    "flg_13",
                                    "flg_14",
                                    "flg_15"
                                ],
                                "Filter": "(tests_benchmark_booltester015.flg_4 OR tests_benchmark_booltester015.flg_5 OR tests_benchmark_booltester015.flg_6 OR tests_benchmark_booltester015.flg_7 OR tests_benchmark_booltester015.flg_8 OR tests_benchmark_booltester015.flg_9 OR tests_benchmark_booltester015.flg_10 OR tests_benchmark_booltester015.flg_12 OR tests_benchmark_booltester015.flg_14)",
                                "Rows Removed by Filter": 0,
                                "Shared Hit Blocks": 1,
                                "Shared Read Blocks": 0,
                                "Shared Dirtied Blocks": 0,
                                "Shared Written Blocks": 0,
                                "Local Hit Blocks": 0,
                                "Local Read Blocks": 0,
                                "Local Dirtied Blocks": 0,
                                "Local Written Blocks": 0,
                                "Temp Read Blocks": 0,
                                "Temp Written Blocks": 0,
                                "WAL Records": 0,
                                "WAL FPI": 0,
                                "WAL Bytes": 0
                            },
                            "Settings": {},
                            "Planning": {
                                "Shared Hit Blocks": 0,
                                "Shared Read Blocks": 0,
                                "Shared Dirtied Blocks": 0,
                                "Shared Written Blocks": 0,
                                "Local Hit Blocks": 0,
                                "Local Read Blocks": 0,
                                "Local Dirtied Blocks": 0,
                                "Local Written Blocks": 0,
                                "Temp Read Blocks": 0,
                                "Temp Written Blocks": 0
                            },
                            "Planning Time": 0.032,
                            "Triggers": [],
                            "Execution Time": 0.006
                        },
                        "exact_explanation": {
                            "Plan": {
                                "Node Type": "Seq Scan",
                                "Parallel Aware": false,
                                "Async Capable": false,
                                "Relation Name": "tests_benchmark_booltester015",
                                "Schema": "public",
                                "Alias": "tests_benchmark_booltester015",
                                "Startup Cost": 0.0,
                                "Total Cost": 1.11,
                                "Plan Rows": 1,
                                "Plan Width": 24,
                                "Actual Startup Time": 0.004,
                                "Actual Total Time": 0.004,
                                "Actual Rows": 0,
                                "Actual Loops": 1,
                                "Output": [
                                    "id",
                                    "flg_0",
                                    "flg_1",
                                    "flg_2",
                                    "flg_3",
                                    "flg_4",
                                    "flg_5",
                                    "flg_6",
                                    "flg_7",
                                    "flg_8",
                                    "flg_9",
                                    "flg_10",
                                    "flg_11",
                                    "flg_12",
                                    "flg_13",
                                    "flg_14",
                                    "flg_15"
                                ],
                                "Filter": "((NOT tests_benchmark_booltester015.flg_0) AND (NOT tests_benchmark_booltester015.flg_1) AND (NOT tests_benchmark_booltester015.flg_2) AND (NOT tests_benchmark_booltester015.flg_3) AND tests_benchmark_booltester015.flg_4 AND tests_benchmark_booltester015.flg_5 AND tests_benchmark_booltester015.flg_6 AND tests_benchmark_booltester015.flg_7 AND tests_benchmark_booltester015.flg_8 AND tests_benchmark_booltester015.flg_9 AND tests_benchmark_booltester015.flg_10 AND (NOT tests_benchmark_booltester015.flg_11) AND tests_benchmark_booltester015.flg_12 AND (NOT tests_benchmark_booltester015.flg_13) AND tests_benchmark_booltester015.flg_14 AND (NOT tests_benchmark_booltester015.flg_15))",
                                "Rows Removed by Filter": 11,
                                "Shared Hit Blocks": 1,
                                "Shared Read Blocks": 0,
                                "Shared Dirtied Blocks": 0,
                                "Shared Written Blocks": 0,
                                "Local Hit Blocks": 0,
                                "Local Read Blocks": 0,
                                "Local Dirtied Blocks": 0,
                                "Local Written Blocks": 0,
                                "Temp Read Blocks": 0,
                                "Temp Written Blocks": 0,
                                "WAL Records": 0,
                                "WAL FPI": 0,
                                "WAL Bytes": 0
                            },
                            "Settings": {},
                            "Planning": {
                                "Shared Hit Blocks": 0,
                                "Shared Read Blocks": 0,
                                "Shared Dirtied Blocks": 0,
                                "Shared Written Blocks": 0,
                                "Local Hit Blocks": 0,
                                "Local Read Blocks": 0,
                                "Local Dirtied Blocks": 0,
                                "Local Written Blocks": 0,
                                "Temp Read Blocks": 0,
                                "Temp Written Blocks": 0
                            },
                            "Planning Time": 0.063,
                            "Triggers": [],
                            "Execution Time": 0.007
                        },
                        "all_ftr_time": 5.0999999999999995e-06,
                        "any_ftr_time": 5.5e-06,
                        "exact_ftr_time": 6.6e-06
                    },
                    "100": {
                        "all_time": 0.0011052500005462207,
                        "any_time": 0.0019226374992285856,
                        "exact_time": 0.00117009180248715,
                        "table_size": 286720.0,
                        "index_time": 0.011570792004931718,
                        "all_explanation": {
                            "Plan": {
                                "Node Type": "Seq Scan",
                                "Parallel Aware": false,
                                "Async Capable": false,
                                "Relation Name": "tests_benchmark_booltester015",
                                "Schema": "public",
                                "Alias": "tests_benchmark_booltester015",
                                "Startup Cost": 0.0,
                                "Total Cost": 2.01,
                                "Plan Rows": 1,
                                "Plan Width": 24,
                                "Actual Startup Time": 0.004,
                                "Actual Total Time": 0.011,
                                "Actual Rows": 1,
                                "Actual Loops": 1,
                                "Output": [
                                    "id",
                                    "flg_0",
                                    "flg_1",
                                    "flg_2",
                                    "flg_3",
                                    "flg_4",
                                    "flg_5",
                                    "flg_6",
                                    "flg_7",
                                    "flg_8",
                                    "flg_9",
                                    "flg_10",
                                    "flg_11",
                                    "flg_12",
                                    "flg_13",
                                    "flg_14",
                                    "flg_15"
                                ],
                                "Filter": "(tests_benchmark_booltester015.flg_2 AND tests_benchmark_booltester015.flg_5 AND tests_benchmark_booltester015.flg_6 AND tests_benchmark_booltester015.flg_11 AND tests_benchmark_booltester015.flg_12 AND tests_benchmark_booltester015.flg_13 AND tests_benchmark_booltester015.flg_15)",
                                "Rows Removed by Filter": 100,
                                "Shared Hit Blocks": 1,
                                "Shared Read Blocks": 0,
                                "Shared Dirtied Blocks": 0,
                                "Shared Written Blocks": 0,
                                "Local Hit Blocks": 0,
                                "Local Read Blocks": 0,
                                "Local Dirtied Blocks": 0,
                                "Local Written Blocks": 0,
                                "Temp Read Blocks": 0,
                                "Temp Written Blocks": 0,
                                "WAL Records": 0,
                                "WAL FPI": 0,
                                "WAL Bytes": 0
                            },
                            "Settings": {},
                            "Planning": {
                                "Shared Hit Blocks": 0,
                                "Shared Read Blocks": 0,
                                "Shared Dirtied Blocks": 0,
                                "Shared Written Blocks": 0,
                                "Local Hit Blocks": 0,
                                "Local Read Blocks": 0,
                                "Local Dirtied Blocks": 0,
                                "Local Written Blocks": 0,
                                "Temp Read Blocks": 0,
                                "Temp Written Blocks": 0
                            },
                            "Planning Time": 0.032,
                            "Triggers": [],
                            "Execution Time": 0.013
                        },
                        "any_explanation": {
                            "Plan": {
                                "Node Type": "Seq Scan",
                                "Parallel Aware": false,
                                "Async Capable": false,
                                "Relation Name": "tests_benchmark_booltester015",
                                "Schema": "public",
                                "Alias": "tests_benchmark_booltester015",
                                "Startup Cost": 0.0,
                                "Total Cost": 2.01,
                                "Plan Rows": 100,
                                "Plan Width": 24,
                                "Actual Startup Time": 0.003,
                                "Actual Total Time": 0.014,
                                "Actual Rows": 100,
                                "Actual Loops": 1,
                                "Output": [
                                    "id",
                                    "flg_0",
                                    "flg_1",
                                    "flg_2",
                                    "flg_3",
                                    "flg_4",
                                    "flg_5",
                                    "flg_6",
                                    "flg_7",
                                    "flg_8",
                                    "flg_9",
                                    "flg_10",
                                    "flg_11",
                                    "flg_12",
                                    "flg_13",
                                    "flg_14",
                                    "flg_15"
                                ],
                                "Filter": "(tests_benchmark_booltester015.flg_2 OR tests_benchmark_booltester015.flg_5 OR tests_benchmark_booltester015.flg_6 OR tests_benchmark_booltester015.flg_11 OR tests_benchmark_booltester015.flg_12 OR tests_benchmark_booltester015.flg_13 OR tests_benchmark_booltester015.flg_15)",
                                "Rows Removed by Filter": 1,
                                "Shared Hit Blocks": 1,
                                "Shared Read Blocks": 0,
                                "Shared Dirtied Blocks": 0,
                                "Shared Written Blocks": 0,
                                "Local Hit Blocks": 0,
                                "Local Read Blocks": 0,
                                "Local Dirtied Blocks": 0,
                                "Local Written Blocks": 0,
                                "Temp Read Blocks": 0,
                                "Temp Written Blocks": 0,
                                "WAL Records": 0,
                                "WAL FPI": 0,
                                "WAL Bytes": 0
                            },
                            "Settings": {},
                            "Planning": {
                                "Shared Hit Blocks": 0,
                                "Shared Read Blocks": 0,
                                "Shared Dirtied Blocks": 0,
                                "Shared Written Blocks": 0,
                                "Local Hit Blocks": 0,
                                "Local Read Blocks": 0,
                                "Local Dirtied Blocks": 0,
                                "Local Written Blocks": 0,
                                "Temp Read Blocks": 0,
                                "Temp Written Blocks": 0
                            },
                            "Planning Time": 0.031,
                            "Triggers": [],
                            "Execution Time": 0.018
                        },
                        "exact_explanation": {
                            "Plan": {
                                "Node Type": "Seq Scan",
                                "Parallel Aware": false,
                                "Async Capable": false,
                                "Relation Name": "tests_benchmark_booltester015",
                                "Schema": "public",
                                "Alias": "tests_benchmark_booltester015",
                                "Startup Cost": 0.0,
                                "Total Cost": 2.01,
                                "Plan Rows": 1,
                                "Plan Width": 24,
                                "Actual Startup Time": 0.011,
                                "Actual Total Time": 0.011,
                                "Actual Rows": 0,
                                "Actual Loops": 1,
                                "Output": [
                                    "id",
                                    "flg_0",
                                    "flg_1",
                                    "flg_2",
                                    "flg_3",
                                    "flg_4",
                                    "flg_5",
                                    "flg_6",
                                    "flg_7",
                                    "flg_8",
                                    "flg_9",
                                    "flg_10",
                                    "flg_11",
                                    "flg_12",
                                    "flg_13",
                                    "flg_14",
                                    "flg_15"
                                ],
                                "Filter": "((NOT tests_benchmark_booltester015.flg_0) AND (NOT tests_benchmark_booltester015.flg_1) AND tests_benchmark_booltester015.flg_2 AND (NOT tests_benchmark_booltester015.flg_3) AND (NOT tests_benchmark_booltester015.flg_4) AND tests_benchmark_booltester015.flg_5 AND tests_benchmark_booltester015.flg_6 AND (NOT tests_benchmark_booltester015.flg_7) AND (NOT tests_benchmark_booltester015.flg_8) AND (NOT tests_benchmark_booltester015.flg_9) AND (NOT tests_benchmark_booltester015.flg_10) AND tests_benchmark_booltester015.flg_11 AND tests_benchmark_booltester015.flg_12 AND tests_benchmark_booltester015.flg_13 AND (NOT tests_benchmark_booltester015.flg_14) AND tests_benchmark_booltester015.flg_15)",
                                "Rows Removed by Filter": 101,
                                "Shared Hit Blocks": 1,
                                "Shared Read Blocks": 0,
                                "Shared Dirtied Blocks": 0,
                                "Shared Written Blocks": 0,
                                "Local Hit Blocks": 0,
                                "Local Read Blocks": 0,
                                "Local Dirtied Blocks": 0,
                                "Local Written Blocks": 0,
                                "Temp Read Blocks": 0,
                                "Temp Written Blocks": 0,
                                "WAL Records": 0,
                                "WAL FPI": 0,
                                "WAL Bytes": 0
                            },
                            "Settings": {},
                            "Planning": {
                                "Shared Hit Blocks": 0,
                                "Shared Read Blocks": 0,
                                "Shared Dirtied Blocks": 0,
                                "Shared Written Blocks": 0,
                                "Local Hit Blocks": 0,
                                "Local Read Blocks": 0,
                                "Local Dirtied Blocks": 0,
                                "Local Written Blocks": 0,
                                "Temp Read Blocks": 0,
                                "Temp Written Blocks": 0
                            },
                            "Planning Time": 0.054,
                            "Triggers": [],
                            "Execution Time": 0.014
                        },
                        "all_ftr_time": 1.1999999999999999e-05,
                        "any_ftr_time": 1.57e-05,
                        "exact_ftr_time": 1.36e-05
                    },
                    "1000": {
                        "all_time": 0.0010787250983412377,
                        "any_time": 0.0020115836028708144,
                        "exact_time": 0.0013127627011272126,
                        "table_size": 360448.0,
                        "index_time": 0.016921666989219375,
                        "all_explanation": {
                            "Plan": {
                                "Node Type": "Seq Scan",
                                "Parallel Aware": false,
                                "Async Capable": false,
                                "Relation Name": "tests_benchmark_booltester015",
                                "Schema": "public",
                                "Alias": "tests_benchmark_booltester015",
                                "Startup Cost": 0.0,
                                "Total Cost": 17.01,
                                "Plan Rows": 1,
                                "Plan Width": 24,
                                "Actual Startup Time": 0.02,
                                "Actual Total Time": 0.083,
                                "Actual Rows": 1,
                                "Actual Loops": 1,
                                "Output": [
                                    "id",
                                    "flg_0",
                                    "flg_1",
                                    "flg_2",
                                    "flg_3",
                                    "flg_4",
                                    "flg_5",
                                    "flg_6",
                                    "flg_7",
                                    "flg_8",
                                    "flg_9",
                                    "flg_10",
                                    "flg_11",
                                    "flg_12",
                                    "flg_13",
                                    "flg_14",
                                    "flg_15"
                                ],
                                "Filter": "(tests_benchmark_booltester015.flg_0 AND tests_benchmark_booltester015.flg_1 AND tests_benchmark_booltester015.flg_2 AND tests_benchmark_booltester015.flg_4 AND tests_benchmark_booltester015.flg_6 AND tests_benchmark_booltester015.flg_7 AND tests_benchmark_booltester015.flg_8 AND tests_benchmark_booltester015.flg_11 AND tests_benchmark_booltester015.flg_13 AND tests_benchmark_booltester015.flg_14)",
                                "Rows Removed by Filter": 1000,
                                "Shared Hit Blocks": 7,
                                "Shared Read Blocks": 0,
                                "Shared Dirtied Blocks": 0,
                                "Shared Written Blocks": 0,
                                "Local Hit Blocks": 0,
                                "Local Read Blocks": 0,
                                "Local Dirtied Blocks": 0,
                                "Local Written Blocks": 0,
                                "Temp Read Blocks": 0,
                                "Temp Written Blocks": 0,
                                "WAL Records": 0,
                                "WAL FPI": 0,
                                "WAL Bytes": 0
                            },
                            "Settings": {},
                            "Planning": {
                                "Shared Hit Blocks": 0,
                                "Shared Read Blocks": 0,
                                "Shared Dirtied Blocks": 0,
                                "Shared Written Blocks": 0,
                                "Local Hit Blocks": 0,
                                "Local Read Blocks": 0,
                                "Local Dirtied Blocks": 0,
                                "Local Written Blocks": 0,
                                "Temp Read Blocks": 0,
                                "Temp Written Blocks": 0
                            },
                            "Planning Time": 0.039,
                            "Triggers": [],
                            "Execution Time": 0.085
                        },
                        "any_explanation": {
                            "Plan": {
                                "Node Type": "Seq Scan",
                                "Parallel Aware": false,
                                "Async Capable": false,
                                "Relation Name": "tests_benchmark_booltester015",
                                "Schema": "public",
                                "Alias": "tests_benchmark_booltester015",
                                "Startup Cost": 0.0,
                                "Total Cost": 17.01,
                                "Plan Rows": 1000,
                                "Plan Width": 24,
                                "Actual Startup Time": 0.003,
                                "Actual Total Time": 0.096,
                                "Actual Rows": 998,
                                "Actual Loops": 1,
                                "Output": [
                                    "id",
                                    "flg_0",
                                    "flg_1",
                                    "flg_2",
                                    "flg_3",
                                    "flg_4",
                                    "flg_5",
                                    "flg_6",
                                    "flg_7",
                                    "flg_8",
                                    "flg_9",
                                    "flg_10",
                                    "flg_11",
                                    "flg_12",
                                    "flg_13",
                                    "flg_14",
                                    "flg_15"
                                ],
                                "Filter": "(tests_benchmark_booltester015.flg_0 OR tests_benchmark_booltester015.flg_1 OR tests_benchmark_booltester015.flg_2 OR tests_benchmark_booltester015.flg_4 OR tests_benchmark_booltester015.flg_6 OR tests_benchmark_booltester015.flg_7 OR tests_benchmark_booltester015.flg_8 OR tests_benchmark_booltester015.flg_11 OR tests_benchmark_booltester015.flg_13 OR tests_benchmark_booltester015.flg_14)",
                                "Rows Removed by Filter": 3,
                                "Shared Hit Blocks": 7,
                                "Shared Read Blocks": 0,
                                "Shared Dirtied Blocks": 0,
                                "Shared Written Blocks": 0,
                                "Local Hit Blocks": 0,
                                "Local Read Blocks": 0,
                                "Local Dirtied Blocks": 0,
                                "Local Written Blocks": 0,
                                "Temp Read Blocks": 0,
                                "Temp Written Blocks": 0,
                                "WAL Records": 0,
                                "WAL FPI": 0,
                                "WAL Bytes": 0
                            },
                            "Settings": {},
                            "Planning": {
                                "Shared Hit Blocks": 0,
                                "Shared Read Blocks": 0,
                                "Shared Dirtied Blocks": 0,
                                "Shared Written Blocks": 0,
                                "Local Hit Blocks": 0,
                                "Local Read Blocks": 0,
                                "Local Dirtied Blocks": 0,
                                "Local Written Blocks": 0,
                                "Temp Read Blocks": 0,
                                "Temp Written Blocks": 0
                            },
                            "Planning Time": 0.032,
                            "Triggers": [],
                            "Execution Time": 0.123
                        },
                        "exact_explanation": {
                            "Plan": {
                                "Node Type": "Seq Scan",
                                "Parallel Aware": false,
                                "Async Capable": false,
                                "Relation Name": "tests_benchmark_booltester015",
                                "Schema": "public",
                                "Alias": "tests_benchmark_booltester015",
                                "Startup Cost": 0.0,
                                "Total Cost": 17.01,
                                "Plan Rows": 1,
                                "Plan Width": 24,
                                "Actual Startup Time": 0.102,
                                "Actual Total Time": 0.102,
                                "Actual Rows": 0,
                                "Actual Loops": 1,
                                "Output": [
                                    "id",
                                    "flg_0",
                                    "flg_1",
                                    "flg_2",
                                    "flg_3",
                                    "flg_4",
                                    "flg_5",
                                    "flg_6",
                                    "flg_7",
                                    "flg_8",
                                    "flg_9",
                                    "flg_10",
                                    "flg_11",
                                    "flg_12",
                                    "flg_13",
                                    "flg_14",
                                    "flg_15"
                                ],
                                "Filter": "(tests_benchmark_booltester015.flg_0 AND tests_benchmark_booltester015.flg_1 AND tests_benchmark_booltester015.flg_2 AND (NOT tests_benchmark_booltester015.flg_3) AND tests_benchmark_booltester015.flg_4 AND (NOT tests_benchmark_booltester015.flg_5) AND tests_benchmark_booltester015.flg_6 AND tests_benchmark_booltester015.flg_7 AND tests_benchmark_booltester015.flg_8 AND (NOT tests_benchmark_booltester015.flg_9) AND (NOT tests_benchmark_booltester015.flg_10) AND tests_benchmark_booltester015.flg_11 AND (NOT tests_benchmark_booltester015.flg_12) AND tests_benchmark_booltester015.flg_13 AND tests_benchmark_booltester015.flg_14 AND (NOT tests_benchmark_booltester015.flg_15))",
                                "Rows Removed by Filter": 1001,
                                "Shared Hit Blocks": 7,
                                "Shared Read Blocks": 0,
                                "Shared Dirtied Blocks": 0,
                                "Shared Written Blocks": 0,
                                "Local Hit Blocks": 0,
                                "Local Read Blocks": 0,
                                "Local Dirtied Blocks": 0,
                                "Local Written Blocks": 0,
                                "Temp Read Blocks": 0,
                                "Temp Written Blocks": 0,
                                "WAL Records": 0,
                                "WAL FPI": 0,
                                "WAL Bytes": 0
                            },
                            "Settings": {},
                            "Planning": {
                                "Shared Hit Blocks": 0,
                                "Shared Read Blocks": 0,
                                "Shared Dirtied Blocks": 0,
                                "Shared Written Blocks": 0,
                                "Local Hit Blocks": 0,
                                "Local Read Blocks": 0,
                                "Local Dirtied Blocks": 0,
                                "Local Written Blocks": 0,
                                "Temp Read Blocks": 0,
                                "Temp Written Blocks": 0
                            },
                            "Planning Time": 0.06,
                            "Triggers": [],
                            "Execution Time": 0.105
                        },
                        "all_ftr_time": 8.079999999999999e-05,
                        "any_ftr_time": 0.00011710000000000001,
                        "exact_ftr_time": 9.249999999999999e-05
                    },
                    "10000": {
                        "all_time": 0.0022732291006832385,
                        "any_time": 0.005743054300546646,
                        "exact_time": 0.0035284247001982293,
                        "table_size": 2211840.0,
                        "index_time": 0.0622675420017913,
                        "all_explanation": {
                            "Plan": {
                                "Node Type": "Seq Scan",
                                "Parallel Aware": false,
                                "Async Capable": false,
                                "Relation Name": "tests_benchmark_booltester015",
                                "Schema": "public",
                                "Alias": "tests_benchmark_booltester015",
                                "Startup Cost": 0.0,
                                "Total Cost": 164.01,
                                "Plan Rows": 78,
                                "Plan Width": 24,
                                "Actual Startup Time": 0.012,
                                "Actual Total Time": 1.098,
                                "Actual Rows": 77,
                                "Actual Loops": 1,
                                "Output": [
                                    "id",
                                    "flg_0",
                                    "flg_1",
                                    "flg_2",
                                    "flg_3",
                                    "flg_4",
                                    "flg_5",
                                    "flg_6",
                                    "flg_7",
                                    "flg_8",
                                    "flg_9",
                                    "flg_10",
                                    "flg_11",
                                    "flg_12",
                                    "flg_13",
                                    "flg_14",
                                    "flg_15"
                                ],
                                "Filter": "(tests_benchmark_booltester015.flg_1 AND tests_benchmark_booltester015.flg_2 AND tests_benchmark_booltester015.flg_6 AND tests_benchmark_booltester015.flg_8 AND tests_benchmark_booltester015.flg_11 AND tests_benchmark_booltester015.flg_13 AND tests_benchmark_booltester015.flg_14)",
                                "Rows Removed by Filter": 9924,
                                "Shared Hit Blocks": 64,
                                "Shared Read Blocks": 0,
                                "Shared Dirtied Blocks": 0,
                                "Shared Written Blocks": 0,
                                "Local Hit Blocks": 0,
                                "Local Read Blocks": 0,
                                "Local Dirtied Blocks": 0,
                                "Local Written Blocks": 0,
                                "Temp Read Blocks": 0,
                                "Temp Written Blocks": 0,
                                "WAL Records": 0,
                                "WAL FPI": 0,
                                "WAL Bytes": 0
                            },
                            "Settings": {},
                            "Planning": {
                                "Shared Hit Blocks": 0,
                                "Shared Read Blocks": 0,
                                "Shared Dirtied Blocks": 0,
                                "Shared Written Blocks": 0,
                                "Local Hit Blocks": 0,
                                "Local Read Blocks": 0,
                                "Local Dirtied Blocks": 0,
                                "Local Written Blocks": 0,
                                "Temp Read Blocks": 0,
                                "Temp Written Blocks": 0
                            },
                            "Planning Time": 0.044,
                            "Triggers": [],
                            "Execution Time": 1.104
                        },
                        "any_explanation": {
                            "Plan": {
                                "Node Type": "Seq Scan",
                                "Parallel Aware": false,
                                "Async Capable": false,
                                "Relation Name": "tests_benchmark_booltester015",
                                "Schema": "public",
                                "Alias": "tests_benchmark_booltester015",
                                "Startup Cost": 0.0,
                                "Total Cost": 164.01,
                                "Plan Rows": 9923,
                                "Plan Width": 24,
                                "Actual Startup Time": 0.004,
                                "Actual Total Time": 1.267,
                                "Actual Rows": 9919,
                                "Actual Loops": 1,
                                "Output": [
                                    "id",
                                    "flg_0",
                                    "flg_1",
                                    "flg_2",
                                    "flg_3",
                                    "flg_4",
                                    "flg_5",
                                    "flg_6",
                                    "flg_7",
                                    "flg_8",
                                    "flg_9",
                                    "flg_10",
                                    "flg_11",
                                    "flg_12",
                                    "flg_13",
                                    "flg_14",
                                    "flg_15"
                                ],
                                "Filter": "(tests_benchmark_booltester015.flg_1 OR tests_benchmark_booltester015.flg_2 OR tests_benchmark_booltester015.flg_6 OR tests_benchmark_booltester015.flg_8 OR tests_benchmark_booltester015.flg_11 OR tests_benchmark_booltester015.flg_13 OR tests_benchmark_booltester015.flg_14)",
                                "Rows Removed by Filter": 82,
                                "Shared Hit Blocks": 64,
                                "Shared Read Blocks": 0,
                                "Shared Dirtied Blocks": 0,
                                "Shared Written Blocks": 0,
                                "Local Hit Blocks": 0,
                                "Local Read Blocks": 0,
                                "Local Dirtied Blocks": 0,
                                "Local Written Blocks": 0,
                                "Temp Read Blocks": 0,
                                "Temp Written Blocks": 0,
                                "WAL Records": 0,
                                "WAL FPI": 0,
                                "WAL Bytes": 0
                            },
                            "Settings": {},
                            "Planning": {
                                "Shared Hit Blocks": 0,
                                "Shared Read Blocks": 0,
                                "Shared Dirtied Blocks": 0,
                                "Shared Written Blocks": 0,
                                "Local Hit Blocks": 0,
                                "Local Read Blocks": 0,
                                "Local Dirtied Blocks": 0,
                                "Local Written Blocks": 0,
                                "Temp Read Blocks": 0,
                                "Temp Written Blocks": 0
                            },
                            "Planning Time": 0.04,
                            "Triggers": [],
                            "Execution Time": 1.602
                        },
                        "exact_explanation": {
                            "Plan": {
                                "Node Type": "Seq Scan",
                                "Parallel Aware": false,
                                "Async Capable": false,
                                "Relation Name": "tests_benchmark_booltester015",
                                "Schema": "public",
                                "Alias": "tests_benchmark_booltester015",
                                "Startup Cost": 0.0,
                                "Total Cost": 164.01,
                                "Plan Rows": 1,
                                "Plan Width": 24,
                                "Actual Startup Time": 0.178,
                                "Actual Total Time": 1.414,
                                "Actual Rows": 1,
                                "Actual Loops": 1,
                                "Output": [
                                    "id",
                                    "flg_0",
                                    "flg_1",
                                    "flg_2",
                                    "flg_3",
                                    "flg_4",
                                    "flg_5",
                                    "flg_6",
                                    "flg_7",
                                    "flg_8",
                                    "flg_9",
                                    "flg_10",
                                    "flg_11",
                                    "flg_12",
                                    "flg_13",
                                    "flg_14",
                                    "flg_15"
                                ],
                                "Filter": "((NOT tests_benchmark_booltester015.flg_0) AND tests_benchmark_booltester015.flg_1 AND tests_benchmark_booltester015.flg_2 AND (NOT tests_benchmark_booltester015.flg_3) AND (NOT tests_benchmark_booltester015.flg_4) AND (NOT tests_benchmark_booltester015.flg_5) AND tests_benchmark_booltester015.flg_6 AND (NOT tests_benchmark_booltester015.flg_7) AND tests_benchmark_booltester015.flg_8 AND (NOT tests_benchmark_booltester015.flg_9) AND (NOT tests_benchmark_booltester015.flg_10) AND tests_benchmark_booltester015.flg_11 AND (NOT tests_benchmark_booltester015.flg_12) AND tests_benchmark_booltester015.flg_13 AND tests_benchmark_booltester015.flg_14 AND (NOT tests_benchmark_booltester015.flg_15))",
                                "Rows Removed by Filter": 10000,
                                "Shared Hit Blocks": 64,
                                "Shared Read Blocks": 0,
                                "Shared Dirtied Blocks": 0,
                                "Shared Written Blocks": 0,
                                "Local Hit Blocks": 0,
                                "Local Read Blocks": 0,
                                "Local Dirtied Blocks": 0,
                                "Local Written Blocks": 0,
                                "Temp Read Blocks": 0,
                                "Temp Written Blocks": 0,
                                "WAL Records": 0,
                                "WAL FPI": 0,
                                "WAL Bytes": 0
                            },
                            "Settings": {},
                            "Planning": {
                                "Shared Hit Blocks": 0,
                                "Shared Read Blocks": 0,
                                "Shared Dirtied Blocks": 0,
                                "Shared Written Blocks": 0,
                                "Local Hit Blocks": 0,
                                "Local Read Blocks": 0,
                                "Local Dirtied Blocks": 0,
                                "Local Written Blocks": 0,
                                "Temp Read Blocks": 0,
                                "Temp Written Blocks": 0
                            },
                            "Planning Time": 0.083,
                            "Triggers": [],
                            "Execution Time": 1.418
                        },
                        "all_ftr_time": 0.000876,
                        "any_ftr_time": 0.0012963,
                        "exact_ftr_time": 0.0010226999999999999
                    },
                    "100000": {
                        "all_time": 0.009576092098723166,
                        "any_time": 0.023201079199498053,
                        "exact_time": 0.011211062400252558,
                        "table_size": 18874368.0,
                        "index_time": 0.4380233750125626,
                        "all_explanation": {
                            "Plan": {
                                "Node Type": "Seq Scan",
                                "Parallel Aware": false,
                                "Async Capable": false,
                                "Relation Name": "tests_benchmark_booltester015",
                                "Schema": "public",
                                "Alias": "tests_benchmark_booltester015",
                                "Startup Cost": 0.0,
                                "Total Cost": 1637.01,
                                "Plan Rows": 781,
                                "Plan Width": 24,
                                "Actual Startup Time": 0.017,
                                "Actual Total Time": 6.75,
                                "Actual Rows": 794,
                                "Actual Loops": 1,
                                "Output": [
                                    "id",
                                    "flg_0",
                                    "flg_1",
                                    "flg_2",
                                    "flg_3",
                                    "flg_4",
                                    "flg_5",
                                    "flg_6",
                                    "flg_7",
                                    "flg_8",
                                    "flg_9",
                                    "flg_10",
                                    "flg_11",
                                    "flg_12",
                                    "flg_13",
                                    "flg_14",
                                    "flg_15"
                                ],
                                "Filter": "(tests_benchmark_booltester015.flg_0 AND tests_benchmark_booltester015.flg_4 AND tests_benchmark_booltester015.flg_5 AND tests_benchmark_booltester015.flg_6 AND tests_benchmark_booltester015.flg_11 AND tests_benchmark_booltester015.flg_13 AND tests_benchmark_booltester015.flg_14)",
                                "Rows Removed by Filter": 99207,
                                "Shared Hit Blocks": 637,
                                "Shared Read Blocks": 0,
                                "Shared Dirtied Blocks": 0,
                                "Shared Written Blocks": 0,
                                "Local Hit Blocks": 0,
                                "Local Read Blocks": 0,
                                "Local Dirtied Blocks": 0,
                                "Local Written Blocks": 0,
                                "Temp Read Blocks": 0,
                                "Temp Written Blocks": 0,
                                "WAL Records": 0,
                                "WAL FPI": 0,
                                "WAL Bytes": 0
                            },
                            "Settings": {},
                            "Planning": {
                                "Shared Hit Blocks": 0,
                                "Shared Read Blocks": 0,
                                "Shared Dirtied Blocks": 0,
                                "Shared Written Blocks": 0,
                                "Local Hit Blocks": 0,
                                "Local Read Blocks": 0,
                                "Local Dirtied Blocks": 0,
                                "Local Written Blocks": 0,
                                "Temp Read Blocks": 0,
                                "Temp Written Blocks": 0
                            },
                            "Planning Time": 0.029,
                            "Triggers": [],
                            "Execution Time": 6.77
                        },
                        "any_explanation": {
                            "Plan": {
                                "Node Type": "Seq Scan",
                                "Parallel Aware": false,
                                "Async Capable": false,
                                "Relation Name": "tests_benchmark_booltester015",
                                "Schema": "public",
                                "Alias": "tests_benchmark_booltester015",
                                "Startup Cost": 0.0,
                                "Total Cost": 1637.01,
                                "Plan Rows": 99220,
                                "Plan Width": 24,
                                "Actual Startup Time": 0.002,
                                "Actual Total Time": 7.756,
                                "Actual Rows": 99294,
                                "Actual Loops": 1,
                                "Output": [
                                    "id",
                                    "flg_0",
                                    "flg_1",
                                    "flg_2",
                                    "flg_3",
                                    "flg_4",
                                    "flg_5",
                                    "flg_6",
                                    "flg_7",
                                    "flg_8",
                                    "flg_9",
                                    "flg_10",
                                    "flg_11",
                                    "flg_12",
                                    "flg_13",
                                    "flg_14",
                                    "flg_15"
                                ],
                                "Filter": "(tests_benchmark_booltester015.flg_0 OR tests_benchmark_booltester015.flg_4 OR tests_benchmark_booltester015.flg_5 OR tests_benchmark_booltester015.flg_6 OR tests_benchmark_booltester015.flg_11 OR tests_benchmark_booltester015.flg_13 OR tests_benchmark_booltester015.flg_14)",
                                "Rows Removed by Filter": 707,
                                "Shared Hit Blocks": 637,
                                "Shared Read Blocks": 0,
                                "Shared Dirtied Blocks": 0,
                                "Shared Written Blocks": 0,
                                "Local Hit Blocks": 0,
                                "Local Read Blocks": 0,
                                "Local Dirtied Blocks": 0,
                                "Local Written Blocks": 0,
                                "Temp Read Blocks": 0,
                                "Temp Written Blocks": 0,
                                "WAL Records": 0,
                                "WAL FPI": 0,
                                "WAL Bytes": 0
                            },
                            "Settings": {},
                            "Planning": {
                                "Shared Hit Blocks": 0,
                                "Shared Read Blocks": 0,
                                "Shared Dirtied Blocks": 0,
                                "Shared Written Blocks": 0,
                                "Local Hit Blocks": 0,
                                "Local Read Blocks": 0,
                                "Local Dirtied Blocks": 0,
                                "Local Written Blocks": 0,
                                "Temp Read Blocks": 0,
                                "Temp Written Blocks": 0
                            },
                            "Planning Time": 0.025,
                            "Triggers": [],
                            "Execution Time": 9.788
                        },
                        "exact_explanation": {
                            "Plan": {
                                "Node Type": "Seq Scan",
                                "Parallel Aware": false,
                                "Async Capable": false,
                                "Relation Name": "tests_benchmark_booltester015",
                                "Schema": "public",
                                "Alias": "tests_benchmark_booltester015",
                                "Startup Cost": 0.0,
                                "Total Cost": 1637.01,
                                "Plan Rows": 2,
                                "Plan Width": 24,
                                "Actual Startup Time": 5.238,
                                "Actual Total Time": 7.557,
                                "Actual Rows": 1,
                                "Actual Loops": 1,
                                "Output": [
                                    "id",
                                    "flg_0",
                                    "flg_1",
                                    "flg_2",
                                    "flg_3",
                                    "flg_4",
                                    "flg_5",
                                    "flg_6",
                                    "flg_7",
                                    "flg_8",
                                    "flg_9",
                                    "flg_10",
                                    "flg_11",
                                    "flg_12",
                                    "flg_13",
                                    "flg_14",
                                    "flg_15"
                                ],
                                "Filter": "(tests_benchmark_booltester015.flg_0 AND (NOT tests_benchmark_booltester015.flg_1) AND (NOT tests_benchmark_booltester015.flg_2) AND (NOT tests_benchmark_booltester015.flg_3) AND tests_benchmark_booltester015.flg_4 AND tests_benchmark_booltester015.flg_5 AND tests_benchmark_booltester015.flg_6 AND (NOT tests_benchmark_booltester015.flg_7) AND (NOT tests_benchmark_booltester015.flg_8) AND (NOT tests_benchmark_booltester015.flg_9) AND (NOT tests_benchmark_booltester015.flg_10) AND tests_benchmark_booltester015.flg_11 AND (NOT tests_benchmark_booltester015.flg_12) AND tests_benchmark_booltester015.flg_13 AND tests_benchmark_booltester015.flg_14 AND (NOT tests_benchmark_booltester015.flg_15))",
                                "Rows Removed by Filter": 100000,
                                "Shared Hit Blocks": 637,
                                "Shared Read Blocks": 0,
                                "Shared Dirtied Blocks": 0,
                                "Shared Written Blocks": 0,
                                "Local Hit Blocks": 0,
                                "Local Read Blocks": 0,
                                "Local Dirtied Blocks": 0,
                                "Local Written Blocks": 0,
                                "Temp Read Blocks": 0,
                                "Temp Written Blocks": 0,
                                "WAL Records": 0,
                                "WAL FPI": 0,
                                "WAL Bytes": 0
                            },
                            "Settings": {},
                            "Planning": {
                                "Shared Hit Blocks": 0,
                                "Shared Read Blocks": 0,
                                "Shared Dirtied Blocks": 0,
                                "Shared Written Blocks": 0,
                                "Local Hit Blocks": 0,
                                "Local Read Blocks": 0,
                                "Local Dirtied Blocks": 0,
                                "Local Written Blocks": 0,
                                "Temp Read Blocks": 0,
                                "Temp Written Blocks": 0
                            },
                            "Planning Time": 0.048,
                            "Triggers": [],
                            "Execution Time": 7.56
                        },
                        "all_ftr_time": 0.007076100000000001,
                        "any_ftr_time": 0.0101699,
                        "exact_ftr_time": 0.007564
                    },
                    "1000000": {
                        "all_time": 0.03376826250023442,
                        "any_time": 0.14971864160033874,
                        "exact_time": 0.037159966601757334,
                        "table_size": 185597952.0,
                        "index_time": 3.44388862499909,
                        "all_explanation": {
                            "Plan": {
                                "Node Type": "Gather",
                                "Parallel Aware": false,
                                "Async Capable": false,
                                "Startup Cost": 1000.0,
                                "Total Cost": 12317.97,
                                "Plan Rows": 7813,
                                "Plan Width": 24,
                                "Actual Startup Time": 0.082,
                                "Actual Total Time": 27.552,
                                "Actual Rows": 7803,
                                "Actual Loops": 1,
                                "Output": [
                                    "id",
                                    "flg_0",
                                    "flg_1",
                                    "flg_2",
                                    "flg_3",
                                    "flg_4",
                                    "flg_5",
                                    "flg_6",
                                    "flg_7",
                                    "flg_8",
                                    "flg_9",
                                    "flg_10",
                                    "flg_11",
                                    "flg_12",
                                    "flg_13",
                                    "flg_14",
                                    "flg_15"
                                ],
                                "Workers Planned": 2,
                                "Workers Launched": 2,
                                "Single Copy": false,
                                "Shared Hit Blocks": 5792,
                                "Shared Read Blocks": 578,
                                "Shared Dirtied Blocks": 0,
                                "Shared Written Blocks": 0,
                                "Local Hit Blocks": 0,
                                "Local Read Blocks": 0,
                                "Local Dirtied Blocks": 0,
                                "Local Written Blocks": 0,
                                "Temp Read Blocks": 0,
                                "Temp Written Blocks": 0,
                                "WAL Records": 0,
                                "WAL FPI": 0,
                                "WAL Bytes": 0,
                                "Plans": [
                                    {
                                        "Node Type": "Seq Scan",
                                        "Parent Relationship": "Outer",
                                        "Parallel Aware": true,
                                        "Async Capable": false,
                                        "Relation Name": "tests_benchmark_booltester015",
                                        "Schema": "public",
                                        "Alias": "tests_benchmark_booltester015",
                                        "Startup Cost": 0.0,
                                        "Total Cost": 10536.67,
                                        "Plan Rows": 3255,
                                        "Plan Width": 24,
                                        "Actual Startup Time": 0.037,
                                        "Actual Total Time": 25.299,
                                        "Actual Rows": 2601,
                                        "Actual Loops": 3,
                                        "Output": [
                                            "id",
                                            "flg_0",
                                            "flg_1",
                                            "flg_2",
                                            "flg_3",
                                            "flg_4",
                                            "flg_5",
                                            "flg_6",
                                            "flg_7",
                                            "flg_8",
                                            "flg_9",
                                            "flg_10",
                                            "flg_11",
                                            "flg_12",
                                            "flg_13",
                                            "flg_14",
                                            "flg_15"
                                        ],
                                        "Filter": "(tests_benchmark_booltester015.flg_0 AND tests_benchmark_booltester015.flg_2 AND tests_benchmark_booltester015.flg_4 AND tests_benchmark_booltester015.flg_5 AND tests_benchmark_booltester015.flg_6 AND tests_benchmark_booltester015.flg_11 AND tests_benchmark_booltester015.flg_13)",
                                        "Rows Removed by Filter": 330733,
                                        "Shared Hit Blocks": 5792,
                                        "Shared Read Blocks": 578,
                                        "Shared Dirtied Blocks": 0,
                                        "Shared Written Blocks": 0,
                                        "Local Hit Blocks": 0,
                                        "Local Read Blocks": 0,
                                        "Local Dirtied Blocks": 0,
                                        "Local Written Blocks": 0,
                                        "Temp Read Blocks": 0,
                                        "Temp Written Blocks": 0,
                                        "WAL Records": 0,
                                        "WAL FPI": 0,
                                        "WAL Bytes": 0,
                                        "Workers": [
                                            {
                                                "Worker Number": 0,
                                                "Actual Startup Time": 0.06,
                                                "Actual Total Time": 24.761,
                                                "Actual Rows": 2484,
                                                "Actual Loops": 1,
                                                "Shared Hit Blocks": 1896,
                                                "Shared Read Blocks": 140,
                                                "Shared Dirtied Blocks": 0,
                                                "Shared Written Blocks": 0,
                                                "Local Hit Blocks": 0,
                                                "Local Read Blocks": 0,
                                                "Local Dirtied Blocks": 0,
                                                "Local Written Blocks": 0,
                                                "Temp Read Blocks": 0,
                                                "Temp Written Blocks": 0,
                                                "WAL Records": 0,
                                                "WAL FPI": 0,
                                                "WAL Bytes": 0
                                            },
                                            {
                                                "Worker Number": 1,
                                                "Actual Startup Time": 0.03,
                                                "Actual Total Time": 24.814,
                                                "Actual Rows": 2526,
                                                "Actual Loops": 1,
                                                "Shared Hit Blocks": 1894,
                                                "Shared Read Blocks": 142,
                                                "Shared Dirtied Blocks": 0,
                                                "Shared Written Blocks": 0,
                                                "Local Hit Blocks": 0,
                                                "Local Read Blocks": 0,
                                                "Local Dirtied Blocks": 0,
                                                "Local Written Blocks": 0,
                                                "Temp Read Blocks": 0,
                                                "Temp Written Blocks": 0,
                                                "WAL Records": 0,
                                                "WAL FPI": 0,
                                                "WAL Bytes": 0
                                            }
                                        ]
                                    }
                                ]
                            },
                            "Settings": {},
                            "Planning": {
                                "Shared Hit Blocks": 0,
                                "Shared Read Blocks": 0,
                                "Shared Dirtied Blocks": 0,
                                "Shared Written Blocks": 0,
                                "Local Hit Blocks": 0,
                                "Local Read Blocks": 0,
                                "Local Dirtied Blocks": 0,
                                "Local Written Blocks": 0,
                                "Temp Read Blocks": 0,
                                "Temp Written Blocks": 0
                            },
                            "Planning Time": 0.076,
                            "Triggers": [],
                            "Execution Time": 27.728
                        },
                        "any_explanation": {
                            "Plan": {
                                "Node Type": "Seq Scan",
                                "Parallel Aware": false,
                                "Async Capable": false,
                                "Relation Name": "tests_benchmark_booltester015",
                                "Schema": "public",
                                "Alias": "tests_benchmark_booltester015",
                                "Startup Cost": 0.0,
                                "Total Cost": 16370.01,
                                "Plan Rows": 992188,
                                "Plan Width": 24,
                                "Actual Startup Time": 0.01,
                                "Actual Total Time": 79.735,
                                "Actual Rows": 992183,
                                "Actual Loops": 1,
                                "Output": [
                                    "id",
                                    "flg_0",
                                    "flg_1",
                                    "flg_2",
                                    "flg_3",
                                    "flg_4",
                                    "flg_5",
                                    "flg_6",
                                    "flg_7",
                                    "flg_8",
                                    "flg_9",
                                    "flg_10",
                                    "flg_11",
                                    "flg_12",
                                    "flg_13",
                                    "flg_14",
                                    "flg_15"
                                ],
                                "Filter": "(tests_benchmark_booltester015.flg_0 OR tests_benchmark_booltester015.flg_2 OR tests_benchmark_booltester015.flg_4 OR tests_benchmark_booltester015.flg_5 OR tests_benchmark_booltester015.flg_6 OR tests_benchmark_booltester015.flg_11 OR tests_benchmark_booltester015.flg_13)",
                                "Rows Removed by Filter": 7818,
                                "Shared Hit Blocks": 5984,
                                "Shared Read Blocks": 386,
                                "Shared Dirtied Blocks": 0,
                                "Shared Written Blocks": 0,
                                "Local Hit Blocks": 0,
                                "Local Read Blocks": 0,
                                "Local Dirtied Blocks": 0,
                                "Local Written Blocks": 0,
                                "Temp Read Blocks": 0,
                                "Temp Written Blocks": 0,
                                "WAL Records": 0,
                                "WAL FPI": 0,
                                "WAL Bytes": 0
                            },
                            "Settings": {},
                            "Planning": {
                                "Shared Hit Blocks": 0,
                                "Shared Read Blocks": 0,
                                "Shared Dirtied Blocks": 0,
                                "Shared Written Blocks": 0,
                                "Local Hit Blocks": 0,
                                "Local Read Blocks": 0,
                                "Local Dirtied Blocks": 0,
                                "Local Written Blocks": 0,
                                "Temp Read Blocks": 0,
                                "Temp Written Blocks": 0
                            },
                            "Planning Time": 0.078,
                            "Triggers": [],
                            "Execution Time": 99.921
                        },
                        "exact_explanation": {
                            "Plan": {
                                "Node Type": "Gather",
                                "Parallel Aware": false,
                                "Async Capable": false,
                                "Startup Cost": 1000.0,
                                "Total Cost": 11538.17,
                                "Plan Rows": 15,
                                "Plan Width": 24,
                                "Actual Startup Time": 0.503,
                                "Actual Total Time": 31.315,
                                "Actual Rows": 13,
                                "Actual Loops": 1,
                                "Output": [
                                    "id",
                                    "flg_0",
                                    "flg_1",
                                    "flg_2",
                                    "flg_3",
                                    "flg_4",
                                    "flg_5",
                                    "flg_6",
                                    "flg_7",
                                    "flg_8",
                                    "flg_9",
                                    "flg_10",
                                    "flg_11",
                                    "flg_12",
                                    "flg_13",
                                    "flg_14",
                                    "flg_15"
                                ],
                                "Workers Planned": 2,
                                "Workers Launched": 2,
                                "Single Copy": false,
                                "Shared Hit Blocks": 6112,
                                "Shared Read Blocks": 258,
                                "Shared Dirtied Blocks": 0,
                                "Shared Written Blocks": 0,
                                "Local Hit Blocks": 0,
                                "Local Read Blocks": 0,
                                "Local Dirtied Blocks": 0,
                                "Local Written Blocks": 0,
                                "Temp Read Blocks": 0,
                                "Temp Written Blocks": 0,
                                "WAL Records": 0,
                                "WAL FPI": 0,
                                "WAL Bytes": 0,
                                "Plans": [
                                    {
                                        "Node Type": "Seq Scan",
                                        "Parent Relationship": "Outer",
                                        "Parallel Aware": true,
                                        "Async Capable": false,
                                        "Relation Name": "tests_benchmark_booltester015",
                                        "Schema": "public",
                                        "Alias": "tests_benchmark_booltester015",
                                        "Startup Cost": 0.0,
                                        "Total Cost": 10536.67,
                                        "Plan Rows": 6,
                                        "Plan Width": 24,
                                        "Actual Startup Time": 3.857,
                                        "Actual Total Time": 29.034,
                                        "Actual Rows": 4,
                                        "Actual Loops": 3,
                                        "Output": [
                                            "id",
                                            "flg_0",
                                            "flg_1",
                                            "flg_2",
                                            "flg_3",
                                            "flg_4",
                                            "flg_5",
                                            "flg_6",
                                            "flg_7",
                                            "flg_8",
                                            "flg_9",
                                            "flg_10",
                                            "flg_11",
                                            "flg_12",
                                            "flg_13",
                                            "flg_14",
                                            "flg_15"
                                        ],
                                        "Filter": "(tests_benchmark_booltester015.flg_0 AND (NOT tests_benchmark_booltester015.flg_1) AND tests_benchmark_booltester015.flg_2 AND (NOT tests_benchmark_booltester015.flg_3) AND tests_benchmark_booltester015.flg_4 AND tests_benchmark_booltester015.flg_5 AND tests_benchmark_booltester015.flg_6 AND (NOT tests_benchmark_booltester015.flg_7) AND (NOT tests_benchmark_booltester015.flg_8) AND (NOT tests_benchmark_booltester015.flg_9) AND (NOT tests_benchmark_booltester015.flg_10) AND tests_benchmark_booltester015.flg_11 AND (NOT tests_benchmark_booltester015.flg_12) AND tests_benchmark_booltester015.flg_13 AND (NOT tests_benchmark_booltester015.flg_14) AND (NOT tests_benchmark_booltester015.flg_15))",
                                        "Rows Removed by Filter": 333329,
                                        "Shared Hit Blocks": 6112,
                                        "Shared Read Blocks": 258,
                                        "Shared Dirtied Blocks": 0,
                                        "Shared Written Blocks": 0,
                                        "Local Hit Blocks": 0,
                                        "Local Read Blocks": 0,
                                        "Local Dirtied Blocks": 0,
                                        "Local Written Blocks": 0,
                                        "Temp Read Blocks": 0,
                                        "Temp Written Blocks": 0,
                                        "WAL Records": 0,
                                        "WAL FPI": 0,
                                        "WAL Bytes": 0,
                                        "Workers": [
                                            {
                                                "Worker Number": 0,
                                                "Actual Startup Time": 7.841,
                                                "Actual Total Time": 28.346,
                                                "Actual Rows": 3,
                                                "Actual Loops": 1,
                                                "Shared Hit Blocks": 2000,
                                                "Shared Read Blocks": 36,
                                                "Shared Dirtied Blocks": 0,
                                                "Shared Written Blocks": 0,
                                                "Local Hit Blocks": 0,
                                                "Local Read Blocks": 0,
                                                "Local Dirtied Blocks": 0,
                                                "Local Written Blocks": 0,
                                                "Temp Read Blocks": 0,
                                                "Temp Written Blocks": 0,
                                                "WAL Records": 0,
                                                "WAL FPI": 0,
                                                "WAL Bytes": 0
                                            },
                                            {
                                                "Worker Number": 1,
                                                "Actual Startup Time": 3.291,
                                                "Actual Total Time": 28.396,
                                                "Actual Rows": 5,
                                                "Actual Loops": 1,
                                                "Shared Hit Blocks": 1994,
                                                "Shared Read Blocks": 40,
                                                "Shared Dirtied Blocks": 0,
                                                "Shared Written Blocks": 0,
                                                "Local Hit Blocks": 0,
                                                "Local Read Blocks": 0,
                                                "Local Dirtied Blocks": 0,
                                                "Local Written Blocks": 0,
                                                "Temp Read Blocks": 0,
                                                "Temp Written Blocks": 0,
                                                "WAL Records": 0,
                                                "WAL FPI": 0,
                                                "WAL Bytes": 0
                                            }
                                        ]
                                    }
                                ]
                            },
                            "Settings": {},
                            "Planning": {
                                "Shared Hit Blocks": 0,
                                "Shared Read Blocks": 0,
                                "Shared Dirtied Blocks": 0,
                                "Shared Written Blocks": 0,
                                "Local Hit Blocks": 0,
                                "Local Read Blocks": 0,
                                "Local Dirtied Blocks": 0,
                                "Local Written Blocks": 0,
                                "Temp Read Blocks": 0,
                                "Temp Written Blocks": 0
                            },
                            "Planning Time": 0.091,
                            "Triggers": [],
                            "Execution Time": 31.323
                        },
                        "all_ftr_time": 0.0300567,
                        "any_ftr_time": 0.1082853,
                        "exact_ftr_time": 0.032009
                    },
                    "2000000": {
                        "all_time": 0.06447497509943786,
                        "any_time": 0.30005697090382455,
                        "exact_time": 0.06996109580068151,
                        "table_size": 371195904.0,
                        "index_time": 7.605619291993207,
                        "all_explanation": {
                            "Plan": {
                                "Node Type": "Gather",
                                "Parallel Aware": false,
                                "Async Capable": false,
                                "Startup Cost": 1000.0,
                                "Total Cost": 28322.34,
                                "Plan Rows": 62500,
                                "Plan Width": 24,
                                "Actual Startup Time": 0.079,
                                "Actual Total Time": 56.468,
                                "Actual Rows": 62546,
                                "Actual Loops": 1,
                                "Output": [
                                    "id",
                                    "flg_0",
                                    "flg_1",
                                    "flg_2",
                                    "flg_3",
                                    "flg_4",
                                    "flg_5",
                                    "flg_6",
                                    "flg_7",
                                    "flg_8",
                                    "flg_9",
                                    "flg_10",
                                    "flg_11",
                                    "flg_12",
                                    "flg_13",
                                    "flg_14",
                                    "flg_15"
                                ],
                                "Workers Planned": 2,
                                "Workers Launched": 2,
                                "Single Copy": false,
                                "Shared Hit Blocks": 5792,
                                "Shared Read Blocks": 6947,
                                "Shared Dirtied Blocks": 0,
                                "Shared Written Blocks": 0,
                                "Local Hit Blocks": 0,
                                "Local Read Blocks": 0,
                                "Local Dirtied Blocks": 0,
                                "Local Written Blocks": 0,
                                "Temp Read Blocks": 0,
                                "Temp Written Blocks": 0,
                                "WAL Records": 0,
                                "WAL FPI": 0,
                                "WAL Bytes": 0,
                                "Plans": [
                                    {
                                        "Node Type": "Seq Scan",
                                        "Parent Relationship": "Outer",
                                        "Parallel Aware": true,
                                        "Async Capable": false,
                                        "Relation Name": "tests_benchmark_booltester015",
                                        "Schema": "public",
                                        "Alias": "tests_benchmark_booltester015",
                                        "Startup Cost": 0.0,
                                        "Total Cost": 21072.34,
                                        "Plan Rows": 26042,
                                        "Plan Width": 24,
                                        "Actual Startup Time": 0.018,
                                        "Actual Total Time": 53.735,
                                        "Actual Rows": 20849,
                                        "Actual Loops": 3,
                                        "Output": [
                                            "id",
                                            "flg_0",
                                            "flg_1",
                                            "flg_2",
                                            "flg_3",
                                            "flg_4",
                                            "flg_5",
                                            "flg_6",
                                            "flg_7",
                                            "flg_8",
                                            "flg_9",
                                            "flg_10",
                                            "flg_11",
                                            "flg_12",
                                            "flg_13",
                                            "flg_14",
                                            "flg_15"
                                        ],
                                        "Filter": "(tests_benchmark_booltester015.flg_2 AND tests_benchmark_booltester015.flg_9 AND tests_benchmark_booltester015.flg_10 AND tests_benchmark_booltester015.flg_13 AND tests_benchmark_booltester015.flg_14)",
                                        "Rows Removed by Filter": 645818,
                                        "Shared Hit Blocks": 5792,
                                        "Shared Read Blocks": 6947,
                                        "Shared Dirtied Blocks": 0,
                                        "Shared Written Blocks": 0,
                                        "Local Hit Blocks": 0,
                                        "Local Read Blocks": 0,
                                        "Local Dirtied Blocks": 0,
                                        "Local Written Blocks": 0,
                                        "Temp Read Blocks": 0,
                                        "Temp Written Blocks": 0,
                                        "WAL Records": 0,
                                        "WAL FPI": 0,
                                        "WAL Bytes": 0,
                                        "Workers": [
                                            {
                                                "Worker Number": 0,
                                                "Actual Startup Time": 0.021,
                                                "Actual Total Time": 53.958,
                                                "Actual Rows": 20764,
                                                "Actual Loops": 1,
                                                "Shared Hit Blocks": 1916,
                                                "Shared Read Blocks": 2296,
                                                "Shared Dirtied Blocks": 0,
                                                "Shared Written Blocks": 0,
                                                "Local Hit Blocks": 0,
                                                "Local Read Blocks": 0,
                                                "Local Dirtied Blocks": 0,
                                                "Local Written Blocks": 0,
                                                "Temp Read Blocks": 0,
                                                "Temp Written Blocks": 0,
                                                "WAL Records": 0,
                                                "WAL FPI": 0,
                                                "WAL Bytes": 0
                                            },
                                            {
                                                "Worker Number": 1,
                                                "Actual Startup Time": 0.023,
                                                "Actual Total Time": 53.993,
                                                "Actual Rows": 20626,
                                                "Actual Loops": 1,
                                                "Shared Hit Blocks": 1920,
                                                "Shared Read Blocks": 2299,
                                                "Shared Dirtied Blocks": 0,
                                                "Shared Written Blocks": 0,
                                                "Local Hit Blocks": 0,
                                                "Local Read Blocks": 0,
                                                "Local Dirtied Blocks": 0,
                                                "Local Written Blocks": 0,
                                                "Temp Read Blocks": 0,
                                                "Temp Written Blocks": 0,
                                                "WAL Records": 0,
                                                "WAL FPI": 0,
                                                "WAL Bytes": 0
                                            }
                                        ]
                                    }
                                ]
                            },
                            "Settings": {},
                            "Planning": {
                                "Shared Hit Blocks": 0,
                                "Shared Read Blocks": 0,
                                "Shared Dirtied Blocks": 0,
                                "Shared Written Blocks": 0,
                                "Local Hit Blocks": 0,
                                "Local Read Blocks": 0,
                                "Local Dirtied Blocks": 0,
                                "Local Written Blocks": 0,
                                "Temp Read Blocks": 0,
                                "Temp Written Blocks": 0
                            },
                            "Planning Time": 0.093,
                            "Triggers": [],
                            "Execution Time": 57.854
                        },
                        "any_explanation": {
                            "Plan": {
                                "Node Type": "Seq Scan",
                                "Parallel Aware": false,
                                "Async Capable": false,
                                "Relation Name": "tests_benchmark_booltester015",
                                "Schema": "public",
                                "Alias": "tests_benchmark_booltester015",
                                "Startup Cost": 0.0,
                                "Total Cost": 32739.01,
                                "Plan Rows": 1937501,
                                "Plan Width": 24,
                                "Actual Startup Time": 0.028,
                                "Actual Total Time": 169.046,
                                "Actual Rows": 1937051,
                                "Actual Loops": 1,
                                "Output": [
                                    "id",
                                    "flg_0",
                                    "flg_1",
                                    "flg_2",
                                    "flg_3",
                                    "flg_4",
                                    "flg_5",
                                    "flg_6",
                                    "flg_7",
                                    "flg_8",
                                    "flg_9",
                                    "flg_10",
                                    "flg_11",
                                    "flg_12",
                                    "flg_13",
                                    "flg_14",
                                    "flg_15"
                                ],
                                "Filter": "(tests_benchmark_booltester015.flg_2 OR tests_benchmark_booltester015.flg_9 OR tests_benchmark_booltester015.flg_10 OR tests_benchmark_booltester015.flg_13 OR tests_benchmark_booltester015.flg_14)",
                                "Rows Removed by Filter": 62950,
                                "Shared Hit Blocks": 5984,
                                "Shared Read Blocks": 6755,
                                "Shared Dirtied Blocks": 0,
                                "Shared Written Blocks": 0,
                                "Local Hit Blocks": 0,
                                "Local Read Blocks": 0,
                                "Local Dirtied Blocks": 0,
                                "Local Written Blocks": 0,
                                "Temp Read Blocks": 0,
                                "Temp Written Blocks": 0,
                                "WAL Records": 0,
                                "WAL FPI": 0,
                                "WAL Bytes": 0
                            },
                            "Settings": {},
                            "Planning": {
                                "Shared Hit Blocks": 0,
                                "Shared Read Blocks": 0,
                                "Shared Dirtied Blocks": 0,
                                "Shared Written Blocks": 0,
                                "Local Hit Blocks": 0,
                                "Local Read Blocks": 0,
                                "Local Dirtied Blocks": 0,
                                "Local Written Blocks": 0,
                                "Temp Read Blocks": 0,
                                "Temp Written Blocks": 0
                            },
                            "Planning Time": 0.091,
                            "Triggers": [],
                            "Execution Time": 208.491
                        },
                        "exact_explanation": {
                            "Plan": {
                                "Node Type": "Gather",
                                "Parallel Aware": false,
                                "Async Capable": false,
                                "Startup Cost": 1000.0,
                                "Total Cost": 22075.44,
                                "Plan Rows": 31,
                                "Plan Width": 24,
                                "Actual Startup Time": 1.698,
                                "Actual Total Time": 63.027,
                                "Actual Rows": 37,
                                "Actual Loops": 1,
                                "Output": [
                                    "id",
                                    "flg_0",
                                    "flg_1",
                                    "flg_2",
                                    "flg_3",
                                    "flg_4",
                                    "flg_5",
                                    "flg_6",
                                    "flg_7",
                                    "flg_8",
                                    "flg_9",
                                    "flg_10",
                                    "flg_11",
                                    "flg_12",
                                    "flg_13",
                                    "flg_14",
                                    "flg_15"
                                ],
                                "Workers Planned": 2,
                                "Workers Launched": 2,
                                "Single Copy": false,
                                "Shared Hit Blocks": 6112,
                                "Shared Read Blocks": 6627,
                                "Shared Dirtied Blocks": 0,
                                "Shared Written Blocks": 0,
                                "Local Hit Blocks": 0,
                                "Local Read Blocks": 0,
                                "Local Dirtied Blocks": 0,
                                "Local Written Blocks": 0,
                                "Temp Read Blocks": 0,
                                "Temp Written Blocks": 0,
                                "WAL Records": 0,
                                "WAL FPI": 0,
                                "WAL Bytes": 0,
                                "Plans": [
                                    {
                                        "Node Type": "Seq Scan",
                                        "Parent Relationship": "Outer",
                                        "Parallel Aware": true,
                                        "Async Capable": false,
                                        "Relation Name": "tests_benchmark_booltester015",
                                        "Schema": "public",
                                        "Alias": "tests_benchmark_booltester015",
                                        "Startup Cost": 0.0,
                                        "Total Cost": 21072.34,
                                        "Plan Rows": 13,
                                        "Plan Width": 24,
                                        "Actual Startup Time": 1.628,
                                        "Actual Total Time": 60.684,
                                        "Actual Rows": 12,
                                        "Actual Loops": 3,
                                        "Output": [
                                            "id",
                                            "flg_0",
                                            "flg_1",
                                            "flg_2",
                                            "flg_3",
                                            "flg_4",
                                            "flg_5",
                                            "flg_6",
                                            "flg_7",
                                            "flg_8",
                                            "flg_9",
                                            "flg_10",
                                            "flg_11",
                                            "flg_12",
                                            "flg_13",
                                            "flg_14",
                                            "flg_15"
                                        ],
                                        "Filter": "((NOT tests_benchmark_booltester015.flg_0) AND (NOT tests_benchmark_booltester015.flg_1) AND tests_benchmark_booltester015.flg_2 AND (NOT tests_benchmark_booltester015.flg_3) AND (NOT tests_benchmark_booltester015.flg_4) AND (NOT tests_benchmark_booltester015.flg_5) AND (NOT tests_benchmark_booltester015.flg_6) AND (NOT tests_benchmark_booltester015.flg_7) AND (NOT tests_benchmark_booltester015.flg_8) AND tests_benchmark_booltester015.flg_9 AND tests_benchmark_booltester015.flg_10 AND (NOT tests_benchmark_booltester015.flg_11) AND (NOT tests_benchmark_booltester015.flg_12) AND tests_benchmark_booltester015.flg_13 AND tests_benchmark_booltester015.flg_14 AND (NOT tests_benchmark_booltester015.flg_15))",
                                        "Rows Removed by Filter": 666655,
                                        "Shared Hit Blocks": 6112,
                                        "Shared Read Blocks": 6627,
                                        "Shared Dirtied Blocks": 0,
                                        "Shared Written Blocks": 0,
                                        "Local Hit Blocks": 0,
                                        "Local Read Blocks": 0,
                                        "Local Dirtied Blocks": 0,
                                        "Local Written Blocks": 0,
                                        "Temp Read Blocks": 0,
                                        "Temp Written Blocks": 0,
                                        "WAL Records": 0,
                                        "WAL FPI": 0,
                                        "WAL Bytes": 0,
                                        "Workers": [
                                            {
                                                "Worker Number": 0,
                                                "Actual Startup Time": 0.287,
                                                "Actual Total Time": 59.965,
                                                "Actual Rows": 10,
                                                "Actual Loops": 1,
                                                "Shared Hit Blocks": 1996,
                                                "Shared Read Blocks": 2155,
                                                "Shared Dirtied Blocks": 0,
                                                "Shared Written Blocks": 0,
                                                "Local Hit Blocks": 0,
                                                "Local Read Blocks": 0,
                                                "Local Dirtied Blocks": 0,
                                                "Local Written Blocks": 0,
                                                "Temp Read Blocks": 0,
                                                "Temp Written Blocks": 0,
                                                "WAL Records": 0,
                                                "WAL FPI": 0,
                                                "WAL Bytes": 0
                                            },
                                            {
                                                "Worker Number": 1,
                                                "Actual Startup Time": 2.983,
                                                "Actual Total Time": 60.042,
                                                "Actual Rows": 11,
                                                "Actual Loops": 1,
                                                "Shared Hit Blocks": 1991,
                                                "Shared Read Blocks": 2160,
                                                "Shared Dirtied Blocks": 0,
                                                "Shared Written Blocks": 0,
                                                "Local Hit Blocks": 0,
                                                "Local Read Blocks": 0,
                                                "Local Dirtied Blocks": 0,
                                                "Local Written Blocks": 0,
                                                "Temp Read Blocks": 0,
                                                "Temp Written Blocks": 0,
                                                "WAL Records": 0,
                                                "WAL FPI": 0,
                                                "WAL Bytes": 0
                                            }
                                        ]
                                    }
                                ]
                            },
                            "Settings": {},
                            "Planning": {
                                "Shared Hit Blocks": 0,
                                "Shared Read Blocks": 0,
                                "Shared Dirtied Blocks": 0,
                                "Shared Written Blocks": 0,
                                "Local Hit Blocks": 0,
                                "Local Read Blocks": 0,
                                "Local Dirtied Blocks": 0,
                                "Local Written Blocks": 0,
                                "Temp Read Blocks": 0,
                                "Temp Written Blocks": 0
                            },
                            "Planning Time": 0.1,
                            "Triggers": [],
                            "Execution Time": 63.038
                        },
                        "all_ftr_time": 0.060556000000000006,
                        "any_ftr_time": 0.22251990000000002,
                        "exact_ftr_time": 0.0635203
                    },
                    "4000000": {
                        "all_time": 0.1259232874988811,
                        "any_time": 0.6047262084990507,
                        "exact_time": 0.1317850956998882,
                        "table_size": 742391808.0,
                        "index_time": 15.323478333986714,
                        "all_explanation": {
                            "Plan": {
                                "Node Type": "Gather",
                                "Parallel Aware": false,
                                "Async Capable": false,
                                "Startup Cost": 1000.0,
                                "Total Cost": 43925.97,
                                "Plan Rows": 7813,
                                "Plan Width": 24,
                                "Actual Startup Time": 0.107,
                                "Actual Total Time": 121.004,
                                "Actual Rows": 7790,
                                "Actual Loops": 1,
                                "Output": [
                                    "id",
                                    "flg_0",
                                    "flg_1",
                                    "flg_2",
                                    "flg_3",
                                    "flg_4",
                                    "flg_5",
                                    "flg_6",
                                    "flg_7",
                                    "flg_8",
                                    "flg_9",
                                    "flg_10",
                                    "flg_11",
                                    "flg_12",
                                    "flg_13",
                                    "flg_14",
                                    "flg_15"
                                ],
                                "Workers Planned": 2,
                                "Workers Launched": 2,
                                "Single Copy": false,
                                "Shared Hit Blocks": 5792,
                                "Shared Read Blocks": 19686,
                                "Shared Dirtied Blocks": 0,
                                "Shared Written Blocks": 0,
                                "Local Hit Blocks": 0,
                                "Local Read Blocks": 0,
                                "Local Dirtied Blocks": 0,
                                "Local Written Blocks": 0,
                                "Temp Read Blocks": 0,
                                "Temp Written Blocks": 0,
                                "WAL Records": 0,
                                "WAL FPI": 0,
                                "WAL Bytes": 0,
                                "Plans": [
                                    {
                                        "Node Type": "Seq Scan",
                                        "Parent Relationship": "Outer",
                                        "Parallel Aware": true,
                                        "Async Capable": false,
                                        "Relation Name": "tests_benchmark_booltester015",
                                        "Schema": "public",
                                        "Alias": "tests_benchmark_booltester015",
                                        "Startup Cost": 0.0,
                                        "Total Cost": 42144.67,
                                        "Plan Rows": 3255,
                                        "Plan Width": 24,
                                        "Actual Startup Time": 0.077,
                                        "Actual Total Time": 118.637,
                                        "Actual Rows": 2597,
                                        "Actual Loops": 3,
                                        "Output": [
                                            "id",
                                            "flg_0",
                                            "flg_1",
                                            "flg_2",
                                            "flg_3",
                                            "flg_4",
                                            "flg_5",
                                            "flg_6",
                                            "flg_7",
                                            "flg_8",
                                            "flg_9",
                                            "flg_10",
                                            "flg_11",
                                            "flg_12",
                                            "flg_13",
                                            "flg_14",
                                            "flg_15"
                                        ],
                                        "Filter": "(tests_benchmark_booltester015.flg_0 AND tests_benchmark_booltester015.flg_2 AND tests_benchmark_booltester015.flg_3 AND tests_benchmark_booltester015.flg_8 AND tests_benchmark_booltester015.flg_9 AND tests_benchmark_booltester015.flg_11 AND tests_benchmark_booltester015.flg_12 AND tests_benchmark_booltester015.flg_14 AND tests_benchmark_booltester015.flg_15)",
                                        "Rows Removed by Filter": 1330737,
                                        "Shared Hit Blocks": 5792,
                                        "Shared Read Blocks": 19686,
                                        "Shared Dirtied Blocks": 0,
                                        "Shared Written Blocks": 0,
                                        "Local Hit Blocks": 0,
                                        "Local Read Blocks": 0,
                                        "Local Dirtied Blocks": 0,
                                        "Local Written Blocks": 0,
                                        "Temp Read Blocks": 0,
                                        "Temp Written Blocks": 0,
                                        "WAL Records": 0,
                                        "WAL FPI": 0,
                                        "WAL Bytes": 0,
                                        "Workers": [
                                            {
                                                "Worker Number": 0,
                                                "Actual Startup Time": 0.121,
                                                "Actual Total Time": 118.134,
                                                "Actual Rows": 2539,
                                                "Actual Loops": 1,
                                                "Shared Hit Blocks": 1880,
                                                "Shared Read Blocks": 6518,
                                                "Shared Dirtied Blocks": 0,
                                                "Shared Written Blocks": 0,
                                                "Local Hit Blocks": 0,
                                                "Local Read Blocks": 0,
                                                "Local Dirtied Blocks": 0,
                                                "Local Written Blocks": 0,
                                                "Temp Read Blocks": 0,
                                                "Temp Written Blocks": 0,
                                                "WAL Records": 0,
                                                "WAL FPI": 0,
                                                "WAL Bytes": 0
                                            },
                                            {
                                                "Worker Number": 1,
                                                "Actual Startup Time": 0.062,
                                                "Actual Total Time": 118.118,
                                                "Actual Rows": 2599,
                                                "Actual Loops": 1,
                                                "Shared Hit Blocks": 1886,
                                                "Shared Read Blocks": 6528,
                                                "Shared Dirtied Blocks": 0,
                                                "Shared Written Blocks": 0,
                                                "Local Hit Blocks": 0,
                                                "Local Read Blocks": 0,
                                                "Local Dirtied Blocks": 0,
                                                "Local Written Blocks": 0,
                                                "Temp Read Blocks": 0,
                                                "Temp Written Blocks": 0,
                                                "WAL Records": 0,
                                                "WAL FPI": 0,
                                                "WAL Bytes": 0
                                            }
                                        ]
                                    }
                                ]
                            },
                            "Settings": {},
                            "Planning": {
                                "Shared Hit Blocks": 0,
                                "Shared Read Blocks": 0,
                                "Shared Dirtied Blocks": 0,
                                "Shared Written Blocks": 0,
                                "Local Hit Blocks": 0,
                                "Local Read Blocks": 0,
                                "Local Dirtied Blocks": 0,
                                "Local Written Blocks": 0,
                                "Temp Read Blocks": 0,
                                "Temp Written Blocks": 0
                            },
                            "Planning Time": 0.078,
                            "Triggers": [],
                            "Execution Time": 121.192
                        },
                        "any_explanation": {
                            "Plan": {
                                "Node Type": "Seq Scan",
                                "Parallel Aware": false,
                                "Async Capable": false,
                                "Relation Name": "tests_benchmark_booltester015",
                                "Schema": "public",
                                "Alias": "tests_benchmark_booltester015",
                                "Startup Cost": 0.0,
                                "Total Cost": 65478.01,
                                "Plan Rows": 3992188,
                                "Plan Width": 24,
                                "Actual Startup Time": 0.009,
                                "Actual Total Time": 382.875,
                                "Actual Rows": 3992309,
                                "Actual Loops": 1,
                                "Output": [
                                    "id",
                                    "flg_0",
                                    "flg_1",
                                    "flg_2",
                                    "flg_3",
                                    "flg_4",
                                    "flg_5",
                                    "flg_6",
                                    "flg_7",
                                    "flg_8",
                                    "flg_9",
                                    "flg_10",
                                    "flg_11",
                                    "flg_12",
                                    "flg_13",
                                    "flg_14",
                                    "flg_15"
                                ],
                                "Filter": "(tests_benchmark_booltester015.flg_0 OR tests_benchmark_booltester015.flg_2 OR tests_benchmark_booltester015.flg_3 OR tests_benchmark_booltester015.flg_8 OR tests_benchmark_booltester015.flg_9 OR tests_benchmark_booltester015.flg_11 OR tests_benchmark_booltester015.flg_12 OR tests_benchmark_booltester015.flg_14 OR tests_benchmark_booltester015.flg_15)",
                                "Rows Removed by Filter": 7692,
                                "Shared Hit Blocks": 5984,
                                "Shared Read Blocks": 19494,
                                "Shared Dirtied Blocks": 0,
                                "Shared Written Blocks": 0,
                                "Local Hit Blocks": 0,
                                "Local Read Blocks": 0,
                                "Local Dirtied Blocks": 0,
                                "Local Written Blocks": 0,
                                "Temp Read Blocks": 0,
                                "Temp Written Blocks": 0,
                                "WAL Records": 0,
                                "WAL FPI": 0,
                                "WAL Bytes": 0
                            },
                            "Settings": {},
                            "Planning": {
                                "Shared Hit Blocks": 0,
                                "Shared Read Blocks": 0,
                                "Shared Dirtied Blocks": 0,
                                "Shared Written Blocks": 0,
                                "Local Hit Blocks": 0,
                                "Local Read Blocks": 0,
                                "Local Dirtied Blocks": 0,
                                "Local Written Blocks": 0,
                                "Temp Read Blocks": 0,
                                "Temp Written Blocks": 0
                            },
                            "Planning Time": 0.072,
                            "Triggers": [],
                            "Execution Time": 465.945
                        },
                        "exact_explanation": {
                            "Plan": {
                                "Node Type": "Gather",
                                "Parallel Aware": false,
                                "Async Capable": false,
                                "Startup Cost": 1000.0,
                                "Total Cost": 43150.77,
                                "Plan Rows": 61,
                                "Plan Width": 24,
                                "Actual Startup Time": 10.835,
                                "Actual Total Time": 124.126,
                                "Actual Rows": 49,
                                "Actual Loops": 1,
                                "Output": [
                                    "id",
                                    "flg_0",
                                    "flg_1",
                                    "flg_2",
                                    "flg_3",
                                    "flg_4",
                                    "flg_5",
                                    "flg_6",
                                    "flg_7",
                                    "flg_8",
                                    "flg_9",
                                    "flg_10",
                                    "flg_11",
                                    "flg_12",
                                    "flg_13",
                                    "flg_14",
                                    "flg_15"
                                ],
                                "Workers Planned": 2,
                                "Workers Launched": 2,
                                "Single Copy": false,
                                "Shared Hit Blocks": 6112,
                                "Shared Read Blocks": 19366,
                                "Shared Dirtied Blocks": 0,
                                "Shared Written Blocks": 0,
                                "Local Hit Blocks": 0,
                                "Local Read Blocks": 0,
                                "Local Dirtied Blocks": 0,
                                "Local Written Blocks": 0,
                                "Temp Read Blocks": 0,
                                "Temp Written Blocks": 0,
                                "WAL Records": 0,
                                "WAL FPI": 0,
                                "WAL Bytes": 0,
                                "Plans": [
                                    {
                                        "Node Type": "Seq Scan",
                                        "Parent Relationship": "Outer",
                                        "Parallel Aware": true,
                                        "Async Capable": false,
                                        "Relation Name": "tests_benchmark_booltester015",
                                        "Schema": "public",
                                        "Alias": "tests_benchmark_booltester015",
                                        "Startup Cost": 0.0,
                                        "Total Cost": 42144.67,
                                        "Plan Rows": 25,
                                        "Plan Width": 24,
                                        "Actual Startup Time": 7.486,
                                        "Actual Total Time": 121.663,
                                        "Actual Rows": 16,
                                        "Actual Loops": 3,
                                        "Output": [
                                            "id",
                                            "flg_0",
                                            "flg_1",
                                            "flg_2",
                                            "flg_3",
                                            "flg_4",
                                            "flg_5",
                                            "flg_6",
                                            "flg_7",
                                            "flg_8",
                                            "flg_9",
                                            "flg_10",
                                            "flg_11",
                                            "flg_12",
                                            "flg_13",
                                            "flg_14",
                                            "flg_15"
                                        ],
                                        "Filter": "(tests_benchmark_booltester015.flg_0 AND (NOT tests_benchmark_booltester015.flg_1) AND tests_benchmark_booltester015.flg_2 AND tests_benchmark_booltester015.flg_3 AND (NOT tests_benchmark_booltester015.flg_4) AND (NOT tests_benchmark_booltester015.flg_5) AND (NOT tests_benchmark_booltester015.flg_6) AND (NOT tests_benchmark_booltester015.flg_7) AND tests_benchmark_booltester015.flg_8 AND tests_benchmark_booltester015.flg_9 AND (NOT tests_benchmark_booltester015.flg_10) AND tests_benchmark_booltester015.flg_11 AND tests_benchmark_booltester015.flg_12 AND (NOT tests_benchmark_booltester015.flg_13) AND tests_benchmark_booltester015.flg_14 AND tests_benchmark_booltester015.flg_15)",
                                        "Rows Removed by Filter": 1333317,
                                        "Shared Hit Blocks": 6112,
                                        "Shared Read Blocks": 19366,
                                        "Shared Dirtied Blocks": 0,
                                        "Shared Written Blocks": 0,
                                        "Local Hit Blocks": 0,
                                        "Local Read Blocks": 0,
                                        "Local Dirtied Blocks": 0,
                                        "Local Written Blocks": 0,
                                        "Temp Read Blocks": 0,
                                        "Temp Written Blocks": 0,
                                        "WAL Records": 0,
                                        "WAL FPI": 0,
                                        "WAL Bytes": 0,
                                        "Workers": [
                                            {
                                                "Worker Number": 0,
                                                "Actual Startup Time": 9.426,
                                                "Actual Total Time": 120.911,
                                                "Actual Rows": 14,
                                                "Actual Loops": 1,
                                                "Shared Hit Blocks": 1984,
                                                "Shared Read Blocks": 6400,
                                                "Shared Dirtied Blocks": 0,
                                                "Shared Written Blocks": 0,
                                                "Local Hit Blocks": 0,
                                                "Local Read Blocks": 0,
                                                "Local Dirtied Blocks": 0,
                                                "Local Written Blocks": 0,
                                                "Temp Read Blocks": 0,
                                                "Temp Written Blocks": 0,
                                                "WAL Records": 0,
                                                "WAL FPI": 0,
                                                "WAL Bytes": 0
                                            },
                                            {
                                                "Worker Number": 1,
                                                "Actual Startup Time": 2.283,
                                                "Actual Total Time": 120.979,
                                                "Actual Rows": 17,
                                                "Actual Loops": 1,
                                                "Shared Hit Blocks": 1991,
                                                "Shared Read Blocks": 6406,
                                                "Shared Dirtied Blocks": 0,
                                                "Shared Written Blocks": 0,
                                                "Local Hit Blocks": 0,
                                                "Local Read Blocks": 0,
                                                "Local Dirtied Blocks": 0,
                                                "Local Written Blocks": 0,
                                                "Temp Read Blocks": 0,
                                                "Temp Written Blocks": 0,
                                                "WAL Records": 0,
                                                "WAL FPI": 0,
                                                "WAL Bytes": 0
                                            }
                                        ]
                                    }
                                ]
                            },
                            "Settings": {},
                            "Planning": {
                                "Shared Hit Blocks": 0,
                                "Shared Read Blocks": 0,
                                "Shared Dirtied Blocks": 0,
                                "Shared Written Blocks": 0,
                                "Local Hit Blocks": 0,
                                "Local Read Blocks": 0,
                                "Local Dirtied Blocks": 0,
                                "Local Written Blocks": 0,
                                "Temp Read Blocks": 0,
                                "Temp Written Blocks": 0
                            },
                            "Planning Time": 0.101,
                            "Triggers": [],
                            "Execution Time": 124.139
                        },
                        "all_ftr_time": 0.12160409999999999,
                        "any_ftr_time": 0.45711769999999996,
                        "exact_ftr_time": 0.12502539999999998
                    },
                    "6000000": {
                        "all_time": 0.17672277930105337,
                        "any_time": 0.8653938706978807,
                        "exact_time": 0.19386375829781172,
                        "table_size": 1113587712.0,
                        "index_time": 23.06819516600808,
                        "all_explanation": {
                            "Plan": {
                                "Node Type": "Gather",
                                "Parallel Aware": false,
                                "Async Capable": false,
                                "Startup Cost": 1000.0,
                                "Total Cost": 66520.3,
                                "Plan Rows": 23033,
                                "Plan Width": 24,
                                "Actual Startup Time": 0.072,
                                "Actual Total Time": 181.266,
                                "Actual Rows": 23669,
                                "Actual Loops": 1,
                                "Output": [
                                    "id",
                                    "flg_0",
                                    "flg_1",
                                    "flg_2",
                                    "flg_3",
                                    "flg_4",
                                    "flg_5",
                                    "flg_6",
                                    "flg_7",
                                    "flg_8",
                                    "flg_9",
                                    "flg_10",
                                    "flg_11",
                                    "flg_12",
                                    "flg_13",
                                    "flg_14",
                                    "flg_15"
                                ],
                                "Workers Planned": 2,
                                "Workers Launched": 2,
                                "Single Copy": false,
                                "Shared Hit Blocks": 5728,
                                "Shared Read Blocks": 32489,
                                "Shared Dirtied Blocks": 0,
                                "Shared Written Blocks": 0,
                                "Local Hit Blocks": 0,
                                "Local Read Blocks": 0,
                                "Local Dirtied Blocks": 0,
                                "Local Written Blocks": 0,
                                "Temp Read Blocks": 0,
                                "Temp Written Blocks": 0,
                                "WAL Records": 0,
                                "WAL FPI": 0,
                                "WAL Bytes": 0,
                                "Plans": [
                                    {
                                        "Node Type": "Seq Scan",
                                        "Parent Relationship": "Outer",
                                        "Parallel Aware": true,
                                        "Async Capable": false,
                                        "Relation Name": "tests_benchmark_booltester015",
                                        "Schema": "public",
                                        "Alias": "tests_benchmark_booltester015",
                                        "Startup Cost": 0.0,
                                        "Total Cost": 63217.0,
                                        "Plan Rows": 9597,
                                        "Plan Width": 24,
                                        "Actual Startup Time": 0.035,
                                        "Actual Total Time": 178.801,
                                        "Actual Rows": 7890,
                                        "Actual Loops": 3,
                                        "Output": [
                                            "id",
                                            "flg_0",
                                            "flg_1",
                                            "flg_2",
                                            "flg_3",
                                            "flg_4",
                                            "flg_5",
                                            "flg_6",
                                            "flg_7",
                                            "flg_8",
                                            "flg_9",
                                            "flg_10",
                                            "flg_11",
                                            "flg_12",
                                            "flg_13",
                                            "flg_14",
                                            "flg_15"
                                        ],
                                        "Filter": "(tests_benchmark_booltester015.flg_2 AND tests_benchmark_booltester015.flg_3 AND tests_benchmark_booltester015.flg_4 AND tests_benchmark_booltester015.flg_5 AND tests_benchmark_booltester015.flg_9 AND tests_benchmark_booltester015.flg_10 AND tests_benchmark_booltester015.flg_11 AND tests_benchmark_booltester015.flg_15)",
                                        "Rows Removed by Filter": 1992111,
                                        "Shared Hit Blocks": 5728,
                                        "Shared Read Blocks": 32489,
                                        "Shared Dirtied Blocks": 0,
                                        "Shared Written Blocks": 0,
                                        "Local Hit Blocks": 0,
                                        "Local Read Blocks": 0,
                                        "Local Dirtied Blocks": 0,
                                        "Local Written Blocks": 0,
                                        "Temp Read Blocks": 0,
                                        "Temp Written Blocks": 0,
                                        "WAL Records": 0,
                                        "WAL FPI": 0,
                                        "WAL Bytes": 0,
                                        "Workers": [
                                            {
                                                "Worker Number": 0,
                                                "Actual Startup Time": 0.047,
                                                "Actual Total Time": 178.482,
                                                "Actual Rows": 7763,
                                                "Actual Loops": 1,
                                                "Shared Hit Blocks": 1862,
                                                "Shared Read Blocks": 10784,
                                                "Shared Dirtied Blocks": 0,
                                                "Shared Written Blocks": 0,
                                                "Local Hit Blocks": 0,
                                                "Local Read Blocks": 0,
                                                "Local Dirtied Blocks": 0,
                                                "Local Written Blocks": 0,
                                                "Temp Read Blocks": 0,
                                                "Temp Written Blocks": 0,
                                                "WAL Records": 0,
                                                "WAL FPI": 0,
                                                "WAL Bytes": 0
                                            },
                                            {
                                                "Worker Number": 1,
                                                "Actual Startup Time": 0.048,
                                                "Actual Total Time": 178.429,
                                                "Actual Rows": 7808,
                                                "Actual Loops": 1,
                                                "Shared Hit Blocks": 1879,
                                                "Shared Read Blocks": 10816,
                                                "Shared Dirtied Blocks": 0,
                                                "Shared Written Blocks": 0,
                                                "Local Hit Blocks": 0,
                                                "Local Read Blocks": 0,
                                                "Local Dirtied Blocks": 0,
                                                "Local Written Blocks": 0,
                                                "Temp Read Blocks": 0,
                                                "Temp Written Blocks": 0,
                                                "WAL Records": 0,
                                                "WAL FPI": 0,
                                                "WAL Bytes": 0
                                            }
                                        ]
                                    }
                                ]
                            },
                            "Settings": {},
                            "Planning": {
                                "Shared Hit Blocks": 0,
                                "Shared Read Blocks": 0,
                                "Shared Dirtied Blocks": 0,
                                "Shared Written Blocks": 0,
                                "Local Hit Blocks": 0,
                                "Local Read Blocks": 0,
                                "Local Dirtied Blocks": 0,
                                "Local Written Blocks": 0,
                                "Temp Read Blocks": 0,
                                "Temp Written Blocks": 0
                            },
                            "Planning Time": 0.083,
                            "Triggers": [],
                            "Execution Time": 181.812
                        },
                        "any_explanation": {
                            "Plan": {
                                "Node Type": "Seq Scan",
                                "Parallel Aware": false,
                                "Async Capable": false,
                                "Relation Name": "tests_benchmark_booltester015",
                                "Schema": "public",
                                "Alias": "tests_benchmark_booltester015",
                                "Startup Cost": 0.0,
                                "Total Cost": 98217.01,
                                "Plan Rows": 5976162,
                                "Plan Width": 24,
                                "Actual Startup Time": 0.011,
                                "Actual Total Time": 566.293,
                                "Actual Rows": 5976516,
                                "Actual Loops": 1,
                                "Output": [
                                    "id",
                                    "flg_0",
                                    "flg_1",
                                    "flg_2",
                                    "flg_3",
                                    "flg_4",
                                    "flg_5",
                                    "flg_6",
                                    "flg_7",
                                    "flg_8",
                                    "flg_9",
                                    "flg_10",
                                    "flg_11",
                                    "flg_12",
                                    "flg_13",
                                    "flg_14",
                                    "flg_15"
                                ],
                                "Filter": "(tests_benchmark_booltester015.flg_2 OR tests_benchmark_booltester015.flg_3 OR tests_benchmark_booltester015.flg_4 OR tests_benchmark_booltester015.flg_5 OR tests_benchmark_booltester015.flg_9 OR tests_benchmark_booltester015.flg_10 OR tests_benchmark_booltester015.flg_11 OR tests_benchmark_booltester015.flg_15)",
                                "Rows Removed by Filter": 23485,
                                "Shared Hit Blocks": 5920,
                                "Shared Read Blocks": 32297,
                                "Shared Dirtied Blocks": 0,
                                "Shared Written Blocks": 0,
                                "Local Hit Blocks": 0,
                                "Local Read Blocks": 0,
                                "Local Dirtied Blocks": 0,
                                "Local Written Blocks": 0,
                                "Temp Read Blocks": 0,
                                "Temp Written Blocks": 0,
                                "WAL Records": 0,
                                "WAL FPI": 0,
                                "WAL Bytes": 0
                            },
                            "Settings": {},
                            "Planning": {
                                "Shared Hit Blocks": 0,
                                "Shared Read Blocks": 0,
                                "Shared Dirtied Blocks": 0,
                                "Shared Written Blocks": 0,
                                "Local Hit Blocks": 0,
                                "Local Read Blocks": 0,
                                "Local Dirtied Blocks": 0,
                                "Local Written Blocks": 0,
                                "Temp Read Blocks": 0,
                                "Temp Written Blocks": 0
                            },
                            "Planning Time": 0.074,
                            "Triggers": [],
                            "Execution Time": 689.953
                        },
                        "exact_explanation": {
                            "Plan": {
                                "Node Type": "Gather",
                                "Parallel Aware": false,
                                "Async Capable": false,
                                "Startup Cost": 1000.0,
                                "Total Cost": 64225.8,
                                "Plan Rows": 88,
                                "Plan Width": 24,
                                "Actual Startup Time": 2.267,
                                "Actual Total Time": 187.685,
                                "Actual Rows": 122,
                                "Actual Loops": 1,
                                "Output": [
                                    "id",
                                    "flg_0",
                                    "flg_1",
                                    "flg_2",
                                    "flg_3",
                                    "flg_4",
                                    "flg_5",
                                    "flg_6",
                                    "flg_7",
                                    "flg_8",
                                    "flg_9",
                                    "flg_10",
                                    "flg_11",
                                    "flg_12",
                                    "flg_13",
                                    "flg_14",
                                    "flg_15"
                                ],
                                "Workers Planned": 2,
                                "Workers Launched": 2,
                                "Single Copy": false,
                                "Shared Hit Blocks": 6048,
                                "Shared Read Blocks": 32169,
                                "Shared Dirtied Blocks": 0,
                                "Shared Written Blocks": 0,
                                "Local Hit Blocks": 0,
                                "Local Read Blocks": 0,
                                "Local Dirtied Blocks": 0,
                                "Local Written Blocks": 0,
                                "Temp Read Blocks": 0,
                                "Temp Written Blocks": 0,
                                "WAL Records": 0,
                                "WAL FPI": 0,
                                "WAL Bytes": 0,
                                "Plans": [
                                    {
                                        "Node Type": "Seq Scan",
                                        "Parent Relationship": "Outer",
                                        "Parallel Aware": true,
                                        "Async Capable": false,
                                        "Relation Name": "tests_benchmark_booltester015",
                                        "Schema": "public",
                                        "Alias": "tests_benchmark_booltester015",
                                        "Startup Cost": 0.0,
                                        "Total Cost": 63217.0,
                                        "Plan Rows": 37,
                                        "Plan Width": 24,
                                        "Actual Startup Time": 4.268,
                                        "Actual Total Time": 185.262,
                                        "Actual Rows": 41,
                                        "Actual Loops": 3,
                                        "Output": [
                                            "id",
                                            "flg_0",
                                            "flg_1",
                                            "flg_2",
                                            "flg_3",
                                            "flg_4",
                                            "flg_5",
                                            "flg_6",
                                            "flg_7",
                                            "flg_8",
                                            "flg_9",
                                            "flg_10",
                                            "flg_11",
                                            "flg_12",
                                            "flg_13",
                                            "flg_14",
                                            "flg_15"
                                        ],
                                        "Filter": "((NOT tests_benchmark_booltester015.flg_0) AND (NOT tests_benchmark_booltester015.flg_1) AND tests_benchmark_booltester015.flg_2 AND tests_benchmark_booltester015.flg_3 AND tests_benchmark_booltester015.flg_4 AND tests_benchmark_booltester015.flg_5 AND (NOT tests_benchmark_booltester015.flg_6) AND (NOT tests_benchmark_booltester015.flg_7) AND (NOT tests_benchmark_booltester015.flg_8) AND tests_benchmark_booltester015.flg_9 AND tests_benchmark_booltester015.flg_10 AND tests_benchmark_booltester015.flg_11 AND (NOT tests_benchmark_booltester015.flg_12) AND (NOT tests_benchmark_booltester015.flg_13) AND (NOT tests_benchmark_booltester015.flg_14) AND tests_benchmark_booltester015.flg_15)",
                                        "Rows Removed by Filter": 1999960,
                                        "Shared Hit Blocks": 6048,
                                        "Shared Read Blocks": 32169,
                                        "Shared Dirtied Blocks": 0,
                                        "Shared Written Blocks": 0,
                                        "Local Hit Blocks": 0,
                                        "Local Read Blocks": 0,
                                        "Local Dirtied Blocks": 0,
                                        "Local Written Blocks": 0,
                                        "Temp Read Blocks": 0,
                                        "Temp Written Blocks": 0,
                                        "WAL Records": 0,
                                        "WAL FPI": 0,
                                        "WAL Bytes": 0,
                                        "Workers": [
                                            {
                                                "Worker Number": 0,
                                                "Actual Startup Time": 5.319,
                                                "Actual Total Time": 184.514,
                                                "Actual Rows": 47,
                                                "Actual Loops": 1,
                                                "Shared Hit Blocks": 1986,
                                                "Shared Read Blocks": 10656,
                                                "Shared Dirtied Blocks": 0,
                                                "Shared Written Blocks": 0,
                                                "Local Hit Blocks": 0,
                                                "Local Read Blocks": 0,
                                                "Local Dirtied Blocks": 0,
                                                "Local Written Blocks": 0,
                                                "Temp Read Blocks": 0,
                                                "Temp Written Blocks": 0,
                                                "WAL Records": 0,
                                                "WAL FPI": 0,
                                                "WAL Bytes": 0
                                            },
                                            {
                                                "Worker Number": 1,
                                                "Actual Startup Time": 5.293,
                                                "Actual Total Time": 184.605,
                                                "Actual Rows": 35,
                                                "Actual Loops": 1,
                                                "Shared Hit Blocks": 1965,
                                                "Shared Read Blocks": 10665,
                                                "Shared Dirtied Blocks": 0,
                                                "Shared Written Blocks": 0,
                                                "Local Hit Blocks": 0,
                                                "Local Read Blocks": 0,
                                                "Local Dirtied Blocks": 0,
                                                "Local Written Blocks": 0,
                                                "Temp Read Blocks": 0,
                                                "Temp Written Blocks": 0,
                                                "WAL Records": 0,
                                                "WAL FPI": 0,
                                                "WAL Bytes": 0
                                            }
                                        ]
                                    }
                                ]
                            },
                            "Settings": {},
                            "Planning": {
                                "Shared Hit Blocks": 0,
                                "Shared Read Blocks": 0,
                                "Shared Dirtied Blocks": 0,
                                "Shared Written Blocks": 0,
                                "Local Hit Blocks": 0,
                                "Local Read Blocks": 0,
                                "Local Dirtied Blocks": 0,
                                "Local Written Blocks": 0,
                                "Temp Read Blocks": 0,
                                "Temp Written Blocks": 0
                            },
                            "Planning Time": 0.127,
                            "Triggers": [],
                            "Execution Time": 187.703
                        },
                        "all_ftr_time": 0.2026035,
                        "any_ftr_time": 0.6597632999999999,
                        "exact_ftr_time": 0.1882714
                    },
                    "8000000": {
                        "all_time": 0.2373828333002166,
                        "any_time": 1.1586505582003155,
                        "exact_time": 0.253869620799378,
                        "table_size": 1484783616.0,
                        "index_time": 36.665228875004686,
                        "all_explanation": {
                            "Plan": {
                                "Node Type": "Gather",
                                "Parallel Aware": false,
                                "Async Capable": false,
                                "Startup Cost": 1000.0,
                                "Total Cost": 91611.14,
                                "Plan Rows": 63218,
                                "Plan Width": 24,
                                "Actual Startup Time": 0.098,
                                "Actual Total Time": 213.702,
                                "Actual Rows": 62953,
                                "Actual Loops": 1,
                                "Output": [
                                    "id",
                                    "flg_0",
                                    "flg_1",
                                    "flg_2",
                                    "flg_3",
                                    "flg_4",
                                    "flg_5",
                                    "flg_6",
                                    "flg_7",
                                    "flg_8",
                                    "flg_9",
                                    "flg_10",
                                    "flg_11",
                                    "flg_12",
                                    "flg_13",
                                    "flg_14",
                                    "flg_15"
                                ],
                                "Workers Planned": 2,
                                "Workers Launched": 2,
                                "Single Copy": false,
                                "Shared Hit Blocks": 5792,
                                "Shared Read Blocks": 45164,
                                "Shared Dirtied Blocks": 0,
                                "Shared Written Blocks": 0,
                                "Local Hit Blocks": 0,
                                "Local Read Blocks": 0,
                                "Local Dirtied Blocks": 0,
                                "Local Written Blocks": 0,
                                "Temp Read Blocks": 0,
                                "Temp Written Blocks": 0,
                                "WAL Records": 0,
                                "WAL FPI": 0,
                                "WAL Bytes": 0,
                                "Plans": [
                                    {
                                        "Node Type": "Seq Scan",
                                        "Parent Relationship": "Outer",
                                        "Parallel Aware": true,
                                        "Async Capable": false,
                                        "Relation Name": "tests_benchmark_booltester015",
                                        "Schema": "public",
                                        "Alias": "tests_benchmark_booltester015",
                                        "Startup Cost": 0.0,
                                        "Total Cost": 84289.34,
                                        "Plan Rows": 26341,
                                        "Plan Width": 24,
                                        "Actual Startup Time": 0.028,
                                        "Actual Total Time": 210.793,
                                        "Actual Rows": 20984,
                                        "Actual Loops": 3,
                                        "Output": [
                                            "id",
                                            "flg_0",
                                            "flg_1",
                                            "flg_2",
                                            "flg_3",
                                            "flg_4",
                                            "flg_5",
                                            "flg_6",
                                            "flg_7",
                                            "flg_8",
                                            "flg_9",
                                            "flg_10",
                                            "flg_11",
                                            "flg_12",
                                            "flg_13",
                                            "flg_14",
                                            "flg_15"
                                        ],
                                        "Filter": "(tests_benchmark_booltester015.flg_3 AND tests_benchmark_booltester015.flg_4 AND tests_benchmark_booltester015.flg_5 AND tests_benchmark_booltester015.flg_6 AND tests_benchmark_booltester015.flg_7 AND tests_benchmark_booltester015.flg_10 AND tests_benchmark_booltester015.flg_13)",
                                        "Rows Removed by Filter": 2645683,
                                        "Shared Hit Blocks": 5792,
                                        "Shared Read Blocks": 45164,
                                        "Shared Dirtied Blocks": 0,
                                        "Shared Written Blocks": 0,
                                        "Local Hit Blocks": 0,
                                        "Local Read Blocks": 0,
                                        "Local Dirtied Blocks": 0,
                                        "Local Written Blocks": 0,
                                        "Temp Read Blocks": 0,
                                        "Temp Written Blocks": 0,
                                        "WAL Records": 0,
                                        "WAL FPI": 0,
                                        "WAL Bytes": 0,
                                        "Workers": [
                                            {
                                                "Worker Number": 0,
                                                "Actual Startup Time": 0.036,
                                                "Actual Total Time": 210.954,
                                                "Actual Rows": 20752,
                                                "Actual Loops": 1,
                                                "Shared Hit Blocks": 1887,
                                                "Shared Read Blocks": 15040,
                                                "Shared Dirtied Blocks": 0,
                                                "Shared Written Blocks": 0,
                                                "Local Hit Blocks": 0,
                                                "Local Read Blocks": 0,
                                                "Local Dirtied Blocks": 0,
                                                "Local Written Blocks": 0,
                                                "Temp Read Blocks": 0,
                                                "Temp Written Blocks": 0,
                                                "WAL Records": 0,
                                                "WAL FPI": 0,
                                                "WAL Bytes": 0
                                            },
                                            {
                                                "Worker Number": 1,
                                                "Actual Startup Time": 0.031,
                                                "Actual Total Time": 210.935,
                                                "Actual Rows": 20921,
                                                "Actual Loops": 1,
                                                "Shared Hit Blocks": 1899,
                                                "Shared Read Blocks": 15040,
                                                "Shared Dirtied Blocks": 0,
                                                "Shared Written Blocks": 0,
                                                "Local Hit Blocks": 0,
                                                "Local Read Blocks": 0,
                                                "Local Dirtied Blocks": 0,
                                                "Local Written Blocks": 0,
                                                "Temp Read Blocks": 0,
                                                "Temp Written Blocks": 0,
                                                "WAL Records": 0,
                                                "WAL FPI": 0,
                                                "WAL Bytes": 0
                                            }
                                        ]
                                    }
                                ]
                            },
                            "Settings": {},
                            "Planning": {
                                "Shared Hit Blocks": 0,
                                "Shared Read Blocks": 0,
                                "Shared Dirtied Blocks": 0,
                                "Shared Written Blocks": 0,
                                "Local Hit Blocks": 0,
                                "Local Read Blocks": 0,
                                "Local Dirtied Blocks": 0,
                                "Local Written Blocks": 0,
                                "Temp Read Blocks": 0,
                                "Temp Written Blocks": 0
                            },
                            "Planning Time": 0.095,
                            "Triggers": [],
                            "Execution Time": 215.108
                        },
                        "any_explanation": {
                            "Plan": {
                                "Node Type": "Seq Scan",
                                "Parallel Aware": false,
                                "Async Capable": false,
                                "Relation Name": "tests_benchmark_booltester015",
                                "Schema": "public",
                                "Alias": "tests_benchmark_booltester015",
                                "Startup Cost": 0.0,
                                "Total Cost": 130956.01,
                                "Plan Rows": 7938225,
                                "Plan Width": 24,
                                "Actual Startup Time": 0.008,
                                "Actual Total Time": 658.41,
                                "Actual Rows": 7937010,
                                "Actual Loops": 1,
                                "Output": [
                                    "id",
                                    "flg_0",
                                    "flg_1",
                                    "flg_2",
                                    "flg_3",
                                    "flg_4",
                                    "flg_5",
                                    "flg_6",
                                    "flg_7",
                                    "flg_8",
                                    "flg_9",
                                    "flg_10",
                                    "flg_11",
                                    "flg_12",
                                    "flg_13",
                                    "flg_14",
                                    "flg_15"
                                ],
                                "Filter": "(tests_benchmark_booltester015.flg_3 OR tests_benchmark_booltester015.flg_4 OR tests_benchmark_booltester015.flg_5 OR tests_benchmark_booltester015.flg_6 OR tests_benchmark_booltester015.flg_7 OR tests_benchmark_booltester015.flg_10 OR tests_benchmark_booltester015.flg_13)",
                                "Rows Removed by Filter": 62991,
                                "Shared Hit Blocks": 5984,
                                "Shared Read Blocks": 44972,
                                "Shared Dirtied Blocks": 0,
                                "Shared Written Blocks": 0,
                                "Local Hit Blocks": 0,
                                "Local Read Blocks": 0,
                                "Local Dirtied Blocks": 0,
                                "Local Written Blocks": 0,
                                "Temp Read Blocks": 0,
                                "Temp Written Blocks": 0,
                                "WAL Records": 0,
                                "WAL FPI": 0,
                                "WAL Bytes": 0
                            },
                            "Settings": {},
                            "Planning": {
                                "Shared Hit Blocks": 0,
                                "Shared Read Blocks": 0,
                                "Shared Dirtied Blocks": 0,
                                "Shared Written Blocks": 0,
                                "Local Hit Blocks": 0,
                                "Local Read Blocks": 0,
                                "Local Dirtied Blocks": 0,
                                "Local Written Blocks": 0,
                                "Temp Read Blocks": 0,
                                "Temp Written Blocks": 0
                            },
                            "Planning Time": 0.07,
                            "Triggers": [],
                            "Execution Time": 820.039
                        },
                        "exact_explanation": {
                            "Plan": {
                                "Node Type": "Gather",
                                "Parallel Aware": false,
                                "Async Capable": false,
                                "Startup Cost": 1000.0,
                                "Total Cost": 85301.74,
                                "Plan Rows": 124,
                                "Plan Width": 24,
                                "Actual Startup Time": 2.573,
                                "Actual Total Time": 246.723,
                                "Actual Rows": 122,
                                "Actual Loops": 1,
                                "Output": [
                                    "id",
                                    "flg_0",
                                    "flg_1",
                                    "flg_2",
                                    "flg_3",
                                    "flg_4",
                                    "flg_5",
                                    "flg_6",
                                    "flg_7",
                                    "flg_8",
                                    "flg_9",
                                    "flg_10",
                                    "flg_11",
                                    "flg_12",
                                    "flg_13",
                                    "flg_14",
                                    "flg_15"
                                ],
                                "Workers Planned": 2,
                                "Workers Launched": 2,
                                "Single Copy": false,
                                "Shared Hit Blocks": 6112,
                                "Shared Read Blocks": 44844,
                                "Shared Dirtied Blocks": 0,
                                "Shared Written Blocks": 0,
                                "Local Hit Blocks": 0,
                                "Local Read Blocks": 0,
                                "Local Dirtied Blocks": 0,
                                "Local Written Blocks": 0,
                                "Temp Read Blocks": 0,
                                "Temp Written Blocks": 0,
                                "WAL Records": 0,
                                "WAL FPI": 0,
                                "WAL Bytes": 0,
                                "Plans": [
                                    {
                                        "Node Type": "Seq Scan",
                                        "Parent Relationship": "Outer",
                                        "Parallel Aware": true,
                                        "Async Capable": false,
                                        "Relation Name": "tests_benchmark_booltester015",
                                        "Schema": "public",
                                        "Alias": "tests_benchmark_booltester015",
                                        "Startup Cost": 0.0,
                                        "Total Cost": 84289.34,
                                        "Plan Rows": 52,
                                        "Plan Width": 24,
                                        "Actual Startup Time": 2.497,
                                        "Actual Total Time": 244.43,
                                        "Actual Rows": 41,
                                        "Actual Loops": 3,
                                        "Output": [
                                            "id",
                                            "flg_0",
                                            "flg_1",
                                            "flg_2",
                                            "flg_3",
                                            "flg_4",
                                            "flg_5",
                                            "flg_6",
                                            "flg_7",
                                            "flg_8",
                                            "flg_9",
                                            "flg_10",
                                            "flg_11",
                                            "flg_12",
                                            "flg_13",
                                            "flg_14",
                                            "flg_15"
                                        ],
                                        "Filter": "((NOT tests_benchmark_booltester015.flg_0) AND (NOT tests_benchmark_booltester015.flg_1) AND (NOT tests_benchmark_booltester015.flg_2) AND tests_benchmark_booltester015.flg_3 AND tests_benchmark_booltester015.flg_4 AND tests_benchmark_booltester015.flg_5 AND tests_benchmark_booltester015.flg_6 AND tests_benchmark_booltester015.flg_7 AND (NOT tests_benchmark_booltester015.flg_8) AND (NOT tests_benchmark_booltester015.flg_9) AND tests_benchmark_booltester015.flg_10 AND (NOT tests_benchmark_booltester015.flg_11) AND (NOT tests_benchmark_booltester015.flg_12) AND tests_benchmark_booltester015.flg_13 AND (NOT tests_benchmark_booltester015.flg_14) AND (NOT tests_benchmark_booltester015.flg_15))",
                                        "Rows Removed by Filter": 2666626,
                                        "Shared Hit Blocks": 6112,
                                        "Shared Read Blocks": 44844,
                                        "Shared Dirtied Blocks": 0,
                                        "Shared Written Blocks": 0,
                                        "Local Hit Blocks": 0,
                                        "Local Read Blocks": 0,
                                        "Local Dirtied Blocks": 0,
                                        "Local Written Blocks": 0,
                                        "Temp Read Blocks": 0,
                                        "Temp Written Blocks": 0,
                                        "WAL Records": 0,
                                        "WAL FPI": 0,
                                        "WAL Bytes": 0,
                                        "Workers": [
                                            {
                                                "Worker Number": 0,
                                                "Actual Startup Time": 1.619,
                                                "Actual Total Time": 243.774,
                                                "Actual Rows": 35,
                                                "Actual Loops": 1,
                                                "Shared Hit Blocks": 1977,
                                                "Shared Read Blocks": 14912,
                                                "Shared Dirtied Blocks": 0,
                                                "Shared Written Blocks": 0,
                                                "Local Hit Blocks": 0,
                                                "Local Read Blocks": 0,
                                                "Local Dirtied Blocks": 0,
                                                "Local Written Blocks": 0,
                                                "Temp Read Blocks": 0,
                                                "Temp Written Blocks": 0,
                                                "WAL Records": 0,
                                                "WAL FPI": 0,
                                                "WAL Bytes": 0
                                            },
                                            {
                                                "Worker Number": 1,
                                                "Actual Startup Time": 3.363,
                                                "Actual Total Time": 243.763,
                                                "Actual Rows": 43,
                                                "Actual Loops": 1,
                                                "Shared Hit Blocks": 2009,
                                                "Shared Read Blocks": 14880,
                                                "Shared Dirtied Blocks": 0,
                                                "Shared Written Blocks": 0,
                                                "Local Hit Blocks": 0,
                                                "Local Read Blocks": 0,
                                                "Local Dirtied Blocks": 0,
                                                "Local Written Blocks": 0,
                                                "Temp Read Blocks": 0,
                                                "Temp Written Blocks": 0,
                                                "WAL Records": 0,
                                                "WAL FPI": 0,
                                                "WAL Bytes": 0
                                            }
                                        ]
                                    }
                                ]
                            },
                            "Settings": {},
                            "Planning": {
                                "Shared Hit Blocks": 0,
                                "Shared Read Blocks": 0,
                                "Shared Dirtied Blocks": 0,
                                "Shared Written Blocks": 0,
                                "Local Hit Blocks": 0,
                                "Local Read Blocks": 0,
                                "Local Dirtied Blocks": 0,
                                "Local Written Blocks": 0,
                                "Temp Read Blocks": 0,
                                "Temp Written Blocks": 0
                            },
                            "Planning Time": 0.103,
                            "Triggers": [],
                            "Execution Time": 246.735
                        },
                        "all_ftr_time": 0.23260610000000004,
                        "any_ftr_time": 0.8848011999999998,
                        "exact_ftr_time": 0.2457436
                    },
                    "10000000": {
                        "all_time": 0.295660062499519,
                        "any_time": 1.452348495600745,
                        "exact_time": 0.3148606706978171,
                        "table_size": 1855979520.0,
                        "index_time": 39.05841995798983,
                        "all_explanation": {
                            "Plan": {
                                "Node Type": "Gather",
                                "Parallel Aware": false,
                                "Async Capable": false,
                                "Startup Cost": 1000.0,
                                "Total Cost": 108317.77,
                                "Plan Rows": 19561,
                                "Plan Width": 24,
                                "Actual Startup Time": 0.199,
                                "Actual Total Time": 279.241,
                                "Actual Rows": 19595,
                                "Actual Loops": 1,
                                "Output": [
                                    "id",
                                    "flg_0",
                                    "flg_1",
                                    "flg_2",
                                    "flg_3",
                                    "flg_4",
                                    "flg_5",
                                    "flg_6",
                                    "flg_7",
                                    "flg_8",
                                    "flg_9",
                                    "flg_10",
                                    "flg_11",
                                    "flg_12",
                                    "flg_13",
                                    "flg_14",
                                    "flg_15"
                                ],
                                "Workers Planned": 2,
                                "Workers Launched": 2,
                                "Single Copy": false,
                                "Shared Hit Blocks": 5728,
                                "Shared Read Blocks": 57967,
                                "Shared Dirtied Blocks": 0,
                                "Shared Written Blocks": 0,
                                "Local Hit Blocks": 0,
                                "Local Read Blocks": 0,
                                "Local Dirtied Blocks": 0,
                                "Local Written Blocks": 0,
                                "Temp Read Blocks": 0,
                                "Temp Written Blocks": 0,
                                "WAL Records": 0,
                                "WAL FPI": 0,
                                "WAL Bytes": 0,
                                "Plans": [
                                    {
                                        "Node Type": "Seq Scan",
                                        "Parent Relationship": "Outer",
                                        "Parallel Aware": true,
                                        "Async Capable": false,
                                        "Relation Name": "tests_benchmark_booltester015",
                                        "Schema": "public",
                                        "Alias": "tests_benchmark_booltester015",
                                        "Startup Cost": 0.0,
                                        "Total Cost": 105361.67,
                                        "Plan Rows": 8150,
                                        "Plan Width": 24,
                                        "Actual Startup Time": 0.09,
                                        "Actual Total Time": 276.5,
                                        "Actual Rows": 6532,
                                        "Actual Loops": 3,
                                        "Output": [
                                            "id",
                                            "flg_0",
                                            "flg_1",
                                            "flg_2",
                                            "flg_3",
                                            "flg_4",
                                            "flg_5",
                                            "flg_6",
                                            "flg_7",
                                            "flg_8",
                                            "flg_9",
                                            "flg_10",
                                            "flg_11",
                                            "flg_12",
                                            "flg_13",
                                            "flg_14",
                                            "flg_15"
                                        ],
                                        "Filter": "(tests_benchmark_booltester015.flg_0 AND tests_benchmark_booltester015.flg_2 AND tests_benchmark_booltester015.flg_3 AND tests_benchmark_booltester015.flg_4 AND tests_benchmark_booltester015.flg_5 AND tests_benchmark_booltester015.flg_8 AND tests_benchmark_booltester015.flg_10 AND tests_benchmark_booltester015.flg_12 AND tests_benchmark_booltester015.flg_14)",
                                        "Rows Removed by Filter": 3326802,
                                        "Shared Hit Blocks": 5728,
                                        "Shared Read Blocks": 57967,
                                        "Shared Dirtied Blocks": 0,
                                        "Shared Written Blocks": 0,
                                        "Local Hit Blocks": 0,
                                        "Local Read Blocks": 0,
                                        "Local Dirtied Blocks": 0,
                                        "Local Written Blocks": 0,
                                        "Temp Read Blocks": 0,
                                        "Temp Written Blocks": 0,
                                        "WAL Records": 0,
                                        "WAL FPI": 0,
                                        "WAL Bytes": 0,
                                        "Workers": [
                                            {
                                                "Worker Number": 0,
                                                "Actual Startup Time": 0.069,
                                                "Actual Total Time": 275.911,
                                                "Actual Rows": 6593,
                                                "Actual Loops": 1,
                                                "Shared Hit Blocks": 1856,
                                                "Shared Read Blocks": 19264,
                                                "Shared Dirtied Blocks": 0,
                                                "Shared Written Blocks": 0,
                                                "Local Hit Blocks": 0,
                                                "Local Read Blocks": 0,
                                                "Local Dirtied Blocks": 0,
                                                "Local Written Blocks": 0,
                                                "Temp Read Blocks": 0,
                                                "Temp Written Blocks": 0,
                                                "WAL Records": 0,
                                                "WAL FPI": 0,
                                                "WAL Bytes": 0
                                            },
                                            {
                                                "Worker Number": 1,
                                                "Actual Startup Time": 0.076,
                                                "Actual Total Time": 276.22,
                                                "Actual Rows": 6435,
                                                "Actual Loops": 1,
                                                "Shared Hit Blocks": 1861,
                                                "Shared Read Blocks": 19279,
                                                "Shared Dirtied Blocks": 0,
                                                "Shared Written Blocks": 0,
                                                "Local Hit Blocks": 0,
                                                "Local Read Blocks": 0,
                                                "Local Dirtied Blocks": 0,
                                                "Local Written Blocks": 0,
                                                "Temp Read Blocks": 0,
                                                "Temp Written Blocks": 0,
                                                "WAL Records": 0,
                                                "WAL FPI": 0,
                                                "WAL Bytes": 0
                                            }
                                        ]
                                    }
                                ]
                            },
                            "Settings": {},
                            "Planning": {
                                "Shared Hit Blocks": 0,
                                "Shared Read Blocks": 0,
                                "Shared Dirtied Blocks": 0,
                                "Shared Written Blocks": 0,
                                "Local Hit Blocks": 0,
                                "Local Read Blocks": 0,
                                "Local Dirtied Blocks": 0,
                                "Local Written Blocks": 0,
                                "Temp Read Blocks": 0,
                                "Temp Written Blocks": 0
                            },
                            "Planning Time": 0.114,
                            "Triggers": [],
                            "Execution Time": 279.707
                        },
                        "any_explanation": {
                            "Plan": {
                                "Node Type": "Seq Scan",
                                "Parallel Aware": false,
                                "Async Capable": false,
                                "Relation Name": "tests_benchmark_booltester015",
                                "Schema": "public",
                                "Alias": "tests_benchmark_booltester015",
                                "Startup Cost": 0.0,
                                "Total Cost": 163695.01,
                                "Plan Rows": 9980508,
                                "Plan Width": 24,
                                "Actual Startup Time": 0.009,
                                "Actual Total Time": 882.915,
                                "Actual Rows": 9980586,
                                "Actual Loops": 1,
                                "Output": [
                                    "id",
                                    "flg_0",
                                    "flg_1",
                                    "flg_2",
                                    "flg_3",
                                    "flg_4",
                                    "flg_5",
                                    "flg_6",
                                    "flg_7",
                                    "flg_8",
                                    "flg_9",
                                    "flg_10",
                                    "flg_11",
                                    "flg_12",
                                    "flg_13",
                                    "flg_14",
                                    "flg_15"
                                ],
                                "Filter": "(tests_benchmark_booltester015.flg_0 OR tests_benchmark_booltester015.flg_2 OR tests_benchmark_booltester015.flg_3 OR tests_benchmark_booltester015.flg_4 OR tests_benchmark_booltester015.flg_5 OR tests_benchmark_booltester015.flg_8 OR tests_benchmark_booltester015.flg_10 OR tests_benchmark_booltester015.flg_12 OR tests_benchmark_booltester015.flg_14)",
                                "Rows Removed by Filter": 19415,
                                "Shared Hit Blocks": 5920,
                                "Shared Read Blocks": 57775,
                                "Shared Dirtied Blocks": 0,
                                "Shared Written Blocks": 0,
                                "Local Hit Blocks": 0,
                                "Local Read Blocks": 0,
                                "Local Dirtied Blocks": 0,
                                "Local Written Blocks": 0,
                                "Temp Read Blocks": 0,
                                "Temp Written Blocks": 0,
                                "WAL Records": 0,
                                "WAL FPI": 0,
                                "WAL Bytes": 0
                            },
                            "Settings": {},
                            "Planning": {
                                "Shared Hit Blocks": 0,
                                "Shared Read Blocks": 0,
                                "Shared Dirtied Blocks": 0,
                                "Shared Written Blocks": 0,
                                "Local Hit Blocks": 0,
                                "Local Read Blocks": 0,
                                "Local Dirtied Blocks": 0,
                                "Local Written Blocks": 0,
                                "Temp Read Blocks": 0,
                                "Temp Written Blocks": 0
                            },
                            "Planning Time": 0.081,
                            "Triggers": [],
                            "Execution Time": 1092.151
                        },
                        "exact_explanation": {
                            "Plan": {
                                "Node Type": "Gather",
                                "Parallel Aware": false,
                                "Async Capable": false,
                                "Startup Cost": 1000.0,
                                "Total Cost": 106376.67,
                                "Plan Rows": 150,
                                "Plan Width": 24,
                                "Actual Startup Time": 1.297,
                                "Actual Total Time": 307.698,
                                "Actual Rows": 131,
                                "Actual Loops": 1,
                                "Output": [
                                    "id",
                                    "flg_0",
                                    "flg_1",
                                    "flg_2",
                                    "flg_3",
                                    "flg_4",
                                    "flg_5",
                                    "flg_6",
                                    "flg_7",
                                    "flg_8",
                                    "flg_9",
                                    "flg_10",
                                    "flg_11",
                                    "flg_12",
                                    "flg_13",
                                    "flg_14",
                                    "flg_15"
                                ],
                                "Workers Planned": 2,
                                "Workers Launched": 2,
                                "Single Copy": false,
                                "Shared Hit Blocks": 6048,
                                "Shared Read Blocks": 57647,
                                "Shared Dirtied Blocks": 0,
                                "Shared Written Blocks": 0,
                                "Local Hit Blocks": 0,
                                "Local Read Blocks": 0,
                                "Local Dirtied Blocks": 0,
                                "Local Written Blocks": 0,
                                "Temp Read Blocks": 0,
                                "Temp Written Blocks": 0,
                                "WAL Records": 0,
                                "WAL FPI": 0,
                                "WAL Bytes": 0,
                                "Plans": [
                                    {
                                        "Node Type": "Seq Scan",
                                        "Parent Relationship": "Outer",
                                        "Parallel Aware": true,
                                        "Async Capable": false,
                                        "Relation Name": "tests_benchmark_booltester015",
                                        "Schema": "public",
                                        "Alias": "tests_benchmark_booltester015",
                                        "Startup Cost": 0.0,
                                        "Total Cost": 105361.67,
                                        "Plan Rows": 62,
                                        "Plan Width": 24,
                                        "Actual Startup Time": 2.311,
                                        "Actual Total Time": 305.416,
                                        "Actual Rows": 44,
                                        "Actual Loops": 3,
                                        "Output": [
                                            "id",
                                            "flg_0",
                                            "flg_1",
                                            "flg_2",
                                            "flg_3",
                                            "flg_4",
                                            "flg_5",
                                            "flg_6",
                                            "flg_7",
                                            "flg_8",
                                            "flg_9",
                                            "flg_10",
                                            "flg_11",
                                            "flg_12",
                                            "flg_13",
                                            "flg_14",
                                            "flg_15"
                                        ],
                                        "Filter": "(tests_benchmark_booltester015.flg_0 AND (NOT tests_benchmark_booltester015.flg_1) AND tests_benchmark_booltester015.flg_2 AND tests_benchmark_booltester015.flg_3 AND tests_benchmark_booltester015.flg_4 AND tests_benchmark_booltester015.flg_5 AND (NOT tests_benchmark_booltester015.flg_6) AND (NOT tests_benchmark_booltester015.flg_7) AND tests_benchmark_booltester015.flg_8 AND (NOT tests_benchmark_booltester015.flg_9) AND tests_benchmark_booltester015.flg_10 AND (NOT tests_benchmark_booltester015.flg_11) AND tests_benchmark_booltester015.flg_12 AND (NOT tests_benchmark_booltester015.flg_13) AND tests_benchmark_booltester015.flg_14 AND (NOT tests_benchmark_booltester015.flg_15))",
                                        "Rows Removed by Filter": 3333290,
                                        "Shared Hit Blocks": 6048,
                                        "Shared Read Blocks": 57647,
                                        "Shared Dirtied Blocks": 0,
                                        "Shared Written Blocks": 0,
                                        "Local Hit Blocks": 0,
                                        "Local Read Blocks": 0,
                                        "Local Dirtied Blocks": 0,
                                        "Local Written Blocks": 0,
                                        "Temp Read Blocks": 0,
                                        "Temp Written Blocks": 0,
                                        "WAL Records": 0,
                                        "WAL FPI": 0,
                                        "WAL Bytes": 0,
                                        "Workers": [
                                            {
                                                "Worker Number": 0,
                                                "Actual Startup Time": 2.979,
                                                "Actual Total Time": 304.746,
                                                "Actual Rows": 39,
                                                "Actual Loops": 1,
                                                "Shared Hit Blocks": 1972,
                                                "Shared Read Blocks": 19168,
                                                "Shared Dirtied Blocks": 0,
                                                "Shared Written Blocks": 0,
                                                "Local Hit Blocks": 0,
                                                "Local Read Blocks": 0,
                                                "Local Dirtied Blocks": 0,
                                                "Local Written Blocks": 0,
                                                "Temp Read Blocks": 0,
                                                "Temp Written Blocks": 0,
                                                "WAL Records": 0,
                                                "WAL FPI": 0,
                                                "WAL Bytes": 0
                                            },
                                            {
                                                "Worker Number": 1,
                                                "Actual Startup Time": 2.725,
                                                "Actual Total Time": 304.787,
                                                "Actual Rows": 48,
                                                "Actual Loops": 1,
                                                "Shared Hit Blocks": 1971,
                                                "Shared Read Blocks": 19104,
                                                "Shared Dirtied Blocks": 0,
                                                "Shared Written Blocks": 0,
                                                "Local Hit Blocks": 0,
                                                "Local Read Blocks": 0,
                                                "Local Dirtied Blocks": 0,
                                                "Local Written Blocks": 0,
                                                "Temp Read Blocks": 0,
                                                "Temp Written Blocks": 0,
                                                "WAL Records": 0,
                                                "WAL FPI": 0,
                                                "WAL Bytes": 0
                                            }
                                        ]
                                    }
                                ]
                            },
                            "Settings": {},
                            "Planning": {
                                "Shared Hit Blocks": 0,
                                "Shared Read Blocks": 0,
                                "Shared Dirtied Blocks": 0,
                                "Shared Written Blocks": 0,
                                "Local Hit Blocks": 0,
                                "Local Read Blocks": 0,
                                "Local Dirtied Blocks": 0,
                                "Local Written Blocks": 0,
                                "Temp Read Blocks": 0,
                                "Temp Written Blocks": 0
                            },
                            "Planning Time": 0.104,
                            "Triggers": [],
                            "Execution Time": 307.715
                        },
                        "all_ftr_time": 0.34613499999999997,
                        "any_ftr_time": 1.1108064,
                        "exact_ftr_time": 0.30853600000000003
                    },
                    "20000000": {
                        "all_time": 0.58514071660029,
                        "any_time": 2.893346429200028,
                        "exact_time": 0.6231285668996861,
                        "table_size": 3710910464.0,
                        "index_time": 102.45004816600704,
                        "all_explanation": {
                            "Plan": {
                                "Node Type": "Gather",
                                "Parallel Aware": false,
                                "Async Capable": false,
                                "Startup Cost": 1000.0,
                                "Total Cost": 276057.93,
                                "Plan Rows": 643356,
                                "Plan Width": 24,
                                "Actual Startup Time": 0.084,
                                "Actual Total Time": 555.645,
                                "Actual Rows": 625261,
                                "Actual Loops": 1,
                                "Output": [
                                    "id",
                                    "flg_0",
                                    "flg_1",
                                    "flg_2",
                                    "flg_3",
                                    "flg_4",
                                    "flg_5",
                                    "flg_6",
                                    "flg_7",
                                    "flg_8",
                                    "flg_9",
                                    "flg_10",
                                    "flg_11",
                                    "flg_12",
                                    "flg_13",
                                    "flg_14",
                                    "flg_15"
                                ],
                                "Workers Planned": 2,
                                "Workers Launched": 2,
                                "Single Copy": false,
                                "Shared Hit Blocks": 5792,
                                "Shared Read Blocks": 121597,
                                "Shared Dirtied Blocks": 0,
                                "Shared Written Blocks": 0,
                                "Local Hit Blocks": 0,
                                "Local Read Blocks": 0,
                                "Local Dirtied Blocks": 0,
                                "Local Written Blocks": 0,
                                "Temp Read Blocks": 0,
                                "Temp Written Blocks": 0,
                                "WAL Records": 0,
                                "WAL FPI": 0,
                                "WAL Bytes": 0,
                                "Plans": [
                                    {
                                        "Node Type": "Seq Scan",
                                        "Parent Relationship": "Outer",
                                        "Parallel Aware": true,
                                        "Async Capable": false,
                                        "Relation Name": "tests_benchmark_booltester015",
                                        "Schema": "public",
                                        "Alias": "tests_benchmark_booltester015",
                                        "Startup Cost": 0.0,
                                        "Total Cost": 210722.33,
                                        "Plan Rows": 268065,
                                        "Plan Width": 24,
                                        "Actual Startup Time": 0.028,
                                        "Actual Total Time": 548.438,
                                        "Actual Rows": 208420,
                                        "Actual Loops": 3,
                                        "Output": [
                                            "id",
                                            "flg_0",
                                            "flg_1",
                                            "flg_2",
                                            "flg_3",
                                            "flg_4",
                                            "flg_5",
                                            "flg_6",
                                            "flg_7",
                                            "flg_8",
                                            "flg_9",
                                            "flg_10",
                                            "flg_11",
                                            "flg_12",
                                            "flg_13",
                                            "flg_14",
                                            "flg_15"
                                        ],
                                        "Filter": "(tests_benchmark_booltester015.flg_3 AND tests_benchmark_booltester015.flg_5 AND tests_benchmark_booltester015.flg_7 AND tests_benchmark_booltester015.flg_8 AND tests_benchmark_booltester015.flg_14)",
                                        "Rows Removed by Filter": 6458247,
                                        "Shared Hit Blocks": 5792,
                                        "Shared Read Blocks": 121597,
                                        "Shared Dirtied Blocks": 0,
                                        "Shared Written Blocks": 0,
                                        "Local Hit Blocks": 0,
                                        "Local Read Blocks": 0,
                                        "Local Dirtied Blocks": 0,
                                        "Local Written Blocks": 0,
                                        "Temp Read Blocks": 0,
                                        "Temp Written Blocks": 0,
                                        "WAL Records": 0,
                                        "WAL FPI": 0,
                                        "WAL Bytes": 0,
                                        "Workers": [
                                            {
                                                "Worker Number": 0,
                                                "Actual Startup Time": 0.036,
                                                "Actual Total Time": 556.617,
                                                "Actual Rows": 210962,
                                                "Actual Loops": 1,
                                                "Shared Hit Blocks": 1926,
                                                "Shared Read Blocks": 41056,
                                                "Shared Dirtied Blocks": 0,
                                                "Shared Written Blocks": 0,
                                                "Local Hit Blocks": 0,
                                                "Local Read Blocks": 0,
                                                "Local Dirtied Blocks": 0,
                                                "Local Written Blocks": 0,
                                                "Temp Read Blocks": 0,
                                                "Temp Written Blocks": 0,
                                                "WAL Records": 0,
                                                "WAL FPI": 0,
                                                "WAL Bytes": 0
                                            },
                                            {
                                                "Worker Number": 1,
                                                "Actual Startup Time": 0.038,
                                                "Actual Total Time": 556.69,
                                                "Actual Rows": 210911,
                                                "Actual Loops": 1,
                                                "Shared Hit Blocks": 1900,
                                                "Shared Read Blocks": 41088,
                                                "Shared Dirtied Blocks": 0,
                                                "Shared Written Blocks": 0,
                                                "Local Hit Blocks": 0,
                                                "Local Read Blocks": 0,
                                                "Local Dirtied Blocks": 0,
                                                "Local Written Blocks": 0,
                                                "Temp Read Blocks": 0,
                                                "Temp Written Blocks": 0,
                                                "WAL Records": 0,
                                                "WAL FPI": 0,
                                                "WAL Bytes": 0
                                            }
                                        ]
                                    }
                                ]
                            },
                            "Settings": {},
                            "Planning": {
                                "Shared Hit Blocks": 0,
                                "Shared Read Blocks": 0,
                                "Shared Dirtied Blocks": 0,
                                "Shared Written Blocks": 0,
                                "Local Hit Blocks": 0,
                                "Local Read Blocks": 0,
                                "Local Dirtied Blocks": 0,
                                "Local Written Blocks": 0,
                                "Temp Read Blocks": 0,
                                "Temp Written Blocks": 0
                            },
                            "Planning Time": 0.096,
                            "Triggers": [],
                            "Execution Time": 569.395
                        },
                        "any_explanation": {
                            "Plan": {
                                "Node Type": "Seq Scan",
                                "Parallel Aware": false,
                                "Async Capable": false,
                                "Relation Name": "tests_benchmark_booltester015",
                                "Schema": "public",
                                "Alias": "tests_benchmark_booltester015",
                                "Startup Cost": 0.0,
                                "Total Cost": 327389.0,
                                "Plan Rows": 19392979,
                                "Plan Width": 24,
                                "Actual Startup Time": 0.018,
                                "Actual Total Time": 1732.828,
                                "Actual Rows": 19374263,
                                "Actual Loops": 1,
                                "Output": [
                                    "id",
                                    "flg_0",
                                    "flg_1",
                                    "flg_2",
                                    "flg_3",
                                    "flg_4",
                                    "flg_5",
                                    "flg_6",
                                    "flg_7",
                                    "flg_8",
                                    "flg_9",
                                    "flg_10",
                                    "flg_11",
                                    "flg_12",
                                    "flg_13",
                                    "flg_14",
                                    "flg_15"
                                ],
                                "Filter": "(tests_benchmark_booltester015.flg_3 OR tests_benchmark_booltester015.flg_5 OR tests_benchmark_booltester015.flg_7 OR tests_benchmark_booltester015.flg_8 OR tests_benchmark_booltester015.flg_14)",
                                "Rows Removed by Filter": 625738,
                                "Shared Hit Blocks": 5984,
                                "Shared Read Blocks": 121405,
                                "Shared Dirtied Blocks": 0,
                                "Shared Written Blocks": 0,
                                "Local Hit Blocks": 0,
                                "Local Read Blocks": 0,
                                "Local Dirtied Blocks": 0,
                                "Local Written Blocks": 0,
                                "Temp Read Blocks": 0,
                                "Temp Written Blocks": 0,
                                "WAL Records": 0,
                                "WAL FPI": 0,
                                "WAL Bytes": 0
                            },
                            "Settings": {},
                            "Planning": {
                                "Shared Hit Blocks": 0,
                                "Shared Read Blocks": 0,
                                "Shared Dirtied Blocks": 0,
                                "Shared Written Blocks": 0,
                                "Local Hit Blocks": 0,
                                "Local Read Blocks": 0,
                                "Local Dirtied Blocks": 0,
                                "Local Written Blocks": 0,
                                "Temp Read Blocks": 0,
                                "Temp Written Blocks": 0
                            },
                            "Planning Time": 0.084,
                            "Triggers": [],
                            "Execution Time": 2127.859
                        },
                        "exact_explanation": {
                            "Plan": {
                                "Node Type": "Gather",
                                "Parallel Aware": false,
                                "Async Capable": false,
                                "Startup Cost": 1000.0,
                                "Total Cost": 211752.93,
                                "Plan Rows": 306,
                                "Plan Width": 24,
                                "Actual Startup Time": 33.68,
                                "Actual Total Time": 625.686,
                                "Actual Rows": 325,
                                "Actual Loops": 1,
                                "Output": [
                                    "id",
                                    "flg_0",
                                    "flg_1",
                                    "flg_2",
                                    "flg_3",
                                    "flg_4",
                                    "flg_5",
                                    "flg_6",
                                    "flg_7",
                                    "flg_8",
                                    "flg_9",
                                    "flg_10",
                                    "flg_11",
                                    "flg_12",
                                    "flg_13",
                                    "flg_14",
                                    "flg_15"
                                ],
                                "Workers Planned": 2,
                                "Workers Launched": 2,
                                "Single Copy": false,
                                "Shared Hit Blocks": 6112,
                                "Shared Read Blocks": 121277,
                                "Shared Dirtied Blocks": 0,
                                "Shared Written Blocks": 0,
                                "Local Hit Blocks": 0,
                                "Local Read Blocks": 0,
                                "Local Dirtied Blocks": 0,
                                "Local Written Blocks": 0,
                                "Temp Read Blocks": 0,
                                "Temp Written Blocks": 0,
                                "WAL Records": 0,
                                "WAL FPI": 0,
                                "WAL Bytes": 0,
                                "Plans": [
                                    {
                                        "Node Type": "Seq Scan",
                                        "Parent Relationship": "Outer",
                                        "Parallel Aware": true,
                                        "Async Capable": false,
                                        "Relation Name": "tests_benchmark_booltester015",
                                        "Schema": "public",
                                        "Alias": "tests_benchmark_booltester015",
                                        "Startup Cost": 0.0,
                                        "Total Cost": 210722.33,
                                        "Plan Rows": 128,
                                        "Plan Width": 24,
                                        "Actual Startup Time": 18.884,
                                        "Actual Total Time": 623.309,
                                        "Actual Rows": 108,
                                        "Actual Loops": 3,
                                        "Output": [
                                            "id",
                                            "flg_0",
                                            "flg_1",
                                            "flg_2",
                                            "flg_3",
                                            "flg_4",
                                            "flg_5",
                                            "flg_6",
                                            "flg_7",
                                            "flg_8",
                                            "flg_9",
                                            "flg_10",
                                            "flg_11",
                                            "flg_12",
                                            "flg_13",
                                            "flg_14",
                                            "flg_15"
                                        ],
                                        "Filter": "((NOT tests_benchmark_booltester015.flg_0) AND (NOT tests_benchmark_booltester015.flg_1) AND (NOT tests_benchmark_booltester015.flg_2) AND tests_benchmark_booltester015.flg_3 AND (NOT tests_benchmark_booltester015.flg_4) AND tests_benchmark_booltester015.flg_5 AND (NOT tests_benchmark_booltester015.flg_6) AND tests_benchmark_booltester015.flg_7 AND tests_benchmark_booltester015.flg_8 AND (NOT tests_benchmark_booltester015.flg_9) AND (NOT tests_benchmark_booltester015.flg_10) AND (NOT tests_benchmark_booltester015.flg_11) AND (NOT tests_benchmark_booltester015.flg_12) AND (NOT tests_benchmark_booltester015.flg_13) AND tests_benchmark_booltester015.flg_14 AND (NOT tests_benchmark_booltester015.flg_15))",
                                        "Rows Removed by Filter": 6666559,
                                        "Shared Hit Blocks": 6112,
                                        "Shared Read Blocks": 121277,
                                        "Shared Dirtied Blocks": 0,
                                        "Shared Written Blocks": 0,
                                        "Local Hit Blocks": 0,
                                        "Local Read Blocks": 0,
                                        "Local Dirtied Blocks": 0,
                                        "Local Written Blocks": 0,
                                        "Temp Read Blocks": 0,
                                        "Temp Written Blocks": 0,
                                        "WAL Records": 0,
                                        "WAL FPI": 0,
                                        "WAL Bytes": 0,
                                        "Workers": [
                                            {
                                                "Worker Number": 0,
                                                "Actual Startup Time": 1.015,
                                                "Actual Total Time": 622.622,
                                                "Actual Rows": 116,
                                                "Actual Loops": 1,
                                                "Shared Hit Blocks": 1999,
                                                "Shared Read Blocks": 40352,
                                                "Shared Dirtied Blocks": 0,
                                                "Shared Written Blocks": 0,
                                                "Local Hit Blocks": 0,
                                                "Local Read Blocks": 0,
                                                "Local Dirtied Blocks": 0,
                                                "Local Written Blocks": 0,
                                                "Temp Read Blocks": 0,
                                                "Temp Written Blocks": 0,
                                                "WAL Records": 0,
                                                "WAL FPI": 0,
                                                "WAL Bytes": 0
                                            },
                                            {
                                                "Worker Number": 1,
                                                "Actual Startup Time": 22.041,
                                                "Actual Total Time": 622.66,
                                                "Actual Rows": 105,
                                                "Actual Loops": 1,
                                                "Shared Hit Blocks": 1994,
                                                "Shared Read Blocks": 40381,
                                                "Shared Dirtied Blocks": 0,
                                                "Shared Written Blocks": 0,
                                                "Local Hit Blocks": 0,
                                                "Local Read Blocks": 0,
                                                "Local Dirtied Blocks": 0,
                                                "Local Written Blocks": 0,
                                                "Temp Read Blocks": 0,
                                                "Temp Written Blocks": 0,
                                                "WAL Records": 0,
                                                "WAL FPI": 0,
                                                "WAL Bytes": 0
                                            }
                                        ]
                                    }
                                ]
                            },
                            "Settings": {},
                            "Planning": {
                                "Shared Hit Blocks": 0,
                                "Shared Read Blocks": 0,
                                "Shared Dirtied Blocks": 0,
                                "Shared Written Blocks": 0,
                                "Local Hit Blocks": 0,
                                "Local Read Blocks": 0,
                                "Local Dirtied Blocks": 0,
                                "Local Written Blocks": 0,
                                "Temp Read Blocks": 0,
                                "Temp Written Blocks": 0
                            },
                            "Planning Time": 0.121,
                            "Triggers": [],
                            "Execution Time": 625.711
                        },
                        "all_ftr_time": 0.5836304999999999,
                        "any_ftr_time": 2.219919,
                        "exact_ftr_time": 0.6177090999999999
                    },
                    "40000000": {
                        "all_time": 1.148817833197245,
                        "any_time": 5.71864734999981,
                        "exact_time": 1.24591155009839,
                        "table_size": 7420772352.0,
                        "index_time": 218.5582452910021,
                        "all_explanation": {
                            "Plan": {
                                "Node Type": "Gather",
                                "Parallel Aware": false,
                                "Async Capable": false,
                                "Startup Cost": 1000.0,
                                "Total Cost": 438259.87,
                                "Plan Rows": 158152,
                                "Plan Width": 24,
                                "Actual Startup Time": 0.104,
                                "Actual Total Time": 1013.353,
                                "Actual Rows": 156336,
                                "Actual Loops": 1,
                                "Output": [
                                    "id",
                                    "flg_0",
                                    "flg_1",
                                    "flg_2",
                                    "flg_3",
                                    "flg_4",
                                    "flg_5",
                                    "flg_6",
                                    "flg_7",
                                    "flg_8",
                                    "flg_9",
                                    "flg_10",
                                    "flg_11",
                                    "flg_12",
                                    "flg_13",
                                    "flg_14",
                                    "flg_15"
                                ],
                                "Workers Planned": 2,
                                "Workers Launched": 2,
                                "Single Copy": false,
                                "Shared Hit Blocks": 5792,
                                "Shared Read Blocks": 248986,
                                "Shared Dirtied Blocks": 0,
                                "Shared Written Blocks": 0,
                                "Local Hit Blocks": 0,
                                "Local Read Blocks": 0,
                                "Local Dirtied Blocks": 0,
                                "Local Written Blocks": 0,
                                "Temp Read Blocks": 0,
                                "Temp Written Blocks": 0,
                                "WAL Records": 0,
                                "WAL FPI": 0,
                                "WAL Bytes": 0,
                                "Plans": [
                                    {
                                        "Node Type": "Seq Scan",
                                        "Parent Relationship": "Outer",
                                        "Parallel Aware": true,
                                        "Async Capable": false,
                                        "Relation Name": "tests_benchmark_booltester015",
                                        "Schema": "public",
                                        "Alias": "tests_benchmark_booltester015",
                                        "Startup Cost": 0.0,
                                        "Total Cost": 421444.67,
                                        "Plan Rows": 65897,
                                        "Plan Width": 24,
                                        "Actual Startup Time": 0.025,
                                        "Actual Total Time": 1009.787,
                                        "Actual Rows": 52112,
                                        "Actual Loops": 3,
                                        "Output": [
                                            "id",
                                            "flg_0",
                                            "flg_1",
                                            "flg_2",
                                            "flg_3",
                                            "flg_4",
                                            "flg_5",
                                            "flg_6",
                                            "flg_7",
                                            "flg_8",
                                            "flg_9",
                                            "flg_10",
                                            "flg_11",
                                            "flg_12",
                                            "flg_13",
                                            "flg_14",
                                            "flg_15"
                                        ],
                                        "Filter": "(tests_benchmark_booltester015.flg_1 AND tests_benchmark_booltester015.flg_3 AND tests_benchmark_booltester015.flg_6 AND tests_benchmark_booltester015.flg_7 AND tests_benchmark_booltester015.flg_8 AND tests_benchmark_booltester015.flg_9 AND tests_benchmark_booltester015.flg_10 AND tests_benchmark_booltester015.flg_11)",
                                        "Rows Removed by Filter": 13281222,
                                        "Shared Hit Blocks": 5792,
                                        "Shared Read Blocks": 248986,
                                        "Shared Dirtied Blocks": 0,
                                        "Shared Written Blocks": 0,
                                        "Local Hit Blocks": 0,
                                        "Local Read Blocks": 0,
                                        "Local Dirtied Blocks": 0,
                                        "Local Written Blocks": 0,
                                        "Temp Read Blocks": 0,
                                        "Temp Written Blocks": 0,
                                        "WAL Records": 0,
                                        "WAL FPI": 0,
                                        "WAL Bytes": 0,
                                        "Workers": [
                                            {
                                                "Worker Number": 0,
                                                "Actual Startup Time": 0.029,
                                                "Actual Total Time": 1011.397,
                                                "Actual Rows": 52070,
                                                "Actual Loops": 1,
                                                "Shared Hit Blocks": 1896,
                                                "Shared Read Blocks": 83072,
                                                "Shared Dirtied Blocks": 0,
                                                "Shared Written Blocks": 0,
                                                "Local Hit Blocks": 0,
                                                "Local Read Blocks": 0,
                                                "Local Dirtied Blocks": 0,
                                                "Local Written Blocks": 0,
                                                "Temp Read Blocks": 0,
                                                "Temp Written Blocks": 0,
                                                "WAL Records": 0,
                                                "WAL FPI": 0,
                                                "WAL Bytes": 0
                                            },
                                            {
                                                "Worker Number": 1,
                                                "Actual Startup Time": 0.026,
                                                "Actual Total Time": 1011.313,
                                                "Actual Rows": 52072,
                                                "Actual Loops": 1,
                                                "Shared Hit Blocks": 1887,
                                                "Shared Read Blocks": 82976,
                                                "Shared Dirtied Blocks": 0,
                                                "Shared Written Blocks": 0,
                                                "Local Hit Blocks": 0,
                                                "Local Read Blocks": 0,
                                                "Local Dirtied Blocks": 0,
                                                "Local Written Blocks": 0,
                                                "Temp Read Blocks": 0,
                                                "Temp Written Blocks": 0,
                                                "WAL Records": 0,
                                                "WAL FPI": 0,
                                                "WAL Bytes": 0
                                            }
                                        ]
                                    }
                                ]
                            },
                            "Settings": {},
                            "Planning": {
                                "Shared Hit Blocks": 0,
                                "Shared Read Blocks": 0,
                                "Shared Dirtied Blocks": 0,
                                "Shared Written Blocks": 0,
                                "Local Hit Blocks": 0,
                                "Local Read Blocks": 0,
                                "Local Dirtied Blocks": 0,
                                "Local Written Blocks": 0,
                                "Temp Read Blocks": 0,
                                "Temp Written Blocks": 0
                            },
                            "Planning Time": 0.109,
                            "Triggers": [],
                            "Execution Time": 1016.904
                        },
                        "any_explanation": {
                            "Plan": {
                                "Node Type": "Seq Scan",
                                "Parallel Aware": false,
                                "Async Capable": false,
                                "Relation Name": "tests_benchmark_booltester015",
                                "Schema": "public",
                                "Alias": "tests_benchmark_booltester015",
                                "Startup Cost": 0.0,
                                "Total Cost": 654778.0,
                                "Plan Rows": 39845640,
                                "Plan Width": 24,
                                "Actual Startup Time": 0.018,
                                "Actual Total Time": 3206.785,
                                "Actual Rows": 39843505,
                                "Actual Loops": 1,
                                "Output": [
                                    "id",
                                    "flg_0",
                                    "flg_1",
                                    "flg_2",
                                    "flg_3",
                                    "flg_4",
                                    "flg_5",
                                    "flg_6",
                                    "flg_7",
                                    "flg_8",
                                    "flg_9",
                                    "flg_10",
                                    "flg_11",
                                    "flg_12",
                                    "flg_13",
                                    "flg_14",
                                    "flg_15"
                                ],
                                "Filter": "(tests_benchmark_booltester015.flg_1 OR tests_benchmark_booltester015.flg_3 OR tests_benchmark_booltester015.flg_6 OR tests_benchmark_booltester015.flg_7 OR tests_benchmark_booltester015.flg_8 OR tests_benchmark_booltester015.flg_9 OR tests_benchmark_booltester015.flg_10 OR tests_benchmark_booltester015.flg_11)",
                                "Rows Removed by Filter": 156496,
                                "Shared Hit Blocks": 5984,
                                "Shared Read Blocks": 248794,
                                "Shared Dirtied Blocks": 0,
                                "Shared Written Blocks": 0,
                                "Local Hit Blocks": 0,
                                "Local Read Blocks": 0,
                                "Local Dirtied Blocks": 0,
                                "Local Written Blocks": 0,
                                "Temp Read Blocks": 0,
                                "Temp Written Blocks": 0,
                                "WAL Records": 0,
                                "WAL FPI": 0,
                                "WAL Bytes": 0
                            },
                            "Settings": {},
                            "Planning": {
                                "Shared Hit Blocks": 0,
                                "Shared Read Blocks": 0,
                                "Shared Dirtied Blocks": 0,
                                "Shared Written Blocks": 0,
                                "Local Hit Blocks": 0,
                                "Local Read Blocks": 0,
                                "Local Dirtied Blocks": 0,
                                "Local Written Blocks": 0,
                                "Temp Read Blocks": 0,
                                "Temp Written Blocks": 0
                            },
                            "Planning Time": 0.103,
                            "Triggers": [],
                            "Execution Time": 4018.938
                        },
                        "exact_explanation": {
                            "Plan": {
                                "Node Type": "Gather",
                                "Parallel Aware": false,
                                "Async Capable": false,
                                "Startup Cost": 1000.0,
                                "Total Cost": 422505.77,
                                "Plan Rows": 611,
                                "Plan Width": 24,
                                "Actual Startup Time": 1.692,
                                "Actual Total Time": 1250.635,
                                "Actual Rows": 575,
                                "Actual Loops": 1,
                                "Output": [
                                    "id",
                                    "flg_0",
                                    "flg_1",
                                    "flg_2",
                                    "flg_3",
                                    "flg_4",
                                    "flg_5",
                                    "flg_6",
                                    "flg_7",
                                    "flg_8",
                                    "flg_9",
                                    "flg_10",
                                    "flg_11",
                                    "flg_12",
                                    "flg_13",
                                    "flg_14",
                                    "flg_15"
                                ],
                                "Workers Planned": 2,
                                "Workers Launched": 2,
                                "Single Copy": false,
                                "Shared Hit Blocks": 6112,
                                "Shared Read Blocks": 248666,
                                "Shared Dirtied Blocks": 0,
                                "Shared Written Blocks": 0,
                                "Local Hit Blocks": 0,
                                "Local Read Blocks": 0,
                                "Local Dirtied Blocks": 0,
                                "Local Written Blocks": 0,
                                "Temp Read Blocks": 0,
                                "Temp Written Blocks": 0,
                                "WAL Records": 0,
                                "WAL FPI": 0,
                                "WAL Bytes": 0,
                                "Plans": [
                                    {
                                        "Node Type": "Seq Scan",
                                        "Parent Relationship": "Outer",
                                        "Parallel Aware": true,
                                        "Async Capable": false,
                                        "Relation Name": "tests_benchmark_booltester015",
                                        "Schema": "public",
                                        "Alias": "tests_benchmark_booltester015",
                                        "Startup Cost": 0.0,
                                        "Total Cost": 421444.67,
                                        "Plan Rows": 255,
                                        "Plan Width": 24,
                                        "Actual Startup Time": 7.207,
                                        "Actual Total Time": 1248.186,
                                        "Actual Rows": 192,
                                        "Actual Loops": 3,
                                        "Output": [
                                            "id",
                                            "flg_0",
                                            "flg_1",
                                            "flg_2",
                                            "flg_3",
                                            "flg_4",
                                            "flg_5",
                                            "flg_6",
                                            "flg_7",
                                            "flg_8",
                                            "flg_9",
                                            "flg_10",
                                            "flg_11",
                                            "flg_12",
                                            "flg_13",
                                            "flg_14",
                                            "flg_15"
                                        ],
                                        "Filter": "((NOT tests_benchmark_booltester015.flg_0) AND tests_benchmark_booltester015.flg_1 AND (NOT tests_benchmark_booltester015.flg_2) AND tests_benchmark_booltester015.flg_3 AND (NOT tests_benchmark_booltester015.flg_4) AND (NOT tests_benchmark_booltester015.flg_5) AND tests_benchmark_booltester015.flg_6 AND tests_benchmark_booltester015.flg_7 AND tests_benchmark_booltester015.flg_8 AND tests_benchmark_booltester015.flg_9 AND tests_benchmark_booltester015.flg_10 AND tests_benchmark_booltester015.flg_11 AND (NOT tests_benchmark_booltester015.flg_12) AND (NOT tests_benchmark_booltester015.flg_13) AND (NOT tests_benchmark_booltester015.flg_14) AND (NOT tests_benchmark_booltester015.flg_15))",
                                        "Rows Removed by Filter": 13333142,
                                        "Shared Hit Blocks": 6112,
                                        "Shared Read Blocks": 248666,
                                        "Shared Dirtied Blocks": 0,
                                        "Shared Written Blocks": 0,
                                        "Local Hit Blocks": 0,
                                        "Local Read Blocks": 0,
                                        "Local Dirtied Blocks": 0,
                                        "Local Written Blocks": 0,
                                        "Temp Read Blocks": 0,
                                        "Temp Written Blocks": 0,
                                        "WAL Records": 0,
                                        "WAL FPI": 0,
                                        "WAL Bytes": 0,
                                        "Workers": [
                                            {
                                                "Worker Number": 0,
                                                "Actual Startup Time": 9.112,
                                                "Actual Total Time": 1247.449,
                                                "Actual Rows": 193,
                                                "Actual Loops": 1,
                                                "Shared Hit Blocks": 1969,
                                                "Shared Read Blocks": 82842,
                                                "Shared Dirtied Blocks": 0,
                                                "Shared Written Blocks": 0,
                                                "Local Hit Blocks": 0,
                                                "Local Read Blocks": 0,
                                                "Local Dirtied Blocks": 0,
                                                "Local Written Blocks": 0,
                                                "Temp Read Blocks": 0,
                                                "Temp Written Blocks": 0,
                                                "WAL Records": 0,
                                                "WAL FPI": 0,
                                                "WAL Bytes": 0
                                            },
                                            {
                                                "Worker Number": 1,
                                                "Actual Startup Time": 10.902,
                                                "Actual Total Time": 1247.549,
                                                "Actual Rows": 180,
                                                "Actual Loops": 1,
                                                "Shared Hit Blocks": 2023,
                                                "Shared Read Blocks": 82784,
                                                "Shared Dirtied Blocks": 0,
                                                "Shared Written Blocks": 0,
                                                "Local Hit Blocks": 0,
                                                "Local Read Blocks": 0,
                                                "Local Dirtied Blocks": 0,
                                                "Local Written Blocks": 0,
                                                "Temp Read Blocks": 0,
                                                "Temp Written Blocks": 0,
                                                "WAL Records": 0,
                                                "WAL FPI": 0,
                                                "WAL Bytes": 0
                                            }
                                        ]
                                    }
                                ]
                            },
                            "Settings": {},
                            "Planning": {
                                "Shared Hit Blocks": 0,
                                "Shared Read Blocks": 0,
                                "Shared Dirtied Blocks": 0,
                                "Shared Written Blocks": 0,
                                "Local Hit Blocks": 0,
                                "Local Read Blocks": 0,
                                "Local Dirtied Blocks": 0,
                                "Local Written Blocks": 0,
                                "Temp Read Blocks": 0,
                                "Temp Written Blocks": 0
                            },
                            "Planning Time": 0.157,
                            "Triggers": [],
                            "Execution Time": 1250.709
                        },
                        "all_ftr_time": 1.1698256,
                        "any_ftr_time": 4.397873,
                        "exact_ftr_time": 1.238863
                    },
                    "60000000": {
                        "all_time": 1.70071842509642,
                        "any_time": 8.48102532089979,
                        "exact_time": 1.875093604301219,
                        "table_size": 10737418240.0,
                        "index_time": 292.90863237499434,
                        "all_explanation": {
                            "Plan": {
                                "Node Type": "Gather",
                                "Parallel Aware": false,
                                "Async Capable": false,
                                "Startup Cost": 1000.0,
                                "Total Cost": 645000.5,
                                "Plan Rows": 118345,
                                "Plan Width": 24,
                                "Actual Startup Time": 0.19,
                                "Actual Total Time": 1819.839,
                                "Actual Rows": 117151,
                                "Actual Loops": 1,
                                "Output": [
                                    "id",
                                    "flg_0",
                                    "flg_1",
                                    "flg_2",
                                    "flg_3",
                                    "flg_4",
                                    "flg_5",
                                    "flg_6",
                                    "flg_7",
                                    "flg_8",
                                    "flg_9",
                                    "flg_10",
                                    "flg_11",
                                    "flg_12",
                                    "flg_13",
                                    "flg_14",
                                    "flg_15"
                                ],
                                "Workers Planned": 2,
                                "Workers Launched": 2,
                                "Single Copy": false,
                                "Shared Hit Blocks": 5664,
                                "Shared Read Blocks": 376502,
                                "Shared Dirtied Blocks": 0,
                                "Shared Written Blocks": 0,
                                "Local Hit Blocks": 0,
                                "Local Read Blocks": 0,
                                "Local Dirtied Blocks": 0,
                                "Local Written Blocks": 0,
                                "Temp Read Blocks": 0,
                                "Temp Written Blocks": 0,
                                "WAL Records": 0,
                                "WAL FPI": 0,
                                "WAL Bytes": 0,
                                "Plans": [
                                    {
                                        "Node Type": "Seq Scan",
                                        "Parent Relationship": "Outer",
                                        "Parallel Aware": true,
                                        "Async Capable": false,
                                        "Relation Name": "tests_benchmark_booltester015",
                                        "Schema": "public",
                                        "Alias": "tests_benchmark_booltester015",
                                        "Startup Cost": 0.0,
                                        "Total Cost": 632166.0,
                                        "Plan Rows": 49310,
                                        "Plan Width": 24,
                                        "Actual Startup Time": 0.124,
                                        "Actual Total Time": 1816.396,
                                        "Actual Rows": 39050,
                                        "Actual Loops": 3,
                                        "Output": [
                                            "id",
                                            "flg_0",
                                            "flg_1",
                                            "flg_2",
                                            "flg_3",
                                            "flg_4",
                                            "flg_5",
                                            "flg_6",
                                            "flg_7",
                                            "flg_8",
                                            "flg_9",
                                            "flg_10",
                                            "flg_11",
                                            "flg_12",
                                            "flg_13",
                                            "flg_14",
                                            "flg_15"
                                        ],
                                        "Filter": "(tests_benchmark_booltester015.flg_1 AND tests_benchmark_booltester015.flg_5 AND tests_benchmark_booltester015.flg_7 AND tests_benchmark_booltester015.flg_8 AND tests_benchmark_booltester015.flg_10 AND tests_benchmark_booltester015.flg_12 AND tests_benchmark_booltester015.flg_13 AND tests_benchmark_booltester015.flg_14 AND tests_benchmark_booltester015.flg_15)",
                                        "Rows Removed by Filter": 19960950,
                                        "Shared Hit Blocks": 5664,
                                        "Shared Read Blocks": 376502,
                                        "Shared Dirtied Blocks": 0,
                                        "Shared Written Blocks": 0,
                                        "Local Hit Blocks": 0,
                                        "Local Read Blocks": 0,
                                        "Local Dirtied Blocks": 0,
                                        "Local Written Blocks": 0,
                                        "Temp Read Blocks": 0,
                                        "Temp Written Blocks": 0,
                                        "WAL Records": 0,
                                        "WAL FPI": 0,
                                        "WAL Bytes": 0,
                                        "Workers": [
                                            {
                                                "Worker Number": 0,
                                                "Actual Startup Time": 0.12,
                                                "Actual Total Time": 1817.443,
                                                "Actual Rows": 39023,
                                                "Actual Loops": 1,
                                                "Shared Hit Blocks": 1860,
                                                "Shared Read Blocks": 125600,
                                                "Shared Dirtied Blocks": 0,
                                                "Shared Written Blocks": 0,
                                                "Local Hit Blocks": 0,
                                                "Local Read Blocks": 0,
                                                "Local Dirtied Blocks": 0,
                                                "Local Written Blocks": 0,
                                                "Temp Read Blocks": 0,
                                                "Temp Written Blocks": 0,
                                                "WAL Records": 0,
                                                "WAL FPI": 0,
                                                "WAL Bytes": 0
                                            },
                                            {
                                                "Worker Number": 1,
                                                "Actual Startup Time": 0.139,
                                                "Actual Total Time": 1817.38,
                                                "Actual Rows": 38988,
                                                "Actual Loops": 1,
                                                "Shared Hit Blocks": 1845,
                                                "Shared Read Blocks": 125430,
                                                "Shared Dirtied Blocks": 0,
                                                "Shared Written Blocks": 0,
                                                "Local Hit Blocks": 0,
                                                "Local Read Blocks": 0,
                                                "Local Dirtied Blocks": 0,
                                                "Local Written Blocks": 0,
                                                "Temp Read Blocks": 0,
                                                "Temp Written Blocks": 0,
                                                "WAL Records": 0,
                                                "WAL FPI": 0,
                                                "WAL Bytes": 0
                                            }
                                        ]
                                    }
                                ]
                            },
                            "Settings": {},
                            "Planning": {
                                "Shared Hit Blocks": 0,
                                "Shared Read Blocks": 0,
                                "Shared Dirtied Blocks": 0,
                                "Shared Written Blocks": 0,
                                "Local Hit Blocks": 0,
                                "Local Read Blocks": 0,
                                "Local Dirtied Blocks": 0,
                                "Local Written Blocks": 0,
                                "Temp Read Blocks": 0,
                                "Temp Written Blocks": 0
                            },
                            "Planning Time": 0.121,
                            "Triggers": [],
                            "Execution Time": 1822.607
                        },
                        "any_explanation": {
                            "Plan": {
                                "Node Type": "Seq Scan",
                                "Parallel Aware": false,
                                "Async Capable": false,
                                "Relation Name": "tests_benchmark_booltester015",
                                "Schema": "public",
                                "Alias": "tests_benchmark_booltester015",
                                "Startup Cost": 0.0,
                                "Total Cost": 982166.0,
                                "Plan Rows": 59883983,
                                "Plan Width": 24,
                                "Actual Startup Time": 0.026,
                                "Actual Total Time": 5709.929,
                                "Actual Rows": 59882827,
                                "Actual Loops": 1,
                                "Output": [
                                    "id",
                                    "flg_0",
                                    "flg_1",
                                    "flg_2",
                                    "flg_3",
                                    "flg_4",
                                    "flg_5",
                                    "flg_6",
                                    "flg_7",
                                    "flg_8",
                                    "flg_9",
                                    "flg_10",
                                    "flg_11",
                                    "flg_12",
                                    "flg_13",
                                    "flg_14",
                                    "flg_15"
                                ],
                                "Filter": "(tests_benchmark_booltester015.flg_1 OR tests_benchmark_booltester015.flg_5 OR tests_benchmark_booltester015.flg_7 OR tests_benchmark_booltester015.flg_8 OR tests_benchmark_booltester015.flg_10 OR tests_benchmark_booltester015.flg_12 OR tests_benchmark_booltester015.flg_13 OR tests_benchmark_booltester015.flg_14 OR tests_benchmark_booltester015.flg_15)",
                                "Rows Removed by Filter": 117174,
                                "Shared Hit Blocks": 5856,
                                "Shared Read Blocks": 376310,
                                "Shared Dirtied Blocks": 0,
                                "Shared Written Blocks": 0,
                                "Local Hit Blocks": 0,
                                "Local Read Blocks": 0,
                                "Local Dirtied Blocks": 0,
                                "Local Written Blocks": 0,
                                "Temp Read Blocks": 0,
                                "Temp Written Blocks": 0,
                                "WAL Records": 0,
                                "WAL FPI": 0,
                                "WAL Bytes": 0
                            },
                            "Settings": {},
                            "Planning": {
                                "Shared Hit Blocks": 0,
                                "Shared Read Blocks": 0,
                                "Shared Dirtied Blocks": 0,
                                "Shared Written Blocks": 0,
                                "Local Hit Blocks": 0,
                                "Local Read Blocks": 0,
                                "Local Dirtied Blocks": 0,
                                "Local Written Blocks": 0,
                                "Temp Read Blocks": 0,
                                "Temp Written Blocks": 0
                            },
                            "Planning Time": 0.11,
                            "Triggers": [],
                            "Execution Time": 6939.164
                        },
                        "exact_explanation": {
                            "Plan": {
                                "Node Type": "Gather",
                                "Parallel Aware": false,
                                "Async Capable": false,
                                "Startup Cost": 1000.0,
                                "Total Cost": 633260.0,
                                "Plan Rows": 940,
                                "Plan Width": 24,
                                "Actual Startup Time": 5.951,
                                "Actual Total Time": 1873.332,
                                "Actual Rows": 913,
                                "Actual Loops": 1,
                                "Output": [
                                    "id",
                                    "flg_0",
                                    "flg_1",
                                    "flg_2",
                                    "flg_3",
                                    "flg_4",
                                    "flg_5",
                                    "flg_6",
                                    "flg_7",
                                    "flg_8",
                                    "flg_9",
                                    "flg_10",
                                    "flg_11",
                                    "flg_12",
                                    "flg_13",
                                    "flg_14",
                                    "flg_15"
                                ],
                                "Workers Planned": 2,
                                "Workers Launched": 2,
                                "Single Copy": false,
                                "Shared Hit Blocks": 5984,
                                "Shared Read Blocks": 376182,
                                "Shared Dirtied Blocks": 0,
                                "Shared Written Blocks": 0,
                                "Local Hit Blocks": 0,
                                "Local Read Blocks": 0,
                                "Local Dirtied Blocks": 0,
                                "Local Written Blocks": 0,
                                "Temp Read Blocks": 0,
                                "Temp Written Blocks": 0,
                                "WAL Records": 0,
                                "WAL FPI": 0,
                                "WAL Bytes": 0,
                                "Plans": [
                                    {
                                        "Node Type": "Seq Scan",
                                        "Parent Relationship": "Outer",
                                        "Parallel Aware": true,
                                        "Async Capable": false,
                                        "Relation Name": "tests_benchmark_booltester015",
                                        "Schema": "public",
                                        "Alias": "tests_benchmark_booltester015",
                                        "Startup Cost": 0.0,
                                        "Total Cost": 632166.0,
                                        "Plan Rows": 392,
                                        "Plan Width": 24,
                                        "Actual Startup Time": 9.777,
                                        "Actual Total Time": 1870.703,
                                        "Actual Rows": 304,
                                        "Actual Loops": 3,
                                        "Output": [
                                            "id",
                                            "flg_0",
                                            "flg_1",
                                            "flg_2",
                                            "flg_3",
                                            "flg_4",
                                            "flg_5",
                                            "flg_6",
                                            "flg_7",
                                            "flg_8",
                                            "flg_9",
                                            "flg_10",
                                            "flg_11",
                                            "flg_12",
                                            "flg_13",
                                            "flg_14",
                                            "flg_15"
                                        ],
                                        "Filter": "((NOT tests_benchmark_booltester015.flg_0) AND tests_benchmark_booltester015.flg_1 AND (NOT tests_benchmark_booltester015.flg_2) AND (NOT tests_benchmark_booltester015.flg_3) AND (NOT tests_benchmark_booltester015.flg_4) AND tests_benchmark_booltester015.flg_5 AND (NOT tests_benchmark_booltester015.flg_6) AND tests_benchmark_booltester015.flg_7 AND tests_benchmark_booltester015.flg_8 AND (NOT tests_benchmark_booltester015.flg_9) AND tests_benchmark_booltester015.flg_10 AND (NOT tests_benchmark_booltester015.flg_11) AND tests_benchmark_booltester015.flg_12 AND tests_benchmark_booltester015.flg_13 AND tests_benchmark_booltester015.flg_14 AND tests_benchmark_booltester015.flg_15)",
                                        "Rows Removed by Filter": 19999696,
                                        "Shared Hit Blocks": 5984,
                                        "Shared Read Blocks": 376182,
                                        "Shared Dirtied Blocks": 0,
                                        "Shared Written Blocks": 0,
                                        "Local Hit Blocks": 0,
                                        "Local Read Blocks": 0,
                                        "Local Dirtied Blocks": 0,
                                        "Local Written Blocks": 0,
                                        "Temp Read Blocks": 0,
                                        "Temp Written Blocks": 0,
                                        "WAL Records": 0,
                                        "WAL FPI": 0,
                                        "WAL Bytes": 0,
                                        "Workers": [
                                            {
                                                "Worker Number": 0,
                                                "Actual Startup Time": 15.2,
                                                "Actual Total Time": 1869.983,
                                                "Actual Rows": 299,
                                                "Actual Loops": 1,
                                                "Shared Hit Blocks": 1934,
                                                "Shared Read Blocks": 125344,
                                                "Shared Dirtied Blocks": 0,
                                                "Shared Written Blocks": 0,
                                                "Local Hit Blocks": 0,
                                                "Local Read Blocks": 0,
                                                "Local Dirtied Blocks": 0,
                                                "Local Written Blocks": 0,
                                                "Temp Read Blocks": 0,
                                                "Temp Written Blocks": 0,
                                                "WAL Records": 0,
                                                "WAL FPI": 0,
                                                "WAL Bytes": 0
                                            },
                                            {
                                                "Worker Number": 1,
                                                "Actual Startup Time": 8.263,
                                                "Actual Total Time": 1869.947,
                                                "Actual Rows": 328,
                                                "Actual Loops": 1,
                                                "Shared Hit Blocks": 1937,
                                                "Shared Read Blocks": 125334,
                                                "Shared Dirtied Blocks": 0,
                                                "Shared Written Blocks": 0,
                                                "Local Hit Blocks": 0,
                                                "Local Read Blocks": 0,
                                                "Local Dirtied Blocks": 0,
                                                "Local Written Blocks": 0,
                                                "Temp Read Blocks": 0,
                                                "Temp Written Blocks": 0,
                                                "WAL Records": 0,
                                                "WAL FPI": 0,
                                                "WAL Bytes": 0
                                            }
                                        ]
                                    }
                                ]
                            },
                            "Settings": {},
                            "Planning": {
                                "Shared Hit Blocks": 0,
                                "Shared Read Blocks": 0,
                                "Shared Dirtied Blocks": 0,
                                "Shared Written Blocks": 0,
                                "Local Hit Blocks": 0,
                                "Local Read Blocks": 0,
                                "Local Dirtied Blocks": 0,
                                "Local Written Blocks": 0,
                                "Temp Read Blocks": 0,
                                "Temp Written Blocks": 0
                            },
                            "Planning Time": 0.129,
                            "Triggers": [],
                            "Execution Time": 1873.391
                        },
                        "all_ftr_time": 2.2415938,
                        "any_ftr_time": 6.5391365,
                        "exact_ftr_time": 1.8734762999999999
                    },
                    "80000000": {
                        "all_time": 2.278878978996363,
                        "any_time": 11.381571233402065,
                        "exact_time": 2.4778693541971735,
                        "table_size": 15032385536.0,
                        "index_time": 385.0129440000019,
                        "all_explanation": {
                            "Plan": {
                                "Node Type": "Gather",
                                "Parallel Aware": false,
                                "Async Capable": false,
                                "Startup Cost": 1000.0,
                                "Total Cost": 851615.33,
                                "Plan Rows": 77270,
                                "Plan Width": 24,
                                "Actual Startup Time": 0.158,
                                "Actual Total Time": 2223.193,
                                "Actual Rows": 78531,
                                "Actual Loops": 1,
                                "Output": [
                                    "id",
                                    "flg_0",
                                    "flg_1",
                                    "flg_2",
                                    "flg_3",
                                    "flg_4",
                                    "flg_5",
                                    "flg_6",
                                    "flg_7",
                                    "flg_8",
                                    "flg_9",
                                    "flg_10",
                                    "flg_11",
                                    "flg_12",
                                    "flg_13",
                                    "flg_14",
                                    "flg_15"
                                ],
                                "Workers Planned": 2,
                                "Workers Launched": 2,
                                "Single Copy": false,
                                "Shared Hit Blocks": 5792,
                                "Shared Read Blocks": 503763,
                                "Shared Dirtied Blocks": 0,
                                "Shared Written Blocks": 0,
                                "Local Hit Blocks": 0,
                                "Local Read Blocks": 0,
                                "Local Dirtied Blocks": 0,
                                "Local Written Blocks": 0,
                                "Temp Read Blocks": 0,
                                "Temp Written Blocks": 0,
                                "WAL Records": 0,
                                "WAL FPI": 0,
                                "WAL Bytes": 0,
                                "Plans": [
                                    {
                                        "Node Type": "Seq Scan",
                                        "Parent Relationship": "Outer",
                                        "Parallel Aware": true,
                                        "Async Capable": false,
                                        "Relation Name": "tests_benchmark_booltester015",
                                        "Schema": "public",
                                        "Alias": "tests_benchmark_booltester015",
                                        "Startup Cost": 0.0,
                                        "Total Cost": 842888.33,
                                        "Plan Rows": 32196,
                                        "Plan Width": 24,
                                        "Actual Startup Time": 0.094,
                                        "Actual Total Time": 2220.009,
                                        "Actual Rows": 26177,
                                        "Actual Loops": 3,
                                        "Output": [
                                            "id",
                                            "flg_0",
                                            "flg_1",
                                            "flg_2",
                                            "flg_3",
                                            "flg_4",
                                            "flg_5",
                                            "flg_6",
                                            "flg_7",
                                            "flg_8",
                                            "flg_9",
                                            "flg_10",
                                            "flg_11",
                                            "flg_12",
                                            "flg_13",
                                            "flg_14",
                                            "flg_15"
                                        ],
                                        "Filter": "(tests_benchmark_booltester015.flg_0 AND tests_benchmark_booltester015.flg_1 AND tests_benchmark_booltester015.flg_2 AND tests_benchmark_booltester015.flg_6 AND tests_benchmark_booltester015.flg_7 AND tests_benchmark_booltester015.flg_9 AND tests_benchmark_booltester015.flg_10 AND tests_benchmark_booltester015.flg_12 AND tests_benchmark_booltester015.flg_13 AND tests_benchmark_booltester015.flg_14)",
                                        "Rows Removed by Filter": 26640490,
                                        "Shared Hit Blocks": 5792,
                                        "Shared Read Blocks": 503763,
                                        "Shared Dirtied Blocks": 0,
                                        "Shared Written Blocks": 0,
                                        "Local Hit Blocks": 0,
                                        "Local Read Blocks": 0,
                                        "Local Dirtied Blocks": 0,
                                        "Local Written Blocks": 0,
                                        "Temp Read Blocks": 0,
                                        "Temp Written Blocks": 0,
                                        "WAL Records": 0,
                                        "WAL FPI": 0,
                                        "WAL Bytes": 0,
                                        "Workers": [
                                            {
                                                "Worker Number": 0,
                                                "Actual Startup Time": 0.102,
                                                "Actual Total Time": 2220.544,
                                                "Actual Rows": 26113,
                                                "Actual Loops": 1,
                                                "Shared Hit Blocks": 1870,
                                                "Shared Read Blocks": 167936,
                                                "Shared Dirtied Blocks": 0,
                                                "Shared Written Blocks": 0,
                                                "Local Hit Blocks": 0,
                                                "Local Read Blocks": 0,
                                                "Local Dirtied Blocks": 0,
                                                "Local Written Blocks": 0,
                                                "Temp Read Blocks": 0,
                                                "Temp Written Blocks": 0,
                                                "WAL Records": 0,
                                                "WAL FPI": 0,
                                                "WAL Bytes": 0
                                            },
                                            {
                                                "Worker Number": 1,
                                                "Actual Startup Time": 0.095,
                                                "Actual Total Time": 2220.501,
                                                "Actual Rows": 26107,
                                                "Actual Loops": 1,
                                                "Shared Hit Blocks": 1909,
                                                "Shared Read Blocks": 167859,
                                                "Shared Dirtied Blocks": 0,
                                                "Shared Written Blocks": 0,
                                                "Local Hit Blocks": 0,
                                                "Local Read Blocks": 0,
                                                "Local Dirtied Blocks": 0,
                                                "Local Written Blocks": 0,
                                                "Temp Read Blocks": 0,
                                                "Temp Written Blocks": 0,
                                                "WAL Records": 0,
                                                "WAL FPI": 0,
                                                "WAL Bytes": 0
                                            }
                                        ]
                                    }
                                ]
                            },
                            "Settings": {},
                            "Planning": {
                                "Shared Hit Blocks": 0,
                                "Shared Read Blocks": 0,
                                "Shared Dirtied Blocks": 0,
                                "Shared Written Blocks": 0,
                                "Local Hit Blocks": 0,
                                "Local Read Blocks": 0,
                                "Local Dirtied Blocks": 0,
                                "Local Written Blocks": 0,
                                "Temp Read Blocks": 0,
                                "Temp Written Blocks": 0
                            },
                            "Planning Time": 0.097,
                            "Triggers": [],
                            "Execution Time": 2225.052
                        },
                        "any_explanation": {
                            "Plan": {
                                "Node Type": "Seq Scan",
                                "Parallel Aware": false,
                                "Async Capable": false,
                                "Relation Name": "tests_benchmark_booltester015",
                                "Schema": "public",
                                "Alias": "tests_benchmark_booltester015",
                                "Startup Cost": 0.0,
                                "Total Cost": 1309555.0,
                                "Plan Rows": 79921064,
                                "Plan Width": 24,
                                "Actual Startup Time": 0.017,
                                "Actual Total Time": 6964.7,
                                "Actual Rows": 79921917,
                                "Actual Loops": 1,
                                "Output": [
                                    "id",
                                    "flg_0",
                                    "flg_1",
                                    "flg_2",
                                    "flg_3",
                                    "flg_4",
                                    "flg_5",
                                    "flg_6",
                                    "flg_7",
                                    "flg_8",
                                    "flg_9",
                                    "flg_10",
                                    "flg_11",
                                    "flg_12",
                                    "flg_13",
                                    "flg_14",
                                    "flg_15"
                                ],
                                "Filter": "(tests_benchmark_booltester015.flg_0 OR tests_benchmark_booltester015.flg_1 OR tests_benchmark_booltester015.flg_2 OR tests_benchmark_booltester015.flg_6 OR tests_benchmark_booltester015.flg_7 OR tests_benchmark_booltester015.flg_9 OR tests_benchmark_booltester015.flg_10 OR tests_benchmark_booltester015.flg_12 OR tests_benchmark_booltester015.flg_13 OR tests_benchmark_booltester015.flg_14)",
                                "Rows Removed by Filter": 78084,
                                "Shared Hit Blocks": 5984,
                                "Shared Read Blocks": 503571,
                                "Shared Dirtied Blocks": 0,
                                "Shared Written Blocks": 0,
                                "Local Hit Blocks": 0,
                                "Local Read Blocks": 0,
                                "Local Dirtied Blocks": 0,
                                "Local Written Blocks": 0,
                                "Temp Read Blocks": 0,
                                "Temp Written Blocks": 0,
                                "WAL Records": 0,
                                "WAL FPI": 0,
                                "WAL Bytes": 0
                            },
                            "Settings": {},
                            "Planning": {
                                "Shared Hit Blocks": 0,
                                "Shared Read Blocks": 0,
                                "Shared Dirtied Blocks": 0,
                                "Shared Written Blocks": 0,
                                "Local Hit Blocks": 0,
                                "Local Read Blocks": 0,
                                "Local Dirtied Blocks": 0,
                                "Local Written Blocks": 0,
                                "Temp Read Blocks": 0,
                                "Temp Written Blocks": 0
                            },
                            "Planning Time": 0.095,
                            "Triggers": [],
                            "Execution Time": 8594.793
                        },
                        "exact_explanation": {
                            "Plan": {
                                "Node Type": "Gather",
                                "Parallel Aware": false,
                                "Async Capable": false,
                                "Startup Cost": 1000.0,
                                "Total Cost": 844011.23,
                                "Plan Rows": 1229,
                                "Plan Width": 24,
                                "Actual Startup Time": 9.601,
                                "Actual Total Time": 2438.82,
                                "Actual Rows": 1230,
                                "Actual Loops": 1,
                                "Output": [
                                    "id",
                                    "flg_0",
                                    "flg_1",
                                    "flg_2",
                                    "flg_3",
                                    "flg_4",
                                    "flg_5",
                                    "flg_6",
                                    "flg_7",
                                    "flg_8",
                                    "flg_9",
                                    "flg_10",
                                    "flg_11",
                                    "flg_12",
                                    "flg_13",
                                    "flg_14",
                                    "flg_15"
                                ],
                                "Workers Planned": 2,
                                "Workers Launched": 2,
                                "Single Copy": false,
                                "Shared Hit Blocks": 6112,
                                "Shared Read Blocks": 503443,
                                "Shared Dirtied Blocks": 0,
                                "Shared Written Blocks": 0,
                                "Local Hit Blocks": 0,
                                "Local Read Blocks": 0,
                                "Local Dirtied Blocks": 0,
                                "Local Written Blocks": 0,
                                "Temp Read Blocks": 0,
                                "Temp Written Blocks": 0,
                                "WAL Records": 0,
                                "WAL FPI": 0,
                                "WAL Bytes": 0,
                                "Plans": [
                                    {
                                        "Node Type": "Seq Scan",
                                        "Parent Relationship": "Outer",
                                        "Parallel Aware": true,
                                        "Async Capable": false,
                                        "Relation Name": "tests_benchmark_booltester015",
                                        "Schema": "public",
                                        "Alias": "tests_benchmark_booltester015",
                                        "Startup Cost": 0.0,
                                        "Total Cost": 842888.33,
                                        "Plan Rows": 512,
                                        "Plan Width": 24,
                                        "Actual Startup Time": 3.942,
                                        "Actual Total Time": 2436.472,
                                        "Actual Rows": 410,
                                        "Actual Loops": 3,
                                        "Output": [
                                            "id",
                                            "flg_0",
                                            "flg_1",
                                            "flg_2",
                                            "flg_3",
                                            "flg_4",
                                            "flg_5",
                                            "flg_6",
                                            "flg_7",
                                            "flg_8",
                                            "flg_9",
                                            "flg_10",
                                            "flg_11",
                                            "flg_12",
                                            "flg_13",
                                            "flg_14",
                                            "flg_15"
                                        ],
                                        "Filter": "(tests_benchmark_booltester015.flg_0 AND tests_benchmark_booltester015.flg_1 AND tests_benchmark_booltester015.flg_2 AND (NOT tests_benchmark_booltester015.flg_3) AND (NOT tests_benchmark_booltester015.flg_4) AND (NOT tests_benchmark_booltester015.flg_5) AND tests_benchmark_booltester015.flg_6 AND tests_benchmark_booltester015.flg_7 AND (NOT tests_benchmark_booltester015.flg_8) AND tests_benchmark_booltester015.flg_9 AND tests_benchmark_booltester015.flg_10 AND (NOT tests_benchmark_booltester015.flg_11) AND tests_benchmark_booltester015.flg_12 AND tests_benchmark_booltester015.flg_13 AND tests_benchmark_booltester015.flg_14 AND (NOT tests_benchmark_booltester015.flg_15))",
                                        "Rows Removed by Filter": 26666257,
                                        "Shared Hit Blocks": 6112,
                                        "Shared Read Blocks": 503443,
                                        "Shared Dirtied Blocks": 0,
                                        "Shared Written Blocks": 0,
                                        "Local Hit Blocks": 0,
                                        "Local Read Blocks": 0,
                                        "Local Dirtied Blocks": 0,
                                        "Local Written Blocks": 0,
                                        "Temp Read Blocks": 0,
                                        "Temp Written Blocks": 0,
                                        "WAL Records": 0,
                                        "WAL FPI": 0,
                                        "WAL Bytes": 0,
                                        "Workers": [
                                            {
                                                "Worker Number": 0,
                                                "Actual Startup Time": 1.896,
                                                "Actual Total Time": 2435.827,
                                                "Actual Rows": 417,
                                                "Actual Loops": 1,
                                                "Shared Hit Blocks": 2002,
                                                "Shared Read Blocks": 167840,
                                                "Shared Dirtied Blocks": 0,
                                                "Shared Written Blocks": 0,
                                                "Local Hit Blocks": 0,
                                                "Local Read Blocks": 0,
                                                "Local Dirtied Blocks": 0,
                                                "Local Written Blocks": 0,
                                                "Temp Read Blocks": 0,
                                                "Temp Written Blocks": 0,
                                                "WAL Records": 0,
                                                "WAL FPI": 0,
                                                "WAL Bytes": 0
                                            },
                                            {
                                                "Worker Number": 1,
                                                "Actual Startup Time": 0.408,
                                                "Actual Total Time": 2435.854,
                                                "Actual Rows": 406,
                                                "Actual Loops": 1,
                                                "Shared Hit Blocks": 1996,
                                                "Shared Read Blocks": 167763,
                                                "Shared Dirtied Blocks": 0,
                                                "Shared Written Blocks": 0,
                                                "Local Hit Blocks": 0,
                                                "Local Read Blocks": 0,
                                                "Local Dirtied Blocks": 0,
                                                "Local Written Blocks": 0,
                                                "Temp Read Blocks": 0,
                                                "Temp Written Blocks": 0,
                                                "WAL Records": 0,
                                                "WAL FPI": 0,
                                                "WAL Bytes": 0
                                            }
                                        ]
                                    }
                                ]
                            },
                            "Settings": {},
                            "Planning": {
                                "Shared Hit Blocks": 0,
                                "Shared Read Blocks": 0,
                                "Shared Dirtied Blocks": 0,
                                "Shared Written Blocks": 0,
                                "Local Hit Blocks": 0,
                                "Local Read Blocks": 0,
                                "Local Dirtied Blocks": 0,
                                "Local Written Blocks": 0,
                                "Temp Read Blocks": 0,
                                "Temp Written Blocks": 0
                            },
                            "Planning Time": 0.122,
                            "Triggers": [],
                            "Execution Time": 2438.895
                        },
                        "all_ftr_time": 2.2782105,
                        "any_ftr_time": 8.7770668,
                        "exact_ftr_time": 2.4743380000000004
                    },
                    "100000000": {
                        "all_time": 2.807586558297044,
                        "any_time": 13.971860608295538,
                        "exact_time": 3.10937270430004,
                        "table_size": 18253611008.0,
                        "index_time": 521.2085447919962,
                        "all_explanation": {
                            "Plan": {
                                "Node Type": "Gather",
                                "Parallel Aware": false,
                                "Async Capable": false,
                                "Startup Cost": 1000.0,
                                "Total Cost": 1064497.67,
                                "Plan Rows": 98880,
                                "Plan Width": 24,
                                "Actual Startup Time": 0.172,
                                "Actual Total Time": 3063.538,
                                "Actual Rows": 97608,
                                "Actual Loops": 1,
                                "Output": [
                                    "id",
                                    "flg_0",
                                    "flg_1",
                                    "flg_2",
                                    "flg_3",
                                    "flg_4",
                                    "flg_5",
                                    "flg_6",
                                    "flg_7",
                                    "flg_8",
                                    "flg_9",
                                    "flg_10",
                                    "flg_11",
                                    "flg_12",
                                    "flg_13",
                                    "flg_14",
                                    "flg_15"
                                ],
                                "Workers Planned": 2,
                                "Workers Launched": 2,
                                "Single Copy": false,
                                "Shared Hit Blocks": 5792,
                                "Shared Read Blocks": 631151,
                                "Shared Dirtied Blocks": 0,
                                "Shared Written Blocks": 0,
                                "Local Hit Blocks": 0,
                                "Local Read Blocks": 0,
                                "Local Dirtied Blocks": 0,
                                "Local Written Blocks": 0,
                                "Temp Read Blocks": 0,
                                "Temp Written Blocks": 0,
                                "WAL Records": 0,
                                "WAL FPI": 0,
                                "WAL Bytes": 0,
                                "Plans": [
                                    {
                                        "Node Type": "Seq Scan",
                                        "Parent Relationship": "Outer",
                                        "Parallel Aware": true,
                                        "Async Capable": false,
                                        "Relation Name": "tests_benchmark_booltester015",
                                        "Schema": "public",
                                        "Alias": "tests_benchmark_booltester015",
                                        "Startup Cost": 0.0,
                                        "Total Cost": 1053609.67,
                                        "Plan Rows": 41200,
                                        "Plan Width": 24,
                                        "Actual Startup Time": 0.118,
                                        "Actual Total Time": 3059.881,
                                        "Actual Rows": 32536,
                                        "Actual Loops": 3,
                                        "Output": [
                                            "id",
                                            "flg_0",
                                            "flg_1",
                                            "flg_2",
                                            "flg_3",
                                            "flg_4",
                                            "flg_5",
                                            "flg_6",
                                            "flg_7",
                                            "flg_8",
                                            "flg_9",
                                            "flg_10",
                                            "flg_11",
                                            "flg_12",
                                            "flg_13",
                                            "flg_14",
                                            "flg_15"
                                        ],
                                        "Filter": "(tests_benchmark_booltester015.flg_2 AND tests_benchmark_booltester015.flg_3 AND tests_benchmark_booltester015.flg_5 AND tests_benchmark_booltester015.flg_7 AND tests_benchmark_booltester015.flg_8 AND tests_benchmark_booltester015.flg_9 AND tests_benchmark_booltester015.flg_10 AND tests_benchmark_booltester015.flg_11 AND tests_benchmark_booltester015.flg_13 AND tests_benchmark_booltester015.flg_15)",
                                        "Rows Removed by Filter": 33300798,
                                        "Shared Hit Blocks": 5792,
                                        "Shared Read Blocks": 631151,
                                        "Shared Dirtied Blocks": 0,
                                        "Shared Written Blocks": 0,
                                        "Local Hit Blocks": 0,
                                        "Local Read Blocks": 0,
                                        "Local Dirtied Blocks": 0,
                                        "Local Written Blocks": 0,
                                        "Temp Read Blocks": 0,
                                        "Temp Written Blocks": 0,
                                        "WAL Records": 0,
                                        "WAL FPI": 0,
                                        "WAL Bytes": 0,
                                        "Workers": [
                                            {
                                                "Worker Number": 0,
                                                "Actual Startup Time": 0.082,
                                                "Actual Total Time": 3060.55,
                                                "Actual Rows": 32499,
                                                "Actual Loops": 1,
                                                "Shared Hit Blocks": 1540,
                                                "Shared Read Blocks": 210640,
                                                "Shared Dirtied Blocks": 0,
                                                "Shared Written Blocks": 0,
                                                "Local Hit Blocks": 0,
                                                "Local Read Blocks": 0,
                                                "Local Dirtied Blocks": 0,
                                                "Local Written Blocks": 0,
                                                "Temp Read Blocks": 0,
                                                "Temp Written Blocks": 0,
                                                "WAL Records": 0,
                                                "WAL FPI": 0,
                                                "WAL Bytes": 0
                                            },
                                            {
                                                "Worker Number": 1,
                                                "Actual Startup Time": 0.177,
                                                "Actual Total Time": 3060.749,
                                                "Actual Rows": 32243,
                                                "Actual Loops": 1,
                                                "Shared Hit Blocks": 1879,
                                                "Shared Read Blocks": 210385,
                                                "Shared Dirtied Blocks": 0,
                                                "Shared Written Blocks": 0,
                                                "Local Hit Blocks": 0,
                                                "Local Read Blocks": 0,
                                                "Local Dirtied Blocks": 0,
                                                "Local Written Blocks": 0,
                                                "Temp Read Blocks": 0,
                                                "Temp Written Blocks": 0,
                                                "WAL Records": 0,
                                                "WAL FPI": 0,
                                                "WAL Bytes": 0
                                            }
                                        ]
                                    }
                                ]
                            },
                            "Settings": {},
                            "Planning": {
                                "Shared Hit Blocks": 0,
                                "Shared Read Blocks": 0,
                                "Shared Dirtied Blocks": 0,
                                "Shared Written Blocks": 0,
                                "Local Hit Blocks": 0,
                                "Local Read Blocks": 0,
                                "Local Dirtied Blocks": 0,
                                "Local Written Blocks": 0,
                                "Temp Read Blocks": 0,
                                "Temp Written Blocks": 0
                            },
                            "Planning Time": 0.1,
                            "Triggers": [],
                            "Execution Time": 3065.891
                        },
                        "any_explanation": {
                            "Plan": {
                                "Node Type": "Seq Scan",
                                "Parallel Aware": false,
                                "Async Capable": false,
                                "Relation Name": "tests_benchmark_booltester015",
                                "Schema": "public",
                                "Alias": "tests_benchmark_booltester015",
                                "Startup Cost": 0.0,
                                "Total Cost": 1636943.0,
                                "Plan Rows": 99903567,
                                "Plan Width": 24,
                                "Actual Startup Time": 0.005,
                                "Actual Total Time": 9490.588,
                                "Actual Rows": 99902596,
                                "Actual Loops": 1,
                                "Output": [
                                    "id",
                                    "flg_0",
                                    "flg_1",
                                    "flg_2",
                                    "flg_3",
                                    "flg_4",
                                    "flg_5",
                                    "flg_6",
                                    "flg_7",
                                    "flg_8",
                                    "flg_9",
                                    "flg_10",
                                    "flg_11",
                                    "flg_12",
                                    "flg_13",
                                    "flg_14",
                                    "flg_15"
                                ],
                                "Filter": "(tests_benchmark_booltester015.flg_2 OR tests_benchmark_booltester015.flg_3 OR tests_benchmark_booltester015.flg_5 OR tests_benchmark_booltester015.flg_7 OR tests_benchmark_booltester015.flg_8 OR tests_benchmark_booltester015.flg_9 OR tests_benchmark_booltester015.flg_10 OR tests_benchmark_booltester015.flg_11 OR tests_benchmark_booltester015.flg_13 OR tests_benchmark_booltester015.flg_15)",
                                "Rows Removed by Filter": 97405,
                                "Shared Hit Blocks": 5984,
                                "Shared Read Blocks": 630959,
                                "Shared Dirtied Blocks": 0,
                                "Shared Written Blocks": 0,
                                "Local Hit Blocks": 0,
                                "Local Read Blocks": 0,
                                "Local Dirtied Blocks": 0,
                                "Local Written Blocks": 0,
                                "Temp Read Blocks": 0,
                                "Temp Written Blocks": 0,
                                "WAL Records": 0,
                                "WAL FPI": 0,
                                "WAL Bytes": 0
                            },
                            "Settings": {},
                            "Planning": {
                                "Shared Hit Blocks": 0,
                                "Shared Read Blocks": 0,
                                "Shared Dirtied Blocks": 0,
                                "Shared Written Blocks": 0,
                                "Local Hit Blocks": 0,
                                "Local Read Blocks": 0,
                                "Local Dirtied Blocks": 0,
                                "Local Written Blocks": 0,
                                "Temp Read Blocks": 0,
                                "Temp Written Blocks": 0
                            },
                            "Planning Time": 0.088,
                            "Triggers": [],
                            "Execution Time": 11533.732
                        },
                        "exact_explanation": {
                            "Plan": {
                                "Node Type": "Gather",
                                "Parallel Aware": false,
                                "Async Capable": false,
                                "Startup Cost": 1000.0,
                                "Total Cost": 1054763.27,
                                "Plan Rows": 1536,
                                "Plan Width": 24,
                                "Actual Startup Time": 19.232,
                                "Actual Total Time": 3126.668,
                                "Actual Rows": 1561,
                                "Actual Loops": 1,
                                "Output": [
                                    "id",
                                    "flg_0",
                                    "flg_1",
                                    "flg_2",
                                    "flg_3",
                                    "flg_4",
                                    "flg_5",
                                    "flg_6",
                                    "flg_7",
                                    "flg_8",
                                    "flg_9",
                                    "flg_10",
                                    "flg_11",
                                    "flg_12",
                                    "flg_13",
                                    "flg_14",
                                    "flg_15"
                                ],
                                "Workers Planned": 2,
                                "Workers Launched": 2,
                                "Single Copy": false,
                                "Shared Hit Blocks": 6112,
                                "Shared Read Blocks": 630831,
                                "Shared Dirtied Blocks": 0,
                                "Shared Written Blocks": 0,
                                "Local Hit Blocks": 0,
                                "Local Read Blocks": 0,
                                "Local Dirtied Blocks": 0,
                                "Local Written Blocks": 0,
                                "Temp Read Blocks": 0,
                                "Temp Written Blocks": 0,
                                "WAL Records": 0,
                                "WAL FPI": 0,
                                "WAL Bytes": 0,
                                "Plans": [
                                    {
                                        "Node Type": "Seq Scan",
                                        "Parent Relationship": "Outer",
                                        "Parallel Aware": true,
                                        "Async Capable": false,
                                        "Relation Name": "tests_benchmark_booltester015",
                                        "Schema": "public",
                                        "Alias": "tests_benchmark_booltester015",
                                        "Startup Cost": 0.0,
                                        "Total Cost": 1053609.67,
                                        "Plan Rows": 640,
                                        "Plan Width": 24,
                                        "Actual Startup Time": 9.316,
                                        "Actual Total Time": 3124.046,
                                        "Actual Rows": 520,
                                        "Actual Loops": 3,
                                        "Output": [
                                            "id",
                                            "flg_0",
                                            "flg_1",
                                            "flg_2",
                                            "flg_3",
                                            "flg_4",
                                            "flg_5",
                                            "flg_6",
                                            "flg_7",
                                            "flg_8",
                                            "flg_9",
                                            "flg_10",
                                            "flg_11",
                                            "flg_12",
                                            "flg_13",
                                            "flg_14",
                                            "flg_15"
                                        ],
                                        "Filter": "((NOT tests_benchmark_booltester015.flg_0) AND (NOT tests_benchmark_booltester015.flg_1) AND tests_benchmark_booltester015.flg_2 AND tests_benchmark_booltester015.flg_3 AND (NOT tests_benchmark_booltester015.flg_4) AND tests_benchmark_booltester015.flg_5 AND (NOT tests_benchmark_booltester015.flg_6) AND tests_benchmark_booltester015.flg_7 AND tests_benchmark_booltester015.flg_8 AND tests_benchmark_booltester015.flg_9 AND tests_benchmark_booltester015.flg_10 AND tests_benchmark_booltester015.flg_11 AND (NOT tests_benchmark_booltester015.flg_12) AND tests_benchmark_booltester015.flg_13 AND (NOT tests_benchmark_booltester015.flg_14) AND tests_benchmark_booltester015.flg_15)",
                                        "Rows Removed by Filter": 33332813,
                                        "Shared Hit Blocks": 6112,
                                        "Shared Read Blocks": 630831,
                                        "Shared Dirtied Blocks": 0,
                                        "Shared Written Blocks": 0,
                                        "Local Hit Blocks": 0,
                                        "Local Read Blocks": 0,
                                        "Local Dirtied Blocks": 0,
                                        "Local Written Blocks": 0,
                                        "Temp Read Blocks": 0,
                                        "Temp Written Blocks": 0,
                                        "WAL Records": 0,
                                        "WAL FPI": 0,
                                        "WAL Bytes": 0,
                                        "Workers": [
                                            {
                                                "Worker Number": 0,
                                                "Actual Startup Time": 6.615,
                                                "Actual Total Time": 3123.295,
                                                "Actual Rows": 514,
                                                "Actual Loops": 1,
                                                "Shared Hit Blocks": 1623,
                                                "Shared Read Blocks": 210656,
                                                "Shared Dirtied Blocks": 0,
                                                "Shared Written Blocks": 0,
                                                "Local Hit Blocks": 0,
                                                "Local Read Blocks": 0,
                                                "Local Dirtied Blocks": 0,
                                                "Local Written Blocks": 0,
                                                "Temp Read Blocks": 0,
                                                "Temp Written Blocks": 0,
                                                "WAL Records": 0,
                                                "WAL FPI": 0,
                                                "WAL Bytes": 0
                                            },
                                            {
                                                "Worker Number": 1,
                                                "Actual Startup Time": 2.186,
                                                "Actual Total Time": 3123.325,
                                                "Actual Rows": 517,
                                                "Actual Loops": 1,
                                                "Shared Hit Blocks": 1943,
                                                "Shared Read Blocks": 210209,
                                                "Shared Dirtied Blocks": 0,
                                                "Shared Written Blocks": 0,
                                                "Local Hit Blocks": 0,
                                                "Local Read Blocks": 0,
                                                "Local Dirtied Blocks": 0,
                                                "Local Written Blocks": 0,
                                                "Temp Read Blocks": 0,
                                                "Temp Written Blocks": 0,
                                                "WAL Records": 0,
                                                "WAL FPI": 0,
                                                "WAL Bytes": 0
                                            }
                                        ]
                                    }
                                ]
                            },
                            "Settings": {},
                            "Planning": {
                                "Shared Hit Blocks": 0,
                                "Shared Read Blocks": 0,
                                "Shared Dirtied Blocks": 0,
                                "Shared Written Blocks": 0,
                                "Local Hit Blocks": 0,
                                "Local Read Blocks": 0,
                                "Local Dirtied Blocks": 0,
                                "Local Written Blocks": 0,
                                "Temp Read Blocks": 0,
                                "Temp Written Blocks": 0
                            },
                            "Planning Time": 0.115,
                            "Triggers": [],
                            "Execution Time": 3126.757
                        },
                        "all_ftr_time": 2.7855863,
                        "any_ftr_time": 10.783267100000002,
                        "exact_ftr_time": 3.1055426000000006
                    }
                }
            },
            "[BOOL] MultiCol Index": {
                "16": {
                    "10": {
                        "all_time": 0.001792866497999057,
                        "any_time": 0.0016047956989496015,
                        "exact_time": 0.001156208101019729,
                        "table_size": 40960.0,
                        "index_time": 0.0008439169905614108,
                        "all_explanation": {
                            "Plan": {
                                "Node Type": "Seq Scan",
                                "Parallel Aware": false,
                                "Async Capable": false,
                                "Relation Name": "tests_benchmark_booltester015",
                                "Schema": "public",
                                "Alias": "tests_benchmark_booltester015",
                                "Startup Cost": 0.0,
                                "Total Cost": 1.3,
                                "Plan Rows": 1,
                                "Plan Width": 24,
                                "Actual Startup Time": 0.003,
                                "Actual Total Time": 0.003,
                                "Actual Rows": 0,
                                "Actual Loops": 1,
                                "Output": [
                                    "id",
                                    "flg_0",
                                    "flg_1",
                                    "flg_2",
                                    "flg_3",
                                    "flg_4",
                                    "flg_5",
                                    "flg_6",
                                    "flg_7",
                                    "flg_8",
                                    "flg_9",
                                    "flg_10",
                                    "flg_11",
                                    "flg_12",
                                    "flg_13",
                                    "flg_14",
                                    "flg_15"
                                ],
                                "Filter": "(tests_benchmark_booltester015.flg_4 AND tests_benchmark_booltester015.flg_5 AND tests_benchmark_booltester015.flg_6 AND tests_benchmark_booltester015.flg_7 AND tests_benchmark_booltester015.flg_8 AND tests_benchmark_booltester015.flg_9 AND tests_benchmark_booltester015.flg_10 AND tests_benchmark_booltester015.flg_12 AND tests_benchmark_booltester015.flg_14 AND (tests_benchmark_booltester015.flg_0 = ANY ('{t,f}'::boolean[])) AND (tests_benchmark_booltester015.flg_1 = ANY ('{t,f}'::boolean[])) AND (tests_benchmark_booltester015.flg_2 = ANY ('{t,f}'::boolean[])) AND (tests_benchmark_booltester015.flg_3 = ANY ('{t,f}'::boolean[])) AND (tests_benchmark_booltester015.flg_11 = ANY ('{t,f}'::boolean[])) AND (tests_benchmark_booltester015.flg_13 = ANY ('{t,f}'::boolean[])) AND (tests_benchmark_booltester015.flg_15 = ANY ('{t,f}'::boolean[])))",
                                "Rows Removed by Filter": 11,
                                "Shared Hit Blocks": 1,
                                "Shared Read Blocks": 0,
                                "Shared Dirtied Blocks": 0,
                                "Shared Written Blocks": 0,
                                "Local Hit Blocks": 0,
                                "Local Read Blocks": 0,
                                "Local Dirtied Blocks": 0,
                                "Local Written Blocks": 0,
                                "Temp Read Blocks": 0,
                                "Temp Written Blocks": 0,
                                "WAL Records": 0,
                                "WAL FPI": 0,
                                "WAL Bytes": 0
                            },
                            "Settings": {},
                            "Planning": {
                                "Shared Hit Blocks": 0,
                                "Shared Read Blocks": 0,
                                "Shared Dirtied Blocks": 0,
                                "Shared Written Blocks": 0,
                                "Local Hit Blocks": 0,
                                "Local Read Blocks": 0,
                                "Local Dirtied Blocks": 0,
                                "Local Written Blocks": 0,
                                "Temp Read Blocks": 0,
                                "Temp Written Blocks": 0
                            },
                            "Planning Time": 0.035,
                            "Triggers": [],
                            "Execution Time": 0.006
                        },
                        "any_explanation": {
                            "Plan": {
                                "Node Type": "Seq Scan",
                                "Parallel Aware": false,
                                "Async Capable": false,
                                "Relation Name": "tests_benchmark_booltester015",
                                "Schema": "public",
                                "Alias": "tests_benchmark_booltester015",
                                "Startup Cost": 0.0,
                                "Total Cost": 1.11,
                                "Plan Rows": 11,
                                "Plan Width": 24,
                                "Actual Startup Time": 0.002,
                                "Actual Total Time": 0.002,
                                "Actual Rows": 11,
                                "Actual Loops": 1,
                                "Output": [
                                    "id",
                                    "flg_0",
                                    "flg_1",
                                    "flg_2",
                                    "flg_3",
                                    "flg_4",
                                    "flg_5",
                                    "flg_6",
                                    "flg_7",
                                    "flg_8",
                                    "flg_9",
                                    "flg_10",
                                    "flg_11",
                                    "flg_12",
                                    "flg_13",
                                    "flg_14",
                                    "flg_15"
                                ],
                                "Filter": "(tests_benchmark_booltester015.flg_4 OR tests_benchmark_booltester015.flg_5 OR tests_benchmark_booltester015.flg_6 OR tests_benchmark_booltester015.flg_7 OR tests_benchmark_booltester015.flg_8 OR tests_benchmark_booltester015.flg_9 OR tests_benchmark_booltester015.flg_10 OR tests_benchmark_booltester015.flg_12 OR tests_benchmark_booltester015.flg_14)",
                                "Rows Removed by Filter": 0,
                                "Shared Hit Blocks": 1,
                                "Shared Read Blocks": 0,
                                "Shared Dirtied Blocks": 0,
                                "Shared Written Blocks": 0,
                                "Local Hit Blocks": 0,
                                "Local Read Blocks": 0,
                                "Local Dirtied Blocks": 0,
                                "Local Written Blocks": 0,
                                "Temp Read Blocks": 0,
                                "Temp Written Blocks": 0,
                                "WAL Records": 0,
                                "WAL FPI": 0,
                                "WAL Bytes": 0
                            },
                            "Settings": {},
                            "Planning": {
                                "Shared Hit Blocks": 0,
                                "Shared Read Blocks": 0,
                                "Shared Dirtied Blocks": 0,
                                "Shared Written Blocks": 0,
                                "Local Hit Blocks": 0,
                                "Local Read Blocks": 0,
                                "Local Dirtied Blocks": 0,
                                "Local Written Blocks": 0,
                                "Temp Read Blocks": 0,
                                "Temp Written Blocks": 0
                            },
                            "Planning Time": 0.017,
                            "Triggers": [],
                            "Execution Time": 0.005
                        },
                        "exact_explanation": {
                            "Plan": {
                                "Node Type": "Seq Scan",
                                "Parallel Aware": false,
                                "Async Capable": false,
                                "Relation Name": "tests_benchmark_booltester015",
                                "Schema": "public",
                                "Alias": "tests_benchmark_booltester015",
                                "Startup Cost": 0.0,
                                "Total Cost": 1.11,
                                "Plan Rows": 1,
                                "Plan Width": 24,
                                "Actual Startup Time": 0.003,
                                "Actual Total Time": 0.003,
                                "Actual Rows": 0,
                                "Actual Loops": 1,
                                "Output": [
                                    "id",
                                    "flg_0",
                                    "flg_1",
                                    "flg_2",
                                    "flg_3",
                                    "flg_4",
                                    "flg_5",
                                    "flg_6",
                                    "flg_7",
                                    "flg_8",
                                    "flg_9",
                                    "flg_10",
                                    "flg_11",
                                    "flg_12",
                                    "flg_13",
                                    "flg_14",
                                    "flg_15"
                                ],
                                "Filter": "((NOT tests_benchmark_booltester015.flg_0) AND (NOT tests_benchmark_booltester015.flg_1) AND (NOT tests_benchmark_booltester015.flg_2) AND (NOT tests_benchmark_booltester015.flg_3) AND tests_benchmark_booltester015.flg_4 AND tests_benchmark_booltester015.flg_5 AND tests_benchmark_booltester015.flg_6 AND tests_benchmark_booltester015.flg_7 AND tests_benchmark_booltester015.flg_8 AND tests_benchmark_booltester015.flg_9 AND tests_benchmark_booltester015.flg_10 AND (NOT tests_benchmark_booltester015.flg_11) AND tests_benchmark_booltester015.flg_12 AND (NOT tests_benchmark_booltester015.flg_13) AND tests_benchmark_booltester015.flg_14 AND (NOT tests_benchmark_booltester015.flg_15))",
                                "Rows Removed by Filter": 11,
                                "Shared Hit Blocks": 1,
                                "Shared Read Blocks": 0,
                                "Shared Dirtied Blocks": 0,
                                "Shared Written Blocks": 0,
                                "Local Hit Blocks": 0,
                                "Local Read Blocks": 0,
                                "Local Dirtied Blocks": 0,
                                "Local Written Blocks": 0,
                                "Temp Read Blocks": 0,
                                "Temp Written Blocks": 0,
                                "WAL Records": 0,
                                "WAL FPI": 0,
                                "WAL Bytes": 0
                            },
                            "Settings": {},
                            "Planning": {
                                "Shared Hit Blocks": 0,
                                "Shared Read Blocks": 0,
                                "Shared Dirtied Blocks": 0,
                                "Shared Written Blocks": 0,
                                "Local Hit Blocks": 0,
                                "Local Read Blocks": 0,
                                "Local Dirtied Blocks": 0,
                                "Local Written Blocks": 0,
                                "Temp Read Blocks": 0,
                                "Temp Written Blocks": 0
                            },
                            "Planning Time": 0.021,
                            "Triggers": [],
                            "Execution Time": 0.005
                        },
                        "all_ftr_time": 6.3e-06,
                        "any_ftr_time": 5.7e-06,
                        "exact_ftr_time": 6.099999999999999e-06
                    },
                    "100": {
                        "all_time": 0.0016538415031391196,
                        "any_time": 0.001629387799766846,
                        "exact_time": 0.0011385044024791568,
                        "table_size": 40960.0,
                        "index_time": 0.000871958996867761,
                        "all_explanation": {
                            "Plan": {
                                "Node Type": "Seq Scan",
                                "Parallel Aware": false,
                                "Async Capable": false,
                                "Relation Name": "tests_benchmark_booltester015",
                                "Schema": "public",
                                "Alias": "tests_benchmark_booltester015",
                                "Startup Cost": 0.0,
                                "Total Cost": 4.28,
                                "Plan Rows": 1,
                                "Plan Width": 24,
                                "Actual Startup Time": 0.006,
                                "Actual Total Time": 0.012,
                                "Actual Rows": 1,
                                "Actual Loops": 1,
                                "Output": [
                                    "id",
                                    "flg_0",
                                    "flg_1",
                                    "flg_2",
                                    "flg_3",
                                    "flg_4",
                                    "flg_5",
                                    "flg_6",
                                    "flg_7",
                                    "flg_8",
                                    "flg_9",
                                    "flg_10",
                                    "flg_11",
                                    "flg_12",
                                    "flg_13",
                                    "flg_14",
                                    "flg_15"
                                ],
                                "Filter": "(tests_benchmark_booltester015.flg_2 AND tests_benchmark_booltester015.flg_5 AND tests_benchmark_booltester015.flg_6 AND tests_benchmark_booltester015.flg_11 AND tests_benchmark_booltester015.flg_12 AND tests_benchmark_booltester015.flg_13 AND tests_benchmark_booltester015.flg_15 AND (tests_benchmark_booltester015.flg_0 = ANY ('{t,f}'::boolean[])) AND (tests_benchmark_booltester015.flg_1 = ANY ('{t,f}'::boolean[])) AND (tests_benchmark_booltester015.flg_3 = ANY ('{t,f}'::boolean[])) AND (tests_benchmark_booltester015.flg_4 = ANY ('{t,f}'::boolean[])) AND (tests_benchmark_booltester015.flg_7 = ANY ('{t,f}'::boolean[])) AND (tests_benchmark_booltester015.flg_8 = ANY ('{t,f}'::boolean[])) AND (tests_benchmark_booltester015.flg_9 = ANY ('{t,f}'::boolean[])) AND (tests_benchmark_booltester015.flg_10 = ANY ('{t,f}'::boolean[])) AND (tests_benchmark_booltester015.flg_14 = ANY ('{t,f}'::boolean[])))",
                                "Rows Removed by Filter": 100,
                                "Shared Hit Blocks": 1,
                                "Shared Read Blocks": 0,
                                "Shared Dirtied Blocks": 0,
                                "Shared Written Blocks": 0,
                                "Local Hit Blocks": 0,
                                "Local Read Blocks": 0,
                                "Local Dirtied Blocks": 0,
                                "Local Written Blocks": 0,
                                "Temp Read Blocks": 0,
                                "Temp Written Blocks": 0,
                                "WAL Records": 0,
                                "WAL FPI": 0,
                                "WAL Bytes": 0
                            },
                            "Settings": {},
                            "Planning": {
                                "Shared Hit Blocks": 0,
                                "Shared Read Blocks": 0,
                                "Shared Dirtied Blocks": 0,
                                "Shared Written Blocks": 0,
                                "Local Hit Blocks": 0,
                                "Local Read Blocks": 0,
                                "Local Dirtied Blocks": 0,
                                "Local Written Blocks": 0,
                                "Temp Read Blocks": 0,
                                "Temp Written Blocks": 0
                            },
                            "Planning Time": 0.036,
                            "Triggers": [],
                            "Execution Time": 0.016
                        },
                        "any_explanation": {
                            "Plan": {
                                "Node Type": "Seq Scan",
                                "Parallel Aware": false,
                                "Async Capable": false,
                                "Relation Name": "tests_benchmark_booltester015",
                                "Schema": "public",
                                "Alias": "tests_benchmark_booltester015",
                                "Startup Cost": 0.0,
                                "Total Cost": 2.01,
                                "Plan Rows": 100,
                                "Plan Width": 24,
                                "Actual Startup Time": 0.002,
                                "Actual Total Time": 0.011,
                                "Actual Rows": 100,
                                "Actual Loops": 1,
                                "Output": [
                                    "id",
                                    "flg_0",
                                    "flg_1",
                                    "flg_2",
                                    "flg_3",
                                    "flg_4",
                                    "flg_5",
                                    "flg_6",
                                    "flg_7",
                                    "flg_8",
                                    "flg_9",
                                    "flg_10",
                                    "flg_11",
                                    "flg_12",
                                    "flg_13",
                                    "flg_14",
                                    "flg_15"
                                ],
                                "Filter": "(tests_benchmark_booltester015.flg_2 OR tests_benchmark_booltester015.flg_5 OR tests_benchmark_booltester015.flg_6 OR tests_benchmark_booltester015.flg_11 OR tests_benchmark_booltester015.flg_12 OR tests_benchmark_booltester015.flg_13 OR tests_benchmark_booltester015.flg_15)",
                                "Rows Removed by Filter": 1,
                                "Shared Hit Blocks": 1,
                                "Shared Read Blocks": 0,
                                "Shared Dirtied Blocks": 0,
                                "Shared Written Blocks": 0,
                                "Local Hit Blocks": 0,
                                "Local Read Blocks": 0,
                                "Local Dirtied Blocks": 0,
                                "Local Written Blocks": 0,
                                "Temp Read Blocks": 0,
                                "Temp Written Blocks": 0,
                                "WAL Records": 0,
                                "WAL FPI": 0,
                                "WAL Bytes": 0
                            },
                            "Settings": {},
                            "Planning": {
                                "Shared Hit Blocks": 0,
                                "Shared Read Blocks": 0,
                                "Shared Dirtied Blocks": 0,
                                "Shared Written Blocks": 0,
                                "Local Hit Blocks": 0,
                                "Local Read Blocks": 0,
                                "Local Dirtied Blocks": 0,
                                "Local Written Blocks": 0,
                                "Temp Read Blocks": 0,
                                "Temp Written Blocks": 0
                            },
                            "Planning Time": 0.016,
                            "Triggers": [],
                            "Execution Time": 0.015
                        },
                        "exact_explanation": {
                            "Plan": {
                                "Node Type": "Seq Scan",
                                "Parallel Aware": false,
                                "Async Capable": false,
                                "Relation Name": "tests_benchmark_booltester015",
                                "Schema": "public",
                                "Alias": "tests_benchmark_booltester015",
                                "Startup Cost": 0.0,
                                "Total Cost": 2.01,
                                "Plan Rows": 1,
                                "Plan Width": 24,
                                "Actual Startup Time": 0.011,
                                "Actual Total Time": 0.011,
                                "Actual Rows": 0,
                                "Actual Loops": 1,
                                "Output": [
                                    "id",
                                    "flg_0",
                                    "flg_1",
                                    "flg_2",
                                    "flg_3",
                                    "flg_4",
                                    "flg_5",
                                    "flg_6",
                                    "flg_7",
                                    "flg_8",
                                    "flg_9",
                                    "flg_10",
                                    "flg_11",
                                    "flg_12",
                                    "flg_13",
                                    "flg_14",
                                    "flg_15"
                                ],
                                "Filter": "((NOT tests_benchmark_booltester015.flg_0) AND (NOT tests_benchmark_booltester015.flg_1) AND tests_benchmark_booltester015.flg_2 AND (NOT tests_benchmark_booltester015.flg_3) AND (NOT tests_benchmark_booltester015.flg_4) AND tests_benchmark_booltester015.flg_5 AND tests_benchmark_booltester015.flg_6 AND (NOT tests_benchmark_booltester015.flg_7) AND (NOT tests_benchmark_booltester015.flg_8) AND (NOT tests_benchmark_booltester015.flg_9) AND (NOT tests_benchmark_booltester015.flg_10) AND tests_benchmark_booltester015.flg_11 AND tests_benchmark_booltester015.flg_12 AND tests_benchmark_booltester015.flg_13 AND (NOT tests_benchmark_booltester015.flg_14) AND tests_benchmark_booltester015.flg_15)",
                                "Rows Removed by Filter": 101,
                                "Shared Hit Blocks": 1,
                                "Shared Read Blocks": 0,
                                "Shared Dirtied Blocks": 0,
                                "Shared Written Blocks": 0,
                                "Local Hit Blocks": 0,
                                "Local Read Blocks": 0,
                                "Local Dirtied Blocks": 0,
                                "Local Written Blocks": 0,
                                "Temp Read Blocks": 0,
                                "Temp Written Blocks": 0,
                                "WAL Records": 0,
                                "WAL FPI": 0,
                                "WAL Bytes": 0
                            },
                            "Settings": {},
                            "Planning": {
                                "Shared Hit Blocks": 0,
                                "Shared Read Blocks": 0,
                                "Shared Dirtied Blocks": 0,
                                "Shared Written Blocks": 0,
                                "Local Hit Blocks": 0,
                                "Local Read Blocks": 0,
                                "Local Dirtied Blocks": 0,
                                "Local Written Blocks": 0,
                                "Temp Read Blocks": 0,
                                "Temp Written Blocks": 0
                            },
                            "Planning Time": 0.022,
                            "Triggers": [],
                            "Execution Time": 0.014
                        },
                        "all_ftr_time": 1.39e-05,
                        "any_ftr_time": 1.5500000000000004e-05,
                        "exact_ftr_time": 1.39e-05
                    },
                    "1000": {
                        "all_time": 0.0014234917020075955,
                        "any_time": 0.0017440373005229049,
                        "exact_time": 0.0011457457992946729,
                        "table_size": 147456.0,
                        "index_time": 0.0017629999929340556,
                        "all_explanation": {
                            "Plan": {
                                "Node Type": "Index Scan",
                                "Parallel Aware": false,
                                "Async Capable": false,
                                "Scan Direction": "Forward",
                                "Index Name": "bool_multi",
                                "Relation Name": "tests_benchmark_booltester015",
                                "Schema": "public",
                                "Alias": "tests_benchmark_booltester015",
                                "Startup Cost": 0.28,
                                "Total Cost": 12.05,
                                "Plan Rows": 1,
                                "Plan Width": 24,
                                "Actual Startup Time": 0.007,
                                "Actual Total Time": 0.007,
                                "Actual Rows": 1,
                                "Actual Loops": 1,
                                "Output": [
                                    "id",
                                    "flg_0",
                                    "flg_1",
                                    "flg_2",
                                    "flg_3",
                                    "flg_4",
                                    "flg_5",
                                    "flg_6",
                                    "flg_7",
                                    "flg_8",
                                    "flg_9",
                                    "flg_10",
                                    "flg_11",
                                    "flg_12",
                                    "flg_13",
                                    "flg_14",
                                    "flg_15"
                                ],
                                "Index Cond": "((tests_benchmark_booltester015.flg_0 = true) AND (tests_benchmark_booltester015.flg_1 = true) AND (tests_benchmark_booltester015.flg_2 = true) AND (tests_benchmark_booltester015.flg_4 = true) AND (tests_benchmark_booltester015.flg_6 = true) AND (tests_benchmark_booltester015.flg_7 = true) AND (tests_benchmark_booltester015.flg_8 = true) AND (tests_benchmark_booltester015.flg_11 = true) AND (tests_benchmark_booltester015.flg_13 = true) AND (tests_benchmark_booltester015.flg_14 = true))",
                                "Rows Removed by Index Recheck": 0,
                                "Filter": "((tests_benchmark_booltester015.flg_3 = ANY ('{t,f}'::boolean[])) AND (tests_benchmark_booltester015.flg_5 = ANY ('{t,f}'::boolean[])) AND (tests_benchmark_booltester015.flg_9 = ANY ('{t,f}'::boolean[])) AND (tests_benchmark_booltester015.flg_10 = ANY ('{t,f}'::boolean[])) AND (tests_benchmark_booltester015.flg_12 = ANY ('{t,f}'::boolean[])) AND (tests_benchmark_booltester015.flg_15 = ANY ('{t,f}'::boolean[])))",
                                "Rows Removed by Filter": 0,
                                "Shared Hit Blocks": 3,
                                "Shared Read Blocks": 0,
                                "Shared Dirtied Blocks": 0,
                                "Shared Written Blocks": 0,
                                "Local Hit Blocks": 0,
                                "Local Read Blocks": 0,
                                "Local Dirtied Blocks": 0,
                                "Local Written Blocks": 0,
                                "Temp Read Blocks": 0,
                                "Temp Written Blocks": 0,
                                "WAL Records": 0,
                                "WAL FPI": 0,
                                "WAL Bytes": 0
                            },
                            "Settings": {},
                            "Planning": {
                                "Shared Hit Blocks": 0,
                                "Shared Read Blocks": 0,
                                "Shared Dirtied Blocks": 0,
                                "Shared Written Blocks": 0,
                                "Local Hit Blocks": 0,
                                "Local Read Blocks": 0,
                                "Local Dirtied Blocks": 0,
                                "Local Written Blocks": 0,
                                "Temp Read Blocks": 0,
                                "Temp Written Blocks": 0
                            },
                            "Planning Time": 0.049,
                            "Triggers": [],
                            "Execution Time": 0.012
                        },
                        "any_explanation": {
                            "Plan": {
                                "Node Type": "Seq Scan",
                                "Parallel Aware": false,
                                "Async Capable": false,
                                "Relation Name": "tests_benchmark_booltester015",
                                "Schema": "public",
                                "Alias": "tests_benchmark_booltester015",
                                "Startup Cost": 0.0,
                                "Total Cost": 17.01,
                                "Plan Rows": 1000,
                                "Plan Width": 24,
                                "Actual Startup Time": 0.004,
                                "Actual Total Time": 0.096,
                                "Actual Rows": 998,
                                "Actual Loops": 1,
                                "Output": [
                                    "id",
                                    "flg_0",
                                    "flg_1",
                                    "flg_2",
                                    "flg_3",
                                    "flg_4",
                                    "flg_5",
                                    "flg_6",
                                    "flg_7",
                                    "flg_8",
                                    "flg_9",
                                    "flg_10",
                                    "flg_11",
                                    "flg_12",
                                    "flg_13",
                                    "flg_14",
                                    "flg_15"
                                ],
                                "Filter": "(tests_benchmark_booltester015.flg_0 OR tests_benchmark_booltester015.flg_1 OR tests_benchmark_booltester015.flg_2 OR tests_benchmark_booltester015.flg_4 OR tests_benchmark_booltester015.flg_6 OR tests_benchmark_booltester015.flg_7 OR tests_benchmark_booltester015.flg_8 OR tests_benchmark_booltester015.flg_11 OR tests_benchmark_booltester015.flg_13 OR tests_benchmark_booltester015.flg_14)",
                                "Rows Removed by Filter": 3,
                                "Shared Hit Blocks": 7,
                                "Shared Read Blocks": 0,
                                "Shared Dirtied Blocks": 0,
                                "Shared Written Blocks": 0,
                                "Local Hit Blocks": 0,
                                "Local Read Blocks": 0,
                                "Local Dirtied Blocks": 0,
                                "Local Written Blocks": 0,
                                "Temp Read Blocks": 0,
                                "Temp Written Blocks": 0,
                                "WAL Records": 0,
                                "WAL FPI": 0,
                                "WAL Bytes": 0
                            },
                            "Settings": {},
                            "Planning": {
                                "Shared Hit Blocks": 0,
                                "Shared Read Blocks": 0,
                                "Shared Dirtied Blocks": 0,
                                "Shared Written Blocks": 0,
                                "Local Hit Blocks": 0,
                                "Local Read Blocks": 0,
                                "Local Dirtied Blocks": 0,
                                "Local Written Blocks": 0,
                                "Temp Read Blocks": 0,
                                "Temp Written Blocks": 0
                            },
                            "Planning Time": 0.026,
                            "Triggers": [],
                            "Execution Time": 0.125
                        },
                        "exact_explanation": {
                            "Plan": {
                                "Node Type": "Index Scan",
                                "Parallel Aware": false,
                                "Async Capable": false,
                                "Scan Direction": "Forward",
                                "Index Name": "bool_multi",
                                "Relation Name": "tests_benchmark_booltester015",
                                "Schema": "public",
                                "Alias": "tests_benchmark_booltester015",
                                "Startup Cost": 0.28,
                                "Total Cost": 8.33,
                                "Plan Rows": 1,
                                "Plan Width": 24,
                                "Actual Startup Time": 0.003,
                                "Actual Total Time": 0.003,
                                "Actual Rows": 0,
                                "Actual Loops": 1,
                                "Output": [
                                    "id",
                                    "flg_0",
                                    "flg_1",
                                    "flg_2",
                                    "flg_3",
                                    "flg_4",
                                    "flg_5",
                                    "flg_6",
                                    "flg_7",
                                    "flg_8",
                                    "flg_9",
                                    "flg_10",
                                    "flg_11",
                                    "flg_12",
                                    "flg_13",
                                    "flg_14",
                                    "flg_15"
                                ],
                                "Index Cond": "((tests_benchmark_booltester015.flg_0 = true) AND (tests_benchmark_booltester015.flg_1 = true) AND (tests_benchmark_booltester015.flg_2 = true) AND (tests_benchmark_booltester015.flg_3 = false) AND (tests_benchmark_booltester015.flg_4 = true) AND (tests_benchmark_booltester015.flg_5 = false) AND (tests_benchmark_booltester015.flg_6 = true) AND (tests_benchmark_booltester015.flg_7 = true) AND (tests_benchmark_booltester015.flg_8 = true) AND (tests_benchmark_booltester015.flg_9 = false) AND (tests_benchmark_booltester015.flg_10 = false) AND (tests_benchmark_booltester015.flg_11 = true) AND (tests_benchmark_booltester015.flg_12 = false) AND (tests_benchmark_booltester015.flg_13 = true) AND (tests_benchmark_booltester015.flg_14 = true) AND (tests_benchmark_booltester015.flg_15 = false))",
                                "Rows Removed by Index Recheck": 0,
                                "Shared Hit Blocks": 2,
                                "Shared Read Blocks": 0,
                                "Shared Dirtied Blocks": 0,
                                "Shared Written Blocks": 0,
                                "Local Hit Blocks": 0,
                                "Local Read Blocks": 0,
                                "Local Dirtied Blocks": 0,
                                "Local Written Blocks": 0,
                                "Temp Read Blocks": 0,
                                "Temp Written Blocks": 0,
                                "WAL Records": 0,
                                "WAL FPI": 0,
                                "WAL Bytes": 0
                            },
                            "Settings": {},
                            "Planning": {
                                "Shared Hit Blocks": 0,
                                "Shared Read Blocks": 0,
                                "Shared Dirtied Blocks": 0,
                                "Shared Written Blocks": 0,
                                "Local Hit Blocks": 0,
                                "Local Read Blocks": 0,
                                "Local Dirtied Blocks": 0,
                                "Local Written Blocks": 0,
                                "Temp Read Blocks": 0,
                                "Temp Written Blocks": 0
                            },
                            "Planning Time": 0.028,
                            "Triggers": [],
                            "Execution Time": 0.008
                        },
                        "all_ftr_time": 4.6099999999999996e-05,
                        "any_ftr_time": 0.00011650000000000001,
                        "exact_ftr_time": 6.7e-06
                    },
                    "10000": {
                        "all_time": 0.0019687041989527644,
                        "any_time": 0.0038050001036026514,
                        "exact_time": 0.001173962301982101,
                        "table_size": 1097728.0,
                        "index_time": 0.017485124990344048,
                        "all_explanation": {
                            "Plan": {
                                "Node Type": "Bitmap Heap Scan",
                                "Parallel Aware": false,
                                "Async Capable": false,
                                "Relation Name": "tests_benchmark_booltester015",
                                "Schema": "public",
                                "Alias": "tests_benchmark_booltester015",
                                "Startup Cost": 99.09,
                                "Total Cost": 169.0,
                                "Plan Rows": 78,
                                "Plan Width": 24,
                                "Actual Startup Time": 0.094,
                                "Actual Total Time": 0.122,
                                "Actual Rows": 77,
                                "Actual Loops": 1,
                                "Output": [
                                    "id",
                                    "flg_0",
                                    "flg_1",
                                    "flg_2",
                                    "flg_3",
                                    "flg_4",
                                    "flg_5",
                                    "flg_6",
                                    "flg_7",
                                    "flg_8",
                                    "flg_9",
                                    "flg_10",
                                    "flg_11",
                                    "flg_12",
                                    "flg_13",
                                    "flg_14",
                                    "flg_15"
                                ],
                                "Recheck Cond": "((tests_benchmark_booltester015.flg_0 = ANY ('{t,f}'::boolean[])) AND tests_benchmark_booltester015.flg_1 AND tests_benchmark_booltester015.flg_2 AND tests_benchmark_booltester015.flg_6 AND tests_benchmark_booltester015.flg_8 AND tests_benchmark_booltester015.flg_11 AND tests_benchmark_booltester015.flg_13 AND tests_benchmark_booltester015.flg_14)",
                                "Rows Removed by Index Recheck": 0,
                                "Filter": "((tests_benchmark_booltester015.flg_3 = ANY ('{t,f}'::boolean[])) AND (tests_benchmark_booltester015.flg_4 = ANY ('{t,f}'::boolean[])) AND (tests_benchmark_booltester015.flg_5 = ANY ('{t,f}'::boolean[])) AND (tests_benchmark_booltester015.flg_7 = ANY ('{t,f}'::boolean[])) AND (tests_benchmark_booltester015.flg_9 = ANY ('{t,f}'::boolean[])) AND (tests_benchmark_booltester015.flg_10 = ANY ('{t,f}'::boolean[])) AND (tests_benchmark_booltester015.flg_12 = ANY ('{t,f}'::boolean[])) AND (tests_benchmark_booltester015.flg_15 = ANY ('{t,f}'::boolean[])))",
                                "Rows Removed by Filter": 0,
                                "Exact Heap Blocks": 42,
                                "Lossy Heap Blocks": 0,
                                "Shared Hit Blocks": 56,
                                "Shared Read Blocks": 0,
                                "Shared Dirtied Blocks": 0,
                                "Shared Written Blocks": 0,
                                "Local Hit Blocks": 0,
                                "Local Read Blocks": 0,
                                "Local Dirtied Blocks": 0,
                                "Local Written Blocks": 0,
                                "Temp Read Blocks": 0,
                                "Temp Written Blocks": 0,
                                "WAL Records": 0,
                                "WAL FPI": 0,
                                "WAL Bytes": 0,
                                "Plans": [
                                    {
                                        "Node Type": "Bitmap Index Scan",
                                        "Parent Relationship": "Outer",
                                        "Parallel Aware": false,
                                        "Async Capable": false,
                                        "Index Name": "bool_multi",
                                        "Startup Cost": 0.0,
                                        "Total Cost": 99.07,
                                        "Plan Rows": 78,
                                        "Plan Width": 0,
                                        "Actual Startup Time": 0.089,
                                        "Actual Total Time": 0.089,
                                        "Actual Rows": 77,
                                        "Actual Loops": 1,
                                        "Index Cond": "((tests_benchmark_booltester015.flg_0 = ANY ('{t,f}'::boolean[])) AND (tests_benchmark_booltester015.flg_1 = true) AND (tests_benchmark_booltester015.flg_2 = true) AND (tests_benchmark_booltester015.flg_6 = true) AND (tests_benchmark_booltester015.flg_8 = true) AND (tests_benchmark_booltester015.flg_11 = true) AND (tests_benchmark_booltester015.flg_13 = true) AND (tests_benchmark_booltester015.flg_14 = true))",
                                        "Shared Hit Blocks": 14,
                                        "Shared Read Blocks": 0,
                                        "Shared Dirtied Blocks": 0,
                                        "Shared Written Blocks": 0,
                                        "Local Hit Blocks": 0,
                                        "Local Read Blocks": 0,
                                        "Local Dirtied Blocks": 0,
                                        "Local Written Blocks": 0,
                                        "Temp Read Blocks": 0,
                                        "Temp Written Blocks": 0,
                                        "WAL Records": 0,
                                        "WAL FPI": 0,
                                        "WAL Bytes": 0
                                    }
                                ]
                            },
                            "Settings": {},
                            "Planning": {
                                "Shared Hit Blocks": 0,
                                "Shared Read Blocks": 0,
                                "Shared Dirtied Blocks": 0,
                                "Shared Written Blocks": 0,
                                "Local Hit Blocks": 0,
                                "Local Read Blocks": 0,
                                "Local Dirtied Blocks": 0,
                                "Local Written Blocks": 0,
                                "Temp Read Blocks": 0,
                                "Temp Written Blocks": 0
                            },
                            "Planning Time": 0.061,
                            "Triggers": [],
                            "Execution Time": 0.131
                        },
                        "any_explanation": {
                            "Plan": {
                                "Node Type": "Seq Scan",
                                "Parallel Aware": false,
                                "Async Capable": false,
                                "Relation Name": "tests_benchmark_booltester015",
                                "Schema": "public",
                                "Alias": "tests_benchmark_booltester015",
                                "Startup Cost": 0.0,
                                "Total Cost": 164.01,
                                "Plan Rows": 9923,
                                "Plan Width": 24,
                                "Actual Startup Time": 0.003,
                                "Actual Total Time": 1.025,
                                "Actual Rows": 9919,
                                "Actual Loops": 1,
                                "Output": [
                                    "id",
                                    "flg_0",
                                    "flg_1",
                                    "flg_2",
                                    "flg_3",
                                    "flg_4",
                                    "flg_5",
                                    "flg_6",
                                    "flg_7",
                                    "flg_8",
                                    "flg_9",
                                    "flg_10",
                                    "flg_11",
                                    "flg_12",
                                    "flg_13",
                                    "flg_14",
                                    "flg_15"
                                ],
                                "Filter": "(tests_benchmark_booltester015.flg_1 OR tests_benchmark_booltester015.flg_2 OR tests_benchmark_booltester015.flg_6 OR tests_benchmark_booltester015.flg_8 OR tests_benchmark_booltester015.flg_11 OR tests_benchmark_booltester015.flg_13 OR tests_benchmark_booltester015.flg_14)",
                                "Rows Removed by Filter": 82,
                                "Shared Hit Blocks": 64,
                                "Shared Read Blocks": 0,
                                "Shared Dirtied Blocks": 0,
                                "Shared Written Blocks": 0,
                                "Local Hit Blocks": 0,
                                "Local Read Blocks": 0,
                                "Local Dirtied Blocks": 0,
                                "Local Written Blocks": 0,
                                "Temp Read Blocks": 0,
                                "Temp Written Blocks": 0,
                                "WAL Records": 0,
                                "WAL FPI": 0,
                                "WAL Bytes": 0
                            },
                            "Settings": {},
                            "Planning": {
                                "Shared Hit Blocks": 0,
                                "Shared Read Blocks": 0,
                                "Shared Dirtied Blocks": 0,
                                "Shared Written Blocks": 0,
                                "Local Hit Blocks": 0,
                                "Local Read Blocks": 0,
                                "Local Dirtied Blocks": 0,
                                "Local Written Blocks": 0,
                                "Temp Read Blocks": 0,
                                "Temp Written Blocks": 0
                            },
                            "Planning Time": 0.017,
                            "Triggers": [],
                            "Execution Time": 1.288
                        },
                        "exact_explanation": {
                            "Plan": {
                                "Node Type": "Index Scan",
                                "Parallel Aware": false,
                                "Async Capable": false,
                                "Scan Direction": "Forward",
                                "Index Name": "bool_multi",
                                "Relation Name": "tests_benchmark_booltester015",
                                "Schema": "public",
                                "Alias": "tests_benchmark_booltester015",
                                "Startup Cost": 0.29,
                                "Total Cost": 8.34,
                                "Plan Rows": 1,
                                "Plan Width": 24,
                                "Actual Startup Time": 0.003,
                                "Actual Total Time": 0.003,
                                "Actual Rows": 1,
                                "Actual Loops": 1,
                                "Output": [
                                    "id",
                                    "flg_0",
                                    "flg_1",
                                    "flg_2",
                                    "flg_3",
                                    "flg_4",
                                    "flg_5",
                                    "flg_6",
                                    "flg_7",
                                    "flg_8",
                                    "flg_9",
                                    "flg_10",
                                    "flg_11",
                                    "flg_12",
                                    "flg_13",
                                    "flg_14",
                                    "flg_15"
                                ],
                                "Index Cond": "((tests_benchmark_booltester015.flg_0 = false) AND (tests_benchmark_booltester015.flg_1 = true) AND (tests_benchmark_booltester015.flg_2 = true) AND (tests_benchmark_booltester015.flg_3 = false) AND (tests_benchmark_booltester015.flg_4 = false) AND (tests_benchmark_booltester015.flg_5 = false) AND (tests_benchmark_booltester015.flg_6 = true) AND (tests_benchmark_booltester015.flg_7 = false) AND (tests_benchmark_booltester015.flg_8 = true) AND (tests_benchmark_booltester015.flg_9 = false) AND (tests_benchmark_booltester015.flg_10 = false) AND (tests_benchmark_booltester015.flg_11 = true) AND (tests_benchmark_booltester015.flg_12 = false) AND (tests_benchmark_booltester015.flg_13 = true) AND (tests_benchmark_booltester015.flg_14 = true) AND (tests_benchmark_booltester015.flg_15 = false))",
                                "Rows Removed by Index Recheck": 0,
                                "Shared Hit Blocks": 3,
                                "Shared Read Blocks": 0,
                                "Shared Dirtied Blocks": 0,
                                "Shared Written Blocks": 0,
                                "Local Hit Blocks": 0,
                                "Local Read Blocks": 0,
                                "Local Dirtied Blocks": 0,
                                "Local Written Blocks": 0,
                                "Temp Read Blocks": 0,
                                "Temp Written Blocks": 0,
                                "WAL Records": 0,
                                "WAL FPI": 0,
                                "WAL Bytes": 0
                            },
                            "Settings": {},
                            "Planning": {
                                "Shared Hit Blocks": 0,
                                "Shared Read Blocks": 0,
                                "Shared Dirtied Blocks": 0,
                                "Shared Written Blocks": 0,
                                "Local Hit Blocks": 0,
                                "Local Read Blocks": 0,
                                "Local Dirtied Blocks": 0,
                                "Local Written Blocks": 0,
                                "Temp Read Blocks": 0,
                                "Temp Written Blocks": 0
                            },
                            "Planning Time": 0.028,
                            "Triggers": [],
                            "Execution Time": 0.008
                        },
                        "all_ftr_time": 0.00029089999999999997,
                        "any_ftr_time": 0.0011785,
                        "exact_ftr_time": 6.8e-06
                    },
                    "100000": {
                        "all_time": 0.002555120903707575,
                        "any_time": 0.02152946260175668,
                        "exact_time": 0.0025684789987280967,
                        "table_size": 9781248.0,
                        "index_time": 0.14184475000365637,
                        "all_explanation": {
                            "Plan": {
                                "Node Type": "Bitmap Heap Scan",
                                "Parallel Aware": false,
                                "Async Capable": false,
                                "Relation Name": "tests_benchmark_booltester015",
                                "Schema": "public",
                                "Alias": "tests_benchmark_booltester015",
                                "Startup Cost": 1332.04,
                                "Total Cost": 2027.83,
                                "Plan Rows": 781,
                                "Plan Width": 24,
                                "Actual Startup Time": 0.723,
                                "Actual Total Time": 0.818,
                                "Actual Rows": 794,
                                "Actual Loops": 1,
                                "Output": [
                                    "id",
                                    "flg_0",
                                    "flg_1",
                                    "flg_2",
                                    "flg_3",
                                    "flg_4",
                                    "flg_5",
                                    "flg_6",
                                    "flg_7",
                                    "flg_8",
                                    "flg_9",
                                    "flg_10",
                                    "flg_11",
                                    "flg_12",
                                    "flg_13",
                                    "flg_14",
                                    "flg_15"
                                ],
                                "Recheck Cond": "(tests_benchmark_booltester015.flg_0 AND (tests_benchmark_booltester015.flg_1 = ANY ('{t,f}'::boolean[])) AND (tests_benchmark_booltester015.flg_2 = ANY ('{t,f}'::boolean[])) AND (tests_benchmark_booltester015.flg_3 = ANY ('{t,f}'::boolean[])) AND tests_benchmark_booltester015.flg_4 AND tests_benchmark_booltester015.flg_5 AND tests_benchmark_booltester015.flg_6 AND (tests_benchmark_booltester015.flg_7 = ANY ('{t,f}'::boolean[])) AND (tests_benchmark_booltester015.flg_8 = ANY ('{t,f}'::boolean[])) AND (tests_benchmark_booltester015.flg_9 = ANY ('{t,f}'::boolean[])) AND (tests_benchmark_booltester015.flg_10 = ANY ('{t,f}'::boolean[])) AND tests_benchmark_booltester015.flg_11 AND (tests_benchmark_booltester015.flg_12 = ANY ('{t,f}'::boolean[])) AND tests_benchmark_booltester015.flg_13 AND tests_benchmark_booltester015.flg_14 AND (tests_benchmark_booltester015.flg_15 = ANY ('{t,f}'::boolean[])))",
                                "Rows Removed by Index Recheck": 0,
                                "Exact Heap Blocks": 439,
                                "Lossy Heap Blocks": 0,
                                "Shared Hit Blocks": 1975,
                                "Shared Read Blocks": 0,
                                "Shared Dirtied Blocks": 0,
                                "Shared Written Blocks": 0,
                                "Local Hit Blocks": 0,
                                "Local Read Blocks": 0,
                                "Local Dirtied Blocks": 0,
                                "Local Written Blocks": 0,
                                "Temp Read Blocks": 0,
                                "Temp Written Blocks": 0,
                                "WAL Records": 0,
                                "WAL FPI": 0,
                                "WAL Bytes": 0,
                                "Plans": [
                                    {
                                        "Node Type": "Bitmap Index Scan",
                                        "Parent Relationship": "Outer",
                                        "Parallel Aware": false,
                                        "Async Capable": false,
                                        "Index Name": "bool_multi",
                                        "Startup Cost": 0.0,
                                        "Total Cost": 1331.84,
                                        "Plan Rows": 781,
                                        "Plan Width": 0,
                                        "Actual Startup Time": 0.699,
                                        "Actual Total Time": 0.699,
                                        "Actual Rows": 794,
                                        "Actual Loops": 1,
                                        "Index Cond": "((tests_benchmark_booltester015.flg_0 = true) AND (tests_benchmark_booltester015.flg_1 = ANY ('{t,f}'::boolean[])) AND (tests_benchmark_booltester015.flg_2 = ANY ('{t,f}'::boolean[])) AND (tests_benchmark_booltester015.flg_3 = ANY ('{t,f}'::boolean[])) AND (tests_benchmark_booltester015.flg_4 = true) AND (tests_benchmark_booltester015.flg_5 = true) AND (tests_benchmark_booltester015.flg_6 = true) AND (tests_benchmark_booltester015.flg_7 = ANY ('{t,f}'::boolean[])) AND (tests_benchmark_booltester015.flg_8 = ANY ('{t,f}'::boolean[])) AND (tests_benchmark_booltester015.flg_9 = ANY ('{t,f}'::boolean[])) AND (tests_benchmark_booltester015.flg_10 = ANY ('{t,f}'::boolean[])) AND (tests_benchmark_booltester015.flg_11 = true) AND (tests_benchmark_booltester015.flg_12 = ANY ('{t,f}'::boolean[])) AND (tests_benchmark_booltester015.flg_13 = true) AND (tests_benchmark_booltester015.flg_14 = true) AND (tests_benchmark_booltester015.flg_15 = ANY ('{t,f}'::boolean[])))",
                                        "Shared Hit Blocks": 1536,
                                        "Shared Read Blocks": 0,
                                        "Shared Dirtied Blocks": 0,
                                        "Shared Written Blocks": 0,
                                        "Local Hit Blocks": 0,
                                        "Local Read Blocks": 0,
                                        "Local Dirtied Blocks": 0,
                                        "Local Written Blocks": 0,
                                        "Temp Read Blocks": 0,
                                        "Temp Written Blocks": 0,
                                        "WAL Records": 0,
                                        "WAL FPI": 0,
                                        "WAL Bytes": 0
                                    }
                                ]
                            },
                            "Settings": {},
                            "Planning": {
                                "Shared Hit Blocks": 0,
                                "Shared Read Blocks": 0,
                                "Shared Dirtied Blocks": 0,
                                "Shared Written Blocks": 0,
                                "Local Hit Blocks": 0,
                                "Local Read Blocks": 0,
                                "Local Dirtied Blocks": 0,
                                "Local Written Blocks": 0,
                                "Temp Read Blocks": 0,
                                "Temp Written Blocks": 0
                            },
                            "Planning Time": 0.038,
                            "Triggers": [],
                            "Execution Time": 0.84
                        },
                        "any_explanation": {
                            "Plan": {
                                "Node Type": "Seq Scan",
                                "Parallel Aware": false,
                                "Async Capable": false,
                                "Relation Name": "tests_benchmark_booltester015",
                                "Schema": "public",
                                "Alias": "tests_benchmark_booltester015",
                                "Startup Cost": 0.0,
                                "Total Cost": 1637.01,
                                "Plan Rows": 99220,
                                "Plan Width": 24,
                                "Actual Startup Time": 0.002,
                                "Actual Total Time": 7.746,
                                "Actual Rows": 99294,
                                "Actual Loops": 1,
                                "Output": [
                                    "id",
                                    "flg_0",
                                    "flg_1",
                                    "flg_2",
                                    "flg_3",
                                    "flg_4",
                                    "flg_5",
                                    "flg_6",
                                    "flg_7",
                                    "flg_8",
                                    "flg_9",
                                    "flg_10",
                                    "flg_11",
                                    "flg_12",
                                    "flg_13",
                                    "flg_14",
                                    "flg_15"
                                ],
                                "Filter": "(tests_benchmark_booltester015.flg_0 OR tests_benchmark_booltester015.flg_4 OR tests_benchmark_booltester015.flg_5 OR tests_benchmark_booltester015.flg_6 OR tests_benchmark_booltester015.flg_11 OR tests_benchmark_booltester015.flg_13 OR tests_benchmark_booltester015.flg_14)",
                                "Rows Removed by Filter": 707,
                                "Shared Hit Blocks": 637,
                                "Shared Read Blocks": 0,
                                "Shared Dirtied Blocks": 0,
                                "Shared Written Blocks": 0,
                                "Local Hit Blocks": 0,
                                "Local Read Blocks": 0,
                                "Local Dirtied Blocks": 0,
                                "Local Written Blocks": 0,
                                "Temp Read Blocks": 0,
                                "Temp Written Blocks": 0,
                                "WAL Records": 0,
                                "WAL FPI": 0,
                                "WAL Bytes": 0
                            },
                            "Settings": {},
                            "Planning": {
                                "Shared Hit Blocks": 0,
                                "Shared Read Blocks": 0,
                                "Shared Dirtied Blocks": 0,
                                "Shared Written Blocks": 0,
                                "Local Hit Blocks": 0,
                                "Local Read Blocks": 0,
                                "Local Dirtied Blocks": 0,
                                "Local Written Blocks": 0,
                                "Temp Read Blocks": 0,
                                "Temp Written Blocks": 0
                            },
                            "Planning Time": 0.017,
                            "Triggers": [],
                            "Execution Time": 9.783
                        },
                        "exact_explanation": {
                            "Plan": {
                                "Node Type": "Bitmap Heap Scan",
                                "Parallel Aware": false,
                                "Async Capable": false,
                                "Relation Name": "tests_benchmark_booltester015",
                                "Schema": "public",
                                "Alias": "tests_benchmark_booltester015",
                                "Startup Cost": 4.51,
                                "Total Cost": 12.19,
                                "Plan Rows": 2,
                                "Plan Width": 24,
                                "Actual Startup Time": 0.003,
                                "Actual Total Time": 0.003,
                                "Actual Rows": 1,
                                "Actual Loops": 1,
                                "Output": [
                                    "id",
                                    "flg_0",
                                    "flg_1",
                                    "flg_2",
                                    "flg_3",
                                    "flg_4",
                                    "flg_5",
                                    "flg_6",
                                    "flg_7",
                                    "flg_8",
                                    "flg_9",
                                    "flg_10",
                                    "flg_11",
                                    "flg_12",
                                    "flg_13",
                                    "flg_14",
                                    "flg_15"
                                ],
                                "Recheck Cond": "(tests_benchmark_booltester015.flg_0 AND (NOT tests_benchmark_booltester015.flg_1) AND (NOT tests_benchmark_booltester015.flg_2) AND (NOT tests_benchmark_booltester015.flg_3) AND tests_benchmark_booltester015.flg_4 AND tests_benchmark_booltester015.flg_5 AND tests_benchmark_booltester015.flg_6 AND (NOT tests_benchmark_booltester015.flg_7) AND (NOT tests_benchmark_booltester015.flg_8) AND (NOT tests_benchmark_booltester015.flg_9) AND (NOT tests_benchmark_booltester015.flg_10) AND tests_benchmark_booltester015.flg_11 AND (NOT tests_benchmark_booltester015.flg_12) AND tests_benchmark_booltester015.flg_13 AND tests_benchmark_booltester015.flg_14 AND (NOT tests_benchmark_booltester015.flg_15))",
                                "Rows Removed by Index Recheck": 0,
                                "Exact Heap Blocks": 1,
                                "Lossy Heap Blocks": 0,
                                "Shared Hit Blocks": 4,
                                "Shared Read Blocks": 0,
                                "Shared Dirtied Blocks": 0,
                                "Shared Written Blocks": 0,
                                "Local Hit Blocks": 0,
                                "Local Read Blocks": 0,
                                "Local Dirtied Blocks": 0,
                                "Local Written Blocks": 0,
                                "Temp Read Blocks": 0,
                                "Temp Written Blocks": 0,
                                "WAL Records": 0,
                                "WAL FPI": 0,
                                "WAL Bytes": 0,
                                "Plans": [
                                    {
                                        "Node Type": "Bitmap Index Scan",
                                        "Parent Relationship": "Outer",
                                        "Parallel Aware": false,
                                        "Async Capable": false,
                                        "Index Name": "bool_multi",
                                        "Startup Cost": 0.0,
                                        "Total Cost": 4.51,
                                        "Plan Rows": 2,
                                        "Plan Width": 0,
                                        "Actual Startup Time": 0.002,
                                        "Actual Total Time": 0.002,
                                        "Actual Rows": 1,
                                        "Actual Loops": 1,
                                        "Index Cond": "((tests_benchmark_booltester015.flg_0 = true) AND (tests_benchmark_booltester015.flg_1 = false) AND (tests_benchmark_booltester015.flg_2 = false) AND (tests_benchmark_booltester015.flg_3 = false) AND (tests_benchmark_booltester015.flg_4 = true) AND (tests_benchmark_booltester015.flg_5 = true) AND (tests_benchmark_booltester015.flg_6 = true) AND (tests_benchmark_booltester015.flg_7 = false) AND (tests_benchmark_booltester015.flg_8 = false) AND (tests_benchmark_booltester015.flg_9 = false) AND (tests_benchmark_booltester015.flg_10 = false) AND (tests_benchmark_booltester015.flg_11 = true) AND (tests_benchmark_booltester015.flg_12 = false) AND (tests_benchmark_booltester015.flg_13 = true) AND (tests_benchmark_booltester015.flg_14 = true) AND (tests_benchmark_booltester015.flg_15 = false))",
                                        "Shared Hit Blocks": 3,
                                        "Shared Read Blocks": 0,
                                        "Shared Dirtied Blocks": 0,
                                        "Shared Written Blocks": 0,
                                        "Local Hit Blocks": 0,
                                        "Local Read Blocks": 0,
                                        "Local Dirtied Blocks": 0,
                                        "Local Written Blocks": 0,
                                        "Temp Read Blocks": 0,
                                        "Temp Written Blocks": 0,
                                        "WAL Records": 0,
                                        "WAL FPI": 0,
                                        "WAL Bytes": 0
                                    }
                                ]
                            },
                            "Settings": {},
                            "Planning": {
                                "Shared Hit Blocks": 0,
                                "Shared Read Blocks": 0,
                                "Shared Dirtied Blocks": 0,
                                "Shared Written Blocks": 0,
                                "Local Hit Blocks": 0,
                                "Local Read Blocks": 0,
                                "Local Dirtied Blocks": 0,
                                "Local Written Blocks": 0,
                                "Temp Read Blocks": 0,
                                "Temp Written Blocks": 0
                            },
                            "Planning Time": 0.026,
                            "Triggers": [],
                            "Execution Time": 0.008
                        },
                        "all_ftr_time": 0.0008013,
                        "any_ftr_time": 0.010255400000000001,
                        "exact_ftr_time": 8.799999999999999e-06
                    },
                    "1000000": {
                        "all_time": 0.004542454301554244,
                        "any_time": 0.14567517489922466,
                        "exact_time": 0.005271887400886044,
                        "table_size": 83886080.0,
                        "index_time": 1.061343958004727,
                        "all_explanation": {
                            "Plan": {
                                "Node Type": "Bitmap Heap Scan",
                                "Parallel Aware": false,
                                "Async Capable": false,
                                "Relation Name": "tests_benchmark_booltester015",
                                "Schema": "public",
                                "Alias": "tests_benchmark_booltester015",
                                "Startup Cost": 2229.15,
                                "Total Cost": 9186.63,
                                "Plan Rows": 7813,
                                "Plan Width": 24,
                                "Actual Startup Time": 1.392,
                                "Actual Total Time": 2.636,
                                "Actual Rows": 7803,
                                "Actual Loops": 1,
                                "Output": [
                                    "id",
                                    "flg_0",
                                    "flg_1",
                                    "flg_2",
                                    "flg_3",
                                    "flg_4",
                                    "flg_5",
                                    "flg_6",
                                    "flg_7",
                                    "flg_8",
                                    "flg_9",
                                    "flg_10",
                                    "flg_11",
                                    "flg_12",
                                    "flg_13",
                                    "flg_14",
                                    "flg_15"
                                ],
                                "Recheck Cond": "(tests_benchmark_booltester015.flg_0 AND (tests_benchmark_booltester015.flg_1 = ANY ('{t,f}'::boolean[])) AND tests_benchmark_booltester015.flg_2 AND (tests_benchmark_booltester015.flg_3 = ANY ('{t,f}'::boolean[])) AND tests_benchmark_booltester015.flg_4 AND tests_benchmark_booltester015.flg_5 AND tests_benchmark_booltester015.flg_6 AND (tests_benchmark_booltester015.flg_7 = ANY ('{t,f}'::boolean[])) AND (tests_benchmark_booltester015.flg_8 = ANY ('{t,f}'::boolean[])) AND (tests_benchmark_booltester015.flg_9 = ANY ('{t,f}'::boolean[])) AND (tests_benchmark_booltester015.flg_10 = ANY ('{t,f}'::boolean[])) AND tests_benchmark_booltester015.flg_11 AND (tests_benchmark_booltester015.flg_12 = ANY ('{t,f}'::boolean[])) AND tests_benchmark_booltester015.flg_13 AND (tests_benchmark_booltester015.flg_14 = ANY ('{t,f}'::boolean[])) AND (tests_benchmark_booltester015.flg_15 = ANY ('{t,f}'::boolean[])))",
                                "Rows Removed by Index Recheck": 0,
                                "Exact Heap Blocks": 4477,
                                "Lossy Heap Blocks": 0,
                                "Shared Hit Blocks": 6013,
                                "Shared Read Blocks": 0,
                                "Shared Dirtied Blocks": 0,
                                "Shared Written Blocks": 0,
                                "Local Hit Blocks": 0,
                                "Local Read Blocks": 0,
                                "Local Dirtied Blocks": 0,
                                "Local Written Blocks": 0,
                                "Temp Read Blocks": 0,
                                "Temp Written Blocks": 0,
                                "WAL Records": 0,
                                "WAL FPI": 0,
                                "WAL Bytes": 0,
                                "Plans": [
                                    {
                                        "Node Type": "Bitmap Index Scan",
                                        "Parent Relationship": "Outer",
                                        "Parallel Aware": false,
                                        "Async Capable": false,
                                        "Index Name": "bool_multi",
                                        "Startup Cost": 0.0,
                                        "Total Cost": 2227.2,
                                        "Plan Rows": 7813,
                                        "Plan Width": 0,
                                        "Actual Startup Time": 1.042,
                                        "Actual Total Time": 1.042,
                                        "Actual Rows": 7803,
                                        "Actual Loops": 1,
                                        "Index Cond": "((tests_benchmark_booltester015.flg_0 = true) AND (tests_benchmark_booltester015.flg_1 = ANY ('{t,f}'::boolean[])) AND (tests_benchmark_booltester015.flg_2 = true) AND (tests_benchmark_booltester015.flg_3 = ANY ('{t,f}'::boolean[])) AND (tests_benchmark_booltester015.flg_4 = true) AND (tests_benchmark_booltester015.flg_5 = true) AND (tests_benchmark_booltester015.flg_6 = true) AND (tests_benchmark_booltester015.flg_7 = ANY ('{t,f}'::boolean[])) AND (tests_benchmark_booltester015.flg_8 = ANY ('{t,f}'::boolean[])) AND (tests_benchmark_booltester015.flg_9 = ANY ('{t,f}'::boolean[])) AND (tests_benchmark_booltester015.flg_10 = ANY ('{t,f}'::boolean[])) AND (tests_benchmark_booltester015.flg_11 = true) AND (tests_benchmark_booltester015.flg_12 = ANY ('{t,f}'::boolean[])) AND (tests_benchmark_booltester015.flg_13 = true) AND (tests_benchmark_booltester015.flg_14 = ANY ('{t,f}'::boolean[])) AND (tests_benchmark_booltester015.flg_15 = ANY ('{t,f}'::boolean[])))",
                                        "Shared Hit Blocks": 1536,
                                        "Shared Read Blocks": 0,
                                        "Shared Dirtied Blocks": 0,
                                        "Shared Written Blocks": 0,
                                        "Local Hit Blocks": 0,
                                        "Local Read Blocks": 0,
                                        "Local Dirtied Blocks": 0,
                                        "Local Written Blocks": 0,
                                        "Temp Read Blocks": 0,
                                        "Temp Written Blocks": 0,
                                        "WAL Records": 0,
                                        "WAL FPI": 0,
                                        "WAL Bytes": 0
                                    }
                                ]
                            },
                            "Settings": {},
                            "Planning": {
                                "Shared Hit Blocks": 0,
                                "Shared Read Blocks": 0,
                                "Shared Dirtied Blocks": 0,
                                "Shared Written Blocks": 0,
                                "Local Hit Blocks": 0,
                                "Local Read Blocks": 0,
                                "Local Dirtied Blocks": 0,
                                "Local Written Blocks": 0,
                                "Temp Read Blocks": 0,
                                "Temp Written Blocks": 0
                            },
                            "Planning Time": 0.039,
                            "Triggers": [],
                            "Execution Time": 3.289
                        },
                        "any_explanation": {
                            "Plan": {
                                "Node Type": "Seq Scan",
                                "Parallel Aware": false,
                                "Async Capable": false,
                                "Relation Name": "tests_benchmark_booltester015",
                                "Schema": "public",
                                "Alias": "tests_benchmark_booltester015",
                                "Startup Cost": 0.0,
                                "Total Cost": 16370.01,
                                "Plan Rows": 992188,
                                "Plan Width": 24,
                                "Actual Startup Time": 0.004,
                                "Actual Total Time": 78.269,
                                "Actual Rows": 992183,
                                "Actual Loops": 1,
                                "Output": [
                                    "id",
                                    "flg_0",
                                    "flg_1",
                                    "flg_2",
                                    "flg_3",
                                    "flg_4",
                                    "flg_5",
                                    "flg_6",
                                    "flg_7",
                                    "flg_8",
                                    "flg_9",
                                    "flg_10",
                                    "flg_11",
                                    "flg_12",
                                    "flg_13",
                                    "flg_14",
                                    "flg_15"
                                ],
                                "Filter": "(tests_benchmark_booltester015.flg_0 OR tests_benchmark_booltester015.flg_2 OR tests_benchmark_booltester015.flg_4 OR tests_benchmark_booltester015.flg_5 OR tests_benchmark_booltester015.flg_6 OR tests_benchmark_booltester015.flg_11 OR tests_benchmark_booltester015.flg_13)",
                                "Rows Removed by Filter": 7818,
                                "Shared Hit Blocks": 6370,
                                "Shared Read Blocks": 0,
                                "Shared Dirtied Blocks": 0,
                                "Shared Written Blocks": 0,
                                "Local Hit Blocks": 0,
                                "Local Read Blocks": 0,
                                "Local Dirtied Blocks": 0,
                                "Local Written Blocks": 0,
                                "Temp Read Blocks": 0,
                                "Temp Written Blocks": 0,
                                "WAL Records": 0,
                                "WAL FPI": 0,
                                "WAL Bytes": 0
                            },
                            "Settings": {},
                            "Planning": {
                                "Shared Hit Blocks": 0,
                                "Shared Read Blocks": 0,
                                "Shared Dirtied Blocks": 0,
                                "Shared Written Blocks": 0,
                                "Local Hit Blocks": 0,
                                "Local Read Blocks": 0,
                                "Local Dirtied Blocks": 0,
                                "Local Written Blocks": 0,
                                "Temp Read Blocks": 0,
                                "Temp Written Blocks": 0
                            },
                            "Planning Time": 0.031,
                            "Triggers": [],
                            "Execution Time": 98.473
                        },
                        "exact_explanation": {
                            "Plan": {
                                "Node Type": "Bitmap Heap Scan",
                                "Parallel Aware": false,
                                "Async Capable": false,
                                "Relation Name": "tests_benchmark_booltester015",
                                "Schema": "public",
                                "Alias": "tests_benchmark_booltester015",
                                "Startup Cost": 5.1,
                                "Total Cost": 63.07,
                                "Plan Rows": 15,
                                "Plan Width": 24,
                                "Actual Startup Time": 0.004,
                                "Actual Total Time": 0.006,
                                "Actual Rows": 13,
                                "Actual Loops": 1,
                                "Output": [
                                    "id",
                                    "flg_0",
                                    "flg_1",
                                    "flg_2",
                                    "flg_3",
                                    "flg_4",
                                    "flg_5",
                                    "flg_6",
                                    "flg_7",
                                    "flg_8",
                                    "flg_9",
                                    "flg_10",
                                    "flg_11",
                                    "flg_12",
                                    "flg_13",
                                    "flg_14",
                                    "flg_15"
                                ],
                                "Recheck Cond": "(tests_benchmark_booltester015.flg_0 AND (NOT tests_benchmark_booltester015.flg_1) AND tests_benchmark_booltester015.flg_2 AND (NOT tests_benchmark_booltester015.flg_3) AND tests_benchmark_booltester015.flg_4 AND tests_benchmark_booltester015.flg_5 AND tests_benchmark_booltester015.flg_6 AND (NOT tests_benchmark_booltester015.flg_7) AND (NOT tests_benchmark_booltester015.flg_8) AND (NOT tests_benchmark_booltester015.flg_9) AND (NOT tests_benchmark_booltester015.flg_10) AND tests_benchmark_booltester015.flg_11 AND (NOT tests_benchmark_booltester015.flg_12) AND tests_benchmark_booltester015.flg_13 AND (NOT tests_benchmark_booltester015.flg_14) AND (NOT tests_benchmark_booltester015.flg_15))",
                                "Rows Removed by Index Recheck": 0,
                                "Exact Heap Blocks": 13,
                                "Lossy Heap Blocks": 0,
                                "Shared Hit Blocks": 16,
                                "Shared Read Blocks": 0,
                                "Shared Dirtied Blocks": 0,
                                "Shared Written Blocks": 0,
                                "Local Hit Blocks": 0,
                                "Local Read Blocks": 0,
                                "Local Dirtied Blocks": 0,
                                "Local Written Blocks": 0,
                                "Temp Read Blocks": 0,
                                "Temp Written Blocks": 0,
                                "WAL Records": 0,
                                "WAL FPI": 0,
                                "WAL Bytes": 0,
                                "Plans": [
                                    {
                                        "Node Type": "Bitmap Index Scan",
                                        "Parent Relationship": "Outer",
                                        "Parallel Aware": false,
                                        "Async Capable": false,
                                        "Index Name": "bool_multi",
                                        "Startup Cost": 0.0,
                                        "Total Cost": 5.1,
                                        "Plan Rows": 15,
                                        "Plan Width": 0,
                                        "Actual Startup Time": 0.003,
                                        "Actual Total Time": 0.003,
                                        "Actual Rows": 13,
                                        "Actual Loops": 1,
                                        "Index Cond": "((tests_benchmark_booltester015.flg_0 = true) AND (tests_benchmark_booltester015.flg_1 = false) AND (tests_benchmark_booltester015.flg_2 = true) AND (tests_benchmark_booltester015.flg_3 = false) AND (tests_benchmark_booltester015.flg_4 = true) AND (tests_benchmark_booltester015.flg_5 = true) AND (tests_benchmark_booltester015.flg_6 = true) AND (tests_benchmark_booltester015.flg_7 = false) AND (tests_benchmark_booltester015.flg_8 = false) AND (tests_benchmark_booltester015.flg_9 = false) AND (tests_benchmark_booltester015.flg_10 = false) AND (tests_benchmark_booltester015.flg_11 = true) AND (tests_benchmark_booltester015.flg_12 = false) AND (tests_benchmark_booltester015.flg_13 = true) AND (tests_benchmark_booltester015.flg_14 = false) AND (tests_benchmark_booltester015.flg_15 = false))",
                                        "Shared Hit Blocks": 3,
                                        "Shared Read Blocks": 0,
                                        "Shared Dirtied Blocks": 0,
                                        "Shared Written Blocks": 0,
                                        "Local Hit Blocks": 0,
                                        "Local Read Blocks": 0,
                                        "Local Dirtied Blocks": 0,
                                        "Local Written Blocks": 0,
                                        "Temp Read Blocks": 0,
                                        "Temp Written Blocks": 0,
                                        "WAL Records": 0,
                                        "WAL FPI": 0,
                                        "WAL Bytes": 0
                                    }
                                ]
                            },
                            "Settings": {},
                            "Planning": {
                                "Shared Hit Blocks": 0,
                                "Shared Read Blocks": 0,
                                "Shared Dirtied Blocks": 0,
                                "Shared Written Blocks": 0,
                                "Local Hit Blocks": 0,
                                "Local Read Blocks": 0,
                                "Local Dirtied Blocks": 0,
                                "Local Written Blocks": 0,
                                "Temp Read Blocks": 0,
                                "Temp Written Blocks": 0
                            },
                            "Planning Time": 0.026,
                            "Triggers": [],
                            "Execution Time": 0.011
                        },
                        "all_ftr_time": 0.0017299,
                        "any_ftr_time": 0.10536919999999998,
                        "exact_ftr_time": 1.36e-05
                    },
                    "2000000": {
                        "all_time": 0.00858485430071596,
                        "any_time": 0.2892359876990668,
                        "exact_time": 0.005491658400569577,
                        "table_size": 164626432.0,
                        "index_time": 2.2805065419961466,
                        "all_explanation": {
                            "Plan": {
                                "Node Type": "Bitmap Heap Scan",
                                "Parallel Aware": false,
                                "Async Capable": false,
                                "Relation Name": "tests_benchmark_booltester015",
                                "Schema": "public",
                                "Alias": "tests_benchmark_booltester015",
                                "Startup Cost": 9080.1,
                                "Total Cost": 24162.85,
                                "Plan Rows": 62500,
                                "Plan Width": 24,
                                "Actual Startup Time": 6.414,
                                "Actual Total Time": 13.668,
                                "Actual Rows": 62546,
                                "Actual Loops": 1,
                                "Output": [
                                    "id",
                                    "flg_0",
                                    "flg_1",
                                    "flg_2",
                                    "flg_3",
                                    "flg_4",
                                    "flg_5",
                                    "flg_6",
                                    "flg_7",
                                    "flg_8",
                                    "flg_9",
                                    "flg_10",
                                    "flg_11",
                                    "flg_12",
                                    "flg_13",
                                    "flg_14",
                                    "flg_15"
                                ],
                                "Recheck Cond": "((tests_benchmark_booltester015.flg_0 = ANY ('{t,f}'::boolean[])) AND (tests_benchmark_booltester015.flg_1 = ANY ('{t,f}'::boolean[])) AND tests_benchmark_booltester015.flg_2 AND (tests_benchmark_booltester015.flg_3 = ANY ('{t,f}'::boolean[])) AND (tests_benchmark_booltester015.flg_4 = ANY ('{t,f}'::boolean[])) AND (tests_benchmark_booltester015.flg_5 = ANY ('{t,f}'::boolean[])) AND (tests_benchmark_booltester015.flg_6 = ANY ('{t,f}'::boolean[])) AND (tests_benchmark_booltester015.flg_7 = ANY ('{t,f}'::boolean[])) AND (tests_benchmark_booltester015.flg_8 = ANY ('{t,f}'::boolean[])) AND tests_benchmark_booltester015.flg_9 AND tests_benchmark_booltester015.flg_10 AND (tests_benchmark_booltester015.flg_11 = ANY ('{t,f}'::boolean[])) AND (tests_benchmark_booltester015.flg_12 = ANY ('{t,f}'::boolean[])) AND tests_benchmark_booltester015.flg_13 AND tests_benchmark_booltester015.flg_14 AND (tests_benchmark_booltester015.flg_15 = ANY ('{t,f}'::boolean[])))",
                                "Rows Removed by Index Recheck": 0,
                                "Exact Heap Blocks": 12657,
                                "Lossy Heap Blocks": 0,
                                "Shared Hit Blocks": 18801,
                                "Shared Read Blocks": 0,
                                "Shared Dirtied Blocks": 0,
                                "Shared Written Blocks": 0,
                                "Local Hit Blocks": 0,
                                "Local Read Blocks": 0,
                                "Local Dirtied Blocks": 0,
                                "Local Written Blocks": 0,
                                "Temp Read Blocks": 0,
                                "Temp Written Blocks": 0,
                                "WAL Records": 0,
                                "WAL FPI": 0,
                                "WAL Bytes": 0,
                                "Plans": [
                                    {
                                        "Node Type": "Bitmap Index Scan",
                                        "Parent Relationship": "Outer",
                                        "Parallel Aware": false,
                                        "Async Capable": false,
                                        "Index Name": "bool_multi",
                                        "Startup Cost": 0.0,
                                        "Total Cost": 9064.48,
                                        "Plan Rows": 62500,
                                        "Plan Width": 0,
                                        "Actual Startup Time": 5.37,
                                        "Actual Total Time": 5.37,
                                        "Actual Rows": 62546,
                                        "Actual Loops": 1,
                                        "Index Cond": "((tests_benchmark_booltester015.flg_0 = ANY ('{t,f}'::boolean[])) AND (tests_benchmark_booltester015.flg_1 = ANY ('{t,f}'::boolean[])) AND (tests_benchmark_booltester015.flg_2 = true) AND (tests_benchmark_booltester015.flg_3 = ANY ('{t,f}'::boolean[])) AND (tests_benchmark_booltester015.flg_4 = ANY ('{t,f}'::boolean[])) AND (tests_benchmark_booltester015.flg_5 = ANY ('{t,f}'::boolean[])) AND (tests_benchmark_booltester015.flg_6 = ANY ('{t,f}'::boolean[])) AND (tests_benchmark_booltester015.flg_7 = ANY ('{t,f}'::boolean[])) AND (tests_benchmark_booltester015.flg_8 = ANY ('{t,f}'::boolean[])) AND (tests_benchmark_booltester015.flg_9 = true) AND (tests_benchmark_booltester015.flg_10 = true) AND (tests_benchmark_booltester015.flg_11 = ANY ('{t,f}'::boolean[])) AND (tests_benchmark_booltester015.flg_12 = ANY ('{t,f}'::boolean[])) AND (tests_benchmark_booltester015.flg_13 = true) AND (tests_benchmark_booltester015.flg_14 = true) AND (tests_benchmark_booltester015.flg_15 = ANY ('{t,f}'::boolean[])))",
                                        "Shared Hit Blocks": 6144,
                                        "Shared Read Blocks": 0,
                                        "Shared Dirtied Blocks": 0,
                                        "Shared Written Blocks": 0,
                                        "Local Hit Blocks": 0,
                                        "Local Read Blocks": 0,
                                        "Local Dirtied Blocks": 0,
                                        "Local Written Blocks": 0,
                                        "Temp Read Blocks": 0,
                                        "Temp Written Blocks": 0,
                                        "WAL Records": 0,
                                        "WAL FPI": 0,
                                        "WAL Bytes": 0
                                    }
                                ]
                            },
                            "Settings": {},
                            "Planning": {
                                "Shared Hit Blocks": 0,
                                "Shared Read Blocks": 0,
                                "Shared Dirtied Blocks": 0,
                                "Shared Written Blocks": 0,
                                "Local Hit Blocks": 0,
                                "Local Read Blocks": 0,
                                "Local Dirtied Blocks": 0,
                                "Local Written Blocks": 0,
                                "Temp Read Blocks": 0,
                                "Temp Written Blocks": 0
                            },
                            "Planning Time": 0.056,
                            "Triggers": [],
                            "Execution Time": 15.454
                        },
                        "any_explanation": {
                            "Plan": {
                                "Node Type": "Seq Scan",
                                "Parallel Aware": false,
                                "Async Capable": false,
                                "Relation Name": "tests_benchmark_booltester015",
                                "Schema": "public",
                                "Alias": "tests_benchmark_booltester015",
                                "Startup Cost": 0.0,
                                "Total Cost": 32739.01,
                                "Plan Rows": 1937501,
                                "Plan Width": 24,
                                "Actual Startup Time": 0.005,
                                "Actual Total Time": 160.152,
                                "Actual Rows": 1937051,
                                "Actual Loops": 1,
                                "Output": [
                                    "id",
                                    "flg_0",
                                    "flg_1",
                                    "flg_2",
                                    "flg_3",
                                    "flg_4",
                                    "flg_5",
                                    "flg_6",
                                    "flg_7",
                                    "flg_8",
                                    "flg_9",
                                    "flg_10",
                                    "flg_11",
                                    "flg_12",
                                    "flg_13",
                                    "flg_14",
                                    "flg_15"
                                ],
                                "Filter": "(tests_benchmark_booltester015.flg_2 OR tests_benchmark_booltester015.flg_9 OR tests_benchmark_booltester015.flg_10 OR tests_benchmark_booltester015.flg_13 OR tests_benchmark_booltester015.flg_14)",
                                "Rows Removed by Filter": 62950,
                                "Shared Hit Blocks": 12739,
                                "Shared Read Blocks": 0,
                                "Shared Dirtied Blocks": 0,
                                "Shared Written Blocks": 0,
                                "Local Hit Blocks": 0,
                                "Local Read Blocks": 0,
                                "Local Dirtied Blocks": 0,
                                "Local Written Blocks": 0,
                                "Temp Read Blocks": 0,
                                "Temp Written Blocks": 0,
                                "WAL Records": 0,
                                "WAL FPI": 0,
                                "WAL Bytes": 0
                            },
                            "Settings": {},
                            "Planning": {
                                "Shared Hit Blocks": 0,
                                "Shared Read Blocks": 0,
                                "Shared Dirtied Blocks": 0,
                                "Shared Written Blocks": 0,
                                "Local Hit Blocks": 0,
                                "Local Read Blocks": 0,
                                "Local Dirtied Blocks": 0,
                                "Local Written Blocks": 0,
                                "Temp Read Blocks": 0,
                                "Temp Written Blocks": 0
                            },
                            "Planning Time": 0.054,
                            "Triggers": [],
                            "Execution Time": 199.677
                        },
                        "exact_explanation": {
                            "Plan": {
                                "Node Type": "Bitmap Heap Scan",
                                "Parallel Aware": false,
                                "Async Capable": false,
                                "Relation Name": "tests_benchmark_booltester015",
                                "Schema": "public",
                                "Alias": "tests_benchmark_booltester015",
                                "Startup Cost": 5.83,
                                "Total Cost": 125.55,
                                "Plan Rows": 31,
                                "Plan Width": 24,
                                "Actual Startup Time": 0.005,
                                "Actual Total Time": 0.012,
                                "Actual Rows": 37,
                                "Actual Loops": 1,
                                "Output": [
                                    "id",
                                    "flg_0",
                                    "flg_1",
                                    "flg_2",
                                    "flg_3",
                                    "flg_4",
                                    "flg_5",
                                    "flg_6",
                                    "flg_7",
                                    "flg_8",
                                    "flg_9",
                                    "flg_10",
                                    "flg_11",
                                    "flg_12",
                                    "flg_13",
                                    "flg_14",
                                    "flg_15"
                                ],
                                "Recheck Cond": "((NOT tests_benchmark_booltester015.flg_0) AND (NOT tests_benchmark_booltester015.flg_1) AND tests_benchmark_booltester015.flg_2 AND (NOT tests_benchmark_booltester015.flg_3) AND (NOT tests_benchmark_booltester015.flg_4) AND (NOT tests_benchmark_booltester015.flg_5) AND (NOT tests_benchmark_booltester015.flg_6) AND (NOT tests_benchmark_booltester015.flg_7) AND (NOT tests_benchmark_booltester015.flg_8) AND tests_benchmark_booltester015.flg_9 AND tests_benchmark_booltester015.flg_10 AND (NOT tests_benchmark_booltester015.flg_11) AND (NOT tests_benchmark_booltester015.flg_12) AND tests_benchmark_booltester015.flg_13 AND tests_benchmark_booltester015.flg_14 AND (NOT tests_benchmark_booltester015.flg_15))",
                                "Rows Removed by Index Recheck": 0,
                                "Exact Heap Blocks": 37,
                                "Lossy Heap Blocks": 0,
                                "Shared Hit Blocks": 40,
                                "Shared Read Blocks": 0,
                                "Shared Dirtied Blocks": 0,
                                "Shared Written Blocks": 0,
                                "Local Hit Blocks": 0,
                                "Local Read Blocks": 0,
                                "Local Dirtied Blocks": 0,
                                "Local Written Blocks": 0,
                                "Temp Read Blocks": 0,
                                "Temp Written Blocks": 0,
                                "WAL Records": 0,
                                "WAL FPI": 0,
                                "WAL Bytes": 0,
                                "Plans": [
                                    {
                                        "Node Type": "Bitmap Index Scan",
                                        "Parent Relationship": "Outer",
                                        "Parallel Aware": false,
                                        "Async Capable": false,
                                        "Index Name": "bool_multi",
                                        "Startup Cost": 0.0,
                                        "Total Cost": 5.82,
                                        "Plan Rows": 31,
                                        "Plan Width": 0,
                                        "Actual Startup Time": 0.003,
                                        "Actual Total Time": 0.003,
                                        "Actual Rows": 37,
                                        "Actual Loops": 1,
                                        "Index Cond": "((tests_benchmark_booltester015.flg_0 = false) AND (tests_benchmark_booltester015.flg_1 = false) AND (tests_benchmark_booltester015.flg_2 = true) AND (tests_benchmark_booltester015.flg_3 = false) AND (tests_benchmark_booltester015.flg_4 = false) AND (tests_benchmark_booltester015.flg_5 = false) AND (tests_benchmark_booltester015.flg_6 = false) AND (tests_benchmark_booltester015.flg_7 = false) AND (tests_benchmark_booltester015.flg_8 = false) AND (tests_benchmark_booltester015.flg_9 = true) AND (tests_benchmark_booltester015.flg_10 = true) AND (tests_benchmark_booltester015.flg_11 = false) AND (tests_benchmark_booltester015.flg_12 = false) AND (tests_benchmark_booltester015.flg_13 = true) AND (tests_benchmark_booltester015.flg_14 = true) AND (tests_benchmark_booltester015.flg_15 = false))",
                                        "Shared Hit Blocks": 3,
                                        "Shared Read Blocks": 0,
                                        "Shared Dirtied Blocks": 0,
                                        "Shared Written Blocks": 0,
                                        "Local Hit Blocks": 0,
                                        "Local Read Blocks": 0,
                                        "Local Dirtied Blocks": 0,
                                        "Local Written Blocks": 0,
                                        "Temp Read Blocks": 0,
                                        "Temp Written Blocks": 0,
                                        "WAL Records": 0,
                                        "WAL FPI": 0,
                                        "WAL Bytes": 0
                                    }
                                ]
                            },
                            "Settings": {},
                            "Planning": {
                                "Shared Hit Blocks": 0,
                                "Shared Read Blocks": 0,
                                "Shared Dirtied Blocks": 0,
                                "Shared Written Blocks": 0,
                                "Local Hit Blocks": 0,
                                "Local Read Blocks": 0,
                                "Local Dirtied Blocks": 0,
                                "Local Written Blocks": 0,
                                "Temp Read Blocks": 0,
                                "Temp Written Blocks": 0
                            },
                            "Planning Time": 0.027,
                            "Triggers": [],
                            "Execution Time": 0.017
                        },
                        "all_ftr_time": 0.004097000000000001,
                        "any_ftr_time": 0.2153873,
                        "exact_ftr_time": 1.6700000000000003e-05
                    },
                    "4000000": {
                        "all_time": 0.012888979099807329,
                        "any_time": 0.5866679748971364,
                        "exact_time": 0.005443803999514785,
                        "table_size": 327155712.0,
                        "index_time": 4.761883999992278,
                        "all_explanation": {
                            "Plan": {
                                "Node Type": "Bitmap Heap Scan",
                                "Parallel Aware": false,
                                "Async Capable": false,
                                "Relation Name": "tests_benchmark_booltester015",
                                "Schema": "public",
                                "Alias": "tests_benchmark_booltester015",
                                "Startup Cost": 912.35,
                                "Total Cost": 17746.22,
                                "Plan Rows": 7813,
                                "Plan Width": 24,
                                "Actual Startup Time": 1.141,
                                "Actual Total Time": 3.284,
                                "Actual Rows": 7790,
                                "Actual Loops": 1,
                                "Output": [
                                    "id",
                                    "flg_0",
                                    "flg_1",
                                    "flg_2",
                                    "flg_3",
                                    "flg_4",
                                    "flg_5",
                                    "flg_6",
                                    "flg_7",
                                    "flg_8",
                                    "flg_9",
                                    "flg_10",
                                    "flg_11",
                                    "flg_12",
                                    "flg_13",
                                    "flg_14",
                                    "flg_15"
                                ],
                                "Recheck Cond": "(tests_benchmark_booltester015.flg_0 AND (tests_benchmark_booltester015.flg_1 = ANY ('{t,f}'::boolean[])) AND tests_benchmark_booltester015.flg_2 AND tests_benchmark_booltester015.flg_3 AND (tests_benchmark_booltester015.flg_4 = ANY ('{t,f}'::boolean[])) AND (tests_benchmark_booltester015.flg_5 = ANY ('{t,f}'::boolean[])) AND (tests_benchmark_booltester015.flg_6 = ANY ('{t,f}'::boolean[])) AND (tests_benchmark_booltester015.flg_7 = ANY ('{t,f}'::boolean[])) AND tests_benchmark_booltester015.flg_8 AND tests_benchmark_booltester015.flg_9 AND (tests_benchmark_booltester015.flg_10 = ANY ('{t,f}'::boolean[])) AND tests_benchmark_booltester015.flg_11 AND tests_benchmark_booltester015.flg_12 AND (tests_benchmark_booltester015.flg_13 = ANY ('{t,f}'::boolean[])) AND tests_benchmark_booltester015.flg_14 AND tests_benchmark_booltester015.flg_15)",
                                "Rows Removed by Index Recheck": 0,
                                "Exact Heap Blocks": 6747,
                                "Lossy Heap Blocks": 0,
                                "Shared Hit Blocks": 7131,
                                "Shared Read Blocks": 0,
                                "Shared Dirtied Blocks": 0,
                                "Shared Written Blocks": 0,
                                "Local Hit Blocks": 0,
                                "Local Read Blocks": 0,
                                "Local Dirtied Blocks": 0,
                                "Local Written Blocks": 0,
                                "Temp Read Blocks": 0,
                                "Temp Written Blocks": 0,
                                "WAL Records": 0,
                                "WAL FPI": 0,
                                "WAL Bytes": 0,
                                "Plans": [
                                    {
                                        "Node Type": "Bitmap Index Scan",
                                        "Parent Relationship": "Outer",
                                        "Parallel Aware": false,
                                        "Async Capable": false,
                                        "Index Name": "bool_multi",
                                        "Startup Cost": 0.0,
                                        "Total Cost": 910.4,
                                        "Plan Rows": 7813,
                                        "Plan Width": 0,
                                        "Actual Startup Time": 0.615,
                                        "Actual Total Time": 0.615,
                                        "Actual Rows": 7790,
                                        "Actual Loops": 1,
                                        "Index Cond": "((tests_benchmark_booltester015.flg_0 = true) AND (tests_benchmark_booltester015.flg_1 = ANY ('{t,f}'::boolean[])) AND (tests_benchmark_booltester015.flg_2 = true) AND (tests_benchmark_booltester015.flg_3 = true) AND (tests_benchmark_booltester015.flg_4 = ANY ('{t,f}'::boolean[])) AND (tests_benchmark_booltester015.flg_5 = ANY ('{t,f}'::boolean[])) AND (tests_benchmark_booltester015.flg_6 = ANY ('{t,f}'::boolean[])) AND (tests_benchmark_booltester015.flg_7 = ANY ('{t,f}'::boolean[])) AND (tests_benchmark_booltester015.flg_8 = true) AND (tests_benchmark_booltester015.flg_9 = true) AND (tests_benchmark_booltester015.flg_10 = ANY ('{t,f}'::boolean[])) AND (tests_benchmark_booltester015.flg_11 = true) AND (tests_benchmark_booltester015.flg_12 = true) AND (tests_benchmark_booltester015.flg_13 = ANY ('{t,f}'::boolean[])) AND (tests_benchmark_booltester015.flg_14 = true) AND (tests_benchmark_booltester015.flg_15 = true))",
                                        "Shared Hit Blocks": 384,
                                        "Shared Read Blocks": 0,
                                        "Shared Dirtied Blocks": 0,
                                        "Shared Written Blocks": 0,
                                        "Local Hit Blocks": 0,
                                        "Local Read Blocks": 0,
                                        "Local Dirtied Blocks": 0,
                                        "Local Written Blocks": 0,
                                        "Temp Read Blocks": 0,
                                        "Temp Written Blocks": 0,
                                        "WAL Records": 0,
                                        "WAL FPI": 0,
                                        "WAL Bytes": 0
                                    }
                                ]
                            },
                            "Settings": {},
                            "Planning": {
                                "Shared Hit Blocks": 0,
                                "Shared Read Blocks": 0,
                                "Shared Dirtied Blocks": 0,
                                "Shared Written Blocks": 0,
                                "Local Hit Blocks": 0,
                                "Local Read Blocks": 0,
                                "Local Dirtied Blocks": 0,
                                "Local Written Blocks": 0,
                                "Temp Read Blocks": 0,
                                "Temp Written Blocks": 0
                            },
                            "Planning Time": 0.054,
                            "Triggers": [],
                            "Execution Time": 3.867
                        },
                        "any_explanation": {
                            "Plan": {
                                "Node Type": "Seq Scan",
                                "Parallel Aware": false,
                                "Async Capable": false,
                                "Relation Name": "tests_benchmark_booltester015",
                                "Schema": "public",
                                "Alias": "tests_benchmark_booltester015",
                                "Startup Cost": 0.0,
                                "Total Cost": 65478.01,
                                "Plan Rows": 3992188,
                                "Plan Width": 24,
                                "Actual Startup Time": 0.081,
                                "Actual Total Time": 367.452,
                                "Actual Rows": 3992309,
                                "Actual Loops": 1,
                                "Output": [
                                    "id",
                                    "flg_0",
                                    "flg_1",
                                    "flg_2",
                                    "flg_3",
                                    "flg_4",
                                    "flg_5",
                                    "flg_6",
                                    "flg_7",
                                    "flg_8",
                                    "flg_9",
                                    "flg_10",
                                    "flg_11",
                                    "flg_12",
                                    "flg_13",
                                    "flg_14",
                                    "flg_15"
                                ],
                                "Filter": "(tests_benchmark_booltester015.flg_0 OR tests_benchmark_booltester015.flg_2 OR tests_benchmark_booltester015.flg_3 OR tests_benchmark_booltester015.flg_8 OR tests_benchmark_booltester015.flg_9 OR tests_benchmark_booltester015.flg_11 OR tests_benchmark_booltester015.flg_12 OR tests_benchmark_booltester015.flg_14 OR tests_benchmark_booltester015.flg_15)",
                                "Rows Removed by Filter": 7692,
                                "Shared Hit Blocks": 16163,
                                "Shared Read Blocks": 9315,
                                "Shared Dirtied Blocks": 0,
                                "Shared Written Blocks": 0,
                                "Local Hit Blocks": 0,
                                "Local Read Blocks": 0,
                                "Local Dirtied Blocks": 0,
                                "Local Written Blocks": 0,
                                "Temp Read Blocks": 0,
                                "Temp Written Blocks": 0,
                                "WAL Records": 0,
                                "WAL FPI": 0,
                                "WAL Bytes": 0
                            },
                            "Settings": {},
                            "Planning": {
                                "Shared Hit Blocks": 0,
                                "Shared Read Blocks": 0,
                                "Shared Dirtied Blocks": 0,
                                "Shared Written Blocks": 0,
                                "Local Hit Blocks": 0,
                                "Local Read Blocks": 0,
                                "Local Dirtied Blocks": 0,
                                "Local Written Blocks": 0,
                                "Temp Read Blocks": 0,
                                "Temp Written Blocks": 0
                            },
                            "Planning Time": 0.038,
                            "Triggers": [],
                            "Execution Time": 448.821
                        },
                        "exact_explanation": {
                            "Plan": {
                                "Node Type": "Bitmap Heap Scan",
                                "Parallel Aware": false,
                                "Async Capable": false,
                                "Relation Name": "tests_benchmark_booltester015",
                                "Schema": "public",
                                "Alias": "tests_benchmark_booltester015",
                                "Startup Cost": 7.19,
                                "Total Cost": 242.85,
                                "Plan Rows": 61,
                                "Plan Width": 24,
                                "Actual Startup Time": 0.007,
                                "Actual Total Time": 0.015,
                                "Actual Rows": 49,
                                "Actual Loops": 1,
                                "Output": [
                                    "id",
                                    "flg_0",
                                    "flg_1",
                                    "flg_2",
                                    "flg_3",
                                    "flg_4",
                                    "flg_5",
                                    "flg_6",
                                    "flg_7",
                                    "flg_8",
                                    "flg_9",
                                    "flg_10",
                                    "flg_11",
                                    "flg_12",
                                    "flg_13",
                                    "flg_14",
                                    "flg_15"
                                ],
                                "Recheck Cond": "(tests_benchmark_booltester015.flg_0 AND (NOT tests_benchmark_booltester015.flg_1) AND tests_benchmark_booltester015.flg_2 AND tests_benchmark_booltester015.flg_3 AND (NOT tests_benchmark_booltester015.flg_4) AND (NOT tests_benchmark_booltester015.flg_5) AND (NOT tests_benchmark_booltester015.flg_6) AND (NOT tests_benchmark_booltester015.flg_7) AND tests_benchmark_booltester015.flg_8 AND tests_benchmark_booltester015.flg_9 AND (NOT tests_benchmark_booltester015.flg_10) AND tests_benchmark_booltester015.flg_11 AND tests_benchmark_booltester015.flg_12 AND (NOT tests_benchmark_booltester015.flg_13) AND tests_benchmark_booltester015.flg_14 AND tests_benchmark_booltester015.flg_15)",
                                "Rows Removed by Index Recheck": 0,
                                "Exact Heap Blocks": 49,
                                "Lossy Heap Blocks": 0,
                                "Shared Hit Blocks": 52,
                                "Shared Read Blocks": 0,
                                "Shared Dirtied Blocks": 0,
                                "Shared Written Blocks": 0,
                                "Local Hit Blocks": 0,
                                "Local Read Blocks": 0,
                                "Local Dirtied Blocks": 0,
                                "Local Written Blocks": 0,
                                "Temp Read Blocks": 0,
                                "Temp Written Blocks": 0,
                                "WAL Records": 0,
                                "WAL FPI": 0,
                                "WAL Bytes": 0,
                                "Plans": [
                                    {
                                        "Node Type": "Bitmap Index Scan",
                                        "Parent Relationship": "Outer",
                                        "Parallel Aware": false,
                                        "Async Capable": false,
                                        "Index Name": "bool_multi",
                                        "Startup Cost": 0.0,
                                        "Total Cost": 7.17,
                                        "Plan Rows": 61,
                                        "Plan Width": 0,
                                        "Actual Startup Time": 0.004,
                                        "Actual Total Time": 0.004,
                                        "Actual Rows": 49,
                                        "Actual Loops": 1,
                                        "Index Cond": "((tests_benchmark_booltester015.flg_0 = true) AND (tests_benchmark_booltester015.flg_1 = false) AND (tests_benchmark_booltester015.flg_2 = true) AND (tests_benchmark_booltester015.flg_3 = true) AND (tests_benchmark_booltester015.flg_4 = false) AND (tests_benchmark_booltester015.flg_5 = false) AND (tests_benchmark_booltester015.flg_6 = false) AND (tests_benchmark_booltester015.flg_7 = false) AND (tests_benchmark_booltester015.flg_8 = true) AND (tests_benchmark_booltester015.flg_9 = true) AND (tests_benchmark_booltester015.flg_10 = false) AND (tests_benchmark_booltester015.flg_11 = true) AND (tests_benchmark_booltester015.flg_12 = true) AND (tests_benchmark_booltester015.flg_13 = false) AND (tests_benchmark_booltester015.flg_14 = true) AND (tests_benchmark_booltester015.flg_15 = true))",
                                        "Shared Hit Blocks": 3,
                                        "Shared Read Blocks": 0,
                                        "Shared Dirtied Blocks": 0,
                                        "Shared Written Blocks": 0,
                                        "Local Hit Blocks": 0,
                                        "Local Read Blocks": 0,
                                        "Local Dirtied Blocks": 0,
                                        "Local Written Blocks": 0,
                                        "Temp Read Blocks": 0,
                                        "Temp Written Blocks": 0,
                                        "WAL Records": 0,
                                        "WAL FPI": 0,
                                        "WAL Bytes": 0
                                    }
                                ]
                            },
                            "Settings": {},
                            "Planning": {
                                "Shared Hit Blocks": 0,
                                "Shared Read Blocks": 0,
                                "Shared Dirtied Blocks": 0,
                                "Shared Written Blocks": 0,
                                "Local Hit Blocks": 0,
                                "Local Read Blocks": 0,
                                "Local Dirtied Blocks": 0,
                                "Local Written Blocks": 0,
                                "Temp Read Blocks": 0,
                                "Temp Written Blocks": 0
                            },
                            "Planning Time": 0.027,
                            "Triggers": [],
                            "Execution Time": 0.021
                        },
                        "all_ftr_time": 0.005280899999999999,
                        "any_ftr_time": 0.4461277999999999,
                        "exact_ftr_time": 2.4299999999999994e-05
                    },
                    "6000000": {
                        "all_time": 0.043289824800740465,
                        "any_time": 0.842960495997977,
                        "exact_time": 0.005325791702489369,
                        "table_size": 490733568.0,
                        "index_time": 7.271616874990286,
                        "all_explanation": {
                            "Plan": {
                                "Node Type": "Bitmap Heap Scan",
                                "Parallel Aware": false,
                                "Async Capable": false,
                                "Relation Name": "tests_benchmark_booltester015",
                                "Schema": "public",
                                "Alias": "tests_benchmark_booltester015",
                                "Startup Cost": 1886.88,
                                "Total Cost": 33100.32,
                                "Plan Rows": 17275,
                                "Plan Width": 24,
                                "Actual Startup Time": 3.266,
                                "Actual Total Time": 34.396,
                                "Actual Rows": 23669,
                                "Actual Loops": 1,
                                "Output": [
                                    "id",
                                    "flg_0",
                                    "flg_1",
                                    "flg_2",
                                    "flg_3",
                                    "flg_4",
                                    "flg_5",
                                    "flg_6",
                                    "flg_7",
                                    "flg_8",
                                    "flg_9",
                                    "flg_10",
                                    "flg_11",
                                    "flg_12",
                                    "flg_13",
                                    "flg_14",
                                    "flg_15"
                                ],
                                "Recheck Cond": "((tests_benchmark_booltester015.flg_0 = ANY ('{t,f}'::boolean[])) AND (tests_benchmark_booltester015.flg_1 = ANY ('{t,f}'::boolean[])) AND tests_benchmark_booltester015.flg_2 AND tests_benchmark_booltester015.flg_3 AND tests_benchmark_booltester015.flg_4 AND tests_benchmark_booltester015.flg_5 AND (tests_benchmark_booltester015.flg_6 = ANY ('{t,f}'::boolean[])) AND (tests_benchmark_booltester015.flg_7 = ANY ('{t,f}'::boolean[])) AND (tests_benchmark_booltester015.flg_8 = ANY ('{t,f}'::boolean[])) AND tests_benchmark_booltester015.flg_9 AND tests_benchmark_booltester015.flg_10 AND tests_benchmark_booltester015.flg_11 AND (tests_benchmark_booltester015.flg_12 = ANY ('{t,f}'::boolean[])) AND (tests_benchmark_booltester015.flg_13 = ANY ('{t,f}'::boolean[])) AND (tests_benchmark_booltester015.flg_14 = ANY ('{t,f}'::boolean[])) AND tests_benchmark_booltester015.flg_15)",
                                "Rows Removed by Index Recheck": 0,
                                "Exact Heap Blocks": 17706,
                                "Lossy Heap Blocks": 0,
                                "Shared Hit Blocks": 785,
                                "Shared Read Blocks": 17689,
                                "Shared Dirtied Blocks": 0,
                                "Shared Written Blocks": 0,
                                "Local Hit Blocks": 0,
                                "Local Read Blocks": 0,
                                "Local Dirtied Blocks": 0,
                                "Local Written Blocks": 0,
                                "Temp Read Blocks": 0,
                                "Temp Written Blocks": 0,
                                "WAL Records": 0,
                                "WAL FPI": 0,
                                "WAL Bytes": 0,
                                "Plans": [
                                    {
                                        "Node Type": "Bitmap Index Scan",
                                        "Parent Relationship": "Outer",
                                        "Parallel Aware": false,
                                        "Async Capable": false,
                                        "Index Name": "bool_multi",
                                        "Startup Cost": 0.0,
                                        "Total Cost": 1882.56,
                                        "Plan Rows": 17275,
                                        "Plan Width": 0,
                                        "Actual Startup Time": 1.688,
                                        "Actual Total Time": 1.688,
                                        "Actual Rows": 23669,
                                        "Actual Loops": 1,
                                        "Index Cond": "((tests_benchmark_booltester015.flg_0 = ANY ('{t,f}'::boolean[])) AND (tests_benchmark_booltester015.flg_1 = ANY ('{t,f}'::boolean[])) AND (tests_benchmark_booltester015.flg_2 = true) AND (tests_benchmark_booltester015.flg_3 = true) AND (tests_benchmark_booltester015.flg_4 = true) AND (tests_benchmark_booltester015.flg_5 = true) AND (tests_benchmark_booltester015.flg_6 = ANY ('{t,f}'::boolean[])) AND (tests_benchmark_booltester015.flg_7 = ANY ('{t,f}'::boolean[])) AND (tests_benchmark_booltester015.flg_8 = ANY ('{t,f}'::boolean[])) AND (tests_benchmark_booltester015.flg_9 = true) AND (tests_benchmark_booltester015.flg_10 = true) AND (tests_benchmark_booltester015.flg_11 = true) AND (tests_benchmark_booltester015.flg_12 = ANY ('{t,f}'::boolean[])) AND (tests_benchmark_booltester015.flg_13 = ANY ('{t,f}'::boolean[])) AND (tests_benchmark_booltester015.flg_14 = ANY ('{t,f}'::boolean[])) AND (tests_benchmark_booltester015.flg_15 = true))",
                                        "Shared Hit Blocks": 754,
                                        "Shared Read Blocks": 14,
                                        "Shared Dirtied Blocks": 0,
                                        "Shared Written Blocks": 0,
                                        "Local Hit Blocks": 0,
                                        "Local Read Blocks": 0,
                                        "Local Dirtied Blocks": 0,
                                        "Local Written Blocks": 0,
                                        "Temp Read Blocks": 0,
                                        "Temp Written Blocks": 0,
                                        "WAL Records": 0,
                                        "WAL FPI": 0,
                                        "WAL Bytes": 0
                                    }
                                ]
                            },
                            "Settings": {},
                            "Planning": {
                                "Shared Hit Blocks": 0,
                                "Shared Read Blocks": 0,
                                "Shared Dirtied Blocks": 0,
                                "Shared Written Blocks": 0,
                                "Local Hit Blocks": 0,
                                "Local Read Blocks": 0,
                                "Local Dirtied Blocks": 0,
                                "Local Written Blocks": 0,
                                "Temp Read Blocks": 0,
                                "Temp Written Blocks": 0
                            },
                            "Planning Time": 0.071,
                            "Triggers": [],
                            "Execution Time": 35.322
                        },
                        "any_explanation": {
                            "Plan": {
                                "Node Type": "Seq Scan",
                                "Parallel Aware": false,
                                "Async Capable": false,
                                "Relation Name": "tests_benchmark_booltester015",
                                "Schema": "public",
                                "Alias": "tests_benchmark_booltester015",
                                "Startup Cost": 0.0,
                                "Total Cost": 98217.01,
                                "Plan Rows": 5976162,
                                "Plan Width": 24,
                                "Actual Startup Time": 0.185,
                                "Actual Total Time": 553.95,
                                "Actual Rows": 5976516,
                                "Actual Loops": 1,
                                "Output": [
                                    "id",
                                    "flg_0",
                                    "flg_1",
                                    "flg_2",
                                    "flg_3",
                                    "flg_4",
                                    "flg_5",
                                    "flg_6",
                                    "flg_7",
                                    "flg_8",
                                    "flg_9",
                                    "flg_10",
                                    "flg_11",
                                    "flg_12",
                                    "flg_13",
                                    "flg_14",
                                    "flg_15"
                                ],
                                "Filter": "(tests_benchmark_booltester015.flg_2 OR tests_benchmark_booltester015.flg_3 OR tests_benchmark_booltester015.flg_4 OR tests_benchmark_booltester015.flg_5 OR tests_benchmark_booltester015.flg_9 OR tests_benchmark_booltester015.flg_10 OR tests_benchmark_booltester015.flg_11 OR tests_benchmark_booltester015.flg_15)",
                                "Rows Removed by Filter": 23485,
                                "Shared Hit Blocks": 16227,
                                "Shared Read Blocks": 21990,
                                "Shared Dirtied Blocks": 0,
                                "Shared Written Blocks": 0,
                                "Local Hit Blocks": 0,
                                "Local Read Blocks": 0,
                                "Local Dirtied Blocks": 0,
                                "Local Written Blocks": 0,
                                "Temp Read Blocks": 0,
                                "Temp Written Blocks": 0,
                                "WAL Records": 0,
                                "WAL FPI": 0,
                                "WAL Bytes": 0
                            },
                            "Settings": {},
                            "Planning": {
                                "Shared Hit Blocks": 0,
                                "Shared Read Blocks": 0,
                                "Shared Dirtied Blocks": 0,
                                "Shared Written Blocks": 0,
                                "Local Hit Blocks": 0,
                                "Local Read Blocks": 0,
                                "Local Dirtied Blocks": 0,
                                "Local Written Blocks": 0,
                                "Temp Read Blocks": 0,
                                "Temp Written Blocks": 0
                            },
                            "Planning Time": 0.049,
                            "Triggers": [],
                            "Execution Time": 676.122
                        },
                        "exact_explanation": {
                            "Plan": {
                                "Node Type": "Index Scan",
                                "Parallel Aware": false,
                                "Async Capable": false,
                                "Scan Direction": "Forward",
                                "Index Name": "bool_multi",
                                "Relation Name": "tests_benchmark_booltester015",
                                "Schema": "public",
                                "Alias": "tests_benchmark_booltester015",
                                "Startup Cost": 0.43,
                                "Total Cost": 312.28,
                                "Plan Rows": 88,
                                "Plan Width": 24,
                                "Actual Startup Time": 0.004,
                                "Actual Total Time": 0.019,
                                "Actual Rows": 122,
                                "Actual Loops": 1,
                                "Output": [
                                    "id",
                                    "flg_0",
                                    "flg_1",
                                    "flg_2",
                                    "flg_3",
                                    "flg_4",
                                    "flg_5",
                                    "flg_6",
                                    "flg_7",
                                    "flg_8",
                                    "flg_9",
                                    "flg_10",
                                    "flg_11",
                                    "flg_12",
                                    "flg_13",
                                    "flg_14",
                                    "flg_15"
                                ],
                                "Index Cond": "((tests_benchmark_booltester015.flg_0 = false) AND (tests_benchmark_booltester015.flg_1 = false) AND (tests_benchmark_booltester015.flg_2 = true) AND (tests_benchmark_booltester015.flg_3 = true) AND (tests_benchmark_booltester015.flg_4 = true) AND (tests_benchmark_booltester015.flg_5 = true) AND (tests_benchmark_booltester015.flg_6 = false) AND (tests_benchmark_booltester015.flg_7 = false) AND (tests_benchmark_booltester015.flg_8 = false) AND (tests_benchmark_booltester015.flg_9 = true) AND (tests_benchmark_booltester015.flg_10 = true) AND (tests_benchmark_booltester015.flg_11 = true) AND (tests_benchmark_booltester015.flg_12 = false) AND (tests_benchmark_booltester015.flg_13 = false) AND (tests_benchmark_booltester015.flg_14 = false) AND (tests_benchmark_booltester015.flg_15 = true))",
                                "Rows Removed by Index Recheck": 0,
                                "Shared Hit Blocks": 125,
                                "Shared Read Blocks": 0,
                                "Shared Dirtied Blocks": 0,
                                "Shared Written Blocks": 0,
                                "Local Hit Blocks": 0,
                                "Local Read Blocks": 0,
                                "Local Dirtied Blocks": 0,
                                "Local Written Blocks": 0,
                                "Temp Read Blocks": 0,
                                "Temp Written Blocks": 0,
                                "WAL Records": 0,
                                "WAL FPI": 0,
                                "WAL Bytes": 0
                            },
                            "Settings": {},
                            "Planning": {
                                "Shared Hit Blocks": 0,
                                "Shared Read Blocks": 0,
                                "Shared Dirtied Blocks": 0,
                                "Shared Written Blocks": 0,
                                "Local Hit Blocks": 0,
                                "Local Read Blocks": 0,
                                "Local Dirtied Blocks": 0,
                                "Local Written Blocks": 0,
                                "Temp Read Blocks": 0,
                                "Temp Written Blocks": 0
                            },
                            "Planning Time": 0.031,
                            "Triggers": [],
                            "Execution Time": 0.027
                        },
                        "all_ftr_time": 0.0433017,
                        "any_ftr_time": 0.6425951999999999,
                        "exact_ftr_time": 2.3099999999999996e-05
                    },
                    "8000000": {
                        "all_time": 0.051629641698673366,
                        "any_time": 1.158831858400663,
                        "exact_time": 0.005803549900883808,
                        "table_size": 655360000.0,
                        "index_time": 9.83240291698894,
                        "all_explanation": {
                            "Plan": {
                                "Node Type": "Bitmap Heap Scan",
                                "Parallel Aware": false,
                                "Async Capable": false,
                                "Relation Name": "tests_benchmark_booltester015",
                                "Schema": "public",
                                "Alias": "tests_benchmark_booltester015",
                                "Startup Cost": 3105.0,
                                "Total Cost": 41905.14,
                                "Plan Rows": 20003,
                                "Plan Width": 24,
                                "Actual Startup Time": 7.47,
                                "Actual Total Time": 78.0,
                                "Actual Rows": 62953,
                                "Actual Loops": 1,
                                "Output": [
                                    "id",
                                    "flg_0",
                                    "flg_1",
                                    "flg_2",
                                    "flg_3",
                                    "flg_4",
                                    "flg_5",
                                    "flg_6",
                                    "flg_7",
                                    "flg_8",
                                    "flg_9",
                                    "flg_10",
                                    "flg_11",
                                    "flg_12",
                                    "flg_13",
                                    "flg_14",
                                    "flg_15"
                                ],
                                "Recheck Cond": "((tests_benchmark_booltester015.flg_0 = ANY ('{t,f}'::boolean[])) AND (tests_benchmark_booltester015.flg_1 = ANY ('{t,f}'::boolean[])) AND (tests_benchmark_booltester015.flg_2 = ANY ('{t,f}'::boolean[])) AND tests_benchmark_booltester015.flg_3 AND tests_benchmark_booltester015.flg_4 AND tests_benchmark_booltester015.flg_5 AND tests_benchmark_booltester015.flg_6 AND tests_benchmark_booltester015.flg_7 AND (tests_benchmark_booltester015.flg_8 = ANY ('{t,f}'::boolean[])) AND (tests_benchmark_booltester015.flg_9 = ANY ('{t,f}'::boolean[])) AND tests_benchmark_booltester015.flg_10 AND (tests_benchmark_booltester015.flg_11 = ANY ('{t,f}'::boolean[])) AND (tests_benchmark_booltester015.flg_12 = ANY ('{t,f}'::boolean[])) AND tests_benchmark_booltester015.flg_13 AND (tests_benchmark_booltester015.flg_14 = ANY ('{t,f}'::boolean[])) AND (tests_benchmark_booltester015.flg_15 = ANY ('{t,f}'::boolean[])))",
                                "Rows Removed by Index Recheck": 0,
                                "Exact Heap Blocks": 36301,
                                "Lossy Heap Blocks": 0,
                                "Shared Hit Blocks": 1536,
                                "Shared Read Blocks": 36314,
                                "Shared Dirtied Blocks": 0,
                                "Shared Written Blocks": 0,
                                "Local Hit Blocks": 0,
                                "Local Read Blocks": 0,
                                "Local Dirtied Blocks": 0,
                                "Local Written Blocks": 0,
                                "Temp Read Blocks": 0,
                                "Temp Written Blocks": 0,
                                "WAL Records": 0,
                                "WAL FPI": 0,
                                "WAL Bytes": 0,
                                "Plans": [
                                    {
                                        "Node Type": "Bitmap Index Scan",
                                        "Parent Relationship": "Outer",
                                        "Parallel Aware": false,
                                        "Async Capable": false,
                                        "Index Name": "bool_multi",
                                        "Startup Cost": 0.0,
                                        "Total Cost": 3100.0,
                                        "Plan Rows": 20003,
                                        "Plan Width": 0,
                                        "Actual Startup Time": 3.957,
                                        "Actual Total Time": 3.957,
                                        "Actual Rows": 62953,
                                        "Actual Loops": 1,
                                        "Index Cond": "((tests_benchmark_booltester015.flg_0 = ANY ('{t,f}'::boolean[])) AND (tests_benchmark_booltester015.flg_1 = ANY ('{t,f}'::boolean[])) AND (tests_benchmark_booltester015.flg_2 = ANY ('{t,f}'::boolean[])) AND (tests_benchmark_booltester015.flg_3 = true) AND (tests_benchmark_booltester015.flg_4 = true) AND (tests_benchmark_booltester015.flg_5 = true) AND (tests_benchmark_booltester015.flg_6 = true) AND (tests_benchmark_booltester015.flg_7 = true) AND (tests_benchmark_booltester015.flg_8 = ANY ('{t,f}'::boolean[])) AND (tests_benchmark_booltester015.flg_9 = ANY ('{t,f}'::boolean[])) AND (tests_benchmark_booltester015.flg_10 = true) AND (tests_benchmark_booltester015.flg_11 = ANY ('{t,f}'::boolean[])) AND (tests_benchmark_booltester015.flg_12 = ANY ('{t,f}'::boolean[])) AND (tests_benchmark_booltester015.flg_13 = true) AND (tests_benchmark_booltester015.flg_14 = ANY ('{t,f}'::boolean[])) AND (tests_benchmark_booltester015.flg_15 = ANY ('{t,f}'::boolean[])))",
                                        "Shared Hit Blocks": 1536,
                                        "Shared Read Blocks": 13,
                                        "Shared Dirtied Blocks": 0,
                                        "Shared Written Blocks": 0,
                                        "Local Hit Blocks": 0,
                                        "Local Read Blocks": 0,
                                        "Local Dirtied Blocks": 0,
                                        "Local Written Blocks": 0,
                                        "Temp Read Blocks": 0,
                                        "Temp Written Blocks": 0,
                                        "WAL Records": 0,
                                        "WAL FPI": 0,
                                        "WAL Bytes": 0
                                    }
                                ]
                            },
                            "Settings": {},
                            "Planning": {
                                "Shared Hit Blocks": 0,
                                "Shared Read Blocks": 0,
                                "Shared Dirtied Blocks": 0,
                                "Shared Written Blocks": 0,
                                "Local Hit Blocks": 0,
                                "Local Read Blocks": 0,
                                "Local Dirtied Blocks": 0,
                                "Local Written Blocks": 0,
                                "Temp Read Blocks": 0,
                                "Temp Written Blocks": 0
                            },
                            "Planning Time": 0.074,
                            "Triggers": [],
                            "Execution Time": 80.106
                        },
                        "any_explanation": {
                            "Plan": {
                                "Node Type": "Seq Scan",
                                "Parallel Aware": false,
                                "Async Capable": false,
                                "Relation Name": "tests_benchmark_booltester015",
                                "Schema": "public",
                                "Alias": "tests_benchmark_booltester015",
                                "Startup Cost": 0.0,
                                "Total Cost": 130956.01,
                                "Plan Rows": 7938225,
                                "Plan Width": 24,
                                "Actual Startup Time": 0.072,
                                "Actual Total Time": 663.199,
                                "Actual Rows": 7937010,
                                "Actual Loops": 1,
                                "Output": [
                                    "id",
                                    "flg_0",
                                    "flg_1",
                                    "flg_2",
                                    "flg_3",
                                    "flg_4",
                                    "flg_5",
                                    "flg_6",
                                    "flg_7",
                                    "flg_8",
                                    "flg_9",
                                    "flg_10",
                                    "flg_11",
                                    "flg_12",
                                    "flg_13",
                                    "flg_14",
                                    "flg_15"
                                ],
                                "Filter": "(tests_benchmark_booltester015.flg_3 OR tests_benchmark_booltester015.flg_4 OR tests_benchmark_booltester015.flg_5 OR tests_benchmark_booltester015.flg_6 OR tests_benchmark_booltester015.flg_7 OR tests_benchmark_booltester015.flg_10 OR tests_benchmark_booltester015.flg_13)",
                                "Rows Removed by Filter": 62991,
                                "Shared Hit Blocks": 16187,
                                "Shared Read Blocks": 34769,
                                "Shared Dirtied Blocks": 0,
                                "Shared Written Blocks": 0,
                                "Local Hit Blocks": 0,
                                "Local Read Blocks": 0,
                                "Local Dirtied Blocks": 0,
                                "Local Written Blocks": 0,
                                "Temp Read Blocks": 0,
                                "Temp Written Blocks": 0,
                                "WAL Records": 0,
                                "WAL FPI": 0,
                                "WAL Bytes": 0
                            },
                            "Settings": {},
                            "Planning": {
                                "Shared Hit Blocks": 0,
                                "Shared Read Blocks": 0,
                                "Shared Dirtied Blocks": 0,
                                "Shared Written Blocks": 0,
                                "Local Hit Blocks": 0,
                                "Local Read Blocks": 0,
                                "Local Dirtied Blocks": 0,
                                "Local Written Blocks": 0,
                                "Temp Read Blocks": 0,
                                "Temp Written Blocks": 0
                            },
                            "Planning Time": 0.042,
                            "Triggers": [],
                            "Execution Time": 824.765
                        },
                        "exact_explanation": {
                            "Plan": {
                                "Node Type": "Index Scan",
                                "Parallel Aware": false,
                                "Async Capable": false,
                                "Scan Direction": "Forward",
                                "Index Name": "bool_multi",
                                "Relation Name": "tests_benchmark_booltester015",
                                "Schema": "public",
                                "Alias": "tests_benchmark_booltester015",
                                "Startup Cost": 0.43,
                                "Total Cost": 437.91,
                                "Plan Rows": 124,
                                "Plan Width": 24,
                                "Actual Startup Time": 0.004,
                                "Actual Total Time": 0.021,
                                "Actual Rows": 122,
                                "Actual Loops": 1,
                                "Output": [
                                    "id",
                                    "flg_0",
                                    "flg_1",
                                    "flg_2",
                                    "flg_3",
                                    "flg_4",
                                    "flg_5",
                                    "flg_6",
                                    "flg_7",
                                    "flg_8",
                                    "flg_9",
                                    "flg_10",
                                    "flg_11",
                                    "flg_12",
                                    "flg_13",
                                    "flg_14",
                                    "flg_15"
                                ],
                                "Index Cond": "((tests_benchmark_booltester015.flg_0 = false) AND (tests_benchmark_booltester015.flg_1 = false) AND (tests_benchmark_booltester015.flg_2 = false) AND (tests_benchmark_booltester015.flg_3 = true) AND (tests_benchmark_booltester015.flg_4 = true) AND (tests_benchmark_booltester015.flg_5 = true) AND (tests_benchmark_booltester015.flg_6 = true) AND (tests_benchmark_booltester015.flg_7 = true) AND (tests_benchmark_booltester015.flg_8 = false) AND (tests_benchmark_booltester015.flg_9 = false) AND (tests_benchmark_booltester015.flg_10 = true) AND (tests_benchmark_booltester015.flg_11 = false) AND (tests_benchmark_booltester015.flg_12 = false) AND (tests_benchmark_booltester015.flg_13 = true) AND (tests_benchmark_booltester015.flg_14 = false) AND (tests_benchmark_booltester015.flg_15 = false))",
                                "Rows Removed by Index Recheck": 0,
                                "Shared Hit Blocks": 124,
                                "Shared Read Blocks": 0,
                                "Shared Dirtied Blocks": 0,
                                "Shared Written Blocks": 0,
                                "Local Hit Blocks": 0,
                                "Local Read Blocks": 0,
                                "Local Dirtied Blocks": 0,
                                "Local Written Blocks": 0,
                                "Temp Read Blocks": 0,
                                "Temp Written Blocks": 0,
                                "WAL Records": 0,
                                "WAL FPI": 0,
                                "WAL Bytes": 0
                            },
                            "Settings": {},
                            "Planning": {
                                "Shared Hit Blocks": 0,
                                "Shared Read Blocks": 0,
                                "Shared Dirtied Blocks": 0,
                                "Shared Written Blocks": 0,
                                "Local Hit Blocks": 0,
                                "Local Read Blocks": 0,
                                "Local Dirtied Blocks": 0,
                                "Local Written Blocks": 0,
                                "Temp Read Blocks": 0,
                                "Temp Written Blocks": 0
                            },
                            "Planning Time": 0.03,
                            "Triggers": [],
                            "Execution Time": 0.029
                        },
                        "all_ftr_time": 0.0481696,
                        "any_ftr_time": 0.8851767999999999,
                        "exact_ftr_time": 2.78e-05
                    },
                    "10000000": {
                        "all_time": 0.04772645809862297,
                        "any_time": 1.4628651749022539,
                        "exact_time": 0.005838949898316059,
                        "table_size": 815792128.0,
                        "index_time": 12.204744458998903,
                        "all_explanation": {
                            "Plan": {
                                "Node Type": "Bitmap Heap Scan",
                                "Parallel Aware": false,
                                "Async Capable": false,
                                "Relation Name": "tests_benchmark_booltester015",
                                "Schema": "public",
                                "Alias": "tests_benchmark_booltester015",
                                "Startup Cost": 938.38,
                                "Total Cost": 24055.31,
                                "Plan Rows": 8252,
                                "Plan Width": 24,
                                "Actual Startup Time": 2.83,
                                "Actual Total Time": 21.366,
                                "Actual Rows": 19595,
                                "Actual Loops": 1,
                                "Output": [
                                    "id",
                                    "flg_0",
                                    "flg_1",
                                    "flg_2",
                                    "flg_3",
                                    "flg_4",
                                    "flg_5",
                                    "flg_6",
                                    "flg_7",
                                    "flg_8",
                                    "flg_9",
                                    "flg_10",
                                    "flg_11",
                                    "flg_12",
                                    "flg_13",
                                    "flg_14",
                                    "flg_15"
                                ],
                                "Recheck Cond": "(tests_benchmark_booltester015.flg_0 AND (tests_benchmark_booltester015.flg_1 = ANY ('{t,f}'::boolean[])) AND tests_benchmark_booltester015.flg_2 AND tests_benchmark_booltester015.flg_3 AND tests_benchmark_booltester015.flg_4 AND tests_benchmark_booltester015.flg_5 AND (tests_benchmark_booltester015.flg_6 = ANY ('{t,f}'::boolean[])) AND (tests_benchmark_booltester015.flg_7 = ANY ('{t,f}'::boolean[])) AND tests_benchmark_booltester015.flg_8 AND (tests_benchmark_booltester015.flg_9 = ANY ('{t,f}'::boolean[])) AND tests_benchmark_booltester015.flg_10 AND (tests_benchmark_booltester015.flg_11 = ANY ('{t,f}'::boolean[])) AND tests_benchmark_booltester015.flg_12 AND (tests_benchmark_booltester015.flg_13 = ANY ('{t,f}'::boolean[])) AND tests_benchmark_booltester015.flg_14 AND (tests_benchmark_booltester015.flg_15 = ANY ('{t,f}'::boolean[])))",
                                "Rows Removed by Index Recheck": 0,
                                "Exact Heap Blocks": 16917,
                                "Lossy Heap Blocks": 0,
                                "Shared Hit Blocks": 8923,
                                "Shared Read Blocks": 8389,
                                "Shared Dirtied Blocks": 0,
                                "Shared Written Blocks": 0,
                                "Local Hit Blocks": 0,
                                "Local Read Blocks": 0,
                                "Local Dirtied Blocks": 0,
                                "Local Written Blocks": 0,
                                "Temp Read Blocks": 0,
                                "Temp Written Blocks": 0,
                                "WAL Records": 0,
                                "WAL FPI": 0,
                                "WAL Bytes": 0,
                                "Plans": [
                                    {
                                        "Node Type": "Bitmap Index Scan",
                                        "Parent Relationship": "Outer",
                                        "Parallel Aware": false,
                                        "Async Capable": false,
                                        "Index Name": "bool_multi",
                                        "Startup Cost": 0.0,
                                        "Total Cost": 936.32,
                                        "Plan Rows": 8252,
                                        "Plan Width": 0,
                                        "Actual Startup Time": 1.349,
                                        "Actual Total Time": 1.349,
                                        "Actual Rows": 19595,
                                        "Actual Loops": 1,
                                        "Index Cond": "((tests_benchmark_booltester015.flg_0 = true) AND (tests_benchmark_booltester015.flg_1 = ANY ('{t,f}'::boolean[])) AND (tests_benchmark_booltester015.flg_2 = true) AND (tests_benchmark_booltester015.flg_3 = true) AND (tests_benchmark_booltester015.flg_4 = true) AND (tests_benchmark_booltester015.flg_5 = true) AND (tests_benchmark_booltester015.flg_6 = ANY ('{t,f}'::boolean[])) AND (tests_benchmark_booltester015.flg_7 = ANY ('{t,f}'::boolean[])) AND (tests_benchmark_booltester015.flg_8 = true) AND (tests_benchmark_booltester015.flg_9 = ANY ('{t,f}'::boolean[])) AND (tests_benchmark_booltester015.flg_10 = true) AND (tests_benchmark_booltester015.flg_11 = ANY ('{t,f}'::boolean[])) AND (tests_benchmark_booltester015.flg_12 = true) AND (tests_benchmark_booltester015.flg_13 = ANY ('{t,f}'::boolean[])) AND (tests_benchmark_booltester015.flg_14 = true) AND (tests_benchmark_booltester015.flg_15 = ANY ('{t,f}'::boolean[])))",
                                        "Shared Hit Blocks": 395,
                                        "Shared Read Blocks": 0,
                                        "Shared Dirtied Blocks": 0,
                                        "Shared Written Blocks": 0,
                                        "Local Hit Blocks": 0,
                                        "Local Read Blocks": 0,
                                        "Local Dirtied Blocks": 0,
                                        "Local Written Blocks": 0,
                                        "Temp Read Blocks": 0,
                                        "Temp Written Blocks": 0,
                                        "WAL Records": 0,
                                        "WAL FPI": 0,
                                        "WAL Bytes": 0
                                    }
                                ]
                            },
                            "Settings": {},
                            "Planning": {
                                "Shared Hit Blocks": 0,
                                "Shared Read Blocks": 0,
                                "Shared Dirtied Blocks": 0,
                                "Shared Written Blocks": 0,
                                "Local Hit Blocks": 0,
                                "Local Read Blocks": 0,
                                "Local Dirtied Blocks": 0,
                                "Local Written Blocks": 0,
                                "Temp Read Blocks": 0,
                                "Temp Written Blocks": 0
                            },
                            "Planning Time": 0.073,
                            "Triggers": [],
                            "Execution Time": 22.438
                        },
                        "any_explanation": {
                            "Plan": {
                                "Node Type": "Seq Scan",
                                "Parallel Aware": false,
                                "Async Capable": false,
                                "Relation Name": "tests_benchmark_booltester015",
                                "Schema": "public",
                                "Alias": "tests_benchmark_booltester015",
                                "Startup Cost": 0.0,
                                "Total Cost": 163695.01,
                                "Plan Rows": 9980508,
                                "Plan Width": 24,
                                "Actual Startup Time": 0.101,
                                "Actual Total Time": 867.079,
                                "Actual Rows": 9980586,
                                "Actual Loops": 1,
                                "Output": [
                                    "id",
                                    "flg_0",
                                    "flg_1",
                                    "flg_2",
                                    "flg_3",
                                    "flg_4",
                                    "flg_5",
                                    "flg_6",
                                    "flg_7",
                                    "flg_8",
                                    "flg_9",
                                    "flg_10",
                                    "flg_11",
                                    "flg_12",
                                    "flg_13",
                                    "flg_14",
                                    "flg_15"
                                ],
                                "Filter": "(tests_benchmark_booltester015.flg_0 OR tests_benchmark_booltester015.flg_2 OR tests_benchmark_booltester015.flg_3 OR tests_benchmark_booltester015.flg_4 OR tests_benchmark_booltester015.flg_5 OR tests_benchmark_booltester015.flg_8 OR tests_benchmark_booltester015.flg_10 OR tests_benchmark_booltester015.flg_12 OR tests_benchmark_booltester015.flg_14)",
                                "Rows Removed by Filter": 19415,
                                "Shared Hit Blocks": 16215,
                                "Shared Read Blocks": 47480,
                                "Shared Dirtied Blocks": 0,
                                "Shared Written Blocks": 0,
                                "Local Hit Blocks": 0,
                                "Local Read Blocks": 0,
                                "Local Dirtied Blocks": 0,
                                "Local Written Blocks": 0,
                                "Temp Read Blocks": 0,
                                "Temp Written Blocks": 0,
                                "WAL Records": 0,
                                "WAL FPI": 0,
                                "WAL Bytes": 0
                            },
                            "Settings": {},
                            "Planning": {
                                "Shared Hit Blocks": 0,
                                "Shared Read Blocks": 0,
                                "Shared Dirtied Blocks": 0,
                                "Shared Written Blocks": 0,
                                "Local Hit Blocks": 0,
                                "Local Read Blocks": 0,
                                "Local Dirtied Blocks": 0,
                                "Local Written Blocks": 0,
                                "Temp Read Blocks": 0,
                                "Temp Written Blocks": 0
                            },
                            "Planning Time": 0.046,
                            "Triggers": [],
                            "Execution Time": 1070.313
                        },
                        "exact_explanation": {
                            "Plan": {
                                "Node Type": "Index Scan",
                                "Parallel Aware": false,
                                "Async Capable": false,
                                "Scan Direction": "Forward",
                                "Index Name": "bool_multi",
                                "Relation Name": "tests_benchmark_booltester015",
                                "Schema": "public",
                                "Alias": "tests_benchmark_booltester015",
                                "Startup Cost": 0.43,
                                "Total Cost": 527.58,
                                "Plan Rows": 150,
                                "Plan Width": 24,
                                "Actual Startup Time": 0.004,
                                "Actual Total Time": 0.021,
                                "Actual Rows": 131,
                                "Actual Loops": 1,
                                "Output": [
                                    "id",
                                    "flg_0",
                                    "flg_1",
                                    "flg_2",
                                    "flg_3",
                                    "flg_4",
                                    "flg_5",
                                    "flg_6",
                                    "flg_7",
                                    "flg_8",
                                    "flg_9",
                                    "flg_10",
                                    "flg_11",
                                    "flg_12",
                                    "flg_13",
                                    "flg_14",
                                    "flg_15"
                                ],
                                "Index Cond": "((tests_benchmark_booltester015.flg_0 = true) AND (tests_benchmark_booltester015.flg_1 = false) AND (tests_benchmark_booltester015.flg_2 = true) AND (tests_benchmark_booltester015.flg_3 = true) AND (tests_benchmark_booltester015.flg_4 = true) AND (tests_benchmark_booltester015.flg_5 = true) AND (tests_benchmark_booltester015.flg_6 = false) AND (tests_benchmark_booltester015.flg_7 = false) AND (tests_benchmark_booltester015.flg_8 = true) AND (tests_benchmark_booltester015.flg_9 = false) AND (tests_benchmark_booltester015.flg_10 = true) AND (tests_benchmark_booltester015.flg_11 = false) AND (tests_benchmark_booltester015.flg_12 = true) AND (tests_benchmark_booltester015.flg_13 = false) AND (tests_benchmark_booltester015.flg_14 = true) AND (tests_benchmark_booltester015.flg_15 = false))",
                                "Rows Removed by Index Recheck": 0,
                                "Shared Hit Blocks": 134,
                                "Shared Read Blocks": 0,
                                "Shared Dirtied Blocks": 0,
                                "Shared Written Blocks": 0,
                                "Local Hit Blocks": 0,
                                "Local Read Blocks": 0,
                                "Local Dirtied Blocks": 0,
                                "Local Written Blocks": 0,
                                "Temp Read Blocks": 0,
                                "Temp Written Blocks": 0,
                                "WAL Records": 0,
                                "WAL FPI": 0,
                                "WAL Bytes": 0
                            },
                            "Settings": {},
                            "Planning": {
                                "Shared Hit Blocks": 0,
                                "Shared Read Blocks": 0,
                                "Shared Dirtied Blocks": 0,
                                "Shared Written Blocks": 0,
                                "Local Hit Blocks": 0,
                                "Local Read Blocks": 0,
                                "Local Dirtied Blocks": 0,
                                "Local Written Blocks": 0,
                                "Temp Read Blocks": 0,
                                "Temp Written Blocks": 0
                            },
                            "Planning Time": 0.031,
                            "Triggers": [],
                            "Execution Time": 0.029
                        },
                        "all_ftr_time": 0.045840700000000005,
                        "any_ftr_time": 1.1124444999999998,
                        "exact_ftr_time": 3.420000000000001e-05
                    },
                    "20000000": {
                        "all_time": 0.2142115915994509,
                        "any_time": 2.891116812401742,
                        "exact_time": 0.0060687626988510605,
                        "table_size": 1633681408.0,
                        "index_time": 25.594975333006005,
                        "all_explanation": {
                            "Plan": {
                                "Node Type": "Gather",
                                "Parallel Aware": false,
                                "Async Capable": false,
                                "Startup Cost": 21957.14,
                                "Total Cost": 409695.84,
                                "Plan Rows": 271425,
                                "Plan Width": 24,
                                "Actual Startup Time": 36.208,
                                "Actual Total Time": 719.654,
                                "Actual Rows": 625261,
                                "Actual Loops": 1,
                                "Output": [
                                    "id",
                                    "flg_0",
                                    "flg_1",
                                    "flg_2",
                                    "flg_3",
                                    "flg_4",
                                    "flg_5",
                                    "flg_6",
                                    "flg_7",
                                    "flg_8",
                                    "flg_9",
                                    "flg_10",
                                    "flg_11",
                                    "flg_12",
                                    "flg_13",
                                    "flg_14",
                                    "flg_15"
                                ],
                                "Workers Planned": 2,
                                "Workers Launched": 2,
                                "Single Copy": false,
                                "Shared Hit Blocks": 5479,
                                "Shared Read Blocks": 127658,
                                "Shared Dirtied Blocks": 0,
                                "Shared Written Blocks": 0,
                                "Local Hit Blocks": 0,
                                "Local Read Blocks": 0,
                                "Local Dirtied Blocks": 0,
                                "Local Written Blocks": 0,
                                "Temp Read Blocks": 0,
                                "Temp Written Blocks": 0,
                                "WAL Records": 0,
                                "WAL FPI": 0,
                                "WAL Bytes": 0,
                                "Plans": [
                                    {
                                        "Node Type": "Bitmap Heap Scan",
                                        "Parent Relationship": "Outer",
                                        "Parallel Aware": true,
                                        "Async Capable": false,
                                        "Relation Name": "tests_benchmark_booltester015",
                                        "Schema": "public",
                                        "Alias": "tests_benchmark_booltester015",
                                        "Startup Cost": 20957.14,
                                        "Total Cost": 381553.34,
                                        "Plan Rows": 113094,
                                        "Plan Width": 24,
                                        "Actual Startup Time": 34.07,
                                        "Actual Total Time": 710.432,
                                        "Actual Rows": 208420,
                                        "Actual Loops": 3,
                                        "Output": [
                                            "id",
                                            "flg_0",
                                            "flg_1",
                                            "flg_2",
                                            "flg_3",
                                            "flg_4",
                                            "flg_5",
                                            "flg_6",
                                            "flg_7",
                                            "flg_8",
                                            "flg_9",
                                            "flg_10",
                                            "flg_11",
                                            "flg_12",
                                            "flg_13",
                                            "flg_14",
                                            "flg_15"
                                        ],
                                        "Recheck Cond": "((tests_benchmark_booltester015.flg_0 = ANY ('{t,f}'::boolean[])) AND (tests_benchmark_booltester015.flg_1 = ANY ('{t,f}'::boolean[])) AND (tests_benchmark_booltester015.flg_2 = ANY ('{t,f}'::boolean[])) AND tests_benchmark_booltester015.flg_3 AND (tests_benchmark_booltester015.flg_4 = ANY ('{t,f}'::boolean[])) AND tests_benchmark_booltester015.flg_5 AND (tests_benchmark_booltester015.flg_6 = ANY ('{t,f}'::boolean[])) AND tests_benchmark_booltester015.flg_7 AND tests_benchmark_booltester015.flg_8 AND (tests_benchmark_booltester015.flg_9 = ANY ('{t,f}'::boolean[])) AND (tests_benchmark_booltester015.flg_10 = ANY ('{t,f}'::boolean[])) AND (tests_benchmark_booltester015.flg_11 = ANY ('{t,f}'::boolean[])) AND (tests_benchmark_booltester015.flg_12 = ANY ('{t,f}'::boolean[])) AND (tests_benchmark_booltester015.flg_13 = ANY ('{t,f}'::boolean[])) AND tests_benchmark_booltester015.flg_14 AND (tests_benchmark_booltester015.flg_15 = ANY ('{t,f}'::boolean[])))",
                                        "Rows Removed by Index Recheck": 3348850,
                                        "Exact Heap Blocks": 19653,
                                        "Lossy Heap Blocks": 21602,
                                        "Shared Hit Blocks": 5479,
                                        "Shared Read Blocks": 127658,
                                        "Shared Dirtied Blocks": 0,
                                        "Shared Written Blocks": 0,
                                        "Local Hit Blocks": 0,
                                        "Local Read Blocks": 0,
                                        "Local Dirtied Blocks": 0,
                                        "Local Written Blocks": 0,
                                        "Temp Read Blocks": 0,
                                        "Temp Written Blocks": 0,
                                        "WAL Records": 0,
                                        "WAL FPI": 0,
                                        "WAL Bytes": 0,
                                        "Workers": [
                                            {
                                                "Worker Number": 0,
                                                "Actual Startup Time": 33.081,
                                                "Actual Total Time": 718.239,
                                                "Actual Rows": 210674,
                                                "Actual Loops": 1,
                                                "Shared Hit Blocks": 0,
                                                "Shared Read Blocks": 42601,
                                                "Shared Dirtied Blocks": 0,
                                                "Shared Written Blocks": 0,
                                                "Local Hit Blocks": 0,
                                                "Local Read Blocks": 0,
                                                "Local Dirtied Blocks": 0,
                                                "Local Written Blocks": 0,
                                                "Temp Read Blocks": 0,
                                                "Temp Written Blocks": 0,
                                                "WAL Records": 0,
                                                "WAL FPI": 0,
                                                "WAL Bytes": 0
                                            },
                                            {
                                                "Worker Number": 1,
                                                "Actual Startup Time": 33.062,
                                                "Actual Total Time": 718.336,
                                                "Actual Rows": 211072,
                                                "Actual Loops": 1,
                                                "Shared Hit Blocks": 0,
                                                "Shared Read Blocks": 42683,
                                                "Shared Dirtied Blocks": 0,
                                                "Shared Written Blocks": 0,
                                                "Local Hit Blocks": 0,
                                                "Local Read Blocks": 0,
                                                "Local Dirtied Blocks": 0,
                                                "Local Written Blocks": 0,
                                                "Temp Read Blocks": 0,
                                                "Temp Written Blocks": 0,
                                                "WAL Records": 0,
                                                "WAL FPI": 0,
                                                "WAL Bytes": 0
                                            }
                                        ],
                                        "Plans": [
                                            {
                                                "Node Type": "Bitmap Index Scan",
                                                "Parent Relationship": "Outer",
                                                "Parallel Aware": false,
                                                "Async Capable": false,
                                                "Index Name": "bool_multi",
                                                "Startup Cost": 0.0,
                                                "Total Cost": 20889.28,
                                                "Plan Rows": 271425,
                                                "Plan Width": 0,
                                                "Actual Startup Time": 29.62,
                                                "Actual Total Time": 29.62,
                                                "Actual Rows": 625261,
                                                "Actual Loops": 1,
                                                "Index Cond": "((tests_benchmark_booltester015.flg_0 = ANY ('{t,f}'::boolean[])) AND (tests_benchmark_booltester015.flg_1 = ANY ('{t,f}'::boolean[])) AND (tests_benchmark_booltester015.flg_2 = ANY ('{t,f}'::boolean[])) AND (tests_benchmark_booltester015.flg_3 = true) AND (tests_benchmark_booltester015.flg_4 = ANY ('{t,f}'::boolean[])) AND (tests_benchmark_booltester015.flg_5 = true) AND (tests_benchmark_booltester015.flg_6 = ANY ('{t,f}'::boolean[])) AND (tests_benchmark_booltester015.flg_7 = true) AND (tests_benchmark_booltester015.flg_8 = true) AND (tests_benchmark_booltester015.flg_9 = ANY ('{t,f}'::boolean[])) AND (tests_benchmark_booltester015.flg_10 = ANY ('{t,f}'::boolean[])) AND (tests_benchmark_booltester015.flg_11 = ANY ('{t,f}'::boolean[])) AND (tests_benchmark_booltester015.flg_12 = ANY ('{t,f}'::boolean[])) AND (tests_benchmark_booltester015.flg_13 = ANY ('{t,f}'::boolean[])) AND (tests_benchmark_booltester015.flg_14 = true) AND (tests_benchmark_booltester015.flg_15 = ANY ('{t,f}'::boolean[])))",
                                                "Shared Hit Blocks": 5479,
                                                "Shared Read Blocks": 1119,
                                                "Shared Dirtied Blocks": 0,
                                                "Shared Written Blocks": 0,
                                                "Local Hit Blocks": 0,
                                                "Local Read Blocks": 0,
                                                "Local Dirtied Blocks": 0,
                                                "Local Written Blocks": 0,
                                                "Temp Read Blocks": 0,
                                                "Temp Written Blocks": 0,
                                                "WAL Records": 0,
                                                "WAL FPI": 0,
                                                "WAL Bytes": 0,
                                                "Workers": []
                                            }
                                        ]
                                    }
                                ]
                            },
                            "Settings": {},
                            "Planning": {
                                "Shared Hit Blocks": 0,
                                "Shared Read Blocks": 0,
                                "Shared Dirtied Blocks": 0,
                                "Shared Written Blocks": 0,
                                "Local Hit Blocks": 0,
                                "Local Read Blocks": 0,
                                "Local Dirtied Blocks": 0,
                                "Local Written Blocks": 0,
                                "Temp Read Blocks": 0,
                                "Temp Written Blocks": 0
                            },
                            "Planning Time": 0.084,
                            "Triggers": [],
                            "Execution Time": 733.468
                        },
                        "any_explanation": {
                            "Plan": {
                                "Node Type": "Seq Scan",
                                "Parallel Aware": false,
                                "Async Capable": false,
                                "Relation Name": "tests_benchmark_booltester015",
                                "Schema": "public",
                                "Alias": "tests_benchmark_booltester015",
                                "Startup Cost": 0.0,
                                "Total Cost": 327389.0,
                                "Plan Rows": 19392979,
                                "Plan Width": 24,
                                "Actual Startup Time": 0.132,
                                "Actual Total Time": 1725.936,
                                "Actual Rows": 19374263,
                                "Actual Loops": 1,
                                "Output": [
                                    "id",
                                    "flg_0",
                                    "flg_1",
                                    "flg_2",
                                    "flg_3",
                                    "flg_4",
                                    "flg_5",
                                    "flg_6",
                                    "flg_7",
                                    "flg_8",
                                    "flg_9",
                                    "flg_10",
                                    "flg_11",
                                    "flg_12",
                                    "flg_13",
                                    "flg_14",
                                    "flg_15"
                                ],
                                "Filter": "(tests_benchmark_booltester015.flg_3 OR tests_benchmark_booltester015.flg_5 OR tests_benchmark_booltester015.flg_7 OR tests_benchmark_booltester015.flg_8 OR tests_benchmark_booltester015.flg_14)",
                                "Rows Removed by Filter": 625738,
                                "Shared Hit Blocks": 16223,
                                "Shared Read Blocks": 111166,
                                "Shared Dirtied Blocks": 0,
                                "Shared Written Blocks": 0,
                                "Local Hit Blocks": 0,
                                "Local Read Blocks": 0,
                                "Local Dirtied Blocks": 0,
                                "Local Written Blocks": 0,
                                "Temp Read Blocks": 0,
                                "Temp Written Blocks": 0,
                                "WAL Records": 0,
                                "WAL FPI": 0,
                                "WAL Bytes": 0
                            },
                            "Settings": {},
                            "Planning": {
                                "Shared Hit Blocks": 0,
                                "Shared Read Blocks": 0,
                                "Shared Dirtied Blocks": 0,
                                "Shared Written Blocks": 0,
                                "Local Hit Blocks": 0,
                                "Local Read Blocks": 0,
                                "Local Dirtied Blocks": 0,
                                "Local Written Blocks": 0,
                                "Temp Read Blocks": 0,
                                "Temp Written Blocks": 0
                            },
                            "Planning Time": 0.068,
                            "Triggers": [],
                            "Execution Time": 2125.049
                        },
                        "exact_explanation": {
                            "Plan": {
                                "Node Type": "Index Scan",
                                "Parallel Aware": false,
                                "Async Capable": false,
                                "Scan Direction": "Forward",
                                "Index Name": "bool_multi",
                                "Relation Name": "tests_benchmark_booltester015",
                                "Schema": "public",
                                "Alias": "tests_benchmark_booltester015",
                                "Startup Cost": 0.44,
                                "Total Cost": 1074.54,
                                "Plan Rows": 306,
                                "Plan Width": 24,
                                "Actual Startup Time": 0.005,
                                "Actual Total Time": 0.056,
                                "Actual Rows": 325,
                                "Actual Loops": 1,
                                "Output": [
                                    "id",
                                    "flg_0",
                                    "flg_1",
                                    "flg_2",
                                    "flg_3",
                                    "flg_4",
                                    "flg_5",
                                    "flg_6",
                                    "flg_7",
                                    "flg_8",
                                    "flg_9",
                                    "flg_10",
                                    "flg_11",
                                    "flg_12",
                                    "flg_13",
                                    "flg_14",
                                    "flg_15"
                                ],
                                "Index Cond": "((tests_benchmark_booltester015.flg_0 = false) AND (tests_benchmark_booltester015.flg_1 = false) AND (tests_benchmark_booltester015.flg_2 = false) AND (tests_benchmark_booltester015.flg_3 = true) AND (tests_benchmark_booltester015.flg_4 = false) AND (tests_benchmark_booltester015.flg_5 = true) AND (tests_benchmark_booltester015.flg_6 = false) AND (tests_benchmark_booltester015.flg_7 = true) AND (tests_benchmark_booltester015.flg_8 = true) AND (tests_benchmark_booltester015.flg_9 = false) AND (tests_benchmark_booltester015.flg_10 = false) AND (tests_benchmark_booltester015.flg_11 = false) AND (tests_benchmark_booltester015.flg_12 = false) AND (tests_benchmark_booltester015.flg_13 = false) AND (tests_benchmark_booltester015.flg_14 = true) AND (tests_benchmark_booltester015.flg_15 = false))",
                                "Rows Removed by Index Recheck": 0,
                                "Shared Hit Blocks": 328,
                                "Shared Read Blocks": 0,
                                "Shared Dirtied Blocks": 0,
                                "Shared Written Blocks": 0,
                                "Local Hit Blocks": 0,
                                "Local Read Blocks": 0,
                                "Local Dirtied Blocks": 0,
                                "Local Written Blocks": 0,
                                "Temp Read Blocks": 0,
                                "Temp Written Blocks": 0,
                                "WAL Records": 0,
                                "WAL FPI": 0,
                                "WAL Bytes": 0
                            },
                            "Settings": {},
                            "Planning": {
                                "Shared Hit Blocks": 0,
                                "Shared Read Blocks": 0,
                                "Shared Dirtied Blocks": 0,
                                "Shared Written Blocks": 0,
                                "Local Hit Blocks": 0,
                                "Local Read Blocks": 0,
                                "Local Dirtied Blocks": 0,
                                "Local Written Blocks": 0,
                                "Temp Read Blocks": 0,
                                "Temp Written Blocks": 0
                            },
                            "Planning Time": 0.033,
                            "Triggers": [],
                            "Execution Time": 0.067
                        },
                        "all_ftr_time": 0.21025560000000001,
                        "any_ftr_time": 2.2235932999999997,
                        "exact_ftr_time": 5.85e-05
                    },
                    "40000000": {
                        "all_time": 0.6145388706994709,
                        "any_time": 5.70390716639813,
                        "exact_time": 0.007147374999476597,
                        "table_size": 3279945728.0,
                        "index_time": 51.94717874999333,
                        "all_explanation": {
                            "Plan": {
                                "Node Type": "Index Scan",
                                "Parallel Aware": false,
                                "Async Capable": false,
                                "Scan Direction": "Forward",
                                "Index Name": "bool_multi",
                                "Relation Name": "tests_benchmark_booltester015",
                                "Schema": "public",
                                "Alias": "tests_benchmark_booltester015",
                                "Startup Cost": 0.56,
                                "Total Cost": 266584.09,
                                "Plan Rows": 88965,
                                "Plan Width": 24,
                                "Actual Startup Time": 0.02,
                                "Actual Total Time": 277.239,
                                "Actual Rows": 156336,
                                "Actual Loops": 1,
                                "Output": [
                                    "id",
                                    "flg_0",
                                    "flg_1",
                                    "flg_2",
                                    "flg_3",
                                    "flg_4",
                                    "flg_5",
                                    "flg_6",
                                    "flg_7",
                                    "flg_8",
                                    "flg_9",
                                    "flg_10",
                                    "flg_11",
                                    "flg_12",
                                    "flg_13",
                                    "flg_14",
                                    "flg_15"
                                ],
                                "Index Cond": "((tests_benchmark_booltester015.flg_0 = ANY ('{t,f}'::boolean[])) AND (tests_benchmark_booltester015.flg_1 = true) AND (tests_benchmark_booltester015.flg_2 = ANY ('{t,f}'::boolean[])) AND (tests_benchmark_booltester015.flg_3 = true) AND (tests_benchmark_booltester015.flg_4 = ANY ('{t,f}'::boolean[])) AND (tests_benchmark_booltester015.flg_5 = ANY ('{t,f}'::boolean[])) AND (tests_benchmark_booltester015.flg_6 = true) AND (tests_benchmark_booltester015.flg_7 = true) AND (tests_benchmark_booltester015.flg_8 = true) AND (tests_benchmark_booltester015.flg_9 = true) AND (tests_benchmark_booltester015.flg_10 = true) AND (tests_benchmark_booltester015.flg_11 = true) AND (tests_benchmark_booltester015.flg_12 = ANY ('{t,f}'::boolean[])) AND (tests_benchmark_booltester015.flg_13 = ANY ('{t,f}'::boolean[])) AND (tests_benchmark_booltester015.flg_14 = ANY ('{t,f}'::boolean[])) AND (tests_benchmark_booltester015.flg_15 = ANY ('{t,f}'::boolean[])))",
                                "Rows Removed by Index Recheck": 0,
                                "Shared Hit Blocks": 10715,
                                "Shared Read Blocks": 146552,
                                "Shared Dirtied Blocks": 0,
                                "Shared Written Blocks": 0,
                                "Local Hit Blocks": 0,
                                "Local Read Blocks": 0,
                                "Local Dirtied Blocks": 0,
                                "Local Written Blocks": 0,
                                "Temp Read Blocks": 0,
                                "Temp Written Blocks": 0,
                                "WAL Records": 0,
                                "WAL FPI": 0,
                                "WAL Bytes": 0
                            },
                            "Settings": {},
                            "Planning": {
                                "Shared Hit Blocks": 0,
                                "Shared Read Blocks": 0,
                                "Shared Dirtied Blocks": 0,
                                "Shared Written Blocks": 0,
                                "Local Hit Blocks": 0,
                                "Local Read Blocks": 0,
                                "Local Dirtied Blocks": 0,
                                "Local Written Blocks": 0,
                                "Temp Read Blocks": 0,
                                "Temp Written Blocks": 0
                            },
                            "Planning Time": 0.069,
                            "Triggers": [],
                            "Execution Time": 280.655
                        },
                        "any_explanation": {
                            "Plan": {
                                "Node Type": "Seq Scan",
                                "Parallel Aware": false,
                                "Async Capable": false,
                                "Relation Name": "tests_benchmark_booltester015",
                                "Schema": "public",
                                "Alias": "tests_benchmark_booltester015",
                                "Startup Cost": 0.0,
                                "Total Cost": 654778.0,
                                "Plan Rows": 39845640,
                                "Plan Width": 24,
                                "Actual Startup Time": 0.028,
                                "Actual Total Time": 3227.08,
                                "Actual Rows": 39843505,
                                "Actual Loops": 1,
                                "Output": [
                                    "id",
                                    "flg_0",
                                    "flg_1",
                                    "flg_2",
                                    "flg_3",
                                    "flg_4",
                                    "flg_5",
                                    "flg_6",
                                    "flg_7",
                                    "flg_8",
                                    "flg_9",
                                    "flg_10",
                                    "flg_11",
                                    "flg_12",
                                    "flg_13",
                                    "flg_14",
                                    "flg_15"
                                ],
                                "Filter": "(tests_benchmark_booltester015.flg_1 OR tests_benchmark_booltester015.flg_3 OR tests_benchmark_booltester015.flg_6 OR tests_benchmark_booltester015.flg_7 OR tests_benchmark_booltester015.flg_8 OR tests_benchmark_booltester015.flg_9 OR tests_benchmark_booltester015.flg_10 OR tests_benchmark_booltester015.flg_11)",
                                "Rows Removed by Filter": 156496,
                                "Shared Hit Blocks": 16255,
                                "Shared Read Blocks": 238523,
                                "Shared Dirtied Blocks": 0,
                                "Shared Written Blocks": 0,
                                "Local Hit Blocks": 0,
                                "Local Read Blocks": 0,
                                "Local Dirtied Blocks": 0,
                                "Local Written Blocks": 0,
                                "Temp Read Blocks": 0,
                                "Temp Written Blocks": 0,
                                "WAL Records": 0,
                                "WAL FPI": 0,
                                "WAL Bytes": 0
                            },
                            "Settings": {},
                            "Planning": {
                                "Shared Hit Blocks": 0,
                                "Shared Read Blocks": 0,
                                "Shared Dirtied Blocks": 0,
                                "Shared Written Blocks": 0,
                                "Local Hit Blocks": 0,
                                "Local Read Blocks": 0,
                                "Local Dirtied Blocks": 0,
                                "Local Written Blocks": 0,
                                "Temp Read Blocks": 0,
                                "Temp Written Blocks": 0
                            },
                            "Planning Time": 0.055,
                            "Triggers": [],
                            "Execution Time": 4040.608
                        },
                        "exact_explanation": {
                            "Plan": {
                                "Node Type": "Index Scan",
                                "Parallel Aware": false,
                                "Async Capable": false,
                                "Scan Direction": "Forward",
                                "Index Name": "bool_multi",
                                "Relation Name": "tests_benchmark_booltester015",
                                "Schema": "public",
                                "Alias": "tests_benchmark_booltester015",
                                "Startup Cost": 0.56,
                                "Total Cost": 2140.06,
                                "Plan Rows": 611,
                                "Plan Width": 24,
                                "Actual Startup Time": 0.008,
                                "Actual Total Time": 0.123,
                                "Actual Rows": 575,
                                "Actual Loops": 1,
                                "Output": [
                                    "id",
                                    "flg_0",
                                    "flg_1",
                                    "flg_2",
                                    "flg_3",
                                    "flg_4",
                                    "flg_5",
                                    "flg_6",
                                    "flg_7",
                                    "flg_8",
                                    "flg_9",
                                    "flg_10",
                                    "flg_11",
                                    "flg_12",
                                    "flg_13",
                                    "flg_14",
                                    "flg_15"
                                ],
                                "Index Cond": "((tests_benchmark_booltester015.flg_0 = false) AND (tests_benchmark_booltester015.flg_1 = true) AND (tests_benchmark_booltester015.flg_2 = false) AND (tests_benchmark_booltester015.flg_3 = true) AND (tests_benchmark_booltester015.flg_4 = false) AND (tests_benchmark_booltester015.flg_5 = false) AND (tests_benchmark_booltester015.flg_6 = true) AND (tests_benchmark_booltester015.flg_7 = true) AND (tests_benchmark_booltester015.flg_8 = true) AND (tests_benchmark_booltester015.flg_9 = true) AND (tests_benchmark_booltester015.flg_10 = true) AND (tests_benchmark_booltester015.flg_11 = true) AND (tests_benchmark_booltester015.flg_12 = false) AND (tests_benchmark_booltester015.flg_13 = false) AND (tests_benchmark_booltester015.flg_14 = false) AND (tests_benchmark_booltester015.flg_15 = false))",
                                "Rows Removed by Index Recheck": 0,
                                "Shared Hit Blocks": 580,
                                "Shared Read Blocks": 0,
                                "Shared Dirtied Blocks": 0,
                                "Shared Written Blocks": 0,
                                "Local Hit Blocks": 0,
                                "Local Read Blocks": 0,
                                "Local Dirtied Blocks": 0,
                                "Local Written Blocks": 0,
                                "Temp Read Blocks": 0,
                                "Temp Written Blocks": 0,
                                "WAL Records": 0,
                                "WAL FPI": 0,
                                "WAL Bytes": 0
                            },
                            "Settings": {},
                            "Planning": {
                                "Shared Hit Blocks": 0,
                                "Shared Read Blocks": 0,
                                "Shared Dirtied Blocks": 0,
                                "Shared Written Blocks": 0,
                                "Local Hit Blocks": 0,
                                "Local Read Blocks": 0,
                                "Local Dirtied Blocks": 0,
                                "Local Written Blocks": 0,
                                "Temp Read Blocks": 0,
                                "Temp Written Blocks": 0
                            },
                            "Planning Time": 0.045,
                            "Triggers": [],
                            "Execution Time": 0.142
                        },
                        "all_ftr_time": 0.6125303999999999,
                        "any_ftr_time": 4.3952347,
                        "exact_ftr_time": 0.0001416
                    },
                    "60000000": {
                        "all_time": 1.194834795796487,
                        "any_time": 8.491837612798554,
                        "exact_time": 0.0073296459988341665,
                        "table_size": 4923064320.0,
                        "index_time": 78.33331499999622,
                        "all_explanation": {
                            "Plan": {
                                "Node Type": "Bitmap Heap Scan",
                                "Parallel Aware": false,
                                "Async Capable": false,
                                "Relation Name": "tests_benchmark_booltester015",
                                "Schema": "public",
                                "Alias": "tests_benchmark_booltester015",
                                "Startup Cost": 3596.16,
                                "Total Cost": 176840.57,
                                "Plan Rows": 66572,
                                "Plan Width": 24,
                                "Actual Startup Time": 14.003,
                                "Actual Total Time": 1579.478,
                                "Actual Rows": 117151,
                                "Actual Loops": 1,
                                "Output": [
                                    "id",
                                    "flg_0",
                                    "flg_1",
                                    "flg_2",
                                    "flg_3",
                                    "flg_4",
                                    "flg_5",
                                    "flg_6",
                                    "flg_7",
                                    "flg_8",
                                    "flg_9",
                                    "flg_10",
                                    "flg_11",
                                    "flg_12",
                                    "flg_13",
                                    "flg_14",
                                    "flg_15"
                                ],
                                "Recheck Cond": "((tests_benchmark_booltester015.flg_0 = ANY ('{t,f}'::boolean[])) AND tests_benchmark_booltester015.flg_1 AND (tests_benchmark_booltester015.flg_2 = ANY ('{t,f}'::boolean[])) AND (tests_benchmark_booltester015.flg_3 = ANY ('{t,f}'::boolean[])) AND (tests_benchmark_booltester015.flg_4 = ANY ('{t,f}'::boolean[])) AND tests_benchmark_booltester015.flg_5 AND (tests_benchmark_booltester015.flg_6 = ANY ('{t,f}'::boolean[])) AND tests_benchmark_booltester015.flg_7 AND tests_benchmark_booltester015.flg_8 AND (tests_benchmark_booltester015.flg_9 = ANY ('{t,f}'::boolean[])) AND tests_benchmark_booltester015.flg_10 AND (tests_benchmark_booltester015.flg_11 = ANY ('{t,f}'::boolean[])) AND tests_benchmark_booltester015.flg_12 AND tests_benchmark_booltester015.flg_13 AND tests_benchmark_booltester015.flg_14 AND tests_benchmark_booltester015.flg_15)",
                                "Rows Removed by Index Recheck": 10464765,
                                "Exact Heap Blocks": 33852,
                                "Lossy Heap Blocks": 67163,
                                "Shared Hit Blocks": 333,
                                "Shared Read Blocks": 101288,
                                "Shared Dirtied Blocks": 0,
                                "Shared Written Blocks": 0,
                                "Local Hit Blocks": 0,
                                "Local Read Blocks": 0,
                                "Local Dirtied Blocks": 0,
                                "Local Written Blocks": 0,
                                "Temp Read Blocks": 0,
                                "Temp Written Blocks": 0,
                                "WAL Records": 0,
                                "WAL FPI": 0,
                                "WAL Bytes": 0,
                                "Plans": [
                                    {
                                        "Node Type": "Bitmap Index Scan",
                                        "Parent Relationship": "Outer",
                                        "Parallel Aware": false,
                                        "Async Capable": false,
                                        "Index Name": "bool_multi",
                                        "Startup Cost": 0.0,
                                        "Total Cost": 3579.52,
                                        "Plan Rows": 66572,
                                        "Plan Width": 0,
                                        "Actual Startup Time": 10.37,
                                        "Actual Total Time": 10.37,
                                        "Actual Rows": 117151,
                                        "Actual Loops": 1,
                                        "Index Cond": "((tests_benchmark_booltester015.flg_0 = ANY ('{t,f}'::boolean[])) AND (tests_benchmark_booltester015.flg_1 = true) AND (tests_benchmark_booltester015.flg_2 = ANY ('{t,f}'::boolean[])) AND (tests_benchmark_booltester015.flg_3 = ANY ('{t,f}'::boolean[])) AND (tests_benchmark_booltester015.flg_4 = ANY ('{t,f}'::boolean[])) AND (tests_benchmark_booltester015.flg_5 = true) AND (tests_benchmark_booltester015.flg_6 = ANY ('{t,f}'::boolean[])) AND (tests_benchmark_booltester015.flg_7 = true) AND (tests_benchmark_booltester015.flg_8 = true) AND (tests_benchmark_booltester015.flg_9 = ANY ('{t,f}'::boolean[])) AND (tests_benchmark_booltester015.flg_10 = true) AND (tests_benchmark_booltester015.flg_11 = ANY ('{t,f}'::boolean[])) AND (tests_benchmark_booltester015.flg_12 = true) AND (tests_benchmark_booltester015.flg_13 = true) AND (tests_benchmark_booltester015.flg_14 = true) AND (tests_benchmark_booltester015.flg_15 = true))",
                                        "Shared Hit Blocks": 333,
                                        "Shared Read Blocks": 273,
                                        "Shared Dirtied Blocks": 0,
                                        "Shared Written Blocks": 0,
                                        "Local Hit Blocks": 0,
                                        "Local Read Blocks": 0,
                                        "Local Dirtied Blocks": 0,
                                        "Local Written Blocks": 0,
                                        "Temp Read Blocks": 0,
                                        "Temp Written Blocks": 0,
                                        "WAL Records": 0,
                                        "WAL FPI": 0,
                                        "WAL Bytes": 0
                                    }
                                ]
                            },
                            "Settings": {},
                            "Planning": {
                                "Shared Hit Blocks": 0,
                                "Shared Read Blocks": 0,
                                "Shared Dirtied Blocks": 0,
                                "Shared Written Blocks": 0,
                                "Local Hit Blocks": 0,
                                "Local Read Blocks": 0,
                                "Local Dirtied Blocks": 0,
                                "Local Written Blocks": 0,
                                "Temp Read Blocks": 0,
                                "Temp Written Blocks": 0
                            },
                            "Planning Time": 0.086,
                            "Triggers": [],
                            "Execution Time": 1582.844
                        },
                        "any_explanation": {
                            "Plan": {
                                "Node Type": "Seq Scan",
                                "Parallel Aware": false,
                                "Async Capable": false,
                                "Relation Name": "tests_benchmark_booltester015",
                                "Schema": "public",
                                "Alias": "tests_benchmark_booltester015",
                                "Startup Cost": 0.0,
                                "Total Cost": 982166.0,
                                "Plan Rows": 59883983,
                                "Plan Width": 24,
                                "Actual Startup Time": 0.15,
                                "Actual Total Time": 5701.434,
                                "Actual Rows": 59882827,
                                "Actual Loops": 1,
                                "Output": [
                                    "id",
                                    "flg_0",
                                    "flg_1",
                                    "flg_2",
                                    "flg_3",
                                    "flg_4",
                                    "flg_5",
                                    "flg_6",
                                    "flg_7",
                                    "flg_8",
                                    "flg_9",
                                    "flg_10",
                                    "flg_11",
                                    "flg_12",
                                    "flg_13",
                                    "flg_14",
                                    "flg_15"
                                ],
                                "Filter": "(tests_benchmark_booltester015.flg_1 OR tests_benchmark_booltester015.flg_5 OR tests_benchmark_booltester015.flg_7 OR tests_benchmark_booltester015.flg_8 OR tests_benchmark_booltester015.flg_10 OR tests_benchmark_booltester015.flg_12 OR tests_benchmark_booltester015.flg_13 OR tests_benchmark_booltester015.flg_14 OR tests_benchmark_booltester015.flg_15)",
                                "Rows Removed by Filter": 117174,
                                "Shared Hit Blocks": 16263,
                                "Shared Read Blocks": 365903,
                                "Shared Dirtied Blocks": 0,
                                "Shared Written Blocks": 0,
                                "Local Hit Blocks": 0,
                                "Local Read Blocks": 0,
                                "Local Dirtied Blocks": 0,
                                "Local Written Blocks": 0,
                                "Temp Read Blocks": 0,
                                "Temp Written Blocks": 0,
                                "WAL Records": 0,
                                "WAL FPI": 0,
                                "WAL Bytes": 0
                            },
                            "Settings": {},
                            "Planning": {
                                "Shared Hit Blocks": 0,
                                "Shared Read Blocks": 0,
                                "Shared Dirtied Blocks": 0,
                                "Shared Written Blocks": 0,
                                "Local Hit Blocks": 0,
                                "Local Read Blocks": 0,
                                "Local Dirtied Blocks": 0,
                                "Local Written Blocks": 0,
                                "Temp Read Blocks": 0,
                                "Temp Written Blocks": 0
                            },
                            "Planning Time": 0.056,
                            "Triggers": [],
                            "Execution Time": 6923.146
                        },
                        "exact_explanation": {
                            "Plan": {
                                "Node Type": "Index Scan",
                                "Parallel Aware": false,
                                "Async Capable": false,
                                "Scan Direction": "Forward",
                                "Index Name": "bool_multi",
                                "Relation Name": "tests_benchmark_booltester015",
                                "Schema": "public",
                                "Alias": "tests_benchmark_booltester015",
                                "Startup Cost": 0.56,
                                "Total Cost": 3284.35,
                                "Plan Rows": 940,
                                "Plan Width": 24,
                                "Actual Startup Time": 0.007,
                                "Actual Total Time": 0.194,
                                "Actual Rows": 913,
                                "Actual Loops": 1,
                                "Output": [
                                    "id",
                                    "flg_0",
                                    "flg_1",
                                    "flg_2",
                                    "flg_3",
                                    "flg_4",
                                    "flg_5",
                                    "flg_6",
                                    "flg_7",
                                    "flg_8",
                                    "flg_9",
                                    "flg_10",
                                    "flg_11",
                                    "flg_12",
                                    "flg_13",
                                    "flg_14",
                                    "flg_15"
                                ],
                                "Index Cond": "((tests_benchmark_booltester015.flg_0 = false) AND (tests_benchmark_booltester015.flg_1 = true) AND (tests_benchmark_booltester015.flg_2 = false) AND (tests_benchmark_booltester015.flg_3 = false) AND (tests_benchmark_booltester015.flg_4 = false) AND (tests_benchmark_booltester015.flg_5 = true) AND (tests_benchmark_booltester015.flg_6 = false) AND (tests_benchmark_booltester015.flg_7 = true) AND (tests_benchmark_booltester015.flg_8 = true) AND (tests_benchmark_booltester015.flg_9 = false) AND (tests_benchmark_booltester015.flg_10 = true) AND (tests_benchmark_booltester015.flg_11 = false) AND (tests_benchmark_booltester015.flg_12 = true) AND (tests_benchmark_booltester015.flg_13 = true) AND (tests_benchmark_booltester015.flg_14 = true) AND (tests_benchmark_booltester015.flg_15 = true))",
                                "Rows Removed by Index Recheck": 0,
                                "Shared Hit Blocks": 916,
                                "Shared Read Blocks": 0,
                                "Shared Dirtied Blocks": 0,
                                "Shared Written Blocks": 0,
                                "Local Hit Blocks": 0,
                                "Local Read Blocks": 0,
                                "Local Dirtied Blocks": 0,
                                "Local Written Blocks": 0,
                                "Temp Read Blocks": 0,
                                "Temp Written Blocks": 0,
                                "WAL Records": 0,
                                "WAL FPI": 0,
                                "WAL Bytes": 0
                            },
                            "Settings": {},
                            "Planning": {
                                "Shared Hit Blocks": 0,
                                "Shared Read Blocks": 0,
                                "Shared Dirtied Blocks": 0,
                                "Shared Written Blocks": 0,
                                "Local Hit Blocks": 0,
                                "Local Read Blocks": 0,
                                "Local Dirtied Blocks": 0,
                                "Local Written Blocks": 0,
                                "Temp Read Blocks": 0,
                                "Temp Written Blocks": 0
                            },
                            "Planning Time": 0.039,
                            "Triggers": [],
                            "Execution Time": 0.218
                        },
                        "all_ftr_time": 2.6381001,
                        "any_ftr_time": 6.5311835,
                        "exact_ftr_time": 0.0002257
                    },
                    "80000000": {
                        "all_time": 1.2918250667004032,
                        "any_time": 11.388813308101088,
                        "exact_time": 0.00867658760107588,
                        "table_size": 6555697152.0,
                        "index_time": 104.66793287500332,
                        "all_explanation": {
                            "Plan": {
                                "Node Type": "Bitmap Heap Scan",
                                "Parallel Aware": false,
                                "Async Capable": false,
                                "Relation Name": "tests_benchmark_booltester015",
                                "Schema": "public",
                                "Alias": "tests_benchmark_booltester015",
                                "Startup Cost": 2258.71,
                                "Total Cost": 134325.41,
                                "Plan Rows": 43465,
                                "Plan Width": 24,
                                "Actual Startup Time": 9.941,
                                "Actual Total Time": 652.332,
                                "Actual Rows": 78531,
                                "Actual Loops": 1,
                                "Output": [
                                    "id",
                                    "flg_0",
                                    "flg_1",
                                    "flg_2",
                                    "flg_3",
                                    "flg_4",
                                    "flg_5",
                                    "flg_6",
                                    "flg_7",
                                    "flg_8",
                                    "flg_9",
                                    "flg_10",
                                    "flg_11",
                                    "flg_12",
                                    "flg_13",
                                    "flg_14",
                                    "flg_15"
                                ],
                                "Recheck Cond": "(tests_benchmark_booltester015.flg_0 AND tests_benchmark_booltester015.flg_1 AND tests_benchmark_booltester015.flg_2 AND (tests_benchmark_booltester015.flg_3 = ANY ('{t,f}'::boolean[])) AND (tests_benchmark_booltester015.flg_4 = ANY ('{t,f}'::boolean[])) AND (tests_benchmark_booltester015.flg_5 = ANY ('{t,f}'::boolean[])) AND tests_benchmark_booltester015.flg_6 AND tests_benchmark_booltester015.flg_7 AND (tests_benchmark_booltester015.flg_8 = ANY ('{t,f}'::boolean[])) AND tests_benchmark_booltester015.flg_9 AND tests_benchmark_booltester015.flg_10 AND (tests_benchmark_booltester015.flg_11 = ANY ('{t,f}'::boolean[])) AND tests_benchmark_booltester015.flg_12 AND tests_benchmark_booltester015.flg_13 AND tests_benchmark_booltester015.flg_14 AND (tests_benchmark_booltester015.flg_15 = ANY ('{t,f}'::boolean[])))",
                                "Rows Removed by Index Recheck": 5423405,
                                "Exact Heap Blocks": 38059,
                                "Lossy Heap Blocks": 34784,
                                "Shared Hit Blocks": 203,
                                "Shared Read Blocks": 72958,
                                "Shared Dirtied Blocks": 0,
                                "Shared Written Blocks": 0,
                                "Local Hit Blocks": 0,
                                "Local Read Blocks": 0,
                                "Local Dirtied Blocks": 0,
                                "Local Written Blocks": 0,
                                "Temp Read Blocks": 0,
                                "Temp Written Blocks": 0,
                                "WAL Records": 0,
                                "WAL FPI": 0,
                                "WAL Bytes": 0,
                                "Plans": [
                                    {
                                        "Node Type": "Bitmap Index Scan",
                                        "Parent Relationship": "Outer",
                                        "Parallel Aware": false,
                                        "Async Capable": false,
                                        "Index Name": "bool_multi",
                                        "Startup Cost": 0.0,
                                        "Total Cost": 2247.84,
                                        "Plan Rows": 43465,
                                        "Plan Width": 0,
                                        "Actual Startup Time": 6.065,
                                        "Actual Total Time": 6.065,
                                        "Actual Rows": 78531,
                                        "Actual Loops": 1,
                                        "Index Cond": "((tests_benchmark_booltester015.flg_0 = true) AND (tests_benchmark_booltester015.flg_1 = true) AND (tests_benchmark_booltester015.flg_2 = true) AND (tests_benchmark_booltester015.flg_3 = ANY ('{t,f}'::boolean[])) AND (tests_benchmark_booltester015.flg_4 = ANY ('{t,f}'::boolean[])) AND (tests_benchmark_booltester015.flg_5 = ANY ('{t,f}'::boolean[])) AND (tests_benchmark_booltester015.flg_6 = true) AND (tests_benchmark_booltester015.flg_7 = true) AND (tests_benchmark_booltester015.flg_8 = ANY ('{t,f}'::boolean[])) AND (tests_benchmark_booltester015.flg_9 = true) AND (tests_benchmark_booltester015.flg_10 = true) AND (tests_benchmark_booltester015.flg_11 = ANY ('{t,f}'::boolean[])) AND (tests_benchmark_booltester015.flg_12 = true) AND (tests_benchmark_booltester015.flg_13 = true) AND (tests_benchmark_booltester015.flg_14 = true) AND (tests_benchmark_booltester015.flg_15 = ANY ('{t,f}'::boolean[])))",
                                        "Shared Hit Blocks": 203,
                                        "Shared Read Blocks": 115,
                                        "Shared Dirtied Blocks": 0,
                                        "Shared Written Blocks": 0,
                                        "Local Hit Blocks": 0,
                                        "Local Read Blocks": 0,
                                        "Local Dirtied Blocks": 0,
                                        "Local Written Blocks": 0,
                                        "Temp Read Blocks": 0,
                                        "Temp Written Blocks": 0,
                                        "WAL Records": 0,
                                        "WAL FPI": 0,
                                        "WAL Bytes": 0
                                    }
                                ]
                            },
                            "Settings": {},
                            "Planning": {
                                "Shared Hit Blocks": 0,
                                "Shared Read Blocks": 0,
                                "Shared Dirtied Blocks": 0,
                                "Shared Written Blocks": 0,
                                "Local Hit Blocks": 0,
                                "Local Read Blocks": 0,
                                "Local Dirtied Blocks": 0,
                                "Local Written Blocks": 0,
                                "Temp Read Blocks": 0,
                                "Temp Written Blocks": 0
                            },
                            "Planning Time": 0.074,
                            "Triggers": [],
                            "Execution Time": 654.796
                        },
                        "any_explanation": {
                            "Plan": {
                                "Node Type": "Seq Scan",
                                "Parallel Aware": false,
                                "Async Capable": false,
                                "Relation Name": "tests_benchmark_booltester015",
                                "Schema": "public",
                                "Alias": "tests_benchmark_booltester015",
                                "Startup Cost": 0.0,
                                "Total Cost": 1309555.0,
                                "Plan Rows": 79921064,
                                "Plan Width": 24,
                                "Actual Startup Time": 0.149,
                                "Actual Total Time": 7146.122,
                                "Actual Rows": 79921917,
                                "Actual Loops": 1,
                                "Output": [
                                    "id",
                                    "flg_0",
                                    "flg_1",
                                    "flg_2",
                                    "flg_3",
                                    "flg_4",
                                    "flg_5",
                                    "flg_6",
                                    "flg_7",
                                    "flg_8",
                                    "flg_9",
                                    "flg_10",
                                    "flg_11",
                                    "flg_12",
                                    "flg_13",
                                    "flg_14",
                                    "flg_15"
                                ],
                                "Filter": "(tests_benchmark_booltester015.flg_0 OR tests_benchmark_booltester015.flg_1 OR tests_benchmark_booltester015.flg_2 OR tests_benchmark_booltester015.flg_6 OR tests_benchmark_booltester015.flg_7 OR tests_benchmark_booltester015.flg_9 OR tests_benchmark_booltester015.flg_10 OR tests_benchmark_booltester015.flg_12 OR tests_benchmark_booltester015.flg_13 OR tests_benchmark_booltester015.flg_14)",
                                "Rows Removed by Filter": 78084,
                                "Shared Hit Blocks": 16246,
                                "Shared Read Blocks": 493309,
                                "Shared Dirtied Blocks": 0,
                                "Shared Written Blocks": 0,
                                "Local Hit Blocks": 0,
                                "Local Read Blocks": 0,
                                "Local Dirtied Blocks": 0,
                                "Local Written Blocks": 0,
                                "Temp Read Blocks": 0,
                                "Temp Written Blocks": 0,
                                "WAL Records": 0,
                                "WAL FPI": 0,
                                "WAL Bytes": 0
                            },
                            "Settings": {},
                            "Planning": {
                                "Shared Hit Blocks": 0,
                                "Shared Read Blocks": 0,
                                "Shared Dirtied Blocks": 0,
                                "Shared Written Blocks": 0,
                                "Local Hit Blocks": 0,
                                "Local Read Blocks": 0,
                                "Local Dirtied Blocks": 0,
                                "Local Written Blocks": 0,
                                "Temp Read Blocks": 0,
                                "Temp Written Blocks": 0
                            },
                            "Planning Time": 0.068,
                            "Triggers": [],
                            "Execution Time": 8808.154
                        },
                        "exact_explanation": {
                            "Plan": {
                                "Node Type": "Index Scan",
                                "Parallel Aware": false,
                                "Async Capable": false,
                                "Scan Direction": "Forward",
                                "Index Name": "bool_multi",
                                "Relation Name": "tests_benchmark_booltester015",
                                "Schema": "public",
                                "Alias": "tests_benchmark_booltester015",
                                "Startup Cost": 0.57,
                                "Total Cost": 4272.75,
                                "Plan Rows": 1229,
                                "Plan Width": 24,
                                "Actual Startup Time": 0.008,
                                "Actual Total Time": 0.274,
                                "Actual Rows": 1230,
                                "Actual Loops": 1,
                                "Output": [
                                    "id",
                                    "flg_0",
                                    "flg_1",
                                    "flg_2",
                                    "flg_3",
                                    "flg_4",
                                    "flg_5",
                                    "flg_6",
                                    "flg_7",
                                    "flg_8",
                                    "flg_9",
                                    "flg_10",
                                    "flg_11",
                                    "flg_12",
                                    "flg_13",
                                    "flg_14",
                                    "flg_15"
                                ],
                                "Index Cond": "((tests_benchmark_booltester015.flg_0 = true) AND (tests_benchmark_booltester015.flg_1 = true) AND (tests_benchmark_booltester015.flg_2 = true) AND (tests_benchmark_booltester015.flg_3 = false) AND (tests_benchmark_booltester015.flg_4 = false) AND (tests_benchmark_booltester015.flg_5 = false) AND (tests_benchmark_booltester015.flg_6 = true) AND (tests_benchmark_booltester015.flg_7 = true) AND (tests_benchmark_booltester015.flg_8 = false) AND (tests_benchmark_booltester015.flg_9 = true) AND (tests_benchmark_booltester015.flg_10 = true) AND (tests_benchmark_booltester015.flg_11 = false) AND (tests_benchmark_booltester015.flg_12 = true) AND (tests_benchmark_booltester015.flg_13 = true) AND (tests_benchmark_booltester015.flg_14 = true) AND (tests_benchmark_booltester015.flg_15 = false))",
                                "Rows Removed by Index Recheck": 0,
                                "Shared Hit Blocks": 1234,
                                "Shared Read Blocks": 0,
                                "Shared Dirtied Blocks": 0,
                                "Shared Written Blocks": 0,
                                "Local Hit Blocks": 0,
                                "Local Read Blocks": 0,
                                "Local Dirtied Blocks": 0,
                                "Local Written Blocks": 0,
                                "Temp Read Blocks": 0,
                                "Temp Written Blocks": 0,
                                "WAL Records": 0,
                                "WAL FPI": 0,
                                "WAL Bytes": 0
                            },
                            "Settings": {},
                            "Planning": {
                                "Shared Hit Blocks": 0,
                                "Shared Read Blocks": 0,
                                "Shared Dirtied Blocks": 0,
                                "Shared Written Blocks": 0,
                                "Local Hit Blocks": 0,
                                "Local Read Blocks": 0,
                                "Local Dirtied Blocks": 0,
                                "Local Written Blocks": 0,
                                "Temp Read Blocks": 0,
                                "Temp Written Blocks": 0
                            },
                            "Planning Time": 0.043,
                            "Triggers": [],
                            "Execution Time": 0.305
                        },
                        "all_ftr_time": 1.2895117,
                        "any_ftr_time": 8.7621816,
                        "exact_ftr_time": 0.00031120000000000003
                    },
                    "100000000": {
                        "all_time": 1.1606521170018822,
                        "any_time": 14.13880440010107,
                        "exact_time": 0.008928745602315758,
                        "table_size": 8194621440.0,
                        "index_time": 131.44086795799376,
                        "all_explanation": {
                            "Plan": {
                                "Node Type": "Index Scan",
                                "Parallel Aware": false,
                                "Async Capable": false,
                                "Scan Direction": "Forward",
                                "Index Name": "bool_multi",
                                "Relation Name": "tests_benchmark_booltester015",
                                "Schema": "public",
                                "Alias": "tests_benchmark_booltester015",
                                "Startup Cost": 0.57,
                                "Total Cost": 321398.19,
                                "Plan Rows": 98880,
                                "Plan Width": 24,
                                "Actual Startup Time": 0.022,
                                "Actual Total Time": 188.593,
                                "Actual Rows": 97608,
                                "Actual Loops": 1,
                                "Output": [
                                    "id",
                                    "flg_0",
                                    "flg_1",
                                    "flg_2",
                                    "flg_3",
                                    "flg_4",
                                    "flg_5",
                                    "flg_6",
                                    "flg_7",
                                    "flg_8",
                                    "flg_9",
                                    "flg_10",
                                    "flg_11",
                                    "flg_12",
                                    "flg_13",
                                    "flg_14",
                                    "flg_15"
                                ],
                                "Index Cond": "((tests_benchmark_booltester015.flg_0 = ANY ('{t,f}'::boolean[])) AND (tests_benchmark_booltester015.flg_1 = ANY ('{t,f}'::boolean[])) AND (tests_benchmark_booltester015.flg_2 = true) AND (tests_benchmark_booltester015.flg_3 = true) AND (tests_benchmark_booltester015.flg_4 = ANY ('{t,f}'::boolean[])) AND (tests_benchmark_booltester015.flg_5 = true) AND (tests_benchmark_booltester015.flg_6 = ANY ('{t,f}'::boolean[])) AND (tests_benchmark_booltester015.flg_7 = true) AND (tests_benchmark_booltester015.flg_8 = true) AND (tests_benchmark_booltester015.flg_9 = true) AND (tests_benchmark_booltester015.flg_10 = true) AND (tests_benchmark_booltester015.flg_11 = true) AND (tests_benchmark_booltester015.flg_12 = ANY ('{t,f}'::boolean[])) AND (tests_benchmark_booltester015.flg_13 = true) AND (tests_benchmark_booltester015.flg_14 = ANY ('{t,f}'::boolean[])) AND (tests_benchmark_booltester015.flg_15 = true))",
                                "Rows Removed by Index Recheck": 0,
                                "Shared Hit Blocks": 2468,
                                "Shared Read Blocks": 95368,
                                "Shared Dirtied Blocks": 0,
                                "Shared Written Blocks": 0,
                                "Local Hit Blocks": 0,
                                "Local Read Blocks": 0,
                                "Local Dirtied Blocks": 0,
                                "Local Written Blocks": 0,
                                "Temp Read Blocks": 0,
                                "Temp Written Blocks": 0,
                                "WAL Records": 0,
                                "WAL FPI": 0,
                                "WAL Bytes": 0
                            },
                            "Settings": {},
                            "Planning": {
                                "Shared Hit Blocks": 0,
                                "Shared Read Blocks": 0,
                                "Shared Dirtied Blocks": 0,
                                "Shared Written Blocks": 0,
                                "Local Hit Blocks": 0,
                                "Local Read Blocks": 0,
                                "Local Dirtied Blocks": 0,
                                "Local Written Blocks": 0,
                                "Temp Read Blocks": 0,
                                "Temp Written Blocks": 0
                            },
                            "Planning Time": 0.07,
                            "Triggers": [],
                            "Execution Time": 190.732
                        },
                        "any_explanation": {
                            "Plan": {
                                "Node Type": "Seq Scan",
                                "Parallel Aware": false,
                                "Async Capable": false,
                                "Relation Name": "tests_benchmark_booltester015",
                                "Schema": "public",
                                "Alias": "tests_benchmark_booltester015",
                                "Startup Cost": 0.0,
                                "Total Cost": 1636943.0,
                                "Plan Rows": 99903567,
                                "Plan Width": 24,
                                "Actual Startup Time": 0.035,
                                "Actual Total Time": 9529.498,
                                "Actual Rows": 99902596,
                                "Actual Loops": 1,
                                "Output": [
                                    "id",
                                    "flg_0",
                                    "flg_1",
                                    "flg_2",
                                    "flg_3",
                                    "flg_4",
                                    "flg_5",
                                    "flg_6",
                                    "flg_7",
                                    "flg_8",
                                    "flg_9",
                                    "flg_10",
                                    "flg_11",
                                    "flg_12",
                                    "flg_13",
                                    "flg_14",
                                    "flg_15"
                                ],
                                "Filter": "(tests_benchmark_booltester015.flg_2 OR tests_benchmark_booltester015.flg_3 OR tests_benchmark_booltester015.flg_5 OR tests_benchmark_booltester015.flg_7 OR tests_benchmark_booltester015.flg_8 OR tests_benchmark_booltester015.flg_9 OR tests_benchmark_booltester015.flg_10 OR tests_benchmark_booltester015.flg_11 OR tests_benchmark_booltester015.flg_13 OR tests_benchmark_booltester015.flg_15)",
                                "Rows Removed by Filter": 97405,
                                "Shared Hit Blocks": 16143,
                                "Shared Read Blocks": 620800,
                                "Shared Dirtied Blocks": 0,
                                "Shared Written Blocks": 0,
                                "Local Hit Blocks": 0,
                                "Local Read Blocks": 0,
                                "Local Dirtied Blocks": 0,
                                "Local Written Blocks": 0,
                                "Temp Read Blocks": 0,
                                "Temp Written Blocks": 0,
                                "WAL Records": 0,
                                "WAL FPI": 0,
                                "WAL Bytes": 0
                            },
                            "Settings": {},
                            "Planning": {
                                "Shared Hit Blocks": 0,
                                "Shared Read Blocks": 0,
                                "Shared Dirtied Blocks": 0,
                                "Shared Written Blocks": 0,
                                "Local Hit Blocks": 0,
                                "Local Read Blocks": 0,
                                "Local Dirtied Blocks": 0,
                                "Local Written Blocks": 0,
                                "Temp Read Blocks": 0,
                                "Temp Written Blocks": 0
                            },
                            "Planning Time": 0.069,
                            "Triggers": [],
                            "Execution Time": 11567.006
                        },
                        "exact_explanation": {
                            "Plan": {
                                "Node Type": "Index Scan",
                                "Parallel Aware": false,
                                "Async Capable": false,
                                "Scan Direction": "Forward",
                                "Index Name": "bool_multi",
                                "Relation Name": "tests_benchmark_booltester015",
                                "Schema": "public",
                                "Alias": "tests_benchmark_booltester015",
                                "Startup Cost": 0.57,
                                "Total Cost": 5369.84,
                                "Plan Rows": 1536,
                                "Plan Width": 24,
                                "Actual Startup Time": 0.009,
                                "Actual Total Time": 0.39,
                                "Actual Rows": 1561,
                                "Actual Loops": 1,
                                "Output": [
                                    "id",
                                    "flg_0",
                                    "flg_1",
                                    "flg_2",
                                    "flg_3",
                                    "flg_4",
                                    "flg_5",
                                    "flg_6",
                                    "flg_7",
                                    "flg_8",
                                    "flg_9",
                                    "flg_10",
                                    "flg_11",
                                    "flg_12",
                                    "flg_13",
                                    "flg_14",
                                    "flg_15"
                                ],
                                "Index Cond": "((tests_benchmark_booltester015.flg_0 = false) AND (tests_benchmark_booltester015.flg_1 = false) AND (tests_benchmark_booltester015.flg_2 = true) AND (tests_benchmark_booltester015.flg_3 = true) AND (tests_benchmark_booltester015.flg_4 = false) AND (tests_benchmark_booltester015.flg_5 = true) AND (tests_benchmark_booltester015.flg_6 = false) AND (tests_benchmark_booltester015.flg_7 = true) AND (tests_benchmark_booltester015.flg_8 = true) AND (tests_benchmark_booltester015.flg_9 = true) AND (tests_benchmark_booltester015.flg_10 = true) AND (tests_benchmark_booltester015.flg_11 = true) AND (tests_benchmark_booltester015.flg_12 = false) AND (tests_benchmark_booltester015.flg_13 = true) AND (tests_benchmark_booltester015.flg_14 = false) AND (tests_benchmark_booltester015.flg_15 = true))",
                                "Rows Removed by Index Recheck": 0,
                                "Shared Hit Blocks": 1563,
                                "Shared Read Blocks": 0,
                                "Shared Dirtied Blocks": 0,
                                "Shared Written Blocks": 0,
                                "Local Hit Blocks": 0,
                                "Local Read Blocks": 0,
                                "Local Dirtied Blocks": 0,
                                "Local Written Blocks": 0,
                                "Temp Read Blocks": 0,
                                "Temp Written Blocks": 0,
                                "WAL Records": 0,
                                "WAL FPI": 0,
                                "WAL Bytes": 0
                            },
                            "Settings": {},
                            "Planning": {
                                "Shared Hit Blocks": 0,
                                "Shared Read Blocks": 0,
                                "Shared Dirtied Blocks": 0,
                                "Shared Written Blocks": 0,
                                "Local Hit Blocks": 0,
                                "Local Read Blocks": 0,
                                "Local Dirtied Blocks": 0,
                                "Local Written Blocks": 0,
                                "Temp Read Blocks": 0,
                                "Temp Written Blocks": 0
                            },
                            "Planning Time": 0.048,
                            "Triggers": [],
                            "Execution Time": 0.431
                        },
                        "all_ftr_time": 0.8282881000000001,
                        "any_ftr_time": 10.7771369,
                        "exact_ftr_time": 0.0004091
                    }
                }
            }
        },
        "postgres": {
            "[FLAG] No Index": {
                "16": {
                    "10": {
                        "all_time": 0.0007641456206329167,
                        "any_time": 0.0006141165737062693,
                        "exact_time": 0.0005066293990239501,
                        "table_size": 24576.0,
                        "index_time": 1.7080456018447876e-06,
                        "all_explanation": {
                            "Plan": {
                                "Node Type": "Seq Scan",
                                "Parallel Aware": false,
                                "Async Capable": false,
                                "Relation Name": "django_enum_tests_benchmark_flagtester015",
                                "Schema": "public",
                                "Alias": "django_enum_tests_benchmark_flagtester015",
                                "Startup Cost": 0.0,
                                "Total Cost": 1.17,
                                "Plan Rows": 1,
                                "Plan Width": 12,
                                "Actual Startup Time": 0.002,
                                "Actual Total Time": 0.002,
                                "Actual Rows": 0,
                                "Actual Loops": 1,
                                "Output": [
                                    "id",
                                    "flags"
                                ],
                                "Filter": "((django_enum_tests_benchmark_flagtester015.flags & 12739) = 12739)",
                                "Rows Removed by Filter": 11,
                                "Shared Hit Blocks": 1,
                                "Shared Read Blocks": 0,
                                "Shared Dirtied Blocks": 0,
                                "Shared Written Blocks": 0,
                                "Local Hit Blocks": 0,
                                "Local Read Blocks": 0,
                                "Local Dirtied Blocks": 0,
                                "Local Written Blocks": 0,
                                "Temp Read Blocks": 0,
                                "Temp Written Blocks": 0,
                                "WAL Records": 0,
                                "WAL FPI": 0,
                                "WAL Bytes": 0
                            },
                            "Settings": {},
                            "Planning": {
                                "Shared Hit Blocks": 0,
                                "Shared Read Blocks": 0,
                                "Shared Dirtied Blocks": 0,
                                "Shared Written Blocks": 0,
                                "Local Hit Blocks": 0,
                                "Local Read Blocks": 0,
                                "Local Dirtied Blocks": 0,
                                "Local Written Blocks": 0,
                                "Temp Read Blocks": 0,
                                "Temp Written Blocks": 0
                            },
                            "Planning Time": 0.006,
                            "Triggers": [],
                            "Execution Time": 0.003
                        },
                        "any_explanation": {
                            "Plan": {
                                "Node Type": "Seq Scan",
                                "Parallel Aware": false,
                                "Async Capable": false,
                                "Relation Name": "django_enum_tests_benchmark_flagtester015",
                                "Schema": "public",
                                "Alias": "django_enum_tests_benchmark_flagtester015",
                                "Startup Cost": 0.0,
                                "Total Cost": 1.17,
                                "Plan Rows": 4,
                                "Plan Width": 12,
                                "Actual Startup Time": 0.001,
                                "Actual Total Time": 0.002,
                                "Actual Rows": 11,
                                "Actual Loops": 1,
                                "Output": [
                                    "id",
                                    "flags"
                                ],
                                "Filter": "((django_enum_tests_benchmark_flagtester015.flags & 12739) > 0)",
                                "Rows Removed by Filter": 0,
                                "Shared Hit Blocks": 1,
                                "Shared Read Blocks": 0,
                                "Shared Dirtied Blocks": 0,
                                "Shared Written Blocks": 0,
                                "Local Hit Blocks": 0,
                                "Local Read Blocks": 0,
                                "Local Dirtied Blocks": 0,
                                "Local Written Blocks": 0,
                                "Temp Read Blocks": 0,
                                "Temp Written Blocks": 0,
                                "WAL Records": 0,
                                "WAL FPI": 0,
                                "WAL Bytes": 0
                            },
                            "Settings": {},
                            "Planning": {
                                "Shared Hit Blocks": 0,
                                "Shared Read Blocks": 0,
                                "Shared Dirtied Blocks": 0,
                                "Shared Written Blocks": 0,
                                "Local Hit Blocks": 0,
                                "Local Read Blocks": 0,
                                "Local Dirtied Blocks": 0,
                                "Local Written Blocks": 0,
                                "Temp Read Blocks": 0,
                                "Temp Written Blocks": 0
                            },
                            "Planning Time": 0.006,
                            "Triggers": [],
                            "Execution Time": 0.004
                        },
                        "exact_explanation": {
                            "Plan": {
                                "Node Type": "Seq Scan",
                                "Parallel Aware": false,
                                "Async Capable": false,
                                "Relation Name": "django_enum_tests_benchmark_flagtester015",
                                "Schema": "public",
                                "Alias": "django_enum_tests_benchmark_flagtester015",
                                "Startup Cost": 0.0,
                                "Total Cost": 1.14,
                                "Plan Rows": 1,
                                "Plan Width": 12,
                                "Actual Startup Time": 0.002,
                                "Actual Total Time": 0.002,
                                "Actual Rows": 0,
                                "Actual Loops": 1,
                                "Output": [
                                    "id",
                                    "flags"
                                ],
                                "Filter": "(django_enum_tests_benchmark_flagtester015.flags = 12739)",
                                "Rows Removed by Filter": 11,
                                "Shared Hit Blocks": 1,
                                "Shared Read Blocks": 0,
                                "Shared Dirtied Blocks": 0,
                                "Shared Written Blocks": 0,
                                "Local Hit Blocks": 0,
                                "Local Read Blocks": 0,
                                "Local Dirtied Blocks": 0,
                                "Local Written Blocks": 0,
                                "Temp Read Blocks": 0,
                                "Temp Written Blocks": 0,
                                "WAL Records": 0,
                                "WAL FPI": 0,
                                "WAL Bytes": 0
                            },
                            "Settings": {},
                            "Planning": {
                                "Shared Hit Blocks": 0,
                                "Shared Read Blocks": 0,
                                "Shared Dirtied Blocks": 0,
                                "Shared Written Blocks": 0,
                                "Local Hit Blocks": 0,
                                "Local Read Blocks": 0,
                                "Local Dirtied Blocks": 0,
                                "Local Written Blocks": 0,
                                "Temp Read Blocks": 0,
                                "Temp Written Blocks": 0
                            },
                            "Planning Time": 0.006,
                            "Triggers": [],
                            "Execution Time": 0.003
                        },
                        "all_ftr_time": 3.3e-06,
                        "any_ftr_time": 3.7000000000000006e-06,
                        "exact_ftr_time": 3.399999999999999e-06
                    },
                    "100": {
                        "all_time": 0.0009236413752660155,
                        "any_time": 0.0006592583144083619,
                        "exact_time": 0.0006135919014923274,
                        "table_size": 24576.0,
                        "index_time": 5.420297384262085e-07,
                        "all_explanation": {
                            "Plan": {
                                "Node Type": "Seq Scan",
                                "Parallel Aware": false,
                                "Async Capable": false,
                                "Relation Name": "django_enum_tests_benchmark_flagtester015",
                                "Schema": "public",
                                "Alias": "django_enum_tests_benchmark_flagtester015",
                                "Startup Cost": 0.0,
                                "Total Cost": 2.51,
                                "Plan Rows": 1,
                                "Plan Width": 12,
                                "Actual Startup Time": 0.006,
                                "Actual Total Time": 0.007,
                                "Actual Rows": 0,
                                "Actual Loops": 1,
                                "Output": [
                                    "id",
                                    "flags"
                                ],
                                "Filter": "((django_enum_tests_benchmark_flagtester015.flags & 60377) = 60377)",
                                "Rows Removed by Filter": 101,
                                "Shared Hit Blocks": 1,
                                "Shared Read Blocks": 0,
                                "Shared Dirtied Blocks": 0,
                                "Shared Written Blocks": 0,
                                "Local Hit Blocks": 0,
                                "Local Read Blocks": 0,
                                "Local Dirtied Blocks": 0,
                                "Local Written Blocks": 0,
                                "Temp Read Blocks": 0,
                                "Temp Written Blocks": 0,
                                "WAL Records": 0,
                                "WAL FPI": 0,
                                "WAL Bytes": 0
                            },
                            "Settings": {},
                            "Planning": {
                                "Shared Hit Blocks": 0,
                                "Shared Read Blocks": 0,
                                "Shared Dirtied Blocks": 0,
                                "Shared Written Blocks": 0,
                                "Local Hit Blocks": 0,
                                "Local Read Blocks": 0,
                                "Local Dirtied Blocks": 0,
                                "Local Written Blocks": 0,
                                "Temp Read Blocks": 0,
                                "Temp Written Blocks": 0
                            },
                            "Planning Time": 0.009,
                            "Triggers": [],
                            "Execution Time": 0.009
                        },
                        "any_explanation": {
                            "Plan": {
                                "Node Type": "Seq Scan",
                                "Parallel Aware": false,
                                "Async Capable": false,
                                "Relation Name": "django_enum_tests_benchmark_flagtester015",
                                "Schema": "public",
                                "Alias": "django_enum_tests_benchmark_flagtester015",
                                "Startup Cost": 0.0,
                                "Total Cost": 2.51,
                                "Plan Rows": 34,
                                "Plan Width": 12,
                                "Actual Startup Time": 0.002,
                                "Actual Total Time": 0.009,
                                "Actual Rows": 101,
                                "Actual Loops": 1,
                                "Output": [
                                    "id",
                                    "flags"
                                ],
                                "Filter": "((django_enum_tests_benchmark_flagtester015.flags & 60377) > 0)",
                                "Rows Removed by Filter": 0,
                                "Shared Hit Blocks": 1,
                                "Shared Read Blocks": 0,
                                "Shared Dirtied Blocks": 0,
                                "Shared Written Blocks": 0,
                                "Local Hit Blocks": 0,
                                "Local Read Blocks": 0,
                                "Local Dirtied Blocks": 0,
                                "Local Written Blocks": 0,
                                "Temp Read Blocks": 0,
                                "Temp Written Blocks": 0,
                                "WAL Records": 0,
                                "WAL FPI": 0,
                                "WAL Bytes": 0
                            },
                            "Settings": {},
                            "Planning": {
                                "Shared Hit Blocks": 0,
                                "Shared Read Blocks": 0,
                                "Shared Dirtied Blocks": 0,
                                "Shared Written Blocks": 0,
                                "Local Hit Blocks": 0,
                                "Local Read Blocks": 0,
                                "Local Dirtied Blocks": 0,
                                "Local Written Blocks": 0,
                                "Temp Read Blocks": 0,
                                "Temp Written Blocks": 0
                            },
                            "Planning Time": 0.008,
                            "Triggers": [],
                            "Execution Time": 0.013
                        },
                        "exact_explanation": {
                            "Plan": {
                                "Node Type": "Seq Scan",
                                "Parallel Aware": false,
                                "Async Capable": false,
                                "Relation Name": "django_enum_tests_benchmark_flagtester015",
                                "Schema": "public",
                                "Alias": "django_enum_tests_benchmark_flagtester015",
                                "Startup Cost": 0.0,
                                "Total Cost": 2.26,
                                "Plan Rows": 1,
                                "Plan Width": 12,
                                "Actual Startup Time": 0.006,
                                "Actual Total Time": 0.006,
                                "Actual Rows": 0,
                                "Actual Loops": 1,
                                "Output": [
                                    "id",
                                    "flags"
                                ],
                                "Filter": "(django_enum_tests_benchmark_flagtester015.flags = 60377)",
                                "Rows Removed by Filter": 101,
                                "Shared Hit Blocks": 1,
                                "Shared Read Blocks": 0,
                                "Shared Dirtied Blocks": 0,
                                "Shared Written Blocks": 0,
                                "Local Hit Blocks": 0,
                                "Local Read Blocks": 0,
                                "Local Dirtied Blocks": 0,
                                "Local Written Blocks": 0,
                                "Temp Read Blocks": 0,
                                "Temp Written Blocks": 0,
                                "WAL Records": 0,
                                "WAL FPI": 0,
                                "WAL Bytes": 0
                            },
                            "Settings": {},
                            "Planning": {
                                "Shared Hit Blocks": 0,
                                "Shared Read Blocks": 0,
                                "Shared Dirtied Blocks": 0,
                                "Shared Written Blocks": 0,
                                "Local Hit Blocks": 0,
                                "Local Read Blocks": 0,
                                "Local Dirtied Blocks": 0,
                                "Local Written Blocks": 0,
                                "Temp Read Blocks": 0,
                                "Temp Written Blocks": 0
                            },
                            "Planning Time": 0.008,
                            "Triggers": [],
                            "Execution Time": 0.008
                        },
                        "all_ftr_time": 7.7e-06,
                        "any_ftr_time": 1.1999999999999999e-05,
                        "exact_ftr_time": 7.499999999999998e-06
                    },
                    "1000": {
                        "all_time": 0.000740975106600672,
                        "any_time": 0.0006498541915789247,
                        "exact_time": 0.0005544625222682953,
                        "table_size": 90112.0,
                        "index_time": 4.5902561396360397e-07,
                        "all_explanation": {
                            "Plan": {
                                "Node Type": "Seq Scan",
                                "Parallel Aware": false,
                                "Async Capable": false,
                                "Relation Name": "django_enum_tests_benchmark_flagtester015",
                                "Schema": "public",
                                "Alias": "django_enum_tests_benchmark_flagtester015",
                                "Startup Cost": 0.0,
                                "Total Cost": 21.02,
                                "Plan Rows": 5,
                                "Plan Width": 12,
                                "Actual Startup Time": 0.011,
                                "Actual Total Time": 0.038,
                                "Actual Rows": 1,
                                "Actual Loops": 1,
                                "Output": [
                                    "id",
                                    "flags"
                                ],
                                "Filter": "((django_enum_tests_benchmark_flagtester015.flags & 13694) = 13694)",
                                "Rows Removed by Filter": 1000,
                                "Shared Hit Blocks": 6,
                                "Shared Read Blocks": 0,
                                "Shared Dirtied Blocks": 0,
                                "Shared Written Blocks": 0,
                                "Local Hit Blocks": 0,
                                "Local Read Blocks": 0,
                                "Local Dirtied Blocks": 0,
                                "Local Written Blocks": 0,
                                "Temp Read Blocks": 0,
                                "Temp Written Blocks": 0,
                                "WAL Records": 0,
                                "WAL FPI": 0,
                                "WAL Bytes": 0
                            },
                            "Settings": {},
                            "Planning": {
                                "Shared Hit Blocks": 0,
                                "Shared Read Blocks": 0,
                                "Shared Dirtied Blocks": 0,
                                "Shared Written Blocks": 0,
                                "Local Hit Blocks": 0,
                                "Local Read Blocks": 0,
                                "Local Dirtied Blocks": 0,
                                "Local Written Blocks": 0,
                                "Temp Read Blocks": 0,
                                "Temp Written Blocks": 0
                            },
                            "Planning Time": 0.006,
                            "Triggers": [],
                            "Execution Time": 0.039
                        },
                        "any_explanation": {
                            "Plan": {
                                "Node Type": "Seq Scan",
                                "Parallel Aware": false,
                                "Async Capable": false,
                                "Relation Name": "django_enum_tests_benchmark_flagtester015",
                                "Schema": "public",
                                "Alias": "django_enum_tests_benchmark_flagtester015",
                                "Startup Cost": 0.0,
                                "Total Cost": 21.02,
                                "Plan Rows": 334,
                                "Plan Width": 12,
                                "Actual Startup Time": 0.002,
                                "Actual Total Time": 0.051,
                                "Actual Rows": 1000,
                                "Actual Loops": 1,
                                "Output": [
                                    "id",
                                    "flags"
                                ],
                                "Filter": "((django_enum_tests_benchmark_flagtester015.flags & 13694) > 0)",
                                "Rows Removed by Filter": 1,
                                "Shared Hit Blocks": 6,
                                "Shared Read Blocks": 0,
                                "Shared Dirtied Blocks": 0,
                                "Shared Written Blocks": 0,
                                "Local Hit Blocks": 0,
                                "Local Read Blocks": 0,
                                "Local Dirtied Blocks": 0,
                                "Local Written Blocks": 0,
                                "Temp Read Blocks": 0,
                                "Temp Written Blocks": 0,
                                "WAL Records": 0,
                                "WAL FPI": 0,
                                "WAL Bytes": 0
                            },
                            "Settings": {},
                            "Planning": {
                                "Shared Hit Blocks": 0,
                                "Shared Read Blocks": 0,
                                "Shared Dirtied Blocks": 0,
                                "Shared Written Blocks": 0,
                                "Local Hit Blocks": 0,
                                "Local Read Blocks": 0,
                                "Local Dirtied Blocks": 0,
                                "Local Written Blocks": 0,
                                "Temp Read Blocks": 0,
                                "Temp Written Blocks": 0
                            },
                            "Planning Time": 0.006,
                            "Triggers": [],
                            "Execution Time": 0.074
                        },
                        "exact_explanation": {
                            "Plan": {
                                "Node Type": "Seq Scan",
                                "Parallel Aware": false,
                                "Async Capable": false,
                                "Relation Name": "django_enum_tests_benchmark_flagtester015",
                                "Schema": "public",
                                "Alias": "django_enum_tests_benchmark_flagtester015",
                                "Startup Cost": 0.0,
                                "Total Cost": 18.51,
                                "Plan Rows": 1,
                                "Plan Width": 12,
                                "Actual Startup Time": 0.036,
                                "Actual Total Time": 0.036,
                                "Actual Rows": 0,
                                "Actual Loops": 1,
                                "Output": [
                                    "id",
                                    "flags"
                                ],
                                "Filter": "(django_enum_tests_benchmark_flagtester015.flags = 13694)",
                                "Rows Removed by Filter": 1001,
                                "Shared Hit Blocks": 6,
                                "Shared Read Blocks": 0,
                                "Shared Dirtied Blocks": 0,
                                "Shared Written Blocks": 0,
                                "Local Hit Blocks": 0,
                                "Local Read Blocks": 0,
                                "Local Dirtied Blocks": 0,
                                "Local Written Blocks": 0,
                                "Temp Read Blocks": 0,
                                "Temp Written Blocks": 0,
                                "WAL Records": 0,
                                "WAL FPI": 0,
                                "WAL Bytes": 0
                            },
                            "Settings": {},
                            "Planning": {
                                "Shared Hit Blocks": 0,
                                "Shared Read Blocks": 0,
                                "Shared Dirtied Blocks": 0,
                                "Shared Written Blocks": 0,
                                "Local Hit Blocks": 0,
                                "Local Read Blocks": 0,
                                "Local Dirtied Blocks": 0,
                                "Local Written Blocks": 0,
                                "Temp Read Blocks": 0,
                                "Temp Written Blocks": 0
                            },
                            "Planning Time": 0.006,
                            "Triggers": [],
                            "Execution Time": 0.037
                        },
                        "all_ftr_time": 3.779999999999999e-05,
                        "any_ftr_time": 7.099999999999999e-05,
                        "exact_ftr_time": 3.5999999999999994e-05
                    },
                    "10000": {
                        "all_time": 0.0014602290000766515,
                        "any_time": 0.0014221000135876238,
                        "exact_time": 0.001638445898424834,
                        "table_size": 696320.0,
                        "index_time": 6.25033862888813e-07,
                        "all_explanation": {
                            "Plan": {
                                "Node Type": "Seq Scan",
                                "Parallel Aware": false,
                                "Async Capable": false,
                                "Relation Name": "django_enum_tests_benchmark_flagtester015",
                                "Schema": "public",
                                "Alias": "django_enum_tests_benchmark_flagtester015",
                                "Startup Cost": 0.0,
                                "Total Cost": 205.01,
                                "Plan Rows": 50,
                                "Plan Width": 12,
                                "Actual Startup Time": 0.051,
                                "Actual Total Time": 0.395,
                                "Actual Rows": 21,
                                "Actual Loops": 1,
                                "Output": [
                                    "id",
                                    "flags"
                                ],
                                "Filter": "((django_enum_tests_benchmark_flagtester015.flags & 59203) = 59203)",
                                "Rows Removed by Filter": 9980,
                                "Shared Hit Blocks": 55,
                                "Shared Read Blocks": 0,
                                "Shared Dirtied Blocks": 0,
                                "Shared Written Blocks": 0,
                                "Local Hit Blocks": 0,
                                "Local Read Blocks": 0,
                                "Local Dirtied Blocks": 0,
                                "Local Written Blocks": 0,
                                "Temp Read Blocks": 0,
                                "Temp Written Blocks": 0,
                                "WAL Records": 0,
                                "WAL FPI": 0,
                                "WAL Bytes": 0
                            },
                            "Settings": {},
                            "Planning": {
                                "Shared Hit Blocks": 0,
                                "Shared Read Blocks": 0,
                                "Shared Dirtied Blocks": 0,
                                "Shared Written Blocks": 0,
                                "Local Hit Blocks": 0,
                                "Local Read Blocks": 0,
                                "Local Dirtied Blocks": 0,
                                "Local Written Blocks": 0,
                                "Temp Read Blocks": 0,
                                "Temp Written Blocks": 0
                            },
                            "Planning Time": 0.006,
                            "Triggers": [],
                            "Execution Time": 0.397
                        },
                        "any_explanation": {
                            "Plan": {
                                "Node Type": "Seq Scan",
                                "Parallel Aware": false,
                                "Async Capable": false,
                                "Relation Name": "django_enum_tests_benchmark_flagtester015",
                                "Schema": "public",
                                "Alias": "django_enum_tests_benchmark_flagtester015",
                                "Startup Cost": 0.0,
                                "Total Cost": 205.01,
                                "Plan Rows": 3334,
                                "Plan Width": 12,
                                "Actual Startup Time": 0.002,
                                "Actual Total Time": 0.538,
                                "Actual Rows": 9982,
                                "Actual Loops": 1,
                                "Output": [
                                    "id",
                                    "flags"
                                ],
                                "Filter": "((django_enum_tests_benchmark_flagtester015.flags & 59203) > 0)",
                                "Rows Removed by Filter": 19,
                                "Shared Hit Blocks": 55,
                                "Shared Read Blocks": 0,
                                "Shared Dirtied Blocks": 0,
                                "Shared Written Blocks": 0,
                                "Local Hit Blocks": 0,
                                "Local Read Blocks": 0,
                                "Local Dirtied Blocks": 0,
                                "Local Written Blocks": 0,
                                "Temp Read Blocks": 0,
                                "Temp Written Blocks": 0,
                                "WAL Records": 0,
                                "WAL FPI": 0,
                                "WAL Bytes": 0
                            },
                            "Settings": {},
                            "Planning": {
                                "Shared Hit Blocks": 0,
                                "Shared Read Blocks": 0,
                                "Shared Dirtied Blocks": 0,
                                "Shared Written Blocks": 0,
                                "Local Hit Blocks": 0,
                                "Local Read Blocks": 0,
                                "Local Dirtied Blocks": 0,
                                "Local Written Blocks": 0,
                                "Temp Read Blocks": 0,
                                "Temp Written Blocks": 0
                            },
                            "Planning Time": 0.006,
                            "Triggers": [],
                            "Execution Time": 0.778
                        },
                        "exact_explanation": {
                            "Plan": {
                                "Node Type": "Seq Scan",
                                "Parallel Aware": false,
                                "Async Capable": false,
                                "Relation Name": "django_enum_tests_benchmark_flagtester015",
                                "Schema": "public",
                                "Alias": "django_enum_tests_benchmark_flagtester015",
                                "Startup Cost": 0.0,
                                "Total Cost": 180.01,
                                "Plan Rows": 1,
                                "Plan Width": 12,
                                "Actual Startup Time": 0.381,
                                "Actual Total Time": 0.41,
                                "Actual Rows": 1,
                                "Actual Loops": 1,
                                "Output": [
                                    "id",
                                    "flags"
                                ],
                                "Filter": "(django_enum_tests_benchmark_flagtester015.flags = 59203)",
                                "Rows Removed by Filter": 10000,
                                "Shared Hit Blocks": 55,
                                "Shared Read Blocks": 0,
                                "Shared Dirtied Blocks": 0,
                                "Shared Written Blocks": 0,
                                "Local Hit Blocks": 0,
                                "Local Read Blocks": 0,
                                "Local Dirtied Blocks": 0,
                                "Local Written Blocks": 0,
                                "Temp Read Blocks": 0,
                                "Temp Written Blocks": 0,
                                "WAL Records": 0,
                                "WAL FPI": 0,
                                "WAL Bytes": 0
                            },
                            "Settings": {},
                            "Planning": {
                                "Shared Hit Blocks": 0,
                                "Shared Read Blocks": 0,
                                "Shared Dirtied Blocks": 0,
                                "Shared Written Blocks": 0,
                                "Local Hit Blocks": 0,
                                "Local Read Blocks": 0,
                                "Local Dirtied Blocks": 0,
                                "Local Written Blocks": 0,
                                "Temp Read Blocks": 0,
                                "Temp Written Blocks": 0
                            },
                            "Planning Time": 0.007,
                            "Triggers": [],
                            "Execution Time": 0.412
                        },
                        "all_ftr_time": 0.0003633,
                        "any_ftr_time": 0.0007105,
                        "exact_ftr_time": 0.00035650000000000005
                    },
                    "100000": {
                        "all_time": 0.005896374792791903,
                        "any_time": 0.007345816912129521,
                        "exact_time": 0.005933654285036028,
                        "table_size": 6692864.0,
                        "index_time": 1.625041477382183e-06,
                        "all_explanation": {
                            "Plan": {
                                "Node Type": "Seq Scan",
                                "Parallel Aware": false,
                                "Async Capable": false,
                                "Relation Name": "django_enum_tests_benchmark_flagtester015",
                                "Schema": "public",
                                "Alias": "django_enum_tests_benchmark_flagtester015",
                                "Startup Cost": 0.0,
                                "Total Cost": 2041.01,
                                "Plan Rows": 500,
                                "Plan Width": 12,
                                "Actual Startup Time": 0.006,
                                "Actual Total Time": 3.655,
                                "Actual Rows": 111,
                                "Actual Loops": 1,
                                "Output": [
                                    "id",
                                    "flags"
                                ],
                                "Filter": "((django_enum_tests_benchmark_flagtester015.flags & 15966) = 15966)",
                                "Rows Removed by Filter": 99890,
                                "Shared Hit Blocks": 541,
                                "Shared Read Blocks": 0,
                                "Shared Dirtied Blocks": 0,
                                "Shared Written Blocks": 0,
                                "Local Hit Blocks": 0,
                                "Local Read Blocks": 0,
                                "Local Dirtied Blocks": 0,
                                "Local Written Blocks": 0,
                                "Temp Read Blocks": 0,
                                "Temp Written Blocks": 0,
                                "WAL Records": 0,
                                "WAL FPI": 0,
                                "WAL Bytes": 0
                            },
                            "Settings": {},
                            "Planning": {
                                "Shared Hit Blocks": 0,
                                "Shared Read Blocks": 0,
                                "Shared Dirtied Blocks": 0,
                                "Shared Written Blocks": 0,
                                "Local Hit Blocks": 0,
                                "Local Read Blocks": 0,
                                "Local Dirtied Blocks": 0,
                                "Local Written Blocks": 0,
                                "Temp Read Blocks": 0,
                                "Temp Written Blocks": 0
                            },
                            "Planning Time": 0.01,
                            "Triggers": [],
                            "Execution Time": 3.66
                        },
                        "any_explanation": {
                            "Plan": {
                                "Node Type": "Seq Scan",
                                "Parallel Aware": false,
                                "Async Capable": false,
                                "Relation Name": "django_enum_tests_benchmark_flagtester015",
                                "Schema": "public",
                                "Alias": "django_enum_tests_benchmark_flagtester015",
                                "Startup Cost": 0.0,
                                "Total Cost": 2041.01,
                                "Plan Rows": 33334,
                                "Plan Width": 12,
                                "Actual Startup Time": 0.003,
                                "Actual Total Time": 4.939,
                                "Actual Rows": 99909,
                                "Actual Loops": 1,
                                "Output": [
                                    "id",
                                    "flags"
                                ],
                                "Filter": "((django_enum_tests_benchmark_flagtester015.flags & 15966) > 0)",
                                "Rows Removed by Filter": 92,
                                "Shared Hit Blocks": 541,
                                "Shared Read Blocks": 0,
                                "Shared Dirtied Blocks": 0,
                                "Shared Written Blocks": 0,
                                "Local Hit Blocks": 0,
                                "Local Read Blocks": 0,
                                "Local Dirtied Blocks": 0,
                                "Local Written Blocks": 0,
                                "Temp Read Blocks": 0,
                                "Temp Written Blocks": 0,
                                "WAL Records": 0,
                                "WAL FPI": 0,
                                "WAL Bytes": 0
                            },
                            "Settings": {},
                            "Planning": {
                                "Shared Hit Blocks": 0,
                                "Shared Read Blocks": 0,
                                "Shared Dirtied Blocks": 0,
                                "Shared Written Blocks": 0,
                                "Local Hit Blocks": 0,
                                "Local Read Blocks": 0,
                                "Local Dirtied Blocks": 0,
                                "Local Written Blocks": 0,
                                "Temp Read Blocks": 0,
                                "Temp Written Blocks": 0
                            },
                            "Planning Time": 0.011,
                            "Triggers": [],
                            "Execution Time": 7.145
                        },
                        "exact_explanation": {
                            "Plan": {
                                "Node Type": "Seq Scan",
                                "Parallel Aware": false,
                                "Async Capable": false,
                                "Relation Name": "django_enum_tests_benchmark_flagtester015",
                                "Schema": "public",
                                "Alias": "django_enum_tests_benchmark_flagtester015",
                                "Startup Cost": 0.0,
                                "Total Cost": 1791.01,
                                "Plan Rows": 1,
                                "Plan Width": 12,
                                "Actual Startup Time": 1.744,
                                "Actual Total Time": 3.466,
                                "Actual Rows": 2,
                                "Actual Loops": 1,
                                "Output": [
                                    "id",
                                    "flags"
                                ],
                                "Filter": "(django_enum_tests_benchmark_flagtester015.flags = 15966)",
                                "Rows Removed by Filter": 99999,
                                "Shared Hit Blocks": 541,
                                "Shared Read Blocks": 0,
                                "Shared Dirtied Blocks": 0,
                                "Shared Written Blocks": 0,
                                "Local Hit Blocks": 0,
                                "Local Read Blocks": 0,
                                "Local Dirtied Blocks": 0,
                                "Local Written Blocks": 0,
                                "Temp Read Blocks": 0,
                                "Temp Written Blocks": 0,
                                "WAL Records": 0,
                                "WAL FPI": 0,
                                "WAL Bytes": 0
                            },
                            "Settings": {},
                            "Planning": {
                                "Shared Hit Blocks": 0,
                                "Shared Read Blocks": 0,
                                "Shared Dirtied Blocks": 0,
                                "Shared Written Blocks": 0,
                                "Local Hit Blocks": 0,
                                "Local Read Blocks": 0,
                                "Local Dirtied Blocks": 0,
                                "Local Written Blocks": 0,
                                "Temp Read Blocks": 0,
                                "Temp Written Blocks": 0
                            },
                            "Planning Time": 0.007,
                            "Triggers": [],
                            "Execution Time": 3.468
                        },
                        "all_ftr_time": 0.0038343,
                        "any_ftr_time": 0.007267,
                        "exact_ftr_time": 0.0035199
                    },
                    "1000000": {
                        "all_time": 0.01957625421928242,
                        "any_time": 0.02307598330080509,
                        "exact_time": 0.018208704295102508,
                        "table_size": 67108864.0,
                        "index_time": 6.25033862888813e-07,
                        "all_explanation": {
                            "Plan": {
                                "Node Type": "Gather",
                                "Parallel Aware": false,
                                "Async Capable": false,
                                "Startup Cost": 1000.0,
                                "Total Cost": 13156.01,
                                "Plan Rows": 5000,
                                "Plan Width": 12,
                                "Actual Startup Time": 0.148,
                                "Actual Total Time": 15.456,
                                "Actual Rows": 465,
                                "Actual Loops": 1,
                                "Output": [
                                    "id",
                                    "flags"
                                ],
                                "Workers Planned": 2,
                                "Workers Launched": 2,
                                "Single Copy": false,
                                "Shared Hit Blocks": 4768,
                                "Shared Read Blocks": 638,
                                "Shared Dirtied Blocks": 0,
                                "Shared Written Blocks": 0,
                                "Local Hit Blocks": 0,
                                "Local Read Blocks": 0,
                                "Local Dirtied Blocks": 0,
                                "Local Written Blocks": 0,
                                "Temp Read Blocks": 0,
                                "Temp Written Blocks": 0,
                                "WAL Records": 0,
                                "WAL FPI": 0,
                                "WAL Bytes": 0,
                                "Plans": [
                                    {
                                        "Node Type": "Seq Scan",
                                        "Parent Relationship": "Outer",
                                        "Parallel Aware": true,
                                        "Async Capable": false,
                                        "Relation Name": "django_enum_tests_benchmark_flagtester015",
                                        "Schema": "public",
                                        "Alias": "django_enum_tests_benchmark_flagtester015",
                                        "Startup Cost": 0.0,
                                        "Total Cost": 11656.01,
                                        "Plan Rows": 2083,
                                        "Plan Width": 12,
                                        "Actual Startup Time": 0.053,
                                        "Actual Total Time": 13.244,
                                        "Actual Rows": 155,
                                        "Actual Loops": 3,
                                        "Output": [
                                            "id",
                                            "flags"
                                        ],
                                        "Filter": "((django_enum_tests_benchmark_flagtester015.flags & 15167) = 15167)",
                                        "Rows Removed by Filter": 333179,
                                        "Shared Hit Blocks": 4768,
                                        "Shared Read Blocks": 638,
                                        "Shared Dirtied Blocks": 0,
                                        "Shared Written Blocks": 0,
                                        "Local Hit Blocks": 0,
                                        "Local Read Blocks": 0,
                                        "Local Dirtied Blocks": 0,
                                        "Local Written Blocks": 0,
                                        "Temp Read Blocks": 0,
                                        "Temp Written Blocks": 0,
                                        "WAL Records": 0,
                                        "WAL FPI": 0,
                                        "WAL Bytes": 0,
                                        "Workers": [
                                            {
                                                "Worker Number": 0,
                                                "Actual Startup Time": 0.026,
                                                "Actual Total Time": 12.625,
                                                "Actual Rows": 149,
                                                "Actual Loops": 1,
                                                "Shared Hit Blocks": 1538,
                                                "Shared Read Blocks": 132,
                                                "Shared Dirtied Blocks": 0,
                                                "Shared Written Blocks": 0,
                                                "Local Hit Blocks": 0,
                                                "Local Read Blocks": 0,
                                                "Local Dirtied Blocks": 0,
                                                "Local Written Blocks": 0,
                                                "Temp Read Blocks": 0,
                                                "Temp Written Blocks": 0,
                                                "WAL Records": 0,
                                                "WAL FPI": 0,
                                                "WAL Bytes": 0
                                            },
                                            {
                                                "Worker Number": 1,
                                                "Actual Startup Time": 0.037,
                                                "Actual Total Time": 12.625,
                                                "Actual Rows": 144,
                                                "Actual Loops": 1,
                                                "Shared Hit Blocks": 1534,
                                                "Shared Read Blocks": 128,
                                                "Shared Dirtied Blocks": 0,
                                                "Shared Written Blocks": 0,
                                                "Local Hit Blocks": 0,
                                                "Local Read Blocks": 0,
                                                "Local Dirtied Blocks": 0,
                                                "Local Written Blocks": 0,
                                                "Temp Read Blocks": 0,
                                                "Temp Written Blocks": 0,
                                                "WAL Records": 0,
                                                "WAL FPI": 0,
                                                "WAL Bytes": 0
                                            }
                                        ]
                                    }
                                ]
                            },
                            "Settings": {},
                            "Planning": {
                                "Shared Hit Blocks": 0,
                                "Shared Read Blocks": 0,
                                "Shared Dirtied Blocks": 0,
                                "Shared Written Blocks": 0,
                                "Local Hit Blocks": 0,
                                "Local Read Blocks": 0,
                                "Local Dirtied Blocks": 0,
                                "Local Written Blocks": 0,
                                "Temp Read Blocks": 0,
                                "Temp Written Blocks": 0
                            },
                            "Planning Time": 0.028,
                            "Triggers": [],
                            "Execution Time": 15.472
                        },
                        "any_explanation": {
                            "Plan": {
                                "Node Type": "Seq Scan",
                                "Parallel Aware": false,
                                "Async Capable": false,
                                "Relation Name": "django_enum_tests_benchmark_flagtester015",
                                "Schema": "public",
                                "Alias": "django_enum_tests_benchmark_flagtester015",
                                "Startup Cost": 0.0,
                                "Total Cost": 20406.01,
                                "Plan Rows": 333334,
                                "Plan Width": 12,
                                "Actual Startup Time": 0.008,
                                "Actual Total Time": 46.802,
                                "Actual Rows": 999514,
                                "Actual Loops": 1,
                                "Output": [
                                    "id",
                                    "flags"
                                ],
                                "Filter": "((django_enum_tests_benchmark_flagtester015.flags & 15167) > 0)",
                                "Rows Removed by Filter": 487,
                                "Shared Hit Blocks": 4960,
                                "Shared Read Blocks": 446,
                                "Shared Dirtied Blocks": 0,
                                "Shared Written Blocks": 0,
                                "Local Hit Blocks": 0,
                                "Local Read Blocks": 0,
                                "Local Dirtied Blocks": 0,
                                "Local Written Blocks": 0,
                                "Temp Read Blocks": 0,
                                "Temp Written Blocks": 0,
                                "WAL Records": 0,
                                "WAL FPI": 0,
                                "WAL Bytes": 0
                            },
                            "Settings": {},
                            "Planning": {
                                "Shared Hit Blocks": 0,
                                "Shared Read Blocks": 0,
                                "Shared Dirtied Blocks": 0,
                                "Shared Written Blocks": 0,
                                "Local Hit Blocks": 0,
                                "Local Read Blocks": 0,
                                "Local Dirtied Blocks": 0,
                                "Local Written Blocks": 0,
                                "Temp Read Blocks": 0,
                                "Temp Written Blocks": 0
                            },
                            "Planning Time": 0.025,
                            "Triggers": [],
                            "Execution Time": 66.702
                        },
                        "exact_explanation": {
                            "Plan": {
                                "Node Type": "Gather",
                                "Parallel Aware": false,
                                "Async Capable": false,
                                "Startup Cost": 1000.0,
                                "Total Cost": 11614.44,
                                "Plan Rows": 1,
                                "Plan Width": 12,
                                "Actual Startup Time": 3.845,
                                "Actual Total Time": 14.707,
                                "Actual Rows": 19,
                                "Actual Loops": 1,
                                "Output": [
                                    "id",
                                    "flags"
                                ],
                                "Workers Planned": 2,
                                "Workers Launched": 2,
                                "Single Copy": false,
                                "Shared Hit Blocks": 5088,
                                "Shared Read Blocks": 318,
                                "Shared Dirtied Blocks": 0,
                                "Shared Written Blocks": 0,
                                "Local Hit Blocks": 0,
                                "Local Read Blocks": 0,
                                "Local Dirtied Blocks": 0,
                                "Local Written Blocks": 0,
                                "Temp Read Blocks": 0,
                                "Temp Written Blocks": 0,
                                "WAL Records": 0,
                                "WAL FPI": 0,
                                "WAL Bytes": 0,
                                "Plans": [
                                    {
                                        "Node Type": "Seq Scan",
                                        "Parent Relationship": "Outer",
                                        "Parallel Aware": true,
                                        "Async Capable": false,
                                        "Relation Name": "django_enum_tests_benchmark_flagtester015",
                                        "Schema": "public",
                                        "Alias": "django_enum_tests_benchmark_flagtester015",
                                        "Startup Cost": 0.0,
                                        "Total Cost": 10614.34,
                                        "Plan Rows": 1,
                                        "Plan Width": 12,
                                        "Actual Startup Time": 3.348,
                                        "Actual Total Time": 12.618,
                                        "Actual Rows": 6,
                                        "Actual Loops": 3,
                                        "Output": [
                                            "id",
                                            "flags"
                                        ],
                                        "Filter": "(django_enum_tests_benchmark_flagtester015.flags = 15167)",
                                        "Rows Removed by Filter": 333327,
                                        "Shared Hit Blocks": 5088,
                                        "Shared Read Blocks": 318,
                                        "Shared Dirtied Blocks": 0,
                                        "Shared Written Blocks": 0,
                                        "Local Hit Blocks": 0,
                                        "Local Read Blocks": 0,
                                        "Local Dirtied Blocks": 0,
                                        "Local Written Blocks": 0,
                                        "Temp Read Blocks": 0,
                                        "Temp Written Blocks": 0,
                                        "WAL Records": 0,
                                        "WAL FPI": 0,
                                        "WAL Bytes": 0,
                                        "Workers": [
                                            {
                                                "Worker Number": 0,
                                                "Actual Startup Time": 2.58,
                                                "Actual Total Time": 12.05,
                                                "Actual Rows": 2,
                                                "Actual Loops": 1,
                                                "Shared Hit Blocks": 1616,
                                                "Shared Read Blocks": 28,
                                                "Shared Dirtied Blocks": 0,
                                                "Shared Written Blocks": 0,
                                                "Local Hit Blocks": 0,
                                                "Local Read Blocks": 0,
                                                "Local Dirtied Blocks": 0,
                                                "Local Written Blocks": 0,
                                                "Temp Read Blocks": 0,
                                                "Temp Written Blocks": 0,
                                                "WAL Records": 0,
                                                "WAL FPI": 0,
                                                "WAL Bytes": 0
                                            },
                                            {
                                                "Worker Number": 1,
                                                "Actual Startup Time": 3.659,
                                                "Actual Total Time": 12.004,
                                                "Actual Rows": 7,
                                                "Actual Loops": 1,
                                                "Shared Hit Blocks": 1652,
                                                "Shared Read Blocks": 24,
                                                "Shared Dirtied Blocks": 0,
                                                "Shared Written Blocks": 0,
                                                "Local Hit Blocks": 0,
                                                "Local Read Blocks": 0,
                                                "Local Dirtied Blocks": 0,
                                                "Local Written Blocks": 0,
                                                "Temp Read Blocks": 0,
                                                "Temp Written Blocks": 0,
                                                "WAL Records": 0,
                                                "WAL FPI": 0,
                                                "WAL Bytes": 0
                                            }
                                        ]
                                    }
                                ]
                            },
                            "Settings": {},
                            "Planning": {
                                "Shared Hit Blocks": 0,
                                "Shared Read Blocks": 0,
                                "Shared Dirtied Blocks": 0,
                                "Shared Written Blocks": 0,
                                "Local Hit Blocks": 0,
                                "Local Read Blocks": 0,
                                "Local Dirtied Blocks": 0,
                                "Local Written Blocks": 0,
                                "Temp Read Blocks": 0,
                                "Temp Written Blocks": 0
                            },
                            "Planning Time": 0.028,
                            "Triggers": [],
                            "Execution Time": 14.713
                        },
                        "all_ftr_time": 0.017648800000000003,
                        "any_ftr_time": 0.06870649999999999,
                        "exact_ftr_time": 0.015381299999999999
                    },
                    "2000000": {
                        "all_time": 0.03436947090085596,
                        "any_time": 0.04099468777421862,
                        "exact_time": 0.032866741460748014,
                        "table_size": 133169152.0,
                        "index_time": 6.25033862888813e-07,
                        "all_explanation": {
                            "Plan": {
                                "Node Type": "Gather",
                                "Parallel Aware": false,
                                "Async Capable": false,
                                "Startup Cost": 1000.0,
                                "Total Cost": 25311.01,
                                "Plan Rows": 10000,
                                "Plan Width": 12,
                                "Actual Startup Time": 0.207,
                                "Actual Total Time": 29.672,
                                "Actual Rows": 1963,
                                "Actual Loops": 1,
                                "Output": [
                                    "id",
                                    "flags"
                                ],
                                "Workers Planned": 2,
                                "Workers Launched": 2,
                                "Single Copy": false,
                                "Shared Hit Blocks": 4768,
                                "Shared Read Blocks": 6043,
                                "Shared Dirtied Blocks": 0,
                                "Shared Written Blocks": 0,
                                "Local Hit Blocks": 0,
                                "Local Read Blocks": 0,
                                "Local Dirtied Blocks": 0,
                                "Local Written Blocks": 0,
                                "Temp Read Blocks": 0,
                                "Temp Written Blocks": 0,
                                "WAL Records": 0,
                                "WAL FPI": 0,
                                "WAL Bytes": 0,
                                "Plans": [
                                    {
                                        "Node Type": "Seq Scan",
                                        "Parent Relationship": "Outer",
                                        "Parallel Aware": true,
                                        "Async Capable": false,
                                        "Relation Name": "django_enum_tests_benchmark_flagtester015",
                                        "Schema": "public",
                                        "Alias": "django_enum_tests_benchmark_flagtester015",
                                        "Startup Cost": 0.0,
                                        "Total Cost": 23311.01,
                                        "Plan Rows": 4167,
                                        "Plan Width": 12,
                                        "Actual Startup Time": 0.074,
                                        "Actual Total Time": 27.541,
                                        "Actual Rows": 654,
                                        "Actual Loops": 3,
                                        "Output": [
                                            "id",
                                            "flags"
                                        ],
                                        "Filter": "((django_enum_tests_benchmark_flagtester015.flags & 29595) = 29595)",
                                        "Rows Removed by Filter": 666013,
                                        "Shared Hit Blocks": 4768,
                                        "Shared Read Blocks": 6043,
                                        "Shared Dirtied Blocks": 0,
                                        "Shared Written Blocks": 0,
                                        "Local Hit Blocks": 0,
                                        "Local Read Blocks": 0,
                                        "Local Dirtied Blocks": 0,
                                        "Local Written Blocks": 0,
                                        "Temp Read Blocks": 0,
                                        "Temp Written Blocks": 0,
                                        "WAL Records": 0,
                                        "WAL FPI": 0,
                                        "WAL Bytes": 0,
                                        "Workers": [
                                            {
                                                "Worker Number": 0,
                                                "Actual Startup Time": 0.021,
                                                "Actual Total Time": 27.007,
                                                "Actual Rows": 642,
                                                "Actual Loops": 1,
                                                "Shared Hit Blocks": 1540,
                                                "Shared Read Blocks": 1944,
                                                "Shared Dirtied Blocks": 0,
                                                "Shared Written Blocks": 0,
                                                "Local Hit Blocks": 0,
                                                "Local Read Blocks": 0,
                                                "Local Dirtied Blocks": 0,
                                                "Local Written Blocks": 0,
                                                "Temp Read Blocks": 0,
                                                "Temp Written Blocks": 0,
                                                "WAL Records": 0,
                                                "WAL FPI": 0,
                                                "WAL Bytes": 0
                                            },
                                            {
                                                "Worker Number": 1,
                                                "Actual Startup Time": 0.047,
                                                "Actual Total Time": 26.985,
                                                "Actual Rows": 636,
                                                "Actual Loops": 1,
                                                "Shared Hit Blocks": 1538,
                                                "Shared Read Blocks": 1939,
                                                "Shared Dirtied Blocks": 0,
                                                "Shared Written Blocks": 0,
                                                "Local Hit Blocks": 0,
                                                "Local Read Blocks": 0,
                                                "Local Dirtied Blocks": 0,
                                                "Local Written Blocks": 0,
                                                "Temp Read Blocks": 0,
                                                "Temp Written Blocks": 0,
                                                "WAL Records": 0,
                                                "WAL FPI": 0,
                                                "WAL Bytes": 0
                                            }
                                        ]
                                    }
                                ]
                            },
                            "Settings": {},
                            "Planning": {
                                "Shared Hit Blocks": 0,
                                "Shared Read Blocks": 0,
                                "Shared Dirtied Blocks": 0,
                                "Shared Written Blocks": 0,
                                "Local Hit Blocks": 0,
                                "Local Read Blocks": 0,
                                "Local Dirtied Blocks": 0,
                                "Local Written Blocks": 0,
                                "Temp Read Blocks": 0,
                                "Temp Written Blocks": 0
                            },
                            "Planning Time": 0.03,
                            "Triggers": [],
                            "Execution Time": 29.723
                        },
                        "any_explanation": {
                            "Plan": {
                                "Node Type": "Seq Scan",
                                "Parallel Aware": false,
                                "Async Capable": false,
                                "Relation Name": "django_enum_tests_benchmark_flagtester015",
                                "Schema": "public",
                                "Alias": "django_enum_tests_benchmark_flagtester015",
                                "Startup Cost": 0.0,
                                "Total Cost": 40811.01,
                                "Plan Rows": 666667,
                                "Plan Width": 12,
                                "Actual Startup Time": 0.01,
                                "Actual Total Time": 99.798,
                                "Actual Rows": 1998066,
                                "Actual Loops": 1,
                                "Output": [
                                    "id",
                                    "flags"
                                ],
                                "Filter": "((django_enum_tests_benchmark_flagtester015.flags & 29595) > 0)",
                                "Rows Removed by Filter": 1935,
                                "Shared Hit Blocks": 4960,
                                "Shared Read Blocks": 5851,
                                "Shared Dirtied Blocks": 0,
                                "Shared Written Blocks": 0,
                                "Local Hit Blocks": 0,
                                "Local Read Blocks": 0,
                                "Local Dirtied Blocks": 0,
                                "Local Written Blocks": 0,
                                "Temp Read Blocks": 0,
                                "Temp Written Blocks": 0,
                                "WAL Records": 0,
                                "WAL FPI": 0,
                                "WAL Bytes": 0
                            },
                            "Settings": {},
                            "Planning": {
                                "Shared Hit Blocks": 0,
                                "Shared Read Blocks": 0,
                                "Shared Dirtied Blocks": 0,
                                "Shared Written Blocks": 0,
                                "Local Hit Blocks": 0,
                                "Local Read Blocks": 0,
                                "Local Dirtied Blocks": 0,
                                "Local Written Blocks": 0,
                                "Temp Read Blocks": 0,
                                "Temp Written Blocks": 0
                            },
                            "Planning Time": 0.025,
                            "Triggers": [],
                            "Execution Time": 139.54
                        },
                        "exact_explanation": {
                            "Plan": {
                                "Node Type": "Gather",
                                "Parallel Aware": false,
                                "Async Capable": false,
                                "Startup Cost": 1000.0,
                                "Total Cost": 22227.77,
                                "Plan Rows": 1,
                                "Plan Width": 12,
                                "Actual Startup Time": 2.881,
                                "Actual Total Time": 28.333,
                                "Actual Rows": 28,
                                "Actual Loops": 1,
                                "Output": [
                                    "id",
                                    "flags"
                                ],
                                "Workers Planned": 2,
                                "Workers Launched": 2,
                                "Single Copy": false,
                                "Shared Hit Blocks": 5088,
                                "Shared Read Blocks": 5723,
                                "Shared Dirtied Blocks": 0,
                                "Shared Written Blocks": 0,
                                "Local Hit Blocks": 0,
                                "Local Read Blocks": 0,
                                "Local Dirtied Blocks": 0,
                                "Local Written Blocks": 0,
                                "Temp Read Blocks": 0,
                                "Temp Written Blocks": 0,
                                "WAL Records": 0,
                                "WAL FPI": 0,
                                "WAL Bytes": 0,
                                "Plans": [
                                    {
                                        "Node Type": "Seq Scan",
                                        "Parent Relationship": "Outer",
                                        "Parallel Aware": true,
                                        "Async Capable": false,
                                        "Relation Name": "django_enum_tests_benchmark_flagtester015",
                                        "Schema": "public",
                                        "Alias": "django_enum_tests_benchmark_flagtester015",
                                        "Startup Cost": 0.0,
                                        "Total Cost": 21227.67,
                                        "Plan Rows": 1,
                                        "Plan Width": 12,
                                        "Actual Startup Time": 1.996,
                                        "Actual Total Time": 26.317,
                                        "Actual Rows": 9,
                                        "Actual Loops": 3,
                                        "Output": [
                                            "id",
                                            "flags"
                                        ],
                                        "Filter": "(django_enum_tests_benchmark_flagtester015.flags = 29595)",
                                        "Rows Removed by Filter": 666658,
                                        "Shared Hit Blocks": 5088,
                                        "Shared Read Blocks": 5723,
                                        "Shared Dirtied Blocks": 0,
                                        "Shared Written Blocks": 0,
                                        "Local Hit Blocks": 0,
                                        "Local Read Blocks": 0,
                                        "Local Dirtied Blocks": 0,
                                        "Local Written Blocks": 0,
                                        "Temp Read Blocks": 0,
                                        "Temp Written Blocks": 0,
                                        "WAL Records": 0,
                                        "WAL FPI": 0,
                                        "WAL Bytes": 0,
                                        "Workers": [
                                            {
                                                "Worker Number": 0,
                                                "Actual Startup Time": 1.594,
                                                "Actual Total Time": 25.716,
                                                "Actual Rows": 14,
                                                "Actual Loops": 1,
                                                "Shared Hit Blocks": 1644,
                                                "Shared Read Blocks": 1824,
                                                "Shared Dirtied Blocks": 0,
                                                "Shared Written Blocks": 0,
                                                "Local Hit Blocks": 0,
                                                "Local Read Blocks": 0,
                                                "Local Dirtied Blocks": 0,
                                                "Local Written Blocks": 0,
                                                "Temp Read Blocks": 0,
                                                "Temp Written Blocks": 0,
                                                "WAL Records": 0,
                                                "WAL FPI": 0,
                                                "WAL Bytes": 0
                                            },
                                            {
                                                "Worker Number": 1,
                                                "Actual Startup Time": 1.559,
                                                "Actual Total Time": 25.779,
                                                "Actual Rows": 6,
                                                "Actual Loops": 1,
                                                "Shared Hit Blocks": 1636,
                                                "Shared Read Blocks": 1835,
                                                "Shared Dirtied Blocks": 0,
                                                "Shared Written Blocks": 0,
                                                "Local Hit Blocks": 0,
                                                "Local Read Blocks": 0,
                                                "Local Dirtied Blocks": 0,
                                                "Local Written Blocks": 0,
                                                "Temp Read Blocks": 0,
                                                "Temp Written Blocks": 0,
                                                "WAL Records": 0,
                                                "WAL FPI": 0,
                                                "WAL Bytes": 0
                                            }
                                        ]
                                    }
                                ]
                            },
                            "Settings": {},
                            "Planning": {
                                "Shared Hit Blocks": 0,
                                "Shared Read Blocks": 0,
                                "Shared Dirtied Blocks": 0,
                                "Shared Written Blocks": 0,
                                "Local Hit Blocks": 0,
                                "Local Read Blocks": 0,
                                "Local Dirtied Blocks": 0,
                                "Local Written Blocks": 0,
                                "Temp Read Blocks": 0,
                                "Temp Written Blocks": 0
                            },
                            "Planning Time": 0.028,
                            "Triggers": [],
                            "Execution Time": 28.34
                        },
                        "all_ftr_time": 0.0369653,
                        "any_ftr_time": 0.13878459999999998,
                        "exact_ftr_time": 0.029061699999999992
                    },
                    "4000000": {
                        "all_time": 0.0639162375824526,
                        "any_time": 0.07700133334146812,
                        "exact_time": 0.061453820823226125,
                        "table_size": 267386880.0,
                        "index_time": 6.660120561718941e-07,
                        "all_explanation": {
                            "Plan": {
                                "Node Type": "Gather",
                                "Parallel Aware": false,
                                "Async Capable": false,
                                "Startup Cost": 1000.0,
                                "Total Cost": 49622.01,
                                "Plan Rows": 20000,
                                "Plan Width": 12,
                                "Actual Startup Time": 0.088,
                                "Actual Total Time": 59.56,
                                "Actual Rows": 3918,
                                "Actual Loops": 1,
                                "Output": [
                                    "id",
                                    "flags"
                                ],
                                "Workers Planned": 2,
                                "Workers Launched": 2,
                                "Single Copy": false,
                                "Shared Hit Blocks": 4768,
                                "Shared Read Blocks": 16854,
                                "Shared Dirtied Blocks": 0,
                                "Shared Written Blocks": 0,
                                "Local Hit Blocks": 0,
                                "Local Read Blocks": 0,
                                "Local Dirtied Blocks": 0,
                                "Local Written Blocks": 0,
                                "Temp Read Blocks": 0,
                                "Temp Written Blocks": 0,
                                "WAL Records": 0,
                                "WAL FPI": 0,
                                "WAL Bytes": 0,
                                "Plans": [
                                    {
                                        "Node Type": "Seq Scan",
                                        "Parent Relationship": "Outer",
                                        "Parallel Aware": true,
                                        "Async Capable": false,
                                        "Relation Name": "django_enum_tests_benchmark_flagtester015",
                                        "Schema": "public",
                                        "Alias": "django_enum_tests_benchmark_flagtester015",
                                        "Startup Cost": 0.0,
                                        "Total Cost": 46622.01,
                                        "Plan Rows": 8333,
                                        "Plan Width": 12,
                                        "Actual Startup Time": 0.093,
                                        "Actual Total Time": 57.172,
                                        "Actual Rows": 1306,
                                        "Actual Loops": 3,
                                        "Output": [
                                            "id",
                                            "flags"
                                        ],
                                        "Filter": "((django_enum_tests_benchmark_flagtester015.flags & 60316) = 60316)",
                                        "Rows Removed by Filter": 1332028,
                                        "Shared Hit Blocks": 4768,
                                        "Shared Read Blocks": 16854,
                                        "Shared Dirtied Blocks": 0,
                                        "Shared Written Blocks": 0,
                                        "Local Hit Blocks": 0,
                                        "Local Read Blocks": 0,
                                        "Local Dirtied Blocks": 0,
                                        "Local Written Blocks": 0,
                                        "Temp Read Blocks": 0,
                                        "Temp Written Blocks": 0,
                                        "WAL Records": 0,
                                        "WAL FPI": 0,
                                        "WAL Bytes": 0,
                                        "Workers": [
                                            {
                                                "Worker Number": 0,
                                                "Actual Startup Time": 0.043,
                                                "Actual Total Time": 56.724,
                                                "Actual Rows": 1275,
                                                "Actual Loops": 1,
                                                "Shared Hit Blocks": 1531,
                                                "Shared Read Blocks": 5552,
                                                "Shared Dirtied Blocks": 0,
                                                "Shared Written Blocks": 0,
                                                "Local Hit Blocks": 0,
                                                "Local Read Blocks": 0,
                                                "Local Dirtied Blocks": 0,
                                                "Local Written Blocks": 0,
                                                "Temp Read Blocks": 0,
                                                "Temp Written Blocks": 0,
                                                "WAL Records": 0,
                                                "WAL FPI": 0,
                                                "WAL Bytes": 0
                                            },
                                            {
                                                "Worker Number": 1,
                                                "Actual Startup Time": 0.193,
                                                "Actual Total Time": 56.509,
                                                "Actual Rows": 1286,
                                                "Actual Loops": 1,
                                                "Shared Hit Blocks": 1534,
                                                "Shared Read Blocks": 5526,
                                                "Shared Dirtied Blocks": 0,
                                                "Shared Written Blocks": 0,
                                                "Local Hit Blocks": 0,
                                                "Local Read Blocks": 0,
                                                "Local Dirtied Blocks": 0,
                                                "Local Written Blocks": 0,
                                                "Temp Read Blocks": 0,
                                                "Temp Written Blocks": 0,
                                                "WAL Records": 0,
                                                "WAL FPI": 0,
                                                "WAL Bytes": 0
                                            }
                                        ]
                                    }
                                ]
                            },
                            "Settings": {},
                            "Planning": {
                                "Shared Hit Blocks": 0,
                                "Shared Read Blocks": 0,
                                "Shared Dirtied Blocks": 0,
                                "Shared Written Blocks": 0,
                                "Local Hit Blocks": 0,
                                "Local Read Blocks": 0,
                                "Local Dirtied Blocks": 0,
                                "Local Written Blocks": 0,
                                "Temp Read Blocks": 0,
                                "Temp Written Blocks": 0
                            },
                            "Planning Time": 0.027,
                            "Triggers": [],
                            "Execution Time": 59.657
                        },
                        "any_explanation": {
                            "Plan": {
                                "Node Type": "Seq Scan",
                                "Parallel Aware": false,
                                "Async Capable": false,
                                "Relation Name": "django_enum_tests_benchmark_flagtester015",
                                "Schema": "public",
                                "Alias": "django_enum_tests_benchmark_flagtester015",
                                "Startup Cost": 0.0,
                                "Total Cost": 81622.01,
                                "Plan Rows": 1333334,
                                "Plan Width": 12,
                                "Actual Startup Time": 0.008,
                                "Actual Total Time": 199.014,
                                "Actual Rows": 3996129,
                                "Actual Loops": 1,
                                "Output": [
                                    "id",
                                    "flags"
                                ],
                                "Filter": "((django_enum_tests_benchmark_flagtester015.flags & 60316) > 0)",
                                "Rows Removed by Filter": 3872,
                                "Shared Hit Blocks": 4960,
                                "Shared Read Blocks": 16662,
                                "Shared Dirtied Blocks": 0,
                                "Shared Written Blocks": 0,
                                "Local Hit Blocks": 0,
                                "Local Read Blocks": 0,
                                "Local Dirtied Blocks": 0,
                                "Local Written Blocks": 0,
                                "Temp Read Blocks": 0,
                                "Temp Written Blocks": 0,
                                "WAL Records": 0,
                                "WAL FPI": 0,
                                "WAL Bytes": 0
                            },
                            "Settings": {},
                            "Planning": {
                                "Shared Hit Blocks": 0,
                                "Shared Read Blocks": 0,
                                "Shared Dirtied Blocks": 0,
                                "Shared Written Blocks": 0,
                                "Local Hit Blocks": 0,
                                "Local Read Blocks": 0,
                                "Local Dirtied Blocks": 0,
                                "Local Written Blocks": 0,
                                "Temp Read Blocks": 0,
                                "Temp Written Blocks": 0
                            },
                            "Planning Time": 0.024,
                            "Triggers": [],
                            "Execution Time": 278.579
                        },
                        "exact_explanation": {
                            "Plan": {
                                "Node Type": "Gather",
                                "Parallel Aware": false,
                                "Async Capable": false,
                                "Startup Cost": 1000.0,
                                "Total Cost": 43461.54,
                                "Plan Rows": 62,
                                "Plan Width": 12,
                                "Actual Startup Time": 0.579,
                                "Actual Total Time": 56.006,
                                "Actual Rows": 63,
                                "Actual Loops": 1,
                                "Output": [
                                    "id",
                                    "flags"
                                ],
                                "Workers Planned": 2,
                                "Workers Launched": 2,
                                "Single Copy": false,
                                "Shared Hit Blocks": 5088,
                                "Shared Read Blocks": 16534,
                                "Shared Dirtied Blocks": 0,
                                "Shared Written Blocks": 0,
                                "Local Hit Blocks": 0,
                                "Local Read Blocks": 0,
                                "Local Dirtied Blocks": 0,
                                "Local Written Blocks": 0,
                                "Temp Read Blocks": 0,
                                "Temp Written Blocks": 0,
                                "WAL Records": 0,
                                "WAL FPI": 0,
                                "WAL Bytes": 0,
                                "Plans": [
                                    {
                                        "Node Type": "Seq Scan",
                                        "Parent Relationship": "Outer",
                                        "Parallel Aware": true,
                                        "Async Capable": false,
                                        "Relation Name": "django_enum_tests_benchmark_flagtester015",
                                        "Schema": "public",
                                        "Alias": "django_enum_tests_benchmark_flagtester015",
                                        "Startup Cost": 0.0,
                                        "Total Cost": 42455.34,
                                        "Plan Rows": 26,
                                        "Plan Width": 12,
                                        "Actual Startup Time": 1.34,
                                        "Actual Total Time": 53.934,
                                        "Actual Rows": 21,
                                        "Actual Loops": 3,
                                        "Output": [
                                            "id",
                                            "flags"
                                        ],
                                        "Filter": "(django_enum_tests_benchmark_flagtester015.flags = 60316)",
                                        "Rows Removed by Filter": 1333313,
                                        "Shared Hit Blocks": 5088,
                                        "Shared Read Blocks": 16534,
                                        "Shared Dirtied Blocks": 0,
                                        "Shared Written Blocks": 0,
                                        "Local Hit Blocks": 0,
                                        "Local Read Blocks": 0,
                                        "Local Dirtied Blocks": 0,
                                        "Local Written Blocks": 0,
                                        "Temp Read Blocks": 0,
                                        "Temp Written Blocks": 0,
                                        "WAL Records": 0,
                                        "WAL FPI": 0,
                                        "WAL Bytes": 0,
                                        "Workers": [
                                            {
                                                "Worker Number": 0,
                                                "Actual Startup Time": 3.423,
                                                "Actual Total Time": 53.325,
                                                "Actual Rows": 21,
                                                "Actual Loops": 1,
                                                "Shared Hit Blocks": 1635,
                                                "Shared Read Blocks": 5430,
                                                "Shared Dirtied Blocks": 0,
                                                "Shared Written Blocks": 0,
                                                "Local Hit Blocks": 0,
                                                "Local Read Blocks": 0,
                                                "Local Dirtied Blocks": 0,
                                                "Local Written Blocks": 0,
                                                "Temp Read Blocks": 0,
                                                "Temp Written Blocks": 0,
                                                "WAL Records": 0,
                                                "WAL FPI": 0,
                                                "WAL Bytes": 0
                                            },
                                            {
                                                "Worker Number": 1,
                                                "Actual Startup Time": 0.064,
                                                "Actual Total Time": 53.375,
                                                "Actual Rows": 18,
                                                "Actual Loops": 1,
                                                "Shared Hit Blocks": 1634,
                                                "Shared Read Blocks": 5440,
                                                "Shared Dirtied Blocks": 0,
                                                "Shared Written Blocks": 0,
                                                "Local Hit Blocks": 0,
                                                "Local Read Blocks": 0,
                                                "Local Dirtied Blocks": 0,
                                                "Local Written Blocks": 0,
                                                "Temp Read Blocks": 0,
                                                "Temp Written Blocks": 0,
                                                "WAL Records": 0,
                                                "WAL FPI": 0,
                                                "WAL Bytes": 0
                                            }
                                        ]
                                    }
                                ]
                            },
                            "Settings": {},
                            "Planning": {
                                "Shared Hit Blocks": 0,
                                "Shared Read Blocks": 0,
                                "Shared Dirtied Blocks": 0,
                                "Shared Written Blocks": 0,
                                "Local Hit Blocks": 0,
                                "Local Read Blocks": 0,
                                "Local Dirtied Blocks": 0,
                                "Local Written Blocks": 0,
                                "Temp Read Blocks": 0,
                                "Temp Written Blocks": 0
                            },
                            "Planning Time": 0.028,
                            "Triggers": [],
                            "Execution Time": 56.014
                        },
                        "all_ftr_time": 0.06643930000000002,
                        "any_ftr_time": 0.2801488,
                        "exact_ftr_time": 0.057215100000000005
                    },
                    "6000000": {
                        "all_time": 0.09292835402302443,
                        "any_time": 0.11280327528947964,
                        "exact_time": 0.08980878340080381,
                        "table_size": 400556032.0,
                        "index_time": 6.25033862888813e-07,
                        "all_explanation": {
                            "Plan": {
                                "Node Type": "Gather",
                                "Parallel Aware": false,
                                "Async Capable": false,
                                "Startup Cost": 1000.0,
                                "Total Cost": 73933.01,
                                "Plan Rows": 30000,
                                "Plan Width": 12,
                                "Actual Startup Time": 0.058,
                                "Actual Total Time": 92.898,
                                "Actual Rows": 94160,
                                "Actual Loops": 1,
                                "Output": [
                                    "id",
                                    "flags"
                                ],
                                "Workers Planned": 2,
                                "Workers Launched": 2,
                                "Single Copy": false,
                                "Shared Hit Blocks": 4768,
                                "Shared Read Blocks": 27665,
                                "Shared Dirtied Blocks": 0,
                                "Shared Written Blocks": 0,
                                "Local Hit Blocks": 0,
                                "Local Read Blocks": 0,
                                "Local Dirtied Blocks": 0,
                                "Local Written Blocks": 0,
                                "Temp Read Blocks": 0,
                                "Temp Written Blocks": 0,
                                "WAL Records": 0,
                                "WAL FPI": 0,
                                "WAL Bytes": 0,
                                "Plans": [
                                    {
                                        "Node Type": "Seq Scan",
                                        "Parent Relationship": "Outer",
                                        "Parallel Aware": true,
                                        "Async Capable": false,
                                        "Relation Name": "django_enum_tests_benchmark_flagtester015",
                                        "Schema": "public",
                                        "Alias": "django_enum_tests_benchmark_flagtester015",
                                        "Startup Cost": 0.0,
                                        "Total Cost": 69933.01,
                                        "Plan Rows": 12500,
                                        "Plan Width": 12,
                                        "Actual Startup Time": 0.018,
                                        "Actual Total Time": 86.074,
                                        "Actual Rows": 31387,
                                        "Actual Loops": 3,
                                        "Output": [
                                            "id",
                                            "flags"
                                        ],
                                        "Filter": "((django_enum_tests_benchmark_flagtester015.flags & 26886) = 26886)",
                                        "Rows Removed by Filter": 1968614,
                                        "Shared Hit Blocks": 4768,
                                        "Shared Read Blocks": 27665,
                                        "Shared Dirtied Blocks": 0,
                                        "Shared Written Blocks": 0,
                                        "Local Hit Blocks": 0,
                                        "Local Read Blocks": 0,
                                        "Local Dirtied Blocks": 0,
                                        "Local Written Blocks": 0,
                                        "Temp Read Blocks": 0,
                                        "Temp Written Blocks": 0,
                                        "WAL Records": 0,
                                        "WAL FPI": 0,
                                        "WAL Bytes": 0,
                                        "Workers": [
                                            {
                                                "Worker Number": 0,
                                                "Actual Startup Time": 0.021,
                                                "Actual Total Time": 86.749,
                                                "Actual Rows": 31316,
                                                "Actual Loops": 1,
                                                "Shared Hit Blocks": 1571,
                                                "Shared Read Blocks": 9296,
                                                "Shared Dirtied Blocks": 0,
                                                "Shared Written Blocks": 0,
                                                "Local Hit Blocks": 0,
                                                "Local Read Blocks": 0,
                                                "Local Dirtied Blocks": 0,
                                                "Local Written Blocks": 0,
                                                "Temp Read Blocks": 0,
                                                "Temp Written Blocks": 0,
                                                "WAL Records": 0,
                                                "WAL FPI": 0,
                                                "WAL Bytes": 0
                                            },
                                            {
                                                "Worker Number": 1,
                                                "Actual Startup Time": 0.024,
                                                "Actual Total Time": 86.759,
                                                "Actual Rows": 31837,
                                                "Actual Loops": 1,
                                                "Shared Hit Blocks": 1568,
                                                "Shared Read Blocks": 9312,
                                                "Shared Dirtied Blocks": 0,
                                                "Shared Written Blocks": 0,
                                                "Local Hit Blocks": 0,
                                                "Local Read Blocks": 0,
                                                "Local Dirtied Blocks": 0,
                                                "Local Written Blocks": 0,
                                                "Temp Read Blocks": 0,
                                                "Temp Written Blocks": 0,
                                                "WAL Records": 0,
                                                "WAL FPI": 0,
                                                "WAL Bytes": 0
                                            }
                                        ]
                                    }
                                ]
                            },
                            "Settings": {},
                            "Planning": {
                                "Shared Hit Blocks": 0,
                                "Shared Read Blocks": 0,
                                "Shared Dirtied Blocks": 0,
                                "Shared Written Blocks": 0,
                                "Local Hit Blocks": 0,
                                "Local Read Blocks": 0,
                                "Local Dirtied Blocks": 0,
                                "Local Written Blocks": 0,
                                "Temp Read Blocks": 0,
                                "Temp Written Blocks": 0
                            },
                            "Planning Time": 0.03,
                            "Triggers": [],
                            "Execution Time": 95.005
                        },
                        "any_explanation": {
                            "Plan": {
                                "Node Type": "Seq Scan",
                                "Parallel Aware": false,
                                "Async Capable": false,
                                "Relation Name": "django_enum_tests_benchmark_flagtester015",
                                "Schema": "public",
                                "Alias": "django_enum_tests_benchmark_flagtester015",
                                "Startup Cost": 0.0,
                                "Total Cost": 122433.01,
                                "Plan Rows": 2000000,
                                "Plan Width": 12,
                                "Actual Startup Time": 0.007,
                                "Actual Total Time": 301.408,
                                "Actual Rows": 5906708,
                                "Actual Loops": 1,
                                "Output": [
                                    "id",
                                    "flags"
                                ],
                                "Filter": "((django_enum_tests_benchmark_flagtester015.flags & 26886) > 0)",
                                "Rows Removed by Filter": 93293,
                                "Shared Hit Blocks": 4960,
                                "Shared Read Blocks": 27473,
                                "Shared Dirtied Blocks": 0,
                                "Shared Written Blocks": 0,
                                "Local Hit Blocks": 0,
                                "Local Read Blocks": 0,
                                "Local Dirtied Blocks": 0,
                                "Local Written Blocks": 0,
                                "Temp Read Blocks": 0,
                                "Temp Written Blocks": 0,
                                "WAL Records": 0,
                                "WAL FPI": 0,
                                "WAL Bytes": 0
                            },
                            "Settings": {},
                            "Planning": {
                                "Shared Hit Blocks": 0,
                                "Shared Read Blocks": 0,
                                "Shared Dirtied Blocks": 0,
                                "Shared Written Blocks": 0,
                                "Local Hit Blocks": 0,
                                "Local Read Blocks": 0,
                                "Local Dirtied Blocks": 0,
                                "Local Written Blocks": 0,
                                "Temp Read Blocks": 0,
                                "Temp Written Blocks": 0
                            },
                            "Planning Time": 0.024,
                            "Triggers": [],
                            "Execution Time": 419.587
                        },
                        "exact_explanation": {
                            "Plan": {
                                "Node Type": "Gather",
                                "Parallel Aware": false,
                                "Async Capable": false,
                                "Startup Cost": 1000.0,
                                "Total Cost": 64692.41,
                                "Plan Rows": 94,
                                "Plan Width": 12,
                                "Actual Startup Time": 0.753,
                                "Actual Total Time": 83.785,
                                "Actual Rows": 87,
                                "Actual Loops": 1,
                                "Output": [
                                    "id",
                                    "flags"
                                ],
                                "Workers Planned": 2,
                                "Workers Launched": 2,
                                "Single Copy": false,
                                "Shared Hit Blocks": 5088,
                                "Shared Read Blocks": 27345,
                                "Shared Dirtied Blocks": 0,
                                "Shared Written Blocks": 0,
                                "Local Hit Blocks": 0,
                                "Local Read Blocks": 0,
                                "Local Dirtied Blocks": 0,
                                "Local Written Blocks": 0,
                                "Temp Read Blocks": 0,
                                "Temp Written Blocks": 0,
                                "WAL Records": 0,
                                "WAL FPI": 0,
                                "WAL Bytes": 0,
                                "Plans": [
                                    {
                                        "Node Type": "Seq Scan",
                                        "Parent Relationship": "Outer",
                                        "Parallel Aware": true,
                                        "Async Capable": false,
                                        "Relation Name": "django_enum_tests_benchmark_flagtester015",
                                        "Schema": "public",
                                        "Alias": "django_enum_tests_benchmark_flagtester015",
                                        "Startup Cost": 0.0,
                                        "Total Cost": 63683.01,
                                        "Plan Rows": 39,
                                        "Plan Width": 12,
                                        "Actual Startup Time": 3.016,
                                        "Actual Total Time": 81.68,
                                        "Actual Rows": 29,
                                        "Actual Loops": 3,
                                        "Output": [
                                            "id",
                                            "flags"
                                        ],
                                        "Filter": "(django_enum_tests_benchmark_flagtester015.flags = 26886)",
                                        "Rows Removed by Filter": 1999971,
                                        "Shared Hit Blocks": 5088,
                                        "Shared Read Blocks": 27345,
                                        "Shared Dirtied Blocks": 0,
                                        "Shared Written Blocks": 0,
                                        "Local Hit Blocks": 0,
                                        "Local Read Blocks": 0,
                                        "Local Dirtied Blocks": 0,
                                        "Local Written Blocks": 0,
                                        "Temp Read Blocks": 0,
                                        "Temp Written Blocks": 0,
                                        "WAL Records": 0,
                                        "WAL FPI": 0,
                                        "WAL Bytes": 0,
                                        "Workers": [
                                            {
                                                "Worker Number": 0,
                                                "Actual Startup Time": 8.286,
                                                "Actual Total Time": 81.075,
                                                "Actual Rows": 25,
                                                "Actual Loops": 1,
                                                "Shared Hit Blocks": 1640,
                                                "Shared Read Blocks": 9024,
                                                "Shared Dirtied Blocks": 0,
                                                "Shared Written Blocks": 0,
                                                "Local Hit Blocks": 0,
                                                "Local Read Blocks": 0,
                                                "Local Dirtied Blocks": 0,
                                                "Local Written Blocks": 0,
                                                "Temp Read Blocks": 0,
                                                "Temp Written Blocks": 0,
                                                "WAL Records": 0,
                                                "WAL FPI": 0,
                                                "WAL Bytes": 0
                                            },
                                            {
                                                "Worker Number": 1,
                                                "Actual Startup Time": 0.056,
                                                "Actual Total Time": 81.11,
                                                "Actual Rows": 28,
                                                "Actual Loops": 1,
                                                "Shared Hit Blocks": 1646,
                                                "Shared Read Blocks": 9041,
                                                "Shared Dirtied Blocks": 0,
                                                "Shared Written Blocks": 0,
                                                "Local Hit Blocks": 0,
                                                "Local Read Blocks": 0,
                                                "Local Dirtied Blocks": 0,
                                                "Local Written Blocks": 0,
                                                "Temp Read Blocks": 0,
                                                "Temp Written Blocks": 0,
                                                "WAL Records": 0,
                                                "WAL FPI": 0,
                                                "WAL Bytes": 0
                                            }
                                        ]
                                    }
                                ]
                            },
                            "Settings": {},
                            "Planning": {
                                "Shared Hit Blocks": 0,
                                "Shared Read Blocks": 0,
                                "Shared Dirtied Blocks": 0,
                                "Shared Written Blocks": 0,
                                "Local Hit Blocks": 0,
                                "Local Read Blocks": 0,
                                "Local Dirtied Blocks": 0,
                                "Local Written Blocks": 0,
                                "Temp Read Blocks": 0,
                                "Temp Written Blocks": 0
                            },
                            "Planning Time": 0.033,
                            "Triggers": [],
                            "Execution Time": 83.795
                        },
                        "all_ftr_time": 0.0949513,
                        "any_ftr_time": 0.42067899999999997,
                        "exact_ftr_time": 0.0848722
                    },
                    "8000000": {
                        "all_time": 0.12202147068455815,
                        "any_time": 0.14882111680926755,
                        "exact_time": 0.11960492519428953,
                        "table_size": 533725184.0,
                        "index_time": 8.749775588512421e-07,
                        "all_explanation": {
                            "Plan": {
                                "Node Type": "Gather",
                                "Parallel Aware": false,
                                "Async Capable": false,
                                "Startup Cost": 1000.0,
                                "Total Cost": 98244.01,
                                "Plan Rows": 40000,
                                "Plan Width": 12,
                                "Actual Startup Time": 0.051,
                                "Actual Total Time": 132.729,
                                "Actual Rows": 250342,
                                "Actual Loops": 1,
                                "Output": [
                                    "id",
                                    "flags"
                                ],
                                "Workers Planned": 2,
                                "Workers Launched": 2,
                                "Single Copy": false,
                                "Shared Hit Blocks": 4768,
                                "Shared Read Blocks": 38476,
                                "Shared Dirtied Blocks": 0,
                                "Shared Written Blocks": 0,
                                "Local Hit Blocks": 0,
                                "Local Read Blocks": 0,
                                "Local Dirtied Blocks": 0,
                                "Local Written Blocks": 0,
                                "Temp Read Blocks": 0,
                                "Temp Written Blocks": 0,
                                "WAL Records": 0,
                                "WAL FPI": 0,
                                "WAL Bytes": 0,
                                "Plans": [
                                    {
                                        "Node Type": "Seq Scan",
                                        "Parent Relationship": "Outer",
                                        "Parallel Aware": true,
                                        "Async Capable": false,
                                        "Relation Name": "django_enum_tests_benchmark_flagtester015",
                                        "Schema": "public",
                                        "Alias": "django_enum_tests_benchmark_flagtester015",
                                        "Startup Cost": 0.0,
                                        "Total Cost": 93244.01,
                                        "Plan Rows": 16667,
                                        "Plan Width": 12,
                                        "Actual Startup Time": 0.016,
                                        "Actual Total Time": 117.102,
                                        "Actual Rows": 83447,
                                        "Actual Loops": 3,
                                        "Output": [
                                            "id",
                                            "flags"
                                        ],
                                        "Filter": "((django_enum_tests_benchmark_flagtester015.flags & 7426) = 7426)",
                                        "Rows Removed by Filter": 2583220,
                                        "Shared Hit Blocks": 4768,
                                        "Shared Read Blocks": 38476,
                                        "Shared Dirtied Blocks": 0,
                                        "Shared Written Blocks": 0,
                                        "Local Hit Blocks": 0,
                                        "Local Read Blocks": 0,
                                        "Local Dirtied Blocks": 0,
                                        "Local Written Blocks": 0,
                                        "Temp Read Blocks": 0,
                                        "Temp Written Blocks": 0,
                                        "WAL Records": 0,
                                        "WAL FPI": 0,
                                        "WAL Bytes": 0,
                                        "Workers": [
                                            {
                                                "Worker Number": 0,
                                                "Actual Startup Time": 0.02,
                                                "Actual Total Time": 119.824,
                                                "Actual Rows": 85612,
                                                "Actual Loops": 1,
                                                "Shared Hit Blocks": 1603,
                                                "Shared Read Blocks": 13132,
                                                "Shared Dirtied Blocks": 0,
                                                "Shared Written Blocks": 0,
                                                "Local Hit Blocks": 0,
                                                "Local Read Blocks": 0,
                                                "Local Dirtied Blocks": 0,
                                                "Local Written Blocks": 0,
                                                "Temp Read Blocks": 0,
                                                "Temp Written Blocks": 0,
                                                "WAL Records": 0,
                                                "WAL FPI": 0,
                                                "WAL Bytes": 0
                                            },
                                            {
                                                "Worker Number": 1,
                                                "Actual Startup Time": 0.019,
                                                "Actual Total Time": 120.106,
                                                "Actual Rows": 85349,
                                                "Actual Loops": 1,
                                                "Shared Hit Blocks": 1589,
                                                "Shared Read Blocks": 13184,
                                                "Shared Dirtied Blocks": 0,
                                                "Shared Written Blocks": 0,
                                                "Local Hit Blocks": 0,
                                                "Local Read Blocks": 0,
                                                "Local Dirtied Blocks": 0,
                                                "Local Written Blocks": 0,
                                                "Temp Read Blocks": 0,
                                                "Temp Written Blocks": 0,
                                                "WAL Records": 0,
                                                "WAL FPI": 0,
                                                "WAL Bytes": 0
                                            }
                                        ]
                                    }
                                ]
                            },
                            "Settings": {},
                            "Planning": {
                                "Shared Hit Blocks": 0,
                                "Shared Read Blocks": 0,
                                "Shared Dirtied Blocks": 0,
                                "Shared Written Blocks": 0,
                                "Local Hit Blocks": 0,
                                "Local Read Blocks": 0,
                                "Local Dirtied Blocks": 0,
                                "Local Written Blocks": 0,
                                "Temp Read Blocks": 0,
                                "Temp Written Blocks": 0
                            },
                            "Planning Time": 0.025,
                            "Triggers": [],
                            "Execution Time": 138.301
                        },
                        "any_explanation": {
                            "Plan": {
                                "Node Type": "Seq Scan",
                                "Parallel Aware": false,
                                "Async Capable": false,
                                "Relation Name": "django_enum_tests_benchmark_flagtester015",
                                "Schema": "public",
                                "Alias": "django_enum_tests_benchmark_flagtester015",
                                "Startup Cost": 0.0,
                                "Total Cost": 163244.02,
                                "Plan Rows": 2666667,
                                "Plan Width": 12,
                                "Actual Startup Time": 0.008,
                                "Actual Total Time": 402.659,
                                "Actual Rows": 7749733,
                                "Actual Loops": 1,
                                "Output": [
                                    "id",
                                    "flags"
                                ],
                                "Filter": "((django_enum_tests_benchmark_flagtester015.flags & 7426) > 0)",
                                "Rows Removed by Filter": 250268,
                                "Shared Hit Blocks": 4960,
                                "Shared Read Blocks": 38284,
                                "Shared Dirtied Blocks": 0,
                                "Shared Written Blocks": 0,
                                "Local Hit Blocks": 0,
                                "Local Read Blocks": 0,
                                "Local Dirtied Blocks": 0,
                                "Local Written Blocks": 0,
                                "Temp Read Blocks": 0,
                                "Temp Written Blocks": 0,
                                "WAL Records": 0,
                                "WAL FPI": 0,
                                "WAL Bytes": 0
                            },
                            "Settings": {},
                            "Planning": {
                                "Shared Hit Blocks": 0,
                                "Shared Read Blocks": 0,
                                "Shared Dirtied Blocks": 0,
                                "Shared Written Blocks": 0,
                                "Local Hit Blocks": 0,
                                "Local Read Blocks": 0,
                                "Local Dirtied Blocks": 0,
                                "Local Written Blocks": 0,
                                "Temp Read Blocks": 0,
                                "Temp Written Blocks": 0
                            },
                            "Planning Time": 0.025,
                            "Triggers": [],
                            "Execution Time": 556.793
                        },
                        "exact_explanation": {
                            "Plan": {
                                "Node Type": "Gather",
                                "Parallel Aware": false,
                                "Async Capable": false,
                                "Startup Cost": 1000.0,
                                "Total Cost": 85923.17,
                                "Plan Rows": 125,
                                "Plan Width": 12,
                                "Actual Startup Time": 3.873,
                                "Actual Total Time": 114.726,
                                "Actual Rows": 110,
                                "Actual Loops": 1,
                                "Output": [
                                    "id",
                                    "flags"
                                ],
                                "Workers Planned": 2,
                                "Workers Launched": 2,
                                "Single Copy": false,
                                "Shared Hit Blocks": 5088,
                                "Shared Read Blocks": 38156,
                                "Shared Dirtied Blocks": 0,
                                "Shared Written Blocks": 0,
                                "Local Hit Blocks": 0,
                                "Local Read Blocks": 0,
                                "Local Dirtied Blocks": 0,
                                "Local Written Blocks": 0,
                                "Temp Read Blocks": 0,
                                "Temp Written Blocks": 0,
                                "WAL Records": 0,
                                "WAL FPI": 0,
                                "WAL Bytes": 0,
                                "Plans": [
                                    {
                                        "Node Type": "Seq Scan",
                                        "Parent Relationship": "Outer",
                                        "Parallel Aware": true,
                                        "Async Capable": false,
                                        "Relation Name": "django_enum_tests_benchmark_flagtester015",
                                        "Schema": "public",
                                        "Alias": "django_enum_tests_benchmark_flagtester015",
                                        "Startup Cost": 0.0,
                                        "Total Cost": 84910.67,
                                        "Plan Rows": 52,
                                        "Plan Width": 12,
                                        "Actual Startup Time": 3.166,
                                        "Actual Total Time": 112.617,
                                        "Actual Rows": 37,
                                        "Actual Loops": 3,
                                        "Output": [
                                            "id",
                                            "flags"
                                        ],
                                        "Filter": "(django_enum_tests_benchmark_flagtester015.flags = 7426)",
                                        "Rows Removed by Filter": 2666630,
                                        "Shared Hit Blocks": 5088,
                                        "Shared Read Blocks": 38156,
                                        "Shared Dirtied Blocks": 0,
                                        "Shared Written Blocks": 0,
                                        "Local Hit Blocks": 0,
                                        "Local Read Blocks": 0,
                                        "Local Dirtied Blocks": 0,
                                        "Local Written Blocks": 0,
                                        "Temp Read Blocks": 0,
                                        "Temp Written Blocks": 0,
                                        "WAL Records": 0,
                                        "WAL FPI": 0,
                                        "WAL Bytes": 0,
                                        "Workers": [
                                            {
                                                "Worker Number": 0,
                                                "Actual Startup Time": 1.703,
                                                "Actual Total Time": 112.07,
                                                "Actual Rows": 37,
                                                "Actual Loops": 1,
                                                "Shared Hit Blocks": 1626,
                                                "Shared Read Blocks": 12652,
                                                "Shared Dirtied Blocks": 0,
                                                "Shared Written Blocks": 0,
                                                "Local Hit Blocks": 0,
                                                "Local Read Blocks": 0,
                                                "Local Dirtied Blocks": 0,
                                                "Local Written Blocks": 0,
                                                "Temp Read Blocks": 0,
                                                "Temp Written Blocks": 0,
                                                "WAL Records": 0,
                                                "WAL FPI": 0,
                                                "WAL Bytes": 0
                                            },
                                            {
                                                "Worker Number": 1,
                                                "Actual Startup Time": 3.965,
                                                "Actual Total Time": 112.011,
                                                "Actual Rows": 33,
                                                "Actual Loops": 1,
                                                "Shared Hit Blocks": 1615,
                                                "Shared Read Blocks": 12640,
                                                "Shared Dirtied Blocks": 0,
                                                "Shared Written Blocks": 0,
                                                "Local Hit Blocks": 0,
                                                "Local Read Blocks": 0,
                                                "Local Dirtied Blocks": 0,
                                                "Local Written Blocks": 0,
                                                "Temp Read Blocks": 0,
                                                "Temp Written Blocks": 0,
                                                "WAL Records": 0,
                                                "WAL FPI": 0,
                                                "WAL Bytes": 0
                                            }
                                        ]
                                    }
                                ]
                            },
                            "Settings": {},
                            "Planning": {
                                "Shared Hit Blocks": 0,
                                "Shared Read Blocks": 0,
                                "Shared Dirtied Blocks": 0,
                                "Shared Written Blocks": 0,
                                "Local Hit Blocks": 0,
                                "Local Read Blocks": 0,
                                "Local Dirtied Blocks": 0,
                                "Local Written Blocks": 0,
                                "Temp Read Blocks": 0,
                                "Temp Written Blocks": 0
                            },
                            "Planning Time": 0.028,
                            "Triggers": [],
                            "Execution Time": 114.737
                        },
                        "all_ftr_time": 0.1243561,
                        "any_ftr_time": 0.5617939,
                        "exact_ftr_time": 0.11417450000000001
                    },
                    "10000000": {
                        "all_time": 0.15157594168558716,
                        "any_time": 0.18503561678808184,
                        "exact_time": 0.1468195331748575,
                        "table_size": 667942912.0,
                        "index_time": 1.7080456018447876e-06,
                        "all_explanation": {
                            "Plan": {
                                "Node Type": "Gather",
                                "Parallel Aware": false,
                                "Async Capable": false,
                                "Startup Cost": 1000.0,
                                "Total Cost": 122555.01,
                                "Plan Rows": 50000,
                                "Plan Width": 12,
                                "Actual Startup Time": 0.058,
                                "Actual Total Time": 146.483,
                                "Actual Rows": 19516,
                                "Actual Loops": 1,
                                "Output": [
                                    "id",
                                    "flags"
                                ],
                                "Workers Planned": 2,
                                "Workers Launched": 2,
                                "Single Copy": false,
                                "Shared Hit Blocks": 4768,
                                "Shared Read Blocks": 49287,
                                "Shared Dirtied Blocks": 0,
                                "Shared Written Blocks": 0,
                                "Local Hit Blocks": 0,
                                "Local Read Blocks": 0,
                                "Local Dirtied Blocks": 0,
                                "Local Written Blocks": 0,
                                "Temp Read Blocks": 0,
                                "Temp Written Blocks": 0,
                                "WAL Records": 0,
                                "WAL FPI": 0,
                                "WAL Bytes": 0,
                                "Plans": [
                                    {
                                        "Node Type": "Seq Scan",
                                        "Parent Relationship": "Outer",
                                        "Parallel Aware": true,
                                        "Async Capable": false,
                                        "Relation Name": "django_enum_tests_benchmark_flagtester015",
                                        "Schema": "public",
                                        "Alias": "django_enum_tests_benchmark_flagtester015",
                                        "Startup Cost": 0.0,
                                        "Total Cost": 116555.01,
                                        "Plan Rows": 20833,
                                        "Plan Width": 12,
                                        "Actual Startup Time": 0.018,
                                        "Actual Total Time": 143.381,
                                        "Actual Rows": 6505,
                                        "Actual Loops": 3,
                                        "Output": [
                                            "id",
                                            "flags"
                                        ],
                                        "Filter": "((django_enum_tests_benchmark_flagtester015.flags & 45932) = 45932)",
                                        "Rows Removed by Filter": 3326828,
                                        "Shared Hit Blocks": 4768,
                                        "Shared Read Blocks": 49287,
                                        "Shared Dirtied Blocks": 0,
                                        "Shared Written Blocks": 0,
                                        "Local Hit Blocks": 0,
                                        "Local Read Blocks": 0,
                                        "Local Dirtied Blocks": 0,
                                        "Local Written Blocks": 0,
                                        "Temp Read Blocks": 0,
                                        "Temp Written Blocks": 0,
                                        "WAL Records": 0,
                                        "WAL FPI": 0,
                                        "WAL Bytes": 0,
                                        "Workers": [
                                            {
                                                "Worker Number": 0,
                                                "Actual Startup Time": 0.025,
                                                "Actual Total Time": 143.091,
                                                "Actual Rows": 6465,
                                                "Actual Loops": 1,
                                                "Shared Hit Blocks": 1544,
                                                "Shared Read Blocks": 16384,
                                                "Shared Dirtied Blocks": 0,
                                                "Shared Written Blocks": 0,
                                                "Local Hit Blocks": 0,
                                                "Local Read Blocks": 0,
                                                "Local Dirtied Blocks": 0,
                                                "Local Written Blocks": 0,
                                                "Temp Read Blocks": 0,
                                                "Temp Written Blocks": 0,
                                                "WAL Records": 0,
                                                "WAL FPI": 0,
                                                "WAL Bytes": 0
                                            },
                                            {
                                                "Worker Number": 1,
                                                "Actual Startup Time": 0.019,
                                                "Actual Total Time": 143.016,
                                                "Actual Rows": 6432,
                                                "Actual Loops": 1,
                                                "Shared Hit Blocks": 1542,
                                                "Shared Read Blocks": 16391,
                                                "Shared Dirtied Blocks": 0,
                                                "Shared Written Blocks": 0,
                                                "Local Hit Blocks": 0,
                                                "Local Read Blocks": 0,
                                                "Local Dirtied Blocks": 0,
                                                "Local Written Blocks": 0,
                                                "Temp Read Blocks": 0,
                                                "Temp Written Blocks": 0,
                                                "WAL Records": 0,
                                                "WAL FPI": 0,
                                                "WAL Bytes": 0
                                            }
                                        ]
                                    }
                                ]
                            },
                            "Settings": {},
                            "Planning": {
                                "Shared Hit Blocks": 0,
                                "Shared Read Blocks": 0,
                                "Shared Dirtied Blocks": 0,
                                "Shared Written Blocks": 0,
                                "Local Hit Blocks": 0,
                                "Local Read Blocks": 0,
                                "Local Dirtied Blocks": 0,
                                "Local Written Blocks": 0,
                                "Temp Read Blocks": 0,
                                "Temp Written Blocks": 0
                            },
                            "Planning Time": 0.03,
                            "Triggers": [],
                            "Execution Time": 146.929
                        },
                        "any_explanation": {
                            "Plan": {
                                "Node Type": "Seq Scan",
                                "Parallel Aware": false,
                                "Async Capable": false,
                                "Relation Name": "django_enum_tests_benchmark_flagtester015",
                                "Schema": "public",
                                "Alias": "django_enum_tests_benchmark_flagtester015",
                                "Startup Cost": 0.0,
                                "Total Cost": 204055.01,
                                "Plan Rows": 3333334,
                                "Plan Width": 12,
                                "Actual Startup Time": 0.008,
                                "Actual Total Time": 506.362,
                                "Actual Rows": 9980558,
                                "Actual Loops": 1,
                                "Output": [
                                    "id",
                                    "flags"
                                ],
                                "Filter": "((django_enum_tests_benchmark_flagtester015.flags & 45932) > 0)",
                                "Rows Removed by Filter": 19443,
                                "Shared Hit Blocks": 4960,
                                "Shared Read Blocks": 49095,
                                "Shared Dirtied Blocks": 0,
                                "Shared Written Blocks": 0,
                                "Local Hit Blocks": 0,
                                "Local Read Blocks": 0,
                                "Local Dirtied Blocks": 0,
                                "Local Written Blocks": 0,
                                "Temp Read Blocks": 0,
                                "Temp Written Blocks": 0,
                                "WAL Records": 0,
                                "WAL FPI": 0,
                                "WAL Bytes": 0
                            },
                            "Settings": {},
                            "Planning": {
                                "Shared Hit Blocks": 0,
                                "Shared Read Blocks": 0,
                                "Shared Dirtied Blocks": 0,
                                "Shared Written Blocks": 0,
                                "Local Hit Blocks": 0,
                                "Local Read Blocks": 0,
                                "Local Dirtied Blocks": 0,
                                "Local Written Blocks": 0,
                                "Temp Read Blocks": 0,
                                "Temp Written Blocks": 0
                            },
                            "Planning Time": 0.025,
                            "Triggers": [],
                            "Execution Time": 704.94
                        },
                        "exact_explanation": {
                            "Plan": {
                                "Node Type": "Gather",
                                "Parallel Aware": false,
                                "Async Capable": false,
                                "Startup Cost": 1000.0,
                                "Total Cost": 107153.94,
                                "Plan Rows": 156,
                                "Plan Width": 12,
                                "Actual Startup Time": 1.298,
                                "Actual Total Time": 140.743,
                                "Actual Rows": 149,
                                "Actual Loops": 1,
                                "Output": [
                                    "id",
                                    "flags"
                                ],
                                "Workers Planned": 2,
                                "Workers Launched": 2,
                                "Single Copy": false,
                                "Shared Hit Blocks": 5088,
                                "Shared Read Blocks": 48967,
                                "Shared Dirtied Blocks": 0,
                                "Shared Written Blocks": 0,
                                "Local Hit Blocks": 0,
                                "Local Read Blocks": 0,
                                "Local Dirtied Blocks": 0,
                                "Local Written Blocks": 0,
                                "Temp Read Blocks": 0,
                                "Temp Written Blocks": 0,
                                "WAL Records": 0,
                                "WAL FPI": 0,
                                "WAL Bytes": 0,
                                "Plans": [
                                    {
                                        "Node Type": "Seq Scan",
                                        "Parent Relationship": "Outer",
                                        "Parallel Aware": true,
                                        "Async Capable": false,
                                        "Relation Name": "django_enum_tests_benchmark_flagtester015",
                                        "Schema": "public",
                                        "Alias": "django_enum_tests_benchmark_flagtester015",
                                        "Startup Cost": 0.0,
                                        "Total Cost": 106138.34,
                                        "Plan Rows": 65,
                                        "Plan Width": 12,
                                        "Actual Startup Time": 1.297,
                                        "Actual Total Time": 138.51,
                                        "Actual Rows": 50,
                                        "Actual Loops": 3,
                                        "Output": [
                                            "id",
                                            "flags"
                                        ],
                                        "Filter": "(django_enum_tests_benchmark_flagtester015.flags = 45932)",
                                        "Rows Removed by Filter": 3333284,
                                        "Shared Hit Blocks": 5088,
                                        "Shared Read Blocks": 48967,
                                        "Shared Dirtied Blocks": 0,
                                        "Shared Written Blocks": 0,
                                        "Local Hit Blocks": 0,
                                        "Local Read Blocks": 0,
                                        "Local Dirtied Blocks": 0,
                                        "Local Written Blocks": 0,
                                        "Temp Read Blocks": 0,
                                        "Temp Written Blocks": 0,
                                        "WAL Records": 0,
                                        "WAL FPI": 0,
                                        "WAL Bytes": 0,
                                        "Workers": [
                                            {
                                                "Worker Number": 0,
                                                "Actual Startup Time": 1.945,
                                                "Actual Total Time": 137.879,
                                                "Actual Rows": 64,
                                                "Actual Loops": 1,
                                                "Shared Hit Blocks": 1622,
                                                "Shared Read Blocks": 16256,
                                                "Shared Dirtied Blocks": 0,
                                                "Shared Written Blocks": 0,
                                                "Local Hit Blocks": 0,
                                                "Local Read Blocks": 0,
                                                "Local Dirtied Blocks": 0,
                                                "Local Written Blocks": 0,
                                                "Temp Read Blocks": 0,
                                                "Temp Written Blocks": 0,
                                                "WAL Records": 0,
                                                "WAL FPI": 0,
                                                "WAL Bytes": 0
                                            },
                                            {
                                                "Worker Number": 1,
                                                "Actual Startup Time": 0.695,
                                                "Actual Total Time": 137.923,
                                                "Actual Rows": 42,
                                                "Actual Loops": 1,
                                                "Shared Hit Blocks": 1605,
                                                "Shared Read Blocks": 16256,
                                                "Shared Dirtied Blocks": 0,
                                                "Shared Written Blocks": 0,
                                                "Local Hit Blocks": 0,
                                                "Local Read Blocks": 0,
                                                "Local Dirtied Blocks": 0,
                                                "Local Written Blocks": 0,
                                                "Temp Read Blocks": 0,
                                                "Temp Written Blocks": 0,
                                                "WAL Records": 0,
                                                "WAL FPI": 0,
                                                "WAL Bytes": 0
                                            }
                                        ]
                                    }
                                ]
                            },
                            "Settings": {},
                            "Planning": {
                                "Shared Hit Blocks": 0,
                                "Shared Read Blocks": 0,
                                "Shared Dirtied Blocks": 0,
                                "Shared Written Blocks": 0,
                                "Local Hit Blocks": 0,
                                "Local Read Blocks": 0,
                                "Local Dirtied Blocks": 0,
                                "Local Written Blocks": 0,
                                "Temp Read Blocks": 0,
                                "Temp Written Blocks": 0
                            },
                            "Planning Time": 0.028,
                            "Triggers": [],
                            "Execution Time": 140.754
                        },
                        "all_ftr_time": 0.16099870000000005,
                        "any_ftr_time": 0.7050827000000002,
                        "exact_ftr_time": 0.1405025
                    },
                    "20000000": {
                        "all_time": 0.30115459566004577,
                        "any_time": 0.3677970999968238,
                        "exact_time": 0.28613317091949286,
                        "table_size": 1334837248.0,
                        "index_time": 1.084059476852417e-06,
                        "all_explanation": {
                            "Plan": {
                                "Node Type": "Gather",
                                "Parallel Aware": false,
                                "Async Capable": false,
                                "Startup Cost": 1000.0,
                                "Total Cost": 244109.0,
                                "Plan Rows": 100000,
                                "Plan Width": 12,
                                "Actual Startup Time": 0.064,
                                "Actual Total Time": 301.232,
                                "Actual Rows": 156425,
                                "Actual Loops": 1,
                                "Output": [
                                    "id",
                                    "flags"
                                ],
                                "Workers Planned": 2,
                                "Workers Launched": 2,
                                "Single Copy": false,
                                "Shared Hit Blocks": 4768,
                                "Shared Read Blocks": 103341,
                                "Shared Dirtied Blocks": 0,
                                "Shared Written Blocks": 0,
                                "Local Hit Blocks": 0,
                                "Local Read Blocks": 0,
                                "Local Dirtied Blocks": 0,
                                "Local Written Blocks": 0,
                                "Temp Read Blocks": 0,
                                "Temp Written Blocks": 0,
                                "WAL Records": 0,
                                "WAL FPI": 0,
                                "WAL Bytes": 0,
                                "Plans": [
                                    {
                                        "Node Type": "Seq Scan",
                                        "Parent Relationship": "Outer",
                                        "Parallel Aware": true,
                                        "Async Capable": false,
                                        "Relation Name": "django_enum_tests_benchmark_flagtester015",
                                        "Schema": "public",
                                        "Alias": "django_enum_tests_benchmark_flagtester015",
                                        "Startup Cost": 0.0,
                                        "Total Cost": 233109.0,
                                        "Plan Rows": 41667,
                                        "Plan Width": 12,
                                        "Actual Startup Time": 0.019,
                                        "Actual Total Time": 290.597,
                                        "Actual Rows": 52142,
                                        "Actual Loops": 3,
                                        "Output": [
                                            "id",
                                            "flags"
                                        ],
                                        "Filter": "((django_enum_tests_benchmark_flagtester015.flags & 61840) = 61840)",
                                        "Rows Removed by Filter": 6614525,
                                        "Shared Hit Blocks": 4768,
                                        "Shared Read Blocks": 103341,
                                        "Shared Dirtied Blocks": 0,
                                        "Shared Written Blocks": 0,
                                        "Local Hit Blocks": 0,
                                        "Local Read Blocks": 0,
                                        "Local Dirtied Blocks": 0,
                                        "Local Written Blocks": 0,
                                        "Temp Read Blocks": 0,
                                        "Temp Written Blocks": 0,
                                        "WAL Records": 0,
                                        "WAL FPI": 0,
                                        "WAL Bytes": 0,
                                        "Workers": [
                                            {
                                                "Worker Number": 0,
                                                "Actual Startup Time": 0.029,
                                                "Actual Total Time": 291.967,
                                                "Actual Rows": 52215,
                                                "Actual Loops": 1,
                                                "Shared Hit Blocks": 1543,
                                                "Shared Read Blocks": 34637,
                                                "Shared Dirtied Blocks": 0,
                                                "Shared Written Blocks": 0,
                                                "Local Hit Blocks": 0,
                                                "Local Read Blocks": 0,
                                                "Local Dirtied Blocks": 0,
                                                "Local Written Blocks": 0,
                                                "Temp Read Blocks": 0,
                                                "Temp Written Blocks": 0,
                                                "WAL Records": 0,
                                                "WAL FPI": 0,
                                                "WAL Bytes": 0
                                            },
                                            {
                                                "Worker Number": 1,
                                                "Actual Startup Time": 0.018,
                                                "Actual Total Time": 291.912,
                                                "Actual Rows": 52380,
                                                "Actual Loops": 1,
                                                "Shared Hit Blocks": 1541,
                                                "Shared Read Blocks": 34624,
                                                "Shared Dirtied Blocks": 0,
                                                "Shared Written Blocks": 0,
                                                "Local Hit Blocks": 0,
                                                "Local Read Blocks": 0,
                                                "Local Dirtied Blocks": 0,
                                                "Local Written Blocks": 0,
                                                "Temp Read Blocks": 0,
                                                "Temp Written Blocks": 0,
                                                "WAL Records": 0,
                                                "WAL FPI": 0,
                                                "WAL Bytes": 0
                                            }
                                        ]
                                    }
                                ]
                            },
                            "Settings": {},
                            "Planning": {
                                "Shared Hit Blocks": 0,
                                "Shared Read Blocks": 0,
                                "Shared Dirtied Blocks": 0,
                                "Shared Written Blocks": 0,
                                "Local Hit Blocks": 0,
                                "Local Read Blocks": 0,
                                "Local Dirtied Blocks": 0,
                                "Local Written Blocks": 0,
                                "Temp Read Blocks": 0,
                                "Temp Written Blocks": 0
                            },
                            "Planning Time": 0.032,
                            "Triggers": [],
                            "Execution Time": 304.749
                        },
                        "any_explanation": {
                            "Plan": {
                                "Node Type": "Seq Scan",
                                "Parallel Aware": false,
                                "Async Capable": false,
                                "Relation Name": "django_enum_tests_benchmark_flagtester015",
                                "Schema": "public",
                                "Alias": "django_enum_tests_benchmark_flagtester015",
                                "Startup Cost": 0.0,
                                "Total Cost": 408109.0,
                                "Plan Rows": 6666667,
                                "Plan Width": 12,
                                "Actual Startup Time": 0.006,
                                "Actual Total Time": 1018.51,
                                "Actual Rows": 19843497,
                                "Actual Loops": 1,
                                "Output": [
                                    "id",
                                    "flags"
                                ],
                                "Filter": "((django_enum_tests_benchmark_flagtester015.flags & 61840) > 0)",
                                "Rows Removed by Filter": 156504,
                                "Shared Hit Blocks": 4960,
                                "Shared Read Blocks": 103149,
                                "Shared Dirtied Blocks": 0,
                                "Shared Written Blocks": 0,
                                "Local Hit Blocks": 0,
                                "Local Read Blocks": 0,
                                "Local Dirtied Blocks": 0,
                                "Local Written Blocks": 0,
                                "Temp Read Blocks": 0,
                                "Temp Written Blocks": 0,
                                "WAL Records": 0,
                                "WAL FPI": 0,
                                "WAL Bytes": 0
                            },
                            "Settings": {},
                            "Planning": {
                                "Shared Hit Blocks": 0,
                                "Shared Read Blocks": 0,
                                "Shared Dirtied Blocks": 0,
                                "Shared Written Blocks": 0,
                                "Local Hit Blocks": 0,
                                "Local Read Blocks": 0,
                                "Local Dirtied Blocks": 0,
                                "Local Written Blocks": 0,
                                "Temp Read Blocks": 0,
                                "Temp Written Blocks": 0
                            },
                            "Planning Time": 0.028,
                            "Triggers": [],
                            "Execution Time": 1414.673
                        },
                        "exact_explanation": {
                            "Plan": {
                                "Node Type": "Gather",
                                "Parallel Aware": false,
                                "Async Capable": false,
                                "Startup Cost": 1000.0,
                                "Total Cost": 213306.87,
                                "Plan Rows": 312,
                                "Plan Width": 12,
                                "Actual Startup Time": 7.531,
                                "Actual Total Time": 277.489,
                                "Actual Rows": 281,
                                "Actual Loops": 1,
                                "Output": [
                                    "id",
                                    "flags"
                                ],
                                "Workers Planned": 2,
                                "Workers Launched": 2,
                                "Single Copy": false,
                                "Shared Hit Blocks": 5088,
                                "Shared Read Blocks": 103021,
                                "Shared Dirtied Blocks": 0,
                                "Shared Written Blocks": 0,
                                "Local Hit Blocks": 0,
                                "Local Read Blocks": 0,
                                "Local Dirtied Blocks": 0,
                                "Local Written Blocks": 0,
                                "Temp Read Blocks": 0,
                                "Temp Written Blocks": 0,
                                "WAL Records": 0,
                                "WAL FPI": 0,
                                "WAL Bytes": 0,
                                "Plans": [
                                    {
                                        "Node Type": "Seq Scan",
                                        "Parent Relationship": "Outer",
                                        "Parallel Aware": true,
                                        "Async Capable": false,
                                        "Relation Name": "django_enum_tests_benchmark_flagtester015",
                                        "Schema": "public",
                                        "Alias": "django_enum_tests_benchmark_flagtester015",
                                        "Startup Cost": 0.0,
                                        "Total Cost": 212275.67,
                                        "Plan Rows": 130,
                                        "Plan Width": 12,
                                        "Actual Startup Time": 3.768,
                                        "Actual Total Time": 275.34,
                                        "Actual Rows": 94,
                                        "Actual Loops": 3,
                                        "Output": [
                                            "id",
                                            "flags"
                                        ],
                                        "Filter": "(django_enum_tests_benchmark_flagtester015.flags = 61840)",
                                        "Rows Removed by Filter": 6666573,
                                        "Shared Hit Blocks": 5088,
                                        "Shared Read Blocks": 103021,
                                        "Shared Dirtied Blocks": 0,
                                        "Shared Written Blocks": 0,
                                        "Local Hit Blocks": 0,
                                        "Local Read Blocks": 0,
                                        "Local Dirtied Blocks": 0,
                                        "Local Written Blocks": 0,
                                        "Temp Read Blocks": 0,
                                        "Temp Written Blocks": 0,
                                        "WAL Records": 0,
                                        "WAL FPI": 0,
                                        "WAL Bytes": 0,
                                        "Workers": [
                                            {
                                                "Worker Number": 0,
                                                "Actual Startup Time": 1.456,
                                                "Actual Total Time": 274.729,
                                                "Actual Rows": 91,
                                                "Actual Loops": 1,
                                                "Shared Hit Blocks": 1624,
                                                "Shared Read Blocks": 34272,
                                                "Shared Dirtied Blocks": 0,
                                                "Shared Written Blocks": 0,
                                                "Local Hit Blocks": 0,
                                                "Local Read Blocks": 0,
                                                "Local Dirtied Blocks": 0,
                                                "Local Written Blocks": 0,
                                                "Temp Read Blocks": 0,
                                                "Temp Written Blocks": 0,
                                                "WAL Records": 0,
                                                "WAL FPI": 0,
                                                "WAL Bytes": 0
                                            },
                                            {
                                                "Worker Number": 1,
                                                "Actual Startup Time": 2.368,
                                                "Actual Total Time": 274.747,
                                                "Actual Rows": 85,
                                                "Actual Loops": 1,
                                                "Shared Hit Blocks": 1660,
                                                "Shared Read Blocks": 34285,
                                                "Shared Dirtied Blocks": 0,
                                                "Shared Written Blocks": 0,
                                                "Local Hit Blocks": 0,
                                                "Local Read Blocks": 0,
                                                "Local Dirtied Blocks": 0,
                                                "Local Written Blocks": 0,
                                                "Temp Read Blocks": 0,
                                                "Temp Written Blocks": 0,
                                                "WAL Records": 0,
                                                "WAL FPI": 0,
                                                "WAL Bytes": 0
                                            }
                                        ]
                                    }
                                ]
                            },
                            "Settings": {},
                            "Planning": {
                                "Shared Hit Blocks": 0,
                                "Shared Read Blocks": 0,
                                "Shared Dirtied Blocks": 0,
                                "Shared Written Blocks": 0,
                                "Local Hit Blocks": 0,
                                "Local Read Blocks": 0,
                                "Local Dirtied Blocks": 0,
                                "Local Written Blocks": 0,
                                "Temp Read Blocks": 0,
                                "Temp Written Blocks": 0
                            },
                            "Planning Time": 0.03,
                            "Triggers": [],
                            "Execution Time": 277.504
                        },
                        "all_ftr_time": 0.31709799999999994,
                        "any_ftr_time": 1.4124765000000001,
                        "exact_ftr_time": 0.2799736
                    },
                    "40000000": {
                        "all_time": 0.5992351416731253,
                        "any_time": 0.7367341331089847,
                        "exact_time": 0.5721902207937092,
                        "table_size": 2669674496.0,
                        "index_time": 1.8749851733446121e-06,
                        "all_explanation": {
                            "Plan": {
                                "Node Type": "Gather",
                                "Parallel Aware": false,
                                "Async Capable": false,
                                "Startup Cost": 1000.0,
                                "Total Cost": 487217.0,
                                "Plan Rows": 200000,
                                "Plan Width": 12,
                                "Actual Startup Time": 0.068,
                                "Actual Total Time": 674.46,
                                "Actual Rows": 1249874,
                                "Actual Loops": 1,
                                "Output": [
                                    "id",
                                    "flags"
                                ],
                                "Workers Planned": 2,
                                "Workers Launched": 2,
                                "Single Copy": false,
                                "Shared Hit Blocks": 4801,
                                "Shared Read Blocks": 211416,
                                "Shared Dirtied Blocks": 0,
                                "Shared Written Blocks": 0,
                                "Local Hit Blocks": 0,
                                "Local Read Blocks": 0,
                                "Local Dirtied Blocks": 0,
                                "Local Written Blocks": 0,
                                "Temp Read Blocks": 0,
                                "Temp Written Blocks": 0,
                                "WAL Records": 0,
                                "WAL FPI": 0,
                                "WAL Bytes": 0,
                                "Plans": [
                                    {
                                        "Node Type": "Seq Scan",
                                        "Parent Relationship": "Outer",
                                        "Parallel Aware": true,
                                        "Async Capable": false,
                                        "Relation Name": "django_enum_tests_benchmark_flagtester015",
                                        "Schema": "public",
                                        "Alias": "django_enum_tests_benchmark_flagtester015",
                                        "Startup Cost": 0.0,
                                        "Total Cost": 466217.0,
                                        "Plan Rows": 83333,
                                        "Plan Width": 12,
                                        "Actual Startup Time": 0.015,
                                        "Actual Total Time": 599.123,
                                        "Actual Rows": 416625,
                                        "Actual Loops": 3,
                                        "Output": [
                                            "id",
                                            "flags"
                                        ],
                                        "Filter": "((django_enum_tests_benchmark_flagtester015.flags & 35592) = 35592)",
                                        "Rows Removed by Filter": 12916709,
                                        "Shared Hit Blocks": 4801,
                                        "Shared Read Blocks": 211416,
                                        "Shared Dirtied Blocks": 0,
                                        "Shared Written Blocks": 0,
                                        "Local Hit Blocks": 0,
                                        "Local Read Blocks": 0,
                                        "Local Dirtied Blocks": 0,
                                        "Local Written Blocks": 0,
                                        "Temp Read Blocks": 0,
                                        "Temp Written Blocks": 0,
                                        "WAL Records": 0,
                                        "WAL FPI": 0,
                                        "WAL Bytes": 0,
                                        "Workers": [
                                            {
                                                "Worker Number": 0,
                                                "Actual Startup Time": 0.018,
                                                "Actual Total Time": 614.606,
                                                "Actual Rows": 426416,
                                                "Actual Loops": 1,
                                                "Shared Hit Blocks": 1581,
                                                "Shared Read Blocks": 72192,
                                                "Shared Dirtied Blocks": 0,
                                                "Shared Written Blocks": 0,
                                                "Local Hit Blocks": 0,
                                                "Local Read Blocks": 0,
                                                "Local Dirtied Blocks": 0,
                                                "Local Written Blocks": 0,
                                                "Temp Read Blocks": 0,
                                                "Temp Written Blocks": 0,
                                                "WAL Records": 0,
                                                "WAL FPI": 0,
                                                "WAL Bytes": 0
                                            },
                                            {
                                                "Worker Number": 1,
                                                "Actual Startup Time": 0.019,
                                                "Actual Total Time": 613.882,
                                                "Actual Rows": 428565,
                                                "Actual Loops": 1,
                                                "Shared Hit Blocks": 1627,
                                                "Shared Read Blocks": 72376,
                                                "Shared Dirtied Blocks": 0,
                                                "Shared Written Blocks": 0,
                                                "Local Hit Blocks": 0,
                                                "Local Read Blocks": 0,
                                                "Local Dirtied Blocks": 0,
                                                "Local Written Blocks": 0,
                                                "Temp Read Blocks": 0,
                                                "Temp Written Blocks": 0,
                                                "WAL Records": 0,
                                                "WAL FPI": 0,
                                                "WAL Bytes": 0
                                            }
                                        ]
                                    }
                                ]
                            },
                            "Settings": {},
                            "Planning": {
                                "Shared Hit Blocks": 0,
                                "Shared Read Blocks": 0,
                                "Shared Dirtied Blocks": 0,
                                "Shared Written Blocks": 0,
                                "Local Hit Blocks": 0,
                                "Local Read Blocks": 0,
                                "Local Dirtied Blocks": 0,
                                "Local Written Blocks": 0,
                                "Temp Read Blocks": 0,
                                "Temp Written Blocks": 0
                            },
                            "Planning Time": 0.029,
                            "Triggers": [],
                            "Execution Time": 702.107
                        },
                        "any_explanation": {
                            "Plan": {
                                "Node Type": "Seq Scan",
                                "Parallel Aware": false,
                                "Async Capable": false,
                                "Relation Name": "django_enum_tests_benchmark_flagtester015",
                                "Schema": "public",
                                "Alias": "django_enum_tests_benchmark_flagtester015",
                                "Startup Cost": 0.0,
                                "Total Cost": 816217.0,
                                "Plan Rows": 13333333,
                                "Plan Width": 12,
                                "Actual Startup Time": 0.008,
                                "Actual Total Time": 2041.134,
                                "Actual Rows": 38749511,
                                "Actual Loops": 1,
                                "Output": [
                                    "id",
                                    "flags"
                                ],
                                "Filter": "((django_enum_tests_benchmark_flagtester015.flags & 35592) > 0)",
                                "Rows Removed by Filter": 1250490,
                                "Shared Hit Blocks": 4993,
                                "Shared Read Blocks": 211224,
                                "Shared Dirtied Blocks": 0,
                                "Shared Written Blocks": 0,
                                "Local Hit Blocks": 0,
                                "Local Read Blocks": 0,
                                "Local Dirtied Blocks": 0,
                                "Local Written Blocks": 0,
                                "Temp Read Blocks": 0,
                                "Temp Written Blocks": 0,
                                "WAL Records": 0,
                                "WAL FPI": 0,
                                "WAL Bytes": 0
                            },
                            "Settings": {},
                            "Planning": {
                                "Shared Hit Blocks": 0,
                                "Shared Read Blocks": 0,
                                "Shared Dirtied Blocks": 0,
                                "Shared Written Blocks": 0,
                                "Local Hit Blocks": 0,
                                "Local Read Blocks": 0,
                                "Local Dirtied Blocks": 0,
                                "Local Written Blocks": 0,
                                "Temp Read Blocks": 0,
                                "Temp Written Blocks": 0
                            },
                            "Planning Time": 0.04,
                            "Triggers": [],
                            "Execution Time": 2813.083
                        },
                        "exact_explanation": {
                            "Plan": {
                                "Node Type": "Gather",
                                "Parallel Aware": false,
                                "Async Capable": false,
                                "Startup Cost": 1000.0,
                                "Total Cost": 425611.83,
                                "Plan Rows": 615,
                                "Plan Width": 12,
                                "Actual Startup Time": 4.264,
                                "Actual Total Time": 560.54,
                                "Actual Rows": 600,
                                "Actual Loops": 1,
                                "Output": [
                                    "id",
                                    "flags"
                                ],
                                "Workers Planned": 2,
                                "Workers Launched": 2,
                                "Single Copy": false,
                                "Shared Hit Blocks": 5121,
                                "Shared Read Blocks": 211096,
                                "Shared Dirtied Blocks": 0,
                                "Shared Written Blocks": 0,
                                "Local Hit Blocks": 0,
                                "Local Read Blocks": 0,
                                "Local Dirtied Blocks": 0,
                                "Local Written Blocks": 0,
                                "Temp Read Blocks": 0,
                                "Temp Written Blocks": 0,
                                "WAL Records": 0,
                                "WAL FPI": 0,
                                "WAL Bytes": 0,
                                "Plans": [
                                    {
                                        "Node Type": "Seq Scan",
                                        "Parent Relationship": "Outer",
                                        "Parallel Aware": true,
                                        "Async Capable": false,
                                        "Relation Name": "django_enum_tests_benchmark_flagtester015",
                                        "Schema": "public",
                                        "Alias": "django_enum_tests_benchmark_flagtester015",
                                        "Startup Cost": 0.0,
                                        "Total Cost": 424550.33,
                                        "Plan Rows": 256,
                                        "Plan Width": 12,
                                        "Actual Startup Time": 3.642,
                                        "Actual Total Time": 558.253,
                                        "Actual Rows": 200,
                                        "Actual Loops": 3,
                                        "Output": [
                                            "id",
                                            "flags"
                                        ],
                                        "Filter": "(django_enum_tests_benchmark_flagtester015.flags = 35592)",
                                        "Rows Removed by Filter": 13333134,
                                        "Shared Hit Blocks": 5121,
                                        "Shared Read Blocks": 211096,
                                        "Shared Dirtied Blocks": 0,
                                        "Shared Written Blocks": 0,
                                        "Local Hit Blocks": 0,
                                        "Local Read Blocks": 0,
                                        "Local Dirtied Blocks": 0,
                                        "Local Written Blocks": 0,
                                        "Temp Read Blocks": 0,
                                        "Temp Written Blocks": 0,
                                        "WAL Records": 0,
                                        "WAL FPI": 0,
                                        "WAL Bytes": 0,
                                        "Workers": [
                                            {
                                                "Worker Number": 0,
                                                "Actual Startup Time": 5.072,
                                                "Actual Total Time": 557.634,
                                                "Actual Rows": 186,
                                                "Actual Loops": 1,
                                                "Shared Hit Blocks": 1635,
                                                "Shared Read Blocks": 70329,
                                                "Shared Dirtied Blocks": 0,
                                                "Shared Written Blocks": 0,
                                                "Local Hit Blocks": 0,
                                                "Local Read Blocks": 0,
                                                "Local Dirtied Blocks": 0,
                                                "Local Written Blocks": 0,
                                                "Temp Read Blocks": 0,
                                                "Temp Written Blocks": 0,
                                                "WAL Records": 0,
                                                "WAL FPI": 0,
                                                "WAL Bytes": 0
                                            },
                                            {
                                                "Worker Number": 1,
                                                "Actual Startup Time": 1.649,
                                                "Actual Total Time": 557.633,
                                                "Actual Rows": 200,
                                                "Actual Loops": 1,
                                                "Shared Hit Blocks": 1634,
                                                "Shared Read Blocks": 70420,
                                                "Shared Dirtied Blocks": 0,
                                                "Shared Written Blocks": 0,
                                                "Local Hit Blocks": 0,
                                                "Local Read Blocks": 0,
                                                "Local Dirtied Blocks": 0,
                                                "Local Written Blocks": 0,
                                                "Temp Read Blocks": 0,
                                                "Temp Written Blocks": 0,
                                                "WAL Records": 0,
                                                "WAL FPI": 0,
                                                "WAL Bytes": 0
                                            }
                                        ]
                                    }
                                ]
                            },
                            "Settings": {},
                            "Planning": {
                                "Shared Hit Blocks": 0,
                                "Shared Read Blocks": 0,
                                "Shared Dirtied Blocks": 0,
                                "Shared Written Blocks": 0,
                                "Local Hit Blocks": 0,
                                "Local Read Blocks": 0,
                                "Local Dirtied Blocks": 0,
                                "Local Written Blocks": 0,
                                "Temp Read Blocks": 0,
                                "Temp Written Blocks": 0
                            },
                            "Planning Time": 0.032,
                            "Triggers": [],
                            "Execution Time": 560.571
                        },
                        "all_ftr_time": 0.6089901000000001,
                        "any_ftr_time": 2.8324539,
                        "exact_ftr_time": 0.5640759000000001
                    },
                    "60000000": {
                        "all_time": 1.249542295827996,
                        "any_time": 1.0860440374119207,
                        "exact_time": 0.8486087584984489,
                        "table_size": 4005560320.0,
                        "index_time": 5.830079317092896e-07,
                        "all_explanation": {
                            "Plan": {
                                "Node Type": "Gather",
                                "Parallel Aware": false,
                                "Async Capable": false,
                                "Startup Cost": 1000.0,
                                "Total Cost": 730325.0,
                                "Plan Rows": 300000,
                                "Plan Width": 12,
                                "Actual Startup Time": 0.069,
                                "Actual Total Time": 863.433,
                                "Actual Rows": 469266,
                                "Actual Loops": 1,
                                "Output": [
                                    "id",
                                    "flags"
                                ],
                                "Workers Planned": 2,
                                "Workers Launched": 2,
                                "Single Copy": false,
                                "Shared Hit Blocks": 4801,
                                "Shared Read Blocks": 319524,
                                "Shared Dirtied Blocks": 0,
                                "Shared Written Blocks": 0,
                                "Local Hit Blocks": 0,
                                "Local Read Blocks": 0,
                                "Local Dirtied Blocks": 0,
                                "Local Written Blocks": 0,
                                "Temp Read Blocks": 0,
                                "Temp Written Blocks": 0,
                                "WAL Records": 0,
                                "WAL FPI": 0,
                                "WAL Bytes": 0,
                                "Plans": [
                                    {
                                        "Node Type": "Seq Scan",
                                        "Parent Relationship": "Outer",
                                        "Parallel Aware": true,
                                        "Async Capable": false,
                                        "Relation Name": "django_enum_tests_benchmark_flagtester015",
                                        "Schema": "public",
                                        "Alias": "django_enum_tests_benchmark_flagtester015",
                                        "Startup Cost": 0.0,
                                        "Total Cost": 699325.0,
                                        "Plan Rows": 125000,
                                        "Plan Width": 12,
                                        "Actual Startup Time": 0.019,
                                        "Actual Total Time": 836.361,
                                        "Actual Rows": 156422,
                                        "Actual Loops": 3,
                                        "Output": [
                                            "id",
                                            "flags"
                                        ],
                                        "Filter": "((django_enum_tests_benchmark_flagtester015.flags & 18249) = 18249)",
                                        "Rows Removed by Filter": 19843578,
                                        "Shared Hit Blocks": 4801,
                                        "Shared Read Blocks": 319524,
                                        "Shared Dirtied Blocks": 0,
                                        "Shared Written Blocks": 0,
                                        "Local Hit Blocks": 0,
                                        "Local Read Blocks": 0,
                                        "Local Dirtied Blocks": 0,
                                        "Local Written Blocks": 0,
                                        "Temp Read Blocks": 0,
                                        "Temp Written Blocks": 0,
                                        "WAL Records": 0,
                                        "WAL FPI": 0,
                                        "WAL Bytes": 0,
                                        "Workers": [
                                            {
                                                "Worker Number": 0,
                                                "Actual Startup Time": 0.021,
                                                "Actual Total Time": 841.935,
                                                "Actual Rows": 156741,
                                                "Actual Loops": 1,
                                                "Shared Hit Blocks": 1538,
                                                "Shared Read Blocks": 107103,
                                                "Shared Dirtied Blocks": 0,
                                                "Shared Written Blocks": 0,
                                                "Local Hit Blocks": 0,
                                                "Local Read Blocks": 0,
                                                "Local Dirtied Blocks": 0,
                                                "Local Written Blocks": 0,
                                                "Temp Read Blocks": 0,
                                                "Temp Written Blocks": 0,
                                                "WAL Records": 0,
                                                "WAL FPI": 0,
                                                "WAL Bytes": 0
                                            },
                                            {
                                                "Worker Number": 1,
                                                "Actual Startup Time": 0.02,
                                                "Actual Total Time": 841.442,
                                                "Actual Rows": 158289,
                                                "Actual Loops": 1,
                                                "Shared Hit Blocks": 1564,
                                                "Shared Read Blocks": 107557,
                                                "Shared Dirtied Blocks": 0,
                                                "Shared Written Blocks": 0,
                                                "Local Hit Blocks": 0,
                                                "Local Read Blocks": 0,
                                                "Local Dirtied Blocks": 0,
                                                "Local Written Blocks": 0,
                                                "Temp Read Blocks": 0,
                                                "Temp Written Blocks": 0,
                                                "WAL Records": 0,
                                                "WAL FPI": 0,
                                                "WAL Bytes": 0
                                            }
                                        ]
                                    }
                                ]
                            },
                            "Settings": {},
                            "Planning": {
                                "Shared Hit Blocks": 0,
                                "Shared Read Blocks": 0,
                                "Shared Dirtied Blocks": 0,
                                "Shared Written Blocks": 0,
                                "Local Hit Blocks": 0,
                                "Local Read Blocks": 0,
                                "Local Dirtied Blocks": 0,
                                "Local Written Blocks": 0,
                                "Temp Read Blocks": 0,
                                "Temp Written Blocks": 0
                            },
                            "Planning Time": 0.029,
                            "Triggers": [],
                            "Execution Time": 873.979
                        },
                        "any_explanation": {
                            "Plan": {
                                "Node Type": "Seq Scan",
                                "Parallel Aware": false,
                                "Async Capable": false,
                                "Relation Name": "django_enum_tests_benchmark_flagtester015",
                                "Schema": "public",
                                "Alias": "django_enum_tests_benchmark_flagtester015",
                                "Startup Cost": 0.0,
                                "Total Cost": 1224325.0,
                                "Plan Rows": 20000000,
                                "Plan Width": 12,
                                "Actual Startup Time": 0.009,
                                "Actual Total Time": 2999.664,
                                "Actual Rows": 59531445,
                                "Actual Loops": 1,
                                "Output": [
                                    "id",
                                    "flags"
                                ],
                                "Filter": "((django_enum_tests_benchmark_flagtester015.flags & 18249) > 0)",
                                "Rows Removed by Filter": 468556,
                                "Shared Hit Blocks": 4993,
                                "Shared Read Blocks": 319332,
                                "Shared Dirtied Blocks": 0,
                                "Shared Written Blocks": 0,
                                "Local Hit Blocks": 0,
                                "Local Read Blocks": 0,
                                "Local Dirtied Blocks": 0,
                                "Local Written Blocks": 0,
                                "Temp Read Blocks": 0,
                                "Temp Written Blocks": 0,
                                "WAL Records": 0,
                                "WAL FPI": 0,
                                "WAL Bytes": 0
                            },
                            "Settings": {},
                            "Planning": {
                                "Shared Hit Blocks": 0,
                                "Shared Read Blocks": 0,
                                "Shared Dirtied Blocks": 0,
                                "Shared Written Blocks": 0,
                                "Local Hit Blocks": 0,
                                "Local Read Blocks": 0,
                                "Local Dirtied Blocks": 0,
                                "Local Written Blocks": 0,
                                "Temp Read Blocks": 0,
                                "Temp Written Blocks": 0
                            },
                            "Planning Time": 0.074,
                            "Triggers": [],
                            "Execution Time": 4191.697
                        },
                        "exact_explanation": {
                            "Plan": {
                                "Node Type": "Gather",
                                "Parallel Aware": false,
                                "Async Capable": false,
                                "Startup Cost": 1000.0,
                                "Total Cost": 637915.4,
                                "Plan Rows": 904,
                                "Plan Width": 12,
                                "Actual Startup Time": 0.667,
                                "Actual Total Time": 805.988,
                                "Actual Rows": 911,
                                "Actual Loops": 1,
                                "Output": [
                                    "id",
                                    "flags"
                                ],
                                "Workers Planned": 2,
                                "Workers Launched": 2,
                                "Single Copy": false,
                                "Shared Hit Blocks": 5121,
                                "Shared Read Blocks": 319204,
                                "Shared Dirtied Blocks": 0,
                                "Shared Written Blocks": 0,
                                "Local Hit Blocks": 0,
                                "Local Read Blocks": 0,
                                "Local Dirtied Blocks": 0,
                                "Local Written Blocks": 0,
                                "Temp Read Blocks": 0,
                                "Temp Written Blocks": 0,
                                "WAL Records": 0,
                                "WAL FPI": 0,
                                "WAL Bytes": 0,
                                "Plans": [
                                    {
                                        "Node Type": "Seq Scan",
                                        "Parent Relationship": "Outer",
                                        "Parallel Aware": true,
                                        "Async Capable": false,
                                        "Relation Name": "django_enum_tests_benchmark_flagtester015",
                                        "Schema": "public",
                                        "Alias": "django_enum_tests_benchmark_flagtester015",
                                        "Startup Cost": 0.0,
                                        "Total Cost": 636825.0,
                                        "Plan Rows": 377,
                                        "Plan Width": 12,
                                        "Actual Startup Time": 1.5,
                                        "Actual Total Time": 803.643,
                                        "Actual Rows": 304,
                                        "Actual Loops": 3,
                                        "Output": [
                                            "id",
                                            "flags"
                                        ],
                                        "Filter": "(django_enum_tests_benchmark_flagtester015.flags = 18249)",
                                        "Rows Removed by Filter": 19999697,
                                        "Shared Hit Blocks": 5121,
                                        "Shared Read Blocks": 319204,
                                        "Shared Dirtied Blocks": 0,
                                        "Shared Written Blocks": 0,
                                        "Local Hit Blocks": 0,
                                        "Local Read Blocks": 0,
                                        "Local Dirtied Blocks": 0,
                                        "Local Written Blocks": 0,
                                        "Temp Read Blocks": 0,
                                        "Temp Written Blocks": 0,
                                        "WAL Records": 0,
                                        "WAL FPI": 0,
                                        "WAL Bytes": 0,
                                        "Workers": [
                                            {
                                                "Worker Number": 0,
                                                "Actual Startup Time": 2.533,
                                                "Actual Total Time": 803.009,
                                                "Actual Rows": 317,
                                                "Actual Loops": 1,
                                                "Shared Hit Blocks": 1649,
                                                "Shared Read Blocks": 105504,
                                                "Shared Dirtied Blocks": 0,
                                                "Shared Written Blocks": 0,
                                                "Local Hit Blocks": 0,
                                                "Local Read Blocks": 0,
                                                "Local Dirtied Blocks": 0,
                                                "Local Written Blocks": 0,
                                                "Temp Read Blocks": 0,
                                                "Temp Written Blocks": 0,
                                                "WAL Records": 0,
                                                "WAL FPI": 0,
                                                "WAL Bytes": 0
                                            },
                                            {
                                                "Worker Number": 1,
                                                "Actual Startup Time": 1.353,
                                                "Actual Total Time": 802.995,
                                                "Actual Rows": 276,
                                                "Actual Loops": 1,
                                                "Shared Hit Blocks": 1629,
                                                "Shared Read Blocks": 106820,
                                                "Shared Dirtied Blocks": 0,
                                                "Shared Written Blocks": 0,
                                                "Local Hit Blocks": 0,
                                                "Local Read Blocks": 0,
                                                "Local Dirtied Blocks": 0,
                                                "Local Written Blocks": 0,
                                                "Temp Read Blocks": 0,
                                                "Temp Written Blocks": 0,
                                                "WAL Records": 0,
                                                "WAL FPI": 0,
                                                "WAL Bytes": 0
                                            }
                                        ]
                                    }
                                ]
                            },
                            "Settings": {},
                            "Planning": {
                                "Shared Hit Blocks": 0,
                                "Shared Read Blocks": 0,
                                "Shared Dirtied Blocks": 0,
                                "Shared Written Blocks": 0,
                                "Local Hit Blocks": 0,
                                "Local Read Blocks": 0,
                                "Local Dirtied Blocks": 0,
                                "Local Written Blocks": 0,
                                "Temp Read Blocks": 0,
                                "Temp Written Blocks": 0
                            },
                            "Planning Time": 0.031,
                            "Triggers": [],
                            "Execution Time": 806.034
                        },
                        "all_ftr_time": 0.9145869999999999,
                        "any_ftr_time": 4.218202,
                        "exact_ftr_time": 0.8180579999999998
                    },
                    "80000000": {
                        "all_time": 1.9253577333060092,
                        "any_time": 1.4973398457048461,
                        "exact_time": 1.1768314165878109,
                        "table_size": 5339348992.0,
                        "index_time": 6.249174475669861e-07,
                        "all_explanation": {
                            "Plan": {
                                "Node Type": "Gather",
                                "Parallel Aware": false,
                                "Async Capable": false,
                                "Startup Cost": 1000.0,
                                "Total Cost": 973433.0,
                                "Plan Rows": 400000,
                                "Plan Width": 12,
                                "Actual Startup Time": 0.134,
                                "Actual Total Time": 1231.254,
                                "Actual Rows": 39015,
                                "Actual Loops": 1,
                                "Output": [
                                    "id",
                                    "flags"
                                ],
                                "Workers Planned": 2,
                                "Workers Launched": 2,
                                "Single Copy": false,
                                "Shared Hit Blocks": 4800,
                                "Shared Read Blocks": 427633,
                                "Shared Dirtied Blocks": 0,
                                "Shared Written Blocks": 0,
                                "Local Hit Blocks": 0,
                                "Local Read Blocks": 0,
                                "Local Dirtied Blocks": 0,
                                "Local Written Blocks": 0,
                                "Temp Read Blocks": 0,
                                "Temp Written Blocks": 0,
                                "WAL Records": 0,
                                "WAL FPI": 0,
                                "WAL Bytes": 0,
                                "Plans": [
                                    {
                                        "Node Type": "Seq Scan",
                                        "Parent Relationship": "Outer",
                                        "Parallel Aware": true,
                                        "Async Capable": false,
                                        "Relation Name": "django_enum_tests_benchmark_flagtester015",
                                        "Schema": "public",
                                        "Alias": "django_enum_tests_benchmark_flagtester015",
                                        "Startup Cost": 0.0,
                                        "Total Cost": 932433.0,
                                        "Plan Rows": 166667,
                                        "Plan Width": 12,
                                        "Actual Startup Time": 0.058,
                                        "Actual Total Time": 1226.683,
                                        "Actual Rows": 13005,
                                        "Actual Loops": 3,
                                        "Output": [
                                            "id",
                                            "flags"
                                        ],
                                        "Filter": "((django_enum_tests_benchmark_flagtester015.flags & 64458) = 64458)",
                                        "Rows Removed by Filter": 26653662,
                                        "Shared Hit Blocks": 4800,
                                        "Shared Read Blocks": 427633,
                                        "Shared Dirtied Blocks": 0,
                                        "Shared Written Blocks": 0,
                                        "Local Hit Blocks": 0,
                                        "Local Read Blocks": 0,
                                        "Local Dirtied Blocks": 0,
                                        "Local Written Blocks": 0,
                                        "Temp Read Blocks": 0,
                                        "Temp Written Blocks": 0,
                                        "WAL Records": 0,
                                        "WAL FPI": 0,
                                        "WAL Bytes": 0,
                                        "Workers": [
                                            {
                                                "Worker Number": 0,
                                                "Actual Startup Time": 0.05,
                                                "Actual Total Time": 1226.628,
                                                "Actual Rows": 12990,
                                                "Actual Loops": 1,
                                                "Shared Hit Blocks": 1583,
                                                "Shared Read Blocks": 143040,
                                                "Shared Dirtied Blocks": 0,
                                                "Shared Written Blocks": 0,
                                                "Local Hit Blocks": 0,
                                                "Local Read Blocks": 0,
                                                "Local Dirtied Blocks": 0,
                                                "Local Written Blocks": 0,
                                                "Temp Read Blocks": 0,
                                                "Temp Written Blocks": 0,
                                                "WAL Records": 0,
                                                "WAL FPI": 0,
                                                "WAL Bytes": 0
                                            },
                                            {
                                                "Worker Number": 1,
                                                "Actual Startup Time": 0.052,
                                                "Actual Total Time": 1226.592,
                                                "Actual Rows": 13036,
                                                "Actual Loops": 1,
                                                "Shared Hit Blocks": 1557,
                                                "Shared Read Blocks": 143825,
                                                "Shared Dirtied Blocks": 0,
                                                "Shared Written Blocks": 0,
                                                "Local Hit Blocks": 0,
                                                "Local Read Blocks": 0,
                                                "Local Dirtied Blocks": 0,
                                                "Local Written Blocks": 0,
                                                "Temp Read Blocks": 0,
                                                "Temp Written Blocks": 0,
                                                "WAL Records": 0,
                                                "WAL FPI": 0,
                                                "WAL Bytes": 0
                                            }
                                        ]
                                    }
                                ]
                            },
                            "Settings": {},
                            "Planning": {
                                "Shared Hit Blocks": 0,
                                "Shared Read Blocks": 0,
                                "Shared Dirtied Blocks": 0,
                                "Shared Written Blocks": 0,
                                "Local Hit Blocks": 0,
                                "Local Read Blocks": 0,
                                "Local Dirtied Blocks": 0,
                                "Local Written Blocks": 0,
                                "Temp Read Blocks": 0,
                                "Temp Written Blocks": 0
                            },
                            "Planning Time": 0.037,
                            "Triggers": [],
                            "Execution Time": 1232.233
                        },
                        "any_explanation": {
                            "Plan": {
                                "Node Type": "Seq Scan",
                                "Parallel Aware": false,
                                "Async Capable": false,
                                "Relation Name": "django_enum_tests_benchmark_flagtester015",
                                "Schema": "public",
                                "Alias": "django_enum_tests_benchmark_flagtester015",
                                "Startup Cost": 0.0,
                                "Total Cost": 1632433.0,
                                "Plan Rows": 26666667,
                                "Plan Width": 12,
                                "Actual Startup Time": 0.019,
                                "Actual Total Time": 4239.335,
                                "Actual Rows": 79960948,
                                "Actual Loops": 1,
                                "Output": [
                                    "id",
                                    "flags"
                                ],
                                "Filter": "((django_enum_tests_benchmark_flagtester015.flags & 64458) > 0)",
                                "Rows Removed by Filter": 39053,
                                "Shared Hit Blocks": 4992,
                                "Shared Read Blocks": 427441,
                                "Shared Dirtied Blocks": 0,
                                "Shared Written Blocks": 0,
                                "Local Hit Blocks": 0,
                                "Local Read Blocks": 0,
                                "Local Dirtied Blocks": 0,
                                "Local Written Blocks": 0,
                                "Temp Read Blocks": 0,
                                "Temp Written Blocks": 0,
                                "WAL Records": 0,
                                "WAL FPI": 0,
                                "WAL Bytes": 0
                            },
                            "Settings": {},
                            "Planning": {
                                "Shared Hit Blocks": 0,
                                "Shared Read Blocks": 0,
                                "Shared Dirtied Blocks": 0,
                                "Shared Written Blocks": 0,
                                "Local Hit Blocks": 0,
                                "Local Read Blocks": 0,
                                "Local Dirtied Blocks": 0,
                                "Local Written Blocks": 0,
                                "Temp Read Blocks": 0,
                                "Temp Written Blocks": 0
                            },
                            "Planning Time": 0.03,
                            "Triggers": [],
                            "Execution Time": 5869.161
                        },
                        "exact_explanation": {
                            "Plan": {
                                "Node Type": "Gather",
                                "Parallel Aware": false,
                                "Async Capable": false,
                                "Startup Cost": 1000.0,
                                "Total Cost": 850221.07,
                                "Plan Rows": 1214,
                                "Plan Width": 12,
                                "Actual Startup Time": 4.206,
                                "Actual Total Time": 1117.881,
                                "Actual Rows": 1230,
                                "Actual Loops": 1,
                                "Output": [
                                    "id",
                                    "flags"
                                ],
                                "Workers Planned": 2,
                                "Workers Launched": 2,
                                "Single Copy": false,
                                "Shared Hit Blocks": 5120,
                                "Shared Read Blocks": 427313,
                                "Shared Dirtied Blocks": 0,
                                "Shared Written Blocks": 0,
                                "Local Hit Blocks": 0,
                                "Local Read Blocks": 0,
                                "Local Dirtied Blocks": 0,
                                "Local Written Blocks": 0,
                                "Temp Read Blocks": 0,
                                "Temp Written Blocks": 0,
                                "WAL Records": 0,
                                "WAL FPI": 0,
                                "WAL Bytes": 0,
                                "Plans": [
                                    {
                                        "Node Type": "Seq Scan",
                                        "Parent Relationship": "Outer",
                                        "Parallel Aware": true,
                                        "Async Capable": false,
                                        "Relation Name": "django_enum_tests_benchmark_flagtester015",
                                        "Schema": "public",
                                        "Alias": "django_enum_tests_benchmark_flagtester015",
                                        "Startup Cost": 0.0,
                                        "Total Cost": 849099.67,
                                        "Plan Rows": 506,
                                        "Plan Width": 12,
                                        "Actual Startup Time": 2.466,
                                        "Actual Total Time": 1115.505,
                                        "Actual Rows": 410,
                                        "Actual Loops": 3,
                                        "Output": [
                                            "id",
                                            "flags"
                                        ],
                                        "Filter": "(django_enum_tests_benchmark_flagtester015.flags = 64458)",
                                        "Rows Removed by Filter": 26666257,
                                        "Shared Hit Blocks": 5120,
                                        "Shared Read Blocks": 427313,
                                        "Shared Dirtied Blocks": 0,
                                        "Shared Written Blocks": 0,
                                        "Local Hit Blocks": 0,
                                        "Local Read Blocks": 0,
                                        "Local Dirtied Blocks": 0,
                                        "Local Written Blocks": 0,
                                        "Temp Read Blocks": 0,
                                        "Temp Written Blocks": 0,
                                        "WAL Records": 0,
                                        "WAL FPI": 0,
                                        "WAL Bytes": 0,
                                        "Workers": [
                                            {
                                                "Worker Number": 0,
                                                "Actual Startup Time": 1.49,
                                                "Actual Total Time": 1114.861,
                                                "Actual Rows": 413,
                                                "Actual Loops": 1,
                                                "Shared Hit Blocks": 1645,
                                                "Shared Read Blocks": 142528,
                                                "Shared Dirtied Blocks": 0,
                                                "Shared Written Blocks": 0,
                                                "Local Hit Blocks": 0,
                                                "Local Read Blocks": 0,
                                                "Local Dirtied Blocks": 0,
                                                "Local Written Blocks": 0,
                                                "Temp Read Blocks": 0,
                                                "Temp Written Blocks": 0,
                                                "WAL Records": 0,
                                                "WAL FPI": 0,
                                                "WAL Bytes": 0
                                            },
                                            {
                                                "Worker Number": 1,
                                                "Actual Startup Time": 1.755,
                                                "Actual Total Time": 1114.861,
                                                "Actual Rows": 412,
                                                "Actual Loops": 1,
                                                "Shared Hit Blocks": 1665,
                                                "Shared Read Blocks": 144241,
                                                "Shared Dirtied Blocks": 0,
                                                "Shared Written Blocks": 0,
                                                "Local Hit Blocks": 0,
                                                "Local Read Blocks": 0,
                                                "Local Dirtied Blocks": 0,
                                                "Local Written Blocks": 0,
                                                "Temp Read Blocks": 0,
                                                "Temp Written Blocks": 0,
                                                "WAL Records": 0,
                                                "WAL FPI": 0,
                                                "WAL Bytes": 0
                                            }
                                        ]
                                    }
                                ]
                            },
                            "Settings": {},
                            "Planning": {
                                "Shared Hit Blocks": 0,
                                "Shared Read Blocks": 0,
                                "Shared Dirtied Blocks": 0,
                                "Shared Written Blocks": 0,
                                "Local Hit Blocks": 0,
                                "Local Read Blocks": 0,
                                "Local Dirtied Blocks": 0,
                                "Local Written Blocks": 0,
                                "Temp Read Blocks": 0,
                                "Temp Written Blocks": 0
                            },
                            "Planning Time": 0.035,
                            "Triggers": [],
                            "Execution Time": 1117.934
                        },
                        "all_ftr_time": 1.3827545,
                        "any_ftr_time": 5.7148773,
                        "exact_ftr_time": 1.5630486999999997
                    },
                    "100000000": {
                        "all_time": 3.209381508396473,
                        "any_time": 3.4137834792025386,
                        "exact_time": 2.6239689209964125,
                        "table_size": 6674186240.0,
                        "index_time": 5.166977643966675e-06,
                        "all_explanation": {
                            "Plan": {
                                "Node Type": "Gather",
                                "Parallel Aware": false,
                                "Async Capable": false,
                                "Startup Cost": 1000.0,
                                "Total Cost": 1216541.55,
                                "Plan Rows": 500000,
                                "Plan Width": 12,
                                "Actual Startup Time": 0.27,
                                "Actual Total Time": 4262.745,
                                "Actual Rows": 194937,
                                "Actual Loops": 1,
                                "Output": [
                                    "id",
                                    "flags"
                                ],
                                "Workers Planned": 2,
                                "Workers Launched": 2,
                                "Single Copy": false,
                                "Shared Hit Blocks": 4800,
                                "Shared Read Blocks": 535741,
                                "Shared Dirtied Blocks": 0,
                                "Shared Written Blocks": 0,
                                "Local Hit Blocks": 0,
                                "Local Read Blocks": 0,
                                "Local Dirtied Blocks": 0,
                                "Local Written Blocks": 0,
                                "Temp Read Blocks": 0,
                                "Temp Written Blocks": 0,
                                "WAL Records": 0,
                                "WAL FPI": 0,
                                "WAL Bytes": 0,
                                "Plans": [
                                    {
                                        "Node Type": "Seq Scan",
                                        "Parent Relationship": "Outer",
                                        "Parallel Aware": true,
                                        "Async Capable": false,
                                        "Relation Name": "django_enum_tests_benchmark_flagtester015",
                                        "Schema": "public",
                                        "Alias": "django_enum_tests_benchmark_flagtester015",
                                        "Startup Cost": 0.0,
                                        "Total Cost": 1165541.55,
                                        "Plan Rows": 208333,
                                        "Plan Width": 12,
                                        "Actual Startup Time": 0.209,
                                        "Actual Total Time": 4230.401,
                                        "Actual Rows": 64979,
                                        "Actual Loops": 3,
                                        "Output": [
                                            "id",
                                            "flags"
                                        ],
                                        "Filter": "((django_enum_tests_benchmark_flagtester015.flags & 45938) = 45938)",
                                        "Rows Removed by Filter": 33268355,
                                        "Shared Hit Blocks": 4800,
                                        "Shared Read Blocks": 535741,
                                        "Shared Dirtied Blocks": 0,
                                        "Shared Written Blocks": 0,
                                        "Local Hit Blocks": 0,
                                        "Local Read Blocks": 0,
                                        "Local Dirtied Blocks": 0,
                                        "Local Written Blocks": 0,
                                        "Temp Read Blocks": 0,
                                        "Temp Written Blocks": 0,
                                        "WAL Records": 0,
                                        "WAL FPI": 0,
                                        "WAL Bytes": 0,
                                        "Workers": [
                                            {
                                                "Worker Number": 0,
                                                "Actual Startup Time": 0.202,
                                                "Actual Total Time": 4228.871,
                                                "Actual Rows": 64317,
                                                "Actual Loops": 1,
                                                "Shared Hit Blocks": 1546,
                                                "Shared Read Blocks": 176157,
                                                "Shared Dirtied Blocks": 0,
                                                "Shared Written Blocks": 0,
                                                "Local Hit Blocks": 0,
                                                "Local Read Blocks": 0,
                                                "Local Dirtied Blocks": 0,
                                                "Local Written Blocks": 0,
                                                "Temp Read Blocks": 0,
                                                "Temp Written Blocks": 0,
                                                "WAL Records": 0,
                                                "WAL FPI": 0,
                                                "WAL Bytes": 0
                                            },
                                            {
                                                "Worker Number": 1,
                                                "Actual Startup Time": 0.209,
                                                "Actual Total Time": 4228.612,
                                                "Actual Rows": 65648,
                                                "Actual Loops": 1,
                                                "Shared Hit Blocks": 1563,
                                                "Shared Read Blocks": 181152,
                                                "Shared Dirtied Blocks": 0,
                                                "Shared Written Blocks": 0,
                                                "Local Hit Blocks": 0,
                                                "Local Read Blocks": 0,
                                                "Local Dirtied Blocks": 0,
                                                "Local Written Blocks": 0,
                                                "Temp Read Blocks": 0,
                                                "Temp Written Blocks": 0,
                                                "WAL Records": 0,
                                                "WAL FPI": 0,
                                                "WAL Bytes": 0
                                            }
                                        ]
                                    }
                                ]
                            },
                            "Settings": {},
                            "Planning": {
                                "Shared Hit Blocks": 0,
                                "Shared Read Blocks": 0,
                                "Shared Dirtied Blocks": 0,
                                "Shared Written Blocks": 0,
                                "Local Hit Blocks": 0,
                                "Local Read Blocks": 0,
                                "Local Dirtied Blocks": 0,
                                "Local Written Blocks": 0,
                                "Temp Read Blocks": 0,
                                "Temp Written Blocks": 0
                            },
                            "Planning Time": 0.034,
                            "Triggers": [],
                            "Execution Time": 4267.863
                        },
                        "any_explanation": {
                            "Plan": {
                                "Node Type": "Seq Scan",
                                "Parallel Aware": false,
                                "Async Capable": false,
                                "Relation Name": "django_enum_tests_benchmark_flagtester015",
                                "Schema": "public",
                                "Alias": "django_enum_tests_benchmark_flagtester015",
                                "Startup Cost": 0.0,
                                "Total Cost": 2040542.32,
                                "Plan Rows": 33333363,
                                "Plan Width": 12,
                                "Actual Startup Time": 0.285,
                                "Actual Total Time": 5656.839,
                                "Actual Rows": 99805455,
                                "Actual Loops": 1,
                                "Output": [
                                    "id",
                                    "flags"
                                ],
                                "Filter": "((django_enum_tests_benchmark_flagtester015.flags & 45938) > 0)",
                                "Rows Removed by Filter": 194546,
                                "Shared Hit Blocks": 4992,
                                "Shared Read Blocks": 535549,
                                "Shared Dirtied Blocks": 0,
                                "Shared Written Blocks": 0,
                                "Local Hit Blocks": 0,
                                "Local Read Blocks": 0,
                                "Local Dirtied Blocks": 0,
                                "Local Written Blocks": 0,
                                "Temp Read Blocks": 0,
                                "Temp Written Blocks": 0,
                                "WAL Records": 0,
                                "WAL FPI": 0,
                                "WAL Bytes": 0
                            },
                            "Settings": {},
                            "Planning": {
                                "Shared Hit Blocks": 0,
                                "Shared Read Blocks": 0,
                                "Shared Dirtied Blocks": 0,
                                "Shared Written Blocks": 0,
                                "Local Hit Blocks": 0,
                                "Local Read Blocks": 0,
                                "Local Dirtied Blocks": 0,
                                "Local Written Blocks": 0,
                                "Temp Read Blocks": 0,
                                "Temp Written Blocks": 0
                            },
                            "Planning Time": 0.041,
                            "Triggers": [],
                            "Execution Time": 7669.173
                        },
                        "exact_explanation": {
                            "Plan": {
                                "Node Type": "Gather",
                                "Parallel Aware": false,
                                "Async Capable": false,
                                "Startup Cost": 1000.0,
                                "Total Cost": 1062530.39,
                                "Plan Rows": 1556,
                                "Plan Width": 12,
                                "Actual Startup Time": 0.989,
                                "Actual Total Time": 2911.893,
                                "Actual Rows": 1574,
                                "Actual Loops": 1,
                                "Output": [
                                    "id",
                                    "flags"
                                ],
                                "Workers Planned": 2,
                                "Workers Launched": 2,
                                "Single Copy": false,
                                "Shared Hit Blocks": 5120,
                                "Shared Read Blocks": 535421,
                                "Shared Dirtied Blocks": 0,
                                "Shared Written Blocks": 0,
                                "Local Hit Blocks": 0,
                                "Local Read Blocks": 0,
                                "Local Dirtied Blocks": 0,
                                "Local Written Blocks": 0,
                                "Temp Read Blocks": 0,
                                "Temp Written Blocks": 0,
                                "WAL Records": 0,
                                "WAL FPI": 0,
                                "WAL Bytes": 0,
                                "Plans": [
                                    {
                                        "Node Type": "Seq Scan",
                                        "Parent Relationship": "Outer",
                                        "Parallel Aware": true,
                                        "Async Capable": false,
                                        "Relation Name": "django_enum_tests_benchmark_flagtester015",
                                        "Schema": "public",
                                        "Alias": "django_enum_tests_benchmark_flagtester015",
                                        "Startup Cost": 0.0,
                                        "Total Cost": 1061374.79,
                                        "Plan Rows": 648,
                                        "Plan Width": 12,
                                        "Actual Startup Time": 25.763,
                                        "Actual Total Time": 2907.023,
                                        "Actual Rows": 525,
                                        "Actual Loops": 3,
                                        "Output": [
                                            "id",
                                            "flags"
                                        ],
                                        "Filter": "(django_enum_tests_benchmark_flagtester015.flags = 45938)",
                                        "Rows Removed by Filter": 33332809,
                                        "Shared Hit Blocks": 5120,
                                        "Shared Read Blocks": 535421,
                                        "Shared Dirtied Blocks": 0,
                                        "Shared Written Blocks": 0,
                                        "Local Hit Blocks": 0,
                                        "Local Read Blocks": 0,
                                        "Local Dirtied Blocks": 0,
                                        "Local Written Blocks": 0,
                                        "Temp Read Blocks": 0,
                                        "Temp Written Blocks": 0,
                                        "WAL Records": 0,
                                        "WAL FPI": 0,
                                        "WAL Bytes": 0,
                                        "Workers": [
                                            {
                                                "Worker Number": 0,
                                                "Actual Startup Time": 4.13,
                                                "Actual Total Time": 2905.604,
                                                "Actual Rows": 541,
                                                "Actual Loops": 1,
                                                "Shared Hit Blocks": 1644,
                                                "Shared Read Blocks": 177789,
                                                "Shared Dirtied Blocks": 0,
                                                "Shared Written Blocks": 0,
                                                "Local Hit Blocks": 0,
                                                "Local Read Blocks": 0,
                                                "Local Dirtied Blocks": 0,
                                                "Local Written Blocks": 0,
                                                "Temp Read Blocks": 0,
                                                "Temp Written Blocks": 0,
                                                "WAL Records": 0,
                                                "WAL FPI": 0,
                                                "WAL Bytes": 0
                                            },
                                            {
                                                "Worker Number": 1,
                                                "Actual Startup Time": 72.229,
                                                "Actual Total Time": 2905.368,
                                                "Actual Rows": 517,
                                                "Actual Loops": 1,
                                                "Shared Hit Blocks": 1664,
                                                "Shared Read Blocks": 179616,
                                                "Shared Dirtied Blocks": 0,
                                                "Shared Written Blocks": 0,
                                                "Local Hit Blocks": 0,
                                                "Local Read Blocks": 0,
                                                "Local Dirtied Blocks": 0,
                                                "Local Written Blocks": 0,
                                                "Temp Read Blocks": 0,
                                                "Temp Written Blocks": 0,
                                                "WAL Records": 0,
                                                "WAL FPI": 0,
                                                "WAL Bytes": 0
                                            }
                                        ]
                                    }
                                ]
                            },
                            "Settings": {},
                            "Planning": {
                                "Shared Hit Blocks": 0,
                                "Shared Read Blocks": 0,
                                "Shared Dirtied Blocks": 0,
                                "Shared Written Blocks": 0,
                                "Local Hit Blocks": 0,
                                "Local Read Blocks": 0,
                                "Local Dirtied Blocks": 0,
                                "Local Written Blocks": 0,
                                "Temp Read Blocks": 0,
                                "Temp Written Blocks": 0
                            },
                            "Planning Time": 0.038,
                            "Triggers": [],
                            "Execution Time": 2912.03
                        },
                        "all_ftr_time": 3.3118464,
                        "any_ftr_time": 7.5547803999999985,
                        "exact_ftr_time": 2.5581678999999995
                    }
                }
            },
            "[FLAG] Single Index": {
                "16": {
                    "10": {
                        "all_time": 0.0007147541851736605,
                        "any_time": 0.000593645591288805,
                        "exact_time": 0.0005222166073508561,
                        "table_size": 40960.0,
                        "index_time": 0.0007639999967068434,
                        "all_explanation": {
                            "Plan": {
                                "Node Type": "Seq Scan",
                                "Parallel Aware": false,
                                "Async Capable": false,
                                "Relation Name": "django_enum_tests_benchmark_flagtester015",
                                "Schema": "public",
                                "Alias": "django_enum_tests_benchmark_flagtester015",
                                "Startup Cost": 0.0,
                                "Total Cost": 1.17,
                                "Plan Rows": 1,
                                "Plan Width": 12,
                                "Actual Startup Time": 0.002,
                                "Actual Total Time": 0.002,
                                "Actual Rows": 0,
                                "Actual Loops": 1,
                                "Output": [
                                    "id",
                                    "flags"
                                ],
                                "Filter": "((django_enum_tests_benchmark_flagtester015.flags & 12739) = 12739)",
                                "Rows Removed by Filter": 11,
                                "Shared Hit Blocks": 1,
                                "Shared Read Blocks": 0,
                                "Shared Dirtied Blocks": 0,
                                "Shared Written Blocks": 0,
                                "Local Hit Blocks": 0,
                                "Local Read Blocks": 0,
                                "Local Dirtied Blocks": 0,
                                "Local Written Blocks": 0,
                                "Temp Read Blocks": 0,
                                "Temp Written Blocks": 0,
                                "WAL Records": 0,
                                "WAL FPI": 0,
                                "WAL Bytes": 0
                            },
                            "Settings": {},
                            "Planning": {
                                "Shared Hit Blocks": 0,
                                "Shared Read Blocks": 0,
                                "Shared Dirtied Blocks": 0,
                                "Shared Written Blocks": 0,
                                "Local Hit Blocks": 0,
                                "Local Read Blocks": 0,
                                "Local Dirtied Blocks": 0,
                                "Local Written Blocks": 0,
                                "Temp Read Blocks": 0,
                                "Temp Written Blocks": 0
                            },
                            "Planning Time": 0.007,
                            "Triggers": [],
                            "Execution Time": 0.003
                        },
                        "any_explanation": {
                            "Plan": {
                                "Node Type": "Seq Scan",
                                "Parallel Aware": false,
                                "Async Capable": false,
                                "Relation Name": "django_enum_tests_benchmark_flagtester015",
                                "Schema": "public",
                                "Alias": "django_enum_tests_benchmark_flagtester015",
                                "Startup Cost": 0.0,
                                "Total Cost": 1.17,
                                "Plan Rows": 4,
                                "Plan Width": 12,
                                "Actual Startup Time": 0.001,
                                "Actual Total Time": 0.002,
                                "Actual Rows": 11,
                                "Actual Loops": 1,
                                "Output": [
                                    "id",
                                    "flags"
                                ],
                                "Filter": "((django_enum_tests_benchmark_flagtester015.flags & 12739) > 0)",
                                "Rows Removed by Filter": 0,
                                "Shared Hit Blocks": 1,
                                "Shared Read Blocks": 0,
                                "Shared Dirtied Blocks": 0,
                                "Shared Written Blocks": 0,
                                "Local Hit Blocks": 0,
                                "Local Read Blocks": 0,
                                "Local Dirtied Blocks": 0,
                                "Local Written Blocks": 0,
                                "Temp Read Blocks": 0,
                                "Temp Written Blocks": 0,
                                "WAL Records": 0,
                                "WAL FPI": 0,
                                "WAL Bytes": 0
                            },
                            "Settings": {},
                            "Planning": {
                                "Shared Hit Blocks": 0,
                                "Shared Read Blocks": 0,
                                "Shared Dirtied Blocks": 0,
                                "Shared Written Blocks": 0,
                                "Local Hit Blocks": 0,
                                "Local Read Blocks": 0,
                                "Local Dirtied Blocks": 0,
                                "Local Written Blocks": 0,
                                "Temp Read Blocks": 0,
                                "Temp Written Blocks": 0
                            },
                            "Planning Time": 0.007,
                            "Triggers": [],
                            "Execution Time": 0.003
                        },
                        "exact_explanation": {
                            "Plan": {
                                "Node Type": "Seq Scan",
                                "Parallel Aware": false,
                                "Async Capable": false,
                                "Relation Name": "django_enum_tests_benchmark_flagtester015",
                                "Schema": "public",
                                "Alias": "django_enum_tests_benchmark_flagtester015",
                                "Startup Cost": 0.0,
                                "Total Cost": 1.14,
                                "Plan Rows": 1,
                                "Plan Width": 12,
                                "Actual Startup Time": 0.002,
                                "Actual Total Time": 0.002,
                                "Actual Rows": 0,
                                "Actual Loops": 1,
                                "Output": [
                                    "id",
                                    "flags"
                                ],
                                "Filter": "(django_enum_tests_benchmark_flagtester015.flags = 12739)",
                                "Rows Removed by Filter": 11,
                                "Shared Hit Blocks": 1,
                                "Shared Read Blocks": 0,
                                "Shared Dirtied Blocks": 0,
                                "Shared Written Blocks": 0,
                                "Local Hit Blocks": 0,
                                "Local Read Blocks": 0,
                                "Local Dirtied Blocks": 0,
                                "Local Written Blocks": 0,
                                "Temp Read Blocks": 0,
                                "Temp Written Blocks": 0,
                                "WAL Records": 0,
                                "WAL FPI": 0,
                                "WAL Bytes": 0
                            },
                            "Settings": {},
                            "Planning": {
                                "Shared Hit Blocks": 0,
                                "Shared Read Blocks": 0,
                                "Shared Dirtied Blocks": 0,
                                "Shared Written Blocks": 0,
                                "Local Hit Blocks": 0,
                                "Local Read Blocks": 0,
                                "Local Dirtied Blocks": 0,
                                "Local Written Blocks": 0,
                                "Temp Read Blocks": 0,
                                "Temp Written Blocks": 0
                            },
                            "Planning Time": 0.008,
                            "Triggers": [],
                            "Execution Time": 0.003
                        },
                        "all_ftr_time": 2.9999999999999997e-06,
                        "any_ftr_time": 3.0999999999999995e-06,
                        "exact_ftr_time": 2.9999999999999997e-06
                    },
                    "100": {
                        "all_time": 0.0006979292724281549,
                        "any_time": 0.0007485709036700427,
                        "exact_time": 0.0005062582902610302,
                        "table_size": 40960.0,
                        "index_time": 0.0009108750382438302,
                        "all_explanation": {
                            "Plan": {
                                "Node Type": "Seq Scan",
                                "Parallel Aware": false,
                                "Async Capable": false,
                                "Relation Name": "django_enum_tests_benchmark_flagtester015",
                                "Schema": "public",
                                "Alias": "django_enum_tests_benchmark_flagtester015",
                                "Startup Cost": 0.0,
                                "Total Cost": 2.51,
                                "Plan Rows": 1,
                                "Plan Width": 12,
                                "Actual Startup Time": 0.005,
                                "Actual Total Time": 0.005,
                                "Actual Rows": 0,
                                "Actual Loops": 1,
                                "Output": [
                                    "id",
                                    "flags"
                                ],
                                "Filter": "((django_enum_tests_benchmark_flagtester015.flags & 60377) = 60377)",
                                "Rows Removed by Filter": 101,
                                "Shared Hit Blocks": 1,
                                "Shared Read Blocks": 0,
                                "Shared Dirtied Blocks": 0,
                                "Shared Written Blocks": 0,
                                "Local Hit Blocks": 0,
                                "Local Read Blocks": 0,
                                "Local Dirtied Blocks": 0,
                                "Local Written Blocks": 0,
                                "Temp Read Blocks": 0,
                                "Temp Written Blocks": 0,
                                "WAL Records": 0,
                                "WAL FPI": 0,
                                "WAL Bytes": 0
                            },
                            "Settings": {},
                            "Planning": {
                                "Shared Hit Blocks": 0,
                                "Shared Read Blocks": 0,
                                "Shared Dirtied Blocks": 0,
                                "Shared Written Blocks": 0,
                                "Local Hit Blocks": 0,
                                "Local Read Blocks": 0,
                                "Local Dirtied Blocks": 0,
                                "Local Written Blocks": 0,
                                "Temp Read Blocks": 0,
                                "Temp Written Blocks": 0
                            },
                            "Planning Time": 0.007,
                            "Triggers": [],
                            "Execution Time": 0.006
                        },
                        "any_explanation": {
                            "Plan": {
                                "Node Type": "Seq Scan",
                                "Parallel Aware": false,
                                "Async Capable": false,
                                "Relation Name": "django_enum_tests_benchmark_flagtester015",
                                "Schema": "public",
                                "Alias": "django_enum_tests_benchmark_flagtester015",
                                "Startup Cost": 0.0,
                                "Total Cost": 2.51,
                                "Plan Rows": 34,
                                "Plan Width": 12,
                                "Actual Startup Time": 0.002,
                                "Actual Total Time": 0.006,
                                "Actual Rows": 101,
                                "Actual Loops": 1,
                                "Output": [
                                    "id",
                                    "flags"
                                ],
                                "Filter": "((django_enum_tests_benchmark_flagtester015.flags & 60377) > 0)",
                                "Rows Removed by Filter": 0,
                                "Shared Hit Blocks": 1,
                                "Shared Read Blocks": 0,
                                "Shared Dirtied Blocks": 0,
                                "Shared Written Blocks": 0,
                                "Local Hit Blocks": 0,
                                "Local Read Blocks": 0,
                                "Local Dirtied Blocks": 0,
                                "Local Written Blocks": 0,
                                "Temp Read Blocks": 0,
                                "Temp Written Blocks": 0,
                                "WAL Records": 0,
                                "WAL FPI": 0,
                                "WAL Bytes": 0
                            },
                            "Settings": {},
                            "Planning": {
                                "Shared Hit Blocks": 0,
                                "Shared Read Blocks": 0,
                                "Shared Dirtied Blocks": 0,
                                "Shared Written Blocks": 0,
                                "Local Hit Blocks": 0,
                                "Local Read Blocks": 0,
                                "Local Dirtied Blocks": 0,
                                "Local Written Blocks": 0,
                                "Temp Read Blocks": 0,
                                "Temp Written Blocks": 0
                            },
                            "Planning Time": 0.007,
                            "Triggers": [],
                            "Execution Time": 0.01
                        },
                        "exact_explanation": {
                            "Plan": {
                                "Node Type": "Seq Scan",
                                "Parallel Aware": false,
                                "Async Capable": false,
                                "Relation Name": "django_enum_tests_benchmark_flagtester015",
                                "Schema": "public",
                                "Alias": "django_enum_tests_benchmark_flagtester015",
                                "Startup Cost": 0.0,
                                "Total Cost": 2.26,
                                "Plan Rows": 1,
                                "Plan Width": 12,
                                "Actual Startup Time": 0.005,
                                "Actual Total Time": 0.005,
                                "Actual Rows": 0,
                                "Actual Loops": 1,
                                "Output": [
                                    "id",
                                    "flags"
                                ],
                                "Filter": "(django_enum_tests_benchmark_flagtester015.flags = 60377)",
                                "Rows Removed by Filter": 101,
                                "Shared Hit Blocks": 1,
                                "Shared Read Blocks": 0,
                                "Shared Dirtied Blocks": 0,
                                "Shared Written Blocks": 0,
                                "Local Hit Blocks": 0,
                                "Local Read Blocks": 0,
                                "Local Dirtied Blocks": 0,
                                "Local Written Blocks": 0,
                                "Temp Read Blocks": 0,
                                "Temp Written Blocks": 0,
                                "WAL Records": 0,
                                "WAL FPI": 0,
                                "WAL Bytes": 0
                            },
                            "Settings": {},
                            "Planning": {
                                "Shared Hit Blocks": 0,
                                "Shared Read Blocks": 0,
                                "Shared Dirtied Blocks": 0,
                                "Shared Written Blocks": 0,
                                "Local Hit Blocks": 0,
                                "Local Read Blocks": 0,
                                "Local Dirtied Blocks": 0,
                                "Local Written Blocks": 0,
                                "Temp Read Blocks": 0,
                                "Temp Written Blocks": 0
                            },
                            "Planning Time": 0.008,
                            "Triggers": [],
                            "Execution Time": 0.006
                        },
                        "all_ftr_time": 5.999999999999999e-06,
                        "any_ftr_time": 9.399999999999998e-06,
                        "exact_ftr_time": 6.199999999999999e-06
                    },
                    "1000": {
                        "all_time": 0.0008102417807094753,
                        "any_time": 0.0005721418070606888,
                        "exact_time": 0.0005072583910077811,
                        "table_size": 131072.0,
                        "index_time": 0.0009377499809488654,
                        "all_explanation": {
                            "Plan": {
                                "Node Type": "Seq Scan",
                                "Parallel Aware": false,
                                "Async Capable": false,
                                "Relation Name": "django_enum_tests_benchmark_flagtester015",
                                "Schema": "public",
                                "Alias": "django_enum_tests_benchmark_flagtester015",
                                "Startup Cost": 0.0,
                                "Total Cost": 21.02,
                                "Plan Rows": 5,
                                "Plan Width": 12,
                                "Actual Startup Time": 0.011,
                                "Actual Total Time": 0.038,
                                "Actual Rows": 1,
                                "Actual Loops": 1,
                                "Output": [
                                    "id",
                                    "flags"
                                ],
                                "Filter": "((django_enum_tests_benchmark_flagtester015.flags & 13694) = 13694)",
                                "Rows Removed by Filter": 1000,
                                "Shared Hit Blocks": 6,
                                "Shared Read Blocks": 0,
                                "Shared Dirtied Blocks": 0,
                                "Shared Written Blocks": 0,
                                "Local Hit Blocks": 0,
                                "Local Read Blocks": 0,
                                "Local Dirtied Blocks": 0,
                                "Local Written Blocks": 0,
                                "Temp Read Blocks": 0,
                                "Temp Written Blocks": 0,
                                "WAL Records": 0,
                                "WAL FPI": 0,
                                "WAL Bytes": 0
                            },
                            "Settings": {},
                            "Planning": {
                                "Shared Hit Blocks": 0,
                                "Shared Read Blocks": 0,
                                "Shared Dirtied Blocks": 0,
                                "Shared Written Blocks": 0,
                                "Local Hit Blocks": 0,
                                "Local Read Blocks": 0,
                                "Local Dirtied Blocks": 0,
                                "Local Written Blocks": 0,
                                "Temp Read Blocks": 0,
                                "Temp Written Blocks": 0
                            },
                            "Planning Time": 0.007,
                            "Triggers": [],
                            "Execution Time": 0.039
                        },
                        "any_explanation": {
                            "Plan": {
                                "Node Type": "Seq Scan",
                                "Parallel Aware": false,
                                "Async Capable": false,
                                "Relation Name": "django_enum_tests_benchmark_flagtester015",
                                "Schema": "public",
                                "Alias": "django_enum_tests_benchmark_flagtester015",
                                "Startup Cost": 0.0,
                                "Total Cost": 21.02,
                                "Plan Rows": 334,
                                "Plan Width": 12,
                                "Actual Startup Time": 0.002,
                                "Actual Total Time": 0.051,
                                "Actual Rows": 1000,
                                "Actual Loops": 1,
                                "Output": [
                                    "id",
                                    "flags"
                                ],
                                "Filter": "((django_enum_tests_benchmark_flagtester015.flags & 13694) > 0)",
                                "Rows Removed by Filter": 1,
                                "Shared Hit Blocks": 6,
                                "Shared Read Blocks": 0,
                                "Shared Dirtied Blocks": 0,
                                "Shared Written Blocks": 0,
                                "Local Hit Blocks": 0,
                                "Local Read Blocks": 0,
                                "Local Dirtied Blocks": 0,
                                "Local Written Blocks": 0,
                                "Temp Read Blocks": 0,
                                "Temp Written Blocks": 0,
                                "WAL Records": 0,
                                "WAL FPI": 0,
                                "WAL Bytes": 0
                            },
                            "Settings": {},
                            "Planning": {
                                "Shared Hit Blocks": 0,
                                "Shared Read Blocks": 0,
                                "Shared Dirtied Blocks": 0,
                                "Shared Written Blocks": 0,
                                "Local Hit Blocks": 0,
                                "Local Read Blocks": 0,
                                "Local Dirtied Blocks": 0,
                                "Local Written Blocks": 0,
                                "Temp Read Blocks": 0,
                                "Temp Written Blocks": 0
                            },
                            "Planning Time": 0.008,
                            "Triggers": [],
                            "Execution Time": 0.075
                        },
                        "exact_explanation": {
                            "Plan": {
                                "Node Type": "Index Scan",
                                "Parallel Aware": false,
                                "Async Capable": false,
                                "Scan Direction": "Forward",
                                "Index Name": "flag_idx",
                                "Relation Name": "django_enum_tests_benchmark_flagtester015",
                                "Schema": "public",
                                "Alias": "django_enum_tests_benchmark_flagtester015",
                                "Startup Cost": 0.28,
                                "Total Cost": 8.29,
                                "Plan Rows": 1,
                                "Plan Width": 12,
                                "Actual Startup Time": 0.001,
                                "Actual Total Time": 0.001,
                                "Actual Rows": 0,
                                "Actual Loops": 1,
                                "Output": [
                                    "id",
                                    "flags"
                                ],
                                "Index Cond": "(django_enum_tests_benchmark_flagtester015.flags = 13694)",
                                "Rows Removed by Index Recheck": 0,
                                "Shared Hit Blocks": 2,
                                "Shared Read Blocks": 0,
                                "Shared Dirtied Blocks": 0,
                                "Shared Written Blocks": 0,
                                "Local Hit Blocks": 0,
                                "Local Read Blocks": 0,
                                "Local Dirtied Blocks": 0,
                                "Local Written Blocks": 0,
                                "Temp Read Blocks": 0,
                                "Temp Written Blocks": 0,
                                "WAL Records": 0,
                                "WAL FPI": 0,
                                "WAL Bytes": 0
                            },
                            "Settings": {},
                            "Planning": {
                                "Shared Hit Blocks": 0,
                                "Shared Read Blocks": 0,
                                "Shared Dirtied Blocks": 0,
                                "Shared Written Blocks": 0,
                                "Local Hit Blocks": 0,
                                "Local Read Blocks": 0,
                                "Local Dirtied Blocks": 0,
                                "Local Written Blocks": 0,
                                "Temp Read Blocks": 0,
                                "Temp Written Blocks": 0
                            },
                            "Planning Time": 0.009,
                            "Triggers": [],
                            "Execution Time": 0.003
                        },
                        "all_ftr_time": 3.81e-05,
                        "any_ftr_time": 7.159999999999999e-05,
                        "exact_ftr_time": 3.399999999999999e-06
                    },
                    "10000": {
                        "all_time": 0.0012675206759013235,
                        "any_time": 0.001158779114484787,
                        "exact_time": 0.0007804709952324629,
                        "table_size": 933888.0,
                        "index_time": 0.003678416949696839,
                        "all_explanation": {
                            "Plan": {
                                "Node Type": "Seq Scan",
                                "Parallel Aware": false,
                                "Async Capable": false,
                                "Relation Name": "django_enum_tests_benchmark_flagtester015",
                                "Schema": "public",
                                "Alias": "django_enum_tests_benchmark_flagtester015",
                                "Startup Cost": 0.0,
                                "Total Cost": 205.01,
                                "Plan Rows": 50,
                                "Plan Width": 12,
                                "Actual Startup Time": 0.048,
                                "Actual Total Time": 0.364,
                                "Actual Rows": 21,
                                "Actual Loops": 1,
                                "Output": [
                                    "id",
                                    "flags"
                                ],
                                "Filter": "((django_enum_tests_benchmark_flagtester015.flags & 59203) = 59203)",
                                "Rows Removed by Filter": 9980,
                                "Shared Hit Blocks": 55,
                                "Shared Read Blocks": 0,
                                "Shared Dirtied Blocks": 0,
                                "Shared Written Blocks": 0,
                                "Local Hit Blocks": 0,
                                "Local Read Blocks": 0,
                                "Local Dirtied Blocks": 0,
                                "Local Written Blocks": 0,
                                "Temp Read Blocks": 0,
                                "Temp Written Blocks": 0,
                                "WAL Records": 0,
                                "WAL FPI": 0,
                                "WAL Bytes": 0
                            },
                            "Settings": {},
                            "Planning": {
                                "Shared Hit Blocks": 0,
                                "Shared Read Blocks": 0,
                                "Shared Dirtied Blocks": 0,
                                "Shared Written Blocks": 0,
                                "Local Hit Blocks": 0,
                                "Local Read Blocks": 0,
                                "Local Dirtied Blocks": 0,
                                "Local Written Blocks": 0,
                                "Temp Read Blocks": 0,
                                "Temp Written Blocks": 0
                            },
                            "Planning Time": 0.007,
                            "Triggers": [],
                            "Execution Time": 0.367
                        },
                        "any_explanation": {
                            "Plan": {
                                "Node Type": "Seq Scan",
                                "Parallel Aware": false,
                                "Async Capable": false,
                                "Relation Name": "django_enum_tests_benchmark_flagtester015",
                                "Schema": "public",
                                "Alias": "django_enum_tests_benchmark_flagtester015",
                                "Startup Cost": 0.0,
                                "Total Cost": 205.01,
                                "Plan Rows": 3334,
                                "Plan Width": 12,
                                "Actual Startup Time": 0.002,
                                "Actual Total Time": 0.537,
                                "Actual Rows": 9982,
                                "Actual Loops": 1,
                                "Output": [
                                    "id",
                                    "flags"
                                ],
                                "Filter": "((django_enum_tests_benchmark_flagtester015.flags & 59203) > 0)",
                                "Rows Removed by Filter": 19,
                                "Shared Hit Blocks": 55,
                                "Shared Read Blocks": 0,
                                "Shared Dirtied Blocks": 0,
                                "Shared Written Blocks": 0,
                                "Local Hit Blocks": 0,
                                "Local Read Blocks": 0,
                                "Local Dirtied Blocks": 0,
                                "Local Written Blocks": 0,
                                "Temp Read Blocks": 0,
                                "Temp Written Blocks": 0,
                                "WAL Records": 0,
                                "WAL FPI": 0,
                                "WAL Bytes": 0
                            },
                            "Settings": {},
                            "Planning": {
                                "Shared Hit Blocks": 0,
                                "Shared Read Blocks": 0,
                                "Shared Dirtied Blocks": 0,
                                "Shared Written Blocks": 0,
                                "Local Hit Blocks": 0,
                                "Local Read Blocks": 0,
                                "Local Dirtied Blocks": 0,
                                "Local Written Blocks": 0,
                                "Temp Read Blocks": 0,
                                "Temp Written Blocks": 0
                            },
                            "Planning Time": 0.007,
                            "Triggers": [],
                            "Execution Time": 0.776
                        },
                        "exact_explanation": {
                            "Plan": {
                                "Node Type": "Index Scan",
                                "Parallel Aware": false,
                                "Async Capable": false,
                                "Scan Direction": "Forward",
                                "Index Name": "flag_idx",
                                "Relation Name": "django_enum_tests_benchmark_flagtester015",
                                "Schema": "public",
                                "Alias": "django_enum_tests_benchmark_flagtester015",
                                "Startup Cost": 0.29,
                                "Total Cost": 8.3,
                                "Plan Rows": 1,
                                "Plan Width": 12,
                                "Actual Startup Time": 0.002,
                                "Actual Total Time": 0.002,
                                "Actual Rows": 1,
                                "Actual Loops": 1,
                                "Output": [
                                    "id",
                                    "flags"
                                ],
                                "Index Cond": "(django_enum_tests_benchmark_flagtester015.flags = 59203)",
                                "Rows Removed by Index Recheck": 0,
                                "Shared Hit Blocks": 3,
                                "Shared Read Blocks": 0,
                                "Shared Dirtied Blocks": 0,
                                "Shared Written Blocks": 0,
                                "Local Hit Blocks": 0,
                                "Local Read Blocks": 0,
                                "Local Dirtied Blocks": 0,
                                "Local Written Blocks": 0,
                                "Temp Read Blocks": 0,
                                "Temp Written Blocks": 0,
                                "WAL Records": 0,
                                "WAL FPI": 0,
                                "WAL Bytes": 0
                            },
                            "Settings": {},
                            "Planning": {
                                "Shared Hit Blocks": 0,
                                "Shared Read Blocks": 0,
                                "Shared Dirtied Blocks": 0,
                                "Shared Written Blocks": 0,
                                "Local Hit Blocks": 0,
                                "Local Read Blocks": 0,
                                "Local Dirtied Blocks": 0,
                                "Local Written Blocks": 0,
                                "Temp Read Blocks": 0,
                                "Temp Written Blocks": 0
                            },
                            "Planning Time": 0.009,
                            "Triggers": [],
                            "Execution Time": 0.004
                        },
                        "all_ftr_time": 0.00035769999999999997,
                        "any_ftr_time": 0.0007056,
                        "exact_ftr_time": 3.3e-06
                    },
                    "100000": {
                        "all_time": 0.004832912387792021,
                        "any_time": 0.006458074902184308,
                        "exact_time": 0.0022326584090478717,
                        "table_size": 8519680.0,
                        "index_time": 0.03140691597945988,
                        "all_explanation": {
                            "Plan": {
                                "Node Type": "Seq Scan",
                                "Parallel Aware": false,
                                "Async Capable": false,
                                "Relation Name": "django_enum_tests_benchmark_flagtester015",
                                "Schema": "public",
                                "Alias": "django_enum_tests_benchmark_flagtester015",
                                "Startup Cost": 0.0,
                                "Total Cost": 2041.01,
                                "Plan Rows": 500,
                                "Plan Width": 12,
                                "Actual Startup Time": 0.006,
                                "Actual Total Time": 3.476,
                                "Actual Rows": 111,
                                "Actual Loops": 1,
                                "Output": [
                                    "id",
                                    "flags"
                                ],
                                "Filter": "((django_enum_tests_benchmark_flagtester015.flags & 15966) = 15966)",
                                "Rows Removed by Filter": 99890,
                                "Shared Hit Blocks": 541,
                                "Shared Read Blocks": 0,
                                "Shared Dirtied Blocks": 0,
                                "Shared Written Blocks": 0,
                                "Local Hit Blocks": 0,
                                "Local Read Blocks": 0,
                                "Local Dirtied Blocks": 0,
                                "Local Written Blocks": 0,
                                "Temp Read Blocks": 0,
                                "Temp Written Blocks": 0,
                                "WAL Records": 0,
                                "WAL FPI": 0,
                                "WAL Bytes": 0
                            },
                            "Settings": {},
                            "Planning": {
                                "Shared Hit Blocks": 0,
                                "Shared Read Blocks": 0,
                                "Shared Dirtied Blocks": 0,
                                "Shared Written Blocks": 0,
                                "Local Hit Blocks": 0,
                                "Local Read Blocks": 0,
                                "Local Dirtied Blocks": 0,
                                "Local Written Blocks": 0,
                                "Temp Read Blocks": 0,
                                "Temp Written Blocks": 0
                            },
                            "Planning Time": 0.007,
                            "Triggers": [],
                            "Execution Time": 3.479
                        },
                        "any_explanation": {
                            "Plan": {
                                "Node Type": "Seq Scan",
                                "Parallel Aware": false,
                                "Async Capable": false,
                                "Relation Name": "django_enum_tests_benchmark_flagtester015",
                                "Schema": "public",
                                "Alias": "django_enum_tests_benchmark_flagtester015",
                                "Startup Cost": 0.0,
                                "Total Cost": 2041.01,
                                "Plan Rows": 33334,
                                "Plan Width": 12,
                                "Actual Startup Time": 0.002,
                                "Actual Total Time": 4.673,
                                "Actual Rows": 99909,
                                "Actual Loops": 1,
                                "Output": [
                                    "id",
                                    "flags"
                                ],
                                "Filter": "((django_enum_tests_benchmark_flagtester015.flags & 15966) > 0)",
                                "Rows Removed by Filter": 92,
                                "Shared Hit Blocks": 541,
                                "Shared Read Blocks": 0,
                                "Shared Dirtied Blocks": 0,
                                "Shared Written Blocks": 0,
                                "Local Hit Blocks": 0,
                                "Local Read Blocks": 0,
                                "Local Dirtied Blocks": 0,
                                "Local Written Blocks": 0,
                                "Temp Read Blocks": 0,
                                "Temp Written Blocks": 0,
                                "WAL Records": 0,
                                "WAL FPI": 0,
                                "WAL Bytes": 0
                            },
                            "Settings": {},
                            "Planning": {
                                "Shared Hit Blocks": 0,
                                "Shared Read Blocks": 0,
                                "Shared Dirtied Blocks": 0,
                                "Shared Written Blocks": 0,
                                "Local Hit Blocks": 0,
                                "Local Read Blocks": 0,
                                "Local Dirtied Blocks": 0,
                                "Local Written Blocks": 0,
                                "Temp Read Blocks": 0,
                                "Temp Written Blocks": 0
                            },
                            "Planning Time": 0.006,
                            "Triggers": [],
                            "Execution Time": 6.78
                        },
                        "exact_explanation": {
                            "Plan": {
                                "Node Type": "Index Scan",
                                "Parallel Aware": false,
                                "Async Capable": false,
                                "Scan Direction": "Forward",
                                "Index Name": "flag_idx",
                                "Relation Name": "django_enum_tests_benchmark_flagtester015",
                                "Schema": "public",
                                "Alias": "django_enum_tests_benchmark_flagtester015",
                                "Startup Cost": 0.29,
                                "Total Cost": 8.31,
                                "Plan Rows": 1,
                                "Plan Width": 12,
                                "Actual Startup Time": 0.001,
                                "Actual Total Time": 0.002,
                                "Actual Rows": 2,
                                "Actual Loops": 1,
                                "Output": [
                                    "id",
                                    "flags"
                                ],
                                "Index Cond": "(django_enum_tests_benchmark_flagtester015.flags = 15966)",
                                "Rows Removed by Index Recheck": 0,
                                "Shared Hit Blocks": 4,
                                "Shared Read Blocks": 0,
                                "Shared Dirtied Blocks": 0,
                                "Shared Written Blocks": 0,
                                "Local Hit Blocks": 0,
                                "Local Read Blocks": 0,
                                "Local Dirtied Blocks": 0,
                                "Local Written Blocks": 0,
                                "Temp Read Blocks": 0,
                                "Temp Written Blocks": 0,
                                "WAL Records": 0,
                                "WAL FPI": 0,
                                "WAL Bytes": 0
                            },
                            "Settings": {},
                            "Planning": {
                                "Shared Hit Blocks": 0,
                                "Shared Read Blocks": 0,
                                "Shared Dirtied Blocks": 0,
                                "Shared Written Blocks": 0,
                                "Local Hit Blocks": 0,
                                "Local Read Blocks": 0,
                                "Local Dirtied Blocks": 0,
                                "Local Written Blocks": 0,
                                "Temp Read Blocks": 0,
                                "Temp Written Blocks": 0
                            },
                            "Planning Time": 0.007,
                            "Triggers": [],
                            "Execution Time": 0.003
                        },
                        "all_ftr_time": 0.0035486999999999993,
                        "any_ftr_time": 0.006771599999999999,
                        "exact_ftr_time": 3.900000000000001e-06
                    },
                    "1000000": {
                        "all_time": 0.018870191683527084,
                        "any_time": 0.023659425019286574,
                        "exact_time": 0.002541504113469273,
                        "table_size": 75497472.0,
                        "index_time": 0.2456594160757959,
                        "all_explanation": {
                            "Plan": {
                                "Node Type": "Gather",
                                "Parallel Aware": false,
                                "Async Capable": false,
                                "Startup Cost": 1000.0,
                                "Total Cost": 13156.01,
                                "Plan Rows": 5000,
                                "Plan Width": 12,
                                "Actual Startup Time": 0.149,
                                "Actual Total Time": 15.739,
                                "Actual Rows": 465,
                                "Actual Loops": 1,
                                "Output": [
                                    "id",
                                    "flags"
                                ],
                                "Workers Planned": 2,
                                "Workers Launched": 2,
                                "Single Copy": false,
                                "Shared Hit Blocks": 3181,
                                "Shared Read Blocks": 2225,
                                "Shared Dirtied Blocks": 0,
                                "Shared Written Blocks": 0,
                                "Local Hit Blocks": 0,
                                "Local Read Blocks": 0,
                                "Local Dirtied Blocks": 0,
                                "Local Written Blocks": 0,
                                "Temp Read Blocks": 0,
                                "Temp Written Blocks": 0,
                                "WAL Records": 0,
                                "WAL FPI": 0,
                                "WAL Bytes": 0,
                                "Plans": [
                                    {
                                        "Node Type": "Seq Scan",
                                        "Parent Relationship": "Outer",
                                        "Parallel Aware": true,
                                        "Async Capable": false,
                                        "Relation Name": "django_enum_tests_benchmark_flagtester015",
                                        "Schema": "public",
                                        "Alias": "django_enum_tests_benchmark_flagtester015",
                                        "Startup Cost": 0.0,
                                        "Total Cost": 11656.01,
                                        "Plan Rows": 2083,
                                        "Plan Width": 12,
                                        "Actual Startup Time": 0.074,
                                        "Actual Total Time": 13.593,
                                        "Actual Rows": 155,
                                        "Actual Loops": 3,
                                        "Output": [
                                            "id",
                                            "flags"
                                        ],
                                        "Filter": "((django_enum_tests_benchmark_flagtester015.flags & 15167) = 15167)",
                                        "Rows Removed by Filter": 333179,
                                        "Shared Hit Blocks": 3181,
                                        "Shared Read Blocks": 2225,
                                        "Shared Dirtied Blocks": 0,
                                        "Shared Written Blocks": 0,
                                        "Local Hit Blocks": 0,
                                        "Local Read Blocks": 0,
                                        "Local Dirtied Blocks": 0,
                                        "Local Written Blocks": 0,
                                        "Temp Read Blocks": 0,
                                        "Temp Written Blocks": 0,
                                        "WAL Records": 0,
                                        "WAL FPI": 0,
                                        "WAL Bytes": 0,
                                        "Workers": [
                                            {
                                                "Worker Number": 0,
                                                "Actual Startup Time": 0.068,
                                                "Actual Total Time": 13.021,
                                                "Actual Rows": 141,
                                                "Actual Loops": 1,
                                                "Shared Hit Blocks": 1022,
                                                "Shared Read Blocks": 665,
                                                "Shared Dirtied Blocks": 0,
                                                "Shared Written Blocks": 0,
                                                "Local Hit Blocks": 0,
                                                "Local Read Blocks": 0,
                                                "Local Dirtied Blocks": 0,
                                                "Local Written Blocks": 0,
                                                "Temp Read Blocks": 0,
                                                "Temp Written Blocks": 0,
                                                "WAL Records": 0,
                                                "WAL FPI": 0,
                                                "WAL Bytes": 0
                                            },
                                            {
                                                "Worker Number": 1,
                                                "Actual Startup Time": 0.056,
                                                "Actual Total Time": 12.955,
                                                "Actual Rows": 161,
                                                "Actual Loops": 1,
                                                "Shared Hit Blocks": 1028,
                                                "Shared Read Blocks": 660,
                                                "Shared Dirtied Blocks": 0,
                                                "Shared Written Blocks": 0,
                                                "Local Hit Blocks": 0,
                                                "Local Read Blocks": 0,
                                                "Local Dirtied Blocks": 0,
                                                "Local Written Blocks": 0,
                                                "Temp Read Blocks": 0,
                                                "Temp Written Blocks": 0,
                                                "WAL Records": 0,
                                                "WAL FPI": 0,
                                                "WAL Bytes": 0
                                            }
                                        ]
                                    }
                                ]
                            },
                            "Settings": {},
                            "Planning": {
                                "Shared Hit Blocks": 0,
                                "Shared Read Blocks": 0,
                                "Shared Dirtied Blocks": 0,
                                "Shared Written Blocks": 0,
                                "Local Hit Blocks": 0,
                                "Local Read Blocks": 0,
                                "Local Dirtied Blocks": 0,
                                "Local Written Blocks": 0,
                                "Temp Read Blocks": 0,
                                "Temp Written Blocks": 0
                            },
                            "Planning Time": 0.032,
                            "Triggers": [],
                            "Execution Time": 15.756
                        },
                        "any_explanation": {
                            "Plan": {
                                "Node Type": "Seq Scan",
                                "Parallel Aware": false,
                                "Async Capable": false,
                                "Relation Name": "django_enum_tests_benchmark_flagtester015",
                                "Schema": "public",
                                "Alias": "django_enum_tests_benchmark_flagtester015",
                                "Startup Cost": 0.0,
                                "Total Cost": 20406.01,
                                "Plan Rows": 333334,
                                "Plan Width": 12,
                                "Actual Startup Time": 0.008,
                                "Actual Total Time": 48.115,
                                "Actual Rows": 999514,
                                "Actual Loops": 1,
                                "Output": [
                                    "id",
                                    "flags"
                                ],
                                "Filter": "((django_enum_tests_benchmark_flagtester015.flags & 15167) > 0)",
                                "Rows Removed by Filter": 487,
                                "Shared Hit Blocks": 3373,
                                "Shared Read Blocks": 2033,
                                "Shared Dirtied Blocks": 0,
                                "Shared Written Blocks": 0,
                                "Local Hit Blocks": 0,
                                "Local Read Blocks": 0,
                                "Local Dirtied Blocks": 0,
                                "Local Written Blocks": 0,
                                "Temp Read Blocks": 0,
                                "Temp Written Blocks": 0,
                                "WAL Records": 0,
                                "WAL FPI": 0,
                                "WAL Bytes": 0
                            },
                            "Settings": {},
                            "Planning": {
                                "Shared Hit Blocks": 0,
                                "Shared Read Blocks": 0,
                                "Shared Dirtied Blocks": 0,
                                "Shared Written Blocks": 0,
                                "Local Hit Blocks": 0,
                                "Local Read Blocks": 0,
                                "Local Dirtied Blocks": 0,
                                "Local Written Blocks": 0,
                                "Temp Read Blocks": 0,
                                "Temp Written Blocks": 0
                            },
                            "Planning Time": 0.026,
                            "Triggers": [],
                            "Execution Time": 68.017
                        },
                        "exact_explanation": {
                            "Plan": {
                                "Node Type": "Index Scan",
                                "Parallel Aware": false,
                                "Async Capable": false,
                                "Scan Direction": "Forward",
                                "Index Name": "flag_idx",
                                "Relation Name": "django_enum_tests_benchmark_flagtester015",
                                "Schema": "public",
                                "Alias": "django_enum_tests_benchmark_flagtester015",
                                "Startup Cost": 0.42,
                                "Total Cost": 8.44,
                                "Plan Rows": 1,
                                "Plan Width": 12,
                                "Actual Startup Time": 0.002,
                                "Actual Total Time": 0.005,
                                "Actual Rows": 19,
                                "Actual Loops": 1,
                                "Output": [
                                    "id",
                                    "flags"
                                ],
                                "Index Cond": "(django_enum_tests_benchmark_flagtester015.flags = 15167)",
                                "Rows Removed by Index Recheck": 0,
                                "Shared Hit Blocks": 22,
                                "Shared Read Blocks": 0,
                                "Shared Dirtied Blocks": 0,
                                "Shared Written Blocks": 0,
                                "Local Hit Blocks": 0,
                                "Local Read Blocks": 0,
                                "Local Dirtied Blocks": 0,
                                "Local Written Blocks": 0,
                                "Temp Read Blocks": 0,
                                "Temp Written Blocks": 0,
                                "WAL Records": 0,
                                "WAL FPI": 0,
                                "WAL Bytes": 0
                            },
                            "Settings": {},
                            "Planning": {
                                "Shared Hit Blocks": 0,
                                "Shared Read Blocks": 0,
                                "Shared Dirtied Blocks": 0,
                                "Shared Written Blocks": 0,
                                "Local Hit Blocks": 0,
                                "Local Read Blocks": 0,
                                "Local Dirtied Blocks": 0,
                                "Local Written Blocks": 0,
                                "Temp Read Blocks": 0,
                                "Temp Written Blocks": 0
                            },
                            "Planning Time": 0.009,
                            "Triggers": [],
                            "Execution Time": 0.007
                        },
                        "all_ftr_time": 0.018035,
                        "any_ftr_time": 0.06967450000000001,
                        "exact_ftr_time": 7.400000000000001e-06
                    },
                    "2000000": {
                        "all_time": 0.033186299889348445,
                        "any_time": 0.04081112503772601,
                        "exact_time": 0.002472549898084253,
                        "table_size": 148897792.0,
                        "index_time": 0.5270529579138383,
                        "all_explanation": {
                            "Plan": {
                                "Node Type": "Gather",
                                "Parallel Aware": false,
                                "Async Capable": false,
                                "Startup Cost": 1000.0,
                                "Total Cost": 25311.01,
                                "Plan Rows": 10000,
                                "Plan Width": 12,
                                "Actual Startup Time": 0.227,
                                "Actual Total Time": 31.179,
                                "Actual Rows": 1963,
                                "Actual Loops": 1,
                                "Output": [
                                    "id",
                                    "flags"
                                ],
                                "Workers Planned": 2,
                                "Workers Launched": 2,
                                "Single Copy": false,
                                "Shared Hit Blocks": 3318,
                                "Shared Read Blocks": 7493,
                                "Shared Dirtied Blocks": 0,
                                "Shared Written Blocks": 0,
                                "Local Hit Blocks": 0,
                                "Local Read Blocks": 0,
                                "Local Dirtied Blocks": 0,
                                "Local Written Blocks": 0,
                                "Temp Read Blocks": 0,
                                "Temp Written Blocks": 0,
                                "WAL Records": 0,
                                "WAL FPI": 0,
                                "WAL Bytes": 0,
                                "Plans": [
                                    {
                                        "Node Type": "Seq Scan",
                                        "Parent Relationship": "Outer",
                                        "Parallel Aware": true,
                                        "Async Capable": false,
                                        "Relation Name": "django_enum_tests_benchmark_flagtester015",
                                        "Schema": "public",
                                        "Alias": "django_enum_tests_benchmark_flagtester015",
                                        "Startup Cost": 0.0,
                                        "Total Cost": 23311.01,
                                        "Plan Rows": 4167,
                                        "Plan Width": 12,
                                        "Actual Startup Time": 0.11,
                                        "Actual Total Time": 28.814,
                                        "Actual Rows": 654,
                                        "Actual Loops": 3,
                                        "Output": [
                                            "id",
                                            "flags"
                                        ],
                                        "Filter": "((django_enum_tests_benchmark_flagtester015.flags & 29595) = 29595)",
                                        "Rows Removed by Filter": 666013,
                                        "Shared Hit Blocks": 3318,
                                        "Shared Read Blocks": 7493,
                                        "Shared Dirtied Blocks": 0,
                                        "Shared Written Blocks": 0,
                                        "Local Hit Blocks": 0,
                                        "Local Read Blocks": 0,
                                        "Local Dirtied Blocks": 0,
                                        "Local Written Blocks": 0,
                                        "Temp Read Blocks": 0,
                                        "Temp Written Blocks": 0,
                                        "WAL Records": 0,
                                        "WAL FPI": 0,
                                        "WAL Bytes": 0,
                                        "Workers": [
                                            {
                                                "Worker Number": 0,
                                                "Actual Startup Time": 0.129,
                                                "Actual Total Time": 28.106,
                                                "Actual Rows": 654,
                                                "Actual Loops": 1,
                                                "Shared Hit Blocks": 1067,
                                                "Shared Read Blocks": 2405,
                                                "Shared Dirtied Blocks": 0,
                                                "Shared Written Blocks": 0,
                                                "Local Hit Blocks": 0,
                                                "Local Read Blocks": 0,
                                                "Local Dirtied Blocks": 0,
                                                "Local Written Blocks": 0,
                                                "Temp Read Blocks": 0,
                                                "Temp Written Blocks": 0,
                                                "WAL Records": 0,
                                                "WAL FPI": 0,
                                                "WAL Bytes": 0
                                            },
                                            {
                                                "Worker Number": 1,
                                                "Actual Startup Time": 0.029,
                                                "Actual Total Time": 28.22,
                                                "Actual Rows": 593,
                                                "Actual Loops": 1,
                                                "Shared Hit Blocks": 1058,
                                                "Shared Read Blocks": 2418,
                                                "Shared Dirtied Blocks": 0,
                                                "Shared Written Blocks": 0,
                                                "Local Hit Blocks": 0,
                                                "Local Read Blocks": 0,
                                                "Local Dirtied Blocks": 0,
                                                "Local Written Blocks": 0,
                                                "Temp Read Blocks": 0,
                                                "Temp Written Blocks": 0,
                                                "WAL Records": 0,
                                                "WAL FPI": 0,
                                                "WAL Bytes": 0
                                            }
                                        ]
                                    }
                                ]
                            },
                            "Settings": {},
                            "Planning": {
                                "Shared Hit Blocks": 0,
                                "Shared Read Blocks": 0,
                                "Shared Dirtied Blocks": 0,
                                "Shared Written Blocks": 0,
                                "Local Hit Blocks": 0,
                                "Local Read Blocks": 0,
                                "Local Dirtied Blocks": 0,
                                "Local Written Blocks": 0,
                                "Temp Read Blocks": 0,
                                "Temp Written Blocks": 0
                            },
                            "Planning Time": 0.033,
                            "Triggers": [],
                            "Execution Time": 31.23
                        },
                        "any_explanation": {
                            "Plan": {
                                "Node Type": "Seq Scan",
                                "Parallel Aware": false,
                                "Async Capable": false,
                                "Relation Name": "django_enum_tests_benchmark_flagtester015",
                                "Schema": "public",
                                "Alias": "django_enum_tests_benchmark_flagtester015",
                                "Startup Cost": 0.0,
                                "Total Cost": 40811.01,
                                "Plan Rows": 666667,
                                "Plan Width": 12,
                                "Actual Startup Time": 0.013,
                                "Actual Total Time": 98.586,
                                "Actual Rows": 1998066,
                                "Actual Loops": 1,
                                "Output": [
                                    "id",
                                    "flags"
                                ],
                                "Filter": "((django_enum_tests_benchmark_flagtester015.flags & 29595) > 0)",
                                "Rows Removed by Filter": 1935,
                                "Shared Hit Blocks": 3510,
                                "Shared Read Blocks": 7301,
                                "Shared Dirtied Blocks": 0,
                                "Shared Written Blocks": 0,
                                "Local Hit Blocks": 0,
                                "Local Read Blocks": 0,
                                "Local Dirtied Blocks": 0,
                                "Local Written Blocks": 0,
                                "Temp Read Blocks": 0,
                                "Temp Written Blocks": 0,
                                "WAL Records": 0,
                                "WAL FPI": 0,
                                "WAL Bytes": 0
                            },
                            "Settings": {},
                            "Planning": {
                                "Shared Hit Blocks": 0,
                                "Shared Read Blocks": 0,
                                "Shared Dirtied Blocks": 0,
                                "Shared Written Blocks": 0,
                                "Local Hit Blocks": 0,
                                "Local Read Blocks": 0,
                                "Local Dirtied Blocks": 0,
                                "Local Written Blocks": 0,
                                "Temp Read Blocks": 0,
                                "Temp Written Blocks": 0
                            },
                            "Planning Time": 0.027,
                            "Triggers": [],
                            "Execution Time": 138.325
                        },
                        "exact_explanation": {
                            "Plan": {
                                "Node Type": "Index Scan",
                                "Parallel Aware": false,
                                "Async Capable": false,
                                "Scan Direction": "Forward",
                                "Index Name": "flag_idx",
                                "Relation Name": "django_enum_tests_benchmark_flagtester015",
                                "Schema": "public",
                                "Alias": "django_enum_tests_benchmark_flagtester015",
                                "Startup Cost": 0.43,
                                "Total Cost": 8.45,
                                "Plan Rows": 1,
                                "Plan Width": 12,
                                "Actual Startup Time": 0.002,
                                "Actual Total Time": 0.006,
                                "Actual Rows": 28,
                                "Actual Loops": 1,
                                "Output": [
                                    "id",
                                    "flags"
                                ],
                                "Index Cond": "(django_enum_tests_benchmark_flagtester015.flags = 29595)",
                                "Rows Removed by Index Recheck": 0,
                                "Shared Hit Blocks": 31,
                                "Shared Read Blocks": 0,
                                "Shared Dirtied Blocks": 0,
                                "Shared Written Blocks": 0,
                                "Local Hit Blocks": 0,
                                "Local Read Blocks": 0,
                                "Local Dirtied Blocks": 0,
                                "Local Written Blocks": 0,
                                "Temp Read Blocks": 0,
                                "Temp Written Blocks": 0,
                                "WAL Records": 0,
                                "WAL FPI": 0,
                                "WAL Bytes": 0
                            },
                            "Settings": {},
                            "Planning": {
                                "Shared Hit Blocks": 0,
                                "Shared Read Blocks": 0,
                                "Shared Dirtied Blocks": 0,
                                "Shared Written Blocks": 0,
                                "Local Hit Blocks": 0,
                                "Local Read Blocks": 0,
                                "Local Dirtied Blocks": 0,
                                "Local Written Blocks": 0,
                                "Temp Read Blocks": 0,
                                "Temp Written Blocks": 0
                            },
                            "Planning Time": 0.012,
                            "Triggers": [],
                            "Execution Time": 0.01
                        },
                        "all_ftr_time": 0.03655340000000001,
                        "any_ftr_time": 0.13859679999999996,
                        "exact_ftr_time": 9.799999999999998e-06
                    },
                    "4000000": {
                        "all_time": 0.06295559162972494,
                        "any_time": 0.07724248729646206,
                        "exact_time": 0.0027350877993740142,
                        "table_size": 294649856.0,
                        "index_time": 1.088221833924763,
                        "all_explanation": {
                            "Plan": {
                                "Node Type": "Gather",
                                "Parallel Aware": false,
                                "Async Capable": false,
                                "Startup Cost": 1000.0,
                                "Total Cost": 49622.01,
                                "Plan Rows": 20000,
                                "Plan Width": 12,
                                "Actual Startup Time": 0.103,
                                "Actual Total Time": 59.127,
                                "Actual Rows": 3918,
                                "Actual Loops": 1,
                                "Output": [
                                    "id",
                                    "flags"
                                ],
                                "Workers Planned": 2,
                                "Workers Launched": 2,
                                "Single Copy": false,
                                "Shared Hit Blocks": 3629,
                                "Shared Read Blocks": 17993,
                                "Shared Dirtied Blocks": 0,
                                "Shared Written Blocks": 0,
                                "Local Hit Blocks": 0,
                                "Local Read Blocks": 0,
                                "Local Dirtied Blocks": 0,
                                "Local Written Blocks": 0,
                                "Temp Read Blocks": 0,
                                "Temp Written Blocks": 0,
                                "WAL Records": 0,
                                "WAL FPI": 0,
                                "WAL Bytes": 0,
                                "Plans": [
                                    {
                                        "Node Type": "Seq Scan",
                                        "Parent Relationship": "Outer",
                                        "Parallel Aware": true,
                                        "Async Capable": false,
                                        "Relation Name": "django_enum_tests_benchmark_flagtester015",
                                        "Schema": "public",
                                        "Alias": "django_enum_tests_benchmark_flagtester015",
                                        "Startup Cost": 0.0,
                                        "Total Cost": 46622.01,
                                        "Plan Rows": 8333,
                                        "Plan Width": 12,
                                        "Actual Startup Time": 0.101,
                                        "Actual Total Time": 56.687,
                                        "Actual Rows": 1306,
                                        "Actual Loops": 3,
                                        "Output": [
                                            "id",
                                            "flags"
                                        ],
                                        "Filter": "((django_enum_tests_benchmark_flagtester015.flags & 60316) = 60316)",
                                        "Rows Removed by Filter": 1332028,
                                        "Shared Hit Blocks": 3629,
                                        "Shared Read Blocks": 17993,
                                        "Shared Dirtied Blocks": 0,
                                        "Shared Written Blocks": 0,
                                        "Local Hit Blocks": 0,
                                        "Local Read Blocks": 0,
                                        "Local Dirtied Blocks": 0,
                                        "Local Written Blocks": 0,
                                        "Temp Read Blocks": 0,
                                        "Temp Written Blocks": 0,
                                        "WAL Records": 0,
                                        "WAL FPI": 0,
                                        "WAL Bytes": 0,
                                        "Workers": [
                                            {
                                                "Worker Number": 0,
                                                "Actual Startup Time": 0.166,
                                                "Actual Total Time": 56.065,
                                                "Actual Rows": 1255,
                                                "Actual Loops": 1,
                                                "Shared Hit Blocks": 1185,
                                                "Shared Read Blocks": 5909,
                                                "Shared Dirtied Blocks": 0,
                                                "Shared Written Blocks": 0,
                                                "Local Hit Blocks": 0,
                                                "Local Read Blocks": 0,
                                                "Local Dirtied Blocks": 0,
                                                "Local Written Blocks": 0,
                                                "Temp Read Blocks": 0,
                                                "Temp Written Blocks": 0,
                                                "WAL Records": 0,
                                                "WAL FPI": 0,
                                                "WAL Bytes": 0
                                            },
                                            {
                                                "Worker Number": 1,
                                                "Actual Startup Time": 0.093,
                                                "Actual Total Time": 56.058,
                                                "Actual Rows": 1253,
                                                "Actual Loops": 1,
                                                "Shared Hit Blocks": 1155,
                                                "Shared Read Blocks": 5927,
                                                "Shared Dirtied Blocks": 0,
                                                "Shared Written Blocks": 0,
                                                "Local Hit Blocks": 0,
                                                "Local Read Blocks": 0,
                                                "Local Dirtied Blocks": 0,
                                                "Local Written Blocks": 0,
                                                "Temp Read Blocks": 0,
                                                "Temp Written Blocks": 0,
                                                "WAL Records": 0,
                                                "WAL FPI": 0,
                                                "WAL Bytes": 0
                                            }
                                        ]
                                    }
                                ]
                            },
                            "Settings": {},
                            "Planning": {
                                "Shared Hit Blocks": 0,
                                "Shared Read Blocks": 0,
                                "Shared Dirtied Blocks": 0,
                                "Shared Written Blocks": 0,
                                "Local Hit Blocks": 0,
                                "Local Read Blocks": 0,
                                "Local Dirtied Blocks": 0,
                                "Local Written Blocks": 0,
                                "Temp Read Blocks": 0,
                                "Temp Written Blocks": 0
                            },
                            "Planning Time": 0.035,
                            "Triggers": [],
                            "Execution Time": 59.223
                        },
                        "any_explanation": {
                            "Plan": {
                                "Node Type": "Seq Scan",
                                "Parallel Aware": false,
                                "Async Capable": false,
                                "Relation Name": "django_enum_tests_benchmark_flagtester015",
                                "Schema": "public",
                                "Alias": "django_enum_tests_benchmark_flagtester015",
                                "Startup Cost": 0.0,
                                "Total Cost": 81622.01,
                                "Plan Rows": 1333334,
                                "Plan Width": 12,
                                "Actual Startup Time": 0.009,
                                "Actual Total Time": 199.796,
                                "Actual Rows": 3996129,
                                "Actual Loops": 1,
                                "Output": [
                                    "id",
                                    "flags"
                                ],
                                "Filter": "((django_enum_tests_benchmark_flagtester015.flags & 60316) > 0)",
                                "Rows Removed by Filter": 3872,
                                "Shared Hit Blocks": 3821,
                                "Shared Read Blocks": 17801,
                                "Shared Dirtied Blocks": 0,
                                "Shared Written Blocks": 0,
                                "Local Hit Blocks": 0,
                                "Local Read Blocks": 0,
                                "Local Dirtied Blocks": 0,
                                "Local Written Blocks": 0,
                                "Temp Read Blocks": 0,
                                "Temp Written Blocks": 0,
                                "WAL Records": 0,
                                "WAL FPI": 0,
                                "WAL Bytes": 0
                            },
                            "Settings": {},
                            "Planning": {
                                "Shared Hit Blocks": 0,
                                "Shared Read Blocks": 0,
                                "Shared Dirtied Blocks": 0,
                                "Shared Written Blocks": 0,
                                "Local Hit Blocks": 0,
                                "Local Read Blocks": 0,
                                "Local Dirtied Blocks": 0,
                                "Local Written Blocks": 0,
                                "Temp Read Blocks": 0,
                                "Temp Written Blocks": 0
                            },
                            "Planning Time": 0.029,
                            "Triggers": [],
                            "Execution Time": 279.367
                        },
                        "exact_explanation": {
                            "Plan": {
                                "Node Type": "Bitmap Heap Scan",
                                "Parallel Aware": false,
                                "Async Capable": false,
                                "Relation Name": "django_enum_tests_benchmark_flagtester015",
                                "Schema": "public",
                                "Alias": "django_enum_tests_benchmark_flagtester015",
                                "Startup Cost": 4.91,
                                "Total Cost": 243.73,
                                "Plan Rows": 62,
                                "Plan Width": 12,
                                "Actual Startup Time": 0.006,
                                "Actual Total Time": 0.016,
                                "Actual Rows": 63,
                                "Actual Loops": 1,
                                "Output": [
                                    "id",
                                    "flags"
                                ],
                                "Recheck Cond": "(django_enum_tests_benchmark_flagtester015.flags = 60316)",
                                "Rows Removed by Index Recheck": 0,
                                "Exact Heap Blocks": 63,
                                "Lossy Heap Blocks": 0,
                                "Shared Hit Blocks": 66,
                                "Shared Read Blocks": 0,
                                "Shared Dirtied Blocks": 0,
                                "Shared Written Blocks": 0,
                                "Local Hit Blocks": 0,
                                "Local Read Blocks": 0,
                                "Local Dirtied Blocks": 0,
                                "Local Written Blocks": 0,
                                "Temp Read Blocks": 0,
                                "Temp Written Blocks": 0,
                                "WAL Records": 0,
                                "WAL FPI": 0,
                                "WAL Bytes": 0,
                                "Plans": [
                                    {
                                        "Node Type": "Bitmap Index Scan",
                                        "Parent Relationship": "Outer",
                                        "Parallel Aware": false,
                                        "Async Capable": false,
                                        "Index Name": "flag_idx",
                                        "Startup Cost": 0.0,
                                        "Total Cost": 4.89,
                                        "Plan Rows": 62,
                                        "Plan Width": 0,
                                        "Actual Startup Time": 0.003,
                                        "Actual Total Time": 0.003,
                                        "Actual Rows": 63,
                                        "Actual Loops": 1,
                                        "Index Cond": "(django_enum_tests_benchmark_flagtester015.flags = 60316)",
                                        "Shared Hit Blocks": 3,
                                        "Shared Read Blocks": 0,
                                        "Shared Dirtied Blocks": 0,
                                        "Shared Written Blocks": 0,
                                        "Local Hit Blocks": 0,
                                        "Local Read Blocks": 0,
                                        "Local Dirtied Blocks": 0,
                                        "Local Written Blocks": 0,
                                        "Temp Read Blocks": 0,
                                        "Temp Written Blocks": 0,
                                        "WAL Records": 0,
                                        "WAL FPI": 0,
                                        "WAL Bytes": 0
                                    }
                                ]
                            },
                            "Settings": {},
                            "Planning": {
                                "Shared Hit Blocks": 0,
                                "Shared Read Blocks": 0,
                                "Shared Dirtied Blocks": 0,
                                "Shared Written Blocks": 0,
                                "Local Hit Blocks": 0,
                                "Local Read Blocks": 0,
                                "Local Dirtied Blocks": 0,
                                "Local Written Blocks": 0,
                                "Temp Read Blocks": 0,
                                "Temp Written Blocks": 0
                            },
                            "Planning Time": 0.009,
                            "Triggers": [],
                            "Execution Time": 0.02
                        },
                        "all_ftr_time": 0.0658393,
                        "any_ftr_time": 0.28014710000000004,
                        "exact_ftr_time": 2.1799999999999998e-05
                    },
                    "6000000": {
                        "all_time": 0.09221510430797934,
                        "any_time": 0.11314995849970728,
                        "exact_time": 0.002984774997457862,
                        "table_size": 442499072.0,
                        "index_time": 1.5739978339988738,
                        "all_explanation": {
                            "Plan": {
                                "Node Type": "Gather",
                                "Parallel Aware": false,
                                "Async Capable": false,
                                "Startup Cost": 1000.0,
                                "Total Cost": 73933.01,
                                "Plan Rows": 30000,
                                "Plan Width": 12,
                                "Actual Startup Time": 0.061,
                                "Actual Total Time": 93.015,
                                "Actual Rows": 94160,
                                "Actual Loops": 1,
                                "Output": [
                                    "id",
                                    "flags"
                                ],
                                "Workers Planned": 2,
                                "Workers Launched": 2,
                                "Single Copy": false,
                                "Shared Hit Blocks": 3876,
                                "Shared Read Blocks": 28557,
                                "Shared Dirtied Blocks": 0,
                                "Shared Written Blocks": 0,
                                "Local Hit Blocks": 0,
                                "Local Read Blocks": 0,
                                "Local Dirtied Blocks": 0,
                                "Local Written Blocks": 0,
                                "Temp Read Blocks": 0,
                                "Temp Written Blocks": 0,
                                "WAL Records": 0,
                                "WAL FPI": 0,
                                "WAL Bytes": 0,
                                "Plans": [
                                    {
                                        "Node Type": "Seq Scan",
                                        "Parent Relationship": "Outer",
                                        "Parallel Aware": true,
                                        "Async Capable": false,
                                        "Relation Name": "django_enum_tests_benchmark_flagtester015",
                                        "Schema": "public",
                                        "Alias": "django_enum_tests_benchmark_flagtester015",
                                        "Startup Cost": 0.0,
                                        "Total Cost": 69933.01,
                                        "Plan Rows": 12500,
                                        "Plan Width": 12,
                                        "Actual Startup Time": 0.016,
                                        "Actual Total Time": 86.132,
                                        "Actual Rows": 31387,
                                        "Actual Loops": 3,
                                        "Output": [
                                            "id",
                                            "flags"
                                        ],
                                        "Filter": "((django_enum_tests_benchmark_flagtester015.flags & 26886) = 26886)",
                                        "Rows Removed by Filter": 1968614,
                                        "Shared Hit Blocks": 3876,
                                        "Shared Read Blocks": 28557,
                                        "Shared Dirtied Blocks": 0,
                                        "Shared Written Blocks": 0,
                                        "Local Hit Blocks": 0,
                                        "Local Read Blocks": 0,
                                        "Local Dirtied Blocks": 0,
                                        "Local Written Blocks": 0,
                                        "Temp Read Blocks": 0,
                                        "Temp Written Blocks": 0,
                                        "WAL Records": 0,
                                        "WAL FPI": 0,
                                        "WAL Bytes": 0,
                                        "Workers": [
                                            {
                                                "Worker Number": 0,
                                                "Actual Startup Time": 0.021,
                                                "Actual Total Time": 86.835,
                                                "Actual Rows": 31622,
                                                "Actual Loops": 1,
                                                "Shared Hit Blocks": 1272,
                                                "Shared Read Blocks": 9593,
                                                "Shared Dirtied Blocks": 0,
                                                "Shared Written Blocks": 0,
                                                "Local Hit Blocks": 0,
                                                "Local Read Blocks": 0,
                                                "Local Dirtied Blocks": 0,
                                                "Local Written Blocks": 0,
                                                "Temp Read Blocks": 0,
                                                "Temp Written Blocks": 0,
                                                "WAL Records": 0,
                                                "WAL FPI": 0,
                                                "WAL Bytes": 0
                                            },
                                            {
                                                "Worker Number": 1,
                                                "Actual Startup Time": 0.02,
                                                "Actual Total Time": 86.792,
                                                "Actual Rows": 31484,
                                                "Actual Loops": 1,
                                                "Shared Hit Blocks": 1294,
                                                "Shared Read Blocks": 9579,
                                                "Shared Dirtied Blocks": 0,
                                                "Shared Written Blocks": 0,
                                                "Local Hit Blocks": 0,
                                                "Local Read Blocks": 0,
                                                "Local Dirtied Blocks": 0,
                                                "Local Written Blocks": 0,
                                                "Temp Read Blocks": 0,
                                                "Temp Written Blocks": 0,
                                                "WAL Records": 0,
                                                "WAL FPI": 0,
                                                "WAL Bytes": 0
                                            }
                                        ]
                                    }
                                ]
                            },
                            "Settings": {},
                            "Planning": {
                                "Shared Hit Blocks": 0,
                                "Shared Read Blocks": 0,
                                "Shared Dirtied Blocks": 0,
                                "Shared Written Blocks": 0,
                                "Local Hit Blocks": 0,
                                "Local Read Blocks": 0,
                                "Local Dirtied Blocks": 0,
                                "Local Written Blocks": 0,
                                "Temp Read Blocks": 0,
                                "Temp Written Blocks": 0
                            },
                            "Planning Time": 0.032,
                            "Triggers": [],
                            "Execution Time": 95.139
                        },
                        "any_explanation": {
                            "Plan": {
                                "Node Type": "Seq Scan",
                                "Parallel Aware": false,
                                "Async Capable": false,
                                "Relation Name": "django_enum_tests_benchmark_flagtester015",
                                "Schema": "public",
                                "Alias": "django_enum_tests_benchmark_flagtester015",
                                "Startup Cost": 0.0,
                                "Total Cost": 122433.01,
                                "Plan Rows": 2000000,
                                "Plan Width": 12,
                                "Actual Startup Time": 0.009,
                                "Actual Total Time": 301.479,
                                "Actual Rows": 5906708,
                                "Actual Loops": 1,
                                "Output": [
                                    "id",
                                    "flags"
                                ],
                                "Filter": "((django_enum_tests_benchmark_flagtester015.flags & 26886) > 0)",
                                "Rows Removed by Filter": 93293,
                                "Shared Hit Blocks": 4068,
                                "Shared Read Blocks": 28365,
                                "Shared Dirtied Blocks": 0,
                                "Shared Written Blocks": 0,
                                "Local Hit Blocks": 0,
                                "Local Read Blocks": 0,
                                "Local Dirtied Blocks": 0,
                                "Local Written Blocks": 0,
                                "Temp Read Blocks": 0,
                                "Temp Written Blocks": 0,
                                "WAL Records": 0,
                                "WAL FPI": 0,
                                "WAL Bytes": 0
                            },
                            "Settings": {},
                            "Planning": {
                                "Shared Hit Blocks": 0,
                                "Shared Read Blocks": 0,
                                "Shared Dirtied Blocks": 0,
                                "Shared Written Blocks": 0,
                                "Local Hit Blocks": 0,
                                "Local Read Blocks": 0,
                                "Local Dirtied Blocks": 0,
                                "Local Written Blocks": 0,
                                "Temp Read Blocks": 0,
                                "Temp Written Blocks": 0
                            },
                            "Planning Time": 0.028,
                            "Triggers": [],
                            "Execution Time": 418.92
                        },
                        "exact_explanation": {
                            "Plan": {
                                "Node Type": "Bitmap Heap Scan",
                                "Parallel Aware": false,
                                "Async Capable": false,
                                "Relation Name": "django_enum_tests_benchmark_flagtester015",
                                "Schema": "public",
                                "Alias": "django_enum_tests_benchmark_flagtester015",
                                "Startup Cost": 5.16,
                                "Total Cost": 367.15,
                                "Plan Rows": 94,
                                "Plan Width": 12,
                                "Actual Startup Time": 0.009,
                                "Actual Total Time": 0.024,
                                "Actual Rows": 87,
                                "Actual Loops": 1,
                                "Output": [
                                    "id",
                                    "flags"
                                ],
                                "Recheck Cond": "(django_enum_tests_benchmark_flagtester015.flags = 26886)",
                                "Rows Removed by Index Recheck": 0,
                                "Exact Heap Blocks": 87,
                                "Lossy Heap Blocks": 0,
                                "Shared Hit Blocks": 90,
                                "Shared Read Blocks": 0,
                                "Shared Dirtied Blocks": 0,
                                "Shared Written Blocks": 0,
                                "Local Hit Blocks": 0,
                                "Local Read Blocks": 0,
                                "Local Dirtied Blocks": 0,
                                "Local Written Blocks": 0,
                                "Temp Read Blocks": 0,
                                "Temp Written Blocks": 0,
                                "WAL Records": 0,
                                "WAL FPI": 0,
                                "WAL Bytes": 0,
                                "Plans": [
                                    {
                                        "Node Type": "Bitmap Index Scan",
                                        "Parent Relationship": "Outer",
                                        "Parallel Aware": false,
                                        "Async Capable": false,
                                        "Index Name": "flag_idx",
                                        "Startup Cost": 0.0,
                                        "Total Cost": 5.14,
                                        "Plan Rows": 94,
                                        "Plan Width": 0,
                                        "Actual Startup Time": 0.004,
                                        "Actual Total Time": 0.004,
                                        "Actual Rows": 87,
                                        "Actual Loops": 1,
                                        "Index Cond": "(django_enum_tests_benchmark_flagtester015.flags = 26886)",
                                        "Shared Hit Blocks": 3,
                                        "Shared Read Blocks": 0,
                                        "Shared Dirtied Blocks": 0,
                                        "Shared Written Blocks": 0,
                                        "Local Hit Blocks": 0,
                                        "Local Read Blocks": 0,
                                        "Local Dirtied Blocks": 0,
                                        "Local Written Blocks": 0,
                                        "Temp Read Blocks": 0,
                                        "Temp Written Blocks": 0,
                                        "WAL Records": 0,
                                        "WAL FPI": 0,
                                        "WAL Bytes": 0
                                    }
                                ]
                            },
                            "Settings": {},
                            "Planning": {
                                "Shared Hit Blocks": 0,
                                "Shared Read Blocks": 0,
                                "Shared Dirtied Blocks": 0,
                                "Shared Written Blocks": 0,
                                "Local Hit Blocks": 0,
                                "Local Read Blocks": 0,
                                "Local Dirtied Blocks": 0,
                                "Local Written Blocks": 0,
                                "Temp Read Blocks": 0,
                                "Temp Written Blocks": 0
                            },
                            "Planning Time": 0.013,
                            "Triggers": [],
                            "Execution Time": 0.029
                        },
                        "all_ftr_time": 0.0949959,
                        "any_ftr_time": 0.4211015,
                        "exact_ftr_time": 2.8100000000000002e-05
                    },
                    "8000000": {
                        "all_time": 0.12183447509305552,
                        "any_time": 0.1495588625082746,
                        "exact_time": 0.002736770804040134,
                        "table_size": 591396864.0,
                        "index_time": 2.181899500079453,
                        "all_explanation": {
                            "Plan": {
                                "Node Type": "Gather",
                                "Parallel Aware": false,
                                "Async Capable": false,
                                "Startup Cost": 1000.0,
                                "Total Cost": 98244.01,
                                "Plan Rows": 40000,
                                "Plan Width": 12,
                                "Actual Startup Time": 0.061,
                                "Actual Total Time": 131.239,
                                "Actual Rows": 250342,
                                "Actual Loops": 1,
                                "Output": [
                                    "id",
                                    "flags"
                                ],
                                "Workers Planned": 2,
                                "Workers Launched": 2,
                                "Single Copy": false,
                                "Shared Hit Blocks": 4150,
                                "Shared Read Blocks": 39094,
                                "Shared Dirtied Blocks": 0,
                                "Shared Written Blocks": 0,
                                "Local Hit Blocks": 0,
                                "Local Read Blocks": 0,
                                "Local Dirtied Blocks": 0,
                                "Local Written Blocks": 0,
                                "Temp Read Blocks": 0,
                                "Temp Written Blocks": 0,
                                "WAL Records": 0,
                                "WAL FPI": 0,
                                "WAL Bytes": 0,
                                "Plans": [
                                    {
                                        "Node Type": "Seq Scan",
                                        "Parent Relationship": "Outer",
                                        "Parallel Aware": true,
                                        "Async Capable": false,
                                        "Relation Name": "django_enum_tests_benchmark_flagtester015",
                                        "Schema": "public",
                                        "Alias": "django_enum_tests_benchmark_flagtester015",
                                        "Startup Cost": 0.0,
                                        "Total Cost": 93244.01,
                                        "Plan Rows": 16667,
                                        "Plan Width": 12,
                                        "Actual Startup Time": 0.016,
                                        "Actual Total Time": 115.972,
                                        "Actual Rows": 83447,
                                        "Actual Loops": 3,
                                        "Output": [
                                            "id",
                                            "flags"
                                        ],
                                        "Filter": "((django_enum_tests_benchmark_flagtester015.flags & 7426) = 7426)",
                                        "Rows Removed by Filter": 2583220,
                                        "Shared Hit Blocks": 4150,
                                        "Shared Read Blocks": 39094,
                                        "Shared Dirtied Blocks": 0,
                                        "Shared Written Blocks": 0,
                                        "Local Hit Blocks": 0,
                                        "Local Read Blocks": 0,
                                        "Local Dirtied Blocks": 0,
                                        "Local Written Blocks": 0,
                                        "Temp Read Blocks": 0,
                                        "Temp Written Blocks": 0,
                                        "WAL Records": 0,
                                        "WAL FPI": 0,
                                        "WAL Bytes": 0,
                                        "Workers": [
                                            {
                                                "Worker Number": 0,
                                                "Actual Startup Time": 0.02,
                                                "Actual Total Time": 118.762,
                                                "Actual Rows": 85636,
                                                "Actual Loops": 1,
                                                "Shared Hit Blocks": 1392,
                                                "Shared Read Blocks": 13378,
                                                "Shared Dirtied Blocks": 0,
                                                "Shared Written Blocks": 0,
                                                "Local Hit Blocks": 0,
                                                "Local Read Blocks": 0,
                                                "Local Dirtied Blocks": 0,
                                                "Local Written Blocks": 0,
                                                "Temp Read Blocks": 0,
                                                "Temp Written Blocks": 0,
                                                "WAL Records": 0,
                                                "WAL FPI": 0,
                                                "WAL Bytes": 0
                                            },
                                            {
                                                "Worker Number": 1,
                                                "Actual Startup Time": 0.017,
                                                "Actual Total Time": 118.853,
                                                "Actual Rows": 85374,
                                                "Actual Loops": 1,
                                                "Shared Hit Blocks": 1404,
                                                "Shared Read Blocks": 13365,
                                                "Shared Dirtied Blocks": 0,
                                                "Shared Written Blocks": 0,
                                                "Local Hit Blocks": 0,
                                                "Local Read Blocks": 0,
                                                "Local Dirtied Blocks": 0,
                                                "Local Written Blocks": 0,
                                                "Temp Read Blocks": 0,
                                                "Temp Written Blocks": 0,
                                                "WAL Records": 0,
                                                "WAL FPI": 0,
                                                "WAL Bytes": 0
                                            }
                                        ]
                                    }
                                ]
                            },
                            "Settings": {},
                            "Planning": {
                                "Shared Hit Blocks": 0,
                                "Shared Read Blocks": 0,
                                "Shared Dirtied Blocks": 0,
                                "Shared Written Blocks": 0,
                                "Local Hit Blocks": 0,
                                "Local Read Blocks": 0,
                                "Local Dirtied Blocks": 0,
                                "Local Written Blocks": 0,
                                "Temp Read Blocks": 0,
                                "Temp Written Blocks": 0
                            },
                            "Planning Time": 0.034,
                            "Triggers": [],
                            "Execution Time": 136.794
                        },
                        "any_explanation": {
                            "Plan": {
                                "Node Type": "Seq Scan",
                                "Parallel Aware": false,
                                "Async Capable": false,
                                "Relation Name": "django_enum_tests_benchmark_flagtester015",
                                "Schema": "public",
                                "Alias": "django_enum_tests_benchmark_flagtester015",
                                "Startup Cost": 0.0,
                                "Total Cost": 163244.02,
                                "Plan Rows": 2666667,
                                "Plan Width": 12,
                                "Actual Startup Time": 0.008,
                                "Actual Total Time": 403.186,
                                "Actual Rows": 7749733,
                                "Actual Loops": 1,
                                "Output": [
                                    "id",
                                    "flags"
                                ],
                                "Filter": "((django_enum_tests_benchmark_flagtester015.flags & 7426) > 0)",
                                "Rows Removed by Filter": 250268,
                                "Shared Hit Blocks": 4342,
                                "Shared Read Blocks": 38902,
                                "Shared Dirtied Blocks": 0,
                                "Shared Written Blocks": 0,
                                "Local Hit Blocks": 0,
                                "Local Read Blocks": 0,
                                "Local Dirtied Blocks": 0,
                                "Local Written Blocks": 0,
                                "Temp Read Blocks": 0,
                                "Temp Written Blocks": 0,
                                "WAL Records": 0,
                                "WAL FPI": 0,
                                "WAL Bytes": 0
                            },
                            "Settings": {},
                            "Planning": {
                                "Shared Hit Blocks": 0,
                                "Shared Read Blocks": 0,
                                "Shared Dirtied Blocks": 0,
                                "Shared Written Blocks": 0,
                                "Local Hit Blocks": 0,
                                "Local Read Blocks": 0,
                                "Local Dirtied Blocks": 0,
                                "Local Written Blocks": 0,
                                "Temp Read Blocks": 0,
                                "Temp Written Blocks": 0
                            },
                            "Planning Time": 0.029,
                            "Triggers": [],
                            "Execution Time": 557.415
                        },
                        "exact_explanation": {
                            "Plan": {
                                "Node Type": "Bitmap Heap Scan",
                                "Parallel Aware": false,
                                "Async Capable": false,
                                "Relation Name": "django_enum_tests_benchmark_flagtester015",
                                "Schema": "public",
                                "Alias": "django_enum_tests_benchmark_flagtester015",
                                "Startup Cost": 5.4,
                                "Total Cost": 486.8,
                                "Plan Rows": 125,
                                "Plan Width": 12,
                                "Actual Startup Time": 0.008,
                                "Actual Total Time": 0.026,
                                "Actual Rows": 110,
                                "Actual Loops": 1,
                                "Output": [
                                    "id",
                                    "flags"
                                ],
                                "Recheck Cond": "(django_enum_tests_benchmark_flagtester015.flags = 7426)",
                                "Rows Removed by Index Recheck": 0,
                                "Exact Heap Blocks": 110,
                                "Lossy Heap Blocks": 0,
                                "Shared Hit Blocks": 113,
                                "Shared Read Blocks": 0,
                                "Shared Dirtied Blocks": 0,
                                "Shared Written Blocks": 0,
                                "Local Hit Blocks": 0,
                                "Local Read Blocks": 0,
                                "Local Dirtied Blocks": 0,
                                "Local Written Blocks": 0,
                                "Temp Read Blocks": 0,
                                "Temp Written Blocks": 0,
                                "WAL Records": 0,
                                "WAL FPI": 0,
                                "WAL Bytes": 0,
                                "Plans": [
                                    {
                                        "Node Type": "Bitmap Index Scan",
                                        "Parent Relationship": "Outer",
                                        "Parallel Aware": false,
                                        "Async Capable": false,
                                        "Index Name": "flag_idx",
                                        "Startup Cost": 0.0,
                                        "Total Cost": 5.37,
                                        "Plan Rows": 125,
                                        "Plan Width": 0,
                                        "Actual Startup Time": 0.004,
                                        "Actual Total Time": 0.004,
                                        "Actual Rows": 110,
                                        "Actual Loops": 1,
                                        "Index Cond": "(django_enum_tests_benchmark_flagtester015.flags = 7426)",
                                        "Shared Hit Blocks": 3,
                                        "Shared Read Blocks": 0,
                                        "Shared Dirtied Blocks": 0,
                                        "Shared Written Blocks": 0,
                                        "Local Hit Blocks": 0,
                                        "Local Read Blocks": 0,
                                        "Local Dirtied Blocks": 0,
                                        "Local Written Blocks": 0,
                                        "Temp Read Blocks": 0,
                                        "Temp Written Blocks": 0,
                                        "WAL Records": 0,
                                        "WAL FPI": 0,
                                        "WAL Bytes": 0
                                    }
                                ]
                            },
                            "Settings": {},
                            "Planning": {
                                "Shared Hit Blocks": 0,
                                "Shared Read Blocks": 0,
                                "Shared Dirtied Blocks": 0,
                                "Shared Written Blocks": 0,
                                "Local Hit Blocks": 0,
                                "Local Read Blocks": 0,
                                "Local Dirtied Blocks": 0,
                                "Local Written Blocks": 0,
                                "Temp Read Blocks": 0,
                                "Temp Written Blocks": 0
                            },
                            "Planning Time": 0.009,
                            "Triggers": [],
                            "Execution Time": 0.031
                        },
                        "all_ftr_time": 0.1250196,
                        "any_ftr_time": 0.5617395000000001,
                        "exact_ftr_time": 3.500000000000001e-05
                    },
                    "10000000": {
                        "all_time": 0.1515315706958063,
                        "any_time": 0.18576427510706708,
                        "exact_time": 0.002704337576869875,
                        "table_size": 736100352.0,
                        "index_time": 2.722801125026308,
                        "all_explanation": {
                            "Plan": {
                                "Node Type": "Gather",
                                "Parallel Aware": false,
                                "Async Capable": false,
                                "Startup Cost": 1000.0,
                                "Total Cost": 122555.01,
                                "Plan Rows": 50000,
                                "Plan Width": 12,
                                "Actual Startup Time": 0.062,
                                "Actual Total Time": 147.877,
                                "Actual Rows": 19516,
                                "Actual Loops": 1,
                                "Output": [
                                    "id",
                                    "flags"
                                ],
                                "Workers Planned": 2,
                                "Workers Launched": 2,
                                "Single Copy": false,
                                "Shared Hit Blocks": 4387,
                                "Shared Read Blocks": 49668,
                                "Shared Dirtied Blocks": 0,
                                "Shared Written Blocks": 0,
                                "Local Hit Blocks": 0,
                                "Local Read Blocks": 0,
                                "Local Dirtied Blocks": 0,
                                "Local Written Blocks": 0,
                                "Temp Read Blocks": 0,
                                "Temp Written Blocks": 0,
                                "WAL Records": 0,
                                "WAL FPI": 0,
                                "WAL Bytes": 0,
                                "Plans": [
                                    {
                                        "Node Type": "Seq Scan",
                                        "Parent Relationship": "Outer",
                                        "Parallel Aware": true,
                                        "Async Capable": false,
                                        "Relation Name": "django_enum_tests_benchmark_flagtester015",
                                        "Schema": "public",
                                        "Alias": "django_enum_tests_benchmark_flagtester015",
                                        "Startup Cost": 0.0,
                                        "Total Cost": 116555.01,
                                        "Plan Rows": 20833,
                                        "Plan Width": 12,
                                        "Actual Startup Time": 0.022,
                                        "Actual Total Time": 144.602,
                                        "Actual Rows": 6505,
                                        "Actual Loops": 3,
                                        "Output": [
                                            "id",
                                            "flags"
                                        ],
                                        "Filter": "((django_enum_tests_benchmark_flagtester015.flags & 45932) = 45932)",
                                        "Rows Removed by Filter": 3326828,
                                        "Shared Hit Blocks": 4387,
                                        "Shared Read Blocks": 49668,
                                        "Shared Dirtied Blocks": 0,
                                        "Shared Written Blocks": 0,
                                        "Local Hit Blocks": 0,
                                        "Local Read Blocks": 0,
                                        "Local Dirtied Blocks": 0,
                                        "Local Written Blocks": 0,
                                        "Temp Read Blocks": 0,
                                        "Temp Written Blocks": 0,
                                        "WAL Records": 0,
                                        "WAL FPI": 0,
                                        "WAL Bytes": 0,
                                        "Workers": [
                                            {
                                                "Worker Number": 0,
                                                "Actual Startup Time": 0.02,
                                                "Actual Total Time": 144.245,
                                                "Actual Rows": 6474,
                                                "Actual Loops": 1,
                                                "Shared Hit Blocks": 1410,
                                                "Shared Read Blocks": 16469,
                                                "Shared Dirtied Blocks": 0,
                                                "Shared Written Blocks": 0,
                                                "Local Hit Blocks": 0,
                                                "Local Read Blocks": 0,
                                                "Local Dirtied Blocks": 0,
                                                "Local Written Blocks": 0,
                                                "Temp Read Blocks": 0,
                                                "Temp Written Blocks": 0,
                                                "WAL Records": 0,
                                                "WAL FPI": 0,
                                                "WAL Bytes": 0
                                            },
                                            {
                                                "Worker Number": 1,
                                                "Actual Startup Time": 0.039,
                                                "Actual Total Time": 144.217,
                                                "Actual Rows": 6561,
                                                "Actual Loops": 1,
                                                "Shared Hit Blocks": 1467,
                                                "Shared Read Blocks": 16482,
                                                "Shared Dirtied Blocks": 0,
                                                "Shared Written Blocks": 0,
                                                "Local Hit Blocks": 0,
                                                "Local Read Blocks": 0,
                                                "Local Dirtied Blocks": 0,
                                                "Local Written Blocks": 0,
                                                "Temp Read Blocks": 0,
                                                "Temp Written Blocks": 0,
                                                "WAL Records": 0,
                                                "WAL FPI": 0,
                                                "WAL Bytes": 0
                                            }
                                        ]
                                    }
                                ]
                            },
                            "Settings": {},
                            "Planning": {
                                "Shared Hit Blocks": 0,
                                "Shared Read Blocks": 0,
                                "Shared Dirtied Blocks": 0,
                                "Shared Written Blocks": 0,
                                "Local Hit Blocks": 0,
                                "Local Read Blocks": 0,
                                "Local Dirtied Blocks": 0,
                                "Local Written Blocks": 0,
                                "Temp Read Blocks": 0,
                                "Temp Written Blocks": 0
                            },
                            "Planning Time": 0.036,
                            "Triggers": [],
                            "Execution Time": 148.33
                        },
                        "any_explanation": {
                            "Plan": {
                                "Node Type": "Seq Scan",
                                "Parallel Aware": false,
                                "Async Capable": false,
                                "Relation Name": "django_enum_tests_benchmark_flagtester015",
                                "Schema": "public",
                                "Alias": "django_enum_tests_benchmark_flagtester015",
                                "Startup Cost": 0.0,
                                "Total Cost": 204055.01,
                                "Plan Rows": 3333334,
                                "Plan Width": 12,
                                "Actual Startup Time": 0.008,
                                "Actual Total Time": 513.351,
                                "Actual Rows": 9980558,
                                "Actual Loops": 1,
                                "Output": [
                                    "id",
                                    "flags"
                                ],
                                "Filter": "((django_enum_tests_benchmark_flagtester015.flags & 45932) > 0)",
                                "Rows Removed by Filter": 19443,
                                "Shared Hit Blocks": 4579,
                                "Shared Read Blocks": 49476,
                                "Shared Dirtied Blocks": 0,
                                "Shared Written Blocks": 0,
                                "Local Hit Blocks": 0,
                                "Local Read Blocks": 0,
                                "Local Dirtied Blocks": 0,
                                "Local Written Blocks": 0,
                                "Temp Read Blocks": 0,
                                "Temp Written Blocks": 0,
                                "WAL Records": 0,
                                "WAL FPI": 0,
                                "WAL Bytes": 0
                            },
                            "Settings": {},
                            "Planning": {
                                "Shared Hit Blocks": 0,
                                "Shared Read Blocks": 0,
                                "Shared Dirtied Blocks": 0,
                                "Shared Written Blocks": 0,
                                "Local Hit Blocks": 0,
                                "Local Read Blocks": 0,
                                "Local Dirtied Blocks": 0,
                                "Local Written Blocks": 0,
                                "Temp Read Blocks": 0,
                                "Temp Written Blocks": 0
                            },
                            "Planning Time": 0.03,
                            "Triggers": [],
                            "Execution Time": 713.527
                        },
                        "exact_explanation": {
                            "Plan": {
                                "Node Type": "Bitmap Heap Scan",
                                "Parallel Aware": false,
                                "Async Capable": false,
                                "Relation Name": "django_enum_tests_benchmark_flagtester015",
                                "Schema": "public",
                                "Alias": "django_enum_tests_benchmark_flagtester015",
                                "Startup Cost": 5.64,
                                "Total Cost": 606.45,
                                "Plan Rows": 156,
                                "Plan Width": 12,
                                "Actual Startup Time": 0.011,
                                "Actual Total Time": 0.033,
                                "Actual Rows": 149,
                                "Actual Loops": 1,
                                "Output": [
                                    "id",
                                    "flags"
                                ],
                                "Recheck Cond": "(django_enum_tests_benchmark_flagtester015.flags = 45932)",
                                "Rows Removed by Index Recheck": 0,
                                "Exact Heap Blocks": 149,
                                "Lossy Heap Blocks": 0,
                                "Shared Hit Blocks": 152,
                                "Shared Read Blocks": 0,
                                "Shared Dirtied Blocks": 0,
                                "Shared Written Blocks": 0,
                                "Local Hit Blocks": 0,
                                "Local Read Blocks": 0,
                                "Local Dirtied Blocks": 0,
                                "Local Written Blocks": 0,
                                "Temp Read Blocks": 0,
                                "Temp Written Blocks": 0,
                                "WAL Records": 0,
                                "WAL FPI": 0,
                                "WAL Bytes": 0,
                                "Plans": [
                                    {
                                        "Node Type": "Bitmap Index Scan",
                                        "Parent Relationship": "Outer",
                                        "Parallel Aware": false,
                                        "Async Capable": false,
                                        "Index Name": "flag_idx",
                                        "Startup Cost": 0.0,
                                        "Total Cost": 5.6,
                                        "Plan Rows": 156,
                                        "Plan Width": 0,
                                        "Actual Startup Time": 0.005,
                                        "Actual Total Time": 0.005,
                                        "Actual Rows": 149,
                                        "Actual Loops": 1,
                                        "Index Cond": "(django_enum_tests_benchmark_flagtester015.flags = 45932)",
                                        "Shared Hit Blocks": 3,
                                        "Shared Read Blocks": 0,
                                        "Shared Dirtied Blocks": 0,
                                        "Shared Written Blocks": 0,
                                        "Local Hit Blocks": 0,
                                        "Local Read Blocks": 0,
                                        "Local Dirtied Blocks": 0,
                                        "Local Written Blocks": 0,
                                        "Temp Read Blocks": 0,
                                        "Temp Written Blocks": 0,
                                        "WAL Records": 0,
                                        "WAL FPI": 0,
                                        "WAL Bytes": 0
                                    }
                                ]
                            },
                            "Settings": {},
                            "Planning": {
                                "Shared Hit Blocks": 0,
                                "Shared Read Blocks": 0,
                                "Shared Dirtied Blocks": 0,
                                "Shared Written Blocks": 0,
                                "Local Hit Blocks": 0,
                                "Local Read Blocks": 0,
                                "Local Dirtied Blocks": 0,
                                "Local Written Blocks": 0,
                                "Temp Read Blocks": 0,
                                "Temp Written Blocks": 0
                            },
                            "Planning Time": 0.01,
                            "Triggers": [],
                            "Execution Time": 0.04
                        },
                        "all_ftr_time": 0.16250780000000004,
                        "any_ftr_time": 0.7077926999999999,
                        "exact_ftr_time": 4.1899999999999995e-05
                    },
                    "20000000": {
                        "all_time": 0.2984632709994912,
                        "any_time": 0.3696528290049173,
                        "exact_time": 0.0028456665691919624,
                        "table_size": 1472200704.0,
                        "index_time": 6.741868041921407,
                        "all_explanation": {
                            "Plan": {
                                "Node Type": "Gather",
                                "Parallel Aware": false,
                                "Async Capable": false,
                                "Startup Cost": 1000.0,
                                "Total Cost": 244109.0,
                                "Plan Rows": 100000,
                                "Plan Width": 12,
                                "Actual Startup Time": 0.067,
                                "Actual Total Time": 303.713,
                                "Actual Rows": 156425,
                                "Actual Loops": 1,
                                "Output": [
                                    "id",
                                    "flags"
                                ],
                                "Workers Planned": 2,
                                "Workers Launched": 2,
                                "Single Copy": false,
                                "Shared Hit Blocks": 5760,
                                "Shared Read Blocks": 102349,
                                "Shared Dirtied Blocks": 0,
                                "Shared Written Blocks": 0,
                                "Local Hit Blocks": 0,
                                "Local Read Blocks": 0,
                                "Local Dirtied Blocks": 0,
                                "Local Written Blocks": 0,
                                "Temp Read Blocks": 0,
                                "Temp Written Blocks": 0,
                                "WAL Records": 0,
                                "WAL FPI": 0,
                                "WAL Bytes": 0,
                                "Plans": [
                                    {
                                        "Node Type": "Seq Scan",
                                        "Parent Relationship": "Outer",
                                        "Parallel Aware": true,
                                        "Async Capable": false,
                                        "Relation Name": "django_enum_tests_benchmark_flagtester015",
                                        "Schema": "public",
                                        "Alias": "django_enum_tests_benchmark_flagtester015",
                                        "Startup Cost": 0.0,
                                        "Total Cost": 233109.0,
                                        "Plan Rows": 41667,
                                        "Plan Width": 12,
                                        "Actual Startup Time": 0.019,
                                        "Actual Total Time": 292.733,
                                        "Actual Rows": 52142,
                                        "Actual Loops": 3,
                                        "Output": [
                                            "id",
                                            "flags"
                                        ],
                                        "Filter": "((django_enum_tests_benchmark_flagtester015.flags & 61840) = 61840)",
                                        "Rows Removed by Filter": 6614525,
                                        "Shared Hit Blocks": 5760,
                                        "Shared Read Blocks": 102349,
                                        "Shared Dirtied Blocks": 0,
                                        "Shared Written Blocks": 0,
                                        "Local Hit Blocks": 0,
                                        "Local Read Blocks": 0,
                                        "Local Dirtied Blocks": 0,
                                        "Local Written Blocks": 0,
                                        "Temp Read Blocks": 0,
                                        "Temp Written Blocks": 0,
                                        "WAL Records": 0,
                                        "WAL FPI": 0,
                                        "WAL Bytes": 0,
                                        "Workers": [
                                            {
                                                "Worker Number": 0,
                                                "Actual Startup Time": 0.018,
                                                "Actual Total Time": 294.079,
                                                "Actual Rows": 52473,
                                                "Actual Loops": 1,
                                                "Shared Hit Blocks": 1902,
                                                "Shared Read Blocks": 34264,
                                                "Shared Dirtied Blocks": 0,
                                                "Shared Written Blocks": 0,
                                                "Local Hit Blocks": 0,
                                                "Local Read Blocks": 0,
                                                "Local Dirtied Blocks": 0,
                                                "Local Written Blocks": 0,
                                                "Temp Read Blocks": 0,
                                                "Temp Written Blocks": 0,
                                                "WAL Records": 0,
                                                "WAL FPI": 0,
                                                "WAL Bytes": 0
                                            },
                                            {
                                                "Worker Number": 1,
                                                "Actual Startup Time": 0.03,
                                                "Actual Total Time": 294.052,
                                                "Actual Rows": 52445,
                                                "Actual Loops": 1,
                                                "Shared Hit Blocks": 1876,
                                                "Shared Read Blocks": 34303,
                                                "Shared Dirtied Blocks": 0,
                                                "Shared Written Blocks": 0,
                                                "Local Hit Blocks": 0,
                                                "Local Read Blocks": 0,
                                                "Local Dirtied Blocks": 0,
                                                "Local Written Blocks": 0,
                                                "Temp Read Blocks": 0,
                                                "Temp Written Blocks": 0,
                                                "WAL Records": 0,
                                                "WAL FPI": 0,
                                                "WAL Bytes": 0
                                            }
                                        ]
                                    }
                                ]
                            },
                            "Settings": {},
                            "Planning": {
                                "Shared Hit Blocks": 0,
                                "Shared Read Blocks": 0,
                                "Shared Dirtied Blocks": 0,
                                "Shared Written Blocks": 0,
                                "Local Hit Blocks": 0,
                                "Local Read Blocks": 0,
                                "Local Dirtied Blocks": 0,
                                "Local Written Blocks": 0,
                                "Temp Read Blocks": 0,
                                "Temp Written Blocks": 0
                            },
                            "Planning Time": 0.036,
                            "Triggers": [],
                            "Execution Time": 307.234
                        },
                        "any_explanation": {
                            "Plan": {
                                "Node Type": "Seq Scan",
                                "Parallel Aware": false,
                                "Async Capable": false,
                                "Relation Name": "django_enum_tests_benchmark_flagtester015",
                                "Schema": "public",
                                "Alias": "django_enum_tests_benchmark_flagtester015",
                                "Startup Cost": 0.0,
                                "Total Cost": 408109.0,
                                "Plan Rows": 6666667,
                                "Plan Width": 12,
                                "Actual Startup Time": 0.007,
                                "Actual Total Time": 1025.469,
                                "Actual Rows": 19843497,
                                "Actual Loops": 1,
                                "Output": [
                                    "id",
                                    "flags"
                                ],
                                "Filter": "((django_enum_tests_benchmark_flagtester015.flags & 61840) > 0)",
                                "Rows Removed by Filter": 156504,
                                "Shared Hit Blocks": 5952,
                                "Shared Read Blocks": 102157,
                                "Shared Dirtied Blocks": 0,
                                "Shared Written Blocks": 0,
                                "Local Hit Blocks": 0,
                                "Local Read Blocks": 0,
                                "Local Dirtied Blocks": 0,
                                "Local Written Blocks": 0,
                                "Temp Read Blocks": 0,
                                "Temp Written Blocks": 0,
                                "WAL Records": 0,
                                "WAL FPI": 0,
                                "WAL Bytes": 0
                            },
                            "Settings": {},
                            "Planning": {
                                "Shared Hit Blocks": 0,
                                "Shared Read Blocks": 0,
                                "Shared Dirtied Blocks": 0,
                                "Shared Written Blocks": 0,
                                "Local Hit Blocks": 0,
                                "Local Read Blocks": 0,
                                "Local Dirtied Blocks": 0,
                                "Local Written Blocks": 0,
                                "Temp Read Blocks": 0,
                                "Temp Written Blocks": 0
                            },
                            "Planning Time": 0.029,
                            "Triggers": [],
                            "Execution Time": 1420.895
                        },
                        "exact_explanation": {
                            "Plan": {
                                "Node Type": "Bitmap Heap Scan",
                                "Parallel Aware": false,
                                "Async Capable": false,
                                "Relation Name": "django_enum_tests_benchmark_flagtester015",
                                "Schema": "public",
                                "Alias": "django_enum_tests_benchmark_flagtester015",
                                "Startup Cost": 6.82,
                                "Total Cost": 1193.36,
                                "Plan Rows": 308,
                                "Plan Width": 12,
                                "Actual Startup Time": 0.025,
                                "Actual Total Time": 0.072,
                                "Actual Rows": 281,
                                "Actual Loops": 1,
                                "Output": [
                                    "id",
                                    "flags"
                                ],
                                "Recheck Cond": "(django_enum_tests_benchmark_flagtester015.flags = 61840)",
                                "Rows Removed by Index Recheck": 0,
                                "Exact Heap Blocks": 281,
                                "Lossy Heap Blocks": 0,
                                "Shared Hit Blocks": 285,
                                "Shared Read Blocks": 0,
                                "Shared Dirtied Blocks": 0,
                                "Shared Written Blocks": 0,
                                "Local Hit Blocks": 0,
                                "Local Read Blocks": 0,
                                "Local Dirtied Blocks": 0,
                                "Local Written Blocks": 0,
                                "Temp Read Blocks": 0,
                                "Temp Written Blocks": 0,
                                "WAL Records": 0,
                                "WAL FPI": 0,
                                "WAL Bytes": 0,
                                "Plans": [
                                    {
                                        "Node Type": "Bitmap Index Scan",
                                        "Parent Relationship": "Outer",
                                        "Parallel Aware": false,
                                        "Async Capable": false,
                                        "Index Name": "flag_idx",
                                        "Startup Cost": 0.0,
                                        "Total Cost": 6.75,
                                        "Plan Rows": 308,
                                        "Plan Width": 0,
                                        "Actual Startup Time": 0.012,
                                        "Actual Total Time": 0.012,
                                        "Actual Rows": 281,
                                        "Actual Loops": 1,
                                        "Index Cond": "(django_enum_tests_benchmark_flagtester015.flags = 61840)",
                                        "Shared Hit Blocks": 4,
                                        "Shared Read Blocks": 0,
                                        "Shared Dirtied Blocks": 0,
                                        "Shared Written Blocks": 0,
                                        "Local Hit Blocks": 0,
                                        "Local Read Blocks": 0,
                                        "Local Dirtied Blocks": 0,
                                        "Local Written Blocks": 0,
                                        "Temp Read Blocks": 0,
                                        "Temp Written Blocks": 0,
                                        "WAL Records": 0,
                                        "WAL FPI": 0,
                                        "WAL Bytes": 0
                                    }
                                ]
                            },
                            "Settings": {},
                            "Planning": {
                                "Shared Hit Blocks": 0,
                                "Shared Read Blocks": 0,
                                "Shared Dirtied Blocks": 0,
                                "Shared Written Blocks": 0,
                                "Local Hit Blocks": 0,
                                "Local Read Blocks": 0,
                                "Local Dirtied Blocks": 0,
                                "Local Written Blocks": 0,
                                "Temp Read Blocks": 0,
                                "Temp Written Blocks": 0
                            },
                            "Planning Time": 0.01,
                            "Triggers": [],
                            "Execution Time": 0.081
                        },
                        "all_ftr_time": 0.319408,
                        "any_ftr_time": 1.4134336,
                        "exact_ftr_time": 8.969999999999998e-05
                    },
                    "40000000": {
                        "all_time": 0.594084191811271,
                        "any_time": 0.7324574914993718,
                        "exact_time": 0.0036667081993073227,
                        "table_size": 2958032896.0,
                        "index_time": 14.647396374959499,
                        "all_explanation": {
                            "Plan": {
                                "Node Type": "Gather",
                                "Parallel Aware": false,
                                "Async Capable": false,
                                "Startup Cost": 1000.0,
                                "Total Cost": 487217.0,
                                "Plan Rows": 200000,
                                "Plan Width": 12,
                                "Actual Startup Time": 0.063,
                                "Actual Total Time": 663.591,
                                "Actual Rows": 1249874,
                                "Actual Loops": 1,
                                "Output": [
                                    "id",
                                    "flags"
                                ],
                                "Workers Planned": 2,
                                "Workers Launched": 2,
                                "Single Copy": false,
                                "Shared Hit Blocks": 8519,
                                "Shared Read Blocks": 207698,
                                "Shared Dirtied Blocks": 0,
                                "Shared Written Blocks": 0,
                                "Local Hit Blocks": 0,
                                "Local Read Blocks": 0,
                                "Local Dirtied Blocks": 0,
                                "Local Written Blocks": 0,
                                "Temp Read Blocks": 0,
                                "Temp Written Blocks": 0,
                                "WAL Records": 0,
                                "WAL FPI": 0,
                                "WAL Bytes": 0,
                                "Plans": [
                                    {
                                        "Node Type": "Seq Scan",
                                        "Parent Relationship": "Outer",
                                        "Parallel Aware": true,
                                        "Async Capable": false,
                                        "Relation Name": "django_enum_tests_benchmark_flagtester015",
                                        "Schema": "public",
                                        "Alias": "django_enum_tests_benchmark_flagtester015",
                                        "Startup Cost": 0.0,
                                        "Total Cost": 466217.0,
                                        "Plan Rows": 83333,
                                        "Plan Width": 12,
                                        "Actual Startup Time": 0.016,
                                        "Actual Total Time": 591.7,
                                        "Actual Rows": 416625,
                                        "Actual Loops": 3,
                                        "Output": [
                                            "id",
                                            "flags"
                                        ],
                                        "Filter": "((django_enum_tests_benchmark_flagtester015.flags & 35592) = 35592)",
                                        "Rows Removed by Filter": 12916709,
                                        "Shared Hit Blocks": 8519,
                                        "Shared Read Blocks": 207698,
                                        "Shared Dirtied Blocks": 0,
                                        "Shared Written Blocks": 0,
                                        "Local Hit Blocks": 0,
                                        "Local Read Blocks": 0,
                                        "Local Dirtied Blocks": 0,
                                        "Local Written Blocks": 0,
                                        "Temp Read Blocks": 0,
                                        "Temp Written Blocks": 0,
                                        "WAL Records": 0,
                                        "WAL FPI": 0,
                                        "WAL Bytes": 0,
                                        "Workers": [
                                            {
                                                "Worker Number": 0,
                                                "Actual Startup Time": 0.018,
                                                "Actual Total Time": 607.08,
                                                "Actual Rows": 424404,
                                                "Actual Loops": 1,
                                                "Shared Hit Blocks": 2864,
                                                "Shared Read Blocks": 70407,
                                                "Shared Dirtied Blocks": 0,
                                                "Shared Written Blocks": 0,
                                                "Local Hit Blocks": 0,
                                                "Local Read Blocks": 0,
                                                "Local Dirtied Blocks": 0,
                                                "Local Written Blocks": 0,
                                                "Temp Read Blocks": 0,
                                                "Temp Written Blocks": 0,
                                                "WAL Records": 0,
                                                "WAL FPI": 0,
                                                "WAL Bytes": 0
                                            },
                                            {
                                                "Worker Number": 1,
                                                "Actual Startup Time": 0.019,
                                                "Actual Total Time": 606.215,
                                                "Actual Rows": 429656,
                                                "Actual Loops": 1,
                                                "Shared Hit Blocks": 2891,
                                                "Shared Read Blocks": 71445,
                                                "Shared Dirtied Blocks": 0,
                                                "Shared Written Blocks": 0,
                                                "Local Hit Blocks": 0,
                                                "Local Read Blocks": 0,
                                                "Local Dirtied Blocks": 0,
                                                "Local Written Blocks": 0,
                                                "Temp Read Blocks": 0,
                                                "Temp Written Blocks": 0,
                                                "WAL Records": 0,
                                                "WAL FPI": 0,
                                                "WAL Bytes": 0
                                            }
                                        ]
                                    }
                                ]
                            },
                            "Settings": {},
                            "Planning": {
                                "Shared Hit Blocks": 0,
                                "Shared Read Blocks": 0,
                                "Shared Dirtied Blocks": 0,
                                "Shared Written Blocks": 0,
                                "Local Hit Blocks": 0,
                                "Local Read Blocks": 0,
                                "Local Dirtied Blocks": 0,
                                "Local Written Blocks": 0,
                                "Temp Read Blocks": 0,
                                "Temp Written Blocks": 0
                            },
                            "Planning Time": 0.036,
                            "Triggers": [],
                            "Execution Time": 691.286
                        },
                        "any_explanation": {
                            "Plan": {
                                "Node Type": "Seq Scan",
                                "Parallel Aware": false,
                                "Async Capable": false,
                                "Relation Name": "django_enum_tests_benchmark_flagtester015",
                                "Schema": "public",
                                "Alias": "django_enum_tests_benchmark_flagtester015",
                                "Startup Cost": 0.0,
                                "Total Cost": 816217.0,
                                "Plan Rows": 13333333,
                                "Plan Width": 12,
                                "Actual Startup Time": 0.008,
                                "Actual Total Time": 2032.817,
                                "Actual Rows": 38749511,
                                "Actual Loops": 1,
                                "Output": [
                                    "id",
                                    "flags"
                                ],
                                "Filter": "((django_enum_tests_benchmark_flagtester015.flags & 35592) > 0)",
                                "Rows Removed by Filter": 1250490,
                                "Shared Hit Blocks": 8711,
                                "Shared Read Blocks": 207506,
                                "Shared Dirtied Blocks": 0,
                                "Shared Written Blocks": 0,
                                "Local Hit Blocks": 0,
                                "Local Read Blocks": 0,
                                "Local Dirtied Blocks": 0,
                                "Local Written Blocks": 0,
                                "Temp Read Blocks": 0,
                                "Temp Written Blocks": 0,
                                "WAL Records": 0,
                                "WAL FPI": 0,
                                "WAL Bytes": 0
                            },
                            "Settings": {},
                            "Planning": {
                                "Shared Hit Blocks": 0,
                                "Shared Read Blocks": 0,
                                "Shared Dirtied Blocks": 0,
                                "Shared Written Blocks": 0,
                                "Local Hit Blocks": 0,
                                "Local Read Blocks": 0,
                                "Local Dirtied Blocks": 0,
                                "Local Written Blocks": 0,
                                "Temp Read Blocks": 0,
                                "Temp Written Blocks": 0
                            },
                            "Planning Time": 0.031,
                            "Triggers": [],
                            "Execution Time": 2803.812
                        },
                        "exact_explanation": {
                            "Plan": {
                                "Node Type": "Bitmap Heap Scan",
                                "Parallel Aware": false,
                                "Async Capable": false,
                                "Relation Name": "django_enum_tests_benchmark_flagtester015",
                                "Schema": "public",
                                "Alias": "django_enum_tests_benchmark_flagtester015",
                                "Startup Cost": 9.21,
                                "Total Cost": 2378.5,
                                "Plan Rows": 615,
                                "Plan Width": 12,
                                "Actual Startup Time": 0.067,
                                "Actual Total Time": 0.219,
                                "Actual Rows": 600,
                                "Actual Loops": 1,
                                "Output": [
                                    "id",
                                    "flags"
                                ],
                                "Recheck Cond": "(django_enum_tests_benchmark_flagtester015.flags = 35592)",
                                "Rows Removed by Index Recheck": 0,
                                "Exact Heap Blocks": 597,
                                "Lossy Heap Blocks": 0,
                                "Shared Hit Blocks": 575,
                                "Shared Read Blocks": 25,
                                "Shared Dirtied Blocks": 0,
                                "Shared Written Blocks": 0,
                                "Local Hit Blocks": 0,
                                "Local Read Blocks": 0,
                                "Local Dirtied Blocks": 0,
                                "Local Written Blocks": 0,
                                "Temp Read Blocks": 0,
                                "Temp Written Blocks": 0,
                                "WAL Records": 0,
                                "WAL FPI": 0,
                                "WAL Bytes": 0,
                                "Plans": [
                                    {
                                        "Node Type": "Bitmap Index Scan",
                                        "Parent Relationship": "Outer",
                                        "Parallel Aware": false,
                                        "Async Capable": false,
                                        "Index Name": "flag_idx",
                                        "Startup Cost": 0.0,
                                        "Total Cost": 9.05,
                                        "Plan Rows": 615,
                                        "Plan Width": 0,
                                        "Actual Startup Time": 0.029,
                                        "Actual Total Time": 0.029,
                                        "Actual Rows": 600,
                                        "Actual Loops": 1,
                                        "Index Cond": "(django_enum_tests_benchmark_flagtester015.flags = 35592)",
                                        "Shared Hit Blocks": 3,
                                        "Shared Read Blocks": 0,
                                        "Shared Dirtied Blocks": 0,
                                        "Shared Written Blocks": 0,
                                        "Local Hit Blocks": 0,
                                        "Local Read Blocks": 0,
                                        "Local Dirtied Blocks": 0,
                                        "Local Written Blocks": 0,
                                        "Temp Read Blocks": 0,
                                        "Temp Written Blocks": 0,
                                        "WAL Records": 0,
                                        "WAL FPI": 0,
                                        "WAL Bytes": 0
                                    }
                                ]
                            },
                            "Settings": {},
                            "Planning": {
                                "Shared Hit Blocks": 0,
                                "Shared Read Blocks": 0,
                                "Shared Dirtied Blocks": 0,
                                "Shared Written Blocks": 0,
                                "Local Hit Blocks": 0,
                                "Local Read Blocks": 0,
                                "Local Dirtied Blocks": 0,
                                "Local Written Blocks": 0,
                                "Temp Read Blocks": 0,
                                "Temp Written Blocks": 0
                            },
                            "Planning Time": 0.014,
                            "Triggers": [],
                            "Execution Time": 0.234
                        },
                        "all_ftr_time": 0.6073608,
                        "any_ftr_time": 2.8293367999999997,
                        "exact_ftr_time": 0.00022620000000000002
                    },
                    "60000000": {
                        "all_time": 1.3397019208059646,
                        "any_time": 1.0961450751987285,
                        "exact_time": 0.004759375273715704,
                        "table_size": 4438622208.0,
                        "index_time": 22.024105167016387,
                        "all_explanation": {
                            "Plan": {
                                "Node Type": "Gather",
                                "Parallel Aware": false,
                                "Async Capable": false,
                                "Startup Cost": 1000.0,
                                "Total Cost": 730325.0,
                                "Plan Rows": 300000,
                                "Plan Width": 12,
                                "Actual Startup Time": 0.074,
                                "Actual Total Time": 915.444,
                                "Actual Rows": 469266,
                                "Actual Loops": 1,
                                "Output": [
                                    "id",
                                    "flags"
                                ],
                                "Workers Planned": 2,
                                "Workers Launched": 2,
                                "Single Copy": false,
                                "Shared Hit Blocks": 11166,
                                "Shared Read Blocks": 313159,
                                "Shared Dirtied Blocks": 0,
                                "Shared Written Blocks": 0,
                                "Local Hit Blocks": 0,
                                "Local Read Blocks": 0,
                                "Local Dirtied Blocks": 0,
                                "Local Written Blocks": 0,
                                "Temp Read Blocks": 0,
                                "Temp Written Blocks": 0,
                                "WAL Records": 0,
                                "WAL FPI": 0,
                                "WAL Bytes": 0,
                                "Plans": [
                                    {
                                        "Node Type": "Seq Scan",
                                        "Parent Relationship": "Outer",
                                        "Parallel Aware": true,
                                        "Async Capable": false,
                                        "Relation Name": "django_enum_tests_benchmark_flagtester015",
                                        "Schema": "public",
                                        "Alias": "django_enum_tests_benchmark_flagtester015",
                                        "Startup Cost": 0.0,
                                        "Total Cost": 699325.0,
                                        "Plan Rows": 125000,
                                        "Plan Width": 12,
                                        "Actual Startup Time": 0.023,
                                        "Actual Total Time": 885.383,
                                        "Actual Rows": 156422,
                                        "Actual Loops": 3,
                                        "Output": [
                                            "id",
                                            "flags"
                                        ],
                                        "Filter": "((django_enum_tests_benchmark_flagtester015.flags & 18249) = 18249)",
                                        "Rows Removed by Filter": 19843578,
                                        "Shared Hit Blocks": 11166,
                                        "Shared Read Blocks": 313159,
                                        "Shared Dirtied Blocks": 0,
                                        "Shared Written Blocks": 0,
                                        "Local Hit Blocks": 0,
                                        "Local Read Blocks": 0,
                                        "Local Dirtied Blocks": 0,
                                        "Local Written Blocks": 0,
                                        "Temp Read Blocks": 0,
                                        "Temp Written Blocks": 0,
                                        "WAL Records": 0,
                                        "WAL FPI": 0,
                                        "WAL Bytes": 0,
                                        "Workers": [
                                            {
                                                "Worker Number": 0,
                                                "Actual Startup Time": 0.024,
                                                "Actual Total Time": 890.803,
                                                "Actual Rows": 158128,
                                                "Actual Loops": 1,
                                                "Shared Hit Blocks": 3630,
                                                "Shared Read Blocks": 105199,
                                                "Shared Dirtied Blocks": 0,
                                                "Shared Written Blocks": 0,
                                                "Local Hit Blocks": 0,
                                                "Local Read Blocks": 0,
                                                "Local Dirtied Blocks": 0,
                                                "Local Written Blocks": 0,
                                                "Temp Read Blocks": 0,
                                                "Temp Written Blocks": 0,
                                                "WAL Records": 0,
                                                "WAL FPI": 0,
                                                "WAL Bytes": 0
                                            },
                                            {
                                                "Worker Number": 1,
                                                "Actual Startup Time": 0.026,
                                                "Actual Total Time": 891.252,
                                                "Actual Rows": 156746,
                                                "Actual Loops": 1,
                                                "Shared Hit Blocks": 3809,
                                                "Shared Read Blocks": 104920,
                                                "Shared Dirtied Blocks": 0,
                                                "Shared Written Blocks": 0,
                                                "Local Hit Blocks": 0,
                                                "Local Read Blocks": 0,
                                                "Local Dirtied Blocks": 0,
                                                "Local Written Blocks": 0,
                                                "Temp Read Blocks": 0,
                                                "Temp Written Blocks": 0,
                                                "WAL Records": 0,
                                                "WAL FPI": 0,
                                                "WAL Bytes": 0
                                            }
                                        ]
                                    }
                                ]
                            },
                            "Settings": {},
                            "Planning": {
                                "Shared Hit Blocks": 0,
                                "Shared Read Blocks": 0,
                                "Shared Dirtied Blocks": 0,
                                "Shared Written Blocks": 0,
                                "Local Hit Blocks": 0,
                                "Local Read Blocks": 0,
                                "Local Dirtied Blocks": 0,
                                "Local Written Blocks": 0,
                                "Temp Read Blocks": 0,
                                "Temp Written Blocks": 0
                            },
                            "Planning Time": 0.041,
                            "Triggers": [],
                            "Execution Time": 925.999
                        },
                        "any_explanation": {
                            "Plan": {
                                "Node Type": "Seq Scan",
                                "Parallel Aware": false,
                                "Async Capable": false,
                                "Relation Name": "django_enum_tests_benchmark_flagtester015",
                                "Schema": "public",
                                "Alias": "django_enum_tests_benchmark_flagtester015",
                                "Startup Cost": 0.0,
                                "Total Cost": 1224325.0,
                                "Plan Rows": 20000000,
                                "Plan Width": 12,
                                "Actual Startup Time": 0.018,
                                "Actual Total Time": 3055.175,
                                "Actual Rows": 59531445,
                                "Actual Loops": 1,
                                "Output": [
                                    "id",
                                    "flags"
                                ],
                                "Filter": "((django_enum_tests_benchmark_flagtester015.flags & 18249) > 0)",
                                "Rows Removed by Filter": 468556,
                                "Shared Hit Blocks": 11358,
                                "Shared Read Blocks": 312967,
                                "Shared Dirtied Blocks": 0,
                                "Shared Written Blocks": 0,
                                "Local Hit Blocks": 0,
                                "Local Read Blocks": 0,
                                "Local Dirtied Blocks": 0,
                                "Local Written Blocks": 0,
                                "Temp Read Blocks": 0,
                                "Temp Written Blocks": 0,
                                "WAL Records": 0,
                                "WAL FPI": 0,
                                "WAL Bytes": 0
                            },
                            "Settings": {},
                            "Planning": {
                                "Shared Hit Blocks": 0,
                                "Shared Read Blocks": 0,
                                "Shared Dirtied Blocks": 0,
                                "Shared Written Blocks": 0,
                                "Local Hit Blocks": 0,
                                "Local Read Blocks": 0,
                                "Local Dirtied Blocks": 0,
                                "Local Written Blocks": 0,
                                "Temp Read Blocks": 0,
                                "Temp Written Blocks": 0
                            },
                            "Planning Time": 0.033,
                            "Triggers": [],
                            "Execution Time": 4255.084
                        },
                        "exact_explanation": {
                            "Plan": {
                                "Node Type": "Bitmap Heap Scan",
                                "Parallel Aware": false,
                                "Async Capable": false,
                                "Relation Name": "django_enum_tests_benchmark_flagtester015",
                                "Schema": "public",
                                "Alias": "django_enum_tests_benchmark_flagtester015",
                                "Startup Cost": 11.57,
                                "Total Cost": 3491.93,
                                "Plan Rows": 904,
                                "Plan Width": 12,
                                "Actual Startup Time": 0.109,
                                "Actual Total Time": 1.054,
                                "Actual Rows": 911,
                                "Actual Loops": 1,
                                "Output": [
                                    "id",
                                    "flags"
                                ],
                                "Recheck Cond": "(django_enum_tests_benchmark_flagtester015.flags = 18249)",
                                "Rows Removed by Index Recheck": 0,
                                "Exact Heap Blocks": 911,
                                "Lossy Heap Blocks": 0,
                                "Shared Hit Blocks": 650,
                                "Shared Read Blocks": 265,
                                "Shared Dirtied Blocks": 0,
                                "Shared Written Blocks": 0,
                                "Local Hit Blocks": 0,
                                "Local Read Blocks": 0,
                                "Local Dirtied Blocks": 0,
                                "Local Written Blocks": 0,
                                "Temp Read Blocks": 0,
                                "Temp Written Blocks": 0,
                                "WAL Records": 0,
                                "WAL FPI": 0,
                                "WAL Bytes": 0,
                                "Plans": [
                                    {
                                        "Node Type": "Bitmap Index Scan",
                                        "Parent Relationship": "Outer",
                                        "Parallel Aware": false,
                                        "Async Capable": false,
                                        "Index Name": "flag_idx",
                                        "Startup Cost": 0.0,
                                        "Total Cost": 11.34,
                                        "Plan Rows": 904,
                                        "Plan Width": 0,
                                        "Actual Startup Time": 0.048,
                                        "Actual Total Time": 0.048,
                                        "Actual Rows": 911,
                                        "Actual Loops": 1,
                                        "Index Cond": "(django_enum_tests_benchmark_flagtester015.flags = 18249)",
                                        "Shared Hit Blocks": 4,
                                        "Shared Read Blocks": 0,
                                        "Shared Dirtied Blocks": 0,
                                        "Shared Written Blocks": 0,
                                        "Local Hit Blocks": 0,
                                        "Local Read Blocks": 0,
                                        "Local Dirtied Blocks": 0,
                                        "Local Written Blocks": 0,
                                        "Temp Read Blocks": 0,
                                        "Temp Written Blocks": 0,
                                        "WAL Records": 0,
                                        "WAL FPI": 0,
                                        "WAL Bytes": 0
                                    }
                                ]
                            },
                            "Settings": {},
                            "Planning": {
                                "Shared Hit Blocks": 0,
                                "Shared Read Blocks": 0,
                                "Shared Dirtied Blocks": 0,
                                "Shared Written Blocks": 0,
                                "Local Hit Blocks": 0,
                                "Local Read Blocks": 0,
                                "Local Dirtied Blocks": 0,
                                "Local Written Blocks": 0,
                                "Temp Read Blocks": 0,
                                "Temp Written Blocks": 0
                            },
                            "Planning Time": 0.019,
                            "Triggers": [],
                            "Execution Time": 1.078
                        },
                        "all_ftr_time": 0.9338076999999999,
                        "any_ftr_time": 4.2507067,
                        "exact_ftr_time": 0.0008535999999999999
                    },
                    "80000000": {
                        "all_time": 1.7446946665877476,
                        "any_time": 1.9365751915145666,
                        "exact_time": 0.007118354109115899,
                        "table_size": 5912920064.0,
                        "index_time": 30.459360333974473,
                        "all_explanation": {
                            "Plan": {
                                "Node Type": "Gather",
                                "Parallel Aware": false,
                                "Async Capable": false,
                                "Startup Cost": 1000.0,
                                "Total Cost": 973433.0,
                                "Plan Rows": 400000,
                                "Plan Width": 12,
                                "Actual Startup Time": 0.205,
                                "Actual Total Time": 1263.567,
                                "Actual Rows": 39015,
                                "Actual Loops": 1,
                                "Output": [
                                    "id",
                                    "flags"
                                ],
                                "Workers Planned": 2,
                                "Workers Launched": 2,
                                "Single Copy": false,
                                "Shared Hit Blocks": 13884,
                                "Shared Read Blocks": 418549,
                                "Shared Dirtied Blocks": 0,
                                "Shared Written Blocks": 0,
                                "Local Hit Blocks": 0,
                                "Local Read Blocks": 0,
                                "Local Dirtied Blocks": 0,
                                "Local Written Blocks": 0,
                                "Temp Read Blocks": 0,
                                "Temp Written Blocks": 0,
                                "WAL Records": 0,
                                "WAL FPI": 0,
                                "WAL Bytes": 0,
                                "Plans": [
                                    {
                                        "Node Type": "Seq Scan",
                                        "Parent Relationship": "Outer",
                                        "Parallel Aware": true,
                                        "Async Capable": false,
                                        "Relation Name": "django_enum_tests_benchmark_flagtester015",
                                        "Schema": "public",
                                        "Alias": "django_enum_tests_benchmark_flagtester015",
                                        "Startup Cost": 0.0,
                                        "Total Cost": 932433.0,
                                        "Plan Rows": 166667,
                                        "Plan Width": 12,
                                        "Actual Startup Time": 0.121,
                                        "Actual Total Time": 1258.236,
                                        "Actual Rows": 13005,
                                        "Actual Loops": 3,
                                        "Output": [
                                            "id",
                                            "flags"
                                        ],
                                        "Filter": "((django_enum_tests_benchmark_flagtester015.flags & 64458) = 64458)",
                                        "Rows Removed by Filter": 26653662,
                                        "Shared Hit Blocks": 13884,
                                        "Shared Read Blocks": 418549,
                                        "Shared Dirtied Blocks": 0,
                                        "Shared Written Blocks": 0,
                                        "Local Hit Blocks": 0,
                                        "Local Read Blocks": 0,
                                        "Local Dirtied Blocks": 0,
                                        "Local Written Blocks": 0,
                                        "Temp Read Blocks": 0,
                                        "Temp Written Blocks": 0,
                                        "WAL Records": 0,
                                        "WAL FPI": 0,
                                        "WAL Bytes": 0,
                                        "Workers": [
                                            {
                                                "Worker Number": 0,
                                                "Actual Startup Time": 0.046,
                                                "Actual Total Time": 1258.06,
                                                "Actual Rows": 13019,
                                                "Actual Loops": 1,
                                                "Shared Hit Blocks": 4535,
                                                "Shared Read Blocks": 139345,
                                                "Shared Dirtied Blocks": 0,
                                                "Shared Written Blocks": 0,
                                                "Local Hit Blocks": 0,
                                                "Local Read Blocks": 0,
                                                "Local Dirtied Blocks": 0,
                                                "Local Written Blocks": 0,
                                                "Temp Read Blocks": 0,
                                                "Temp Written Blocks": 0,
                                                "WAL Records": 0,
                                                "WAL FPI": 0,
                                                "WAL Bytes": 0
                                            },
                                            {
                                                "Worker Number": 1,
                                                "Actual Startup Time": 0.177,
                                                "Actual Total Time": 1258.332,
                                                "Actual Rows": 12907,
                                                "Actual Loops": 1,
                                                "Shared Hit Blocks": 4578,
                                                "Shared Read Blocks": 139335,
                                                "Shared Dirtied Blocks": 0,
                                                "Shared Written Blocks": 0,
                                                "Local Hit Blocks": 0,
                                                "Local Read Blocks": 0,
                                                "Local Dirtied Blocks": 0,
                                                "Local Written Blocks": 0,
                                                "Temp Read Blocks": 0,
                                                "Temp Written Blocks": 0,
                                                "WAL Records": 0,
                                                "WAL FPI": 0,
                                                "WAL Bytes": 0
                                            }
                                        ]
                                    }
                                ]
                            },
                            "Settings": {},
                            "Planning": {
                                "Shared Hit Blocks": 0,
                                "Shared Read Blocks": 0,
                                "Shared Dirtied Blocks": 0,
                                "Shared Written Blocks": 0,
                                "Local Hit Blocks": 0,
                                "Local Read Blocks": 0,
                                "Local Dirtied Blocks": 0,
                                "Local Written Blocks": 0,
                                "Temp Read Blocks": 0,
                                "Temp Written Blocks": 0
                            },
                            "Planning Time": 0.044,
                            "Triggers": [],
                            "Execution Time": 1264.547
                        },
                        "any_explanation": {
                            "Plan": {
                                "Node Type": "Seq Scan",
                                "Parallel Aware": false,
                                "Async Capable": false,
                                "Relation Name": "django_enum_tests_benchmark_flagtester015",
                                "Schema": "public",
                                "Alias": "django_enum_tests_benchmark_flagtester015",
                                "Startup Cost": 0.0,
                                "Total Cost": 1632433.0,
                                "Plan Rows": 26666667,
                                "Plan Width": 12,
                                "Actual Startup Time": 0.021,
                                "Actual Total Time": 4164.405,
                                "Actual Rows": 79960948,
                                "Actual Loops": 1,
                                "Output": [
                                    "id",
                                    "flags"
                                ],
                                "Filter": "((django_enum_tests_benchmark_flagtester015.flags & 64458) > 0)",
                                "Rows Removed by Filter": 39053,
                                "Shared Hit Blocks": 14076,
                                "Shared Read Blocks": 418357,
                                "Shared Dirtied Blocks": 0,
                                "Shared Written Blocks": 0,
                                "Local Hit Blocks": 0,
                                "Local Read Blocks": 0,
                                "Local Dirtied Blocks": 0,
                                "Local Written Blocks": 0,
                                "Temp Read Blocks": 0,
                                "Temp Written Blocks": 0,
                                "WAL Records": 0,
                                "WAL FPI": 0,
                                "WAL Bytes": 0
                            },
                            "Settings": {},
                            "Planning": {
                                "Shared Hit Blocks": 0,
                                "Shared Read Blocks": 0,
                                "Shared Dirtied Blocks": 0,
                                "Shared Written Blocks": 0,
                                "Local Hit Blocks": 0,
                                "Local Read Blocks": 0,
                                "Local Dirtied Blocks": 0,
                                "Local Written Blocks": 0,
                                "Temp Read Blocks": 0,
                                "Temp Written Blocks": 0
                            },
                            "Planning Time": 0.037,
                            "Triggers": [],
                            "Execution Time": 5781.305
                        },
                        "exact_explanation": {
                            "Plan": {
                                "Node Type": "Bitmap Heap Scan",
                                "Parallel Aware": false,
                                "Async Capable": false,
                                "Relation Name": "django_enum_tests_benchmark_flagtester015",
                                "Schema": "public",
                                "Alias": "django_enum_tests_benchmark_flagtester015",
                                "Startup Cost": 17.98,
                                "Total Cost": 4692.42,
                                "Plan Rows": 1214,
                                "Plan Width": 12,
                                "Actual Startup Time": 0.149,
                                "Actual Total Time": 1.32,
                                "Actual Rows": 1230,
                                "Actual Loops": 1,
                                "Output": [
                                    "id",
                                    "flags"
                                ],
                                "Recheck Cond": "(django_enum_tests_benchmark_flagtester015.flags = 64458)",
                                "Rows Removed by Index Recheck": 0,
                                "Exact Heap Blocks": 1229,
                                "Lossy Heap Blocks": 0,
                                "Shared Hit Blocks": 872,
                                "Shared Read Blocks": 362,
                                "Shared Dirtied Blocks": 0,
                                "Shared Written Blocks": 0,
                                "Local Hit Blocks": 0,
                                "Local Read Blocks": 0,
                                "Local Dirtied Blocks": 0,
                                "Local Written Blocks": 0,
                                "Temp Read Blocks": 0,
                                "Temp Written Blocks": 0,
                                "WAL Records": 0,
                                "WAL FPI": 0,
                                "WAL Bytes": 0,
                                "Plans": [
                                    {
                                        "Node Type": "Bitmap Index Scan",
                                        "Parent Relationship": "Outer",
                                        "Parallel Aware": false,
                                        "Async Capable": false,
                                        "Index Name": "flag_idx",
                                        "Startup Cost": 0.0,
                                        "Total Cost": 17.67,
                                        "Plan Rows": 1214,
                                        "Plan Width": 0,
                                        "Actual Startup Time": 0.064,
                                        "Actual Total Time": 0.064,
                                        "Actual Rows": 1230,
                                        "Actual Loops": 1,
                                        "Index Cond": "(django_enum_tests_benchmark_flagtester015.flags = 64458)",
                                        "Shared Hit Blocks": 5,
                                        "Shared Read Blocks": 0,
                                        "Shared Dirtied Blocks": 0,
                                        "Shared Written Blocks": 0,
                                        "Local Hit Blocks": 0,
                                        "Local Read Blocks": 0,
                                        "Local Dirtied Blocks": 0,
                                        "Local Written Blocks": 0,
                                        "Temp Read Blocks": 0,
                                        "Temp Written Blocks": 0,
                                        "WAL Records": 0,
                                        "WAL FPI": 0,
                                        "WAL Bytes": 0
                                    }
                                ]
                            },
                            "Settings": {},
                            "Planning": {
                                "Shared Hit Blocks": 0,
                                "Shared Read Blocks": 0,
                                "Shared Dirtied Blocks": 0,
                                "Shared Written Blocks": 0,
                                "Local Hit Blocks": 0,
                                "Local Read Blocks": 0,
                                "Local Dirtied Blocks": 0,
                                "Local Written Blocks": 0,
                                "Temp Read Blocks": 0,
                                "Temp Written Blocks": 0
                            },
                            "Planning Time": 0.021,
                            "Triggers": [],
                            "Execution Time": 1.35
                        },
                        "all_ftr_time": 1.8749704999999999,
                        "any_ftr_time": 5.7252767,
                        "exact_ftr_time": 0.0011806000000000002
                    },
                    "100000000": {
                        "all_time": 3.1422671541105958,
                        "any_time": 3.5790377084049396,
                        "exact_time": 0.019578416587319226,
                        "table_size": 7395606528.0,
                        "index_time": 39.57110920804553,
                        "all_explanation": {
                            "Plan": {
                                "Node Type": "Gather",
                                "Parallel Aware": false,
                                "Async Capable": false,
                                "Startup Cost": 1000.0,
                                "Total Cost": 1216541.0,
                                "Plan Rows": 500000,
                                "Plan Width": 12,
                                "Actual Startup Time": 0.287,
                                "Actual Total Time": 2765.382,
                                "Actual Rows": 194937,
                                "Actual Loops": 1,
                                "Output": [
                                    "id",
                                    "flags"
                                ],
                                "Workers Planned": 2,
                                "Workers Launched": 2,
                                "Single Copy": false,
                                "Shared Hit Blocks": 15155,
                                "Shared Read Blocks": 525386,
                                "Shared Dirtied Blocks": 0,
                                "Shared Written Blocks": 0,
                                "Local Hit Blocks": 0,
                                "Local Read Blocks": 0,
                                "Local Dirtied Blocks": 0,
                                "Local Written Blocks": 0,
                                "Temp Read Blocks": 0,
                                "Temp Written Blocks": 0,
                                "WAL Records": 0,
                                "WAL FPI": 0,
                                "WAL Bytes": 0,
                                "Plans": [
                                    {
                                        "Node Type": "Seq Scan",
                                        "Parent Relationship": "Outer",
                                        "Parallel Aware": true,
                                        "Async Capable": false,
                                        "Relation Name": "django_enum_tests_benchmark_flagtester015",
                                        "Schema": "public",
                                        "Alias": "django_enum_tests_benchmark_flagtester015",
                                        "Startup Cost": 0.0,
                                        "Total Cost": 1165541.0,
                                        "Plan Rows": 208333,
                                        "Plan Width": 12,
                                        "Actual Startup Time": 0.245,
                                        "Actual Total Time": 2749.583,
                                        "Actual Rows": 64979,
                                        "Actual Loops": 3,
                                        "Output": [
                                            "id",
                                            "flags"
                                        ],
                                        "Filter": "((django_enum_tests_benchmark_flagtester015.flags & 45938) = 45938)",
                                        "Rows Removed by Filter": 33268355,
                                        "Shared Hit Blocks": 15155,
                                        "Shared Read Blocks": 525386,
                                        "Shared Dirtied Blocks": 0,
                                        "Shared Written Blocks": 0,
                                        "Local Hit Blocks": 0,
                                        "Local Read Blocks": 0,
                                        "Local Dirtied Blocks": 0,
                                        "Local Written Blocks": 0,
                                        "Temp Read Blocks": 0,
                                        "Temp Written Blocks": 0,
                                        "WAL Records": 0,
                                        "WAL FPI": 0,
                                        "WAL Bytes": 0,
                                        "Workers": [
                                            {
                                                "Worker Number": 0,
                                                "Actual Startup Time": 0.221,
                                                "Actual Total Time": 2753.216,
                                                "Actual Rows": 65284,
                                                "Actual Loops": 1,
                                                "Shared Hit Blocks": 4994,
                                                "Shared Read Blocks": 175367,
                                                "Shared Dirtied Blocks": 0,
                                                "Shared Written Blocks": 0,
                                                "Local Hit Blocks": 0,
                                                "Local Read Blocks": 0,
                                                "Local Dirtied Blocks": 0,
                                                "Local Written Blocks": 0,
                                                "Temp Read Blocks": 0,
                                                "Temp Written Blocks": 0,
                                                "WAL Records": 0,
                                                "WAL FPI": 0,
                                                "WAL Bytes": 0
                                            },
                                            {
                                                "Worker Number": 1,
                                                "Actual Startup Time": 0.287,
                                                "Actual Total Time": 2747.798,
                                                "Actual Rows": 64805,
                                                "Actual Loops": 1,
                                                "Shared Hit Blocks": 5114,
                                                "Shared Read Blocks": 174974,
                                                "Shared Dirtied Blocks": 0,
                                                "Shared Written Blocks": 0,
                                                "Local Hit Blocks": 0,
                                                "Local Read Blocks": 0,
                                                "Local Dirtied Blocks": 0,
                                                "Local Written Blocks": 0,
                                                "Temp Read Blocks": 0,
                                                "Temp Written Blocks": 0,
                                                "WAL Records": 0,
                                                "WAL FPI": 0,
                                                "WAL Bytes": 0
                                            }
                                        ]
                                    }
                                ]
                            },
                            "Settings": {},
                            "Planning": {
                                "Shared Hit Blocks": 0,
                                "Shared Read Blocks": 0,
                                "Shared Dirtied Blocks": 0,
                                "Shared Written Blocks": 0,
                                "Local Hit Blocks": 0,
                                "Local Read Blocks": 0,
                                "Local Dirtied Blocks": 0,
                                "Local Written Blocks": 0,
                                "Temp Read Blocks": 0,
                                "Temp Written Blocks": 0
                            },
                            "Planning Time": 0.042,
                            "Triggers": [],
                            "Execution Time": 2770.195
                        },
                        "any_explanation": {
                            "Plan": {
                                "Node Type": "Seq Scan",
                                "Parallel Aware": false,
                                "Async Capable": false,
                                "Relation Name": "django_enum_tests_benchmark_flagtester015",
                                "Schema": "public",
                                "Alias": "django_enum_tests_benchmark_flagtester015",
                                "Startup Cost": 0.0,
                                "Total Cost": 2040541.0,
                                "Plan Rows": 33333333,
                                "Plan Width": 12,
                                "Actual Startup Time": 0.233,
                                "Actual Total Time": 5928.453,
                                "Actual Rows": 99805455,
                                "Actual Loops": 1,
                                "Output": [
                                    "id",
                                    "flags"
                                ],
                                "Filter": "((django_enum_tests_benchmark_flagtester015.flags & 45938) > 0)",
                                "Rows Removed by Filter": 194546,
                                "Shared Hit Blocks": 15347,
                                "Shared Read Blocks": 525194,
                                "Shared Dirtied Blocks": 0,
                                "Shared Written Blocks": 0,
                                "Local Hit Blocks": 0,
                                "Local Read Blocks": 0,
                                "Local Dirtied Blocks": 0,
                                "Local Written Blocks": 0,
                                "Temp Read Blocks": 0,
                                "Temp Written Blocks": 0,
                                "WAL Records": 0,
                                "WAL FPI": 0,
                                "WAL Bytes": 0
                            },
                            "Settings": {},
                            "Planning": {
                                "Shared Hit Blocks": 0,
                                "Shared Read Blocks": 0,
                                "Shared Dirtied Blocks": 0,
                                "Shared Written Blocks": 0,
                                "Local Hit Blocks": 0,
                                "Local Read Blocks": 0,
                                "Local Dirtied Blocks": 0,
                                "Local Written Blocks": 0,
                                "Temp Read Blocks": 0,
                                "Temp Written Blocks": 0
                            },
                            "Planning Time": 0.037,
                            "Triggers": [],
                            "Execution Time": 7934.752
                        },
                        "exact_explanation": {
                            "Plan": {
                                "Node Type": "Bitmap Heap Scan",
                                "Parallel Aware": false,
                                "Async Capable": false,
                                "Relation Name": "django_enum_tests_benchmark_flagtester015",
                                "Schema": "public",
                                "Alias": "django_enum_tests_benchmark_flagtester015",
                                "Startup Cost": 20.63,
                                "Total Cost": 6006.11,
                                "Plan Rows": 1556,
                                "Plan Width": 12,
                                "Actual Startup Time": 0.182,
                                "Actual Total Time": 0.757,
                                "Actual Rows": 1574,
                                "Actual Loops": 1,
                                "Output": [
                                    "id",
                                    "flags"
                                ],
                                "Recheck Cond": "(django_enum_tests_benchmark_flagtester015.flags = 45938)",
                                "Rows Removed by Index Recheck": 0,
                                "Exact Heap Blocks": 1572,
                                "Lossy Heap Blocks": 0,
                                "Shared Hit Blocks": 1577,
                                "Shared Read Blocks": 0,
                                "Shared Dirtied Blocks": 0,
                                "Shared Written Blocks": 0,
                                "Local Hit Blocks": 0,
                                "Local Read Blocks": 0,
                                "Local Dirtied Blocks": 0,
                                "Local Written Blocks": 0,
                                "Temp Read Blocks": 0,
                                "Temp Written Blocks": 0,
                                "WAL Records": 0,
                                "WAL FPI": 0,
                                "WAL Bytes": 0,
                                "Plans": [
                                    {
                                        "Node Type": "Bitmap Index Scan",
                                        "Parent Relationship": "Outer",
                                        "Parallel Aware": false,
                                        "Async Capable": false,
                                        "Index Name": "flag_idx",
                                        "Startup Cost": 0.0,
                                        "Total Cost": 20.24,
                                        "Plan Rows": 1556,
                                        "Plan Width": 0,
                                        "Actual Startup Time": 0.08,
                                        "Actual Total Time": 0.08,
                                        "Actual Rows": 1574,
                                        "Actual Loops": 1,
                                        "Index Cond": "(django_enum_tests_benchmark_flagtester015.flags = 45938)",
                                        "Shared Hit Blocks": 5,
                                        "Shared Read Blocks": 0,
                                        "Shared Dirtied Blocks": 0,
                                        "Shared Written Blocks": 0,
                                        "Local Hit Blocks": 0,
                                        "Local Read Blocks": 0,
                                        "Local Dirtied Blocks": 0,
                                        "Local Written Blocks": 0,
                                        "Temp Read Blocks": 0,
                                        "Temp Written Blocks": 0,
                                        "WAL Records": 0,
                                        "WAL FPI": 0,
                                        "WAL Bytes": 0
                                    }
                                ]
                            },
                            "Settings": {},
                            "Planning": {
                                "Shared Hit Blocks": 0,
                                "Shared Read Blocks": 0,
                                "Shared Dirtied Blocks": 0,
                                "Shared Written Blocks": 0,
                                "Local Hit Blocks": 0,
                                "Local Read Blocks": 0,
                                "Local Dirtied Blocks": 0,
                                "Local Written Blocks": 0,
                                "Temp Read Blocks": 0,
                                "Temp Written Blocks": 0
                            },
                            "Planning Time": 0.038,
                            "Triggers": [],
                            "Execution Time": 0.795
                        },
                        "all_ftr_time": 3.2284039000000004,
                        "any_ftr_time": 8.3079457,
                        "exact_ftr_time": 0.0007439
                    }
                }
            },
            "[BOOL] No Index": {
                "16": {
                    "10": {
                        "all_time": 0.0010612460318952799,
                        "any_time": 0.0016943375929258763,
                        "exact_time": 0.0011963582597672938,
                        "table_size": 24576.0,
                        "index_time": 4.159519448876381e-07,
                        "all_explanation": {
                            "Plan": {
                                "Node Type": "Seq Scan",
                                "Parallel Aware": false,
                                "Async Capable": false,
                                "Relation Name": "django_enum_tests_benchmark_booltester015",
                                "Schema": "public",
                                "Alias": "django_enum_tests_benchmark_booltester015",
                                "Startup Cost": 0.0,
                                "Total Cost": 1.11,
                                "Plan Rows": 1,
                                "Plan Width": 24,
                                "Actual Startup Time": 0.002,
                                "Actual Total Time": 0.002,
                                "Actual Rows": 0,
                                "Actual Loops": 1,
                                "Output": [
                                    "id",
                                    "flg_0",
                                    "flg_1",
                                    "flg_2",
                                    "flg_3",
                                    "flg_4",
                                    "flg_5",
                                    "flg_6",
                                    "flg_7",
                                    "flg_8",
                                    "flg_9",
                                    "flg_10",
                                    "flg_11",
                                    "flg_12",
                                    "flg_13",
                                    "flg_14",
                                    "flg_15"
                                ],
                                "Filter": "(django_enum_tests_benchmark_booltester015.flg_0 AND django_enum_tests_benchmark_booltester015.flg_1 AND django_enum_tests_benchmark_booltester015.flg_6 AND django_enum_tests_benchmark_booltester015.flg_7 AND django_enum_tests_benchmark_booltester015.flg_8 AND django_enum_tests_benchmark_booltester015.flg_12 AND django_enum_tests_benchmark_booltester015.flg_13)",
                                "Rows Removed by Filter": 11,
                                "Shared Hit Blocks": 1,
                                "Shared Read Blocks": 0,
                                "Shared Dirtied Blocks": 0,
                                "Shared Written Blocks": 0,
                                "Local Hit Blocks": 0,
                                "Local Read Blocks": 0,
                                "Local Dirtied Blocks": 0,
                                "Local Written Blocks": 0,
                                "Temp Read Blocks": 0,
                                "Temp Written Blocks": 0,
                                "WAL Records": 0,
                                "WAL FPI": 0,
                                "WAL Bytes": 0
                            },
                            "Settings": {},
                            "Planning": {
                                "Shared Hit Blocks": 0,
                                "Shared Read Blocks": 0,
                                "Shared Dirtied Blocks": 0,
                                "Shared Written Blocks": 0,
                                "Local Hit Blocks": 0,
                                "Local Read Blocks": 0,
                                "Local Dirtied Blocks": 0,
                                "Local Written Blocks": 0,
                                "Temp Read Blocks": 0,
                                "Temp Written Blocks": 0
                            },
                            "Planning Time": 0.01,
                            "Triggers": [],
                            "Execution Time": 0.005
                        },
                        "any_explanation": {
                            "Plan": {
                                "Node Type": "Seq Scan",
                                "Parallel Aware": false,
                                "Async Capable": false,
                                "Relation Name": "django_enum_tests_benchmark_booltester015",
                                "Schema": "public",
                                "Alias": "django_enum_tests_benchmark_booltester015",
                                "Startup Cost": 0.0,
                                "Total Cost": 1.11,
                                "Plan Rows": 11,
                                "Plan Width": 24,
                                "Actual Startup Time": 0.002,
                                "Actual Total Time": 0.003,
                                "Actual Rows": 11,
                                "Actual Loops": 1,
                                "Output": [
                                    "id",
                                    "flg_0",
                                    "flg_1",
                                    "flg_2",
                                    "flg_3",
                                    "flg_4",
                                    "flg_5",
                                    "flg_6",
                                    "flg_7",
                                    "flg_8",
                                    "flg_9",
                                    "flg_10",
                                    "flg_11",
                                    "flg_12",
                                    "flg_13",
                                    "flg_14",
                                    "flg_15"
                                ],
                                "Filter": "(django_enum_tests_benchmark_booltester015.flg_0 OR django_enum_tests_benchmark_booltester015.flg_1 OR django_enum_tests_benchmark_booltester015.flg_6 OR django_enum_tests_benchmark_booltester015.flg_7 OR django_enum_tests_benchmark_booltester015.flg_8 OR django_enum_tests_benchmark_booltester015.flg_12 OR django_enum_tests_benchmark_booltester015.flg_13)",
                                "Rows Removed by Filter": 0,
                                "Shared Hit Blocks": 1,
                                "Shared Read Blocks": 0,
                                "Shared Dirtied Blocks": 0,
                                "Shared Written Blocks": 0,
                                "Local Hit Blocks": 0,
                                "Local Read Blocks": 0,
                                "Local Dirtied Blocks": 0,
                                "Local Written Blocks": 0,
                                "Temp Read Blocks": 0,
                                "Temp Written Blocks": 0,
                                "WAL Records": 0,
                                "WAL FPI": 0,
                                "WAL Bytes": 0
                            },
                            "Settings": {},
                            "Planning": {
                                "Shared Hit Blocks": 0,
                                "Shared Read Blocks": 0,
                                "Shared Dirtied Blocks": 0,
                                "Shared Written Blocks": 0,
                                "Local Hit Blocks": 0,
                                "Local Read Blocks": 0,
                                "Local Dirtied Blocks": 0,
                                "Local Written Blocks": 0,
                                "Temp Read Blocks": 0,
                                "Temp Written Blocks": 0
                            },
                            "Planning Time": 0.01,
                            "Triggers": [],
                            "Execution Time": 0.005
                        },
                        "exact_explanation": {
                            "Plan": {
                                "Node Type": "Seq Scan",
                                "Parallel Aware": false,
                                "Async Capable": false,
                                "Relation Name": "django_enum_tests_benchmark_booltester015",
                                "Schema": "public",
                                "Alias": "django_enum_tests_benchmark_booltester015",
                                "Startup Cost": 0.0,
                                "Total Cost": 1.11,
                                "Plan Rows": 1,
                                "Plan Width": 24,
                                "Actual Startup Time": 0.003,
                                "Actual Total Time": 0.003,
                                "Actual Rows": 0,
                                "Actual Loops": 1,
                                "Output": [
                                    "id",
                                    "flg_0",
                                    "flg_1",
                                    "flg_2",
                                    "flg_3",
                                    "flg_4",
                                    "flg_5",
                                    "flg_6",
                                    "flg_7",
                                    "flg_8",
                                    "flg_9",
                                    "flg_10",
                                    "flg_11",
                                    "flg_12",
                                    "flg_13",
                                    "flg_14",
                                    "flg_15"
                                ],
                                "Filter": "(django_enum_tests_benchmark_booltester015.flg_0 AND django_enum_tests_benchmark_booltester015.flg_1 AND (NOT django_enum_tests_benchmark_booltester015.flg_2) AND (NOT django_enum_tests_benchmark_booltester015.flg_3) AND (NOT django_enum_tests_benchmark_booltester015.flg_4) AND (NOT django_enum_tests_benchmark_booltester015.flg_5) AND django_enum_tests_benchmark_booltester015.flg_6 AND django_enum_tests_benchmark_booltester015.flg_7 AND django_enum_tests_benchmark_booltester015.flg_8 AND (NOT django_enum_tests_benchmark_booltester015.flg_9) AND (NOT django_enum_tests_benchmark_booltester015.flg_10) AND (NOT django_enum_tests_benchmark_booltester015.flg_11) AND django_enum_tests_benchmark_booltester015.flg_12 AND django_enum_tests_benchmark_booltester015.flg_13 AND (NOT django_enum_tests_benchmark_booltester015.flg_14) AND (NOT django_enum_tests_benchmark_booltester015.flg_15))",
                                "Rows Removed by Filter": 11,
                                "Shared Hit Blocks": 1,
                                "Shared Read Blocks": 0,
                                "Shared Dirtied Blocks": 0,
                                "Shared Written Blocks": 0,
                                "Local Hit Blocks": 0,
                                "Local Read Blocks": 0,
                                "Local Dirtied Blocks": 0,
                                "Local Written Blocks": 0,
                                "Temp Read Blocks": 0,
                                "Temp Written Blocks": 0,
                                "WAL Records": 0,
                                "WAL FPI": 0,
                                "WAL Bytes": 0
                            },
                            "Settings": {},
                            "Planning": {
                                "Shared Hit Blocks": 0,
                                "Shared Read Blocks": 0,
                                "Shared Dirtied Blocks": 0,
                                "Shared Written Blocks": 0,
                                "Local Hit Blocks": 0,
                                "Local Read Blocks": 0,
                                "Local Dirtied Blocks": 0,
                                "Local Written Blocks": 0,
                                "Temp Read Blocks": 0,
                                "Temp Written Blocks": 0
                            },
                            "Planning Time": 0.013,
                            "Triggers": [],
                            "Execution Time": 0.006
                        },
                        "all_ftr_time": 4.9e-06,
                        "any_ftr_time": 5.599999999999999e-06,
                        "exact_ftr_time": 6.900000000000001e-06
                    },
                    "100": {
                        "all_time": 0.0010315918014384806,
                        "any_time": 0.0016360540757887065,
                        "exact_time": 0.0011491623823530971,
                        "table_size": 24576.0,
                        "index_time": 4.169996827840805e-07,
                        "all_explanation": {
                            "Plan": {
                                "Node Type": "Seq Scan",
                                "Parallel Aware": false,
                                "Async Capable": false,
                                "Relation Name": "django_enum_tests_benchmark_booltester015",
                                "Schema": "public",
                                "Alias": "django_enum_tests_benchmark_booltester015",
                                "Startup Cost": 0.0,
                                "Total Cost": 2.01,
                                "Plan Rows": 1,
                                "Plan Width": 24,
                                "Actual Startup Time": 0.009,
                                "Actual Total Time": 0.009,
                                "Actual Rows": 0,
                                "Actual Loops": 1,
                                "Output": [
                                    "id",
                                    "flg_0",
                                    "flg_1",
                                    "flg_2",
                                    "flg_3",
                                    "flg_4",
                                    "flg_5",
                                    "flg_6",
                                    "flg_7",
                                    "flg_8",
                                    "flg_9",
                                    "flg_10",
                                    "flg_11",
                                    "flg_12",
                                    "flg_13",
                                    "flg_14",
                                    "flg_15"
                                ],
                                "Filter": "(django_enum_tests_benchmark_booltester015.flg_0 AND django_enum_tests_benchmark_booltester015.flg_3 AND django_enum_tests_benchmark_booltester015.flg_4 AND django_enum_tests_benchmark_booltester015.flg_6 AND django_enum_tests_benchmark_booltester015.flg_7 AND django_enum_tests_benchmark_booltester015.flg_8 AND django_enum_tests_benchmark_booltester015.flg_9 AND django_enum_tests_benchmark_booltester015.flg_11 AND django_enum_tests_benchmark_booltester015.flg_13 AND django_enum_tests_benchmark_booltester015.flg_14 AND django_enum_tests_benchmark_booltester015.flg_15)",
                                "Rows Removed by Filter": 101,
                                "Shared Hit Blocks": 1,
                                "Shared Read Blocks": 0,
                                "Shared Dirtied Blocks": 0,
                                "Shared Written Blocks": 0,
                                "Local Hit Blocks": 0,
                                "Local Read Blocks": 0,
                                "Local Dirtied Blocks": 0,
                                "Local Written Blocks": 0,
                                "Temp Read Blocks": 0,
                                "Temp Written Blocks": 0,
                                "WAL Records": 0,
                                "WAL FPI": 0,
                                "WAL Bytes": 0
                            },
                            "Settings": {},
                            "Planning": {
                                "Shared Hit Blocks": 0,
                                "Shared Read Blocks": 0,
                                "Shared Dirtied Blocks": 0,
                                "Shared Written Blocks": 0,
                                "Local Hit Blocks": 0,
                                "Local Read Blocks": 0,
                                "Local Dirtied Blocks": 0,
                                "Local Written Blocks": 0,
                                "Temp Read Blocks": 0,
                                "Temp Written Blocks": 0
                            },
                            "Planning Time": 0.011,
                            "Triggers": [],
                            "Execution Time": 0.012
                        },
                        "any_explanation": {
                            "Plan": {
                                "Node Type": "Seq Scan",
                                "Parallel Aware": false,
                                "Async Capable": false,
                                "Relation Name": "django_enum_tests_benchmark_booltester015",
                                "Schema": "public",
                                "Alias": "django_enum_tests_benchmark_booltester015",
                                "Startup Cost": 0.0,
                                "Total Cost": 2.01,
                                "Plan Rows": 101,
                                "Plan Width": 24,
                                "Actual Startup Time": 0.002,
                                "Actual Total Time": 0.011,
                                "Actual Rows": 101,
                                "Actual Loops": 1,
                                "Output": [
                                    "id",
                                    "flg_0",
                                    "flg_1",
                                    "flg_2",
                                    "flg_3",
                                    "flg_4",
                                    "flg_5",
                                    "flg_6",
                                    "flg_7",
                                    "flg_8",
                                    "flg_9",
                                    "flg_10",
                                    "flg_11",
                                    "flg_12",
                                    "flg_13",
                                    "flg_14",
                                    "flg_15"
                                ],
                                "Filter": "(django_enum_tests_benchmark_booltester015.flg_0 OR django_enum_tests_benchmark_booltester015.flg_3 OR django_enum_tests_benchmark_booltester015.flg_4 OR django_enum_tests_benchmark_booltester015.flg_6 OR django_enum_tests_benchmark_booltester015.flg_7 OR django_enum_tests_benchmark_booltester015.flg_8 OR django_enum_tests_benchmark_booltester015.flg_9 OR django_enum_tests_benchmark_booltester015.flg_11 OR django_enum_tests_benchmark_booltester015.flg_13 OR django_enum_tests_benchmark_booltester015.flg_14 OR django_enum_tests_benchmark_booltester015.flg_15)",
                                "Rows Removed by Filter": 0,
                                "Shared Hit Blocks": 1,
                                "Shared Read Blocks": 0,
                                "Shared Dirtied Blocks": 0,
                                "Shared Written Blocks": 0,
                                "Local Hit Blocks": 0,
                                "Local Read Blocks": 0,
                                "Local Dirtied Blocks": 0,
                                "Local Written Blocks": 0,
                                "Temp Read Blocks": 0,
                                "Temp Written Blocks": 0,
                                "WAL Records": 0,
                                "WAL FPI": 0,
                                "WAL Bytes": 0
                            },
                            "Settings": {},
                            "Planning": {
                                "Shared Hit Blocks": 0,
                                "Shared Read Blocks": 0,
                                "Shared Dirtied Blocks": 0,
                                "Shared Written Blocks": 0,
                                "Local Hit Blocks": 0,
                                "Local Read Blocks": 0,
                                "Local Dirtied Blocks": 0,
                                "Local Written Blocks": 0,
                                "Temp Read Blocks": 0,
                                "Temp Written Blocks": 0
                            },
                            "Planning Time": 0.01,
                            "Triggers": [],
                            "Execution Time": 0.016
                        },
                        "exact_explanation": {
                            "Plan": {
                                "Node Type": "Seq Scan",
                                "Parallel Aware": false,
                                "Async Capable": false,
                                "Relation Name": "django_enum_tests_benchmark_booltester015",
                                "Schema": "public",
                                "Alias": "django_enum_tests_benchmark_booltester015",
                                "Startup Cost": 0.0,
                                "Total Cost": 2.01,
                                "Plan Rows": 1,
                                "Plan Width": 24,
                                "Actual Startup Time": 0.009,
                                "Actual Total Time": 0.009,
                                "Actual Rows": 0,
                                "Actual Loops": 1,
                                "Output": [
                                    "id",
                                    "flg_0",
                                    "flg_1",
                                    "flg_2",
                                    "flg_3",
                                    "flg_4",
                                    "flg_5",
                                    "flg_6",
                                    "flg_7",
                                    "flg_8",
                                    "flg_9",
                                    "flg_10",
                                    "flg_11",
                                    "flg_12",
                                    "flg_13",
                                    "flg_14",
                                    "flg_15"
                                ],
                                "Filter": "(django_enum_tests_benchmark_booltester015.flg_0 AND (NOT django_enum_tests_benchmark_booltester015.flg_1) AND (NOT django_enum_tests_benchmark_booltester015.flg_2) AND django_enum_tests_benchmark_booltester015.flg_3 AND django_enum_tests_benchmark_booltester015.flg_4 AND (NOT django_enum_tests_benchmark_booltester015.flg_5) AND django_enum_tests_benchmark_booltester015.flg_6 AND django_enum_tests_benchmark_booltester015.flg_7 AND django_enum_tests_benchmark_booltester015.flg_8 AND django_enum_tests_benchmark_booltester015.flg_9 AND (NOT django_enum_tests_benchmark_booltester015.flg_10) AND django_enum_tests_benchmark_booltester015.flg_11 AND (NOT django_enum_tests_benchmark_booltester015.flg_12) AND django_enum_tests_benchmark_booltester015.flg_13 AND django_enum_tests_benchmark_booltester015.flg_14 AND django_enum_tests_benchmark_booltester015.flg_15)",
                                "Rows Removed by Filter": 101,
                                "Shared Hit Blocks": 1,
                                "Shared Read Blocks": 0,
                                "Shared Dirtied Blocks": 0,
                                "Shared Written Blocks": 0,
                                "Local Hit Blocks": 0,
                                "Local Read Blocks": 0,
                                "Local Dirtied Blocks": 0,
                                "Local Written Blocks": 0,
                                "Temp Read Blocks": 0,
                                "Temp Written Blocks": 0,
                                "WAL Records": 0,
                                "WAL FPI": 0,
                                "WAL Bytes": 0
                            },
                            "Settings": {},
                            "Planning": {
                                "Shared Hit Blocks": 0,
                                "Shared Read Blocks": 0,
                                "Shared Dirtied Blocks": 0,
                                "Shared Written Blocks": 0,
                                "Local Hit Blocks": 0,
                                "Local Read Blocks": 0,
                                "Local Dirtied Blocks": 0,
                                "Local Written Blocks": 0,
                                "Temp Read Blocks": 0,
                                "Temp Written Blocks": 0
                            },
                            "Planning Time": 0.013,
                            "Triggers": [],
                            "Execution Time": 0.013
                        },
                        "all_ftr_time": 1.0899999999999999e-05,
                        "any_ftr_time": 1.4100000000000002e-05,
                        "exact_ftr_time": 1.31e-05
                    },
                    "1000": {
                        "all_time": 0.0011559748090803623,
                        "any_time": 0.0018681125133298338,
                        "exact_time": 0.0012193165021017194,
                        "table_size": 98304.0,
                        "index_time": 4.1606836020946503e-07,
                        "all_explanation": {
                            "Plan": {
                                "Node Type": "Seq Scan",
                                "Parallel Aware": false,
                                "Async Capable": false,
                                "Relation Name": "django_enum_tests_benchmark_booltester015",
                                "Schema": "public",
                                "Alias": "django_enum_tests_benchmark_booltester015",
                                "Startup Cost": 0.0,
                                "Total Cost": 17.01,
                                "Plan Rows": 1,
                                "Plan Width": 24,
                                "Actual Startup Time": 0.02,
                                "Actual Total Time": 0.074,
                                "Actual Rows": 1,
                                "Actual Loops": 1,
                                "Output": [
                                    "id",
                                    "flg_0",
                                    "flg_1",
                                    "flg_2",
                                    "flg_3",
                                    "flg_4",
                                    "flg_5",
                                    "flg_6",
                                    "flg_7",
                                    "flg_8",
                                    "flg_9",
                                    "flg_10",
                                    "flg_11",
                                    "flg_12",
                                    "flg_13",
                                    "flg_14",
                                    "flg_15"
                                ],
                                "Filter": "(django_enum_tests_benchmark_booltester015.flg_1 AND django_enum_tests_benchmark_booltester015.flg_2 AND django_enum_tests_benchmark_booltester015.flg_3 AND django_enum_tests_benchmark_booltester015.flg_4 AND django_enum_tests_benchmark_booltester015.flg_5 AND django_enum_tests_benchmark_booltester015.flg_6 AND django_enum_tests_benchmark_booltester015.flg_8 AND django_enum_tests_benchmark_booltester015.flg_10 AND django_enum_tests_benchmark_booltester015.flg_12 AND django_enum_tests_benchmark_booltester015.flg_13)",
                                "Rows Removed by Filter": 1000,
                                "Shared Hit Blocks": 7,
                                "Shared Read Blocks": 0,
                                "Shared Dirtied Blocks": 0,
                                "Shared Written Blocks": 0,
                                "Local Hit Blocks": 0,
                                "Local Read Blocks": 0,
                                "Local Dirtied Blocks": 0,
                                "Local Written Blocks": 0,
                                "Temp Read Blocks": 0,
                                "Temp Written Blocks": 0,
                                "WAL Records": 0,
                                "WAL FPI": 0,
                                "WAL Bytes": 0
                            },
                            "Settings": {},
                            "Planning": {
                                "Shared Hit Blocks": 0,
                                "Shared Read Blocks": 0,
                                "Shared Dirtied Blocks": 0,
                                "Shared Written Blocks": 0,
                                "Local Hit Blocks": 0,
                                "Local Read Blocks": 0,
                                "Local Dirtied Blocks": 0,
                                "Local Written Blocks": 0,
                                "Temp Read Blocks": 0,
                                "Temp Written Blocks": 0
                            },
                            "Planning Time": 0.015,
                            "Triggers": [],
                            "Execution Time": 0.077
                        },
                        "any_explanation": {
                            "Plan": {
                                "Node Type": "Seq Scan",
                                "Parallel Aware": false,
                                "Async Capable": false,
                                "Relation Name": "django_enum_tests_benchmark_booltester015",
                                "Schema": "public",
                                "Alias": "django_enum_tests_benchmark_booltester015",
                                "Startup Cost": 0.0,
                                "Total Cost": 17.01,
                                "Plan Rows": 1000,
                                "Plan Width": 24,
                                "Actual Startup Time": 0.003,
                                "Actual Total Time": 0.089,
                                "Actual Rows": 1000,
                                "Actual Loops": 1,
                                "Output": [
                                    "id",
                                    "flg_0",
                                    "flg_1",
                                    "flg_2",
                                    "flg_3",
                                    "flg_4",
                                    "flg_5",
                                    "flg_6",
                                    "flg_7",
                                    "flg_8",
                                    "flg_9",
                                    "flg_10",
                                    "flg_11",
                                    "flg_12",
                                    "flg_13",
                                    "flg_14",
                                    "flg_15"
                                ],
                                "Filter": "(django_enum_tests_benchmark_booltester015.flg_1 OR django_enum_tests_benchmark_booltester015.flg_2 OR django_enum_tests_benchmark_booltester015.flg_3 OR django_enum_tests_benchmark_booltester015.flg_4 OR django_enum_tests_benchmark_booltester015.flg_5 OR django_enum_tests_benchmark_booltester015.flg_6 OR django_enum_tests_benchmark_booltester015.flg_8 OR django_enum_tests_benchmark_booltester015.flg_10 OR django_enum_tests_benchmark_booltester015.flg_12 OR django_enum_tests_benchmark_booltester015.flg_13)",
                                "Rows Removed by Filter": 1,
                                "Shared Hit Blocks": 7,
                                "Shared Read Blocks": 0,
                                "Shared Dirtied Blocks": 0,
                                "Shared Written Blocks": 0,
                                "Local Hit Blocks": 0,
                                "Local Read Blocks": 0,
                                "Local Dirtied Blocks": 0,
                                "Local Written Blocks": 0,
                                "Temp Read Blocks": 0,
                                "Temp Written Blocks": 0,
                                "WAL Records": 0,
                                "WAL FPI": 0,
                                "WAL Bytes": 0
                            },
                            "Settings": {},
                            "Planning": {
                                "Shared Hit Blocks": 0,
                                "Shared Read Blocks": 0,
                                "Shared Dirtied Blocks": 0,
                                "Shared Written Blocks": 0,
                                "Local Hit Blocks": 0,
                                "Local Read Blocks": 0,
                                "Local Dirtied Blocks": 0,
                                "Local Written Blocks": 0,
                                "Temp Read Blocks": 0,
                                "Temp Written Blocks": 0
                            },
                            "Planning Time": 0.012,
                            "Triggers": [],
                            "Execution Time": 0.127
                        },
                        "exact_explanation": {
                            "Plan": {
                                "Node Type": "Seq Scan",
                                "Parallel Aware": false,
                                "Async Capable": false,
                                "Relation Name": "django_enum_tests_benchmark_booltester015",
                                "Schema": "public",
                                "Alias": "django_enum_tests_benchmark_booltester015",
                                "Startup Cost": 0.0,
                                "Total Cost": 17.01,
                                "Plan Rows": 1,
                                "Plan Width": 24,
                                "Actual Startup Time": 0.085,
                                "Actual Total Time": 0.085,
                                "Actual Rows": 0,
                                "Actual Loops": 1,
                                "Output": [
                                    "id",
                                    "flg_0",
                                    "flg_1",
                                    "flg_2",
                                    "flg_3",
                                    "flg_4",
                                    "flg_5",
                                    "flg_6",
                                    "flg_7",
                                    "flg_8",
                                    "flg_9",
                                    "flg_10",
                                    "flg_11",
                                    "flg_12",
                                    "flg_13",
                                    "flg_14",
                                    "flg_15"
                                ],
                                "Filter": "((NOT django_enum_tests_benchmark_booltester015.flg_0) AND django_enum_tests_benchmark_booltester015.flg_1 AND django_enum_tests_benchmark_booltester015.flg_2 AND django_enum_tests_benchmark_booltester015.flg_3 AND django_enum_tests_benchmark_booltester015.flg_4 AND django_enum_tests_benchmark_booltester015.flg_5 AND django_enum_tests_benchmark_booltester015.flg_6 AND (NOT django_enum_tests_benchmark_booltester015.flg_7) AND django_enum_tests_benchmark_booltester015.flg_8 AND (NOT django_enum_tests_benchmark_booltester015.flg_9) AND django_enum_tests_benchmark_booltester015.flg_10 AND (NOT django_enum_tests_benchmark_booltester015.flg_11) AND django_enum_tests_benchmark_booltester015.flg_12 AND django_enum_tests_benchmark_booltester015.flg_13 AND (NOT django_enum_tests_benchmark_booltester015.flg_14) AND (NOT django_enum_tests_benchmark_booltester015.flg_15))",
                                "Rows Removed by Filter": 1001,
                                "Shared Hit Blocks": 7,
                                "Shared Read Blocks": 0,
                                "Shared Dirtied Blocks": 0,
                                "Shared Written Blocks": 0,
                                "Local Hit Blocks": 0,
                                "Local Read Blocks": 0,
                                "Local Dirtied Blocks": 0,
                                "Local Written Blocks": 0,
                                "Temp Read Blocks": 0,
                                "Temp Written Blocks": 0,
                                "WAL Records": 0,
                                "WAL FPI": 0,
                                "WAL Bytes": 0
                            },
                            "Settings": {},
                            "Planning": {
                                "Shared Hit Blocks": 0,
                                "Shared Read Blocks": 0,
                                "Shared Dirtied Blocks": 0,
                                "Shared Written Blocks": 0,
                                "Local Hit Blocks": 0,
                                "Local Read Blocks": 0,
                                "Local Dirtied Blocks": 0,
                                "Local Written Blocks": 0,
                                "Temp Read Blocks": 0,
                                "Temp Written Blocks": 0
                            },
                            "Planning Time": 0.016,
                            "Triggers": [],
                            "Execution Time": 0.089
                        },
                        "all_ftr_time": 7.31e-05,
                        "any_ftr_time": 0.0001099,
                        "exact_ftr_time": 8.12e-05
                    },
                    "10000": {
                        "all_time": 0.0020522749982774258,
                        "any_time": 0.004852216376457363,
                        "exact_time": 0.003195495798718184,
                        "table_size": 770048.0,
                        "index_time": 5.84055669605732e-07,
                        "all_explanation": {
                            "Plan": {
                                "Node Type": "Seq Scan",
                                "Parallel Aware": false,
                                "Async Capable": false,
                                "Relation Name": "django_enum_tests_benchmark_booltester015",
                                "Schema": "public",
                                "Alias": "django_enum_tests_benchmark_booltester015",
                                "Startup Cost": 0.0,
                                "Total Cost": 164.01,
                                "Plan Rows": 17,
                                "Plan Width": 24,
                                "Actual Startup Time": 0.12,
                                "Actual Total Time": 0.972,
                                "Actual Rows": 21,
                                "Actual Loops": 1,
                                "Output": [
                                    "id",
                                    "flg_0",
                                    "flg_1",
                                    "flg_2",
                                    "flg_3",
                                    "flg_4",
                                    "flg_5",
                                    "flg_6",
                                    "flg_7",
                                    "flg_8",
                                    "flg_9",
                                    "flg_10",
                                    "flg_11",
                                    "flg_12",
                                    "flg_13",
                                    "flg_14",
                                    "flg_15"
                                ],
                                "Filter": "(django_enum_tests_benchmark_booltester015.flg_0 AND django_enum_tests_benchmark_booltester015.flg_1 AND django_enum_tests_benchmark_booltester015.flg_6 AND django_enum_tests_benchmark_booltester015.flg_8 AND django_enum_tests_benchmark_booltester015.flg_9 AND django_enum_tests_benchmark_booltester015.flg_10 AND django_enum_tests_benchmark_booltester015.flg_13 AND django_enum_tests_benchmark_booltester015.flg_14 AND django_enum_tests_benchmark_booltester015.flg_15)",
                                "Rows Removed by Filter": 9980,
                                "Shared Hit Blocks": 64,
                                "Shared Read Blocks": 0,
                                "Shared Dirtied Blocks": 0,
                                "Shared Written Blocks": 0,
                                "Local Hit Blocks": 0,
                                "Local Read Blocks": 0,
                                "Local Dirtied Blocks": 0,
                                "Local Written Blocks": 0,
                                "Temp Read Blocks": 0,
                                "Temp Written Blocks": 0,
                                "WAL Records": 0,
                                "WAL FPI": 0,
                                "WAL Bytes": 0
                            },
                            "Settings": {},
                            "Planning": {
                                "Shared Hit Blocks": 0,
                                "Shared Read Blocks": 0,
                                "Shared Dirtied Blocks": 0,
                                "Shared Written Blocks": 0,
                                "Local Hit Blocks": 0,
                                "Local Read Blocks": 0,
                                "Local Dirtied Blocks": 0,
                                "Local Written Blocks": 0,
                                "Temp Read Blocks": 0,
                                "Temp Written Blocks": 0
                            },
                            "Planning Time": 0.015,
                            "Triggers": [],
                            "Execution Time": 0.975
                        },
                        "any_explanation": {
                            "Plan": {
                                "Node Type": "Seq Scan",
                                "Parallel Aware": false,
                                "Async Capable": false,
                                "Relation Name": "django_enum_tests_benchmark_booltester015",
                                "Schema": "public",
                                "Alias": "django_enum_tests_benchmark_booltester015",
                                "Startup Cost": 0.0,
                                "Total Cost": 164.01,
                                "Plan Rows": 9979,
                                "Plan Width": 24,
                                "Actual Startup Time": 0.003,
                                "Actual Total Time": 1.099,
                                "Actual Rows": 9982,
                                "Actual Loops": 1,
                                "Output": [
                                    "id",
                                    "flg_0",
                                    "flg_1",
                                    "flg_2",
                                    "flg_3",
                                    "flg_4",
                                    "flg_5",
                                    "flg_6",
                                    "flg_7",
                                    "flg_8",
                                    "flg_9",
                                    "flg_10",
                                    "flg_11",
                                    "flg_12",
                                    "flg_13",
                                    "flg_14",
                                    "flg_15"
                                ],
                                "Filter": "(django_enum_tests_benchmark_booltester015.flg_0 OR django_enum_tests_benchmark_booltester015.flg_1 OR django_enum_tests_benchmark_booltester015.flg_6 OR django_enum_tests_benchmark_booltester015.flg_8 OR django_enum_tests_benchmark_booltester015.flg_9 OR django_enum_tests_benchmark_booltester015.flg_10 OR django_enum_tests_benchmark_booltester015.flg_13 OR django_enum_tests_benchmark_booltester015.flg_14 OR django_enum_tests_benchmark_booltester015.flg_15)",
                                "Rows Removed by Filter": 19,
                                "Shared Hit Blocks": 64,
                                "Shared Read Blocks": 0,
                                "Shared Dirtied Blocks": 0,
                                "Shared Written Blocks": 0,
                                "Local Hit Blocks": 0,
                                "Local Read Blocks": 0,
                                "Local Dirtied Blocks": 0,
                                "Local Written Blocks": 0,
                                "Temp Read Blocks": 0,
                                "Temp Written Blocks": 0,
                                "WAL Records": 0,
                                "WAL FPI": 0,
                                "WAL Bytes": 0
                            },
                            "Settings": {},
                            "Planning": {
                                "Shared Hit Blocks": 0,
                                "Shared Read Blocks": 0,
                                "Shared Dirtied Blocks": 0,
                                "Shared Written Blocks": 0,
                                "Local Hit Blocks": 0,
                                "Local Read Blocks": 0,
                                "Local Dirtied Blocks": 0,
                                "Local Written Blocks": 0,
                                "Temp Read Blocks": 0,
                                "Temp Written Blocks": 0
                            },
                            "Planning Time": 0.015,
                            "Triggers": [],
                            "Execution Time": 1.391
                        },
                        "exact_explanation": {
                            "Plan": {
                                "Node Type": "Seq Scan",
                                "Parallel Aware": false,
                                "Async Capable": false,
                                "Relation Name": "django_enum_tests_benchmark_booltester015",
                                "Schema": "public",
                                "Alias": "django_enum_tests_benchmark_booltester015",
                                "Startup Cost": 0.0,
                                "Total Cost": 164.01,
                                "Plan Rows": 1,
                                "Plan Width": 24,
                                "Actual Startup Time": 0.978,
                                "Actual Total Time": 1.057,
                                "Actual Rows": 1,
                                "Actual Loops": 1,
                                "Output": [
                                    "id",
                                    "flg_0",
                                    "flg_1",
                                    "flg_2",
                                    "flg_3",
                                    "flg_4",
                                    "flg_5",
                                    "flg_6",
                                    "flg_7",
                                    "flg_8",
                                    "flg_9",
                                    "flg_10",
                                    "flg_11",
                                    "flg_12",
                                    "flg_13",
                                    "flg_14",
                                    "flg_15"
                                ],
                                "Filter": "(django_enum_tests_benchmark_booltester015.flg_0 AND django_enum_tests_benchmark_booltester015.flg_1 AND (NOT django_enum_tests_benchmark_booltester015.flg_2) AND (NOT django_enum_tests_benchmark_booltester015.flg_3) AND (NOT django_enum_tests_benchmark_booltester015.flg_4) AND (NOT django_enum_tests_benchmark_booltester015.flg_5) AND django_enum_tests_benchmark_booltester015.flg_6 AND (NOT django_enum_tests_benchmark_booltester015.flg_7) AND django_enum_tests_benchmark_booltester015.flg_8 AND django_enum_tests_benchmark_booltester015.flg_9 AND django_enum_tests_benchmark_booltester015.flg_10 AND (NOT django_enum_tests_benchmark_booltester015.flg_11) AND (NOT django_enum_tests_benchmark_booltester015.flg_12) AND django_enum_tests_benchmark_booltester015.flg_13 AND django_enum_tests_benchmark_booltester015.flg_14 AND django_enum_tests_benchmark_booltester015.flg_15)",
                                "Rows Removed by Filter": 10000,
                                "Shared Hit Blocks": 64,
                                "Shared Read Blocks": 0,
                                "Shared Dirtied Blocks": 0,
                                "Shared Written Blocks": 0,
                                "Local Hit Blocks": 0,
                                "Local Read Blocks": 0,
                                "Local Dirtied Blocks": 0,
                                "Local Written Blocks": 0,
                                "Temp Read Blocks": 0,
                                "Temp Written Blocks": 0,
                                "WAL Records": 0,
                                "WAL FPI": 0,
                                "WAL Bytes": 0
                            },
                            "Settings": {},
                            "Planning": {
                                "Shared Hit Blocks": 0,
                                "Shared Read Blocks": 0,
                                "Shared Dirtied Blocks": 0,
                                "Shared Written Blocks": 0,
                                "Local Hit Blocks": 0,
                                "Local Read Blocks": 0,
                                "Local Dirtied Blocks": 0,
                                "Local Written Blocks": 0,
                                "Temp Read Blocks": 0,
                                "Temp Written Blocks": 0
                            },
                            "Planning Time": 0.023,
                            "Triggers": [],
                            "Execution Time": 1.062
                        },
                        "all_ftr_time": 0.0007796999999999999,
                        "any_ftr_time": 0.0011821,
                        "exact_ftr_time": 0.0008576
                    },
                    "100000": {
                        "all_time": 0.00910292100161314,
                        "any_time": 0.024067508184816688,
                        "exact_time": 0.011197708081454039,
                        "table_size": 7479296.0,
                        "index_time": 3.7497375160455704e-07,
                        "all_explanation": {
                            "Plan": {
                                "Node Type": "Seq Scan",
                                "Parallel Aware": false,
                                "Async Capable": false,
                                "Relation Name": "django_enum_tests_benchmark_booltester015",
                                "Schema": "public",
                                "Alias": "django_enum_tests_benchmark_booltester015",
                                "Startup Cost": 0.0,
                                "Total Cost": 1637.01,
                                "Plan Rows": 92,
                                "Plan Width": 24,
                                "Actual Startup Time": 0.012,
                                "Actual Total Time": 6.269,
                                "Actual Rows": 111,
                                "Actual Loops": 1,
                                "Output": [
                                    "id",
                                    "flg_0",
                                    "flg_1",
                                    "flg_2",
                                    "flg_3",
                                    "flg_4",
                                    "flg_5",
                                    "flg_6",
                                    "flg_7",
                                    "flg_8",
                                    "flg_9",
                                    "flg_10",
                                    "flg_11",
                                    "flg_12",
                                    "flg_13",
                                    "flg_14",
                                    "flg_15"
                                ],
                                "Filter": "(django_enum_tests_benchmark_booltester015.flg_1 AND django_enum_tests_benchmark_booltester015.flg_2 AND django_enum_tests_benchmark_booltester015.flg_3 AND django_enum_tests_benchmark_booltester015.flg_4 AND django_enum_tests_benchmark_booltester015.flg_6 AND django_enum_tests_benchmark_booltester015.flg_9 AND django_enum_tests_benchmark_booltester015.flg_10 AND django_enum_tests_benchmark_booltester015.flg_11 AND django_enum_tests_benchmark_booltester015.flg_12 AND django_enum_tests_benchmark_booltester015.flg_13)",
                                "Rows Removed by Filter": 99890,
                                "Shared Hit Blocks": 637,
                                "Shared Read Blocks": 0,
                                "Shared Dirtied Blocks": 0,
                                "Shared Written Blocks": 0,
                                "Local Hit Blocks": 0,
                                "Local Read Blocks": 0,
                                "Local Dirtied Blocks": 0,
                                "Local Written Blocks": 0,
                                "Temp Read Blocks": 0,
                                "Temp Written Blocks": 0,
                                "WAL Records": 0,
                                "WAL FPI": 0,
                                "WAL Bytes": 0
                            },
                            "Settings": {},
                            "Planning": {
                                "Shared Hit Blocks": 0,
                                "Shared Read Blocks": 0,
                                "Shared Dirtied Blocks": 0,
                                "Shared Written Blocks": 0,
                                "Local Hit Blocks": 0,
                                "Local Read Blocks": 0,
                                "Local Dirtied Blocks": 0,
                                "Local Written Blocks": 0,
                                "Temp Read Blocks": 0,
                                "Temp Written Blocks": 0
                            },
                            "Planning Time": 0.026,
                            "Triggers": [],
                            "Execution Time": 6.277
                        },
                        "any_explanation": {
                            "Plan": {
                                "Node Type": "Seq Scan",
                                "Parallel Aware": false,
                                "Async Capable": false,
                                "Relation Name": "django_enum_tests_benchmark_booltester015",
                                "Schema": "public",
                                "Alias": "django_enum_tests_benchmark_booltester015",
                                "Startup Cost": 0.0,
                                "Total Cost": 1637.01,
                                "Plan Rows": 99916,
                                "Plan Width": 24,
                                "Actual Startup Time": 0.002,
                                "Actual Total Time": 7.237,
                                "Actual Rows": 99909,
                                "Actual Loops": 1,
                                "Output": [
                                    "id",
                                    "flg_0",
                                    "flg_1",
                                    "flg_2",
                                    "flg_3",
                                    "flg_4",
                                    "flg_5",
                                    "flg_6",
                                    "flg_7",
                                    "flg_8",
                                    "flg_9",
                                    "flg_10",
                                    "flg_11",
                                    "flg_12",
                                    "flg_13",
                                    "flg_14",
                                    "flg_15"
                                ],
                                "Filter": "(django_enum_tests_benchmark_booltester015.flg_1 OR django_enum_tests_benchmark_booltester015.flg_2 OR django_enum_tests_benchmark_booltester015.flg_3 OR django_enum_tests_benchmark_booltester015.flg_4 OR django_enum_tests_benchmark_booltester015.flg_6 OR django_enum_tests_benchmark_booltester015.flg_9 OR django_enum_tests_benchmark_booltester015.flg_10 OR django_enum_tests_benchmark_booltester015.flg_11 OR django_enum_tests_benchmark_booltester015.flg_12 OR django_enum_tests_benchmark_booltester015.flg_13)",
                                "Rows Removed by Filter": 92,
                                "Shared Hit Blocks": 637,
                                "Shared Read Blocks": 0,
                                "Shared Dirtied Blocks": 0,
                                "Shared Written Blocks": 0,
                                "Local Hit Blocks": 0,
                                "Local Read Blocks": 0,
                                "Local Dirtied Blocks": 0,
                                "Local Written Blocks": 0,
                                "Temp Read Blocks": 0,
                                "Temp Written Blocks": 0,
                                "WAL Records": 0,
                                "WAL FPI": 0,
                                "WAL Bytes": 0
                            },
                            "Settings": {},
                            "Planning": {
                                "Shared Hit Blocks": 0,
                                "Shared Read Blocks": 0,
                                "Shared Dirtied Blocks": 0,
                                "Shared Written Blocks": 0,
                                "Local Hit Blocks": 0,
                                "Local Read Blocks": 0,
                                "Local Dirtied Blocks": 0,
                                "Local Written Blocks": 0,
                                "Temp Read Blocks": 0,
                                "Temp Written Blocks": 0
                            },
                            "Planning Time": 0.013,
                            "Triggers": [],
                            "Execution Time": 9.243
                        },
                        "exact_explanation": {
                            "Plan": {
                                "Node Type": "Seq Scan",
                                "Parallel Aware": false,
                                "Async Capable": false,
                                "Relation Name": "django_enum_tests_benchmark_booltester015",
                                "Schema": "public",
                                "Alias": "django_enum_tests_benchmark_booltester015",
                                "Startup Cost": 0.0,
                                "Total Cost": 1637.01,
                                "Plan Rows": 1,
                                "Plan Width": 24,
                                "Actual Startup Time": 3.311,
                                "Actual Total Time": 6.591,
                                "Actual Rows": 2,
                                "Actual Loops": 1,
                                "Output": [
                                    "id",
                                    "flg_0",
                                    "flg_1",
                                    "flg_2",
                                    "flg_3",
                                    "flg_4",
                                    "flg_5",
                                    "flg_6",
                                    "flg_7",
                                    "flg_8",
                                    "flg_9",
                                    "flg_10",
                                    "flg_11",
                                    "flg_12",
                                    "flg_13",
                                    "flg_14",
                                    "flg_15"
                                ],
                                "Filter": "((NOT django_enum_tests_benchmark_booltester015.flg_0) AND django_enum_tests_benchmark_booltester015.flg_1 AND django_enum_tests_benchmark_booltester015.flg_2 AND django_enum_tests_benchmark_booltester015.flg_3 AND django_enum_tests_benchmark_booltester015.flg_4 AND (NOT django_enum_tests_benchmark_booltester015.flg_5) AND django_enum_tests_benchmark_booltester015.flg_6 AND (NOT django_enum_tests_benchmark_booltester015.flg_7) AND (NOT django_enum_tests_benchmark_booltester015.flg_8) AND django_enum_tests_benchmark_booltester015.flg_9 AND django_enum_tests_benchmark_booltester015.flg_10 AND django_enum_tests_benchmark_booltester015.flg_11 AND django_enum_tests_benchmark_booltester015.flg_12 AND django_enum_tests_benchmark_booltester015.flg_13 AND (NOT django_enum_tests_benchmark_booltester015.flg_14) AND (NOT django_enum_tests_benchmark_booltester015.flg_15))",
                                "Rows Removed by Filter": 99999,
                                "Shared Hit Blocks": 637,
                                "Shared Read Blocks": 0,
                                "Shared Dirtied Blocks": 0,
                                "Shared Written Blocks": 0,
                                "Local Hit Blocks": 0,
                                "Local Read Blocks": 0,
                                "Local Dirtied Blocks": 0,
                                "Local Written Blocks": 0,
                                "Temp Read Blocks": 0,
                                "Temp Written Blocks": 0,
                                "WAL Records": 0,
                                "WAL FPI": 0,
                                "WAL Bytes": 0
                            },
                            "Settings": {},
                            "Planning": {
                                "Shared Hit Blocks": 0,
                                "Shared Read Blocks": 0,
                                "Shared Dirtied Blocks": 0,
                                "Shared Written Blocks": 0,
                                "Local Hit Blocks": 0,
                                "Local Read Blocks": 0,
                                "Local Dirtied Blocks": 0,
                                "Local Written Blocks": 0,
                                "Temp Read Blocks": 0,
                                "Temp Written Blocks": 0
                            },
                            "Planning Time": 0.021,
                            "Triggers": [],
                            "Execution Time": 6.595
                        },
                        "all_ftr_time": 0.006314599999999999,
                        "any_ftr_time": 0.0094104,
                        "exact_ftr_time": 0.0067146
                    },
                    "1000000": {
                        "all_time": 0.03155992490937933,
                        "any_time": 0.14001653349259868,
                        "exact_time": 0.033458120794966816,
                        "table_size": 74448896.0,
                        "index_time": 5.00003807246685e-07,
                        "all_explanation": {
                            "Plan": {
                                "Node Type": "Gather",
                                "Parallel Aware": false,
                                "Async Capable": false,
                                "Startup Cost": 1000.0,
                                "Total Cost": 11571.87,
                                "Plan Rows": 352,
                                "Plan Width": 24,
                                "Actual Startup Time": 0.223,
                                "Actual Total Time": 25.772,
                                "Actual Rows": 465,
                                "Actual Loops": 1,
                                "Output": [
                                    "id",
                                    "flg_0",
                                    "flg_1",
                                    "flg_2",
                                    "flg_3",
                                    "flg_4",
                                    "flg_5",
                                    "flg_6",
                                    "flg_7",
                                    "flg_8",
                                    "flg_9",
                                    "flg_10",
                                    "flg_11",
                                    "flg_12",
                                    "flg_13",
                                    "flg_14",
                                    "flg_15"
                                ],
                                "Workers Planned": 2,
                                "Workers Launched": 2,
                                "Single Copy": false,
                                "Shared Hit Blocks": 4640,
                                "Shared Read Blocks": 1730,
                                "Shared Dirtied Blocks": 0,
                                "Shared Written Blocks": 0,
                                "Local Hit Blocks": 0,
                                "Local Read Blocks": 0,
                                "Local Dirtied Blocks": 0,
                                "Local Written Blocks": 0,
                                "Temp Read Blocks": 0,
                                "Temp Written Blocks": 0,
                                "WAL Records": 0,
                                "WAL FPI": 0,
                                "WAL Bytes": 0,
                                "Plans": [
                                    {
                                        "Node Type": "Seq Scan",
                                        "Parent Relationship": "Outer",
                                        "Parallel Aware": true,
                                        "Async Capable": false,
                                        "Relation Name": "django_enum_tests_benchmark_booltester015",
                                        "Schema": "public",
                                        "Alias": "django_enum_tests_benchmark_booltester015",
                                        "Startup Cost": 0.0,
                                        "Total Cost": 10536.67,
                                        "Plan Rows": 147,
                                        "Plan Width": 24,
                                        "Actual Startup Time": 0.19,
                                        "Actual Total Time": 23.73,
                                        "Actual Rows": 155,
                                        "Actual Loops": 3,
                                        "Output": [
                                            "id",
                                            "flg_0",
                                            "flg_1",
                                            "flg_2",
                                            "flg_3",
                                            "flg_4",
                                            "flg_5",
                                            "flg_6",
                                            "flg_7",
                                            "flg_8",
                                            "flg_9",
                                            "flg_10",
                                            "flg_11",
                                            "flg_12",
                                            "flg_13",
                                            "flg_14",
                                            "flg_15"
                                        ],
                                        "Filter": "(django_enum_tests_benchmark_booltester015.flg_0 AND django_enum_tests_benchmark_booltester015.flg_1 AND django_enum_tests_benchmark_booltester015.flg_2 AND django_enum_tests_benchmark_booltester015.flg_3 AND django_enum_tests_benchmark_booltester015.flg_4 AND django_enum_tests_benchmark_booltester015.flg_5 AND django_enum_tests_benchmark_booltester015.flg_8 AND django_enum_tests_benchmark_booltester015.flg_9 AND django_enum_tests_benchmark_booltester015.flg_11 AND django_enum_tests_benchmark_booltester015.flg_12 AND django_enum_tests_benchmark_booltester015.flg_13)",
                                        "Rows Removed by Filter": 333179,
                                        "Shared Hit Blocks": 4640,
                                        "Shared Read Blocks": 1730,
                                        "Shared Dirtied Blocks": 0,
                                        "Shared Written Blocks": 0,
                                        "Local Hit Blocks": 0,
                                        "Local Read Blocks": 0,
                                        "Local Dirtied Blocks": 0,
                                        "Local Written Blocks": 0,
                                        "Temp Read Blocks": 0,
                                        "Temp Written Blocks": 0,
                                        "WAL Records": 0,
                                        "WAL FPI": 0,
                                        "WAL Bytes": 0,
                                        "Workers": [
                                            {
                                                "Worker Number": 0,
                                                "Actual Startup Time": 0.037,
                                                "Actual Total Time": 23.159,
                                                "Actual Rows": 145,
                                                "Actual Loops": 1,
                                                "Shared Hit Blocks": 1504,
                                                "Shared Read Blocks": 520,
                                                "Shared Dirtied Blocks": 0,
                                                "Shared Written Blocks": 0,
                                                "Local Hit Blocks": 0,
                                                "Local Read Blocks": 0,
                                                "Local Dirtied Blocks": 0,
                                                "Local Written Blocks": 0,
                                                "Temp Read Blocks": 0,
                                                "Temp Written Blocks": 0,
                                                "WAL Records": 0,
                                                "WAL FPI": 0,
                                                "WAL Bytes": 0
                                            },
                                            {
                                                "Worker Number": 1,
                                                "Actual Startup Time": 0.37,
                                                "Actual Total Time": 23.174,
                                                "Actual Rows": 163,
                                                "Actual Loops": 1,
                                                "Shared Hit Blocks": 1505,
                                                "Shared Read Blocks": 524,
                                                "Shared Dirtied Blocks": 0,
                                                "Shared Written Blocks": 0,
                                                "Local Hit Blocks": 0,
                                                "Local Read Blocks": 0,
                                                "Local Dirtied Blocks": 0,
                                                "Local Written Blocks": 0,
                                                "Temp Read Blocks": 0,
                                                "Temp Written Blocks": 0,
                                                "WAL Records": 0,
                                                "WAL FPI": 0,
                                                "WAL Bytes": 0
                                            }
                                        ]
                                    }
                                ]
                            },
                            "Settings": {},
                            "Planning": {
                                "Shared Hit Blocks": 0,
                                "Shared Read Blocks": 0,
                                "Shared Dirtied Blocks": 0,
                                "Shared Written Blocks": 0,
                                "Local Hit Blocks": 0,
                                "Local Read Blocks": 0,
                                "Local Dirtied Blocks": 0,
                                "Local Written Blocks": 0,
                                "Temp Read Blocks": 0,
                                "Temp Written Blocks": 0
                            },
                            "Planning Time": 0.037,
                            "Triggers": [],
                            "Execution Time": 25.79
                        },
                        "any_explanation": {
                            "Plan": {
                                "Node Type": "Seq Scan",
                                "Parallel Aware": false,
                                "Async Capable": false,
                                "Relation Name": "django_enum_tests_benchmark_booltester015",
                                "Schema": "public",
                                "Alias": "django_enum_tests_benchmark_booltester015",
                                "Startup Cost": 0.0,
                                "Total Cost": 16370.01,
                                "Plan Rows": 999469,
                                "Plan Width": 24,
                                "Actual Startup Time": 0.009,
                                "Actual Total Time": 76.048,
                                "Actual Rows": 999514,
                                "Actual Loops": 1,
                                "Output": [
                                    "id",
                                    "flg_0",
                                    "flg_1",
                                    "flg_2",
                                    "flg_3",
                                    "flg_4",
                                    "flg_5",
                                    "flg_6",
                                    "flg_7",
                                    "flg_8",
                                    "flg_9",
                                    "flg_10",
                                    "flg_11",
                                    "flg_12",
                                    "flg_13",
                                    "flg_14",
                                    "flg_15"
                                ],
                                "Filter": "(django_enum_tests_benchmark_booltester015.flg_0 OR django_enum_tests_benchmark_booltester015.flg_1 OR django_enum_tests_benchmark_booltester015.flg_2 OR django_enum_tests_benchmark_booltester015.flg_3 OR django_enum_tests_benchmark_booltester015.flg_4 OR django_enum_tests_benchmark_booltester015.flg_5 OR django_enum_tests_benchmark_booltester015.flg_8 OR django_enum_tests_benchmark_booltester015.flg_9 OR django_enum_tests_benchmark_booltester015.flg_11 OR django_enum_tests_benchmark_booltester015.flg_12 OR django_enum_tests_benchmark_booltester015.flg_13)",
                                "Rows Removed by Filter": 487,
                                "Shared Hit Blocks": 4832,
                                "Shared Read Blocks": 1538,
                                "Shared Dirtied Blocks": 0,
                                "Shared Written Blocks": 0,
                                "Local Hit Blocks": 0,
                                "Local Read Blocks": 0,
                                "Local Dirtied Blocks": 0,
                                "Local Written Blocks": 0,
                                "Temp Read Blocks": 0,
                                "Temp Written Blocks": 0,
                                "WAL Records": 0,
                                "WAL FPI": 0,
                                "WAL Bytes": 0
                            },
                            "Settings": {},
                            "Planning": {
                                "Shared Hit Blocks": 0,
                                "Shared Read Blocks": 0,
                                "Shared Dirtied Blocks": 0,
                                "Shared Written Blocks": 0,
                                "Local Hit Blocks": 0,
                                "Local Read Blocks": 0,
                                "Local Dirtied Blocks": 0,
                                "Local Written Blocks": 0,
                                "Temp Read Blocks": 0,
                                "Temp Written Blocks": 0
                            },
                            "Planning Time": 0.041,
                            "Triggers": [],
                            "Execution Time": 96.124
                        },
                        "exact_explanation": {
                            "Plan": {
                                "Node Type": "Gather",
                                "Parallel Aware": false,
                                "Async Capable": false,
                                "Startup Cost": 1000.0,
                                "Total Cost": 11537.57,
                                "Plan Rows": 9,
                                "Plan Width": 24,
                                "Actual Startup Time": 6.605,
                                "Actual Total Time": 27.214,
                                "Actual Rows": 19,
                                "Actual Loops": 1,
                                "Output": [
                                    "id",
                                    "flg_0",
                                    "flg_1",
                                    "flg_2",
                                    "flg_3",
                                    "flg_4",
                                    "flg_5",
                                    "flg_6",
                                    "flg_7",
                                    "flg_8",
                                    "flg_9",
                                    "flg_10",
                                    "flg_11",
                                    "flg_12",
                                    "flg_13",
                                    "flg_14",
                                    "flg_15"
                                ],
                                "Workers Planned": 2,
                                "Workers Launched": 2,
                                "Single Copy": false,
                                "Shared Hit Blocks": 4960,
                                "Shared Read Blocks": 1410,
                                "Shared Dirtied Blocks": 0,
                                "Shared Written Blocks": 0,
                                "Local Hit Blocks": 0,
                                "Local Read Blocks": 0,
                                "Local Dirtied Blocks": 0,
                                "Local Written Blocks": 0,
                                "Temp Read Blocks": 0,
                                "Temp Written Blocks": 0,
                                "WAL Records": 0,
                                "WAL FPI": 0,
                                "WAL Bytes": 0,
                                "Plans": [
                                    {
                                        "Node Type": "Seq Scan",
                                        "Parent Relationship": "Outer",
                                        "Parallel Aware": true,
                                        "Async Capable": false,
                                        "Relation Name": "django_enum_tests_benchmark_booltester015",
                                        "Schema": "public",
                                        "Alias": "django_enum_tests_benchmark_booltester015",
                                        "Startup Cost": 0.0,
                                        "Total Cost": 10536.67,
                                        "Plan Rows": 4,
                                        "Plan Width": 24,
                                        "Actual Startup Time": 8.617,
                                        "Actual Total Time": 25.03,
                                        "Actual Rows": 6,
                                        "Actual Loops": 3,
                                        "Output": [
                                            "id",
                                            "flg_0",
                                            "flg_1",
                                            "flg_2",
                                            "flg_3",
                                            "flg_4",
                                            "flg_5",
                                            "flg_6",
                                            "flg_7",
                                            "flg_8",
                                            "flg_9",
                                            "flg_10",
                                            "flg_11",
                                            "flg_12",
                                            "flg_13",
                                            "flg_14",
                                            "flg_15"
                                        ],
                                        "Filter": "(django_enum_tests_benchmark_booltester015.flg_0 AND django_enum_tests_benchmark_booltester015.flg_1 AND django_enum_tests_benchmark_booltester015.flg_2 AND django_enum_tests_benchmark_booltester015.flg_3 AND django_enum_tests_benchmark_booltester015.flg_4 AND django_enum_tests_benchmark_booltester015.flg_5 AND (NOT django_enum_tests_benchmark_booltester015.flg_6) AND (NOT django_enum_tests_benchmark_booltester015.flg_7) AND django_enum_tests_benchmark_booltester015.flg_8 AND django_enum_tests_benchmark_booltester015.flg_9 AND (NOT django_enum_tests_benchmark_booltester015.flg_10) AND django_enum_tests_benchmark_booltester015.flg_11 AND django_enum_tests_benchmark_booltester015.flg_12 AND django_enum_tests_benchmark_booltester015.flg_13 AND (NOT django_enum_tests_benchmark_booltester015.flg_14) AND (NOT django_enum_tests_benchmark_booltester015.flg_15))",
                                        "Rows Removed by Filter": 333327,
                                        "Shared Hit Blocks": 4960,
                                        "Shared Read Blocks": 1410,
                                        "Shared Dirtied Blocks": 0,
                                        "Shared Written Blocks": 0,
                                        "Local Hit Blocks": 0,
                                        "Local Read Blocks": 0,
                                        "Local Dirtied Blocks": 0,
                                        "Local Written Blocks": 0,
                                        "Temp Read Blocks": 0,
                                        "Temp Written Blocks": 0,
                                        "WAL Records": 0,
                                        "WAL FPI": 0,
                                        "WAL Bytes": 0,
                                        "Workers": [
                                            {
                                                "Worker Number": 0,
                                                "Actual Startup Time": 7.997,
                                                "Actual Total Time": 24.408,
                                                "Actual Rows": 5,
                                                "Actual Loops": 1,
                                                "Shared Hit Blocks": 1604,
                                                "Shared Read Blocks": 416,
                                                "Shared Dirtied Blocks": 0,
                                                "Shared Written Blocks": 0,
                                                "Local Hit Blocks": 0,
                                                "Local Read Blocks": 0,
                                                "Local Dirtied Blocks": 0,
                                                "Local Written Blocks": 0,
                                                "Temp Read Blocks": 0,
                                                "Temp Written Blocks": 0,
                                                "WAL Records": 0,
                                                "WAL FPI": 0,
                                                "WAL Bytes": 0
                                            },
                                            {
                                                "Worker Number": 1,
                                                "Actual Startup Time": 11.313,
                                                "Actual Total Time": 24.407,
                                                "Actual Rows": 4,
                                                "Actual Loops": 1,
                                                "Shared Hit Blocks": 1606,
                                                "Shared Read Blocks": 414,
                                                "Shared Dirtied Blocks": 0,
                                                "Shared Written Blocks": 0,
                                                "Local Hit Blocks": 0,
                                                "Local Read Blocks": 0,
                                                "Local Dirtied Blocks": 0,
                                                "Local Written Blocks": 0,
                                                "Temp Read Blocks": 0,
                                                "Temp Written Blocks": 0,
                                                "WAL Records": 0,
                                                "WAL FPI": 0,
                                                "WAL Bytes": 0
                                            }
                                        ]
                                    }
                                ]
                            },
                            "Settings": {},
                            "Planning": {
                                "Shared Hit Blocks": 0,
                                "Shared Read Blocks": 0,
                                "Shared Dirtied Blocks": 0,
                                "Shared Written Blocks": 0,
                                "Local Hit Blocks": 0,
                                "Local Read Blocks": 0,
                                "Local Dirtied Blocks": 0,
                                "Local Written Blocks": 0,
                                "Temp Read Blocks": 0,
                                "Temp Written Blocks": 0
                            },
                            "Planning Time": 0.04,
                            "Triggers": [],
                            "Execution Time": 27.223
                        },
                        "all_ftr_time": 0.0369696,
                        "any_ftr_time": 0.10009370000000001,
                        "exact_ftr_time": 0.028379600000000005
                    },
                    "2000000": {
                        "all_time": 0.056254829233512285,
                        "any_time": 0.2649208210292272,
                        "exact_time": 0.06006149149034172,
                        "table_size": 148897792.0,
                        "index_time": 6.25033862888813e-07,
                        "all_explanation": {
                            "Plan": {
                                "Node Type": "Gather",
                                "Parallel Aware": false,
                                "Async Capable": false,
                                "Startup Cost": 1000.0,
                                "Total Cost": 22230.74,
                                "Plan Rows": 1584,
                                "Plan Width": 24,
                                "Actual Startup Time": 0.329,
                                "Actual Total Time": 52.426,
                                "Actual Rows": 1963,
                                "Actual Loops": 1,
                                "Output": [
                                    "id",
                                    "flg_0",
                                    "flg_1",
                                    "flg_2",
                                    "flg_3",
                                    "flg_4",
                                    "flg_5",
                                    "flg_6",
                                    "flg_7",
                                    "flg_8",
                                    "flg_9",
                                    "flg_10",
                                    "flg_11",
                                    "flg_12",
                                    "flg_13",
                                    "flg_14",
                                    "flg_15"
                                ],
                                "Workers Planned": 2,
                                "Workers Launched": 2,
                                "Single Copy": false,
                                "Shared Hit Blocks": 4704,
                                "Shared Read Blocks": 8035,
                                "Shared Dirtied Blocks": 0,
                                "Shared Written Blocks": 0,
                                "Local Hit Blocks": 0,
                                "Local Read Blocks": 0,
                                "Local Dirtied Blocks": 0,
                                "Local Written Blocks": 0,
                                "Temp Read Blocks": 0,
                                "Temp Written Blocks": 0,
                                "WAL Records": 0,
                                "WAL FPI": 0,
                                "WAL Bytes": 0,
                                "Plans": [
                                    {
                                        "Node Type": "Seq Scan",
                                        "Parent Relationship": "Outer",
                                        "Parallel Aware": true,
                                        "Async Capable": false,
                                        "Relation Name": "django_enum_tests_benchmark_booltester015",
                                        "Schema": "public",
                                        "Alias": "django_enum_tests_benchmark_booltester015",
                                        "Startup Cost": 0.0,
                                        "Total Cost": 21072.34,
                                        "Plan Rows": 660,
                                        "Plan Width": 24,
                                        "Actual Startup Time": 0.129,
                                        "Actual Total Time": 50.237,
                                        "Actual Rows": 654,
                                        "Actual Loops": 3,
                                        "Output": [
                                            "id",
                                            "flg_0",
                                            "flg_1",
                                            "flg_2",
                                            "flg_3",
                                            "flg_4",
                                            "flg_5",
                                            "flg_6",
                                            "flg_7",
                                            "flg_8",
                                            "flg_9",
                                            "flg_10",
                                            "flg_11",
                                            "flg_12",
                                            "flg_13",
                                            "flg_14",
                                            "flg_15"
                                        ],
                                        "Filter": "(django_enum_tests_benchmark_booltester015.flg_0 AND django_enum_tests_benchmark_booltester015.flg_1 AND django_enum_tests_benchmark_booltester015.flg_3 AND django_enum_tests_benchmark_booltester015.flg_4 AND django_enum_tests_benchmark_booltester015.flg_7 AND django_enum_tests_benchmark_booltester015.flg_8 AND django_enum_tests_benchmark_booltester015.flg_9 AND django_enum_tests_benchmark_booltester015.flg_12 AND django_enum_tests_benchmark_booltester015.flg_13 AND django_enum_tests_benchmark_booltester015.flg_14)",
                                        "Rows Removed by Filter": 666013,
                                        "Shared Hit Blocks": 4704,
                                        "Shared Read Blocks": 8035,
                                        "Shared Dirtied Blocks": 0,
                                        "Shared Written Blocks": 0,
                                        "Local Hit Blocks": 0,
                                        "Local Read Blocks": 0,
                                        "Local Dirtied Blocks": 0,
                                        "Local Written Blocks": 0,
                                        "Temp Read Blocks": 0,
                                        "Temp Written Blocks": 0,
                                        "WAL Records": 0,
                                        "WAL FPI": 0,
                                        "WAL Bytes": 0,
                                        "Workers": [
                                            {
                                                "Worker Number": 0,
                                                "Actual Startup Time": 0.024,
                                                "Actual Total Time": 49.682,
                                                "Actual Rows": 627,
                                                "Actual Loops": 1,
                                                "Shared Hit Blocks": 1527,
                                                "Shared Read Blocks": 2619,
                                                "Shared Dirtied Blocks": 0,
                                                "Shared Written Blocks": 0,
                                                "Local Hit Blocks": 0,
                                                "Local Read Blocks": 0,
                                                "Local Dirtied Blocks": 0,
                                                "Local Written Blocks": 0,
                                                "Temp Read Blocks": 0,
                                                "Temp Written Blocks": 0,
                                                "WAL Records": 0,
                                                "WAL FPI": 0,
                                                "WAL Bytes": 0
                                            },
                                            {
                                                "Worker Number": 1,
                                                "Actual Startup Time": 0.096,
                                                "Actual Total Time": 49.696,
                                                "Actual Rows": 673,
                                                "Actual Loops": 1,
                                                "Shared Hit Blocks": 1532,
                                                "Shared Read Blocks": 2616,
                                                "Shared Dirtied Blocks": 0,
                                                "Shared Written Blocks": 0,
                                                "Local Hit Blocks": 0,
                                                "Local Read Blocks": 0,
                                                "Local Dirtied Blocks": 0,
                                                "Local Written Blocks": 0,
                                                "Temp Read Blocks": 0,
                                                "Temp Written Blocks": 0,
                                                "WAL Records": 0,
                                                "WAL FPI": 0,
                                                "WAL Bytes": 0
                                            }
                                        ]
                                    }
                                ]
                            },
                            "Settings": {},
                            "Planning": {
                                "Shared Hit Blocks": 0,
                                "Shared Read Blocks": 0,
                                "Shared Dirtied Blocks": 0,
                                "Shared Written Blocks": 0,
                                "Local Hit Blocks": 0,
                                "Local Read Blocks": 0,
                                "Local Dirtied Blocks": 0,
                                "Local Written Blocks": 0,
                                "Temp Read Blocks": 0,
                                "Temp Written Blocks": 0
                            },
                            "Planning Time": 0.046,
                            "Triggers": [],
                            "Execution Time": 52.477
                        },
                        "any_explanation": {
                            "Plan": {
                                "Node Type": "Seq Scan",
                                "Parallel Aware": false,
                                "Async Capable": false,
                                "Relation Name": "django_enum_tests_benchmark_booltester015",
                                "Schema": "public",
                                "Alias": "django_enum_tests_benchmark_booltester015",
                                "Startup Cost": 0.0,
                                "Total Cost": 32739.01,
                                "Plan Rows": 1997988,
                                "Plan Width": 24,
                                "Actual Startup Time": 0.009,
                                "Actual Total Time": 158.437,
                                "Actual Rows": 1998066,
                                "Actual Loops": 1,
                                "Output": [
                                    "id",
                                    "flg_0",
                                    "flg_1",
                                    "flg_2",
                                    "flg_3",
                                    "flg_4",
                                    "flg_5",
                                    "flg_6",
                                    "flg_7",
                                    "flg_8",
                                    "flg_9",
                                    "flg_10",
                                    "flg_11",
                                    "flg_12",
                                    "flg_13",
                                    "flg_14",
                                    "flg_15"
                                ],
                                "Filter": "(django_enum_tests_benchmark_booltester015.flg_0 OR django_enum_tests_benchmark_booltester015.flg_1 OR django_enum_tests_benchmark_booltester015.flg_3 OR django_enum_tests_benchmark_booltester015.flg_4 OR django_enum_tests_benchmark_booltester015.flg_7 OR django_enum_tests_benchmark_booltester015.flg_8 OR django_enum_tests_benchmark_booltester015.flg_9 OR django_enum_tests_benchmark_booltester015.flg_12 OR django_enum_tests_benchmark_booltester015.flg_13 OR django_enum_tests_benchmark_booltester015.flg_14)",
                                "Rows Removed by Filter": 1935,
                                "Shared Hit Blocks": 4896,
                                "Shared Read Blocks": 7843,
                                "Shared Dirtied Blocks": 0,
                                "Shared Written Blocks": 0,
                                "Local Hit Blocks": 0,
                                "Local Read Blocks": 0,
                                "Local Dirtied Blocks": 0,
                                "Local Written Blocks": 0,
                                "Temp Read Blocks": 0,
                                "Temp Written Blocks": 0,
                                "WAL Records": 0,
                                "WAL FPI": 0,
                                "WAL Bytes": 0
                            },
                            "Settings": {},
                            "Planning": {
                                "Shared Hit Blocks": 0,
                                "Shared Read Blocks": 0,
                                "Shared Dirtied Blocks": 0,
                                "Shared Written Blocks": 0,
                                "Local Hit Blocks": 0,
                                "Local Read Blocks": 0,
                                "Local Dirtied Blocks": 0,
                                "Local Written Blocks": 0,
                                "Temp Read Blocks": 0,
                                "Temp Written Blocks": 0
                            },
                            "Planning Time": 0.04,
                            "Triggers": [],
                            "Execution Time": 198.322
                        },
                        "exact_explanation": {
                            "Plan": {
                                "Node Type": "Gather",
                                "Parallel Aware": false,
                                "Async Capable": false,
                                "Startup Cost": 1000.0,
                                "Total Cost": 22074.44,
                                "Plan Rows": 21,
                                "Plan Width": 24,
                                "Actual Startup Time": 25.072,
                                "Actual Total Time": 53.786,
                                "Actual Rows": 28,
                                "Actual Loops": 1,
                                "Output": [
                                    "id",
                                    "flg_0",
                                    "flg_1",
                                    "flg_2",
                                    "flg_3",
                                    "flg_4",
                                    "flg_5",
                                    "flg_6",
                                    "flg_7",
                                    "flg_8",
                                    "flg_9",
                                    "flg_10",
                                    "flg_11",
                                    "flg_12",
                                    "flg_13",
                                    "flg_14",
                                    "flg_15"
                                ],
                                "Workers Planned": 2,
                                "Workers Launched": 2,
                                "Single Copy": false,
                                "Shared Hit Blocks": 5024,
                                "Shared Read Blocks": 7715,
                                "Shared Dirtied Blocks": 0,
                                "Shared Written Blocks": 0,
                                "Local Hit Blocks": 0,
                                "Local Read Blocks": 0,
                                "Local Dirtied Blocks": 0,
                                "Local Written Blocks": 0,
                                "Temp Read Blocks": 0,
                                "Temp Written Blocks": 0,
                                "WAL Records": 0,
                                "WAL FPI": 0,
                                "WAL Bytes": 0,
                                "Plans": [
                                    {
                                        "Node Type": "Seq Scan",
                                        "Parent Relationship": "Outer",
                                        "Parallel Aware": true,
                                        "Async Capable": false,
                                        "Relation Name": "django_enum_tests_benchmark_booltester015",
                                        "Schema": "public",
                                        "Alias": "django_enum_tests_benchmark_booltester015",
                                        "Startup Cost": 0.0,
                                        "Total Cost": 21072.34,
                                        "Plan Rows": 9,
                                        "Plan Width": 24,
                                        "Actual Startup Time": 10.386,
                                        "Actual Total Time": 51.628,
                                        "Actual Rows": 9,
                                        "Actual Loops": 3,
                                        "Output": [
                                            "id",
                                            "flg_0",
                                            "flg_1",
                                            "flg_2",
                                            "flg_3",
                                            "flg_4",
                                            "flg_5",
                                            "flg_6",
                                            "flg_7",
                                            "flg_8",
                                            "flg_9",
                                            "flg_10",
                                            "flg_11",
                                            "flg_12",
                                            "flg_13",
                                            "flg_14",
                                            "flg_15"
                                        ],
                                        "Filter": "(django_enum_tests_benchmark_booltester015.flg_0 AND django_enum_tests_benchmark_booltester015.flg_1 AND (NOT django_enum_tests_benchmark_booltester015.flg_2) AND django_enum_tests_benchmark_booltester015.flg_3 AND django_enum_tests_benchmark_booltester015.flg_4 AND (NOT django_enum_tests_benchmark_booltester015.flg_5) AND (NOT django_enum_tests_benchmark_booltester015.flg_6) AND django_enum_tests_benchmark_booltester015.flg_7 AND django_enum_tests_benchmark_booltester015.flg_8 AND django_enum_tests_benchmark_booltester015.flg_9 AND (NOT django_enum_tests_benchmark_booltester015.flg_10) AND (NOT django_enum_tests_benchmark_booltester015.flg_11) AND django_enum_tests_benchmark_booltester015.flg_12 AND django_enum_tests_benchmark_booltester015.flg_13 AND django_enum_tests_benchmark_booltester015.flg_14 AND (NOT django_enum_tests_benchmark_booltester015.flg_15))",
                                        "Rows Removed by Filter": 666658,
                                        "Shared Hit Blocks": 5024,
                                        "Shared Read Blocks": 7715,
                                        "Shared Dirtied Blocks": 0,
                                        "Shared Written Blocks": 0,
                                        "Local Hit Blocks": 0,
                                        "Local Read Blocks": 0,
                                        "Local Dirtied Blocks": 0,
                                        "Local Written Blocks": 0,
                                        "Temp Read Blocks": 0,
                                        "Temp Written Blocks": 0,
                                        "WAL Records": 0,
                                        "WAL FPI": 0,
                                        "WAL Bytes": 0,
                                        "Workers": [
                                            {
                                                "Worker Number": 0,
                                                "Actual Startup Time": 3.557,
                                                "Actual Total Time": 50.996,
                                                "Actual Rows": 10,
                                                "Actual Loops": 1,
                                                "Shared Hit Blocks": 1621,
                                                "Shared Read Blocks": 2504,
                                                "Shared Dirtied Blocks": 0,
                                                "Shared Written Blocks": 0,
                                                "Local Hit Blocks": 0,
                                                "Local Read Blocks": 0,
                                                "Local Dirtied Blocks": 0,
                                                "Local Written Blocks": 0,
                                                "Temp Read Blocks": 0,
                                                "Temp Written Blocks": 0,
                                                "WAL Records": 0,
                                                "WAL FPI": 0,
                                                "WAL Bytes": 0
                                            },
                                            {
                                                "Worker Number": 1,
                                                "Actual Startup Time": 2.605,
                                                "Actual Total Time": 51.039,
                                                "Actual Rows": 13,
                                                "Actual Loops": 1,
                                                "Shared Hit Blocks": 1628,
                                                "Shared Read Blocks": 2504,
                                                "Shared Dirtied Blocks": 0,
                                                "Shared Written Blocks": 0,
                                                "Local Hit Blocks": 0,
                                                "Local Read Blocks": 0,
                                                "Local Dirtied Blocks": 0,
                                                "Local Written Blocks": 0,
                                                "Temp Read Blocks": 0,
                                                "Temp Written Blocks": 0,
                                                "WAL Records": 0,
                                                "WAL FPI": 0,
                                                "WAL Bytes": 0
                                            }
                                        ]
                                    }
                                ]
                            },
                            "Settings": {},
                            "Planning": {
                                "Shared Hit Blocks": 0,
                                "Shared Read Blocks": 0,
                                "Shared Dirtied Blocks": 0,
                                "Shared Written Blocks": 0,
                                "Local Hit Blocks": 0,
                                "Local Read Blocks": 0,
                                "Local Dirtied Blocks": 0,
                                "Local Written Blocks": 0,
                                "Temp Read Blocks": 0,
                                "Temp Written Blocks": 0
                            },
                            "Planning Time": 0.05,
                            "Triggers": [],
                            "Execution Time": 53.798
                        },
                        "all_ftr_time": 0.0626975,
                        "any_ftr_time": 0.19720500000000002,
                        "exact_ftr_time": 0.055814499999999996
                    },
                    "4000000": {
                        "all_time": 0.1066321125254035,
                        "any_time": 0.5252868707990274,
                        "exact_time": 0.11319240401498973,
                        "table_size": 298844160.0,
                        "index_time": 4.169996827840805e-07,
                        "all_explanation": {
                            "Plan": {
                                "Node Type": "Gather",
                                "Parallel Aware": false,
                                "Async Capable": false,
                                "Startup Cost": 1000.0,
                                "Total Cost": 43591.67,
                                "Plan Rows": 4470,
                                "Plan Width": 24,
                                "Actual Startup Time": 0.131,
                                "Actual Total Time": 105.796,
                                "Actual Rows": 3918,
                                "Actual Loops": 1,
                                "Output": [
                                    "id",
                                    "flg_0",
                                    "flg_1",
                                    "flg_2",
                                    "flg_3",
                                    "flg_4",
                                    "flg_5",
                                    "flg_6",
                                    "flg_7",
                                    "flg_8",
                                    "flg_9",
                                    "flg_10",
                                    "flg_11",
                                    "flg_12",
                                    "flg_13",
                                    "flg_14",
                                    "flg_15"
                                ],
                                "Workers Planned": 2,
                                "Workers Launched": 2,
                                "Single Copy": false,
                                "Shared Hit Blocks": 4704,
                                "Shared Read Blocks": 20774,
                                "Shared Dirtied Blocks": 0,
                                "Shared Written Blocks": 0,
                                "Local Hit Blocks": 0,
                                "Local Read Blocks": 0,
                                "Local Dirtied Blocks": 0,
                                "Local Written Blocks": 0,
                                "Temp Read Blocks": 0,
                                "Temp Written Blocks": 0,
                                "WAL Records": 0,
                                "WAL FPI": 0,
                                "WAL Bytes": 0,
                                "Plans": [
                                    {
                                        "Node Type": "Seq Scan",
                                        "Parent Relationship": "Outer",
                                        "Parallel Aware": true,
                                        "Async Capable": false,
                                        "Relation Name": "django_enum_tests_benchmark_booltester015",
                                        "Schema": "public",
                                        "Alias": "django_enum_tests_benchmark_booltester015",
                                        "Startup Cost": 0.0,
                                        "Total Cost": 42144.67,
                                        "Plan Rows": 1862,
                                        "Plan Width": 24,
                                        "Actual Startup Time": 0.063,
                                        "Actual Total Time": 103.473,
                                        "Actual Rows": 1306,
                                        "Actual Loops": 3,
                                        "Output": [
                                            "id",
                                            "flg_0",
                                            "flg_1",
                                            "flg_2",
                                            "flg_3",
                                            "flg_4",
                                            "flg_5",
                                            "flg_6",
                                            "flg_7",
                                            "flg_8",
                                            "flg_9",
                                            "flg_10",
                                            "flg_11",
                                            "flg_12",
                                            "flg_13",
                                            "flg_14",
                                            "flg_15"
                                        ],
                                        "Filter": "(django_enum_tests_benchmark_booltester015.flg_2 AND django_enum_tests_benchmark_booltester015.flg_3 AND django_enum_tests_benchmark_booltester015.flg_4 AND django_enum_tests_benchmark_booltester015.flg_7 AND django_enum_tests_benchmark_booltester015.flg_8 AND django_enum_tests_benchmark_booltester015.flg_9 AND django_enum_tests_benchmark_booltester015.flg_11 AND django_enum_tests_benchmark_booltester015.flg_13 AND django_enum_tests_benchmark_booltester015.flg_14 AND django_enum_tests_benchmark_booltester015.flg_15)",
                                        "Rows Removed by Filter": 1332028,
                                        "Shared Hit Blocks": 4704,
                                        "Shared Read Blocks": 20774,
                                        "Shared Dirtied Blocks": 0,
                                        "Shared Written Blocks": 0,
                                        "Local Hit Blocks": 0,
                                        "Local Read Blocks": 0,
                                        "Local Dirtied Blocks": 0,
                                        "Local Written Blocks": 0,
                                        "Temp Read Blocks": 0,
                                        "Temp Written Blocks": 0,
                                        "WAL Records": 0,
                                        "WAL FPI": 0,
                                        "WAL Bytes": 0,
                                        "Workers": [
                                            {
                                                "Worker Number": 0,
                                                "Actual Startup Time": 0.035,
                                                "Actual Total Time": 102.942,
                                                "Actual Rows": 1248,
                                                "Actual Loops": 1,
                                                "Shared Hit Blocks": 1515,
                                                "Shared Read Blocks": 6848,
                                                "Shared Dirtied Blocks": 0,
                                                "Shared Written Blocks": 0,
                                                "Local Hit Blocks": 0,
                                                "Local Read Blocks": 0,
                                                "Local Dirtied Blocks": 0,
                                                "Local Written Blocks": 0,
                                                "Temp Read Blocks": 0,
                                                "Temp Written Blocks": 0,
                                                "WAL Records": 0,
                                                "WAL FPI": 0,
                                                "WAL Bytes": 0
                                            },
                                            {
                                                "Worker Number": 1,
                                                "Actual Startup Time": 0.082,
                                                "Actual Total Time": 102.966,
                                                "Actual Rows": 1251,
                                                "Actual Loops": 1,
                                                "Shared Hit Blocks": 1529,
                                                "Shared Read Blocks": 6848,
                                                "Shared Dirtied Blocks": 0,
                                                "Shared Written Blocks": 0,
                                                "Local Hit Blocks": 0,
                                                "Local Read Blocks": 0,
                                                "Local Dirtied Blocks": 0,
                                                "Local Written Blocks": 0,
                                                "Temp Read Blocks": 0,
                                                "Temp Written Blocks": 0,
                                                "WAL Records": 0,
                                                "WAL FPI": 0,
                                                "WAL Bytes": 0
                                            }
                                        ]
                                    }
                                ]
                            },
                            "Settings": {},
                            "Planning": {
                                "Shared Hit Blocks": 0,
                                "Shared Read Blocks": 0,
                                "Shared Dirtied Blocks": 0,
                                "Shared Written Blocks": 0,
                                "Local Hit Blocks": 0,
                                "Local Read Blocks": 0,
                                "Local Dirtied Blocks": 0,
                                "Local Written Blocks": 0,
                                "Temp Read Blocks": 0,
                                "Temp Written Blocks": 0
                            },
                            "Planning Time": 0.04,
                            "Triggers": [],
                            "Execution Time": 105.89
                        },
                        "any_explanation": {
                            "Plan": {
                                "Node Type": "Seq Scan",
                                "Parallel Aware": false,
                                "Async Capable": false,
                                "Relation Name": "django_enum_tests_benchmark_booltester015",
                                "Schema": "public",
                                "Alias": "django_enum_tests_benchmark_booltester015",
                                "Startup Cost": 0.0,
                                "Total Cost": 65478.01,
                                "Plan Rows": 3997241,
                                "Plan Width": 24,
                                "Actual Startup Time": 0.013,
                                "Actual Total Time": 332.705,
                                "Actual Rows": 3996129,
                                "Actual Loops": 1,
                                "Output": [
                                    "id",
                                    "flg_0",
                                    "flg_1",
                                    "flg_2",
                                    "flg_3",
                                    "flg_4",
                                    "flg_5",
                                    "flg_6",
                                    "flg_7",
                                    "flg_8",
                                    "flg_9",
                                    "flg_10",
                                    "flg_11",
                                    "flg_12",
                                    "flg_13",
                                    "flg_14",
                                    "flg_15"
                                ],
                                "Filter": "(django_enum_tests_benchmark_booltester015.flg_2 OR django_enum_tests_benchmark_booltester015.flg_3 OR django_enum_tests_benchmark_booltester015.flg_4 OR django_enum_tests_benchmark_booltester015.flg_7 OR django_enum_tests_benchmark_booltester015.flg_8 OR django_enum_tests_benchmark_booltester015.flg_9 OR django_enum_tests_benchmark_booltester015.flg_11 OR django_enum_tests_benchmark_booltester015.flg_13 OR django_enum_tests_benchmark_booltester015.flg_14 OR django_enum_tests_benchmark_booltester015.flg_15)",
                                "Rows Removed by Filter": 3872,
                                "Shared Hit Blocks": 4896,
                                "Shared Read Blocks": 20582,
                                "Shared Dirtied Blocks": 0,
                                "Shared Written Blocks": 0,
                                "Local Hit Blocks": 0,
                                "Local Read Blocks": 0,
                                "Local Dirtied Blocks": 0,
                                "Local Written Blocks": 0,
                                "Temp Read Blocks": 0,
                                "Temp Written Blocks": 0,
                                "WAL Records": 0,
                                "WAL FPI": 0,
                                "WAL Bytes": 0
                            },
                            "Settings": {},
                            "Planning": {
                                "Shared Hit Blocks": 0,
                                "Shared Read Blocks": 0,
                                "Shared Dirtied Blocks": 0,
                                "Shared Written Blocks": 0,
                                "Local Hit Blocks": 0,
                                "Local Read Blocks": 0,
                                "Local Dirtied Blocks": 0,
                                "Local Written Blocks": 0,
                                "Temp Read Blocks": 0,
                                "Temp Written Blocks": 0
                            },
                            "Planning Time": 0.039,
                            "Triggers": [],
                            "Execution Time": 412.693
                        },
                        "exact_explanation": {
                            "Plan": {
                                "Node Type": "Gather",
                                "Parallel Aware": false,
                                "Async Capable": false,
                                "Startup Cost": 1000.0,
                                "Total Cost": 43153.37,
                                "Plan Rows": 87,
                                "Plan Width": 24,
                                "Actual Startup Time": 1.29,
                                "Actual Total Time": 110.791,
                                "Actual Rows": 63,
                                "Actual Loops": 1,
                                "Output": [
                                    "id",
                                    "flg_0",
                                    "flg_1",
                                    "flg_2",
                                    "flg_3",
                                    "flg_4",
                                    "flg_5",
                                    "flg_6",
                                    "flg_7",
                                    "flg_8",
                                    "flg_9",
                                    "flg_10",
                                    "flg_11",
                                    "flg_12",
                                    "flg_13",
                                    "flg_14",
                                    "flg_15"
                                ],
                                "Workers Planned": 2,
                                "Workers Launched": 2,
                                "Single Copy": false,
                                "Shared Hit Blocks": 5024,
                                "Shared Read Blocks": 20454,
                                "Shared Dirtied Blocks": 0,
                                "Shared Written Blocks": 0,
                                "Local Hit Blocks": 0,
                                "Local Read Blocks": 0,
                                "Local Dirtied Blocks": 0,
                                "Local Written Blocks": 0,
                                "Temp Read Blocks": 0,
                                "Temp Written Blocks": 0,
                                "WAL Records": 0,
                                "WAL FPI": 0,
                                "WAL Bytes": 0,
                                "Plans": [
                                    {
                                        "Node Type": "Seq Scan",
                                        "Parent Relationship": "Outer",
                                        "Parallel Aware": true,
                                        "Async Capable": false,
                                        "Relation Name": "django_enum_tests_benchmark_booltester015",
                                        "Schema": "public",
                                        "Alias": "django_enum_tests_benchmark_booltester015",
                                        "Startup Cost": 0.0,
                                        "Total Cost": 42144.67,
                                        "Plan Rows": 36,
                                        "Plan Width": 24,
                                        "Actual Startup Time": 2.842,
                                        "Actual Total Time": 108.563,
                                        "Actual Rows": 21,
                                        "Actual Loops": 3,
                                        "Output": [
                                            "id",
                                            "flg_0",
                                            "flg_1",
                                            "flg_2",
                                            "flg_3",
                                            "flg_4",
                                            "flg_5",
                                            "flg_6",
                                            "flg_7",
                                            "flg_8",
                                            "flg_9",
                                            "flg_10",
                                            "flg_11",
                                            "flg_12",
                                            "flg_13",
                                            "flg_14",
                                            "flg_15"
                                        ],
                                        "Filter": "((NOT django_enum_tests_benchmark_booltester015.flg_0) AND (NOT django_enum_tests_benchmark_booltester015.flg_1) AND django_enum_tests_benchmark_booltester015.flg_2 AND django_enum_tests_benchmark_booltester015.flg_3 AND django_enum_tests_benchmark_booltester015.flg_4 AND (NOT django_enum_tests_benchmark_booltester015.flg_5) AND (NOT django_enum_tests_benchmark_booltester015.flg_6) AND django_enum_tests_benchmark_booltester015.flg_7 AND django_enum_tests_benchmark_booltester015.flg_8 AND django_enum_tests_benchmark_booltester015.flg_9 AND (NOT django_enum_tests_benchmark_booltester015.flg_10) AND django_enum_tests_benchmark_booltester015.flg_11 AND (NOT django_enum_tests_benchmark_booltester015.flg_12) AND django_enum_tests_benchmark_booltester015.flg_13 AND django_enum_tests_benchmark_booltester015.flg_14 AND django_enum_tests_benchmark_booltester015.flg_15)",
                                        "Rows Removed by Filter": 1333313,
                                        "Shared Hit Blocks": 5024,
                                        "Shared Read Blocks": 20454,
                                        "Shared Dirtied Blocks": 0,
                                        "Shared Written Blocks": 0,
                                        "Local Hit Blocks": 0,
                                        "Local Read Blocks": 0,
                                        "Local Dirtied Blocks": 0,
                                        "Local Written Blocks": 0,
                                        "Temp Read Blocks": 0,
                                        "Temp Written Blocks": 0,
                                        "WAL Records": 0,
                                        "WAL FPI": 0,
                                        "WAL Bytes": 0,
                                        "Workers": [
                                            {
                                                "Worker Number": 0,
                                                "Actual Startup Time": 6.615,
                                                "Actual Total Time": 107.906,
                                                "Actual Rows": 22,
                                                "Actual Loops": 1,
                                                "Shared Hit Blocks": 1631,
                                                "Shared Read Blocks": 6710,
                                                "Shared Dirtied Blocks": 0,
                                                "Shared Written Blocks": 0,
                                                "Local Hit Blocks": 0,
                                                "Local Read Blocks": 0,
                                                "Local Dirtied Blocks": 0,
                                                "Local Written Blocks": 0,
                                                "Temp Read Blocks": 0,
                                                "Temp Written Blocks": 0,
                                                "WAL Records": 0,
                                                "WAL FPI": 0,
                                                "WAL Bytes": 0
                                            },
                                            {
                                                "Worker Number": 1,
                                                "Actual Startup Time": 0.697,
                                                "Actual Total Time": 107.973,
                                                "Actual Rows": 24,
                                                "Actual Loops": 1,
                                                "Shared Hit Blocks": 1611,
                                                "Shared Read Blocks": 6736,
                                                "Shared Dirtied Blocks": 0,
                                                "Shared Written Blocks": 0,
                                                "Local Hit Blocks": 0,
                                                "Local Read Blocks": 0,
                                                "Local Dirtied Blocks": 0,
                                                "Local Written Blocks": 0,
                                                "Temp Read Blocks": 0,
                                                "Temp Written Blocks": 0,
                                                "WAL Records": 0,
                                                "WAL FPI": 0,
                                                "WAL Bytes": 0
                                            }
                                        ]
                                    }
                                ]
                            },
                            "Settings": {},
                            "Planning": {
                                "Shared Hit Blocks": 0,
                                "Shared Read Blocks": 0,
                                "Shared Dirtied Blocks": 0,
                                "Shared Written Blocks": 0,
                                "Local Hit Blocks": 0,
                                "Local Read Blocks": 0,
                                "Local Dirtied Blocks": 0,
                                "Local Written Blocks": 0,
                                "Temp Read Blocks": 0,
                                "Temp Written Blocks": 0
                            },
                            "Planning Time": 0.044,
                            "Triggers": [],
                            "Execution Time": 110.807
                        },
                        "all_ftr_time": 0.1214437,
                        "any_ftr_time": 0.40017179999999997,
                        "exact_ftr_time": 0.1095524
                    },
                    "6000000": {
                        "all_time": 0.1565522165852599,
                        "any_time": 0.7813748042099178,
                        "exact_time": 0.1672251833952032,
                        "table_size": 447741952.0,
                        "index_time": 4.1606836020946503e-07,
                        "all_explanation": {
                            "Plan": {
                                "Node Type": "Gather",
                                "Parallel Aware": false,
                                "Async Capable": false,
                                "Startup Cost": 1000.0,
                                "Total Cost": 76932.2,
                                "Plan Rows": 127152,
                                "Plan Width": 24,
                                "Actual Startup Time": 0.071,
                                "Actual Total Time": 159.637,
                                "Actual Rows": 94160,
                                "Actual Loops": 1,
                                "Output": [
                                    "id",
                                    "flg_0",
                                    "flg_1",
                                    "flg_2",
                                    "flg_3",
                                    "flg_4",
                                    "flg_5",
                                    "flg_6",
                                    "flg_7",
                                    "flg_8",
                                    "flg_9",
                                    "flg_10",
                                    "flg_11",
                                    "flg_12",
                                    "flg_13",
                                    "flg_14",
                                    "flg_15"
                                ],
                                "Workers Planned": 2,
                                "Workers Launched": 2,
                                "Single Copy": false,
                                "Shared Hit Blocks": 4768,
                                "Shared Read Blocks": 33449,
                                "Shared Dirtied Blocks": 0,
                                "Shared Written Blocks": 0,
                                "Local Hit Blocks": 0,
                                "Local Read Blocks": 0,
                                "Local Dirtied Blocks": 0,
                                "Local Written Blocks": 0,
                                "Temp Read Blocks": 0,
                                "Temp Written Blocks": 0,
                                "WAL Records": 0,
                                "WAL FPI": 0,
                                "WAL Bytes": 0,
                                "Plans": [
                                    {
                                        "Node Type": "Seq Scan",
                                        "Parent Relationship": "Outer",
                                        "Parallel Aware": true,
                                        "Async Capable": false,
                                        "Relation Name": "django_enum_tests_benchmark_booltester015",
                                        "Schema": "public",
                                        "Alias": "django_enum_tests_benchmark_booltester015",
                                        "Startup Cost": 0.0,
                                        "Total Cost": 63217.0,
                                        "Plan Rows": 52980,
                                        "Plan Width": 24,
                                        "Actual Startup Time": 0.02,
                                        "Actual Total Time": 152.761,
                                        "Actual Rows": 31387,
                                        "Actual Loops": 3,
                                        "Output": [
                                            "id",
                                            "flg_0",
                                            "flg_1",
                                            "flg_2",
                                            "flg_3",
                                            "flg_4",
                                            "flg_5",
                                            "flg_6",
                                            "flg_7",
                                            "flg_8",
                                            "flg_9",
                                            "flg_10",
                                            "flg_11",
                                            "flg_12",
                                            "flg_13",
                                            "flg_14",
                                            "flg_15"
                                        ],
                                        "Filter": "(django_enum_tests_benchmark_booltester015.flg_1 AND django_enum_tests_benchmark_booltester015.flg_2 AND django_enum_tests_benchmark_booltester015.flg_8 AND django_enum_tests_benchmark_booltester015.flg_11 AND django_enum_tests_benchmark_booltester015.flg_13 AND django_enum_tests_benchmark_booltester015.flg_14)",
                                        "Rows Removed by Filter": 1968614,
                                        "Shared Hit Blocks": 4768,
                                        "Shared Read Blocks": 33449,
                                        "Shared Dirtied Blocks": 0,
                                        "Shared Written Blocks": 0,
                                        "Local Hit Blocks": 0,
                                        "Local Read Blocks": 0,
                                        "Local Dirtied Blocks": 0,
                                        "Local Written Blocks": 0,
                                        "Temp Read Blocks": 0,
                                        "Temp Written Blocks": 0,
                                        "WAL Records": 0,
                                        "WAL FPI": 0,
                                        "WAL Bytes": 0,
                                        "Workers": [
                                            {
                                                "Worker Number": 0,
                                                "Actual Startup Time": 0.029,
                                                "Actual Total Time": 153.371,
                                                "Actual Rows": 31406,
                                                "Actual Loops": 1,
                                                "Shared Hit Blocks": 1559,
                                                "Shared Read Blocks": 11104,
                                                "Shared Dirtied Blocks": 0,
                                                "Shared Written Blocks": 0,
                                                "Local Hit Blocks": 0,
                                                "Local Read Blocks": 0,
                                                "Local Dirtied Blocks": 0,
                                                "Local Written Blocks": 0,
                                                "Temp Read Blocks": 0,
                                                "Temp Written Blocks": 0,
                                                "WAL Records": 0,
                                                "WAL FPI": 0,
                                                "WAL Bytes": 0
                                            },
                                            {
                                                "Worker Number": 1,
                                                "Actual Startup Time": 0.024,
                                                "Actual Total Time": 153.422,
                                                "Actual Rows": 31107,
                                                "Actual Loops": 1,
                                                "Shared Hit Blocks": 1557,
                                                "Shared Read Blocks": 11113,
                                                "Shared Dirtied Blocks": 0,
                                                "Shared Written Blocks": 0,
                                                "Local Hit Blocks": 0,
                                                "Local Read Blocks": 0,
                                                "Local Dirtied Blocks": 0,
                                                "Local Written Blocks": 0,
                                                "Temp Read Blocks": 0,
                                                "Temp Written Blocks": 0,
                                                "WAL Records": 0,
                                                "WAL FPI": 0,
                                                "WAL Bytes": 0
                                            }
                                        ]
                                    }
                                ]
                            },
                            "Settings": {},
                            "Planning": {
                                "Shared Hit Blocks": 0,
                                "Shared Read Blocks": 0,
                                "Shared Dirtied Blocks": 0,
                                "Shared Written Blocks": 0,
                                "Local Hit Blocks": 0,
                                "Local Read Blocks": 0,
                                "Local Dirtied Blocks": 0,
                                "Local Written Blocks": 0,
                                "Temp Read Blocks": 0,
                                "Temp Written Blocks": 0
                            },
                            "Planning Time": 0.039,
                            "Triggers": [],
                            "Execution Time": 161.743
                        },
                        "any_explanation": {
                            "Plan": {
                                "Node Type": "Seq Scan",
                                "Parallel Aware": false,
                                "Async Capable": false,
                                "Relation Name": "django_enum_tests_benchmark_booltester015",
                                "Schema": "public",
                                "Alias": "django_enum_tests_benchmark_booltester015",
                                "Startup Cost": 0.0,
                                "Total Cost": 98217.01,
                                "Plan Rows": 5935669,
                                "Plan Width": 24,
                                "Actual Startup Time": 0.008,
                                "Actual Total Time": 480.164,
                                "Actual Rows": 5906708,
                                "Actual Loops": 1,
                                "Output": [
                                    "id",
                                    "flg_0",
                                    "flg_1",
                                    "flg_2",
                                    "flg_3",
                                    "flg_4",
                                    "flg_5",
                                    "flg_6",
                                    "flg_7",
                                    "flg_8",
                                    "flg_9",
                                    "flg_10",
                                    "flg_11",
                                    "flg_12",
                                    "flg_13",
                                    "flg_14",
                                    "flg_15"
                                ],
                                "Filter": "(django_enum_tests_benchmark_booltester015.flg_1 OR django_enum_tests_benchmark_booltester015.flg_2 OR django_enum_tests_benchmark_booltester015.flg_8 OR django_enum_tests_benchmark_booltester015.flg_11 OR django_enum_tests_benchmark_booltester015.flg_13 OR django_enum_tests_benchmark_booltester015.flg_14)",
                                "Rows Removed by Filter": 93293,
                                "Shared Hit Blocks": 4960,
                                "Shared Read Blocks": 33257,
                                "Shared Dirtied Blocks": 0,
                                "Shared Written Blocks": 0,
                                "Local Hit Blocks": 0,
                                "Local Read Blocks": 0,
                                "Local Dirtied Blocks": 0,
                                "Local Written Blocks": 0,
                                "Temp Read Blocks": 0,
                                "Temp Written Blocks": 0,
                                "WAL Records": 0,
                                "WAL FPI": 0,
                                "WAL Bytes": 0
                            },
                            "Settings": {},
                            "Planning": {
                                "Shared Hit Blocks": 0,
                                "Shared Read Blocks": 0,
                                "Shared Dirtied Blocks": 0,
                                "Shared Written Blocks": 0,
                                "Local Hit Blocks": 0,
                                "Local Read Blocks": 0,
                                "Local Dirtied Blocks": 0,
                                "Local Written Blocks": 0,
                                "Temp Read Blocks": 0,
                                "Temp Written Blocks": 0
                            },
                            "Planning Time": 0.035,
                            "Triggers": [],
                            "Execution Time": 597.748
                        },
                        "exact_explanation": {
                            "Plan": {
                                "Node Type": "Gather",
                                "Parallel Aware": false,
                                "Async Capable": false,
                                "Startup Cost": 1000.0,
                                "Total Cost": 64232.8,
                                "Plan Rows": 158,
                                "Plan Width": 24,
                                "Actual Startup Time": 1.427,
                                "Actual Total Time": 164.557,
                                "Actual Rows": 87,
                                "Actual Loops": 1,
                                "Output": [
                                    "id",
                                    "flg_0",
                                    "flg_1",
                                    "flg_2",
                                    "flg_3",
                                    "flg_4",
                                    "flg_5",
                                    "flg_6",
                                    "flg_7",
                                    "flg_8",
                                    "flg_9",
                                    "flg_10",
                                    "flg_11",
                                    "flg_12",
                                    "flg_13",
                                    "flg_14",
                                    "flg_15"
                                ],
                                "Workers Planned": 2,
                                "Workers Launched": 2,
                                "Single Copy": false,
                                "Shared Hit Blocks": 5088,
                                "Shared Read Blocks": 33129,
                                "Shared Dirtied Blocks": 0,
                                "Shared Written Blocks": 0,
                                "Local Hit Blocks": 0,
                                "Local Read Blocks": 0,
                                "Local Dirtied Blocks": 0,
                                "Local Written Blocks": 0,
                                "Temp Read Blocks": 0,
                                "Temp Written Blocks": 0,
                                "WAL Records": 0,
                                "WAL FPI": 0,
                                "WAL Bytes": 0,
                                "Plans": [
                                    {
                                        "Node Type": "Seq Scan",
                                        "Parent Relationship": "Outer",
                                        "Parallel Aware": true,
                                        "Async Capable": false,
                                        "Relation Name": "django_enum_tests_benchmark_booltester015",
                                        "Schema": "public",
                                        "Alias": "django_enum_tests_benchmark_booltester015",
                                        "Startup Cost": 0.0,
                                        "Total Cost": 63217.0,
                                        "Plan Rows": 66,
                                        "Plan Width": 24,
                                        "Actual Startup Time": 4.594,
                                        "Actual Total Time": 162.338,
                                        "Actual Rows": 29,
                                        "Actual Loops": 3,
                                        "Output": [
                                            "id",
                                            "flg_0",
                                            "flg_1",
                                            "flg_2",
                                            "flg_3",
                                            "flg_4",
                                            "flg_5",
                                            "flg_6",
                                            "flg_7",
                                            "flg_8",
                                            "flg_9",
                                            "flg_10",
                                            "flg_11",
                                            "flg_12",
                                            "flg_13",
                                            "flg_14",
                                            "flg_15"
                                        ],
                                        "Filter": "((NOT django_enum_tests_benchmark_booltester015.flg_0) AND django_enum_tests_benchmark_booltester015.flg_1 AND django_enum_tests_benchmark_booltester015.flg_2 AND (NOT django_enum_tests_benchmark_booltester015.flg_3) AND (NOT django_enum_tests_benchmark_booltester015.flg_4) AND (NOT django_enum_tests_benchmark_booltester015.flg_5) AND (NOT django_enum_tests_benchmark_booltester015.flg_6) AND (NOT django_enum_tests_benchmark_booltester015.flg_7) AND django_enum_tests_benchmark_booltester015.flg_8 AND (NOT django_enum_tests_benchmark_booltester015.flg_9) AND (NOT django_enum_tests_benchmark_booltester015.flg_10) AND django_enum_tests_benchmark_booltester015.flg_11 AND (NOT django_enum_tests_benchmark_booltester015.flg_12) AND django_enum_tests_benchmark_booltester015.flg_13 AND django_enum_tests_benchmark_booltester015.flg_14 AND (NOT django_enum_tests_benchmark_booltester015.flg_15))",
                                        "Rows Removed by Filter": 1999971,
                                        "Shared Hit Blocks": 5088,
                                        "Shared Read Blocks": 33129,
                                        "Shared Dirtied Blocks": 0,
                                        "Shared Written Blocks": 0,
                                        "Local Hit Blocks": 0,
                                        "Local Read Blocks": 0,
                                        "Local Dirtied Blocks": 0,
                                        "Local Written Blocks": 0,
                                        "Temp Read Blocks": 0,
                                        "Temp Written Blocks": 0,
                                        "WAL Records": 0,
                                        "WAL FPI": 0,
                                        "WAL Bytes": 0,
                                        "Workers": [
                                            {
                                                "Worker Number": 0,
                                                "Actual Startup Time": 11.545,
                                                "Actual Total Time": 161.709,
                                                "Actual Rows": 37,
                                                "Actual Loops": 1,
                                                "Shared Hit Blocks": 1666,
                                                "Shared Read Blocks": 10921,
                                                "Shared Dirtied Blocks": 0,
                                                "Shared Written Blocks": 0,
                                                "Local Hit Blocks": 0,
                                                "Local Read Blocks": 0,
                                                "Local Dirtied Blocks": 0,
                                                "Local Written Blocks": 0,
                                                "Temp Read Blocks": 0,
                                                "Temp Written Blocks": 0,
                                                "WAL Records": 0,
                                                "WAL FPI": 0,
                                                "WAL Bytes": 0
                                            },
                                            {
                                                "Worker Number": 1,
                                                "Actual Startup Time": 0.873,
                                                "Actual Total Time": 161.709,
                                                "Actual Rows": 22,
                                                "Actual Loops": 1,
                                                "Shared Hit Blocks": 1643,
                                                "Shared Read Blocks": 10912,
                                                "Shared Dirtied Blocks": 0,
                                                "Shared Written Blocks": 0,
                                                "Local Hit Blocks": 0,
                                                "Local Read Blocks": 0,
                                                "Local Dirtied Blocks": 0,
                                                "Local Written Blocks": 0,
                                                "Temp Read Blocks": 0,
                                                "Temp Written Blocks": 0,
                                                "WAL Records": 0,
                                                "WAL FPI": 0,
                                                "WAL Bytes": 0
                                            }
                                        ]
                                    }
                                ]
                            },
                            "Settings": {},
                            "Planning": {
                                "Shared Hit Blocks": 0,
                                "Shared Read Blocks": 0,
                                "Shared Dirtied Blocks": 0,
                                "Shared Written Blocks": 0,
                                "Local Hit Blocks": 0,
                                "Local Read Blocks": 0,
                                "Local Dirtied Blocks": 0,
                                "Local Written Blocks": 0,
                                "Temp Read Blocks": 0,
                                "Temp Written Blocks": 0
                            },
                            "Planning Time": 0.044,
                            "Triggers": [],
                            "Execution Time": 164.568
                        },
                        "all_ftr_time": 0.1601899,
                        "any_ftr_time": 0.5984227999999999,
                        "exact_ftr_time": 0.162984
                    },
                    "8000000": {
                        "all_time": 0.21274204158689827,
                        "any_time": 1.0606202957802453,
                        "exact_time": 0.2201423500897363,
                        "table_size": 597688320.0,
                        "index_time": 4.169996827840805e-07,
                        "all_explanation": {
                            "Plan": {
                                "Node Type": "Gather",
                                "Parallel Aware": false,
                                "Async Capable": false,
                                "Startup Cost": 1000.0,
                                "Total Cost": 111865.04,
                                "Plan Rows": 265757,
                                "Plan Width": 24,
                                "Actual Startup Time": 0.068,
                                "Actual Total Time": 208.926,
                                "Actual Rows": 250342,
                                "Actual Loops": 1,
                                "Output": [
                                    "id",
                                    "flg_0",
                                    "flg_1",
                                    "flg_2",
                                    "flg_3",
                                    "flg_4",
                                    "flg_5",
                                    "flg_6",
                                    "flg_7",
                                    "flg_8",
                                    "flg_9",
                                    "flg_10",
                                    "flg_11",
                                    "flg_12",
                                    "flg_13",
                                    "flg_14",
                                    "flg_15"
                                ],
                                "Workers Planned": 2,
                                "Workers Launched": 2,
                                "Single Copy": false,
                                "Shared Hit Blocks": 4800,
                                "Shared Read Blocks": 46156,
                                "Shared Dirtied Blocks": 0,
                                "Shared Written Blocks": 0,
                                "Local Hit Blocks": 0,
                                "Local Read Blocks": 0,
                                "Local Dirtied Blocks": 0,
                                "Local Written Blocks": 0,
                                "Temp Read Blocks": 0,
                                "Temp Written Blocks": 0,
                                "WAL Records": 0,
                                "WAL FPI": 0,
                                "WAL Bytes": 0,
                                "Plans": [
                                    {
                                        "Node Type": "Seq Scan",
                                        "Parent Relationship": "Outer",
                                        "Parallel Aware": true,
                                        "Async Capable": false,
                                        "Relation Name": "django_enum_tests_benchmark_booltester015",
                                        "Schema": "public",
                                        "Alias": "django_enum_tests_benchmark_booltester015",
                                        "Startup Cost": 0.0,
                                        "Total Cost": 84289.34,
                                        "Plan Rows": 110732,
                                        "Plan Width": 24,
                                        "Actual Startup Time": 0.018,
                                        "Actual Total Time": 193.398,
                                        "Actual Rows": 83447,
                                        "Actual Loops": 3,
                                        "Output": [
                                            "id",
                                            "flg_0",
                                            "flg_1",
                                            "flg_2",
                                            "flg_3",
                                            "flg_4",
                                            "flg_5",
                                            "flg_6",
                                            "flg_7",
                                            "flg_8",
                                            "flg_9",
                                            "flg_10",
                                            "flg_11",
                                            "flg_12",
                                            "flg_13",
                                            "flg_14",
                                            "flg_15"
                                        ],
                                        "Filter": "(django_enum_tests_benchmark_booltester015.flg_1 AND django_enum_tests_benchmark_booltester015.flg_8 AND django_enum_tests_benchmark_booltester015.flg_10 AND django_enum_tests_benchmark_booltester015.flg_11 AND django_enum_tests_benchmark_booltester015.flg_12)",
                                        "Rows Removed by Filter": 2583220,
                                        "Shared Hit Blocks": 4800,
                                        "Shared Read Blocks": 46156,
                                        "Shared Dirtied Blocks": 0,
                                        "Shared Written Blocks": 0,
                                        "Local Hit Blocks": 0,
                                        "Local Read Blocks": 0,
                                        "Local Dirtied Blocks": 0,
                                        "Local Written Blocks": 0,
                                        "Temp Read Blocks": 0,
                                        "Temp Written Blocks": 0,
                                        "WAL Records": 0,
                                        "WAL FPI": 0,
                                        "WAL Bytes": 0,
                                        "Workers": [
                                            {
                                                "Worker Number": 0,
                                                "Actual Startup Time": 0.021,
                                                "Actual Total Time": 196.048,
                                                "Actual Rows": 83476,
                                                "Actual Loops": 1,
                                                "Shared Hit Blocks": 1587,
                                                "Shared Read Blocks": 15468,
                                                "Shared Dirtied Blocks": 0,
                                                "Shared Written Blocks": 0,
                                                "Local Hit Blocks": 0,
                                                "Local Read Blocks": 0,
                                                "Local Dirtied Blocks": 0,
                                                "Local Written Blocks": 0,
                                                "Temp Read Blocks": 0,
                                                "Temp Written Blocks": 0,
                                                "WAL Records": 0,
                                                "WAL FPI": 0,
                                                "WAL Bytes": 0
                                            },
                                            {
                                                "Worker Number": 1,
                                                "Actual Startup Time": 0.024,
                                                "Actual Total Time": 196.043,
                                                "Actual Rows": 83701,
                                                "Actual Loops": 1,
                                                "Shared Hit Blocks": 1578,
                                                "Shared Read Blocks": 15473,
                                                "Shared Dirtied Blocks": 0,
                                                "Shared Written Blocks": 0,
                                                "Local Hit Blocks": 0,
                                                "Local Read Blocks": 0,
                                                "Local Dirtied Blocks": 0,
                                                "Local Written Blocks": 0,
                                                "Temp Read Blocks": 0,
                                                "Temp Written Blocks": 0,
                                                "WAL Records": 0,
                                                "WAL FPI": 0,
                                                "WAL Bytes": 0
                                            }
                                        ]
                                    }
                                ]
                            },
                            "Settings": {},
                            "Planning": {
                                "Shared Hit Blocks": 0,
                                "Shared Read Blocks": 0,
                                "Shared Dirtied Blocks": 0,
                                "Shared Written Blocks": 0,
                                "Local Hit Blocks": 0,
                                "Local Read Blocks": 0,
                                "Local Dirtied Blocks": 0,
                                "Local Written Blocks": 0,
                                "Temp Read Blocks": 0,
                                "Temp Written Blocks": 0
                            },
                            "Planning Time": 0.035,
                            "Triggers": [],
                            "Execution Time": 214.497
                        },
                        "any_explanation": {
                            "Plan": {
                                "Node Type": "Seq Scan",
                                "Parallel Aware": false,
                                "Async Capable": false,
                                "Relation Name": "django_enum_tests_benchmark_booltester015",
                                "Schema": "public",
                                "Alias": "django_enum_tests_benchmark_booltester015",
                                "Startup Cost": 0.0,
                                "Total Cost": 130956.01,
                                "Plan Rows": 7768608,
                                "Plan Width": 24,
                                "Actual Startup Time": 0.006,
                                "Actual Total Time": 613.441,
                                "Actual Rows": 7749733,
                                "Actual Loops": 1,
                                "Output": [
                                    "id",
                                    "flg_0",
                                    "flg_1",
                                    "flg_2",
                                    "flg_3",
                                    "flg_4",
                                    "flg_5",
                                    "flg_6",
                                    "flg_7",
                                    "flg_8",
                                    "flg_9",
                                    "flg_10",
                                    "flg_11",
                                    "flg_12",
                                    "flg_13",
                                    "flg_14",
                                    "flg_15"
                                ],
                                "Filter": "(django_enum_tests_benchmark_booltester015.flg_1 OR django_enum_tests_benchmark_booltester015.flg_8 OR django_enum_tests_benchmark_booltester015.flg_10 OR django_enum_tests_benchmark_booltester015.flg_11 OR django_enum_tests_benchmark_booltester015.flg_12)",
                                "Rows Removed by Filter": 250268,
                                "Shared Hit Blocks": 4992,
                                "Shared Read Blocks": 45964,
                                "Shared Dirtied Blocks": 0,
                                "Shared Written Blocks": 0,
                                "Local Hit Blocks": 0,
                                "Local Read Blocks": 0,
                                "Local Dirtied Blocks": 0,
                                "Local Written Blocks": 0,
                                "Temp Read Blocks": 0,
                                "Temp Written Blocks": 0,
                                "WAL Records": 0,
                                "WAL FPI": 0,
                                "WAL Bytes": 0
                            },
                            "Settings": {},
                            "Planning": {
                                "Shared Hit Blocks": 0,
                                "Shared Read Blocks": 0,
                                "Shared Dirtied Blocks": 0,
                                "Shared Written Blocks": 0,
                                "Local Hit Blocks": 0,
                                "Local Read Blocks": 0,
                                "Local Dirtied Blocks": 0,
                                "Local Written Blocks": 0,
                                "Temp Read Blocks": 0,
                                "Temp Written Blocks": 0
                            },
                            "Planning Time": 0.04,
                            "Triggers": [],
                            "Execution Time": 768.201
                        },
                        "exact_explanation": {
                            "Plan": {
                                "Node Type": "Gather",
                                "Parallel Aware": false,
                                "Async Capable": false,
                                "Startup Cost": 1000.0,
                                "Total Cost": 85301.64,
                                "Plan Rows": 123,
                                "Plan Width": 24,
                                "Actual Startup Time": 5.713,
                                "Actual Total Time": 219.295,
                                "Actual Rows": 110,
                                "Actual Loops": 1,
                                "Output": [
                                    "id",
                                    "flg_0",
                                    "flg_1",
                                    "flg_2",
                                    "flg_3",
                                    "flg_4",
                                    "flg_5",
                                    "flg_6",
                                    "flg_7",
                                    "flg_8",
                                    "flg_9",
                                    "flg_10",
                                    "flg_11",
                                    "flg_12",
                                    "flg_13",
                                    "flg_14",
                                    "flg_15"
                                ],
                                "Workers Planned": 2,
                                "Workers Launched": 2,
                                "Single Copy": false,
                                "Shared Hit Blocks": 5120,
                                "Shared Read Blocks": 45836,
                                "Shared Dirtied Blocks": 0,
                                "Shared Written Blocks": 0,
                                "Local Hit Blocks": 0,
                                "Local Read Blocks": 0,
                                "Local Dirtied Blocks": 0,
                                "Local Written Blocks": 0,
                                "Temp Read Blocks": 0,
                                "Temp Written Blocks": 0,
                                "WAL Records": 0,
                                "WAL FPI": 0,
                                "WAL Bytes": 0,
                                "Plans": [
                                    {
                                        "Node Type": "Seq Scan",
                                        "Parent Relationship": "Outer",
                                        "Parallel Aware": true,
                                        "Async Capable": false,
                                        "Relation Name": "django_enum_tests_benchmark_booltester015",
                                        "Schema": "public",
                                        "Alias": "django_enum_tests_benchmark_booltester015",
                                        "Startup Cost": 0.0,
                                        "Total Cost": 84289.34,
                                        "Plan Rows": 51,
                                        "Plan Width": 24,
                                        "Actual Startup Time": 11.681,
                                        "Actual Total Time": 217.091,
                                        "Actual Rows": 37,
                                        "Actual Loops": 3,
                                        "Output": [
                                            "id",
                                            "flg_0",
                                            "flg_1",
                                            "flg_2",
                                            "flg_3",
                                            "flg_4",
                                            "flg_5",
                                            "flg_6",
                                            "flg_7",
                                            "flg_8",
                                            "flg_9",
                                            "flg_10",
                                            "flg_11",
                                            "flg_12",
                                            "flg_13",
                                            "flg_14",
                                            "flg_15"
                                        ],
                                        "Filter": "((NOT django_enum_tests_benchmark_booltester015.flg_0) AND django_enum_tests_benchmark_booltester015.flg_1 AND (NOT django_enum_tests_benchmark_booltester015.flg_2) AND (NOT django_enum_tests_benchmark_booltester015.flg_3) AND (NOT django_enum_tests_benchmark_booltester015.flg_4) AND (NOT django_enum_tests_benchmark_booltester015.flg_5) AND (NOT django_enum_tests_benchmark_booltester015.flg_6) AND (NOT django_enum_tests_benchmark_booltester015.flg_7) AND django_enum_tests_benchmark_booltester015.flg_8 AND (NOT django_enum_tests_benchmark_booltester015.flg_9) AND django_enum_tests_benchmark_booltester015.flg_10 AND django_enum_tests_benchmark_booltester015.flg_11 AND django_enum_tests_benchmark_booltester015.flg_12 AND (NOT django_enum_tests_benchmark_booltester015.flg_13) AND (NOT django_enum_tests_benchmark_booltester015.flg_14) AND (NOT django_enum_tests_benchmark_booltester015.flg_15))",
                                        "Rows Removed by Filter": 2666630,
                                        "Shared Hit Blocks": 5120,
                                        "Shared Read Blocks": 45836,
                                        "Shared Dirtied Blocks": 0,
                                        "Shared Written Blocks": 0,
                                        "Local Hit Blocks": 0,
                                        "Local Read Blocks": 0,
                                        "Local Dirtied Blocks": 0,
                                        "Local Written Blocks": 0,
                                        "Temp Read Blocks": 0,
                                        "Temp Written Blocks": 0,
                                        "WAL Records": 0,
                                        "WAL FPI": 0,
                                        "WAL Bytes": 0,
                                        "Workers": [
                                            {
                                                "Worker Number": 0,
                                                "Actual Startup Time": 7.267,
                                                "Actual Total Time": 216.409,
                                                "Actual Rows": 30,
                                                "Actual Loops": 1,
                                                "Shared Hit Blocks": 1679,
                                                "Shared Read Blocks": 15080,
                                                "Shared Dirtied Blocks": 0,
                                                "Shared Written Blocks": 0,
                                                "Local Hit Blocks": 0,
                                                "Local Read Blocks": 0,
                                                "Local Dirtied Blocks": 0,
                                                "Local Written Blocks": 0,
                                                "Temp Read Blocks": 0,
                                                "Temp Written Blocks": 0,
                                                "WAL Records": 0,
                                                "WAL FPI": 0,
                                                "WAL Bytes": 0
                                            },
                                            {
                                                "Worker Number": 1,
                                                "Actual Startup Time": 22.127,
                                                "Actual Total Time": 216.521,
                                                "Actual Rows": 46,
                                                "Actual Loops": 1,
                                                "Shared Hit Blocks": 1634,
                                                "Shared Read Blocks": 15136,
                                                "Shared Dirtied Blocks": 0,
                                                "Shared Written Blocks": 0,
                                                "Local Hit Blocks": 0,
                                                "Local Read Blocks": 0,
                                                "Local Dirtied Blocks": 0,
                                                "Local Written Blocks": 0,
                                                "Temp Read Blocks": 0,
                                                "Temp Written Blocks": 0,
                                                "WAL Records": 0,
                                                "WAL FPI": 0,
                                                "WAL Bytes": 0
                                            }
                                        ]
                                    }
                                ]
                            },
                            "Settings": {},
                            "Planning": {
                                "Shared Hit Blocks": 0,
                                "Shared Read Blocks": 0,
                                "Shared Dirtied Blocks": 0,
                                "Shared Written Blocks": 0,
                                "Local Hit Blocks": 0,
                                "Local Read Blocks": 0,
                                "Local Dirtied Blocks": 0,
                                "Local Written Blocks": 0,
                                "Temp Read Blocks": 0,
                                "Temp Written Blocks": 0
                            },
                            "Planning Time": 0.044,
                            "Triggers": [],
                            "Execution Time": 219.311
                        },
                        "all_ftr_time": 0.2186391,
                        "any_ftr_time": 0.8150634,
                        "exact_ftr_time": 0.2180395
                    },
                    "10000000": {
                        "all_time": 0.26294518769718705,
                        "any_time": 1.3146764749079012,
                        "exact_time": 0.2730888251098804,
                        "table_size": 746586112.0,
                        "index_time": 3.7509016692638397e-07,
                        "all_explanation": {
                            "Plan": {
                                "Node Type": "Gather",
                                "Parallel Aware": false,
                                "Async Capable": false,
                                "Startup Cost": 1000.0,
                                "Total Cost": 107525.97,
                                "Plan Rows": 11643,
                                "Plan Width": 24,
                                "Actual Startup Time": 0.087,
                                "Actual Total Time": 266.615,
                                "Actual Rows": 19516,
                                "Actual Loops": 1,
                                "Output": [
                                    "id",
                                    "flg_0",
                                    "flg_1",
                                    "flg_2",
                                    "flg_3",
                                    "flg_4",
                                    "flg_5",
                                    "flg_6",
                                    "flg_7",
                                    "flg_8",
                                    "flg_9",
                                    "flg_10",
                                    "flg_11",
                                    "flg_12",
                                    "flg_13",
                                    "flg_14",
                                    "flg_15"
                                ],
                                "Workers Planned": 2,
                                "Workers Launched": 2,
                                "Single Copy": false,
                                "Shared Hit Blocks": 4704,
                                "Shared Read Blocks": 58991,
                                "Shared Dirtied Blocks": 0,
                                "Shared Written Blocks": 0,
                                "Local Hit Blocks": 0,
                                "Local Read Blocks": 0,
                                "Local Dirtied Blocks": 0,
                                "Local Written Blocks": 0,
                                "Temp Read Blocks": 0,
                                "Temp Written Blocks": 0,
                                "WAL Records": 0,
                                "WAL FPI": 0,
                                "WAL Bytes": 0,
                                "Plans": [
                                    {
                                        "Node Type": "Seq Scan",
                                        "Parent Relationship": "Outer",
                                        "Parallel Aware": true,
                                        "Async Capable": false,
                                        "Relation Name": "django_enum_tests_benchmark_booltester015",
                                        "Schema": "public",
                                        "Alias": "django_enum_tests_benchmark_booltester015",
                                        "Startup Cost": 0.0,
                                        "Total Cost": 105361.67,
                                        "Plan Rows": 4851,
                                        "Plan Width": 24,
                                        "Actual Startup Time": 0.027,
                                        "Actual Total Time": 263.293,
                                        "Actual Rows": 6505,
                                        "Actual Loops": 3,
                                        "Output": [
                                            "id",
                                            "flg_0",
                                            "flg_1",
                                            "flg_2",
                                            "flg_3",
                                            "flg_4",
                                            "flg_5",
                                            "flg_6",
                                            "flg_7",
                                            "flg_8",
                                            "flg_9",
                                            "flg_10",
                                            "flg_11",
                                            "flg_12",
                                            "flg_13",
                                            "flg_14",
                                            "flg_15"
                                        ],
                                        "Filter": "(django_enum_tests_benchmark_booltester015.flg_2 AND django_enum_tests_benchmark_booltester015.flg_3 AND django_enum_tests_benchmark_booltester015.flg_5 AND django_enum_tests_benchmark_booltester015.flg_6 AND django_enum_tests_benchmark_booltester015.flg_8 AND django_enum_tests_benchmark_booltester015.flg_9 AND django_enum_tests_benchmark_booltester015.flg_12 AND django_enum_tests_benchmark_booltester015.flg_13 AND django_enum_tests_benchmark_booltester015.flg_15)",
                                        "Rows Removed by Filter": 3326828,
                                        "Shared Hit Blocks": 4704,
                                        "Shared Read Blocks": 58991,
                                        "Shared Dirtied Blocks": 0,
                                        "Shared Written Blocks": 0,
                                        "Local Hit Blocks": 0,
                                        "Local Read Blocks": 0,
                                        "Local Dirtied Blocks": 0,
                                        "Local Written Blocks": 0,
                                        "Temp Read Blocks": 0,
                                        "Temp Written Blocks": 0,
                                        "WAL Records": 0,
                                        "WAL FPI": 0,
                                        "WAL Bytes": 0,
                                        "Workers": [
                                            {
                                                "Worker Number": 0,
                                                "Actual Startup Time": 0.041,
                                                "Actual Total Time": 262.995,
                                                "Actual Rows": 6470,
                                                "Actual Loops": 1,
                                                "Shared Hit Blocks": 1521,
                                                "Shared Read Blocks": 19552,
                                                "Shared Dirtied Blocks": 0,
                                                "Shared Written Blocks": 0,
                                                "Local Hit Blocks": 0,
                                                "Local Read Blocks": 0,
                                                "Local Dirtied Blocks": 0,
                                                "Local Written Blocks": 0,
                                                "Temp Read Blocks": 0,
                                                "Temp Written Blocks": 0,
                                                "WAL Records": 0,
                                                "WAL FPI": 0,
                                                "WAL Bytes": 0
                                            },
                                            {
                                                "Worker Number": 1,
                                                "Actual Startup Time": 0.03,
                                                "Actual Total Time": 262.846,
                                                "Actual Rows": 6452,
                                                "Actual Loops": 1,
                                                "Shared Hit Blocks": 1520,
                                                "Shared Read Blocks": 19552,
                                                "Shared Dirtied Blocks": 0,
                                                "Shared Written Blocks": 0,
                                                "Local Hit Blocks": 0,
                                                "Local Read Blocks": 0,
                                                "Local Dirtied Blocks": 0,
                                                "Local Written Blocks": 0,
                                                "Temp Read Blocks": 0,
                                                "Temp Written Blocks": 0,
                                                "WAL Records": 0,
                                                "WAL FPI": 0,
                                                "WAL Bytes": 0
                                            }
                                        ]
                                    }
                                ]
                            },
                            "Settings": {},
                            "Planning": {
                                "Shared Hit Blocks": 0,
                                "Shared Read Blocks": 0,
                                "Shared Dirtied Blocks": 0,
                                "Shared Written Blocks": 0,
                                "Local Hit Blocks": 0,
                                "Local Read Blocks": 0,
                                "Local Dirtied Blocks": 0,
                                "Local Written Blocks": 0,
                                "Temp Read Blocks": 0,
                                "Temp Written Blocks": 0
                            },
                            "Planning Time": 0.045,
                            "Triggers": [],
                            "Execution Time": 267.069
                        },
                        "any_explanation": {
                            "Plan": {
                                "Node Type": "Seq Scan",
                                "Parallel Aware": false,
                                "Async Capable": false,
                                "Relation Name": "django_enum_tests_benchmark_booltester015",
                                "Schema": "public",
                                "Alias": "django_enum_tests_benchmark_booltester015",
                                "Startup Cost": 0.0,
                                "Total Cost": 163695.01,
                                "Plan Rows": 9972549,
                                "Plan Width": 24,
                                "Actual Startup Time": 0.011,
                                "Actual Total Time": 826.69,
                                "Actual Rows": 9980558,
                                "Actual Loops": 1,
                                "Output": [
                                    "id",
                                    "flg_0",
                                    "flg_1",
                                    "flg_2",
                                    "flg_3",
                                    "flg_4",
                                    "flg_5",
                                    "flg_6",
                                    "flg_7",
                                    "flg_8",
                                    "flg_9",
                                    "flg_10",
                                    "flg_11",
                                    "flg_12",
                                    "flg_13",
                                    "flg_14",
                                    "flg_15"
                                ],
                                "Filter": "(django_enum_tests_benchmark_booltester015.flg_2 OR django_enum_tests_benchmark_booltester015.flg_3 OR django_enum_tests_benchmark_booltester015.flg_5 OR django_enum_tests_benchmark_booltester015.flg_6 OR django_enum_tests_benchmark_booltester015.flg_8 OR django_enum_tests_benchmark_booltester015.flg_9 OR django_enum_tests_benchmark_booltester015.flg_12 OR django_enum_tests_benchmark_booltester015.flg_13 OR django_enum_tests_benchmark_booltester015.flg_15)",
                                "Rows Removed by Filter": 19443,
                                "Shared Hit Blocks": 4896,
                                "Shared Read Blocks": 58799,
                                "Shared Dirtied Blocks": 0,
                                "Shared Written Blocks": 0,
                                "Local Hit Blocks": 0,
                                "Local Read Blocks": 0,
                                "Local Dirtied Blocks": 0,
                                "Local Written Blocks": 0,
                                "Temp Read Blocks": 0,
                                "Temp Written Blocks": 0,
                                "WAL Records": 0,
                                "WAL FPI": 0,
                                "WAL Bytes": 0
                            },
                            "Settings": {},
                            "Planning": {
                                "Shared Hit Blocks": 0,
                                "Shared Read Blocks": 0,
                                "Shared Dirtied Blocks": 0,
                                "Shared Written Blocks": 0,
                                "Local Hit Blocks": 0,
                                "Local Read Blocks": 0,
                                "Local Dirtied Blocks": 0,
                                "Local Written Blocks": 0,
                                "Temp Read Blocks": 0,
                                "Temp Written Blocks": 0
                            },
                            "Planning Time": 0.039,
                            "Triggers": [],
                            "Execution Time": 1025.471
                        },
                        "exact_explanation": {
                            "Plan": {
                                "Node Type": "Gather",
                                "Parallel Aware": false,
                                "Async Capable": false,
                                "Startup Cost": 1000.0,
                                "Total Cost": 106367.37,
                                "Plan Rows": 57,
                                "Plan Width": 24,
                                "Actual Startup Time": 5.06,
                                "Actual Total Time": 273.49,
                                "Actual Rows": 149,
                                "Actual Loops": 1,
                                "Output": [
                                    "id",
                                    "flg_0",
                                    "flg_1",
                                    "flg_2",
                                    "flg_3",
                                    "flg_4",
                                    "flg_5",
                                    "flg_6",
                                    "flg_7",
                                    "flg_8",
                                    "flg_9",
                                    "flg_10",
                                    "flg_11",
                                    "flg_12",
                                    "flg_13",
                                    "flg_14",
                                    "flg_15"
                                ],
                                "Workers Planned": 2,
                                "Workers Launched": 2,
                                "Single Copy": false,
                                "Shared Hit Blocks": 5024,
                                "Shared Read Blocks": 58671,
                                "Shared Dirtied Blocks": 0,
                                "Shared Written Blocks": 0,
                                "Local Hit Blocks": 0,
                                "Local Read Blocks": 0,
                                "Local Dirtied Blocks": 0,
                                "Local Written Blocks": 0,
                                "Temp Read Blocks": 0,
                                "Temp Written Blocks": 0,
                                "WAL Records": 0,
                                "WAL FPI": 0,
                                "WAL Bytes": 0,
                                "Plans": [
                                    {
                                        "Node Type": "Seq Scan",
                                        "Parent Relationship": "Outer",
                                        "Parallel Aware": true,
                                        "Async Capable": false,
                                        "Relation Name": "django_enum_tests_benchmark_booltester015",
                                        "Schema": "public",
                                        "Alias": "django_enum_tests_benchmark_booltester015",
                                        "Startup Cost": 0.0,
                                        "Total Cost": 105361.67,
                                        "Plan Rows": 24,
                                        "Plan Width": 24,
                                        "Actual Startup Time": 2.295,
                                        "Actual Total Time": 271.359,
                                        "Actual Rows": 50,
                                        "Actual Loops": 3,
                                        "Output": [
                                            "id",
                                            "flg_0",
                                            "flg_1",
                                            "flg_2",
                                            "flg_3",
                                            "flg_4",
                                            "flg_5",
                                            "flg_6",
                                            "flg_7",
                                            "flg_8",
                                            "flg_9",
                                            "flg_10",
                                            "flg_11",
                                            "flg_12",
                                            "flg_13",
                                            "flg_14",
                                            "flg_15"
                                        ],
                                        "Filter": "((NOT django_enum_tests_benchmark_booltester015.flg_0) AND (NOT django_enum_tests_benchmark_booltester015.flg_1) AND django_enum_tests_benchmark_booltester015.flg_2 AND django_enum_tests_benchmark_booltester015.flg_3 AND (NOT django_enum_tests_benchmark_booltester015.flg_4) AND django_enum_tests_benchmark_booltester015.flg_5 AND django_enum_tests_benchmark_booltester015.flg_6 AND (NOT django_enum_tests_benchmark_booltester015.flg_7) AND django_enum_tests_benchmark_booltester015.flg_8 AND django_enum_tests_benchmark_booltester015.flg_9 AND (NOT django_enum_tests_benchmark_booltester015.flg_10) AND (NOT django_enum_tests_benchmark_booltester015.flg_11) AND django_enum_tests_benchmark_booltester015.flg_12 AND django_enum_tests_benchmark_booltester015.flg_13 AND (NOT django_enum_tests_benchmark_booltester015.flg_14) AND django_enum_tests_benchmark_booltester015.flg_15)",
                                        "Rows Removed by Filter": 3333284,
                                        "Shared Hit Blocks": 5024,
                                        "Shared Read Blocks": 58671,
                                        "Shared Dirtied Blocks": 0,
                                        "Shared Written Blocks": 0,
                                        "Local Hit Blocks": 0,
                                        "Local Read Blocks": 0,
                                        "Local Dirtied Blocks": 0,
                                        "Local Written Blocks": 0,
                                        "Temp Read Blocks": 0,
                                        "Temp Written Blocks": 0,
                                        "WAL Records": 0,
                                        "WAL FPI": 0,
                                        "WAL Bytes": 0,
                                        "Workers": [
                                            {
                                                "Worker Number": 0,
                                                "Actual Startup Time": 0.053,
                                                "Actual Total Time": 270.729,
                                                "Actual Rows": 48,
                                                "Actual Loops": 1,
                                                "Shared Hit Blocks": 1613,
                                                "Shared Read Blocks": 19360,
                                                "Shared Dirtied Blocks": 0,
                                                "Shared Written Blocks": 0,
                                                "Local Hit Blocks": 0,
                                                "Local Read Blocks": 0,
                                                "Local Dirtied Blocks": 0,
                                                "Local Written Blocks": 0,
                                                "Temp Read Blocks": 0,
                                                "Temp Written Blocks": 0,
                                                "WAL Records": 0,
                                                "WAL FPI": 0,
                                                "WAL Bytes": 0
                                            },
                                            {
                                                "Worker Number": 1,
                                                "Actual Startup Time": 1.838,
                                                "Actual Total Time": 270.783,
                                                "Actual Rows": 57,
                                                "Actual Loops": 1,
                                                "Shared Hit Blocks": 1626,
                                                "Shared Read Blocks": 19360,
                                                "Shared Dirtied Blocks": 0,
                                                "Shared Written Blocks": 0,
                                                "Local Hit Blocks": 0,
                                                "Local Read Blocks": 0,
                                                "Local Dirtied Blocks": 0,
                                                "Local Written Blocks": 0,
                                                "Temp Read Blocks": 0,
                                                "Temp Written Blocks": 0,
                                                "WAL Records": 0,
                                                "WAL FPI": 0,
                                                "WAL Bytes": 0
                                            }
                                        ]
                                    }
                                ]
                            },
                            "Settings": {},
                            "Planning": {
                                "Shared Hit Blocks": 0,
                                "Shared Read Blocks": 0,
                                "Shared Dirtied Blocks": 0,
                                "Shared Written Blocks": 0,
                                "Local Hit Blocks": 0,
                                "Local Read Blocks": 0,
                                "Local Dirtied Blocks": 0,
                                "Local Written Blocks": 0,
                                "Temp Read Blocks": 0,
                                "Temp Written Blocks": 0
                            },
                            "Planning Time": 0.04,
                            "Triggers": [],
                            "Execution Time": 273.504
                        },
                        "all_ftr_time": 0.31320770000000003,
                        "any_ftr_time": 1.0117924,
                        "exact_ftr_time": 0.27192079999999996
                    },
                    "20000000": {
                        "all_time": 0.5113487751805224,
                        "any_time": 2.59159084178973,
                        "exact_time": 0.5400792124914006,
                        "table_size": 1493172224.0,
                        "index_time": 2.08395067602396e-06,
                        "all_explanation": {
                            "Plan": {
                                "Node Type": "Gather",
                                "Parallel Aware": false,
                                "Async Capable": false,
                                "Startup Cost": 1000.0,
                                "Total Cost": 231314.63,
                                "Plan Rows": 195923,
                                "Plan Width": 24,
                                "Actual Startup Time": 0.074,
                                "Actual Total Time": 535.885,
                                "Actual Rows": 156425,
                                "Actual Loops": 1,
                                "Output": [
                                    "id",
                                    "flg_0",
                                    "flg_1",
                                    "flg_2",
                                    "flg_3",
                                    "flg_4",
                                    "flg_5",
                                    "flg_6",
                                    "flg_7",
                                    "flg_8",
                                    "flg_9",
                                    "flg_10",
                                    "flg_11",
                                    "flg_12",
                                    "flg_13",
                                    "flg_14",
                                    "flg_15"
                                ],
                                "Workers Planned": 2,
                                "Workers Launched": 2,
                                "Single Copy": false,
                                "Shared Hit Blocks": 4801,
                                "Shared Read Blocks": 122588,
                                "Shared Dirtied Blocks": 0,
                                "Shared Written Blocks": 0,
                                "Local Hit Blocks": 0,
                                "Local Read Blocks": 0,
                                "Local Dirtied Blocks": 0,
                                "Local Written Blocks": 0,
                                "Temp Read Blocks": 0,
                                "Temp Written Blocks": 0,
                                "WAL Records": 0,
                                "WAL FPI": 0,
                                "WAL Bytes": 0,
                                "Plans": [
                                    {
                                        "Node Type": "Seq Scan",
                                        "Parent Relationship": "Outer",
                                        "Parallel Aware": true,
                                        "Async Capable": false,
                                        "Relation Name": "django_enum_tests_benchmark_booltester015",
                                        "Schema": "public",
                                        "Alias": "django_enum_tests_benchmark_booltester015",
                                        "Startup Cost": 0.0,
                                        "Total Cost": 210722.33,
                                        "Plan Rows": 81635,
                                        "Plan Width": 24,
                                        "Actual Startup Time": 0.015,
                                        "Actual Total Time": 525.396,
                                        "Actual Rows": 52142,
                                        "Actual Loops": 3,
                                        "Output": [
                                            "id",
                                            "flg_0",
                                            "flg_1",
                                            "flg_2",
                                            "flg_3",
                                            "flg_4",
                                            "flg_5",
                                            "flg_6",
                                            "flg_7",
                                            "flg_8",
                                            "flg_9",
                                            "flg_10",
                                            "flg_11",
                                            "flg_12",
                                            "flg_13",
                                            "flg_14",
                                            "flg_15"
                                        ],
                                        "Filter": "(django_enum_tests_benchmark_booltester015.flg_4 AND django_enum_tests_benchmark_booltester015.flg_7 AND django_enum_tests_benchmark_booltester015.flg_8 AND django_enum_tests_benchmark_booltester015.flg_12 AND django_enum_tests_benchmark_booltester015.flg_13 AND django_enum_tests_benchmark_booltester015.flg_14 AND django_enum_tests_benchmark_booltester015.flg_15)",
                                        "Rows Removed by Filter": 6614525,
                                        "Shared Hit Blocks": 4801,
                                        "Shared Read Blocks": 122588,
                                        "Shared Dirtied Blocks": 0,
                                        "Shared Written Blocks": 0,
                                        "Local Hit Blocks": 0,
                                        "Local Read Blocks": 0,
                                        "Local Dirtied Blocks": 0,
                                        "Local Written Blocks": 0,
                                        "Temp Read Blocks": 0,
                                        "Temp Written Blocks": 0,
                                        "WAL Records": 0,
                                        "WAL FPI": 0,
                                        "WAL Bytes": 0,
                                        "Workers": [
                                            {
                                                "Worker Number": 0,
                                                "Actual Startup Time": 0.02,
                                                "Actual Total Time": 526.776,
                                                "Actual Rows": 52072,
                                                "Actual Loops": 1,
                                                "Shared Hit Blocks": 1552,
                                                "Shared Read Blocks": 40700,
                                                "Shared Dirtied Blocks": 0,
                                                "Shared Written Blocks": 0,
                                                "Local Hit Blocks": 0,
                                                "Local Read Blocks": 0,
                                                "Local Dirtied Blocks": 0,
                                                "Local Written Blocks": 0,
                                                "Temp Read Blocks": 0,
                                                "Temp Written Blocks": 0,
                                                "WAL Records": 0,
                                                "WAL FPI": 0,
                                                "WAL Bytes": 0
                                            },
                                            {
                                                "Worker Number": 1,
                                                "Actual Startup Time": 0.019,
                                                "Actual Total Time": 526.687,
                                                "Actual Rows": 52032,
                                                "Actual Loops": 1,
                                                "Shared Hit Blocks": 1554,
                                                "Shared Read Blocks": 40736,
                                                "Shared Dirtied Blocks": 0,
                                                "Shared Written Blocks": 0,
                                                "Local Hit Blocks": 0,
                                                "Local Read Blocks": 0,
                                                "Local Dirtied Blocks": 0,
                                                "Local Written Blocks": 0,
                                                "Temp Read Blocks": 0,
                                                "Temp Written Blocks": 0,
                                                "WAL Records": 0,
                                                "WAL FPI": 0,
                                                "WAL Bytes": 0
                                            }
                                        ]
                                    }
                                ]
                            },
                            "Settings": {},
                            "Planning": {
                                "Shared Hit Blocks": 0,
                                "Shared Read Blocks": 0,
                                "Shared Dirtied Blocks": 0,
                                "Shared Written Blocks": 0,
                                "Local Hit Blocks": 0,
                                "Local Read Blocks": 0,
                                "Local Dirtied Blocks": 0,
                                "Local Written Blocks": 0,
                                "Temp Read Blocks": 0,
                                "Temp Written Blocks": 0
                            },
                            "Planning Time": 0.037,
                            "Triggers": [],
                            "Execution Time": 539.393
                        },
                        "any_explanation": {
                            "Plan": {
                                "Node Type": "Seq Scan",
                                "Parallel Aware": false,
                                "Async Capable": false,
                                "Relation Name": "django_enum_tests_benchmark_booltester015",
                                "Schema": "public",
                                "Alias": "django_enum_tests_benchmark_booltester015",
                                "Startup Cost": 0.0,
                                "Total Cost": 327389.0,
                                "Plan Rows": 19886217,
                                "Plan Width": 24,
                                "Actual Startup Time": 0.013,
                                "Actual Total Time": 1653.094,
                                "Actual Rows": 19843497,
                                "Actual Loops": 1,
                                "Output": [
                                    "id",
                                    "flg_0",
                                    "flg_1",
                                    "flg_2",
                                    "flg_3",
                                    "flg_4",
                                    "flg_5",
                                    "flg_6",
                                    "flg_7",
                                    "flg_8",
                                    "flg_9",
                                    "flg_10",
                                    "flg_11",
                                    "flg_12",
                                    "flg_13",
                                    "flg_14",
                                    "flg_15"
                                ],
                                "Filter": "(django_enum_tests_benchmark_booltester015.flg_4 OR django_enum_tests_benchmark_booltester015.flg_7 OR django_enum_tests_benchmark_booltester015.flg_8 OR django_enum_tests_benchmark_booltester015.flg_12 OR django_enum_tests_benchmark_booltester015.flg_13 OR django_enum_tests_benchmark_booltester015.flg_14 OR django_enum_tests_benchmark_booltester015.flg_15)",
                                "Rows Removed by Filter": 156504,
                                "Shared Hit Blocks": 4993,
                                "Shared Read Blocks": 122396,
                                "Shared Dirtied Blocks": 0,
                                "Shared Written Blocks": 0,
                                "Local Hit Blocks": 0,
                                "Local Read Blocks": 0,
                                "Local Dirtied Blocks": 0,
                                "Local Written Blocks": 0,
                                "Temp Read Blocks": 0,
                                "Temp Written Blocks": 0,
                                "WAL Records": 0,
                                "WAL FPI": 0,
                                "WAL Bytes": 0
                            },
                            "Settings": {},
                            "Planning": {
                                "Shared Hit Blocks": 0,
                                "Shared Read Blocks": 0,
                                "Shared Dirtied Blocks": 0,
                                "Shared Written Blocks": 0,
                                "Local Hit Blocks": 0,
                                "Local Read Blocks": 0,
                                "Local Dirtied Blocks": 0,
                                "Local Written Blocks": 0,
                                "Temp Read Blocks": 0,
                                "Temp Written Blocks": 0
                            },
                            "Planning Time": 0.034,
                            "Triggers": [],
                            "Execution Time": 2049.708
                        },
                        "exact_explanation": {
                            "Plan": {
                                "Node Type": "Gather",
                                "Parallel Aware": false,
                                "Async Capable": false,
                                "Startup Cost": 1000.0,
                                "Total Cost": 211768.33,
                                "Plan Rows": 460,
                                "Plan Width": 24,
                                "Actual Startup Time": 6.897,
                                "Actual Total Time": 544.613,
                                "Actual Rows": 281,
                                "Actual Loops": 1,
                                "Output": [
                                    "id",
                                    "flg_0",
                                    "flg_1",
                                    "flg_2",
                                    "flg_3",
                                    "flg_4",
                                    "flg_5",
                                    "flg_6",
                                    "flg_7",
                                    "flg_8",
                                    "flg_9",
                                    "flg_10",
                                    "flg_11",
                                    "flg_12",
                                    "flg_13",
                                    "flg_14",
                                    "flg_15"
                                ],
                                "Workers Planned": 2,
                                "Workers Launched": 2,
                                "Single Copy": false,
                                "Shared Hit Blocks": 5121,
                                "Shared Read Blocks": 122268,
                                "Shared Dirtied Blocks": 0,
                                "Shared Written Blocks": 0,
                                "Local Hit Blocks": 0,
                                "Local Read Blocks": 0,
                                "Local Dirtied Blocks": 0,
                                "Local Written Blocks": 0,
                                "Temp Read Blocks": 0,
                                "Temp Written Blocks": 0,
                                "WAL Records": 0,
                                "WAL FPI": 0,
                                "WAL Bytes": 0,
                                "Plans": [
                                    {
                                        "Node Type": "Seq Scan",
                                        "Parent Relationship": "Outer",
                                        "Parallel Aware": true,
                                        "Async Capable": false,
                                        "Relation Name": "django_enum_tests_benchmark_booltester015",
                                        "Schema": "public",
                                        "Alias": "django_enum_tests_benchmark_booltester015",
                                        "Startup Cost": 0.0,
                                        "Total Cost": 210722.33,
                                        "Plan Rows": 192,
                                        "Plan Width": 24,
                                        "Actual Startup Time": 8.757,
                                        "Actual Total Time": 542.246,
                                        "Actual Rows": 94,
                                        "Actual Loops": 3,
                                        "Output": [
                                            "id",
                                            "flg_0",
                                            "flg_1",
                                            "flg_2",
                                            "flg_3",
                                            "flg_4",
                                            "flg_5",
                                            "flg_6",
                                            "flg_7",
                                            "flg_8",
                                            "flg_9",
                                            "flg_10",
                                            "flg_11",
                                            "flg_12",
                                            "flg_13",
                                            "flg_14",
                                            "flg_15"
                                        ],
                                        "Filter": "((NOT django_enum_tests_benchmark_booltester015.flg_0) AND (NOT django_enum_tests_benchmark_booltester015.flg_1) AND (NOT django_enum_tests_benchmark_booltester015.flg_2) AND (NOT django_enum_tests_benchmark_booltester015.flg_3) AND django_enum_tests_benchmark_booltester015.flg_4 AND (NOT django_enum_tests_benchmark_booltester015.flg_5) AND (NOT django_enum_tests_benchmark_booltester015.flg_6) AND django_enum_tests_benchmark_booltester015.flg_7 AND django_enum_tests_benchmark_booltester015.flg_8 AND (NOT django_enum_tests_benchmark_booltester015.flg_9) AND (NOT django_enum_tests_benchmark_booltester015.flg_10) AND (NOT django_enum_tests_benchmark_booltester015.flg_11) AND django_enum_tests_benchmark_booltester015.flg_12 AND django_enum_tests_benchmark_booltester015.flg_13 AND django_enum_tests_benchmark_booltester015.flg_14 AND django_enum_tests_benchmark_booltester015.flg_15)",
                                        "Rows Removed by Filter": 6666573,
                                        "Shared Hit Blocks": 5121,
                                        "Shared Read Blocks": 122268,
                                        "Shared Dirtied Blocks": 0,
                                        "Shared Written Blocks": 0,
                                        "Local Hit Blocks": 0,
                                        "Local Read Blocks": 0,
                                        "Local Dirtied Blocks": 0,
                                        "Local Written Blocks": 0,
                                        "Temp Read Blocks": 0,
                                        "Temp Written Blocks": 0,
                                        "WAL Records": 0,
                                        "WAL FPI": 0,
                                        "WAL Bytes": 0,
                                        "Workers": [
                                            {
                                                "Worker Number": 0,
                                                "Actual Startup Time": 3.367,
                                                "Actual Total Time": 541.458,
                                                "Actual Rows": 94,
                                                "Actual Loops": 1,
                                                "Shared Hit Blocks": 1687,
                                                "Shared Read Blocks": 40416,
                                                "Shared Dirtied Blocks": 0,
                                                "Shared Written Blocks": 0,
                                                "Local Hit Blocks": 0,
                                                "Local Read Blocks": 0,
                                                "Local Dirtied Blocks": 0,
                                                "Local Written Blocks": 0,
                                                "Temp Read Blocks": 0,
                                                "Temp Written Blocks": 0,
                                                "WAL Records": 0,
                                                "WAL FPI": 0,
                                                "WAL Bytes": 0
                                            },
                                            {
                                                "Worker Number": 1,
                                                "Actual Startup Time": 16.077,
                                                "Actual Total Time": 541.716,
                                                "Actual Rows": 82,
                                                "Actual Loops": 1,
                                                "Shared Hit Blocks": 1636,
                                                "Shared Read Blocks": 40416,
                                                "Shared Dirtied Blocks": 0,
                                                "Shared Written Blocks": 0,
                                                "Local Hit Blocks": 0,
                                                "Local Read Blocks": 0,
                                                "Local Dirtied Blocks": 0,
                                                "Local Written Blocks": 0,
                                                "Temp Read Blocks": 0,
                                                "Temp Written Blocks": 0,
                                                "WAL Records": 0,
                                                "WAL FPI": 0,
                                                "WAL Bytes": 0
                                            }
                                        ]
                                    }
                                ]
                            },
                            "Settings": {},
                            "Planning": {
                                "Shared Hit Blocks": 0,
                                "Shared Read Blocks": 0,
                                "Shared Dirtied Blocks": 0,
                                "Shared Written Blocks": 0,
                                "Local Hit Blocks": 0,
                                "Local Read Blocks": 0,
                                "Local Dirtied Blocks": 0,
                                "Local Written Blocks": 0,
                                "Temp Read Blocks": 0,
                                "Temp Written Blocks": 0
                            },
                            "Planning Time": 0.048,
                            "Triggers": [],
                            "Execution Time": 544.635
                        },
                        "all_ftr_time": 0.5377596000000001,
                        "any_ftr_time": 2.0012526,
                        "exact_ftr_time": 0.5402
                    },
                    "40000000": {
                        "all_time": 1.2566153749008664,
                        "any_time": 5.2269601207925005,
                        "exact_time": 1.0766332044033333,
                        "table_size": 2985295872.0,
                        "index_time": 3.875000402331352e-06,
                        "all_explanation": {
                            "Plan": {
                                "Node Type": "Gather",
                                "Parallel Aware": false,
                                "Async Capable": false,
                                "Startup Cost": 1000.0,
                                "Total Cost": 548898.07,
                                "Plan Rows": 1264534,
                                "Plan Width": 24,
                                "Actual Startup Time": 0.073,
                                "Actual Total Time": 1127.768,
                                "Actual Rows": 1249874,
                                "Actual Loops": 1,
                                "Output": [
                                    "id",
                                    "flg_0",
                                    "flg_1",
                                    "flg_2",
                                    "flg_3",
                                    "flg_4",
                                    "flg_5",
                                    "flg_6",
                                    "flg_7",
                                    "flg_8",
                                    "flg_9",
                                    "flg_10",
                                    "flg_11",
                                    "flg_12",
                                    "flg_13",
                                    "flg_14",
                                    "flg_15"
                                ],
                                "Workers Planned": 2,
                                "Workers Launched": 2,
                                "Single Copy": false,
                                "Shared Hit Blocks": 4800,
                                "Shared Read Blocks": 249978,
                                "Shared Dirtied Blocks": 0,
                                "Shared Written Blocks": 0,
                                "Local Hit Blocks": 0,
                                "Local Read Blocks": 0,
                                "Local Dirtied Blocks": 0,
                                "Local Written Blocks": 0,
                                "Temp Read Blocks": 0,
                                "Temp Written Blocks": 0,
                                "WAL Records": 0,
                                "WAL FPI": 0,
                                "WAL Bytes": 0,
                                "Plans": [
                                    {
                                        "Node Type": "Seq Scan",
                                        "Parent Relationship": "Outer",
                                        "Parallel Aware": true,
                                        "Async Capable": false,
                                        "Relation Name": "django_enum_tests_benchmark_booltester015",
                                        "Schema": "public",
                                        "Alias": "django_enum_tests_benchmark_booltester015",
                                        "Startup Cost": 0.0,
                                        "Total Cost": 421444.67,
                                        "Plan Rows": 526889,
                                        "Plan Width": 24,
                                        "Actual Startup Time": 0.018,
                                        "Actual Total Time": 1057.199,
                                        "Actual Rows": 416625,
                                        "Actual Loops": 3,
                                        "Output": [
                                            "id",
                                            "flg_0",
                                            "flg_1",
                                            "flg_2",
                                            "flg_3",
                                            "flg_4",
                                            "flg_5",
                                            "flg_6",
                                            "flg_7",
                                            "flg_8",
                                            "flg_9",
                                            "flg_10",
                                            "flg_11",
                                            "flg_12",
                                            "flg_13",
                                            "flg_14",
                                            "flg_15"
                                        ],
                                        "Filter": "(django_enum_tests_benchmark_booltester015.flg_3 AND django_enum_tests_benchmark_booltester015.flg_8 AND django_enum_tests_benchmark_booltester015.flg_9 AND django_enum_tests_benchmark_booltester015.flg_11 AND django_enum_tests_benchmark_booltester015.flg_15)",
                                        "Rows Removed by Filter": 12916709,
                                        "Shared Hit Blocks": 4800,
                                        "Shared Read Blocks": 249978,
                                        "Shared Dirtied Blocks": 0,
                                        "Shared Written Blocks": 0,
                                        "Local Hit Blocks": 0,
                                        "Local Read Blocks": 0,
                                        "Local Dirtied Blocks": 0,
                                        "Local Written Blocks": 0,
                                        "Temp Read Blocks": 0,
                                        "Temp Written Blocks": 0,
                                        "WAL Records": 0,
                                        "WAL FPI": 0,
                                        "WAL Bytes": 0,
                                        "Workers": [
                                            {
                                                "Worker Number": 0,
                                                "Actual Startup Time": 0.019,
                                                "Actual Total Time": 1072.492,
                                                "Actual Rows": 420824,
                                                "Actual Loops": 1,
                                                "Shared Hit Blocks": 1570,
                                                "Shared Read Blocks": 84224,
                                                "Shared Dirtied Blocks": 0,
                                                "Shared Written Blocks": 0,
                                                "Local Hit Blocks": 0,
                                                "Local Read Blocks": 0,
                                                "Local Dirtied Blocks": 0,
                                                "Local Written Blocks": 0,
                                                "Temp Read Blocks": 0,
                                                "Temp Written Blocks": 0,
                                                "WAL Records": 0,
                                                "WAL FPI": 0,
                                                "WAL Bytes": 0
                                            },
                                            {
                                                "Worker Number": 1,
                                                "Actual Startup Time": 0.023,
                                                "Actual Total Time": 1072.425,
                                                "Actual Rows": 417959,
                                                "Actual Loops": 1,
                                                "Shared Hit Blocks": 1601,
                                                "Shared Read Blocks": 83392,
                                                "Shared Dirtied Blocks": 0,
                                                "Shared Written Blocks": 0,
                                                "Local Hit Blocks": 0,
                                                "Local Read Blocks": 0,
                                                "Local Dirtied Blocks": 0,
                                                "Local Written Blocks": 0,
                                                "Temp Read Blocks": 0,
                                                "Temp Written Blocks": 0,
                                                "WAL Records": 0,
                                                "WAL FPI": 0,
                                                "WAL Bytes": 0
                                            }
                                        ]
                                    }
                                ]
                            },
                            "Settings": {},
                            "Planning": {
                                "Shared Hit Blocks": 0,
                                "Shared Read Blocks": 0,
                                "Shared Dirtied Blocks": 0,
                                "Shared Written Blocks": 0,
                                "Local Hit Blocks": 0,
                                "Local Read Blocks": 0,
                                "Local Dirtied Blocks": 0,
                                "Local Written Blocks": 0,
                                "Temp Read Blocks": 0,
                                "Temp Written Blocks": 0
                            },
                            "Planning Time": 0.042,
                            "Triggers": [],
                            "Execution Time": 1155.558
                        },
                        "any_explanation": {
                            "Plan": {
                                "Node Type": "Seq Scan",
                                "Parallel Aware": false,
                                "Async Capable": false,
                                "Relation Name": "django_enum_tests_benchmark_booltester015",
                                "Schema": "public",
                                "Alias": "django_enum_tests_benchmark_booltester015",
                                "Startup Cost": 0.0,
                                "Total Cost": 654778.0,
                                "Plan Rows": 38764798,
                                "Plan Width": 24,
                                "Actual Startup Time": 0.015,
                                "Actual Total Time": 3297.776,
                                "Actual Rows": 38749511,
                                "Actual Loops": 1,
                                "Output": [
                                    "id",
                                    "flg_0",
                                    "flg_1",
                                    "flg_2",
                                    "flg_3",
                                    "flg_4",
                                    "flg_5",
                                    "flg_6",
                                    "flg_7",
                                    "flg_8",
                                    "flg_9",
                                    "flg_10",
                                    "flg_11",
                                    "flg_12",
                                    "flg_13",
                                    "flg_14",
                                    "flg_15"
                                ],
                                "Filter": "(django_enum_tests_benchmark_booltester015.flg_3 OR django_enum_tests_benchmark_booltester015.flg_8 OR django_enum_tests_benchmark_booltester015.flg_9 OR django_enum_tests_benchmark_booltester015.flg_11 OR django_enum_tests_benchmark_booltester015.flg_15)",
                                "Rows Removed by Filter": 1250490,
                                "Shared Hit Blocks": 4992,
                                "Shared Read Blocks": 249786,
                                "Shared Dirtied Blocks": 0,
                                "Shared Written Blocks": 0,
                                "Local Hit Blocks": 0,
                                "Local Read Blocks": 0,
                                "Local Dirtied Blocks": 0,
                                "Local Written Blocks": 0,
                                "Temp Read Blocks": 0,
                                "Temp Written Blocks": 0,
                                "WAL Records": 0,
                                "WAL FPI": 0,
                                "WAL Bytes": 0
                            },
                            "Settings": {},
                            "Planning": {
                                "Shared Hit Blocks": 0,
                                "Shared Read Blocks": 0,
                                "Shared Dirtied Blocks": 0,
                                "Shared Written Blocks": 0,
                                "Local Hit Blocks": 0,
                                "Local Read Blocks": 0,
                                "Local Dirtied Blocks": 0,
                                "Local Written Blocks": 0,
                                "Temp Read Blocks": 0,
                                "Temp Written Blocks": 0
                            },
                            "Planning Time": 0.042,
                            "Triggers": [],
                            "Execution Time": 4071.545
                        },
                        "exact_explanation": {
                            "Plan": {
                                "Node Type": "Gather",
                                "Parallel Aware": false,
                                "Async Capable": false,
                                "Startup Cost": 1000.0,
                                "Total Cost": 422505.07,
                                "Plan Rows": 604,
                                "Plan Width": 24,
                                "Actual Startup Time": 6.895,
                                "Actual Total Time": 1097.296,
                                "Actual Rows": 600,
                                "Actual Loops": 1,
                                "Output": [
                                    "id",
                                    "flg_0",
                                    "flg_1",
                                    "flg_2",
                                    "flg_3",
                                    "flg_4",
                                    "flg_5",
                                    "flg_6",
                                    "flg_7",
                                    "flg_8",
                                    "flg_9",
                                    "flg_10",
                                    "flg_11",
                                    "flg_12",
                                    "flg_13",
                                    "flg_14",
                                    "flg_15"
                                ],
                                "Workers Planned": 2,
                                "Workers Launched": 2,
                                "Single Copy": false,
                                "Shared Hit Blocks": 5120,
                                "Shared Read Blocks": 249658,
                                "Shared Dirtied Blocks": 0,
                                "Shared Written Blocks": 0,
                                "Local Hit Blocks": 0,
                                "Local Read Blocks": 0,
                                "Local Dirtied Blocks": 0,
                                "Local Written Blocks": 0,
                                "Temp Read Blocks": 0,
                                "Temp Written Blocks": 0,
                                "WAL Records": 0,
                                "WAL FPI": 0,
                                "WAL Bytes": 0,
                                "Plans": [
                                    {
                                        "Node Type": "Seq Scan",
                                        "Parent Relationship": "Outer",
                                        "Parallel Aware": true,
                                        "Async Capable": false,
                                        "Relation Name": "django_enum_tests_benchmark_booltester015",
                                        "Schema": "public",
                                        "Alias": "django_enum_tests_benchmark_booltester015",
                                        "Startup Cost": 0.0,
                                        "Total Cost": 421444.67,
                                        "Plan Rows": 252,
                                        "Plan Width": 24,
                                        "Actual Startup Time": 6.633,
                                        "Actual Total Time": 1095.016,
                                        "Actual Rows": 200,
                                        "Actual Loops": 3,
                                        "Output": [
                                            "id",
                                            "flg_0",
                                            "flg_1",
                                            "flg_2",
                                            "flg_3",
                                            "flg_4",
                                            "flg_5",
                                            "flg_6",
                                            "flg_7",
                                            "flg_8",
                                            "flg_9",
                                            "flg_10",
                                            "flg_11",
                                            "flg_12",
                                            "flg_13",
                                            "flg_14",
                                            "flg_15"
                                        ],
                                        "Filter": "((NOT django_enum_tests_benchmark_booltester015.flg_0) AND (NOT django_enum_tests_benchmark_booltester015.flg_1) AND (NOT django_enum_tests_benchmark_booltester015.flg_2) AND django_enum_tests_benchmark_booltester015.flg_3 AND (NOT django_enum_tests_benchmark_booltester015.flg_4) AND (NOT django_enum_tests_benchmark_booltester015.flg_5) AND (NOT django_enum_tests_benchmark_booltester015.flg_6) AND (NOT django_enum_tests_benchmark_booltester015.flg_7) AND django_enum_tests_benchmark_booltester015.flg_8 AND django_enum_tests_benchmark_booltester015.flg_9 AND (NOT django_enum_tests_benchmark_booltester015.flg_10) AND django_enum_tests_benchmark_booltester015.flg_11 AND (NOT django_enum_tests_benchmark_booltester015.flg_12) AND (NOT django_enum_tests_benchmark_booltester015.flg_13) AND (NOT django_enum_tests_benchmark_booltester015.flg_14) AND django_enum_tests_benchmark_booltester015.flg_15)",
                                        "Rows Removed by Filter": 13333134,
                                        "Shared Hit Blocks": 5120,
                                        "Shared Read Blocks": 249658,
                                        "Shared Dirtied Blocks": 0,
                                        "Shared Written Blocks": 0,
                                        "Local Hit Blocks": 0,
                                        "Local Read Blocks": 0,
                                        "Local Dirtied Blocks": 0,
                                        "Local Written Blocks": 0,
                                        "Temp Read Blocks": 0,
                                        "Temp Written Blocks": 0,
                                        "WAL Records": 0,
                                        "WAL FPI": 0,
                                        "WAL Bytes": 0,
                                        "Workers": [
                                            {
                                                "Worker Number": 0,
                                                "Actual Startup Time": 9.266,
                                                "Actual Total Time": 1094.39,
                                                "Actual Rows": 186,
                                                "Actual Loops": 1,
                                                "Shared Hit Blocks": 1649,
                                                "Shared Read Blocks": 82592,
                                                "Shared Dirtied Blocks": 0,
                                                "Shared Written Blocks": 0,
                                                "Local Hit Blocks": 0,
                                                "Local Read Blocks": 0,
                                                "Local Dirtied Blocks": 0,
                                                "Local Written Blocks": 0,
                                                "Temp Read Blocks": 0,
                                                "Temp Written Blocks": 0,
                                                "WAL Records": 0,
                                                "WAL FPI": 0,
                                                "WAL Bytes": 0
                                            },
                                            {
                                                "Worker Number": 1,
                                                "Actual Startup Time": 3.808,
                                                "Actual Total Time": 1094.44,
                                                "Actual Rows": 196,
                                                "Actual Loops": 1,
                                                "Shared Hit Blocks": 1661,
                                                "Shared Read Blocks": 82554,
                                                "Shared Dirtied Blocks": 0,
                                                "Shared Written Blocks": 0,
                                                "Local Hit Blocks": 0,
                                                "Local Read Blocks": 0,
                                                "Local Dirtied Blocks": 0,
                                                "Local Written Blocks": 0,
                                                "Temp Read Blocks": 0,
                                                "Temp Written Blocks": 0,
                                                "WAL Records": 0,
                                                "WAL FPI": 0,
                                                "WAL Bytes": 0
                                            }
                                        ]
                                    }
                                ]
                            },
                            "Settings": {},
                            "Planning": {
                                "Shared Hit Blocks": 0,
                                "Shared Read Blocks": 0,
                                "Shared Dirtied Blocks": 0,
                                "Shared Written Blocks": 0,
                                "Local Hit Blocks": 0,
                                "Local Read Blocks": 0,
                                "Local Dirtied Blocks": 0,
                                "Local Written Blocks": 0,
                                "Temp Read Blocks": 0,
                                "Temp Written Blocks": 0
                            },
                            "Planning Time": 0.05,
                            "Triggers": [],
                            "Execution Time": 1097.332
                        },
                        "all_ftr_time": 1.0507837999999998,
                        "any_ftr_time": 4.050427099999999,
                        "exact_ftr_time": 1.0836298000000002
                    },
                    "60000000": {
                        "all_time": 1.99336063740775,
                        "any_time": 7.986508587293793,
                        "exact_time": 1.651076691702474,
                        "table_size": 4478468096.0,
                        "index_time": 4.541012458503246e-06,
                        "all_explanation": {
                            "Plan": {
                                "Node Type": "Gather",
                                "Parallel Aware": false,
                                "Async Capable": false,
                                "Startup Cost": 1000.0,
                                "Total Cost": 680213.0,
                                "Plan Rows": 470470,
                                "Plan Width": 24,
                                "Actual Startup Time": 0.08,
                                "Actual Total Time": 1565.626,
                                "Actual Rows": 469266,
                                "Actual Loops": 1,
                                "Output": [
                                    "id",
                                    "flg_0",
                                    "flg_1",
                                    "flg_2",
                                    "flg_3",
                                    "flg_4",
                                    "flg_5",
                                    "flg_6",
                                    "flg_7",
                                    "flg_8",
                                    "flg_9",
                                    "flg_10",
                                    "flg_11",
                                    "flg_12",
                                    "flg_13",
                                    "flg_14",
                                    "flg_15"
                                ],
                                "Workers Planned": 2,
                                "Workers Launched": 2,
                                "Single Copy": false,
                                "Shared Hit Blocks": 4704,
                                "Shared Read Blocks": 377462,
                                "Shared Dirtied Blocks": 0,
                                "Shared Written Blocks": 0,
                                "Local Hit Blocks": 0,
                                "Local Read Blocks": 0,
                                "Local Dirtied Blocks": 0,
                                "Local Written Blocks": 0,
                                "Temp Read Blocks": 0,
                                "Temp Written Blocks": 0,
                                "WAL Records": 0,
                                "WAL FPI": 0,
                                "WAL Bytes": 0,
                                "Plans": [
                                    {
                                        "Node Type": "Seq Scan",
                                        "Parent Relationship": "Outer",
                                        "Parallel Aware": true,
                                        "Async Capable": false,
                                        "Relation Name": "django_enum_tests_benchmark_booltester015",
                                        "Schema": "public",
                                        "Alias": "django_enum_tests_benchmark_booltester015",
                                        "Startup Cost": 0.0,
                                        "Total Cost": 632166.0,
                                        "Plan Rows": 196029,
                                        "Plan Width": 24,
                                        "Actual Startup Time": 0.023,
                                        "Actual Total Time": 1539.0,
                                        "Actual Rows": 156422,
                                        "Actual Loops": 3,
                                        "Output": [
                                            "id",
                                            "flg_0",
                                            "flg_1",
                                            "flg_2",
                                            "flg_3",
                                            "flg_4",
                                            "flg_5",
                                            "flg_6",
                                            "flg_7",
                                            "flg_8",
                                            "flg_9",
                                            "flg_10",
                                            "flg_11",
                                            "flg_12",
                                            "flg_13",
                                            "flg_14",
                                            "flg_15"
                                        ],
                                        "Filter": "(django_enum_tests_benchmark_booltester015.flg_0 AND django_enum_tests_benchmark_booltester015.flg_3 AND django_enum_tests_benchmark_booltester015.flg_6 AND django_enum_tests_benchmark_booltester015.flg_8 AND django_enum_tests_benchmark_booltester015.flg_9 AND django_enum_tests_benchmark_booltester015.flg_10 AND django_enum_tests_benchmark_booltester015.flg_14)",
                                        "Rows Removed by Filter": 19843578,
                                        "Shared Hit Blocks": 4704,
                                        "Shared Read Blocks": 377462,
                                        "Shared Dirtied Blocks": 0,
                                        "Shared Written Blocks": 0,
                                        "Local Hit Blocks": 0,
                                        "Local Read Blocks": 0,
                                        "Local Dirtied Blocks": 0,
                                        "Local Written Blocks": 0,
                                        "Temp Read Blocks": 0,
                                        "Temp Written Blocks": 0,
                                        "WAL Records": 0,
                                        "WAL FPI": 0,
                                        "WAL Bytes": 0,
                                        "Workers": [
                                            {
                                                "Worker Number": 0,
                                                "Actual Startup Time": 0.026,
                                                "Actual Total Time": 1544.57,
                                                "Actual Rows": 155528,
                                                "Actual Loops": 1,
                                                "Shared Hit Blocks": 1541,
                                                "Shared Read Blocks": 125536,
                                                "Shared Dirtied Blocks": 0,
                                                "Shared Written Blocks": 0,
                                                "Local Hit Blocks": 0,
                                                "Local Read Blocks": 0,
                                                "Local Dirtied Blocks": 0,
                                                "Local Written Blocks": 0,
                                                "Temp Read Blocks": 0,
                                                "Temp Written Blocks": 0,
                                                "WAL Records": 0,
                                                "WAL FPI": 0,
                                                "WAL Bytes": 0
                                            },
                                            {
                                                "Worker Number": 1,
                                                "Actual Startup Time": 0.024,
                                                "Actual Total Time": 1544.211,
                                                "Actual Rows": 156222,
                                                "Actual Loops": 1,
                                                "Shared Hit Blocks": 1517,
                                                "Shared Read Blocks": 125472,
                                                "Shared Dirtied Blocks": 0,
                                                "Shared Written Blocks": 0,
                                                "Local Hit Blocks": 0,
                                                "Local Read Blocks": 0,
                                                "Local Dirtied Blocks": 0,
                                                "Local Written Blocks": 0,
                                                "Temp Read Blocks": 0,
                                                "Temp Written Blocks": 0,
                                                "WAL Records": 0,
                                                "WAL FPI": 0,
                                                "WAL Bytes": 0
                                            }
                                        ]
                                    }
                                ]
                            },
                            "Settings": {},
                            "Planning": {
                                "Shared Hit Blocks": 0,
                                "Shared Read Blocks": 0,
                                "Shared Dirtied Blocks": 0,
                                "Shared Written Blocks": 0,
                                "Local Hit Blocks": 0,
                                "Local Read Blocks": 0,
                                "Local Dirtied Blocks": 0,
                                "Local Written Blocks": 0,
                                "Temp Read Blocks": 0,
                                "Temp Written Blocks": 0
                            },
                            "Planning Time": 0.038,
                            "Triggers": [],
                            "Execution Time": 1576.15
                        },
                        "any_explanation": {
                            "Plan": {
                                "Node Type": "Seq Scan",
                                "Parallel Aware": false,
                                "Async Capable": false,
                                "Relation Name": "django_enum_tests_benchmark_booltester015",
                                "Schema": "public",
                                "Alias": "django_enum_tests_benchmark_booltester015",
                                "Startup Cost": 0.0,
                                "Total Cost": 982166.0,
                                "Plan Rows": 59533091,
                                "Plan Width": 24,
                                "Actual Startup Time": 0.012,
                                "Actual Total Time": 4875.183,
                                "Actual Rows": 59531445,
                                "Actual Loops": 1,
                                "Output": [
                                    "id",
                                    "flg_0",
                                    "flg_1",
                                    "flg_2",
                                    "flg_3",
                                    "flg_4",
                                    "flg_5",
                                    "flg_6",
                                    "flg_7",
                                    "flg_8",
                                    "flg_9",
                                    "flg_10",
                                    "flg_11",
                                    "flg_12",
                                    "flg_13",
                                    "flg_14",
                                    "flg_15"
                                ],
                                "Filter": "(django_enum_tests_benchmark_booltester015.flg_0 OR django_enum_tests_benchmark_booltester015.flg_3 OR django_enum_tests_benchmark_booltester015.flg_6 OR django_enum_tests_benchmark_booltester015.flg_8 OR django_enum_tests_benchmark_booltester015.flg_9 OR django_enum_tests_benchmark_booltester015.flg_10 OR django_enum_tests_benchmark_booltester015.flg_14)",
                                "Rows Removed by Filter": 468556,
                                "Shared Hit Blocks": 4896,
                                "Shared Read Blocks": 377270,
                                "Shared Dirtied Blocks": 0,
                                "Shared Written Blocks": 0,
                                "Local Hit Blocks": 0,
                                "Local Read Blocks": 0,
                                "Local Dirtied Blocks": 0,
                                "Local Written Blocks": 0,
                                "Temp Read Blocks": 0,
                                "Temp Written Blocks": 0,
                                "WAL Records": 0,
                                "WAL FPI": 0,
                                "WAL Bytes": 0
                            },
                            "Settings": {},
                            "Planning": {
                                "Shared Hit Blocks": 0,
                                "Shared Read Blocks": 0,
                                "Shared Dirtied Blocks": 0,
                                "Shared Written Blocks": 0,
                                "Local Hit Blocks": 0,
                                "Local Read Blocks": 0,
                                "Local Dirtied Blocks": 0,
                                "Local Written Blocks": 0,
                                "Temp Read Blocks": 0,
                                "Temp Written Blocks": 0
                            },
                            "Planning Time": 0.034,
                            "Triggers": [],
                            "Execution Time": 6062.936
                        },
                        "exact_explanation": {
                            "Plan": {
                                "Node Type": "Gather",
                                "Parallel Aware": false,
                                "Async Capable": false,
                                "Startup Cost": 1000.0,
                                "Total Cost": 633261.7,
                                "Plan Rows": 957,
                                "Plan Width": 24,
                                "Actual Startup Time": 1.24,
                                "Actual Total Time": 1613.108,
                                "Actual Rows": 911,
                                "Actual Loops": 1,
                                "Output": [
                                    "id",
                                    "flg_0",
                                    "flg_1",
                                    "flg_2",
                                    "flg_3",
                                    "flg_4",
                                    "flg_5",
                                    "flg_6",
                                    "flg_7",
                                    "flg_8",
                                    "flg_9",
                                    "flg_10",
                                    "flg_11",
                                    "flg_12",
                                    "flg_13",
                                    "flg_14",
                                    "flg_15"
                                ],
                                "Workers Planned": 2,
                                "Workers Launched": 2,
                                "Single Copy": false,
                                "Shared Hit Blocks": 5024,
                                "Shared Read Blocks": 377142,
                                "Shared Dirtied Blocks": 0,
                                "Shared Written Blocks": 0,
                                "Local Hit Blocks": 0,
                                "Local Read Blocks": 0,
                                "Local Dirtied Blocks": 0,
                                "Local Written Blocks": 0,
                                "Temp Read Blocks": 0,
                                "Temp Written Blocks": 0,
                                "WAL Records": 0,
                                "WAL FPI": 0,
                                "WAL Bytes": 0,
                                "Plans": [
                                    {
                                        "Node Type": "Seq Scan",
                                        "Parent Relationship": "Outer",
                                        "Parallel Aware": true,
                                        "Async Capable": false,
                                        "Relation Name": "django_enum_tests_benchmark_booltester015",
                                        "Schema": "public",
                                        "Alias": "django_enum_tests_benchmark_booltester015",
                                        "Startup Cost": 0.0,
                                        "Total Cost": 632166.0,
                                        "Plan Rows": 399,
                                        "Plan Width": 24,
                                        "Actual Startup Time": 3.605,
                                        "Actual Total Time": 1610.818,
                                        "Actual Rows": 304,
                                        "Actual Loops": 3,
                                        "Output": [
                                            "id",
                                            "flg_0",
                                            "flg_1",
                                            "flg_2",
                                            "flg_3",
                                            "flg_4",
                                            "flg_5",
                                            "flg_6",
                                            "flg_7",
                                            "flg_8",
                                            "flg_9",
                                            "flg_10",
                                            "flg_11",
                                            "flg_12",
                                            "flg_13",
                                            "flg_14",
                                            "flg_15"
                                        ],
                                        "Filter": "(django_enum_tests_benchmark_booltester015.flg_0 AND (NOT django_enum_tests_benchmark_booltester015.flg_1) AND (NOT django_enum_tests_benchmark_booltester015.flg_2) AND django_enum_tests_benchmark_booltester015.flg_3 AND (NOT django_enum_tests_benchmark_booltester015.flg_4) AND (NOT django_enum_tests_benchmark_booltester015.flg_5) AND django_enum_tests_benchmark_booltester015.flg_6 AND (NOT django_enum_tests_benchmark_booltester015.flg_7) AND django_enum_tests_benchmark_booltester015.flg_8 AND django_enum_tests_benchmark_booltester015.flg_9 AND django_enum_tests_benchmark_booltester015.flg_10 AND (NOT django_enum_tests_benchmark_booltester015.flg_11) AND (NOT django_enum_tests_benchmark_booltester015.flg_12) AND (NOT django_enum_tests_benchmark_booltester015.flg_13) AND django_enum_tests_benchmark_booltester015.flg_14 AND (NOT django_enum_tests_benchmark_booltester015.flg_15))",
                                        "Rows Removed by Filter": 19999697,
                                        "Shared Hit Blocks": 5024,
                                        "Shared Read Blocks": 377142,
                                        "Shared Dirtied Blocks": 0,
                                        "Shared Written Blocks": 0,
                                        "Local Hit Blocks": 0,
                                        "Local Read Blocks": 0,
                                        "Local Dirtied Blocks": 0,
                                        "Local Written Blocks": 0,
                                        "Temp Read Blocks": 0,
                                        "Temp Written Blocks": 0,
                                        "WAL Records": 0,
                                        "WAL FPI": 0,
                                        "WAL Bytes": 0,
                                        "Workers": [
                                            {
                                                "Worker Number": 0,
                                                "Actual Startup Time": 5.142,
                                                "Actual Total Time": 1610.18,
                                                "Actual Rows": 341,
                                                "Actual Loops": 1,
                                                "Shared Hit Blocks": 1620,
                                                "Shared Read Blocks": 124896,
                                                "Shared Dirtied Blocks": 0,
                                                "Shared Written Blocks": 0,
                                                "Local Hit Blocks": 0,
                                                "Local Read Blocks": 0,
                                                "Local Dirtied Blocks": 0,
                                                "Local Written Blocks": 0,
                                                "Temp Read Blocks": 0,
                                                "Temp Written Blocks": 0,
                                                "WAL Records": 0,
                                                "WAL FPI": 0,
                                                "WAL Bytes": 0
                                            },
                                            {
                                                "Worker Number": 1,
                                                "Actual Startup Time": 4.505,
                                                "Actual Total Time": 1610.264,
                                                "Actual Rows": 274,
                                                "Actual Loops": 1,
                                                "Shared Hit Blocks": 1619,
                                                "Shared Read Blocks": 124822,
                                                "Shared Dirtied Blocks": 0,
                                                "Shared Written Blocks": 0,
                                                "Local Hit Blocks": 0,
                                                "Local Read Blocks": 0,
                                                "Local Dirtied Blocks": 0,
                                                "Local Written Blocks": 0,
                                                "Temp Read Blocks": 0,
                                                "Temp Written Blocks": 0,
                                                "WAL Records": 0,
                                                "WAL FPI": 0,
                                                "WAL Bytes": 0
                                            }
                                        ]
                                    }
                                ]
                            },
                            "Settings": {},
                            "Planning": {
                                "Shared Hit Blocks": 0,
                                "Shared Read Blocks": 0,
                                "Shared Dirtied Blocks": 0,
                                "Shared Written Blocks": 0,
                                "Local Hit Blocks": 0,
                                "Local Read Blocks": 0,
                                "Local Dirtied Blocks": 0,
                                "Local Written Blocks": 0,
                                "Temp Read Blocks": 0,
                                "Temp Written Blocks": 0
                            },
                            "Planning Time": 0.048,
                            "Triggers": [],
                            "Execution Time": 1613.149
                        },
                        "all_ftr_time": 1.8711307000000001,
                        "any_ftr_time": 6.1980468,
                        "exact_ftr_time": 1.6453977000000002
                    },
                    "80000000": {
                        "all_time": 2.5721626208978705,
                        "any_time": 10.892007475101854,
                        "exact_time": 2.2406041210051626,
                        "table_size": 5971640320.0,
                        "index_time": 4.582921974360943e-06,
                        "all_explanation": {
                            "Plan": {
                                "Node Type": "Gather",
                                "Parallel Aware": false,
                                "Async Capable": false,
                                "Startup Cost": 1000.0,
                                "Total Cost": 847668.63,
                                "Plan Rows": 37803,
                                "Plan Width": 24,
                                "Actual Startup Time": 0.172,
                                "Actual Total Time": 2354.519,
                                "Actual Rows": 39015,
                                "Actual Loops": 1,
                                "Output": [
                                    "id",
                                    "flg_0",
                                    "flg_1",
                                    "flg_2",
                                    "flg_3",
                                    "flg_4",
                                    "flg_5",
                                    "flg_6",
                                    "flg_7",
                                    "flg_8",
                                    "flg_9",
                                    "flg_10",
                                    "flg_11",
                                    "flg_12",
                                    "flg_13",
                                    "flg_14",
                                    "flg_15"
                                ],
                                "Workers Planned": 2,
                                "Workers Launched": 2,
                                "Single Copy": false,
                                "Shared Hit Blocks": 4672,
                                "Shared Read Blocks": 504883,
                                "Shared Dirtied Blocks": 0,
                                "Shared Written Blocks": 0,
                                "Local Hit Blocks": 0,
                                "Local Read Blocks": 0,
                                "Local Dirtied Blocks": 0,
                                "Local Written Blocks": 0,
                                "Temp Read Blocks": 0,
                                "Temp Written Blocks": 0,
                                "WAL Records": 0,
                                "WAL FPI": 0,
                                "WAL Bytes": 0,
                                "Plans": [
                                    {
                                        "Node Type": "Seq Scan",
                                        "Parent Relationship": "Outer",
                                        "Parallel Aware": true,
                                        "Async Capable": false,
                                        "Relation Name": "django_enum_tests_benchmark_booltester015",
                                        "Schema": "public",
                                        "Alias": "django_enum_tests_benchmark_booltester015",
                                        "Startup Cost": 0.0,
                                        "Total Cost": 842888.33,
                                        "Plan Rows": 15751,
                                        "Plan Width": 24,
                                        "Actual Startup Time": 0.114,
                                        "Actual Total Time": 2349.729,
                                        "Actual Rows": 13005,
                                        "Actual Loops": 3,
                                        "Output": [
                                            "id",
                                            "flg_0",
                                            "flg_1",
                                            "flg_2",
                                            "flg_3",
                                            "flg_4",
                                            "flg_5",
                                            "flg_6",
                                            "flg_7",
                                            "flg_8",
                                            "flg_9",
                                            "flg_10",
                                            "flg_11",
                                            "flg_12",
                                            "flg_13",
                                            "flg_14",
                                            "flg_15"
                                        ],
                                        "Filter": "(django_enum_tests_benchmark_booltester015.flg_1 AND django_enum_tests_benchmark_booltester015.flg_3 AND django_enum_tests_benchmark_booltester015.flg_6 AND django_enum_tests_benchmark_booltester015.flg_7 AND django_enum_tests_benchmark_booltester015.flg_8 AND django_enum_tests_benchmark_booltester015.flg_9 AND django_enum_tests_benchmark_booltester015.flg_11 AND django_enum_tests_benchmark_booltester015.flg_12 AND django_enum_tests_benchmark_booltester015.flg_13 AND django_enum_tests_benchmark_booltester015.flg_14 AND django_enum_tests_benchmark_booltester015.flg_15)",
                                        "Rows Removed by Filter": 26653662,
                                        "Shared Hit Blocks": 4672,
                                        "Shared Read Blocks": 504883,
                                        "Shared Dirtied Blocks": 0,
                                        "Shared Written Blocks": 0,
                                        "Local Hit Blocks": 0,
                                        "Local Read Blocks": 0,
                                        "Local Dirtied Blocks": 0,
                                        "Local Written Blocks": 0,
                                        "Temp Read Blocks": 0,
                                        "Temp Written Blocks": 0,
                                        "WAL Records": 0,
                                        "WAL FPI": 0,
                                        "WAL Bytes": 0,
                                        "Workers": [
                                            {
                                                "Worker Number": 0,
                                                "Actual Startup Time": 0.185,
                                                "Actual Total Time": 2349.53,
                                                "Actual Rows": 12932,
                                                "Actual Loops": 1,
                                                "Shared Hit Blocks": 1571,
                                                "Shared Read Blocks": 167584,
                                                "Shared Dirtied Blocks": 0,
                                                "Shared Written Blocks": 0,
                                                "Local Hit Blocks": 0,
                                                "Local Read Blocks": 0,
                                                "Local Dirtied Blocks": 0,
                                                "Local Written Blocks": 0,
                                                "Temp Read Blocks": 0,
                                                "Temp Written Blocks": 0,
                                                "WAL Records": 0,
                                                "WAL FPI": 0,
                                                "WAL Bytes": 0
                                            },
                                            {
                                                "Worker Number": 1,
                                                "Actual Startup Time": 0.059,
                                                "Actual Total Time": 2349.869,
                                                "Actual Rows": 12964,
                                                "Actual Loops": 1,
                                                "Shared Hit Blocks": 1471,
                                                "Shared Read Blocks": 167552,
                                                "Shared Dirtied Blocks": 0,
                                                "Shared Written Blocks": 0,
                                                "Local Hit Blocks": 0,
                                                "Local Read Blocks": 0,
                                                "Local Dirtied Blocks": 0,
                                                "Local Written Blocks": 0,
                                                "Temp Read Blocks": 0,
                                                "Temp Written Blocks": 0,
                                                "WAL Records": 0,
                                                "WAL FPI": 0,
                                                "WAL Bytes": 0
                                            }
                                        ]
                                    }
                                ]
                            },
                            "Settings": {},
                            "Planning": {
                                "Shared Hit Blocks": 0,
                                "Shared Read Blocks": 0,
                                "Shared Dirtied Blocks": 0,
                                "Shared Written Blocks": 0,
                                "Local Hit Blocks": 0,
                                "Local Read Blocks": 0,
                                "Local Dirtied Blocks": 0,
                                "Local Written Blocks": 0,
                                "Temp Read Blocks": 0,
                                "Temp Written Blocks": 0
                            },
                            "Planning Time": 0.044,
                            "Triggers": [],
                            "Execution Time": 2355.546
                        },
                        "any_explanation": {
                            "Plan": {
                                "Node Type": "Seq Scan",
                                "Parallel Aware": false,
                                "Async Capable": false,
                                "Relation Name": "django_enum_tests_benchmark_booltester015",
                                "Schema": "public",
                                "Alias": "django_enum_tests_benchmark_booltester015",
                                "Startup Cost": 0.0,
                                "Total Cost": 1309555.0,
                                "Plan Rows": 79959655,
                                "Plan Width": 24,
                                "Actual Startup Time": 0.02,
                                "Actual Total Time": 7296.477,
                                "Actual Rows": 79960948,
                                "Actual Loops": 1,
                                "Output": [
                                    "id",
                                    "flg_0",
                                    "flg_1",
                                    "flg_2",
                                    "flg_3",
                                    "flg_4",
                                    "flg_5",
                                    "flg_6",
                                    "flg_7",
                                    "flg_8",
                                    "flg_9",
                                    "flg_10",
                                    "flg_11",
                                    "flg_12",
                                    "flg_13",
                                    "flg_14",
                                    "flg_15"
                                ],
                                "Filter": "(django_enum_tests_benchmark_booltester015.flg_1 OR django_enum_tests_benchmark_booltester015.flg_3 OR django_enum_tests_benchmark_booltester015.flg_6 OR django_enum_tests_benchmark_booltester015.flg_7 OR django_enum_tests_benchmark_booltester015.flg_8 OR django_enum_tests_benchmark_booltester015.flg_9 OR django_enum_tests_benchmark_booltester015.flg_11 OR django_enum_tests_benchmark_booltester015.flg_12 OR django_enum_tests_benchmark_booltester015.flg_13 OR django_enum_tests_benchmark_booltester015.flg_14 OR django_enum_tests_benchmark_booltester015.flg_15)",
                                "Rows Removed by Filter": 39053,
                                "Shared Hit Blocks": 4864,
                                "Shared Read Blocks": 504691,
                                "Shared Dirtied Blocks": 0,
                                "Shared Written Blocks": 5,
                                "Local Hit Blocks": 0,
                                "Local Read Blocks": 0,
                                "Local Dirtied Blocks": 0,
                                "Local Written Blocks": 0,
                                "Temp Read Blocks": 0,
                                "Temp Written Blocks": 0,
                                "WAL Records": 0,
                                "WAL FPI": 0,
                                "WAL Bytes": 0
                            },
                            "Settings": {},
                            "Planning": {
                                "Shared Hit Blocks": 0,
                                "Shared Read Blocks": 0,
                                "Shared Dirtied Blocks": 0,
                                "Shared Written Blocks": 0,
                                "Local Hit Blocks": 0,
                                "Local Read Blocks": 0,
                                "Local Dirtied Blocks": 0,
                                "Local Written Blocks": 0,
                                "Temp Read Blocks": 0,
                                "Temp Written Blocks": 0
                            },
                            "Planning Time": 0.043,
                            "Triggers": [],
                            "Execution Time": 8943.315
                        },
                        "exact_explanation": {
                            "Plan": {
                                "Node Type": "Gather",
                                "Parallel Aware": false,
                                "Async Capable": false,
                                "Startup Cost": 1000.0,
                                "Total Cost": 844006.93,
                                "Plan Rows": 1186,
                                "Plan Width": 24,
                                "Actual Startup Time": 4.663,
                                "Actual Total Time": 2275.818,
                                "Actual Rows": 1230,
                                "Actual Loops": 1,
                                "Output": [
                                    "id",
                                    "flg_0",
                                    "flg_1",
                                    "flg_2",
                                    "flg_3",
                                    "flg_4",
                                    "flg_5",
                                    "flg_6",
                                    "flg_7",
                                    "flg_8",
                                    "flg_9",
                                    "flg_10",
                                    "flg_11",
                                    "flg_12",
                                    "flg_13",
                                    "flg_14",
                                    "flg_15"
                                ],
                                "Workers Planned": 2,
                                "Workers Launched": 2,
                                "Single Copy": false,
                                "Shared Hit Blocks": 4992,
                                "Shared Read Blocks": 504563,
                                "Shared Dirtied Blocks": 0,
                                "Shared Written Blocks": 0,
                                "Local Hit Blocks": 0,
                                "Local Read Blocks": 0,
                                "Local Dirtied Blocks": 0,
                                "Local Written Blocks": 0,
                                "Temp Read Blocks": 0,
                                "Temp Written Blocks": 0,
                                "WAL Records": 0,
                                "WAL FPI": 0,
                                "WAL Bytes": 0,
                                "Plans": [
                                    {
                                        "Node Type": "Seq Scan",
                                        "Parent Relationship": "Outer",
                                        "Parallel Aware": true,
                                        "Async Capable": false,
                                        "Relation Name": "django_enum_tests_benchmark_booltester015",
                                        "Schema": "public",
                                        "Alias": "django_enum_tests_benchmark_booltester015",
                                        "Startup Cost": 0.0,
                                        "Total Cost": 842888.33,
                                        "Plan Rows": 494,
                                        "Plan Width": 24,
                                        "Actual Startup Time": 5.49,
                                        "Actual Total Time": 2261.367,
                                        "Actual Rows": 410,
                                        "Actual Loops": 3,
                                        "Output": [
                                            "id",
                                            "flg_0",
                                            "flg_1",
                                            "flg_2",
                                            "flg_3",
                                            "flg_4",
                                            "flg_5",
                                            "flg_6",
                                            "flg_7",
                                            "flg_8",
                                            "flg_9",
                                            "flg_10",
                                            "flg_11",
                                            "flg_12",
                                            "flg_13",
                                            "flg_14",
                                            "flg_15"
                                        ],
                                        "Filter": "((NOT django_enum_tests_benchmark_booltester015.flg_0) AND django_enum_tests_benchmark_booltester015.flg_1 AND (NOT django_enum_tests_benchmark_booltester015.flg_2) AND django_enum_tests_benchmark_booltester015.flg_3 AND (NOT django_enum_tests_benchmark_booltester015.flg_4) AND (NOT django_enum_tests_benchmark_booltester015.flg_5) AND django_enum_tests_benchmark_booltester015.flg_6 AND django_enum_tests_benchmark_booltester015.flg_7 AND django_enum_tests_benchmark_booltester015.flg_8 AND django_enum_tests_benchmark_booltester015.flg_9 AND (NOT django_enum_tests_benchmark_booltester015.flg_10) AND django_enum_tests_benchmark_booltester015.flg_11 AND django_enum_tests_benchmark_booltester015.flg_12 AND django_enum_tests_benchmark_booltester015.flg_13 AND django_enum_tests_benchmark_booltester015.flg_14 AND django_enum_tests_benchmark_booltester015.flg_15)",
                                        "Rows Removed by Filter": 26666257,
                                        "Shared Hit Blocks": 4992,
                                        "Shared Read Blocks": 504563,
                                        "Shared Dirtied Blocks": 0,
                                        "Shared Written Blocks": 0,
                                        "Local Hit Blocks": 0,
                                        "Local Read Blocks": 0,
                                        "Local Dirtied Blocks": 0,
                                        "Local Written Blocks": 0,
                                        "Temp Read Blocks": 0,
                                        "Temp Written Blocks": 0,
                                        "WAL Records": 0,
                                        "WAL FPI": 0,
                                        "WAL Bytes": 0,
                                        "Workers": [
                                            {
                                                "Worker Number": 0,
                                                "Actual Startup Time": 4.729,
                                                "Actual Total Time": 2260.785,
                                                "Actual Rows": 411,
                                                "Actual Loops": 1,
                                                "Shared Hit Blocks": 1618,
                                                "Shared Read Blocks": 167027,
                                                "Shared Dirtied Blocks": 0,
                                                "Shared Written Blocks": 0,
                                                "Local Hit Blocks": 0,
                                                "Local Read Blocks": 0,
                                                "Local Dirtied Blocks": 0,
                                                "Local Written Blocks": 0,
                                                "Temp Read Blocks": 0,
                                                "Temp Written Blocks": 0,
                                                "WAL Records": 0,
                                                "WAL FPI": 0,
                                                "WAL Bytes": 0
                                            },
                                            {
                                                "Worker Number": 1,
                                                "Actual Startup Time": 7.146,
                                                "Actual Total Time": 2260.756,
                                                "Actual Rows": 400,
                                                "Actual Loops": 1,
                                                "Shared Hit Blocks": 1638,
                                                "Shared Read Blocks": 166944,
                                                "Shared Dirtied Blocks": 0,
                                                "Shared Written Blocks": 0,
                                                "Local Hit Blocks": 0,
                                                "Local Read Blocks": 0,
                                                "Local Dirtied Blocks": 0,
                                                "Local Written Blocks": 0,
                                                "Temp Read Blocks": 0,
                                                "Temp Written Blocks": 0,
                                                "WAL Records": 0,
                                                "WAL FPI": 0,
                                                "WAL Bytes": 0
                                            }
                                        ]
                                    }
                                ]
                            },
                            "Settings": {},
                            "Planning": {
                                "Shared Hit Blocks": 0,
                                "Shared Read Blocks": 0,
                                "Shared Dirtied Blocks": 0,
                                "Shared Written Blocks": 0,
                                "Local Hit Blocks": 0,
                                "Local Read Blocks": 0,
                                "Local Dirtied Blocks": 0,
                                "Local Written Blocks": 0,
                                "Temp Read Blocks": 0,
                                "Temp Written Blocks": 0
                            },
                            "Planning Time": 0.048,
                            "Triggers": [],
                            "Execution Time": 2275.88
                        },
                        "all_ftr_time": 3.2236149999999992,
                        "any_ftr_time": 8.132124600000001,
                        "exact_ftr_time": 2.2427995999999997
                    },
                    "100000000": {
                        "all_time": 5.378169770783279,
                        "any_time": 16.28797315409174,
                        "exact_time": 4.9426016581943255,
                        "table_size": 7464812544.0,
                        "index_time": 1.6669509932398796e-06,
                        "all_explanation": {
                            "Plan": {
                                "Node Type": "Gather",
                                "Parallel Aware": false,
                                "Async Capable": false,
                                "Startup Cost": 1000.0,
                                "Total Cost": 1073488.07,
                                "Plan Rows": 188784,
                                "Plan Width": 24,
                                "Actual Startup Time": 0.61,
                                "Actual Total Time": 4732.854,
                                "Actual Rows": 194937,
                                "Actual Loops": 1,
                                "Output": [
                                    "id",
                                    "flg_0",
                                    "flg_1",
                                    "flg_2",
                                    "flg_3",
                                    "flg_4",
                                    "flg_5",
                                    "flg_6",
                                    "flg_7",
                                    "flg_8",
                                    "flg_9",
                                    "flg_10",
                                    "flg_11",
                                    "flg_12",
                                    "flg_13",
                                    "flg_14",
                                    "flg_15"
                                ],
                                "Workers Planned": 2,
                                "Workers Launched": 2,
                                "Single Copy": false,
                                "Shared Hit Blocks": 4672,
                                "Shared Read Blocks": 632271,
                                "Shared Dirtied Blocks": 0,
                                "Shared Written Blocks": 0,
                                "Local Hit Blocks": 0,
                                "Local Read Blocks": 0,
                                "Local Dirtied Blocks": 0,
                                "Local Written Blocks": 0,
                                "Temp Read Blocks": 0,
                                "Temp Written Blocks": 0,
                                "WAL Records": 0,
                                "WAL FPI": 0,
                                "WAL Bytes": 0,
                                "Plans": [
                                    {
                                        "Node Type": "Seq Scan",
                                        "Parent Relationship": "Outer",
                                        "Parallel Aware": true,
                                        "Async Capable": false,
                                        "Relation Name": "django_enum_tests_benchmark_booltester015",
                                        "Schema": "public",
                                        "Alias": "django_enum_tests_benchmark_booltester015",
                                        "Startup Cost": 0.0,
                                        "Total Cost": 1053609.67,
                                        "Plan Rows": 78660,
                                        "Plan Width": 24,
                                        "Actual Startup Time": 0.472,
                                        "Actual Total Time": 4716.032,
                                        "Actual Rows": 64979,
                                        "Actual Loops": 3,
                                        "Output": [
                                            "id",
                                            "flg_0",
                                            "flg_1",
                                            "flg_2",
                                            "flg_3",
                                            "flg_4",
                                            "flg_5",
                                            "flg_6",
                                            "flg_7",
                                            "flg_8",
                                            "flg_9",
                                            "flg_10",
                                            "flg_11",
                                            "flg_12",
                                            "flg_13",
                                            "flg_14",
                                            "flg_15"
                                        ],
                                        "Filter": "(django_enum_tests_benchmark_booltester015.flg_1 AND django_enum_tests_benchmark_booltester015.flg_4 AND django_enum_tests_benchmark_booltester015.flg_5 AND django_enum_tests_benchmark_booltester015.flg_6 AND django_enum_tests_benchmark_booltester015.flg_8 AND django_enum_tests_benchmark_booltester015.flg_9 AND django_enum_tests_benchmark_booltester015.flg_12 AND django_enum_tests_benchmark_booltester015.flg_13 AND django_enum_tests_benchmark_booltester015.flg_15)",
                                        "Rows Removed by Filter": 33268355,
                                        "Shared Hit Blocks": 4672,
                                        "Shared Read Blocks": 632271,
                                        "Shared Dirtied Blocks": 0,
                                        "Shared Written Blocks": 0,
                                        "Local Hit Blocks": 0,
                                        "Local Read Blocks": 0,
                                        "Local Dirtied Blocks": 0,
                                        "Local Written Blocks": 0,
                                        "Temp Read Blocks": 0,
                                        "Temp Written Blocks": 0,
                                        "WAL Records": 0,
                                        "WAL FPI": 0,
                                        "WAL Bytes": 0,
                                        "Workers": [
                                            {
                                                "Worker Number": 0,
                                                "Actual Startup Time": 0.258,
                                                "Actual Total Time": 4709.948,
                                                "Actual Rows": 65052,
                                                "Actual Loops": 1,
                                                "Shared Hit Blocks": 1515,
                                                "Shared Read Blocks": 209824,
                                                "Shared Dirtied Blocks": 0,
                                                "Shared Written Blocks": 0,
                                                "Local Hit Blocks": 0,
                                                "Local Read Blocks": 0,
                                                "Local Dirtied Blocks": 0,
                                                "Local Written Blocks": 0,
                                                "Temp Read Blocks": 0,
                                                "Temp Written Blocks": 0,
                                                "WAL Records": 0,
                                                "WAL FPI": 0,
                                                "WAL Bytes": 0
                                            },
                                            {
                                                "Worker Number": 1,
                                                "Actual Startup Time": 0.611,
                                                "Actual Total Time": 4722.051,
                                                "Actual Rows": 64566,
                                                "Actual Loops": 1,
                                                "Shared Hit Blocks": 1503,
                                                "Shared Read Blocks": 209984,
                                                "Shared Dirtied Blocks": 0,
                                                "Shared Written Blocks": 0,
                                                "Local Hit Blocks": 0,
                                                "Local Read Blocks": 0,
                                                "Local Dirtied Blocks": 0,
                                                "Local Written Blocks": 0,
                                                "Temp Read Blocks": 0,
                                                "Temp Written Blocks": 0,
                                                "WAL Records": 0,
                                                "WAL FPI": 0,
                                                "WAL Bytes": 0
                                            }
                                        ]
                                    }
                                ]
                            },
                            "Settings": {},
                            "Planning": {
                                "Shared Hit Blocks": 0,
                                "Shared Read Blocks": 0,
                                "Shared Dirtied Blocks": 0,
                                "Shared Written Blocks": 0,
                                "Local Hit Blocks": 0,
                                "Local Read Blocks": 0,
                                "Local Dirtied Blocks": 0,
                                "Local Written Blocks": 0,
                                "Temp Read Blocks": 0,
                                "Temp Written Blocks": 0
                            },
                            "Planning Time": 0.043,
                            "Triggers": [],
                            "Execution Time": 4737.62
                        },
                        "any_explanation": {
                            "Plan": {
                                "Node Type": "Seq Scan",
                                "Parallel Aware": false,
                                "Async Capable": false,
                                "Relation Name": "django_enum_tests_benchmark_booltester015",
                                "Schema": "public",
                                "Alias": "django_enum_tests_benchmark_booltester015",
                                "Startup Cost": 0.0,
                                "Total Cost": 1636943.0,
                                "Plan Rows": 99798012,
                                "Plan Width": 24,
                                "Actual Startup Time": 0.216,
                                "Actual Total Time": 8820.168,
                                "Actual Rows": 99805455,
                                "Actual Loops": 1,
                                "Output": [
                                    "id",
                                    "flg_0",
                                    "flg_1",
                                    "flg_2",
                                    "flg_3",
                                    "flg_4",
                                    "flg_5",
                                    "flg_6",
                                    "flg_7",
                                    "flg_8",
                                    "flg_9",
                                    "flg_10",
                                    "flg_11",
                                    "flg_12",
                                    "flg_13",
                                    "flg_14",
                                    "flg_15"
                                ],
                                "Filter": "(django_enum_tests_benchmark_booltester015.flg_1 OR django_enum_tests_benchmark_booltester015.flg_4 OR django_enum_tests_benchmark_booltester015.flg_5 OR django_enum_tests_benchmark_booltester015.flg_6 OR django_enum_tests_benchmark_booltester015.flg_8 OR django_enum_tests_benchmark_booltester015.flg_9 OR django_enum_tests_benchmark_booltester015.flg_12 OR django_enum_tests_benchmark_booltester015.flg_13 OR django_enum_tests_benchmark_booltester015.flg_15)",
                                "Rows Removed by Filter": 194546,
                                "Shared Hit Blocks": 4864,
                                "Shared Read Blocks": 632079,
                                "Shared Dirtied Blocks": 0,
                                "Shared Written Blocks": 10,
                                "Local Hit Blocks": 0,
                                "Local Read Blocks": 0,
                                "Local Dirtied Blocks": 0,
                                "Local Written Blocks": 0,
                                "Temp Read Blocks": 0,
                                "Temp Written Blocks": 0,
                                "WAL Records": 0,
                                "WAL FPI": 0,
                                "WAL Bytes": 0
                            },
                            "Settings": {},
                            "Planning": {
                                "Shared Hit Blocks": 0,
                                "Shared Read Blocks": 0,
                                "Shared Dirtied Blocks": 0,
                                "Shared Written Blocks": 0,
                                "Local Hit Blocks": 0,
                                "Local Read Blocks": 0,
                                "Local Dirtied Blocks": 0,
                                "Local Written Blocks": 0,
                                "Temp Read Blocks": 0,
                                "Temp Written Blocks": 0
                            },
                            "Planning Time": 0.042,
                            "Triggers": [],
                            "Execution Time": 10815.217
                        },
                        "exact_explanation": {
                            "Plan": {
                                "Node Type": "Gather",
                                "Parallel Aware": false,
                                "Async Capable": false,
                                "Startup Cost": 1000.0,
                                "Total Cost": 1054757.57,
                                "Plan Rows": 1479,
                                "Plan Width": 24,
                                "Actual Startup Time": 48.832,
                                "Actual Total Time": 4710.317,
                                "Actual Rows": 1574,
                                "Actual Loops": 1,
                                "Output": [
                                    "id",
                                    "flg_0",
                                    "flg_1",
                                    "flg_2",
                                    "flg_3",
                                    "flg_4",
                                    "flg_5",
                                    "flg_6",
                                    "flg_7",
                                    "flg_8",
                                    "flg_9",
                                    "flg_10",
                                    "flg_11",
                                    "flg_12",
                                    "flg_13",
                                    "flg_14",
                                    "flg_15"
                                ],
                                "Workers Planned": 2,
                                "Workers Launched": 2,
                                "Single Copy": false,
                                "Shared Hit Blocks": 4992,
                                "Shared Read Blocks": 631951,
                                "Shared Dirtied Blocks": 0,
                                "Shared Written Blocks": 0,
                                "Local Hit Blocks": 0,
                                "Local Read Blocks": 0,
                                "Local Dirtied Blocks": 0,
                                "Local Written Blocks": 0,
                                "Temp Read Blocks": 0,
                                "Temp Written Blocks": 0,
                                "WAL Records": 0,
                                "WAL FPI": 0,
                                "WAL Bytes": 0,
                                "Plans": [
                                    {
                                        "Node Type": "Seq Scan",
                                        "Parent Relationship": "Outer",
                                        "Parallel Aware": true,
                                        "Async Capable": false,
                                        "Relation Name": "django_enum_tests_benchmark_booltester015",
                                        "Schema": "public",
                                        "Alias": "django_enum_tests_benchmark_booltester015",
                                        "Startup Cost": 0.0,
                                        "Total Cost": 1053609.67,
                                        "Plan Rows": 616,
                                        "Plan Width": 24,
                                        "Actual Startup Time": 23.657,
                                        "Actual Total Time": 4707.876,
                                        "Actual Rows": 525,
                                        "Actual Loops": 3,
                                        "Output": [
                                            "id",
                                            "flg_0",
                                            "flg_1",
                                            "flg_2",
                                            "flg_3",
                                            "flg_4",
                                            "flg_5",
                                            "flg_6",
                                            "flg_7",
                                            "flg_8",
                                            "flg_9",
                                            "flg_10",
                                            "flg_11",
                                            "flg_12",
                                            "flg_13",
                                            "flg_14",
                                            "flg_15"
                                        ],
                                        "Filter": "((NOT django_enum_tests_benchmark_booltester015.flg_0) AND django_enum_tests_benchmark_booltester015.flg_1 AND (NOT django_enum_tests_benchmark_booltester015.flg_2) AND (NOT django_enum_tests_benchmark_booltester015.flg_3) AND django_enum_tests_benchmark_booltester015.flg_4 AND django_enum_tests_benchmark_booltester015.flg_5 AND django_enum_tests_benchmark_booltester015.flg_6 AND (NOT django_enum_tests_benchmark_booltester015.flg_7) AND django_enum_tests_benchmark_booltester015.flg_8 AND django_enum_tests_benchmark_booltester015.flg_9 AND (NOT django_enum_tests_benchmark_booltester015.flg_10) AND (NOT django_enum_tests_benchmark_booltester015.flg_11) AND django_enum_tests_benchmark_booltester015.flg_12 AND django_enum_tests_benchmark_booltester015.flg_13 AND (NOT django_enum_tests_benchmark_booltester015.flg_14) AND django_enum_tests_benchmark_booltester015.flg_15)",
                                        "Rows Removed by Filter": 33332809,
                                        "Shared Hit Blocks": 4992,
                                        "Shared Read Blocks": 631951,
                                        "Shared Dirtied Blocks": 0,
                                        "Shared Written Blocks": 0,
                                        "Local Hit Blocks": 0,
                                        "Local Read Blocks": 0,
                                        "Local Dirtied Blocks": 0,
                                        "Local Written Blocks": 0,
                                        "Temp Read Blocks": 0,
                                        "Temp Written Blocks": 0,
                                        "WAL Records": 0,
                                        "WAL FPI": 0,
                                        "WAL Bytes": 0,
                                        "Workers": [
                                            {
                                                "Worker Number": 0,
                                                "Actual Startup Time": 14.975,
                                                "Actual Total Time": 4707.253,
                                                "Actual Rows": 515,
                                                "Actual Loops": 1,
                                                "Shared Hit Blocks": 1651,
                                                "Shared Read Blocks": 208591,
                                                "Shared Dirtied Blocks": 0,
                                                "Shared Written Blocks": 0,
                                                "Local Hit Blocks": 0,
                                                "Local Read Blocks": 0,
                                                "Local Dirtied Blocks": 0,
                                                "Local Written Blocks": 0,
                                                "Temp Read Blocks": 0,
                                                "Temp Written Blocks": 0,
                                                "WAL Records": 0,
                                                "WAL FPI": 0,
                                                "WAL Bytes": 0
                                            },
                                            {
                                                "Worker Number": 1,
                                                "Actual Startup Time": 7.241,
                                                "Actual Total Time": 4707.294,
                                                "Actual Rows": 531,
                                                "Actual Loops": 1,
                                                "Shared Hit Blocks": 1589,
                                                "Shared Read Blocks": 208800,
                                                "Shared Dirtied Blocks": 0,
                                                "Shared Written Blocks": 0,
                                                "Local Hit Blocks": 0,
                                                "Local Read Blocks": 0,
                                                "Local Dirtied Blocks": 0,
                                                "Local Written Blocks": 0,
                                                "Temp Read Blocks": 0,
                                                "Temp Written Blocks": 0,
                                                "WAL Records": 0,
                                                "WAL FPI": 0,
                                                "WAL Bytes": 0
                                            }
                                        ]
                                    }
                                ]
                            },
                            "Settings": {},
                            "Planning": {
                                "Shared Hit Blocks": 0,
                                "Shared Read Blocks": 0,
                                "Shared Dirtied Blocks": 0,
                                "Shared Written Blocks": 0,
                                "Local Hit Blocks": 0,
                                "Local Read Blocks": 0,
                                "Local Dirtied Blocks": 0,
                                "Local Written Blocks": 0,
                                "Temp Read Blocks": 0,
                                "Temp Written Blocks": 0
                            },
                            "Planning Time": 0.126,
                            "Triggers": [],
                            "Execution Time": 4710.403
                        },
                        "all_ftr_time": 5.9391047,
                        "any_ftr_time": 10.7108682,
                        "exact_ftr_time": 4.999370400000001
                    }
                }
            },
            "[BOOL] Col Index": {
                "16": {
                    "10": {
                        "all_time": 0.0008851209189742803,
                        "any_time": 0.0015630750101990997,
                        "exact_time": 0.0011427624034695328,
                        "table_size": 286720.0,
                        "index_time": 0.008447582949884236,
                        "all_explanation": {
                            "Plan": {
                                "Node Type": "Seq Scan",
                                "Parallel Aware": false,
                                "Async Capable": false,
                                "Relation Name": "django_enum_tests_benchmark_booltester015",
                                "Schema": "public",
                                "Alias": "django_enum_tests_benchmark_booltester015",
                                "Startup Cost": 0.0,
                                "Total Cost": 1.11,
                                "Plan Rows": 1,
                                "Plan Width": 24,
                                "Actual Startup Time": 0.002,
                                "Actual Total Time": 0.002,
                                "Actual Rows": 0,
                                "Actual Loops": 1,
                                "Output": [
                                    "id",
                                    "flg_0",
                                    "flg_1",
                                    "flg_2",
                                    "flg_3",
                                    "flg_4",
                                    "flg_5",
                                    "flg_6",
                                    "flg_7",
                                    "flg_8",
                                    "flg_9",
                                    "flg_10",
                                    "flg_11",
                                    "flg_12",
                                    "flg_13",
                                    "flg_14",
                                    "flg_15"
                                ],
                                "Filter": "(django_enum_tests_benchmark_booltester015.flg_0 AND django_enum_tests_benchmark_booltester015.flg_1 AND django_enum_tests_benchmark_booltester015.flg_6 AND django_enum_tests_benchmark_booltester015.flg_7 AND django_enum_tests_benchmark_booltester015.flg_8 AND django_enum_tests_benchmark_booltester015.flg_12 AND django_enum_tests_benchmark_booltester015.flg_13)",
                                "Rows Removed by Filter": 11,
                                "Shared Hit Blocks": 1,
                                "Shared Read Blocks": 0,
                                "Shared Dirtied Blocks": 0,
                                "Shared Written Blocks": 0,
                                "Local Hit Blocks": 0,
                                "Local Read Blocks": 0,
                                "Local Dirtied Blocks": 0,
                                "Local Written Blocks": 0,
                                "Temp Read Blocks": 0,
                                "Temp Written Blocks": 0,
                                "WAL Records": 0,
                                "WAL FPI": 0,
                                "WAL Bytes": 0
                            },
                            "Settings": {},
                            "Planning": {
                                "Shared Hit Blocks": 0,
                                "Shared Read Blocks": 0,
                                "Shared Dirtied Blocks": 0,
                                "Shared Written Blocks": 0,
                                "Local Hit Blocks": 0,
                                "Local Read Blocks": 0,
                                "Local Dirtied Blocks": 0,
                                "Local Written Blocks": 0,
                                "Temp Read Blocks": 0,
                                "Temp Written Blocks": 0
                            },
                            "Planning Time": 0.034,
                            "Triggers": [],
                            "Execution Time": 0.005
                        },
                        "any_explanation": {
                            "Plan": {
                                "Node Type": "Seq Scan",
                                "Parallel Aware": false,
                                "Async Capable": false,
                                "Relation Name": "django_enum_tests_benchmark_booltester015",
                                "Schema": "public",
                                "Alias": "django_enum_tests_benchmark_booltester015",
                                "Startup Cost": 0.0,
                                "Total Cost": 1.11,
                                "Plan Rows": 11,
                                "Plan Width": 24,
                                "Actual Startup Time": 0.002,
                                "Actual Total Time": 0.003,
                                "Actual Rows": 11,
                                "Actual Loops": 1,
                                "Output": [
                                    "id",
                                    "flg_0",
                                    "flg_1",
                                    "flg_2",
                                    "flg_3",
                                    "flg_4",
                                    "flg_5",
                                    "flg_6",
                                    "flg_7",
                                    "flg_8",
                                    "flg_9",
                                    "flg_10",
                                    "flg_11",
                                    "flg_12",
                                    "flg_13",
                                    "flg_14",
                                    "flg_15"
                                ],
                                "Filter": "(django_enum_tests_benchmark_booltester015.flg_0 OR django_enum_tests_benchmark_booltester015.flg_1 OR django_enum_tests_benchmark_booltester015.flg_6 OR django_enum_tests_benchmark_booltester015.flg_7 OR django_enum_tests_benchmark_booltester015.flg_8 OR django_enum_tests_benchmark_booltester015.flg_12 OR django_enum_tests_benchmark_booltester015.flg_13)",
                                "Rows Removed by Filter": 0,
                                "Shared Hit Blocks": 1,
                                "Shared Read Blocks": 0,
                                "Shared Dirtied Blocks": 0,
                                "Shared Written Blocks": 0,
                                "Local Hit Blocks": 0,
                                "Local Read Blocks": 0,
                                "Local Dirtied Blocks": 0,
                                "Local Written Blocks": 0,
                                "Temp Read Blocks": 0,
                                "Temp Written Blocks": 0,
                                "WAL Records": 0,
                                "WAL FPI": 0,
                                "WAL Bytes": 0
                            },
                            "Settings": {},
                            "Planning": {
                                "Shared Hit Blocks": 0,
                                "Shared Read Blocks": 0,
                                "Shared Dirtied Blocks": 0,
                                "Shared Written Blocks": 0,
                                "Local Hit Blocks": 0,
                                "Local Read Blocks": 0,
                                "Local Dirtied Blocks": 0,
                                "Local Written Blocks": 0,
                                "Temp Read Blocks": 0,
                                "Temp Written Blocks": 0
                            },
                            "Planning Time": 0.032,
                            "Triggers": [],
                            "Execution Time": 0.006
                        },
                        "exact_explanation": {
                            "Plan": {
                                "Node Type": "Seq Scan",
                                "Parallel Aware": false,
                                "Async Capable": false,
                                "Relation Name": "django_enum_tests_benchmark_booltester015",
                                "Schema": "public",
                                "Alias": "django_enum_tests_benchmark_booltester015",
                                "Startup Cost": 0.0,
                                "Total Cost": 1.11,
                                "Plan Rows": 1,
                                "Plan Width": 24,
                                "Actual Startup Time": 0.003,
                                "Actual Total Time": 0.003,
                                "Actual Rows": 0,
                                "Actual Loops": 1,
                                "Output": [
                                    "id",
                                    "flg_0",
                                    "flg_1",
                                    "flg_2",
                                    "flg_3",
                                    "flg_4",
                                    "flg_5",
                                    "flg_6",
                                    "flg_7",
                                    "flg_8",
                                    "flg_9",
                                    "flg_10",
                                    "flg_11",
                                    "flg_12",
                                    "flg_13",
                                    "flg_14",
                                    "flg_15"
                                ],
                                "Filter": "(django_enum_tests_benchmark_booltester015.flg_0 AND django_enum_tests_benchmark_booltester015.flg_1 AND (NOT django_enum_tests_benchmark_booltester015.flg_2) AND (NOT django_enum_tests_benchmark_booltester015.flg_3) AND (NOT django_enum_tests_benchmark_booltester015.flg_4) AND (NOT django_enum_tests_benchmark_booltester015.flg_5) AND django_enum_tests_benchmark_booltester015.flg_6 AND django_enum_tests_benchmark_booltester015.flg_7 AND django_enum_tests_benchmark_booltester015.flg_8 AND (NOT django_enum_tests_benchmark_booltester015.flg_9) AND (NOT django_enum_tests_benchmark_booltester015.flg_10) AND (NOT django_enum_tests_benchmark_booltester015.flg_11) AND django_enum_tests_benchmark_booltester015.flg_12 AND django_enum_tests_benchmark_booltester015.flg_13 AND (NOT django_enum_tests_benchmark_booltester015.flg_14) AND (NOT django_enum_tests_benchmark_booltester015.flg_15))",
                                "Rows Removed by Filter": 11,
                                "Shared Hit Blocks": 1,
                                "Shared Read Blocks": 0,
                                "Shared Dirtied Blocks": 0,
                                "Shared Written Blocks": 0,
                                "Local Hit Blocks": 0,
                                "Local Read Blocks": 0,
                                "Local Dirtied Blocks": 0,
                                "Local Written Blocks": 0,
                                "Temp Read Blocks": 0,
                                "Temp Written Blocks": 0,
                                "WAL Records": 0,
                                "WAL FPI": 0,
                                "WAL Bytes": 0
                            },
                            "Settings": {},
                            "Planning": {
                                "Shared Hit Blocks": 0,
                                "Shared Read Blocks": 0,
                                "Shared Dirtied Blocks": 0,
                                "Shared Written Blocks": 0,
                                "Local Hit Blocks": 0,
                                "Local Read Blocks": 0,
                                "Local Dirtied Blocks": 0,
                                "Local Written Blocks": 0,
                                "Temp Read Blocks": 0,
                                "Temp Written Blocks": 0
                            },
                            "Planning Time": 0.058,
                            "Triggers": [],
                            "Execution Time": 0.007
                        },
                        "all_ftr_time": 4.499999999999999e-06,
                        "any_ftr_time": 5.199999999999999e-06,
                        "exact_ftr_time": 6.199999999999999e-06
                    },
                    "100": {
                        "all_time": 0.0010576374945230782,
                        "any_time": 0.001756266807205975,
                        "exact_time": 0.001186070905532688,
                        "table_size": 286720.0,
                        "index_time": 0.00945679098367691,
                        "all_explanation": {
                            "Plan": {
                                "Node Type": "Seq Scan",
                                "Parallel Aware": false,
                                "Async Capable": false,
                                "Relation Name": "django_enum_tests_benchmark_booltester015",
                                "Schema": "public",
                                "Alias": "django_enum_tests_benchmark_booltester015",
                                "Startup Cost": 0.0,
                                "Total Cost": 2.01,
                                "Plan Rows": 1,
                                "Plan Width": 24,
                                "Actual Startup Time": 0.009,
                                "Actual Total Time": 0.009,
                                "Actual Rows": 0,
                                "Actual Loops": 1,
                                "Output": [
                                    "id",
                                    "flg_0",
                                    "flg_1",
                                    "flg_2",
                                    "flg_3",
                                    "flg_4",
                                    "flg_5",
                                    "flg_6",
                                    "flg_7",
                                    "flg_8",
                                    "flg_9",
                                    "flg_10",
                                    "flg_11",
                                    "flg_12",
                                    "flg_13",
                                    "flg_14",
                                    "flg_15"
                                ],
                                "Filter": "(django_enum_tests_benchmark_booltester015.flg_0 AND django_enum_tests_benchmark_booltester015.flg_3 AND django_enum_tests_benchmark_booltester015.flg_4 AND django_enum_tests_benchmark_booltester015.flg_6 AND django_enum_tests_benchmark_booltester015.flg_7 AND django_enum_tests_benchmark_booltester015.flg_8 AND django_enum_tests_benchmark_booltester015.flg_9 AND django_enum_tests_benchmark_booltester015.flg_11 AND django_enum_tests_benchmark_booltester015.flg_13 AND django_enum_tests_benchmark_booltester015.flg_14 AND django_enum_tests_benchmark_booltester015.flg_15)",
                                "Rows Removed by Filter": 101,
                                "Shared Hit Blocks": 1,
                                "Shared Read Blocks": 0,
                                "Shared Dirtied Blocks": 0,
                                "Shared Written Blocks": 0,
                                "Local Hit Blocks": 0,
                                "Local Read Blocks": 0,
                                "Local Dirtied Blocks": 0,
                                "Local Written Blocks": 0,
                                "Temp Read Blocks": 0,
                                "Temp Written Blocks": 0,
                                "WAL Records": 0,
                                "WAL FPI": 0,
                                "WAL Bytes": 0
                            },
                            "Settings": {},
                            "Planning": {
                                "Shared Hit Blocks": 0,
                                "Shared Read Blocks": 0,
                                "Shared Dirtied Blocks": 0,
                                "Shared Written Blocks": 0,
                                "Local Hit Blocks": 0,
                                "Local Read Blocks": 0,
                                "Local Dirtied Blocks": 0,
                                "Local Written Blocks": 0,
                                "Temp Read Blocks": 0,
                                "Temp Written Blocks": 0
                            },
                            "Planning Time": 0.045,
                            "Triggers": [],
                            "Execution Time": 0.013
                        },
                        "any_explanation": {
                            "Plan": {
                                "Node Type": "Seq Scan",
                                "Parallel Aware": false,
                                "Async Capable": false,
                                "Relation Name": "django_enum_tests_benchmark_booltester015",
                                "Schema": "public",
                                "Alias": "django_enum_tests_benchmark_booltester015",
                                "Startup Cost": 0.0,
                                "Total Cost": 2.01,
                                "Plan Rows": 101,
                                "Plan Width": 24,
                                "Actual Startup Time": 0.003,
                                "Actual Total Time": 0.011,
                                "Actual Rows": 101,
                                "Actual Loops": 1,
                                "Output": [
                                    "id",
                                    "flg_0",
                                    "flg_1",
                                    "flg_2",
                                    "flg_3",
                                    "flg_4",
                                    "flg_5",
                                    "flg_6",
                                    "flg_7",
                                    "flg_8",
                                    "flg_9",
                                    "flg_10",
                                    "flg_11",
                                    "flg_12",
                                    "flg_13",
                                    "flg_14",
                                    "flg_15"
                                ],
                                "Filter": "(django_enum_tests_benchmark_booltester015.flg_0 OR django_enum_tests_benchmark_booltester015.flg_3 OR django_enum_tests_benchmark_booltester015.flg_4 OR django_enum_tests_benchmark_booltester015.flg_6 OR django_enum_tests_benchmark_booltester015.flg_7 OR django_enum_tests_benchmark_booltester015.flg_8 OR django_enum_tests_benchmark_booltester015.flg_9 OR django_enum_tests_benchmark_booltester015.flg_11 OR django_enum_tests_benchmark_booltester015.flg_13 OR django_enum_tests_benchmark_booltester015.flg_14 OR django_enum_tests_benchmark_booltester015.flg_15)",
                                "Rows Removed by Filter": 0,
                                "Shared Hit Blocks": 1,
                                "Shared Read Blocks": 0,
                                "Shared Dirtied Blocks": 0,
                                "Shared Written Blocks": 0,
                                "Local Hit Blocks": 0,
                                "Local Read Blocks": 0,
                                "Local Dirtied Blocks": 0,
                                "Local Written Blocks": 0,
                                "Temp Read Blocks": 0,
                                "Temp Written Blocks": 0,
                                "WAL Records": 0,
                                "WAL FPI": 0,
                                "WAL Bytes": 0
                            },
                            "Settings": {},
                            "Planning": {
                                "Shared Hit Blocks": 0,
                                "Shared Read Blocks": 0,
                                "Shared Dirtied Blocks": 0,
                                "Shared Written Blocks": 0,
                                "Local Hit Blocks": 0,
                                "Local Read Blocks": 0,
                                "Local Dirtied Blocks": 0,
                                "Local Written Blocks": 0,
                                "Temp Read Blocks": 0,
                                "Temp Written Blocks": 0
                            },
                            "Planning Time": 0.037,
                            "Triggers": [],
                            "Execution Time": 0.017
                        },
                        "exact_explanation": {
                            "Plan": {
                                "Node Type": "Seq Scan",
                                "Parallel Aware": false,
                                "Async Capable": false,
                                "Relation Name": "django_enum_tests_benchmark_booltester015",
                                "Schema": "public",
                                "Alias": "django_enum_tests_benchmark_booltester015",
                                "Startup Cost": 0.0,
                                "Total Cost": 2.01,
                                "Plan Rows": 1,
                                "Plan Width": 24,
                                "Actual Startup Time": 0.01,
                                "Actual Total Time": 0.01,
                                "Actual Rows": 0,
                                "Actual Loops": 1,
                                "Output": [
                                    "id",
                                    "flg_0",
                                    "flg_1",
                                    "flg_2",
                                    "flg_3",
                                    "flg_4",
                                    "flg_5",
                                    "flg_6",
                                    "flg_7",
                                    "flg_8",
                                    "flg_9",
                                    "flg_10",
                                    "flg_11",
                                    "flg_12",
                                    "flg_13",
                                    "flg_14",
                                    "flg_15"
                                ],
                                "Filter": "(django_enum_tests_benchmark_booltester015.flg_0 AND (NOT django_enum_tests_benchmark_booltester015.flg_1) AND (NOT django_enum_tests_benchmark_booltester015.flg_2) AND django_enum_tests_benchmark_booltester015.flg_3 AND django_enum_tests_benchmark_booltester015.flg_4 AND (NOT django_enum_tests_benchmark_booltester015.flg_5) AND django_enum_tests_benchmark_booltester015.flg_6 AND django_enum_tests_benchmark_booltester015.flg_7 AND django_enum_tests_benchmark_booltester015.flg_8 AND django_enum_tests_benchmark_booltester015.flg_9 AND (NOT django_enum_tests_benchmark_booltester015.flg_10) AND django_enum_tests_benchmark_booltester015.flg_11 AND (NOT django_enum_tests_benchmark_booltester015.flg_12) AND django_enum_tests_benchmark_booltester015.flg_13 AND django_enum_tests_benchmark_booltester015.flg_14 AND django_enum_tests_benchmark_booltester015.flg_15)",
                                "Rows Removed by Filter": 101,
                                "Shared Hit Blocks": 1,
                                "Shared Read Blocks": 0,
                                "Shared Dirtied Blocks": 0,
                                "Shared Written Blocks": 0,
                                "Local Hit Blocks": 0,
                                "Local Read Blocks": 0,
                                "Local Dirtied Blocks": 0,
                                "Local Written Blocks": 0,
                                "Temp Read Blocks": 0,
                                "Temp Written Blocks": 0,
                                "WAL Records": 0,
                                "WAL FPI": 0,
                                "WAL Bytes": 0
                            },
                            "Settings": {},
                            "Planning": {
                                "Shared Hit Blocks": 0,
                                "Shared Read Blocks": 0,
                                "Shared Dirtied Blocks": 0,
                                "Shared Written Blocks": 0,
                                "Local Hit Blocks": 0,
                                "Local Read Blocks": 0,
                                "Local Dirtied Blocks": 0,
                                "Local Written Blocks": 0,
                                "Temp Read Blocks": 0,
                                "Temp Written Blocks": 0
                            },
                            "Planning Time": 0.057,
                            "Triggers": [],
                            "Execution Time": 0.013
                        },
                        "all_ftr_time": 1.1299999999999999e-05,
                        "any_ftr_time": 1.4600000000000003e-05,
                        "exact_ftr_time": 1.34e-05
                    },
                    "1000": {
                        "all_time": 0.0012372164987027646,
                        "any_time": 0.0019760874914936722,
                        "exact_time": 0.0012907291995361448,
                        "table_size": 360448.0,
                        "index_time": 0.01465233403723687,
                        "all_explanation": {
                            "Plan": {
                                "Node Type": "Seq Scan",
                                "Parallel Aware": false,
                                "Async Capable": false,
                                "Relation Name": "django_enum_tests_benchmark_booltester015",
                                "Schema": "public",
                                "Alias": "django_enum_tests_benchmark_booltester015",
                                "Startup Cost": 0.0,
                                "Total Cost": 17.01,
                                "Plan Rows": 1,
                                "Plan Width": 24,
                                "Actual Startup Time": 0.02,
                                "Actual Total Time": 0.075,
                                "Actual Rows": 1,
                                "Actual Loops": 1,
                                "Output": [
                                    "id",
                                    "flg_0",
                                    "flg_1",
                                    "flg_2",
                                    "flg_3",
                                    "flg_4",
                                    "flg_5",
                                    "flg_6",
                                    "flg_7",
                                    "flg_8",
                                    "flg_9",
                                    "flg_10",
                                    "flg_11",
                                    "flg_12",
                                    "flg_13",
                                    "flg_14",
                                    "flg_15"
                                ],
                                "Filter": "(django_enum_tests_benchmark_booltester015.flg_1 AND django_enum_tests_benchmark_booltester015.flg_2 AND django_enum_tests_benchmark_booltester015.flg_3 AND django_enum_tests_benchmark_booltester015.flg_4 AND django_enum_tests_benchmark_booltester015.flg_5 AND django_enum_tests_benchmark_booltester015.flg_6 AND django_enum_tests_benchmark_booltester015.flg_8 AND django_enum_tests_benchmark_booltester015.flg_10 AND django_enum_tests_benchmark_booltester015.flg_12 AND django_enum_tests_benchmark_booltester015.flg_13)",
                                "Rows Removed by Filter": 1000,
                                "Shared Hit Blocks": 7,
                                "Shared Read Blocks": 0,
                                "Shared Dirtied Blocks": 0,
                                "Shared Written Blocks": 0,
                                "Local Hit Blocks": 0,
                                "Local Read Blocks": 0,
                                "Local Dirtied Blocks": 0,
                                "Local Written Blocks": 0,
                                "Temp Read Blocks": 0,
                                "Temp Written Blocks": 0,
                                "WAL Records": 0,
                                "WAL FPI": 0,
                                "WAL Bytes": 0
                            },
                            "Settings": {},
                            "Planning": {
                                "Shared Hit Blocks": 0,
                                "Shared Read Blocks": 0,
                                "Shared Dirtied Blocks": 0,
                                "Shared Written Blocks": 0,
                                "Local Hit Blocks": 0,
                                "Local Read Blocks": 0,
                                "Local Dirtied Blocks": 0,
                                "Local Written Blocks": 0,
                                "Temp Read Blocks": 0,
                                "Temp Written Blocks": 0
                            },
                            "Planning Time": 0.047,
                            "Triggers": [],
                            "Execution Time": 0.077
                        },
                        "any_explanation": {
                            "Plan": {
                                "Node Type": "Seq Scan",
                                "Parallel Aware": false,
                                "Async Capable": false,
                                "Relation Name": "django_enum_tests_benchmark_booltester015",
                                "Schema": "public",
                                "Alias": "django_enum_tests_benchmark_booltester015",
                                "Startup Cost": 0.0,
                                "Total Cost": 17.01,
                                "Plan Rows": 1000,
                                "Plan Width": 24,
                                "Actual Startup Time": 0.003,
                                "Actual Total Time": 0.097,
                                "Actual Rows": 1000,
                                "Actual Loops": 1,
                                "Output": [
                                    "id",
                                    "flg_0",
                                    "flg_1",
                                    "flg_2",
                                    "flg_3",
                                    "flg_4",
                                    "flg_5",
                                    "flg_6",
                                    "flg_7",
                                    "flg_8",
                                    "flg_9",
                                    "flg_10",
                                    "flg_11",
                                    "flg_12",
                                    "flg_13",
                                    "flg_14",
                                    "flg_15"
                                ],
                                "Filter": "(django_enum_tests_benchmark_booltester015.flg_1 OR django_enum_tests_benchmark_booltester015.flg_2 OR django_enum_tests_benchmark_booltester015.flg_3 OR django_enum_tests_benchmark_booltester015.flg_4 OR django_enum_tests_benchmark_booltester015.flg_5 OR django_enum_tests_benchmark_booltester015.flg_6 OR django_enum_tests_benchmark_booltester015.flg_8 OR django_enum_tests_benchmark_booltester015.flg_10 OR django_enum_tests_benchmark_booltester015.flg_12 OR django_enum_tests_benchmark_booltester015.flg_13)",
                                "Rows Removed by Filter": 1,
                                "Shared Hit Blocks": 7,
                                "Shared Read Blocks": 0,
                                "Shared Dirtied Blocks": 0,
                                "Shared Written Blocks": 0,
                                "Local Hit Blocks": 0,
                                "Local Read Blocks": 0,
                                "Local Dirtied Blocks": 0,
                                "Local Written Blocks": 0,
                                "Temp Read Blocks": 0,
                                "Temp Written Blocks": 0,
                                "WAL Records": 0,
                                "WAL FPI": 0,
                                "WAL Bytes": 0
                            },
                            "Settings": {},
                            "Planning": {
                                "Shared Hit Blocks": 0,
                                "Shared Read Blocks": 0,
                                "Shared Dirtied Blocks": 0,
                                "Shared Written Blocks": 0,
                                "Local Hit Blocks": 0,
                                "Local Read Blocks": 0,
                                "Local Dirtied Blocks": 0,
                                "Local Written Blocks": 0,
                                "Temp Read Blocks": 0,
                                "Temp Written Blocks": 0
                            },
                            "Planning Time": 0.043,
                            "Triggers": [],
                            "Execution Time": 0.126
                        },
                        "exact_explanation": {
                            "Plan": {
                                "Node Type": "Seq Scan",
                                "Parallel Aware": false,
                                "Async Capable": false,
                                "Relation Name": "django_enum_tests_benchmark_booltester015",
                                "Schema": "public",
                                "Alias": "django_enum_tests_benchmark_booltester015",
                                "Startup Cost": 0.0,
                                "Total Cost": 17.01,
                                "Plan Rows": 1,
                                "Plan Width": 24,
                                "Actual Startup Time": 0.089,
                                "Actual Total Time": 0.089,
                                "Actual Rows": 0,
                                "Actual Loops": 1,
                                "Output": [
                                    "id",
                                    "flg_0",
                                    "flg_1",
                                    "flg_2",
                                    "flg_3",
                                    "flg_4",
                                    "flg_5",
                                    "flg_6",
                                    "flg_7",
                                    "flg_8",
                                    "flg_9",
                                    "flg_10",
                                    "flg_11",
                                    "flg_12",
                                    "flg_13",
                                    "flg_14",
                                    "flg_15"
                                ],
                                "Filter": "((NOT django_enum_tests_benchmark_booltester015.flg_0) AND django_enum_tests_benchmark_booltester015.flg_1 AND django_enum_tests_benchmark_booltester015.flg_2 AND django_enum_tests_benchmark_booltester015.flg_3 AND django_enum_tests_benchmark_booltester015.flg_4 AND django_enum_tests_benchmark_booltester015.flg_5 AND django_enum_tests_benchmark_booltester015.flg_6 AND (NOT django_enum_tests_benchmark_booltester015.flg_7) AND django_enum_tests_benchmark_booltester015.flg_8 AND (NOT django_enum_tests_benchmark_booltester015.flg_9) AND django_enum_tests_benchmark_booltester015.flg_10 AND (NOT django_enum_tests_benchmark_booltester015.flg_11) AND django_enum_tests_benchmark_booltester015.flg_12 AND django_enum_tests_benchmark_booltester015.flg_13 AND (NOT django_enum_tests_benchmark_booltester015.flg_14) AND (NOT django_enum_tests_benchmark_booltester015.flg_15))",
                                "Rows Removed by Filter": 1001,
                                "Shared Hit Blocks": 7,
                                "Shared Read Blocks": 0,
                                "Shared Dirtied Blocks": 0,
                                "Shared Written Blocks": 0,
                                "Local Hit Blocks": 0,
                                "Local Read Blocks": 0,
                                "Local Dirtied Blocks": 0,
                                "Local Written Blocks": 0,
                                "Temp Read Blocks": 0,
                                "Temp Written Blocks": 0,
                                "WAL Records": 0,
                                "WAL FPI": 0,
                                "WAL Bytes": 0
                            },
                            "Settings": {},
                            "Planning": {
                                "Shared Hit Blocks": 0,
                                "Shared Read Blocks": 0,
                                "Shared Dirtied Blocks": 0,
                                "Shared Written Blocks": 0,
                                "Local Hit Blocks": 0,
                                "Local Read Blocks": 0,
                                "Local Dirtied Blocks": 0,
                                "Local Written Blocks": 0,
                                "Temp Read Blocks": 0,
                                "Temp Written Blocks": 0
                            },
                            "Planning Time": 0.076,
                            "Triggers": [],
                            "Execution Time": 0.094
                        },
                        "all_ftr_time": 7.449999999999998e-05,
                        "any_ftr_time": 0.0001112,
                        "exact_ftr_time": 8.419999999999999e-05
                    },
                    "10000": {
                        "all_time": 0.0019045668072067202,
                        "any_time": 0.005042154295369983,
                        "exact_time": 0.002952854207251221,
                        "table_size": 2211840.0,
                        "index_time": 0.0760116670280695,
                        "all_explanation": {
                            "Plan": {
                                "Node Type": "Bitmap Heap Scan",
                                "Parallel Aware": false,
                                "Async Capable": false,
                                "Relation Name": "django_enum_tests_benchmark_booltester015",
                                "Schema": "public",
                                "Alias": "django_enum_tests_benchmark_booltester015",
                                "Startup Cost": 52.22,
                                "Total Cost": 158.8,
                                "Plan Rows": 17,
                                "Plan Width": 24,
                                "Actual Startup Time": 0.142,
                                "Actual Total Time": 0.619,
                                "Actual Rows": 21,
                                "Actual Loops": 1,
                                "Output": [
                                    "id",
                                    "flg_0",
                                    "flg_1",
                                    "flg_2",
                                    "flg_3",
                                    "flg_4",
                                    "flg_5",
                                    "flg_6",
                                    "flg_7",
                                    "flg_8",
                                    "flg_9",
                                    "flg_10",
                                    "flg_11",
                                    "flg_12",
                                    "flg_13",
                                    "flg_14",
                                    "flg_15"
                                ],
                                "Filter": "(django_enum_tests_benchmark_booltester015.flg_0 AND django_enum_tests_benchmark_booltester015.flg_1 AND django_enum_tests_benchmark_booltester015.flg_6 AND django_enum_tests_benchmark_booltester015.flg_8 AND django_enum_tests_benchmark_booltester015.flg_9 AND django_enum_tests_benchmark_booltester015.flg_10 AND django_enum_tests_benchmark_booltester015.flg_13 AND django_enum_tests_benchmark_booltester015.flg_14 AND django_enum_tests_benchmark_booltester015.flg_15)",
                                "Rows Removed by Filter": 4980,
                                "Exact Heap Blocks": 64,
                                "Lossy Heap Blocks": 0,
                                "Shared Hit Blocks": 70,
                                "Shared Read Blocks": 0,
                                "Shared Dirtied Blocks": 0,
                                "Shared Written Blocks": 0,
                                "Local Hit Blocks": 0,
                                "Local Read Blocks": 0,
                                "Local Dirtied Blocks": 0,
                                "Local Written Blocks": 0,
                                "Temp Read Blocks": 0,
                                "Temp Written Blocks": 0,
                                "WAL Records": 0,
                                "WAL FPI": 0,
                                "WAL Bytes": 0,
                                "Plans": [
                                    {
                                        "Node Type": "Bitmap Index Scan",
                                        "Parent Relationship": "Outer",
                                        "Parallel Aware": false,
                                        "Async Capable": false,
                                        "Index Name": "bool_9",
                                        "Startup Cost": 0.0,
                                        "Total Cost": 52.22,
                                        "Plan Rows": 4258,
                                        "Plan Width": 0,
                                        "Actual Startup Time": 0.069,
                                        "Actual Total Time": 0.069,
                                        "Actual Rows": 5001,
                                        "Actual Loops": 1,
                                        "Index Cond": "(django_enum_tests_benchmark_booltester015.flg_9 = true)",
                                        "Shared Hit Blocks": 6,
                                        "Shared Read Blocks": 0,
                                        "Shared Dirtied Blocks": 0,
                                        "Shared Written Blocks": 0,
                                        "Local Hit Blocks": 0,
                                        "Local Read Blocks": 0,
                                        "Local Dirtied Blocks": 0,
                                        "Local Written Blocks": 0,
                                        "Temp Read Blocks": 0,
                                        "Temp Written Blocks": 0,
                                        "WAL Records": 0,
                                        "WAL FPI": 0,
                                        "WAL Bytes": 0
                                    }
                                ]
                            },
                            "Settings": {},
                            "Planning": {
                                "Shared Hit Blocks": 0,
                                "Shared Read Blocks": 0,
                                "Shared Dirtied Blocks": 0,
                                "Shared Written Blocks": 0,
                                "Local Hit Blocks": 0,
                                "Local Read Blocks": 0,
                                "Local Dirtied Blocks": 0,
                                "Local Written Blocks": 0,
                                "Temp Read Blocks": 0,
                                "Temp Written Blocks": 0
                            },
                            "Planning Time": 0.055,
                            "Triggers": [],
                            "Execution Time": 0.624
                        },
                        "any_explanation": {
                            "Plan": {
                                "Node Type": "Seq Scan",
                                "Parallel Aware": false,
                                "Async Capable": false,
                                "Relation Name": "django_enum_tests_benchmark_booltester015",
                                "Schema": "public",
                                "Alias": "django_enum_tests_benchmark_booltester015",
                                "Startup Cost": 0.0,
                                "Total Cost": 164.01,
                                "Plan Rows": 9979,
                                "Plan Width": 24,
                                "Actual Startup Time": 0.003,
                                "Actual Total Time": 1.103,
                                "Actual Rows": 9982,
                                "Actual Loops": 1,
                                "Output": [
                                    "id",
                                    "flg_0",
                                    "flg_1",
                                    "flg_2",
                                    "flg_3",
                                    "flg_4",
                                    "flg_5",
                                    "flg_6",
                                    "flg_7",
                                    "flg_8",
                                    "flg_9",
                                    "flg_10",
                                    "flg_11",
                                    "flg_12",
                                    "flg_13",
                                    "flg_14",
                                    "flg_15"
                                ],
                                "Filter": "(django_enum_tests_benchmark_booltester015.flg_0 OR django_enum_tests_benchmark_booltester015.flg_1 OR django_enum_tests_benchmark_booltester015.flg_6 OR django_enum_tests_benchmark_booltester015.flg_8 OR django_enum_tests_benchmark_booltester015.flg_9 OR django_enum_tests_benchmark_booltester015.flg_10 OR django_enum_tests_benchmark_booltester015.flg_13 OR django_enum_tests_benchmark_booltester015.flg_14 OR django_enum_tests_benchmark_booltester015.flg_15)",
                                "Rows Removed by Filter": 19,
                                "Shared Hit Blocks": 64,
                                "Shared Read Blocks": 0,
                                "Shared Dirtied Blocks": 0,
                                "Shared Written Blocks": 0,
                                "Local Hit Blocks": 0,
                                "Local Read Blocks": 0,
                                "Local Dirtied Blocks": 0,
                                "Local Written Blocks": 0,
                                "Temp Read Blocks": 0,
                                "Temp Written Blocks": 0,
                                "WAL Records": 0,
                                "WAL FPI": 0,
                                "WAL Bytes": 0
                            },
                            "Settings": {},
                            "Planning": {
                                "Shared Hit Blocks": 0,
                                "Shared Read Blocks": 0,
                                "Shared Dirtied Blocks": 0,
                                "Shared Written Blocks": 0,
                                "Local Hit Blocks": 0,
                                "Local Read Blocks": 0,
                                "Local Dirtied Blocks": 0,
                                "Local Written Blocks": 0,
                                "Temp Read Blocks": 0,
                                "Temp Written Blocks": 0
                            },
                            "Planning Time": 0.045,
                            "Triggers": [],
                            "Execution Time": 1.395
                        },
                        "exact_explanation": {
                            "Plan": {
                                "Node Type": "Bitmap Heap Scan",
                                "Parallel Aware": false,
                                "Async Capable": false,
                                "Relation Name": "django_enum_tests_benchmark_booltester015",
                                "Schema": "public",
                                "Alias": "django_enum_tests_benchmark_booltester015",
                                "Startup Cost": 49.25,
                                "Total Cost": 151.87,
                                "Plan Rows": 1,
                                "Plan Width": 24,
                                "Actual Startup Time": 0.656,
                                "Actual Total Time": 0.702,
                                "Actual Rows": 1,
                                "Actual Loops": 1,
                                "Output": [
                                    "id",
                                    "flg_0",
                                    "flg_1",
                                    "flg_2",
                                    "flg_3",
                                    "flg_4",
                                    "flg_5",
                                    "flg_6",
                                    "flg_7",
                                    "flg_8",
                                    "flg_9",
                                    "flg_10",
                                    "flg_11",
                                    "flg_12",
                                    "flg_13",
                                    "flg_14",
                                    "flg_15"
                                ],
                                "Filter": "(django_enum_tests_benchmark_booltester015.flg_0 AND django_enum_tests_benchmark_booltester015.flg_1 AND (NOT django_enum_tests_benchmark_booltester015.flg_2) AND (NOT django_enum_tests_benchmark_booltester015.flg_3) AND (NOT django_enum_tests_benchmark_booltester015.flg_4) AND (NOT django_enum_tests_benchmark_booltester015.flg_5) AND django_enum_tests_benchmark_booltester015.flg_6 AND (NOT django_enum_tests_benchmark_booltester015.flg_7) AND django_enum_tests_benchmark_booltester015.flg_8 AND django_enum_tests_benchmark_booltester015.flg_9 AND django_enum_tests_benchmark_booltester015.flg_10 AND (NOT django_enum_tests_benchmark_booltester015.flg_11) AND (NOT django_enum_tests_benchmark_booltester015.flg_12) AND django_enum_tests_benchmark_booltester015.flg_13 AND django_enum_tests_benchmark_booltester015.flg_14 AND django_enum_tests_benchmark_booltester015.flg_15)",
                                "Rows Removed by Filter": 5056,
                                "Exact Heap Blocks": 64,
                                "Lossy Heap Blocks": 0,
                                "Shared Hit Blocks": 70,
                                "Shared Read Blocks": 0,
                                "Shared Dirtied Blocks": 0,
                                "Shared Written Blocks": 0,
                                "Local Hit Blocks": 0,
                                "Local Read Blocks": 0,
                                "Local Dirtied Blocks": 0,
                                "Local Written Blocks": 0,
                                "Temp Read Blocks": 0,
                                "Temp Written Blocks": 0,
                                "WAL Records": 0,
                                "WAL FPI": 0,
                                "WAL Bytes": 0,
                                "Plans": [
                                    {
                                        "Node Type": "Bitmap Index Scan",
                                        "Parent Relationship": "Outer",
                                        "Parallel Aware": false,
                                        "Async Capable": false,
                                        "Index Name": "bool_2",
                                        "Startup Cost": 0.0,
                                        "Total Cost": 49.25,
                                        "Plan Rows": 3862,
                                        "Plan Width": 0,
                                        "Actual Startup Time": 0.077,
                                        "Actual Total Time": 0.077,
                                        "Actual Rows": 5057,
                                        "Actual Loops": 1,
                                        "Index Cond": "(django_enum_tests_benchmark_booltester015.flg_2 = false)",
                                        "Shared Hit Blocks": 6,
                                        "Shared Read Blocks": 0,
                                        "Shared Dirtied Blocks": 0,
                                        "Shared Written Blocks": 0,
                                        "Local Hit Blocks": 0,
                                        "Local Read Blocks": 0,
                                        "Local Dirtied Blocks": 0,
                                        "Local Written Blocks": 0,
                                        "Temp Read Blocks": 0,
                                        "Temp Written Blocks": 0,
                                        "WAL Records": 0,
                                        "WAL FPI": 0,
                                        "WAL Bytes": 0
                                    }
                                ]
                            },
                            "Settings": {},
                            "Planning": {
                                "Shared Hit Blocks": 0,
                                "Shared Read Blocks": 0,
                                "Shared Dirtied Blocks": 0,
                                "Shared Written Blocks": 0,
                                "Local Hit Blocks": 0,
                                "Local Read Blocks": 0,
                                "Local Dirtied Blocks": 0,
                                "Local Written Blocks": 0,
                                "Temp Read Blocks": 0,
                                "Temp Written Blocks": 0
                            },
                            "Planning Time": 0.092,
                            "Triggers": [],
                            "Execution Time": 0.71
                        },
                        "all_ftr_time": 0.0005822999999999999,
                        "any_ftr_time": 0.0011652,
                        "exact_ftr_time": 0.0006269000000000001
                    },
                    "100000": {
                        "all_time": 0.006413187400903552,
                        "any_time": 0.021665562596172094,
                        "exact_time": 0.00782566259149462,
                        "table_size": 18874368.0,
                        "index_time": 0.44889545894693583,
                        "all_explanation": {
                            "Plan": {
                                "Node Type": "Bitmap Heap Scan",
                                "Parallel Aware": false,
                                "Async Capable": false,
                                "Relation Name": "django_enum_tests_benchmark_booltester015",
                                "Schema": "public",
                                "Alias": "django_enum_tests_benchmark_booltester015",
                                "Startup Cost": 425.92,
                                "Total Cost": 1449.06,
                                "Plan Rows": 92,
                                "Plan Width": 24,
                                "Actual Startup Time": 0.575,
                                "Actual Total Time": 4.251,
                                "Actual Rows": 111,
                                "Actual Loops": 1,
                                "Output": [
                                    "id",
                                    "flg_0",
                                    "flg_1",
                                    "flg_2",
                                    "flg_3",
                                    "flg_4",
                                    "flg_5",
                                    "flg_6",
                                    "flg_7",
                                    "flg_8",
                                    "flg_9",
                                    "flg_10",
                                    "flg_11",
                                    "flg_12",
                                    "flg_13",
                                    "flg_14",
                                    "flg_15"
                                ],
                                "Filter": "(django_enum_tests_benchmark_booltester015.flg_1 AND django_enum_tests_benchmark_booltester015.flg_2 AND django_enum_tests_benchmark_booltester015.flg_3 AND django_enum_tests_benchmark_booltester015.flg_4 AND django_enum_tests_benchmark_booltester015.flg_6 AND django_enum_tests_benchmark_booltester015.flg_9 AND django_enum_tests_benchmark_booltester015.flg_10 AND django_enum_tests_benchmark_booltester015.flg_11 AND django_enum_tests_benchmark_booltester015.flg_12 AND django_enum_tests_benchmark_booltester015.flg_13)",
                                "Rows Removed by Filter": 50005,
                                "Exact Heap Blocks": 637,
                                "Lossy Heap Blocks": 0,
                                "Shared Hit Blocks": 681,
                                "Shared Read Blocks": 0,
                                "Shared Dirtied Blocks": 0,
                                "Shared Written Blocks": 0,
                                "Local Hit Blocks": 0,
                                "Local Read Blocks": 0,
                                "Local Dirtied Blocks": 0,
                                "Local Written Blocks": 0,
                                "Temp Read Blocks": 0,
                                "Temp Written Blocks": 0,
                                "WAL Records": 0,
                                "WAL FPI": 0,
                                "WAL Bytes": 0,
                                "Plans": [
                                    {
                                        "Node Type": "Bitmap Index Scan",
                                        "Parent Relationship": "Outer",
                                        "Parallel Aware": false,
                                        "Async Capable": false,
                                        "Index Name": "bool_3",
                                        "Startup Cost": 0.0,
                                        "Total Cost": 425.9,
                                        "Plan Rows": 38614,
                                        "Plan Width": 0,
                                        "Actual Startup Time": 0.533,
                                        "Actual Total Time": 0.533,
                                        "Actual Rows": 50116,
                                        "Actual Loops": 1,
                                        "Index Cond": "(django_enum_tests_benchmark_booltester015.flg_3 = true)",
                                        "Shared Hit Blocks": 44,
                                        "Shared Read Blocks": 0,
                                        "Shared Dirtied Blocks": 0,
                                        "Shared Written Blocks": 0,
                                        "Local Hit Blocks": 0,
                                        "Local Read Blocks": 0,
                                        "Local Dirtied Blocks": 0,
                                        "Local Written Blocks": 0,
                                        "Temp Read Blocks": 0,
                                        "Temp Written Blocks": 0,
                                        "WAL Records": 0,
                                        "WAL FPI": 0,
                                        "WAL Bytes": 0
                                    }
                                ]
                            },
                            "Settings": {},
                            "Planning": {
                                "Shared Hit Blocks": 0,
                                "Shared Read Blocks": 0,
                                "Shared Dirtied Blocks": 0,
                                "Shared Written Blocks": 0,
                                "Local Hit Blocks": 0,
                                "Local Read Blocks": 0,
                                "Local Dirtied Blocks": 0,
                                "Local Written Blocks": 0,
                                "Temp Read Blocks": 0,
                                "Temp Written Blocks": 0
                            },
                            "Planning Time": 0.051,
                            "Triggers": [],
                            "Execution Time": 4.259
                        },
                        "any_explanation": {
                            "Plan": {
                                "Node Type": "Seq Scan",
                                "Parallel Aware": false,
                                "Async Capable": false,
                                "Relation Name": "django_enum_tests_benchmark_booltester015",
                                "Schema": "public",
                                "Alias": "django_enum_tests_benchmark_booltester015",
                                "Startup Cost": 0.0,
                                "Total Cost": 1637.01,
                                "Plan Rows": 99916,
                                "Plan Width": 24,
                                "Actual Startup Time": 0.003,
                                "Actual Total Time": 7.245,
                                "Actual Rows": 99909,
                                "Actual Loops": 1,
                                "Output": [
                                    "id",
                                    "flg_0",
                                    "flg_1",
                                    "flg_2",
                                    "flg_3",
                                    "flg_4",
                                    "flg_5",
                                    "flg_6",
                                    "flg_7",
                                    "flg_8",
                                    "flg_9",
                                    "flg_10",
                                    "flg_11",
                                    "flg_12",
                                    "flg_13",
                                    "flg_14",
                                    "flg_15"
                                ],
                                "Filter": "(django_enum_tests_benchmark_booltester015.flg_1 OR django_enum_tests_benchmark_booltester015.flg_2 OR django_enum_tests_benchmark_booltester015.flg_3 OR django_enum_tests_benchmark_booltester015.flg_4 OR django_enum_tests_benchmark_booltester015.flg_6 OR django_enum_tests_benchmark_booltester015.flg_9 OR django_enum_tests_benchmark_booltester015.flg_10 OR django_enum_tests_benchmark_booltester015.flg_11 OR django_enum_tests_benchmark_booltester015.flg_12 OR django_enum_tests_benchmark_booltester015.flg_13)",
                                "Rows Removed by Filter": 92,
                                "Shared Hit Blocks": 637,
                                "Shared Read Blocks": 0,
                                "Shared Dirtied Blocks": 0,
                                "Shared Written Blocks": 0,
                                "Local Hit Blocks": 0,
                                "Local Read Blocks": 0,
                                "Local Dirtied Blocks": 0,
                                "Local Written Blocks": 0,
                                "Temp Read Blocks": 0,
                                "Temp Written Blocks": 0,
                                "WAL Records": 0,
                                "WAL FPI": 0,
                                "WAL Bytes": 0
                            },
                            "Settings": {},
                            "Planning": {
                                "Shared Hit Blocks": 0,
                                "Shared Read Blocks": 0,
                                "Shared Dirtied Blocks": 0,
                                "Shared Written Blocks": 0,
                                "Local Hit Blocks": 0,
                                "Local Read Blocks": 0,
                                "Local Dirtied Blocks": 0,
                                "Local Written Blocks": 0,
                                "Temp Read Blocks": 0,
                                "Temp Written Blocks": 0
                            },
                            "Planning Time": 0.046,
                            "Triggers": [],
                            "Execution Time": 9.285
                        },
                        "exact_explanation": {
                            "Plan": {
                                "Node Type": "Bitmap Heap Scan",
                                "Parallel Aware": false,
                                "Async Capable": false,
                                "Relation Name": "django_enum_tests_benchmark_booltester015",
                                "Schema": "public",
                                "Alias": "django_enum_tests_benchmark_booltester015",
                                "Startup Cost": 425.9,
                                "Total Cost": 1449.04,
                                "Plan Rows": 1,
                                "Plan Width": 24,
                                "Actual Startup Time": 2.53,
                                "Actual Total Time": 4.439,
                                "Actual Rows": 2,
                                "Actual Loops": 1,
                                "Output": [
                                    "id",
                                    "flg_0",
                                    "flg_1",
                                    "flg_2",
                                    "flg_3",
                                    "flg_4",
                                    "flg_5",
                                    "flg_6",
                                    "flg_7",
                                    "flg_8",
                                    "flg_9",
                                    "flg_10",
                                    "flg_11",
                                    "flg_12",
                                    "flg_13",
                                    "flg_14",
                                    "flg_15"
                                ],
                                "Filter": "((NOT django_enum_tests_benchmark_booltester015.flg_0) AND django_enum_tests_benchmark_booltester015.flg_1 AND django_enum_tests_benchmark_booltester015.flg_2 AND django_enum_tests_benchmark_booltester015.flg_3 AND django_enum_tests_benchmark_booltester015.flg_4 AND (NOT django_enum_tests_benchmark_booltester015.flg_5) AND django_enum_tests_benchmark_booltester015.flg_6 AND (NOT django_enum_tests_benchmark_booltester015.flg_7) AND (NOT django_enum_tests_benchmark_booltester015.flg_8) AND django_enum_tests_benchmark_booltester015.flg_9 AND django_enum_tests_benchmark_booltester015.flg_10 AND django_enum_tests_benchmark_booltester015.flg_11 AND django_enum_tests_benchmark_booltester015.flg_12 AND django_enum_tests_benchmark_booltester015.flg_13 AND (NOT django_enum_tests_benchmark_booltester015.flg_14) AND (NOT django_enum_tests_benchmark_booltester015.flg_15))",
                                "Rows Removed by Filter": 50114,
                                "Exact Heap Blocks": 637,
                                "Lossy Heap Blocks": 0,
                                "Shared Hit Blocks": 681,
                                "Shared Read Blocks": 0,
                                "Shared Dirtied Blocks": 0,
                                "Shared Written Blocks": 0,
                                "Local Hit Blocks": 0,
                                "Local Read Blocks": 0,
                                "Local Dirtied Blocks": 0,
                                "Local Written Blocks": 0,
                                "Temp Read Blocks": 0,
                                "Temp Written Blocks": 0,
                                "WAL Records": 0,
                                "WAL FPI": 0,
                                "WAL Bytes": 0,
                                "Plans": [
                                    {
                                        "Node Type": "Bitmap Index Scan",
                                        "Parent Relationship": "Outer",
                                        "Parallel Aware": false,
                                        "Async Capable": false,
                                        "Index Name": "bool_3",
                                        "Startup Cost": 0.0,
                                        "Total Cost": 425.9,
                                        "Plan Rows": 38614,
                                        "Plan Width": 0,
                                        "Actual Startup Time": 0.55,
                                        "Actual Total Time": 0.55,
                                        "Actual Rows": 50116,
                                        "Actual Loops": 1,
                                        "Index Cond": "(django_enum_tests_benchmark_booltester015.flg_3 = true)",
                                        "Shared Hit Blocks": 44,
                                        "Shared Read Blocks": 0,
                                        "Shared Dirtied Blocks": 0,
                                        "Shared Written Blocks": 0,
                                        "Local Hit Blocks": 0,
                                        "Local Read Blocks": 0,
                                        "Local Dirtied Blocks": 0,
                                        "Local Written Blocks": 0,
                                        "Temp Read Blocks": 0,
                                        "Temp Written Blocks": 0,
                                        "WAL Records": 0,
                                        "WAL FPI": 0,
                                        "WAL Bytes": 0
                                    }
                                ]
                            },
                            "Settings": {},
                            "Planning": {
                                "Shared Hit Blocks": 0,
                                "Shared Read Blocks": 0,
                                "Shared Dirtied Blocks": 0,
                                "Shared Written Blocks": 0,
                                "Local Hit Blocks": 0,
                                "Local Read Blocks": 0,
                                "Local Dirtied Blocks": 0,
                                "Local Written Blocks": 0,
                                "Temp Read Blocks": 0,
                                "Temp Written Blocks": 0
                            },
                            "Planning Time": 0.068,
                            "Triggers": [],
                            "Execution Time": 4.445
                        },
                        "all_ftr_time": 0.0044958,
                        "any_ftr_time": 0.0096303,
                        "exact_ftr_time": 0.004641299999999999
                    },
                    "1000000": {
                        "all_time": 0.03008770840242505,
                        "any_time": 0.13370282911928372,
                        "exact_time": 0.03236183328554034,
                        "table_size": 185597952.0,
                        "index_time": 3.5405965000391006,
                        "all_explanation": {
                            "Plan": {
                                "Node Type": "Gather",
                                "Parallel Aware": false,
                                "Async Capable": false,
                                "Startup Cost": 1000.0,
                                "Total Cost": 11571.87,
                                "Plan Rows": 352,
                                "Plan Width": 24,
                                "Actual Startup Time": 0.213,
                                "Actual Total Time": 25.91,
                                "Actual Rows": 465,
                                "Actual Loops": 1,
                                "Output": [
                                    "id",
                                    "flg_0",
                                    "flg_1",
                                    "flg_2",
                                    "flg_3",
                                    "flg_4",
                                    "flg_5",
                                    "flg_6",
                                    "flg_7",
                                    "flg_8",
                                    "flg_9",
                                    "flg_10",
                                    "flg_11",
                                    "flg_12",
                                    "flg_13",
                                    "flg_14",
                                    "flg_15"
                                ],
                                "Workers Planned": 2,
                                "Workers Launched": 2,
                                "Single Copy": false,
                                "Shared Hit Blocks": 6370,
                                "Shared Read Blocks": 0,
                                "Shared Dirtied Blocks": 0,
                                "Shared Written Blocks": 0,
                                "Local Hit Blocks": 0,
                                "Local Read Blocks": 0,
                                "Local Dirtied Blocks": 0,
                                "Local Written Blocks": 0,
                                "Temp Read Blocks": 0,
                                "Temp Written Blocks": 0,
                                "WAL Records": 0,
                                "WAL FPI": 0,
                                "WAL Bytes": 0,
                                "Plans": [
                                    {
                                        "Node Type": "Seq Scan",
                                        "Parent Relationship": "Outer",
                                        "Parallel Aware": true,
                                        "Async Capable": false,
                                        "Relation Name": "django_enum_tests_benchmark_booltester015",
                                        "Schema": "public",
                                        "Alias": "django_enum_tests_benchmark_booltester015",
                                        "Startup Cost": 0.0,
                                        "Total Cost": 10536.67,
                                        "Plan Rows": 147,
                                        "Plan Width": 24,
                                        "Actual Startup Time": 0.222,
                                        "Actual Total Time": 23.724,
                                        "Actual Rows": 155,
                                        "Actual Loops": 3,
                                        "Output": [
                                            "id",
                                            "flg_0",
                                            "flg_1",
                                            "flg_2",
                                            "flg_3",
                                            "flg_4",
                                            "flg_5",
                                            "flg_6",
                                            "flg_7",
                                            "flg_8",
                                            "flg_9",
                                            "flg_10",
                                            "flg_11",
                                            "flg_12",
                                            "flg_13",
                                            "flg_14",
                                            "flg_15"
                                        ],
                                        "Filter": "(django_enum_tests_benchmark_booltester015.flg_0 AND django_enum_tests_benchmark_booltester015.flg_1 AND django_enum_tests_benchmark_booltester015.flg_2 AND django_enum_tests_benchmark_booltester015.flg_3 AND django_enum_tests_benchmark_booltester015.flg_4 AND django_enum_tests_benchmark_booltester015.flg_5 AND django_enum_tests_benchmark_booltester015.flg_8 AND django_enum_tests_benchmark_booltester015.flg_9 AND django_enum_tests_benchmark_booltester015.flg_11 AND django_enum_tests_benchmark_booltester015.flg_12 AND django_enum_tests_benchmark_booltester015.flg_13)",
                                        "Rows Removed by Filter": 333179,
                                        "Shared Hit Blocks": 6370,
                                        "Shared Read Blocks": 0,
                                        "Shared Dirtied Blocks": 0,
                                        "Shared Written Blocks": 0,
                                        "Local Hit Blocks": 0,
                                        "Local Read Blocks": 0,
                                        "Local Dirtied Blocks": 0,
                                        "Local Written Blocks": 0,
                                        "Temp Read Blocks": 0,
                                        "Temp Written Blocks": 0,
                                        "WAL Records": 0,
                                        "WAL FPI": 0,
                                        "WAL Bytes": 0,
                                        "Workers": [
                                            {
                                                "Worker Number": 0,
                                                "Actual Startup Time": 0.031,
                                                "Actual Total Time": 23.136,
                                                "Actual Rows": 137,
                                                "Actual Loops": 1,
                                                "Shared Hit Blocks": 2025,
                                                "Shared Read Blocks": 0,
                                                "Shared Dirtied Blocks": 0,
                                                "Shared Written Blocks": 0,
                                                "Local Hit Blocks": 0,
                                                "Local Read Blocks": 0,
                                                "Local Dirtied Blocks": 0,
                                                "Local Written Blocks": 0,
                                                "Temp Read Blocks": 0,
                                                "Temp Written Blocks": 0,
                                                "WAL Records": 0,
                                                "WAL FPI": 0,
                                                "WAL Bytes": 0
                                            },
                                            {
                                                "Worker Number": 1,
                                                "Actual Startup Time": 0.488,
                                                "Actual Total Time": 23.166,
                                                "Actual Rows": 154,
                                                "Actual Loops": 1,
                                                "Shared Hit Blocks": 2013,
                                                "Shared Read Blocks": 0,
                                                "Shared Dirtied Blocks": 0,
                                                "Shared Written Blocks": 0,
                                                "Local Hit Blocks": 0,
                                                "Local Read Blocks": 0,
                                                "Local Dirtied Blocks": 0,
                                                "Local Written Blocks": 0,
                                                "Temp Read Blocks": 0,
                                                "Temp Written Blocks": 0,
                                                "WAL Records": 0,
                                                "WAL FPI": 0,
                                                "WAL Bytes": 0
                                            }
                                        ]
                                    }
                                ]
                            },
                            "Settings": {},
                            "Planning": {
                                "Shared Hit Blocks": 0,
                                "Shared Read Blocks": 0,
                                "Shared Dirtied Blocks": 0,
                                "Shared Written Blocks": 0,
                                "Local Hit Blocks": 0,
                                "Local Read Blocks": 0,
                                "Local Dirtied Blocks": 0,
                                "Local Written Blocks": 0,
                                "Temp Read Blocks": 0,
                                "Temp Written Blocks": 0
                            },
                            "Planning Time": 0.1,
                            "Triggers": [],
                            "Execution Time": 25.929
                        },
                        "any_explanation": {
                            "Plan": {
                                "Node Type": "Seq Scan",
                                "Parallel Aware": false,
                                "Async Capable": false,
                                "Relation Name": "django_enum_tests_benchmark_booltester015",
                                "Schema": "public",
                                "Alias": "django_enum_tests_benchmark_booltester015",
                                "Startup Cost": 0.0,
                                "Total Cost": 16370.01,
                                "Plan Rows": 999469,
                                "Plan Width": 24,
                                "Actual Startup Time": 0.004,
                                "Actual Total Time": 73.555,
                                "Actual Rows": 999514,
                                "Actual Loops": 1,
                                "Output": [
                                    "id",
                                    "flg_0",
                                    "flg_1",
                                    "flg_2",
                                    "flg_3",
                                    "flg_4",
                                    "flg_5",
                                    "flg_6",
                                    "flg_7",
                                    "flg_8",
                                    "flg_9",
                                    "flg_10",
                                    "flg_11",
                                    "flg_12",
                                    "flg_13",
                                    "flg_14",
                                    "flg_15"
                                ],
                                "Filter": "(django_enum_tests_benchmark_booltester015.flg_0 OR django_enum_tests_benchmark_booltester015.flg_1 OR django_enum_tests_benchmark_booltester015.flg_2 OR django_enum_tests_benchmark_booltester015.flg_3 OR django_enum_tests_benchmark_booltester015.flg_4 OR django_enum_tests_benchmark_booltester015.flg_5 OR django_enum_tests_benchmark_booltester015.flg_8 OR django_enum_tests_benchmark_booltester015.flg_9 OR django_enum_tests_benchmark_booltester015.flg_11 OR django_enum_tests_benchmark_booltester015.flg_12 OR django_enum_tests_benchmark_booltester015.flg_13)",
                                "Rows Removed by Filter": 487,
                                "Shared Hit Blocks": 6370,
                                "Shared Read Blocks": 0,
                                "Shared Dirtied Blocks": 0,
                                "Shared Written Blocks": 0,
                                "Local Hit Blocks": 0,
                                "Local Read Blocks": 0,
                                "Local Dirtied Blocks": 0,
                                "Local Written Blocks": 0,
                                "Temp Read Blocks": 0,
                                "Temp Written Blocks": 0,
                                "WAL Records": 0,
                                "WAL FPI": 0,
                                "WAL Bytes": 0
                            },
                            "Settings": {},
                            "Planning": {
                                "Shared Hit Blocks": 0,
                                "Shared Read Blocks": 0,
                                "Shared Dirtied Blocks": 0,
                                "Shared Written Blocks": 0,
                                "Local Hit Blocks": 0,
                                "Local Read Blocks": 0,
                                "Local Dirtied Blocks": 0,
                                "Local Written Blocks": 0,
                                "Temp Read Blocks": 0,
                                "Temp Written Blocks": 0
                            },
                            "Planning Time": 0.089,
                            "Triggers": [],
                            "Execution Time": 93.549
                        },
                        "exact_explanation": {
                            "Plan": {
                                "Node Type": "Gather",
                                "Parallel Aware": false,
                                "Async Capable": false,
                                "Startup Cost": 1000.0,
                                "Total Cost": 11537.57,
                                "Plan Rows": 9,
                                "Plan Width": 24,
                                "Actual Startup Time": 6.305,
                                "Actual Total Time": 26.736,
                                "Actual Rows": 19,
                                "Actual Loops": 1,
                                "Output": [
                                    "id",
                                    "flg_0",
                                    "flg_1",
                                    "flg_2",
                                    "flg_3",
                                    "flg_4",
                                    "flg_5",
                                    "flg_6",
                                    "flg_7",
                                    "flg_8",
                                    "flg_9",
                                    "flg_10",
                                    "flg_11",
                                    "flg_12",
                                    "flg_13",
                                    "flg_14",
                                    "flg_15"
                                ],
                                "Workers Planned": 2,
                                "Workers Launched": 2,
                                "Single Copy": false,
                                "Shared Hit Blocks": 6370,
                                "Shared Read Blocks": 0,
                                "Shared Dirtied Blocks": 0,
                                "Shared Written Blocks": 0,
                                "Local Hit Blocks": 0,
                                "Local Read Blocks": 0,
                                "Local Dirtied Blocks": 0,
                                "Local Written Blocks": 0,
                                "Temp Read Blocks": 0,
                                "Temp Written Blocks": 0,
                                "WAL Records": 0,
                                "WAL FPI": 0,
                                "WAL Bytes": 0,
                                "Plans": [
                                    {
                                        "Node Type": "Seq Scan",
                                        "Parent Relationship": "Outer",
                                        "Parallel Aware": true,
                                        "Async Capable": false,
                                        "Relation Name": "django_enum_tests_benchmark_booltester015",
                                        "Schema": "public",
                                        "Alias": "django_enum_tests_benchmark_booltester015",
                                        "Startup Cost": 0.0,
                                        "Total Cost": 10536.67,
                                        "Plan Rows": 4,
                                        "Plan Width": 24,
                                        "Actual Startup Time": 6.391,
                                        "Actual Total Time": 24.62,
                                        "Actual Rows": 6,
                                        "Actual Loops": 3,
                                        "Output": [
                                            "id",
                                            "flg_0",
                                            "flg_1",
                                            "flg_2",
                                            "flg_3",
                                            "flg_4",
                                            "flg_5",
                                            "flg_6",
                                            "flg_7",
                                            "flg_8",
                                            "flg_9",
                                            "flg_10",
                                            "flg_11",
                                            "flg_12",
                                            "flg_13",
                                            "flg_14",
                                            "flg_15"
                                        ],
                                        "Filter": "(django_enum_tests_benchmark_booltester015.flg_0 AND django_enum_tests_benchmark_booltester015.flg_1 AND django_enum_tests_benchmark_booltester015.flg_2 AND django_enum_tests_benchmark_booltester015.flg_3 AND django_enum_tests_benchmark_booltester015.flg_4 AND django_enum_tests_benchmark_booltester015.flg_5 AND (NOT django_enum_tests_benchmark_booltester015.flg_6) AND (NOT django_enum_tests_benchmark_booltester015.flg_7) AND django_enum_tests_benchmark_booltester015.flg_8 AND django_enum_tests_benchmark_booltester015.flg_9 AND (NOT django_enum_tests_benchmark_booltester015.flg_10) AND django_enum_tests_benchmark_booltester015.flg_11 AND django_enum_tests_benchmark_booltester015.flg_12 AND django_enum_tests_benchmark_booltester015.flg_13 AND (NOT django_enum_tests_benchmark_booltester015.flg_14) AND (NOT django_enum_tests_benchmark_booltester015.flg_15))",
                                        "Rows Removed by Filter": 333327,
                                        "Shared Hit Blocks": 6370,
                                        "Shared Read Blocks": 0,
                                        "Shared Dirtied Blocks": 0,
                                        "Shared Written Blocks": 0,
                                        "Local Hit Blocks": 0,
                                        "Local Read Blocks": 0,
                                        "Local Dirtied Blocks": 0,
                                        "Local Written Blocks": 0,
                                        "Temp Read Blocks": 0,
                                        "Temp Written Blocks": 0,
                                        "WAL Records": 0,
                                        "WAL FPI": 0,
                                        "WAL Bytes": 0,
                                        "Workers": [
                                            {
                                                "Worker Number": 0,
                                                "Actual Startup Time": 4.358,
                                                "Actual Total Time": 24.061,
                                                "Actual Rows": 4,
                                                "Actual Loops": 1,
                                                "Shared Hit Blocks": 2011,
                                                "Shared Read Blocks": 0,
                                                "Shared Dirtied Blocks": 0,
                                                "Shared Written Blocks": 0,
                                                "Local Hit Blocks": 0,
                                                "Local Read Blocks": 0,
                                                "Local Dirtied Blocks": 0,
                                                "Local Written Blocks": 0,
                                                "Temp Read Blocks": 0,
                                                "Temp Written Blocks": 0,
                                                "WAL Records": 0,
                                                "WAL FPI": 0,
                                                "WAL Bytes": 0
                                            },
                                            {
                                                "Worker Number": 1,
                                                "Actual Startup Time": 8.57,
                                                "Actual Total Time": 24.026,
                                                "Actual Rows": 6,
                                                "Actual Loops": 1,
                                                "Shared Hit Blocks": 2011,
                                                "Shared Read Blocks": 0,
                                                "Shared Dirtied Blocks": 0,
                                                "Shared Written Blocks": 0,
                                                "Local Hit Blocks": 0,
                                                "Local Read Blocks": 0,
                                                "Local Dirtied Blocks": 0,
                                                "Local Written Blocks": 0,
                                                "Temp Read Blocks": 0,
                                                "Temp Written Blocks": 0,
                                                "WAL Records": 0,
                                                "WAL FPI": 0,
                                                "WAL Bytes": 0
                                            }
                                        ]
                                    }
                                ]
                            },
                            "Settings": {},
                            "Planning": {
                                "Shared Hit Blocks": 0,
                                "Shared Read Blocks": 0,
                                "Shared Dirtied Blocks": 0,
                                "Shared Written Blocks": 0,
                                "Local Hit Blocks": 0,
                                "Local Read Blocks": 0,
                                "Local Dirtied Blocks": 0,
                                "Local Written Blocks": 0,
                                "Temp Read Blocks": 0,
                                "Temp Written Blocks": 0
                            },
                            "Planning Time": 0.117,
                            "Triggers": [],
                            "Execution Time": 26.746
                        },
                        "all_ftr_time": 0.03361789999999999,
                        "any_ftr_time": 0.09554739999999999,
                        "exact_ftr_time": 0.027475500000000003
                    },
                    "2000000": {
                        "all_time": 0.05471017927629873,
                        "any_time": 0.25814266682136805,
                        "exact_time": 0.05843408748041838,
                        "table_size": 371195904.0,
                        "index_time": 8.331502167042345,
                        "all_explanation": {
                            "Plan": {
                                "Node Type": "Gather",
                                "Parallel Aware": false,
                                "Async Capable": false,
                                "Startup Cost": 1000.0,
                                "Total Cost": 22230.74,
                                "Plan Rows": 1584,
                                "Plan Width": 24,
                                "Actual Startup Time": 0.293,
                                "Actual Total Time": 49.79,
                                "Actual Rows": 1963,
                                "Actual Loops": 1,
                                "Output": [
                                    "id",
                                    "flg_0",
                                    "flg_1",
                                    "flg_2",
                                    "flg_3",
                                    "flg_4",
                                    "flg_5",
                                    "flg_6",
                                    "flg_7",
                                    "flg_8",
                                    "flg_9",
                                    "flg_10",
                                    "flg_11",
                                    "flg_12",
                                    "flg_13",
                                    "flg_14",
                                    "flg_15"
                                ],
                                "Workers Planned": 2,
                                "Workers Launched": 2,
                                "Single Copy": false,
                                "Shared Hit Blocks": 12739,
                                "Shared Read Blocks": 0,
                                "Shared Dirtied Blocks": 0,
                                "Shared Written Blocks": 0,
                                "Local Hit Blocks": 0,
                                "Local Read Blocks": 0,
                                "Local Dirtied Blocks": 0,
                                "Local Written Blocks": 0,
                                "Temp Read Blocks": 0,
                                "Temp Written Blocks": 0,
                                "WAL Records": 0,
                                "WAL FPI": 0,
                                "WAL Bytes": 0,
                                "Plans": [
                                    {
                                        "Node Type": "Seq Scan",
                                        "Parent Relationship": "Outer",
                                        "Parallel Aware": true,
                                        "Async Capable": false,
                                        "Relation Name": "django_enum_tests_benchmark_booltester015",
                                        "Schema": "public",
                                        "Alias": "django_enum_tests_benchmark_booltester015",
                                        "Startup Cost": 0.0,
                                        "Total Cost": 21072.34,
                                        "Plan Rows": 660,
                                        "Plan Width": 24,
                                        "Actual Startup Time": 0.212,
                                        "Actual Total Time": 47.465,
                                        "Actual Rows": 654,
                                        "Actual Loops": 3,
                                        "Output": [
                                            "id",
                                            "flg_0",
                                            "flg_1",
                                            "flg_2",
                                            "flg_3",
                                            "flg_4",
                                            "flg_5",
                                            "flg_6",
                                            "flg_7",
                                            "flg_8",
                                            "flg_9",
                                            "flg_10",
                                            "flg_11",
                                            "flg_12",
                                            "flg_13",
                                            "flg_14",
                                            "flg_15"
                                        ],
                                        "Filter": "(django_enum_tests_benchmark_booltester015.flg_0 AND django_enum_tests_benchmark_booltester015.flg_1 AND django_enum_tests_benchmark_booltester015.flg_3 AND django_enum_tests_benchmark_booltester015.flg_4 AND django_enum_tests_benchmark_booltester015.flg_7 AND django_enum_tests_benchmark_booltester015.flg_8 AND django_enum_tests_benchmark_booltester015.flg_9 AND django_enum_tests_benchmark_booltester015.flg_12 AND django_enum_tests_benchmark_booltester015.flg_13 AND django_enum_tests_benchmark_booltester015.flg_14)",
                                        "Rows Removed by Filter": 666013,
                                        "Shared Hit Blocks": 12739,
                                        "Shared Read Blocks": 0,
                                        "Shared Dirtied Blocks": 0,
                                        "Shared Written Blocks": 0,
                                        "Local Hit Blocks": 0,
                                        "Local Read Blocks": 0,
                                        "Local Dirtied Blocks": 0,
                                        "Local Written Blocks": 0,
                                        "Temp Read Blocks": 0,
                                        "Temp Written Blocks": 0,
                                        "WAL Records": 0,
                                        "WAL FPI": 0,
                                        "WAL Bytes": 0,
                                        "Workers": [
                                            {
                                                "Worker Number": 0,
                                                "Actual Startup Time": 0.328,
                                                "Actual Total Time": 46.907,
                                                "Actual Rows": 622,
                                                "Actual Loops": 1,
                                                "Shared Hit Blocks": 4082,
                                                "Shared Read Blocks": 0,
                                                "Shared Dirtied Blocks": 0,
                                                "Shared Written Blocks": 0,
                                                "Local Hit Blocks": 0,
                                                "Local Read Blocks": 0,
                                                "Local Dirtied Blocks": 0,
                                                "Local Written Blocks": 0,
                                                "Temp Read Blocks": 0,
                                                "Temp Written Blocks": 0,
                                                "WAL Records": 0,
                                                "WAL FPI": 0,
                                                "WAL Bytes": 0
                                            },
                                            {
                                                "Worker Number": 1,
                                                "Actual Startup Time": 0.075,
                                                "Actual Total Time": 46.948,
                                                "Actual Rows": 632,
                                                "Actual Loops": 1,
                                                "Shared Hit Blocks": 4095,
                                                "Shared Read Blocks": 0,
                                                "Shared Dirtied Blocks": 0,
                                                "Shared Written Blocks": 0,
                                                "Local Hit Blocks": 0,
                                                "Local Read Blocks": 0,
                                                "Local Dirtied Blocks": 0,
                                                "Local Written Blocks": 0,
                                                "Temp Read Blocks": 0,
                                                "Temp Written Blocks": 0,
                                                "WAL Records": 0,
                                                "WAL FPI": 0,
                                                "WAL Bytes": 0
                                            }
                                        ]
                                    }
                                ]
                            },
                            "Settings": {},
                            "Planning": {
                                "Shared Hit Blocks": 0,
                                "Shared Read Blocks": 0,
                                "Shared Dirtied Blocks": 0,
                                "Shared Written Blocks": 0,
                                "Local Hit Blocks": 0,
                                "Local Read Blocks": 0,
                                "Local Dirtied Blocks": 0,
                                "Local Written Blocks": 0,
                                "Temp Read Blocks": 0,
                                "Temp Written Blocks": 0
                            },
                            "Planning Time": 0.102,
                            "Triggers": [],
                            "Execution Time": 49.842
                        },
                        "any_explanation": {
                            "Plan": {
                                "Node Type": "Seq Scan",
                                "Parallel Aware": false,
                                "Async Capable": false,
                                "Relation Name": "django_enum_tests_benchmark_booltester015",
                                "Schema": "public",
                                "Alias": "django_enum_tests_benchmark_booltester015",
                                "Startup Cost": 0.0,
                                "Total Cost": 32739.01,
                                "Plan Rows": 1997988,
                                "Plan Width": 24,
                                "Actual Startup Time": 0.005,
                                "Actual Total Time": 150.487,
                                "Actual Rows": 1998066,
                                "Actual Loops": 1,
                                "Output": [
                                    "id",
                                    "flg_0",
                                    "flg_1",
                                    "flg_2",
                                    "flg_3",
                                    "flg_4",
                                    "flg_5",
                                    "flg_6",
                                    "flg_7",
                                    "flg_8",
                                    "flg_9",
                                    "flg_10",
                                    "flg_11",
                                    "flg_12",
                                    "flg_13",
                                    "flg_14",
                                    "flg_15"
                                ],
                                "Filter": "(django_enum_tests_benchmark_booltester015.flg_0 OR django_enum_tests_benchmark_booltester015.flg_1 OR django_enum_tests_benchmark_booltester015.flg_3 OR django_enum_tests_benchmark_booltester015.flg_4 OR django_enum_tests_benchmark_booltester015.flg_7 OR django_enum_tests_benchmark_booltester015.flg_8 OR django_enum_tests_benchmark_booltester015.flg_9 OR django_enum_tests_benchmark_booltester015.flg_12 OR django_enum_tests_benchmark_booltester015.flg_13 OR django_enum_tests_benchmark_booltester015.flg_14)",
                                "Rows Removed by Filter": 1935,
                                "Shared Hit Blocks": 12739,
                                "Shared Read Blocks": 0,
                                "Shared Dirtied Blocks": 0,
                                "Shared Written Blocks": 0,
                                "Local Hit Blocks": 0,
                                "Local Read Blocks": 0,
                                "Local Dirtied Blocks": 0,
                                "Local Written Blocks": 0,
                                "Temp Read Blocks": 0,
                                "Temp Written Blocks": 0,
                                "WAL Records": 0,
                                "WAL FPI": 0,
                                "WAL Bytes": 0
                            },
                            "Settings": {},
                            "Planning": {
                                "Shared Hit Blocks": 0,
                                "Shared Read Blocks": 0,
                                "Shared Dirtied Blocks": 0,
                                "Shared Written Blocks": 0,
                                "Local Hit Blocks": 0,
                                "Local Read Blocks": 0,
                                "Local Dirtied Blocks": 0,
                                "Local Written Blocks": 0,
                                "Temp Read Blocks": 0,
                                "Temp Written Blocks": 0
                            },
                            "Planning Time": 0.096,
                            "Triggers": [],
                            "Execution Time": 190.434
                        },
                        "exact_explanation": {
                            "Plan": {
                                "Node Type": "Gather",
                                "Parallel Aware": false,
                                "Async Capable": false,
                                "Startup Cost": 1000.0,
                                "Total Cost": 22074.44,
                                "Plan Rows": 21,
                                "Plan Width": 24,
                                "Actual Startup Time": 4.154,
                                "Actual Total Time": 51.531,
                                "Actual Rows": 28,
                                "Actual Loops": 1,
                                "Output": [
                                    "id",
                                    "flg_0",
                                    "flg_1",
                                    "flg_2",
                                    "flg_3",
                                    "flg_4",
                                    "flg_5",
                                    "flg_6",
                                    "flg_7",
                                    "flg_8",
                                    "flg_9",
                                    "flg_10",
                                    "flg_11",
                                    "flg_12",
                                    "flg_13",
                                    "flg_14",
                                    "flg_15"
                                ],
                                "Workers Planned": 2,
                                "Workers Launched": 2,
                                "Single Copy": false,
                                "Shared Hit Blocks": 12739,
                                "Shared Read Blocks": 0,
                                "Shared Dirtied Blocks": 0,
                                "Shared Written Blocks": 0,
                                "Local Hit Blocks": 0,
                                "Local Read Blocks": 0,
                                "Local Dirtied Blocks": 0,
                                "Local Written Blocks": 0,
                                "Temp Read Blocks": 0,
                                "Temp Written Blocks": 0,
                                "WAL Records": 0,
                                "WAL FPI": 0,
                                "WAL Bytes": 0,
                                "Plans": [
                                    {
                                        "Node Type": "Seq Scan",
                                        "Parent Relationship": "Outer",
                                        "Parallel Aware": true,
                                        "Async Capable": false,
                                        "Relation Name": "django_enum_tests_benchmark_booltester015",
                                        "Schema": "public",
                                        "Alias": "django_enum_tests_benchmark_booltester015",
                                        "Startup Cost": 0.0,
                                        "Total Cost": 21072.34,
                                        "Plan Rows": 9,
                                        "Plan Width": 24,
                                        "Actual Startup Time": 9.621,
                                        "Actual Total Time": 49.254,
                                        "Actual Rows": 9,
                                        "Actual Loops": 3,
                                        "Output": [
                                            "id",
                                            "flg_0",
                                            "flg_1",
                                            "flg_2",
                                            "flg_3",
                                            "flg_4",
                                            "flg_5",
                                            "flg_6",
                                            "flg_7",
                                            "flg_8",
                                            "flg_9",
                                            "flg_10",
                                            "flg_11",
                                            "flg_12",
                                            "flg_13",
                                            "flg_14",
                                            "flg_15"
                                        ],
                                        "Filter": "(django_enum_tests_benchmark_booltester015.flg_0 AND django_enum_tests_benchmark_booltester015.flg_1 AND (NOT django_enum_tests_benchmark_booltester015.flg_2) AND django_enum_tests_benchmark_booltester015.flg_3 AND django_enum_tests_benchmark_booltester015.flg_4 AND (NOT django_enum_tests_benchmark_booltester015.flg_5) AND (NOT django_enum_tests_benchmark_booltester015.flg_6) AND django_enum_tests_benchmark_booltester015.flg_7 AND django_enum_tests_benchmark_booltester015.flg_8 AND django_enum_tests_benchmark_booltester015.flg_9 AND (NOT django_enum_tests_benchmark_booltester015.flg_10) AND (NOT django_enum_tests_benchmark_booltester015.flg_11) AND django_enum_tests_benchmark_booltester015.flg_12 AND django_enum_tests_benchmark_booltester015.flg_13 AND django_enum_tests_benchmark_booltester015.flg_14 AND (NOT django_enum_tests_benchmark_booltester015.flg_15))",
                                        "Rows Removed by Filter": 666658,
                                        "Shared Hit Blocks": 12739,
                                        "Shared Read Blocks": 0,
                                        "Shared Dirtied Blocks": 0,
                                        "Shared Written Blocks": 0,
                                        "Local Hit Blocks": 0,
                                        "Local Read Blocks": 0,
                                        "Local Dirtied Blocks": 0,
                                        "Local Written Blocks": 0,
                                        "Temp Read Blocks": 0,
                                        "Temp Written Blocks": 0,
                                        "WAL Records": 0,
                                        "WAL FPI": 0,
                                        "WAL Bytes": 0,
                                        "Workers": [
                                            {
                                                "Worker Number": 0,
                                                "Actual Startup Time": 3.063,
                                                "Actual Total Time": 48.661,
                                                "Actual Rows": 9,
                                                "Actual Loops": 1,
                                                "Shared Hit Blocks": 4082,
                                                "Shared Read Blocks": 0,
                                                "Shared Dirtied Blocks": 0,
                                                "Shared Written Blocks": 0,
                                                "Local Hit Blocks": 0,
                                                "Local Read Blocks": 0,
                                                "Local Dirtied Blocks": 0,
                                                "Local Written Blocks": 0,
                                                "Temp Read Blocks": 0,
                                                "Temp Written Blocks": 0,
                                                "WAL Records": 0,
                                                "WAL FPI": 0,
                                                "WAL Bytes": 0
                                            },
                                            {
                                                "Worker Number": 1,
                                                "Actual Startup Time": 21.713,
                                                "Actual Total Time": 48.66,
                                                "Actual Rows": 4,
                                                "Actual Loops": 1,
                                                "Shared Hit Blocks": 4075,
                                                "Shared Read Blocks": 0,
                                                "Shared Dirtied Blocks": 0,
                                                "Shared Written Blocks": 0,
                                                "Local Hit Blocks": 0,
                                                "Local Read Blocks": 0,
                                                "Local Dirtied Blocks": 0,
                                                "Local Written Blocks": 0,
                                                "Temp Read Blocks": 0,
                                                "Temp Written Blocks": 0,
                                                "WAL Records": 0,
                                                "WAL FPI": 0,
                                                "WAL Bytes": 0
                                            }
                                        ]
                                    }
                                ]
                            },
                            "Settings": {},
                            "Planning": {
                                "Shared Hit Blocks": 0,
                                "Shared Read Blocks": 0,
                                "Shared Dirtied Blocks": 0,
                                "Shared Written Blocks": 0,
                                "Local Hit Blocks": 0,
                                "Local Read Blocks": 0,
                                "Local Dirtied Blocks": 0,
                                "Local Written Blocks": 0,
                                "Temp Read Blocks": 0,
                                "Temp Written Blocks": 0
                            },
                            "Planning Time": 0.124,
                            "Triggers": [],
                            "Execution Time": 51.542
                        },
                        "all_ftr_time": 0.057242899999999985,
                        "any_ftr_time": 0.19126489999999996,
                        "exact_ftr_time": 0.05346510000000001
                    },
                    "4000000": {
                        "all_time": 0.10710413352353498,
                        "any_time": 0.523388237610925,
                        "exact_time": 0.11247982060303911,
                        "table_size": 742391808.0,
                        "index_time": 17.211269249906763,
                        "all_explanation": {
                            "Plan": {
                                "Node Type": "Gather",
                                "Parallel Aware": false,
                                "Async Capable": false,
                                "Startup Cost": 1000.0,
                                "Total Cost": 43591.67,
                                "Plan Rows": 4470,
                                "Plan Width": 24,
                                "Actual Startup Time": 0.15,
                                "Actual Total Time": 109.976,
                                "Actual Rows": 3918,
                                "Actual Loops": 1,
                                "Output": [
                                    "id",
                                    "flg_0",
                                    "flg_1",
                                    "flg_2",
                                    "flg_3",
                                    "flg_4",
                                    "flg_5",
                                    "flg_6",
                                    "flg_7",
                                    "flg_8",
                                    "flg_9",
                                    "flg_10",
                                    "flg_11",
                                    "flg_12",
                                    "flg_13",
                                    "flg_14",
                                    "flg_15"
                                ],
                                "Workers Planned": 2,
                                "Workers Launched": 2,
                                "Single Copy": false,
                                "Shared Hit Blocks": 5728,
                                "Shared Read Blocks": 19750,
                                "Shared Dirtied Blocks": 0,
                                "Shared Written Blocks": 0,
                                "Local Hit Blocks": 0,
                                "Local Read Blocks": 0,
                                "Local Dirtied Blocks": 0,
                                "Local Written Blocks": 0,
                                "Temp Read Blocks": 0,
                                "Temp Written Blocks": 0,
                                "WAL Records": 0,
                                "WAL FPI": 0,
                                "WAL Bytes": 0,
                                "Plans": [
                                    {
                                        "Node Type": "Seq Scan",
                                        "Parent Relationship": "Outer",
                                        "Parallel Aware": true,
                                        "Async Capable": false,
                                        "Relation Name": "django_enum_tests_benchmark_booltester015",
                                        "Schema": "public",
                                        "Alias": "django_enum_tests_benchmark_booltester015",
                                        "Startup Cost": 0.0,
                                        "Total Cost": 42144.67,
                                        "Plan Rows": 1862,
                                        "Plan Width": 24,
                                        "Actual Startup Time": 0.07,
                                        "Actual Total Time": 107.445,
                                        "Actual Rows": 1306,
                                        "Actual Loops": 3,
                                        "Output": [
                                            "id",
                                            "flg_0",
                                            "flg_1",
                                            "flg_2",
                                            "flg_3",
                                            "flg_4",
                                            "flg_5",
                                            "flg_6",
                                            "flg_7",
                                            "flg_8",
                                            "flg_9",
                                            "flg_10",
                                            "flg_11",
                                            "flg_12",
                                            "flg_13",
                                            "flg_14",
                                            "flg_15"
                                        ],
                                        "Filter": "(django_enum_tests_benchmark_booltester015.flg_2 AND django_enum_tests_benchmark_booltester015.flg_3 AND django_enum_tests_benchmark_booltester015.flg_4 AND django_enum_tests_benchmark_booltester015.flg_7 AND django_enum_tests_benchmark_booltester015.flg_8 AND django_enum_tests_benchmark_booltester015.flg_9 AND django_enum_tests_benchmark_booltester015.flg_11 AND django_enum_tests_benchmark_booltester015.flg_13 AND django_enum_tests_benchmark_booltester015.flg_14 AND django_enum_tests_benchmark_booltester015.flg_15)",
                                        "Rows Removed by Filter": 1332028,
                                        "Shared Hit Blocks": 5728,
                                        "Shared Read Blocks": 19750,
                                        "Shared Dirtied Blocks": 0,
                                        "Shared Written Blocks": 0,
                                        "Local Hit Blocks": 0,
                                        "Local Read Blocks": 0,
                                        "Local Dirtied Blocks": 0,
                                        "Local Written Blocks": 0,
                                        "Temp Read Blocks": 0,
                                        "Temp Written Blocks": 0,
                                        "WAL Records": 0,
                                        "WAL FPI": 0,
                                        "WAL Bytes": 0,
                                        "Workers": [
                                            {
                                                "Worker Number": 0,
                                                "Actual Startup Time": 0.087,
                                                "Actual Total Time": 106.765,
                                                "Actual Rows": 1323,
                                                "Actual Loops": 1,
                                                "Shared Hit Blocks": 1854,
                                                "Shared Read Blocks": 6502,
                                                "Shared Dirtied Blocks": 0,
                                                "Shared Written Blocks": 0,
                                                "Local Hit Blocks": 0,
                                                "Local Read Blocks": 0,
                                                "Local Dirtied Blocks": 0,
                                                "Local Written Blocks": 0,
                                                "Temp Read Blocks": 0,
                                                "Temp Written Blocks": 0,
                                                "WAL Records": 0,
                                                "WAL FPI": 0,
                                                "WAL Bytes": 0
                                            },
                                            {
                                                "Worker Number": 1,
                                                "Actual Startup Time": 0.045,
                                                "Actual Total Time": 106.941,
                                                "Actual Rows": 1262,
                                                "Actual Loops": 1,
                                                "Shared Hit Blocks": 1855,
                                                "Shared Read Blocks": 6528,
                                                "Shared Dirtied Blocks": 0,
                                                "Shared Written Blocks": 0,
                                                "Local Hit Blocks": 0,
                                                "Local Read Blocks": 0,
                                                "Local Dirtied Blocks": 0,
                                                "Local Written Blocks": 0,
                                                "Temp Read Blocks": 0,
                                                "Temp Written Blocks": 0,
                                                "WAL Records": 0,
                                                "WAL FPI": 0,
                                                "WAL Bytes": 0
                                            }
                                        ]
                                    }
                                ]
                            },
                            "Settings": {},
                            "Planning": {
                                "Shared Hit Blocks": 0,
                                "Shared Read Blocks": 0,
                                "Shared Dirtied Blocks": 0,
                                "Shared Written Blocks": 0,
                                "Local Hit Blocks": 0,
                                "Local Read Blocks": 0,
                                "Local Dirtied Blocks": 0,
                                "Local Written Blocks": 0,
                                "Temp Read Blocks": 0,
                                "Temp Written Blocks": 0
                            },
                            "Planning Time": 0.112,
                            "Triggers": [],
                            "Execution Time": 110.079
                        },
                        "any_explanation": {
                            "Plan": {
                                "Node Type": "Seq Scan",
                                "Parallel Aware": false,
                                "Async Capable": false,
                                "Relation Name": "django_enum_tests_benchmark_booltester015",
                                "Schema": "public",
                                "Alias": "django_enum_tests_benchmark_booltester015",
                                "Startup Cost": 0.0,
                                "Total Cost": 65478.01,
                                "Plan Rows": 3997241,
                                "Plan Width": 24,
                                "Actual Startup Time": 0.008,
                                "Actual Total Time": 327.246,
                                "Actual Rows": 3996129,
                                "Actual Loops": 1,
                                "Output": [
                                    "id",
                                    "flg_0",
                                    "flg_1",
                                    "flg_2",
                                    "flg_3",
                                    "flg_4",
                                    "flg_5",
                                    "flg_6",
                                    "flg_7",
                                    "flg_8",
                                    "flg_9",
                                    "flg_10",
                                    "flg_11",
                                    "flg_12",
                                    "flg_13",
                                    "flg_14",
                                    "flg_15"
                                ],
                                "Filter": "(django_enum_tests_benchmark_booltester015.flg_2 OR django_enum_tests_benchmark_booltester015.flg_3 OR django_enum_tests_benchmark_booltester015.flg_4 OR django_enum_tests_benchmark_booltester015.flg_7 OR django_enum_tests_benchmark_booltester015.flg_8 OR django_enum_tests_benchmark_booltester015.flg_9 OR django_enum_tests_benchmark_booltester015.flg_11 OR django_enum_tests_benchmark_booltester015.flg_13 OR django_enum_tests_benchmark_booltester015.flg_14 OR django_enum_tests_benchmark_booltester015.flg_15)",
                                "Rows Removed by Filter": 3872,
                                "Shared Hit Blocks": 5920,
                                "Shared Read Blocks": 19558,
                                "Shared Dirtied Blocks": 0,
                                "Shared Written Blocks": 0,
                                "Local Hit Blocks": 0,
                                "Local Read Blocks": 0,
                                "Local Dirtied Blocks": 0,
                                "Local Written Blocks": 0,
                                "Temp Read Blocks": 0,
                                "Temp Written Blocks": 0,
                                "WAL Records": 0,
                                "WAL FPI": 0,
                                "WAL Bytes": 0
                            },
                            "Settings": {},
                            "Planning": {
                                "Shared Hit Blocks": 0,
                                "Shared Read Blocks": 0,
                                "Shared Dirtied Blocks": 0,
                                "Shared Written Blocks": 0,
                                "Local Hit Blocks": 0,
                                "Local Read Blocks": 0,
                                "Local Dirtied Blocks": 0,
                                "Local Written Blocks": 0,
                                "Temp Read Blocks": 0,
                                "Temp Written Blocks": 0
                            },
                            "Planning Time": 0.088,
                            "Triggers": [],
                            "Execution Time": 406.921
                        },
                        "exact_explanation": {
                            "Plan": {
                                "Node Type": "Gather",
                                "Parallel Aware": false,
                                "Async Capable": false,
                                "Startup Cost": 1000.0,
                                "Total Cost": 43153.37,
                                "Plan Rows": 87,
                                "Plan Width": 24,
                                "Actual Startup Time": 1.082,
                                "Actual Total Time": 110.266,
                                "Actual Rows": 63,
                                "Actual Loops": 1,
                                "Output": [
                                    "id",
                                    "flg_0",
                                    "flg_1",
                                    "flg_2",
                                    "flg_3",
                                    "flg_4",
                                    "flg_5",
                                    "flg_6",
                                    "flg_7",
                                    "flg_8",
                                    "flg_9",
                                    "flg_10",
                                    "flg_11",
                                    "flg_12",
                                    "flg_13",
                                    "flg_14",
                                    "flg_15"
                                ],
                                "Workers Planned": 2,
                                "Workers Launched": 2,
                                "Single Copy": false,
                                "Shared Hit Blocks": 6048,
                                "Shared Read Blocks": 19430,
                                "Shared Dirtied Blocks": 0,
                                "Shared Written Blocks": 0,
                                "Local Hit Blocks": 0,
                                "Local Read Blocks": 0,
                                "Local Dirtied Blocks": 0,
                                "Local Written Blocks": 0,
                                "Temp Read Blocks": 0,
                                "Temp Written Blocks": 0,
                                "WAL Records": 0,
                                "WAL FPI": 0,
                                "WAL Bytes": 0,
                                "Plans": [
                                    {
                                        "Node Type": "Seq Scan",
                                        "Parent Relationship": "Outer",
                                        "Parallel Aware": true,
                                        "Async Capable": false,
                                        "Relation Name": "django_enum_tests_benchmark_booltester015",
                                        "Schema": "public",
                                        "Alias": "django_enum_tests_benchmark_booltester015",
                                        "Startup Cost": 0.0,
                                        "Total Cost": 42144.67,
                                        "Plan Rows": 36,
                                        "Plan Width": 24,
                                        "Actual Startup Time": 5.02,
                                        "Actual Total Time": 108.12,
                                        "Actual Rows": 21,
                                        "Actual Loops": 3,
                                        "Output": [
                                            "id",
                                            "flg_0",
                                            "flg_1",
                                            "flg_2",
                                            "flg_3",
                                            "flg_4",
                                            "flg_5",
                                            "flg_6",
                                            "flg_7",
                                            "flg_8",
                                            "flg_9",
                                            "flg_10",
                                            "flg_11",
                                            "flg_12",
                                            "flg_13",
                                            "flg_14",
                                            "flg_15"
                                        ],
                                        "Filter": "((NOT django_enum_tests_benchmark_booltester015.flg_0) AND (NOT django_enum_tests_benchmark_booltester015.flg_1) AND django_enum_tests_benchmark_booltester015.flg_2 AND django_enum_tests_benchmark_booltester015.flg_3 AND django_enum_tests_benchmark_booltester015.flg_4 AND (NOT django_enum_tests_benchmark_booltester015.flg_5) AND (NOT django_enum_tests_benchmark_booltester015.flg_6) AND django_enum_tests_benchmark_booltester015.flg_7 AND django_enum_tests_benchmark_booltester015.flg_8 AND django_enum_tests_benchmark_booltester015.flg_9 AND (NOT django_enum_tests_benchmark_booltester015.flg_10) AND django_enum_tests_benchmark_booltester015.flg_11 AND (NOT django_enum_tests_benchmark_booltester015.flg_12) AND django_enum_tests_benchmark_booltester015.flg_13 AND django_enum_tests_benchmark_booltester015.flg_14 AND django_enum_tests_benchmark_booltester015.flg_15)",
                                        "Rows Removed by Filter": 1333313,
                                        "Shared Hit Blocks": 6048,
                                        "Shared Read Blocks": 19430,
                                        "Shared Dirtied Blocks": 0,
                                        "Shared Written Blocks": 0,
                                        "Local Hit Blocks": 0,
                                        "Local Read Blocks": 0,
                                        "Local Dirtied Blocks": 0,
                                        "Local Written Blocks": 0,
                                        "Temp Read Blocks": 0,
                                        "Temp Written Blocks": 0,
                                        "WAL Records": 0,
                                        "WAL FPI": 0,
                                        "WAL Bytes": 0,
                                        "Workers": [
                                            {
                                                "Worker Number": 0,
                                                "Actual Startup Time": 6.61,
                                                "Actual Total Time": 107.505,
                                                "Actual Rows": 27,
                                                "Actual Loops": 1,
                                                "Shared Hit Blocks": 1955,
                                                "Shared Read Blocks": 6390,
                                                "Shared Dirtied Blocks": 0,
                                                "Shared Written Blocks": 0,
                                                "Local Hit Blocks": 0,
                                                "Local Read Blocks": 0,
                                                "Local Dirtied Blocks": 0,
                                                "Local Written Blocks": 0,
                                                "Temp Read Blocks": 0,
                                                "Temp Written Blocks": 0,
                                                "WAL Records": 0,
                                                "WAL FPI": 0,
                                                "WAL Bytes": 0
                                            },
                                            {
                                                "Worker Number": 1,
                                                "Actual Startup Time": 7.425,
                                                "Actual Total Time": 107.56,
                                                "Actual Rows": 16,
                                                "Actual Loops": 1,
                                                "Shared Hit Blocks": 1955,
                                                "Shared Read Blocks": 6384,
                                                "Shared Dirtied Blocks": 0,
                                                "Shared Written Blocks": 0,
                                                "Local Hit Blocks": 0,
                                                "Local Read Blocks": 0,
                                                "Local Dirtied Blocks": 0,
                                                "Local Written Blocks": 0,
                                                "Temp Read Blocks": 0,
                                                "Temp Written Blocks": 0,
                                                "WAL Records": 0,
                                                "WAL FPI": 0,
                                                "WAL Bytes": 0
                                            }
                                        ]
                                    }
                                ]
                            },
                            "Settings": {},
                            "Planning": {
                                "Shared Hit Blocks": 0,
                                "Shared Read Blocks": 0,
                                "Shared Dirtied Blocks": 0,
                                "Shared Written Blocks": 0,
                                "Local Hit Blocks": 0,
                                "Local Read Blocks": 0,
                                "Local Dirtied Blocks": 0,
                                "Local Written Blocks": 0,
                                "Temp Read Blocks": 0,
                                "Temp Written Blocks": 0
                            },
                            "Planning Time": 0.112,
                            "Triggers": [],
                            "Execution Time": 110.275
                        },
                        "all_ftr_time": 0.12143819999999998,
                        "any_ftr_time": 0.39777830000000003,
                        "exact_ftr_time": 0.10984379999999999
                    },
                    "6000000": {
                        "all_time": 0.15491702060680837,
                        "any_time": 0.7721240330953151,
                        "exact_time": 0.16528370830928907,
                        "table_size": 1113587712.0,
                        "index_time": 25.343284707982093,
                        "all_explanation": {
                            "Plan": {
                                "Node Type": "Gather",
                                "Parallel Aware": false,
                                "Async Capable": false,
                                "Startup Cost": 1000.0,
                                "Total Cost": 76932.2,
                                "Plan Rows": 127152,
                                "Plan Width": 24,
                                "Actual Startup Time": 0.197,
                                "Actual Total Time": 156.642,
                                "Actual Rows": 94160,
                                "Actual Loops": 1,
                                "Output": [
                                    "id",
                                    "flg_0",
                                    "flg_1",
                                    "flg_2",
                                    "flg_3",
                                    "flg_4",
                                    "flg_5",
                                    "flg_6",
                                    "flg_7",
                                    "flg_8",
                                    "flg_9",
                                    "flg_10",
                                    "flg_11",
                                    "flg_12",
                                    "flg_13",
                                    "flg_14",
                                    "flg_15"
                                ],
                                "Workers Planned": 2,
                                "Workers Launched": 2,
                                "Single Copy": false,
                                "Shared Hit Blocks": 16212,
                                "Shared Read Blocks": 22005,
                                "Shared Dirtied Blocks": 0,
                                "Shared Written Blocks": 0,
                                "Local Hit Blocks": 0,
                                "Local Read Blocks": 0,
                                "Local Dirtied Blocks": 0,
                                "Local Written Blocks": 0,
                                "Temp Read Blocks": 0,
                                "Temp Written Blocks": 0,
                                "WAL Records": 0,
                                "WAL FPI": 0,
                                "WAL Bytes": 0,
                                "Plans": [
                                    {
                                        "Node Type": "Seq Scan",
                                        "Parent Relationship": "Outer",
                                        "Parallel Aware": true,
                                        "Async Capable": false,
                                        "Relation Name": "django_enum_tests_benchmark_booltester015",
                                        "Schema": "public",
                                        "Alias": "django_enum_tests_benchmark_booltester015",
                                        "Startup Cost": 0.0,
                                        "Total Cost": 63217.0,
                                        "Plan Rows": 52980,
                                        "Plan Width": 24,
                                        "Actual Startup Time": 0.059,
                                        "Actual Total Time": 149.715,
                                        "Actual Rows": 31387,
                                        "Actual Loops": 3,
                                        "Output": [
                                            "id",
                                            "flg_0",
                                            "flg_1",
                                            "flg_2",
                                            "flg_3",
                                            "flg_4",
                                            "flg_5",
                                            "flg_6",
                                            "flg_7",
                                            "flg_8",
                                            "flg_9",
                                            "flg_10",
                                            "flg_11",
                                            "flg_12",
                                            "flg_13",
                                            "flg_14",
                                            "flg_15"
                                        ],
                                        "Filter": "(django_enum_tests_benchmark_booltester015.flg_1 AND django_enum_tests_benchmark_booltester015.flg_2 AND django_enum_tests_benchmark_booltester015.flg_8 AND django_enum_tests_benchmark_booltester015.flg_11 AND django_enum_tests_benchmark_booltester015.flg_13 AND django_enum_tests_benchmark_booltester015.flg_14)",
                                        "Rows Removed by Filter": 1968614,
                                        "Shared Hit Blocks": 16212,
                                        "Shared Read Blocks": 22005,
                                        "Shared Dirtied Blocks": 0,
                                        "Shared Written Blocks": 0,
                                        "Local Hit Blocks": 0,
                                        "Local Read Blocks": 0,
                                        "Local Dirtied Blocks": 0,
                                        "Local Written Blocks": 0,
                                        "Temp Read Blocks": 0,
                                        "Temp Written Blocks": 0,
                                        "WAL Records": 0,
                                        "WAL FPI": 0,
                                        "WAL Bytes": 0,
                                        "Workers": [
                                            {
                                                "Worker Number": 0,
                                                "Actual Startup Time": 0.019,
                                                "Actual Total Time": 150.447,
                                                "Actual Rows": 30872,
                                                "Actual Loops": 1,
                                                "Shared Hit Blocks": 5299,
                                                "Shared Read Blocks": 7299,
                                                "Shared Dirtied Blocks": 0,
                                                "Shared Written Blocks": 0,
                                                "Local Hit Blocks": 0,
                                                "Local Read Blocks": 0,
                                                "Local Dirtied Blocks": 0,
                                                "Local Written Blocks": 0,
                                                "Temp Read Blocks": 0,
                                                "Temp Written Blocks": 0,
                                                "WAL Records": 0,
                                                "WAL FPI": 0,
                                                "WAL Bytes": 0
                                            },
                                            {
                                                "Worker Number": 1,
                                                "Actual Startup Time": 0.023,
                                                "Actual Total Time": 150.35,
                                                "Actual Rows": 31324,
                                                "Actual Loops": 1,
                                                "Shared Hit Blocks": 5310,
                                                "Shared Read Blocks": 7272,
                                                "Shared Dirtied Blocks": 0,
                                                "Shared Written Blocks": 0,
                                                "Local Hit Blocks": 0,
                                                "Local Read Blocks": 0,
                                                "Local Dirtied Blocks": 0,
                                                "Local Written Blocks": 0,
                                                "Temp Read Blocks": 0,
                                                "Temp Written Blocks": 0,
                                                "WAL Records": 0,
                                                "WAL FPI": 0,
                                                "WAL Bytes": 0
                                            }
                                        ]
                                    }
                                ]
                            },
                            "Settings": {},
                            "Planning": {
                                "Shared Hit Blocks": 0,
                                "Shared Read Blocks": 0,
                                "Shared Dirtied Blocks": 0,
                                "Shared Written Blocks": 0,
                                "Local Hit Blocks": 0,
                                "Local Read Blocks": 0,
                                "Local Dirtied Blocks": 0,
                                "Local Written Blocks": 0,
                                "Temp Read Blocks": 0,
                                "Temp Written Blocks": 0
                            },
                            "Planning Time": 0.088,
                            "Triggers": [],
                            "Execution Time": 158.765
                        },
                        "any_explanation": {
                            "Plan": {
                                "Node Type": "Seq Scan",
                                "Parallel Aware": false,
                                "Async Capable": false,
                                "Relation Name": "django_enum_tests_benchmark_booltester015",
                                "Schema": "public",
                                "Alias": "django_enum_tests_benchmark_booltester015",
                                "Startup Cost": 0.0,
                                "Total Cost": 98217.01,
                                "Plan Rows": 5935669,
                                "Plan Width": 24,
                                "Actual Startup Time": 0.131,
                                "Actual Total Time": 476.55,
                                "Actual Rows": 5906708,
                                "Actual Loops": 1,
                                "Output": [
                                    "id",
                                    "flg_0",
                                    "flg_1",
                                    "flg_2",
                                    "flg_3",
                                    "flg_4",
                                    "flg_5",
                                    "flg_6",
                                    "flg_7",
                                    "flg_8",
                                    "flg_9",
                                    "flg_10",
                                    "flg_11",
                                    "flg_12",
                                    "flg_13",
                                    "flg_14",
                                    "flg_15"
                                ],
                                "Filter": "(django_enum_tests_benchmark_booltester015.flg_1 OR django_enum_tests_benchmark_booltester015.flg_2 OR django_enum_tests_benchmark_booltester015.flg_8 OR django_enum_tests_benchmark_booltester015.flg_11 OR django_enum_tests_benchmark_booltester015.flg_13 OR django_enum_tests_benchmark_booltester015.flg_14)",
                                "Rows Removed by Filter": 93293,
                                "Shared Hit Blocks": 16276,
                                "Shared Read Blocks": 21941,
                                "Shared Dirtied Blocks": 0,
                                "Shared Written Blocks": 0,
                                "Local Hit Blocks": 0,
                                "Local Read Blocks": 0,
                                "Local Dirtied Blocks": 0,
                                "Local Written Blocks": 0,
                                "Temp Read Blocks": 0,
                                "Temp Written Blocks": 0,
                                "WAL Records": 0,
                                "WAL FPI": 0,
                                "WAL Bytes": 0
                            },
                            "Settings": {},
                            "Planning": {
                                "Shared Hit Blocks": 0,
                                "Shared Read Blocks": 0,
                                "Shared Dirtied Blocks": 0,
                                "Shared Written Blocks": 0,
                                "Local Hit Blocks": 0,
                                "Local Read Blocks": 0,
                                "Local Dirtied Blocks": 0,
                                "Local Written Blocks": 0,
                                "Temp Read Blocks": 0,
                                "Temp Written Blocks": 0
                            },
                            "Planning Time": 0.081,
                            "Triggers": [],
                            "Execution Time": 594.537
                        },
                        "exact_explanation": {
                            "Plan": {
                                "Node Type": "Gather",
                                "Parallel Aware": false,
                                "Async Capable": false,
                                "Startup Cost": 1000.0,
                                "Total Cost": 64232.8,
                                "Plan Rows": 158,
                                "Plan Width": 24,
                                "Actual Startup Time": 1.714,
                                "Actual Total Time": 160.306,
                                "Actual Rows": 87,
                                "Actual Loops": 1,
                                "Output": [
                                    "id",
                                    "flg_0",
                                    "flg_1",
                                    "flg_2",
                                    "flg_3",
                                    "flg_4",
                                    "flg_5",
                                    "flg_6",
                                    "flg_7",
                                    "flg_8",
                                    "flg_9",
                                    "flg_10",
                                    "flg_11",
                                    "flg_12",
                                    "flg_13",
                                    "flg_14",
                                    "flg_15"
                                ],
                                "Workers Planned": 2,
                                "Workers Launched": 2,
                                "Single Copy": false,
                                "Shared Hit Blocks": 16212,
                                "Shared Read Blocks": 22005,
                                "Shared Dirtied Blocks": 0,
                                "Shared Written Blocks": 0,
                                "Local Hit Blocks": 0,
                                "Local Read Blocks": 0,
                                "Local Dirtied Blocks": 0,
                                "Local Written Blocks": 0,
                                "Temp Read Blocks": 0,
                                "Temp Written Blocks": 0,
                                "WAL Records": 0,
                                "WAL FPI": 0,
                                "WAL Bytes": 0,
                                "Plans": [
                                    {
                                        "Node Type": "Seq Scan",
                                        "Parent Relationship": "Outer",
                                        "Parallel Aware": true,
                                        "Async Capable": false,
                                        "Relation Name": "django_enum_tests_benchmark_booltester015",
                                        "Schema": "public",
                                        "Alias": "django_enum_tests_benchmark_booltester015",
                                        "Startup Cost": 0.0,
                                        "Total Cost": 63217.0,
                                        "Plan Rows": 66,
                                        "Plan Width": 24,
                                        "Actual Startup Time": 4.732,
                                        "Actual Total Time": 158.025,
                                        "Actual Rows": 29,
                                        "Actual Loops": 3,
                                        "Output": [
                                            "id",
                                            "flg_0",
                                            "flg_1",
                                            "flg_2",
                                            "flg_3",
                                            "flg_4",
                                            "flg_5",
                                            "flg_6",
                                            "flg_7",
                                            "flg_8",
                                            "flg_9",
                                            "flg_10",
                                            "flg_11",
                                            "flg_12",
                                            "flg_13",
                                            "flg_14",
                                            "flg_15"
                                        ],
                                        "Filter": "((NOT django_enum_tests_benchmark_booltester015.flg_0) AND django_enum_tests_benchmark_booltester015.flg_1 AND django_enum_tests_benchmark_booltester015.flg_2 AND (NOT django_enum_tests_benchmark_booltester015.flg_3) AND (NOT django_enum_tests_benchmark_booltester015.flg_4) AND (NOT django_enum_tests_benchmark_booltester015.flg_5) AND (NOT django_enum_tests_benchmark_booltester015.flg_6) AND (NOT django_enum_tests_benchmark_booltester015.flg_7) AND django_enum_tests_benchmark_booltester015.flg_8 AND (NOT django_enum_tests_benchmark_booltester015.flg_9) AND (NOT django_enum_tests_benchmark_booltester015.flg_10) AND django_enum_tests_benchmark_booltester015.flg_11 AND (NOT django_enum_tests_benchmark_booltester015.flg_12) AND django_enum_tests_benchmark_booltester015.flg_13 AND django_enum_tests_benchmark_booltester015.flg_14 AND (NOT django_enum_tests_benchmark_booltester015.flg_15))",
                                        "Rows Removed by Filter": 1999971,
                                        "Shared Hit Blocks": 16212,
                                        "Shared Read Blocks": 22005,
                                        "Shared Dirtied Blocks": 0,
                                        "Shared Written Blocks": 0,
                                        "Local Hit Blocks": 0,
                                        "Local Read Blocks": 0,
                                        "Local Dirtied Blocks": 0,
                                        "Local Written Blocks": 0,
                                        "Temp Read Blocks": 0,
                                        "Temp Written Blocks": 0,
                                        "WAL Records": 0,
                                        "WAL FPI": 0,
                                        "WAL Bytes": 0,
                                        "Workers": [
                                            {
                                                "Worker Number": 0,
                                                "Actual Startup Time": 11.646,
                                                "Actual Total Time": 157.477,
                                                "Actual Rows": 36,
                                                "Actual Loops": 1,
                                                "Shared Hit Blocks": 5270,
                                                "Shared Read Blocks": 7239,
                                                "Shared Dirtied Blocks": 0,
                                                "Shared Written Blocks": 0,
                                                "Local Hit Blocks": 0,
                                                "Local Read Blocks": 0,
                                                "Local Dirtied Blocks": 0,
                                                "Local Written Blocks": 0,
                                                "Temp Read Blocks": 0,
                                                "Temp Written Blocks": 0,
                                                "WAL Records": 0,
                                                "WAL FPI": 0,
                                                "WAL Bytes": 0
                                            },
                                            {
                                                "Worker Number": 1,
                                                "Actual Startup Time": 0.904,
                                                "Actual Total Time": 157.408,
                                                "Actual Rows": 20,
                                                "Actual Loops": 1,
                                                "Shared Hit Blocks": 5256,
                                                "Shared Read Blocks": 7226,
                                                "Shared Dirtied Blocks": 0,
                                                "Shared Written Blocks": 0,
                                                "Local Hit Blocks": 0,
                                                "Local Read Blocks": 0,
                                                "Local Dirtied Blocks": 0,
                                                "Local Written Blocks": 0,
                                                "Temp Read Blocks": 0,
                                                "Temp Written Blocks": 0,
                                                "WAL Records": 0,
                                                "WAL FPI": 0,
                                                "WAL Bytes": 0
                                            }
                                        ]
                                    }
                                ]
                            },
                            "Settings": {},
                            "Planning": {
                                "Shared Hit Blocks": 0,
                                "Shared Read Blocks": 0,
                                "Shared Dirtied Blocks": 0,
                                "Shared Written Blocks": 0,
                                "Local Hit Blocks": 0,
                                "Local Read Blocks": 0,
                                "Local Dirtied Blocks": 0,
                                "Local Written Blocks": 0,
                                "Temp Read Blocks": 0,
                                "Temp Written Blocks": 0
                            },
                            "Planning Time": 0.117,
                            "Triggers": [],
                            "Execution Time": 160.318
                        },
                        "all_ftr_time": 0.17202800000000001,
                        "any_ftr_time": 0.5909153,
                        "exact_ftr_time": 0.16203079999999997
                    },
                    "8000000": {
                        "all_time": 0.21372627516975626,
                        "any_time": 1.0635589787969366,
                        "exact_time": 0.22269031240139156,
                        "table_size": 1484783616.0,
                        "index_time": 34.97090241604019,
                        "all_explanation": {
                            "Plan": {
                                "Node Type": "Gather",
                                "Parallel Aware": false,
                                "Async Capable": false,
                                "Startup Cost": 1000.0,
                                "Total Cost": 111865.04,
                                "Plan Rows": 265757,
                                "Plan Width": 24,
                                "Actual Startup Time": 0.069,
                                "Actual Total Time": 209.191,
                                "Actual Rows": 250342,
                                "Actual Loops": 1,
                                "Output": [
                                    "id",
                                    "flg_0",
                                    "flg_1",
                                    "flg_2",
                                    "flg_3",
                                    "flg_4",
                                    "flg_5",
                                    "flg_6",
                                    "flg_7",
                                    "flg_8",
                                    "flg_9",
                                    "flg_10",
                                    "flg_11",
                                    "flg_12",
                                    "flg_13",
                                    "flg_14",
                                    "flg_15"
                                ],
                                "Workers Planned": 2,
                                "Workers Launched": 2,
                                "Single Copy": false,
                                "Shared Hit Blocks": 5824,
                                "Shared Read Blocks": 45132,
                                "Shared Dirtied Blocks": 0,
                                "Shared Written Blocks": 0,
                                "Local Hit Blocks": 0,
                                "Local Read Blocks": 0,
                                "Local Dirtied Blocks": 0,
                                "Local Written Blocks": 0,
                                "Temp Read Blocks": 0,
                                "Temp Written Blocks": 0,
                                "WAL Records": 0,
                                "WAL FPI": 0,
                                "WAL Bytes": 0,
                                "Plans": [
                                    {
                                        "Node Type": "Seq Scan",
                                        "Parent Relationship": "Outer",
                                        "Parallel Aware": true,
                                        "Async Capable": false,
                                        "Relation Name": "django_enum_tests_benchmark_booltester015",
                                        "Schema": "public",
                                        "Alias": "django_enum_tests_benchmark_booltester015",
                                        "Startup Cost": 0.0,
                                        "Total Cost": 84289.34,
                                        "Plan Rows": 110732,
                                        "Plan Width": 24,
                                        "Actual Startup Time": 0.02,
                                        "Actual Total Time": 193.436,
                                        "Actual Rows": 83447,
                                        "Actual Loops": 3,
                                        "Output": [
                                            "id",
                                            "flg_0",
                                            "flg_1",
                                            "flg_2",
                                            "flg_3",
                                            "flg_4",
                                            "flg_5",
                                            "flg_6",
                                            "flg_7",
                                            "flg_8",
                                            "flg_9",
                                            "flg_10",
                                            "flg_11",
                                            "flg_12",
                                            "flg_13",
                                            "flg_14",
                                            "flg_15"
                                        ],
                                        "Filter": "(django_enum_tests_benchmark_booltester015.flg_1 AND django_enum_tests_benchmark_booltester015.flg_8 AND django_enum_tests_benchmark_booltester015.flg_10 AND django_enum_tests_benchmark_booltester015.flg_11 AND django_enum_tests_benchmark_booltester015.flg_12)",
                                        "Rows Removed by Filter": 2583220,
                                        "Shared Hit Blocks": 5824,
                                        "Shared Read Blocks": 45132,
                                        "Shared Dirtied Blocks": 0,
                                        "Shared Written Blocks": 0,
                                        "Local Hit Blocks": 0,
                                        "Local Read Blocks": 0,
                                        "Local Dirtied Blocks": 0,
                                        "Local Written Blocks": 0,
                                        "Temp Read Blocks": 0,
                                        "Temp Written Blocks": 0,
                                        "WAL Records": 0,
                                        "WAL FPI": 0,
                                        "WAL Bytes": 0,
                                        "Workers": [
                                            {
                                                "Worker Number": 0,
                                                "Actual Startup Time": 0.024,
                                                "Actual Total Time": 196.052,
                                                "Actual Rows": 83836,
                                                "Actual Loops": 1,
                                                "Shared Hit Blocks": 1917,
                                                "Shared Read Blocks": 15145,
                                                "Shared Dirtied Blocks": 0,
                                                "Shared Written Blocks": 0,
                                                "Local Hit Blocks": 0,
                                                "Local Read Blocks": 0,
                                                "Local Dirtied Blocks": 0,
                                                "Local Written Blocks": 0,
                                                "Temp Read Blocks": 0,
                                                "Temp Written Blocks": 0,
                                                "WAL Records": 0,
                                                "WAL FPI": 0,
                                                "WAL Bytes": 0
                                            },
                                            {
                                                "Worker Number": 1,
                                                "Actual Startup Time": 0.025,
                                                "Actual Total Time": 196.034,
                                                "Actual Rows": 83811,
                                                "Actual Loops": 1,
                                                "Shared Hit Blocks": 1937,
                                                "Shared Read Blocks": 15107,
                                                "Shared Dirtied Blocks": 0,
                                                "Shared Written Blocks": 0,
                                                "Local Hit Blocks": 0,
                                                "Local Read Blocks": 0,
                                                "Local Dirtied Blocks": 0,
                                                "Local Written Blocks": 0,
                                                "Temp Read Blocks": 0,
                                                "Temp Written Blocks": 0,
                                                "WAL Records": 0,
                                                "WAL FPI": 0,
                                                "WAL Bytes": 0
                                            }
                                        ]
                                    }
                                ]
                            },
                            "Settings": {},
                            "Planning": {
                                "Shared Hit Blocks": 0,
                                "Shared Read Blocks": 0,
                                "Shared Dirtied Blocks": 0,
                                "Shared Written Blocks": 0,
                                "Local Hit Blocks": 0,
                                "Local Read Blocks": 0,
                                "Local Dirtied Blocks": 0,
                                "Local Written Blocks": 0,
                                "Temp Read Blocks": 0,
                                "Temp Written Blocks": 0
                            },
                            "Planning Time": 0.088,
                            "Triggers": [],
                            "Execution Time": 214.76
                        },
                        "any_explanation": {
                            "Plan": {
                                "Node Type": "Seq Scan",
                                "Parallel Aware": false,
                                "Async Capable": false,
                                "Relation Name": "django_enum_tests_benchmark_booltester015",
                                "Schema": "public",
                                "Alias": "django_enum_tests_benchmark_booltester015",
                                "Startup Cost": 0.0,
                                "Total Cost": 130956.01,
                                "Plan Rows": 7768608,
                                "Plan Width": 24,
                                "Actual Startup Time": 0.01,
                                "Actual Total Time": 614.661,
                                "Actual Rows": 7749733,
                                "Actual Loops": 1,
                                "Output": [
                                    "id",
                                    "flg_0",
                                    "flg_1",
                                    "flg_2",
                                    "flg_3",
                                    "flg_4",
                                    "flg_5",
                                    "flg_6",
                                    "flg_7",
                                    "flg_8",
                                    "flg_9",
                                    "flg_10",
                                    "flg_11",
                                    "flg_12",
                                    "flg_13",
                                    "flg_14",
                                    "flg_15"
                                ],
                                "Filter": "(django_enum_tests_benchmark_booltester015.flg_1 OR django_enum_tests_benchmark_booltester015.flg_8 OR django_enum_tests_benchmark_booltester015.flg_10 OR django_enum_tests_benchmark_booltester015.flg_11 OR django_enum_tests_benchmark_booltester015.flg_12)",
                                "Rows Removed by Filter": 250268,
                                "Shared Hit Blocks": 6016,
                                "Shared Read Blocks": 44940,
                                "Shared Dirtied Blocks": 0,
                                "Shared Written Blocks": 0,
                                "Local Hit Blocks": 0,
                                "Local Read Blocks": 0,
                                "Local Dirtied Blocks": 0,
                                "Local Written Blocks": 0,
                                "Temp Read Blocks": 0,
                                "Temp Written Blocks": 0,
                                "WAL Records": 0,
                                "WAL FPI": 0,
                                "WAL Bytes": 0
                            },
                            "Settings": {},
                            "Planning": {
                                "Shared Hit Blocks": 0,
                                "Shared Read Blocks": 0,
                                "Shared Dirtied Blocks": 0,
                                "Shared Written Blocks": 0,
                                "Local Hit Blocks": 0,
                                "Local Read Blocks": 0,
                                "Local Dirtied Blocks": 0,
                                "Local Written Blocks": 0,
                                "Temp Read Blocks": 0,
                                "Temp Written Blocks": 0
                            },
                            "Planning Time": 0.095,
                            "Triggers": [],
                            "Execution Time": 769.309
                        },
                        "exact_explanation": {
                            "Plan": {
                                "Node Type": "Gather",
                                "Parallel Aware": false,
                                "Async Capable": false,
                                "Startup Cost": 1000.0,
                                "Total Cost": 85301.64,
                                "Plan Rows": 123,
                                "Plan Width": 24,
                                "Actual Startup Time": 5.357,
                                "Actual Total Time": 219.938,
                                "Actual Rows": 110,
                                "Actual Loops": 1,
                                "Output": [
                                    "id",
                                    "flg_0",
                                    "flg_1",
                                    "flg_2",
                                    "flg_3",
                                    "flg_4",
                                    "flg_5",
                                    "flg_6",
                                    "flg_7",
                                    "flg_8",
                                    "flg_9",
                                    "flg_10",
                                    "flg_11",
                                    "flg_12",
                                    "flg_13",
                                    "flg_14",
                                    "flg_15"
                                ],
                                "Workers Planned": 2,
                                "Workers Launched": 2,
                                "Single Copy": false,
                                "Shared Hit Blocks": 6144,
                                "Shared Read Blocks": 44812,
                                "Shared Dirtied Blocks": 0,
                                "Shared Written Blocks": 0,
                                "Local Hit Blocks": 0,
                                "Local Read Blocks": 0,
                                "Local Dirtied Blocks": 0,
                                "Local Written Blocks": 0,
                                "Temp Read Blocks": 0,
                                "Temp Written Blocks": 0,
                                "WAL Records": 0,
                                "WAL FPI": 0,
                                "WAL Bytes": 0,
                                "Plans": [
                                    {
                                        "Node Type": "Seq Scan",
                                        "Parent Relationship": "Outer",
                                        "Parallel Aware": true,
                                        "Async Capable": false,
                                        "Relation Name": "django_enum_tests_benchmark_booltester015",
                                        "Schema": "public",
                                        "Alias": "django_enum_tests_benchmark_booltester015",
                                        "Startup Cost": 0.0,
                                        "Total Cost": 84289.34,
                                        "Plan Rows": 51,
                                        "Plan Width": 24,
                                        "Actual Startup Time": 11.335,
                                        "Actual Total Time": 217.773,
                                        "Actual Rows": 37,
                                        "Actual Loops": 3,
                                        "Output": [
                                            "id",
                                            "flg_0",
                                            "flg_1",
                                            "flg_2",
                                            "flg_3",
                                            "flg_4",
                                            "flg_5",
                                            "flg_6",
                                            "flg_7",
                                            "flg_8",
                                            "flg_9",
                                            "flg_10",
                                            "flg_11",
                                            "flg_12",
                                            "flg_13",
                                            "flg_14",
                                            "flg_15"
                                        ],
                                        "Filter": "((NOT django_enum_tests_benchmark_booltester015.flg_0) AND django_enum_tests_benchmark_booltester015.flg_1 AND (NOT django_enum_tests_benchmark_booltester015.flg_2) AND (NOT django_enum_tests_benchmark_booltester015.flg_3) AND (NOT django_enum_tests_benchmark_booltester015.flg_4) AND (NOT django_enum_tests_benchmark_booltester015.flg_5) AND (NOT django_enum_tests_benchmark_booltester015.flg_6) AND (NOT django_enum_tests_benchmark_booltester015.flg_7) AND django_enum_tests_benchmark_booltester015.flg_8 AND (NOT django_enum_tests_benchmark_booltester015.flg_9) AND django_enum_tests_benchmark_booltester015.flg_10 AND django_enum_tests_benchmark_booltester015.flg_11 AND django_enum_tests_benchmark_booltester015.flg_12 AND (NOT django_enum_tests_benchmark_booltester015.flg_13) AND (NOT django_enum_tests_benchmark_booltester015.flg_14) AND (NOT django_enum_tests_benchmark_booltester015.flg_15))",
                                        "Rows Removed by Filter": 2666630,
                                        "Shared Hit Blocks": 6144,
                                        "Shared Read Blocks": 44812,
                                        "Shared Dirtied Blocks": 0,
                                        "Shared Written Blocks": 0,
                                        "Local Hit Blocks": 0,
                                        "Local Read Blocks": 0,
                                        "Local Dirtied Blocks": 0,
                                        "Local Written Blocks": 0,
                                        "Temp Read Blocks": 0,
                                        "Temp Written Blocks": 0,
                                        "WAL Records": 0,
                                        "WAL FPI": 0,
                                        "WAL Bytes": 0,
                                        "Workers": [
                                            {
                                                "Worker Number": 0,
                                                "Actual Startup Time": 6.981,
                                                "Actual Total Time": 217.158,
                                                "Actual Rows": 50,
                                                "Actual Loops": 1,
                                                "Shared Hit Blocks": 1986,
                                                "Shared Read Blocks": 14786,
                                                "Shared Dirtied Blocks": 0,
                                                "Shared Written Blocks": 0,
                                                "Local Hit Blocks": 0,
                                                "Local Read Blocks": 0,
                                                "Local Dirtied Blocks": 0,
                                                "Local Written Blocks": 0,
                                                "Temp Read Blocks": 0,
                                                "Temp Written Blocks": 0,
                                                "WAL Records": 0,
                                                "WAL FPI": 0,
                                                "WAL Bytes": 0
                                            },
                                            {
                                                "Worker Number": 1,
                                                "Actual Startup Time": 21.733,
                                                "Actual Total Time": 217.208,
                                                "Actual Rows": 27,
                                                "Actual Loops": 1,
                                                "Shared Hit Blocks": 1977,
                                                "Shared Read Blocks": 14784,
                                                "Shared Dirtied Blocks": 0,
                                                "Shared Written Blocks": 0,
                                                "Local Hit Blocks": 0,
                                                "Local Read Blocks": 0,
                                                "Local Dirtied Blocks": 0,
                                                "Local Written Blocks": 0,
                                                "Temp Read Blocks": 0,
                                                "Temp Written Blocks": 0,
                                                "WAL Records": 0,
                                                "WAL FPI": 0,
                                                "WAL Bytes": 0
                                            }
                                        ]
                                    }
                                ]
                            },
                            "Settings": {},
                            "Planning": {
                                "Shared Hit Blocks": 0,
                                "Shared Read Blocks": 0,
                                "Shared Dirtied Blocks": 0,
                                "Shared Written Blocks": 0,
                                "Local Hit Blocks": 0,
                                "Local Read Blocks": 0,
                                "Local Dirtied Blocks": 0,
                                "Local Written Blocks": 0,
                                "Temp Read Blocks": 0,
                                "Temp Written Blocks": 0
                            },
                            "Planning Time": 0.118,
                            "Triggers": [],
                            "Execution Time": 219.954
                        },
                        "all_ftr_time": 0.21738640000000004,
                        "any_ftr_time": 0.8163954000000001,
                        "exact_ftr_time": 0.2193439
                    },
                    "10000000": {
                        "all_time": 0.26392769592348486,
                        "any_time": 1.3360705416183918,
                        "exact_time": 0.2752275833976455,
                        "table_size": 1855979520.0,
                        "index_time": 42.646385874948464,
                        "all_explanation": {
                            "Plan": {
                                "Node Type": "Gather",
                                "Parallel Aware": false,
                                "Async Capable": false,
                                "Startup Cost": 1000.0,
                                "Total Cost": 107525.97,
                                "Plan Rows": 11643,
                                "Plan Width": 24,
                                "Actual Startup Time": 0.2,
                                "Actual Total Time": 262.139,
                                "Actual Rows": 19516,
                                "Actual Loops": 1,
                                "Output": [
                                    "id",
                                    "flg_0",
                                    "flg_1",
                                    "flg_2",
                                    "flg_3",
                                    "flg_4",
                                    "flg_5",
                                    "flg_6",
                                    "flg_7",
                                    "flg_8",
                                    "flg_9",
                                    "flg_10",
                                    "flg_11",
                                    "flg_12",
                                    "flg_13",
                                    "flg_14",
                                    "flg_15"
                                ],
                                "Workers Planned": 2,
                                "Workers Launched": 2,
                                "Single Copy": false,
                                "Shared Hit Blocks": 16180,
                                "Shared Read Blocks": 47515,
                                "Shared Dirtied Blocks": 0,
                                "Shared Written Blocks": 0,
                                "Local Hit Blocks": 0,
                                "Local Read Blocks": 0,
                                "Local Dirtied Blocks": 0,
                                "Local Written Blocks": 0,
                                "Temp Read Blocks": 0,
                                "Temp Written Blocks": 0,
                                "WAL Records": 0,
                                "WAL FPI": 0,
                                "WAL Bytes": 0,
                                "Plans": [
                                    {
                                        "Node Type": "Seq Scan",
                                        "Parent Relationship": "Outer",
                                        "Parallel Aware": true,
                                        "Async Capable": false,
                                        "Relation Name": "django_enum_tests_benchmark_booltester015",
                                        "Schema": "public",
                                        "Alias": "django_enum_tests_benchmark_booltester015",
                                        "Startup Cost": 0.0,
                                        "Total Cost": 105361.67,
                                        "Plan Rows": 4851,
                                        "Plan Width": 24,
                                        "Actual Startup Time": 0.077,
                                        "Actual Total Time": 258.696,
                                        "Actual Rows": 6505,
                                        "Actual Loops": 3,
                                        "Output": [
                                            "id",
                                            "flg_0",
                                            "flg_1",
                                            "flg_2",
                                            "flg_3",
                                            "flg_4",
                                            "flg_5",
                                            "flg_6",
                                            "flg_7",
                                            "flg_8",
                                            "flg_9",
                                            "flg_10",
                                            "flg_11",
                                            "flg_12",
                                            "flg_13",
                                            "flg_14",
                                            "flg_15"
                                        ],
                                        "Filter": "(django_enum_tests_benchmark_booltester015.flg_2 AND django_enum_tests_benchmark_booltester015.flg_3 AND django_enum_tests_benchmark_booltester015.flg_5 AND django_enum_tests_benchmark_booltester015.flg_6 AND django_enum_tests_benchmark_booltester015.flg_8 AND django_enum_tests_benchmark_booltester015.flg_9 AND django_enum_tests_benchmark_booltester015.flg_12 AND django_enum_tests_benchmark_booltester015.flg_13 AND django_enum_tests_benchmark_booltester015.flg_15)",
                                        "Rows Removed by Filter": 3326828,
                                        "Shared Hit Blocks": 16180,
                                        "Shared Read Blocks": 47515,
                                        "Shared Dirtied Blocks": 0,
                                        "Shared Written Blocks": 0,
                                        "Local Hit Blocks": 0,
                                        "Local Read Blocks": 0,
                                        "Local Dirtied Blocks": 0,
                                        "Local Written Blocks": 0,
                                        "Temp Read Blocks": 0,
                                        "Temp Written Blocks": 0,
                                        "WAL Records": 0,
                                        "WAL FPI": 0,
                                        "WAL Bytes": 0,
                                        "Workers": [
                                            {
                                                "Worker Number": 0,
                                                "Actual Startup Time": 0.042,
                                                "Actual Total Time": 258.29,
                                                "Actual Rows": 6508,
                                                "Actual Loops": 1,
                                                "Shared Hit Blocks": 5261,
                                                "Shared Read Blocks": 15727,
                                                "Shared Dirtied Blocks": 0,
                                                "Shared Written Blocks": 0,
                                                "Local Hit Blocks": 0,
                                                "Local Read Blocks": 0,
                                                "Local Dirtied Blocks": 0,
                                                "Local Written Blocks": 0,
                                                "Temp Read Blocks": 0,
                                                "Temp Written Blocks": 0,
                                                "WAL Records": 0,
                                                "WAL FPI": 0,
                                                "WAL Bytes": 0
                                            },
                                            {
                                                "Worker Number": 1,
                                                "Actual Startup Time": 0.056,
                                                "Actual Total Time": 258.338,
                                                "Actual Rows": 6377,
                                                "Actual Loops": 1,
                                                "Shared Hit Blocks": 5233,
                                                "Shared Read Blocks": 15740,
                                                "Shared Dirtied Blocks": 0,
                                                "Shared Written Blocks": 0,
                                                "Local Hit Blocks": 0,
                                                "Local Read Blocks": 0,
                                                "Local Dirtied Blocks": 0,
                                                "Local Written Blocks": 0,
                                                "Temp Read Blocks": 0,
                                                "Temp Written Blocks": 0,
                                                "WAL Records": 0,
                                                "WAL FPI": 0,
                                                "WAL Bytes": 0
                                            }
                                        ]
                                    }
                                ]
                            },
                            "Settings": {},
                            "Planning": {
                                "Shared Hit Blocks": 0,
                                "Shared Read Blocks": 0,
                                "Shared Dirtied Blocks": 0,
                                "Shared Written Blocks": 0,
                                "Local Hit Blocks": 0,
                                "Local Read Blocks": 0,
                                "Local Dirtied Blocks": 0,
                                "Local Written Blocks": 0,
                                "Temp Read Blocks": 0,
                                "Temp Written Blocks": 0
                            },
                            "Planning Time": 0.101,
                            "Triggers": [],
                            "Execution Time": 262.59
                        },
                        "any_explanation": {
                            "Plan": {
                                "Node Type": "Seq Scan",
                                "Parallel Aware": false,
                                "Async Capable": false,
                                "Relation Name": "django_enum_tests_benchmark_booltester015",
                                "Schema": "public",
                                "Alias": "django_enum_tests_benchmark_booltester015",
                                "Startup Cost": 0.0,
                                "Total Cost": 163695.01,
                                "Plan Rows": 9972549,
                                "Plan Width": 24,
                                "Actual Startup Time": 0.021,
                                "Actual Total Time": 817.198,
                                "Actual Rows": 9980558,
                                "Actual Loops": 1,
                                "Output": [
                                    "id",
                                    "flg_0",
                                    "flg_1",
                                    "flg_2",
                                    "flg_3",
                                    "flg_4",
                                    "flg_5",
                                    "flg_6",
                                    "flg_7",
                                    "flg_8",
                                    "flg_9",
                                    "flg_10",
                                    "flg_11",
                                    "flg_12",
                                    "flg_13",
                                    "flg_14",
                                    "flg_15"
                                ],
                                "Filter": "(django_enum_tests_benchmark_booltester015.flg_2 OR django_enum_tests_benchmark_booltester015.flg_3 OR django_enum_tests_benchmark_booltester015.flg_5 OR django_enum_tests_benchmark_booltester015.flg_6 OR django_enum_tests_benchmark_booltester015.flg_8 OR django_enum_tests_benchmark_booltester015.flg_9 OR django_enum_tests_benchmark_booltester015.flg_12 OR django_enum_tests_benchmark_booltester015.flg_13 OR django_enum_tests_benchmark_booltester015.flg_15)",
                                "Rows Removed by Filter": 19443,
                                "Shared Hit Blocks": 16274,
                                "Shared Read Blocks": 47421,
                                "Shared Dirtied Blocks": 0,
                                "Shared Written Blocks": 0,
                                "Local Hit Blocks": 0,
                                "Local Read Blocks": 0,
                                "Local Dirtied Blocks": 0,
                                "Local Written Blocks": 0,
                                "Temp Read Blocks": 0,
                                "Temp Written Blocks": 0,
                                "WAL Records": 0,
                                "WAL FPI": 0,
                                "WAL Bytes": 0
                            },
                            "Settings": {},
                            "Planning": {
                                "Shared Hit Blocks": 0,
                                "Shared Read Blocks": 0,
                                "Shared Dirtied Blocks": 0,
                                "Shared Written Blocks": 0,
                                "Local Hit Blocks": 0,
                                "Local Read Blocks": 0,
                                "Local Dirtied Blocks": 0,
                                "Local Written Blocks": 0,
                                "Temp Read Blocks": 0,
                                "Temp Written Blocks": 0
                            },
                            "Planning Time": 0.09,
                            "Triggers": [],
                            "Execution Time": 1016.721
                        },
                        "exact_explanation": {
                            "Plan": {
                                "Node Type": "Gather",
                                "Parallel Aware": false,
                                "Async Capable": false,
                                "Startup Cost": 1000.0,
                                "Total Cost": 106367.37,
                                "Plan Rows": 57,
                                "Plan Width": 24,
                                "Actual Startup Time": 4.938,
                                "Actual Total Time": 272.189,
                                "Actual Rows": 149,
                                "Actual Loops": 1,
                                "Output": [
                                    "id",
                                    "flg_0",
                                    "flg_1",
                                    "flg_2",
                                    "flg_3",
                                    "flg_4",
                                    "flg_5",
                                    "flg_6",
                                    "flg_7",
                                    "flg_8",
                                    "flg_9",
                                    "flg_10",
                                    "flg_11",
                                    "flg_12",
                                    "flg_13",
                                    "flg_14",
                                    "flg_15"
                                ],
                                "Workers Planned": 2,
                                "Workers Launched": 2,
                                "Single Copy": false,
                                "Shared Hit Blocks": 16210,
                                "Shared Read Blocks": 47485,
                                "Shared Dirtied Blocks": 0,
                                "Shared Written Blocks": 0,
                                "Local Hit Blocks": 0,
                                "Local Read Blocks": 0,
                                "Local Dirtied Blocks": 0,
                                "Local Written Blocks": 0,
                                "Temp Read Blocks": 0,
                                "Temp Written Blocks": 0,
                                "WAL Records": 0,
                                "WAL FPI": 0,
                                "WAL Bytes": 0,
                                "Plans": [
                                    {
                                        "Node Type": "Seq Scan",
                                        "Parent Relationship": "Outer",
                                        "Parallel Aware": true,
                                        "Async Capable": false,
                                        "Relation Name": "django_enum_tests_benchmark_booltester015",
                                        "Schema": "public",
                                        "Alias": "django_enum_tests_benchmark_booltester015",
                                        "Startup Cost": 0.0,
                                        "Total Cost": 105361.67,
                                        "Plan Rows": 24,
                                        "Plan Width": 24,
                                        "Actual Startup Time": 2.237,
                                        "Actual Total Time": 269.778,
                                        "Actual Rows": 50,
                                        "Actual Loops": 3,
                                        "Output": [
                                            "id",
                                            "flg_0",
                                            "flg_1",
                                            "flg_2",
                                            "flg_3",
                                            "flg_4",
                                            "flg_5",
                                            "flg_6",
                                            "flg_7",
                                            "flg_8",
                                            "flg_9",
                                            "flg_10",
                                            "flg_11",
                                            "flg_12",
                                            "flg_13",
                                            "flg_14",
                                            "flg_15"
                                        ],
                                        "Filter": "((NOT django_enum_tests_benchmark_booltester015.flg_0) AND (NOT django_enum_tests_benchmark_booltester015.flg_1) AND django_enum_tests_benchmark_booltester015.flg_2 AND django_enum_tests_benchmark_booltester015.flg_3 AND (NOT django_enum_tests_benchmark_booltester015.flg_4) AND django_enum_tests_benchmark_booltester015.flg_5 AND django_enum_tests_benchmark_booltester015.flg_6 AND (NOT django_enum_tests_benchmark_booltester015.flg_7) AND django_enum_tests_benchmark_booltester015.flg_8 AND django_enum_tests_benchmark_booltester015.flg_9 AND (NOT django_enum_tests_benchmark_booltester015.flg_10) AND (NOT django_enum_tests_benchmark_booltester015.flg_11) AND django_enum_tests_benchmark_booltester015.flg_12 AND django_enum_tests_benchmark_booltester015.flg_13 AND (NOT django_enum_tests_benchmark_booltester015.flg_14) AND django_enum_tests_benchmark_booltester015.flg_15)",
                                        "Rows Removed by Filter": 3333284,
                                        "Shared Hit Blocks": 16210,
                                        "Shared Read Blocks": 47485,
                                        "Shared Dirtied Blocks": 0,
                                        "Shared Written Blocks": 0,
                                        "Local Hit Blocks": 0,
                                        "Local Read Blocks": 0,
                                        "Local Dirtied Blocks": 0,
                                        "Local Written Blocks": 0,
                                        "Temp Read Blocks": 0,
                                        "Temp Written Blocks": 0,
                                        "WAL Records": 0,
                                        "WAL FPI": 0,
                                        "WAL Bytes": 0,
                                        "Workers": [
                                            {
                                                "Worker Number": 0,
                                                "Actual Startup Time": 1.784,
                                                "Actual Total Time": 269.2,
                                                "Actual Rows": 50,
                                                "Actual Loops": 1,
                                                "Shared Hit Blocks": 5248,
                                                "Shared Read Blocks": 15646,
                                                "Shared Dirtied Blocks": 0,
                                                "Shared Written Blocks": 0,
                                                "Local Hit Blocks": 0,
                                                "Local Read Blocks": 0,
                                                "Local Dirtied Blocks": 0,
                                                "Local Written Blocks": 0,
                                                "Temp Read Blocks": 0,
                                                "Temp Written Blocks": 0,
                                                "WAL Records": 0,
                                                "WAL FPI": 0,
                                                "WAL Bytes": 0
                                            },
                                            {
                                                "Worker Number": 1,
                                                "Actual Startup Time": 0.058,
                                                "Actual Total Time": 269.173,
                                                "Actual Rows": 43,
                                                "Actual Loops": 1,
                                                "Shared Hit Blocks": 5210,
                                                "Shared Read Blocks": 15678,
                                                "Shared Dirtied Blocks": 0,
                                                "Shared Written Blocks": 0,
                                                "Local Hit Blocks": 0,
                                                "Local Read Blocks": 0,
                                                "Local Dirtied Blocks": 0,
                                                "Local Written Blocks": 0,
                                                "Temp Read Blocks": 0,
                                                "Temp Written Blocks": 0,
                                                "WAL Records": 0,
                                                "WAL FPI": 0,
                                                "WAL Bytes": 0
                                            }
                                        ]
                                    }
                                ]
                            },
                            "Settings": {},
                            "Planning": {
                                "Shared Hit Blocks": 0,
                                "Shared Read Blocks": 0,
                                "Shared Dirtied Blocks": 0,
                                "Shared Written Blocks": 0,
                                "Local Hit Blocks": 0,
                                "Local Read Blocks": 0,
                                "Local Dirtied Blocks": 0,
                                "Local Written Blocks": 0,
                                "Temp Read Blocks": 0,
                                "Temp Written Blocks": 0
                            },
                            "Planning Time": 0.119,
                            "Triggers": [],
                            "Execution Time": 272.209
                        },
                        "all_ftr_time": 0.3232004,
                        "any_ftr_time": 1.0297981999999999,
                        "exact_ftr_time": 0.2746977
                    },
                    "20000000": {
                        "all_time": 0.5119908708962612,
                        "any_time": 2.604892429197207,
                        "exact_time": 0.5424398541916162,
                        "table_size": 3710910464.0,
                        "index_time": 100.22808425000403,
                        "all_explanation": {
                            "Plan": {
                                "Node Type": "Gather",
                                "Parallel Aware": false,
                                "Async Capable": false,
                                "Startup Cost": 1000.0,
                                "Total Cost": 231314.63,
                                "Plan Rows": 195923,
                                "Plan Width": 24,
                                "Actual Startup Time": 0.074,
                                "Actual Total Time": 535.284,
                                "Actual Rows": 156425,
                                "Actual Loops": 1,
                                "Output": [
                                    "id",
                                    "flg_0",
                                    "flg_1",
                                    "flg_2",
                                    "flg_3",
                                    "flg_4",
                                    "flg_5",
                                    "flg_6",
                                    "flg_7",
                                    "flg_8",
                                    "flg_9",
                                    "flg_10",
                                    "flg_11",
                                    "flg_12",
                                    "flg_13",
                                    "flg_14",
                                    "flg_15"
                                ],
                                "Workers Planned": 2,
                                "Workers Launched": 2,
                                "Single Copy": false,
                                "Shared Hit Blocks": 5825,
                                "Shared Read Blocks": 121564,
                                "Shared Dirtied Blocks": 0,
                                "Shared Written Blocks": 0,
                                "Local Hit Blocks": 0,
                                "Local Read Blocks": 0,
                                "Local Dirtied Blocks": 0,
                                "Local Written Blocks": 0,
                                "Temp Read Blocks": 0,
                                "Temp Written Blocks": 0,
                                "WAL Records": 0,
                                "WAL FPI": 0,
                                "WAL Bytes": 0,
                                "Plans": [
                                    {
                                        "Node Type": "Seq Scan",
                                        "Parent Relationship": "Outer",
                                        "Parallel Aware": true,
                                        "Async Capable": false,
                                        "Relation Name": "django_enum_tests_benchmark_booltester015",
                                        "Schema": "public",
                                        "Alias": "django_enum_tests_benchmark_booltester015",
                                        "Startup Cost": 0.0,
                                        "Total Cost": 210722.33,
                                        "Plan Rows": 81635,
                                        "Plan Width": 24,
                                        "Actual Startup Time": 0.015,
                                        "Actual Total Time": 524.747,
                                        "Actual Rows": 52142,
                                        "Actual Loops": 3,
                                        "Output": [
                                            "id",
                                            "flg_0",
                                            "flg_1",
                                            "flg_2",
                                            "flg_3",
                                            "flg_4",
                                            "flg_5",
                                            "flg_6",
                                            "flg_7",
                                            "flg_8",
                                            "flg_9",
                                            "flg_10",
                                            "flg_11",
                                            "flg_12",
                                            "flg_13",
                                            "flg_14",
                                            "flg_15"
                                        ],
                                        "Filter": "(django_enum_tests_benchmark_booltester015.flg_4 AND django_enum_tests_benchmark_booltester015.flg_7 AND django_enum_tests_benchmark_booltester015.flg_8 AND django_enum_tests_benchmark_booltester015.flg_12 AND django_enum_tests_benchmark_booltester015.flg_13 AND django_enum_tests_benchmark_booltester015.flg_14 AND django_enum_tests_benchmark_booltester015.flg_15)",
                                        "Rows Removed by Filter": 6614525,
                                        "Shared Hit Blocks": 5825,
                                        "Shared Read Blocks": 121564,
                                        "Shared Dirtied Blocks": 0,
                                        "Shared Written Blocks": 0,
                                        "Local Hit Blocks": 0,
                                        "Local Read Blocks": 0,
                                        "Local Dirtied Blocks": 0,
                                        "Local Written Blocks": 0,
                                        "Temp Read Blocks": 0,
                                        "Temp Written Blocks": 0,
                                        "WAL Records": 0,
                                        "WAL FPI": 0,
                                        "WAL Bytes": 0,
                                        "Workers": [
                                            {
                                                "Worker Number": 0,
                                                "Actual Startup Time": 0.019,
                                                "Actual Total Time": 526.032,
                                                "Actual Rows": 52333,
                                                "Actual Loops": 1,
                                                "Shared Hit Blocks": 1923,
                                                "Shared Read Blocks": 40384,
                                                "Shared Dirtied Blocks": 0,
                                                "Shared Written Blocks": 0,
                                                "Local Hit Blocks": 0,
                                                "Local Read Blocks": 0,
                                                "Local Dirtied Blocks": 0,
                                                "Local Written Blocks": 0,
                                                "Temp Read Blocks": 0,
                                                "Temp Written Blocks": 0,
                                                "WAL Records": 0,
                                                "WAL FPI": 0,
                                                "WAL Bytes": 0
                                            },
                                            {
                                                "Worker Number": 1,
                                                "Actual Startup Time": 0.017,
                                                "Actual Total Time": 526.143,
                                                "Actual Rows": 52048,
                                                "Actual Loops": 1,
                                                "Shared Hit Blocks": 1871,
                                                "Shared Read Blocks": 40383,
                                                "Shared Dirtied Blocks": 0,
                                                "Shared Written Blocks": 0,
                                                "Local Hit Blocks": 0,
                                                "Local Read Blocks": 0,
                                                "Local Dirtied Blocks": 0,
                                                "Local Written Blocks": 0,
                                                "Temp Read Blocks": 0,
                                                "Temp Written Blocks": 0,
                                                "WAL Records": 0,
                                                "WAL FPI": 0,
                                                "WAL Bytes": 0
                                            }
                                        ]
                                    }
                                ]
                            },
                            "Settings": {},
                            "Planning": {
                                "Shared Hit Blocks": 0,
                                "Shared Read Blocks": 0,
                                "Shared Dirtied Blocks": 0,
                                "Shared Written Blocks": 0,
                                "Local Hit Blocks": 0,
                                "Local Read Blocks": 0,
                                "Local Dirtied Blocks": 0,
                                "Local Written Blocks": 0,
                                "Temp Read Blocks": 0,
                                "Temp Written Blocks": 0
                            },
                            "Planning Time": 0.099,
                            "Triggers": [],
                            "Execution Time": 538.779
                        },
                        "any_explanation": {
                            "Plan": {
                                "Node Type": "Seq Scan",
                                "Parallel Aware": false,
                                "Async Capable": false,
                                "Relation Name": "django_enum_tests_benchmark_booltester015",
                                "Schema": "public",
                                "Alias": "django_enum_tests_benchmark_booltester015",
                                "Startup Cost": 0.0,
                                "Total Cost": 327389.0,
                                "Plan Rows": 19886217,
                                "Plan Width": 24,
                                "Actual Startup Time": 0.006,
                                "Actual Total Time": 1677.1,
                                "Actual Rows": 19843497,
                                "Actual Loops": 1,
                                "Output": [
                                    "id",
                                    "flg_0",
                                    "flg_1",
                                    "flg_2",
                                    "flg_3",
                                    "flg_4",
                                    "flg_5",
                                    "flg_6",
                                    "flg_7",
                                    "flg_8",
                                    "flg_9",
                                    "flg_10",
                                    "flg_11",
                                    "flg_12",
                                    "flg_13",
                                    "flg_14",
                                    "flg_15"
                                ],
                                "Filter": "(django_enum_tests_benchmark_booltester015.flg_4 OR django_enum_tests_benchmark_booltester015.flg_7 OR django_enum_tests_benchmark_booltester015.flg_8 OR django_enum_tests_benchmark_booltester015.flg_12 OR django_enum_tests_benchmark_booltester015.flg_13 OR django_enum_tests_benchmark_booltester015.flg_14 OR django_enum_tests_benchmark_booltester015.flg_15)",
                                "Rows Removed by Filter": 156504,
                                "Shared Hit Blocks": 6017,
                                "Shared Read Blocks": 121372,
                                "Shared Dirtied Blocks": 0,
                                "Shared Written Blocks": 0,
                                "Local Hit Blocks": 0,
                                "Local Read Blocks": 0,
                                "Local Dirtied Blocks": 0,
                                "Local Written Blocks": 0,
                                "Temp Read Blocks": 0,
                                "Temp Written Blocks": 0,
                                "WAL Records": 0,
                                "WAL FPI": 0,
                                "WAL Bytes": 0
                            },
                            "Settings": {},
                            "Planning": {
                                "Shared Hit Blocks": 0,
                                "Shared Read Blocks": 0,
                                "Shared Dirtied Blocks": 0,
                                "Shared Written Blocks": 0,
                                "Local Hit Blocks": 0,
                                "Local Read Blocks": 0,
                                "Local Dirtied Blocks": 0,
                                "Local Written Blocks": 0,
                                "Temp Read Blocks": 0,
                                "Temp Written Blocks": 0
                            },
                            "Planning Time": 0.082,
                            "Triggers": [],
                            "Execution Time": 2079.008
                        },
                        "exact_explanation": {
                            "Plan": {
                                "Node Type": "Gather",
                                "Parallel Aware": false,
                                "Async Capable": false,
                                "Startup Cost": 1000.0,
                                "Total Cost": 211768.33,
                                "Plan Rows": 460,
                                "Plan Width": 24,
                                "Actual Startup Time": 8.362,
                                "Actual Total Time": 550.072,
                                "Actual Rows": 281,
                                "Actual Loops": 1,
                                "Output": [
                                    "id",
                                    "flg_0",
                                    "flg_1",
                                    "flg_2",
                                    "flg_3",
                                    "flg_4",
                                    "flg_5",
                                    "flg_6",
                                    "flg_7",
                                    "flg_8",
                                    "flg_9",
                                    "flg_10",
                                    "flg_11",
                                    "flg_12",
                                    "flg_13",
                                    "flg_14",
                                    "flg_15"
                                ],
                                "Workers Planned": 2,
                                "Workers Launched": 2,
                                "Single Copy": false,
                                "Shared Hit Blocks": 6145,
                                "Shared Read Blocks": 121244,
                                "Shared Dirtied Blocks": 0,
                                "Shared Written Blocks": 0,
                                "Local Hit Blocks": 0,
                                "Local Read Blocks": 0,
                                "Local Dirtied Blocks": 0,
                                "Local Written Blocks": 0,
                                "Temp Read Blocks": 0,
                                "Temp Written Blocks": 0,
                                "WAL Records": 0,
                                "WAL FPI": 0,
                                "WAL Bytes": 0,
                                "Plans": [
                                    {
                                        "Node Type": "Seq Scan",
                                        "Parent Relationship": "Outer",
                                        "Parallel Aware": true,
                                        "Async Capable": false,
                                        "Relation Name": "django_enum_tests_benchmark_booltester015",
                                        "Schema": "public",
                                        "Alias": "django_enum_tests_benchmark_booltester015",
                                        "Startup Cost": 0.0,
                                        "Total Cost": 210722.33,
                                        "Plan Rows": 192,
                                        "Plan Width": 24,
                                        "Actual Startup Time": 9.138,
                                        "Actual Total Time": 547.68,
                                        "Actual Rows": 94,
                                        "Actual Loops": 3,
                                        "Output": [
                                            "id",
                                            "flg_0",
                                            "flg_1",
                                            "flg_2",
                                            "flg_3",
                                            "flg_4",
                                            "flg_5",
                                            "flg_6",
                                            "flg_7",
                                            "flg_8",
                                            "flg_9",
                                            "flg_10",
                                            "flg_11",
                                            "flg_12",
                                            "flg_13",
                                            "flg_14",
                                            "flg_15"
                                        ],
                                        "Filter": "((NOT django_enum_tests_benchmark_booltester015.flg_0) AND (NOT django_enum_tests_benchmark_booltester015.flg_1) AND (NOT django_enum_tests_benchmark_booltester015.flg_2) AND (NOT django_enum_tests_benchmark_booltester015.flg_3) AND django_enum_tests_benchmark_booltester015.flg_4 AND (NOT django_enum_tests_benchmark_booltester015.flg_5) AND (NOT django_enum_tests_benchmark_booltester015.flg_6) AND django_enum_tests_benchmark_booltester015.flg_7 AND django_enum_tests_benchmark_booltester015.flg_8 AND (NOT django_enum_tests_benchmark_booltester015.flg_9) AND (NOT django_enum_tests_benchmark_booltester015.flg_10) AND (NOT django_enum_tests_benchmark_booltester015.flg_11) AND django_enum_tests_benchmark_booltester015.flg_12 AND django_enum_tests_benchmark_booltester015.flg_13 AND django_enum_tests_benchmark_booltester015.flg_14 AND django_enum_tests_benchmark_booltester015.flg_15)",
                                        "Rows Removed by Filter": 6666573,
                                        "Shared Hit Blocks": 6145,
                                        "Shared Read Blocks": 121244,
                                        "Shared Dirtied Blocks": 0,
                                        "Shared Written Blocks": 0,
                                        "Local Hit Blocks": 0,
                                        "Local Read Blocks": 0,
                                        "Local Dirtied Blocks": 0,
                                        "Local Written Blocks": 0,
                                        "Temp Read Blocks": 0,
                                        "Temp Written Blocks": 0,
                                        "WAL Records": 0,
                                        "WAL FPI": 0,
                                        "WAL Bytes": 0,
                                        "Workers": [
                                            {
                                                "Worker Number": 0,
                                                "Actual Startup Time": 3.119,
                                                "Actual Total Time": 547.014,
                                                "Actual Rows": 100,
                                                "Actual Loops": 1,
                                                "Shared Hit Blocks": 1985,
                                                "Shared Read Blocks": 40317,
                                                "Shared Dirtied Blocks": 0,
                                                "Shared Written Blocks": 0,
                                                "Local Hit Blocks": 0,
                                                "Local Read Blocks": 0,
                                                "Local Dirtied Blocks": 0,
                                                "Local Written Blocks": 0,
                                                "Temp Read Blocks": 0,
                                                "Temp Written Blocks": 0,
                                                "WAL Records": 0,
                                                "WAL FPI": 0,
                                                "WAL Bytes": 0
                                            },
                                            {
                                                "Worker Number": 1,
                                                "Actual Startup Time": 16.015,
                                                "Actual Total Time": 547.072,
                                                "Actual Rows": 85,
                                                "Actual Loops": 1,
                                                "Shared Hit Blocks": 1953,
                                                "Shared Read Blocks": 40351,
                                                "Shared Dirtied Blocks": 0,
                                                "Shared Written Blocks": 0,
                                                "Local Hit Blocks": 0,
                                                "Local Read Blocks": 0,
                                                "Local Dirtied Blocks": 0,
                                                "Local Written Blocks": 0,
                                                "Temp Read Blocks": 0,
                                                "Temp Written Blocks": 0,
                                                "WAL Records": 0,
                                                "WAL FPI": 0,
                                                "WAL Bytes": 0
                                            }
                                        ]
                                    }
                                ]
                            },
                            "Settings": {},
                            "Planning": {
                                "Shared Hit Blocks": 0,
                                "Shared Read Blocks": 0,
                                "Shared Dirtied Blocks": 0,
                                "Shared Written Blocks": 0,
                                "Local Hit Blocks": 0,
                                "Local Read Blocks": 0,
                                "Local Dirtied Blocks": 0,
                                "Local Written Blocks": 0,
                                "Temp Read Blocks": 0,
                                "Temp Written Blocks": 0
                            },
                            "Planning Time": 0.136,
                            "Triggers": [],
                            "Execution Time": 550.095
                        },
                        "all_ftr_time": 0.5364156,
                        "any_ftr_time": 2.0151425000000005,
                        "exact_ftr_time": 0.5439706000000001
                    },
                    "40000000": {
                        "all_time": 1.0532328207045794,
                        "any_time": 5.295638195774518,
                        "exact_time": 1.0950673750019633,
                        "table_size": 7420772352.0,
                        "index_time": 212.48248504195362,
                        "all_explanation": {
                            "Plan": {
                                "Node Type": "Gather",
                                "Parallel Aware": false,
                                "Async Capable": false,
                                "Startup Cost": 1000.0,
                                "Total Cost": 548898.07,
                                "Plan Rows": 1264534,
                                "Plan Width": 24,
                                "Actual Startup Time": 0.076,
                                "Actual Total Time": 1156.604,
                                "Actual Rows": 1249874,
                                "Actual Loops": 1,
                                "Output": [
                                    "id",
                                    "flg_0",
                                    "flg_1",
                                    "flg_2",
                                    "flg_3",
                                    "flg_4",
                                    "flg_5",
                                    "flg_6",
                                    "flg_7",
                                    "flg_8",
                                    "flg_9",
                                    "flg_10",
                                    "flg_11",
                                    "flg_12",
                                    "flg_13",
                                    "flg_14",
                                    "flg_15"
                                ],
                                "Workers Planned": 2,
                                "Workers Launched": 2,
                                "Single Copy": false,
                                "Shared Hit Blocks": 5827,
                                "Shared Read Blocks": 248951,
                                "Shared Dirtied Blocks": 0,
                                "Shared Written Blocks": 0,
                                "Local Hit Blocks": 0,
                                "Local Read Blocks": 0,
                                "Local Dirtied Blocks": 0,
                                "Local Written Blocks": 0,
                                "Temp Read Blocks": 0,
                                "Temp Written Blocks": 0,
                                "WAL Records": 0,
                                "WAL FPI": 0,
                                "WAL Bytes": 0,
                                "Plans": [
                                    {
                                        "Node Type": "Seq Scan",
                                        "Parent Relationship": "Outer",
                                        "Parallel Aware": true,
                                        "Async Capable": false,
                                        "Relation Name": "django_enum_tests_benchmark_booltester015",
                                        "Schema": "public",
                                        "Alias": "django_enum_tests_benchmark_booltester015",
                                        "Startup Cost": 0.0,
                                        "Total Cost": 421444.67,
                                        "Plan Rows": 526889,
                                        "Plan Width": 24,
                                        "Actual Startup Time": 0.021,
                                        "Actual Total Time": 1076.124,
                                        "Actual Rows": 416625,
                                        "Actual Loops": 3,
                                        "Output": [
                                            "id",
                                            "flg_0",
                                            "flg_1",
                                            "flg_2",
                                            "flg_3",
                                            "flg_4",
                                            "flg_5",
                                            "flg_6",
                                            "flg_7",
                                            "flg_8",
                                            "flg_9",
                                            "flg_10",
                                            "flg_11",
                                            "flg_12",
                                            "flg_13",
                                            "flg_14",
                                            "flg_15"
                                        ],
                                        "Filter": "(django_enum_tests_benchmark_booltester015.flg_3 AND django_enum_tests_benchmark_booltester015.flg_8 AND django_enum_tests_benchmark_booltester015.flg_9 AND django_enum_tests_benchmark_booltester015.flg_11 AND django_enum_tests_benchmark_booltester015.flg_15)",
                                        "Rows Removed by Filter": 12916709,
                                        "Shared Hit Blocks": 5827,
                                        "Shared Read Blocks": 248951,
                                        "Shared Dirtied Blocks": 0,
                                        "Shared Written Blocks": 0,
                                        "Local Hit Blocks": 0,
                                        "Local Read Blocks": 0,
                                        "Local Dirtied Blocks": 0,
                                        "Local Written Blocks": 0,
                                        "Temp Read Blocks": 0,
                                        "Temp Written Blocks": 0,
                                        "WAL Records": 0,
                                        "WAL FPI": 0,
                                        "WAL Bytes": 0,
                                        "Workers": [
                                            {
                                                "Worker Number": 0,
                                                "Actual Startup Time": 0.024,
                                                "Actual Total Time": 1092.043,
                                                "Actual Rows": 418829,
                                                "Actual Loops": 1,
                                                "Shared Hit Blocks": 1924,
                                                "Shared Read Blocks": 83421,
                                                "Shared Dirtied Blocks": 0,
                                                "Shared Written Blocks": 0,
                                                "Local Hit Blocks": 0,
                                                "Local Read Blocks": 0,
                                                "Local Dirtied Blocks": 0,
                                                "Local Written Blocks": 0,
                                                "Temp Read Blocks": 0,
                                                "Temp Written Blocks": 0,
                                                "WAL Records": 0,
                                                "WAL FPI": 0,
                                                "WAL Bytes": 0
                                            },
                                            {
                                                "Worker Number": 1,
                                                "Actual Startup Time": 0.028,
                                                "Actual Total Time": 1093.65,
                                                "Actual Rows": 419627,
                                                "Actual Loops": 1,
                                                "Shared Hit Blocks": 1937,
                                                "Shared Read Blocks": 83593,
                                                "Shared Dirtied Blocks": 0,
                                                "Shared Written Blocks": 0,
                                                "Local Hit Blocks": 0,
                                                "Local Read Blocks": 0,
                                                "Local Dirtied Blocks": 0,
                                                "Local Written Blocks": 0,
                                                "Temp Read Blocks": 0,
                                                "Temp Written Blocks": 0,
                                                "WAL Records": 0,
                                                "WAL FPI": 0,
                                                "WAL Bytes": 0
                                            }
                                        ]
                                    }
                                ]
                            },
                            "Settings": {},
                            "Planning": {
                                "Shared Hit Blocks": 0,
                                "Shared Read Blocks": 0,
                                "Shared Dirtied Blocks": 0,
                                "Shared Written Blocks": 0,
                                "Local Hit Blocks": 0,
                                "Local Read Blocks": 0,
                                "Local Dirtied Blocks": 0,
                                "Local Written Blocks": 0,
                                "Temp Read Blocks": 0,
                                "Temp Written Blocks": 0
                            },
                            "Planning Time": 0.087,
                            "Triggers": [],
                            "Execution Time": 1184.316
                        },
                        "any_explanation": {
                            "Plan": {
                                "Node Type": "Seq Scan",
                                "Parallel Aware": false,
                                "Async Capable": false,
                                "Relation Name": "django_enum_tests_benchmark_booltester015",
                                "Schema": "public",
                                "Alias": "django_enum_tests_benchmark_booltester015",
                                "Startup Cost": 0.0,
                                "Total Cost": 654778.0,
                                "Plan Rows": 38764798,
                                "Plan Width": 24,
                                "Actual Startup Time": 0.011,
                                "Actual Total Time": 3347.575,
                                "Actual Rows": 38749511,
                                "Actual Loops": 1,
                                "Output": [
                                    "id",
                                    "flg_0",
                                    "flg_1",
                                    "flg_2",
                                    "flg_3",
                                    "flg_4",
                                    "flg_5",
                                    "flg_6",
                                    "flg_7",
                                    "flg_8",
                                    "flg_9",
                                    "flg_10",
                                    "flg_11",
                                    "flg_12",
                                    "flg_13",
                                    "flg_14",
                                    "flg_15"
                                ],
                                "Filter": "(django_enum_tests_benchmark_booltester015.flg_3 OR django_enum_tests_benchmark_booltester015.flg_8 OR django_enum_tests_benchmark_booltester015.flg_9 OR django_enum_tests_benchmark_booltester015.flg_11 OR django_enum_tests_benchmark_booltester015.flg_15)",
                                "Rows Removed by Filter": 1250490,
                                "Shared Hit Blocks": 6019,
                                "Shared Read Blocks": 248759,
                                "Shared Dirtied Blocks": 0,
                                "Shared Written Blocks": 0,
                                "Local Hit Blocks": 0,
                                "Local Read Blocks": 0,
                                "Local Dirtied Blocks": 0,
                                "Local Written Blocks": 0,
                                "Temp Read Blocks": 0,
                                "Temp Written Blocks": 0,
                                "WAL Records": 0,
                                "WAL FPI": 0,
                                "WAL Bytes": 0
                            },
                            "Settings": {},
                            "Planning": {
                                "Shared Hit Blocks": 0,
                                "Shared Read Blocks": 0,
                                "Shared Dirtied Blocks": 0,
                                "Shared Written Blocks": 0,
                                "Local Hit Blocks": 0,
                                "Local Read Blocks": 0,
                                "Local Dirtied Blocks": 0,
                                "Local Written Blocks": 0,
                                "Temp Read Blocks": 0,
                                "Temp Written Blocks": 0
                            },
                            "Planning Time": 0.095,
                            "Triggers": [],
                            "Execution Time": 4131.183
                        },
                        "exact_explanation": {
                            "Plan": {
                                "Node Type": "Gather",
                                "Parallel Aware": false,
                                "Async Capable": false,
                                "Startup Cost": 1000.0,
                                "Total Cost": 422505.07,
                                "Plan Rows": 604,
                                "Plan Width": 24,
                                "Actual Startup Time": 7.088,
                                "Actual Total Time": 1099.433,
                                "Actual Rows": 600,
                                "Actual Loops": 1,
                                "Output": [
                                    "id",
                                    "flg_0",
                                    "flg_1",
                                    "flg_2",
                                    "flg_3",
                                    "flg_4",
                                    "flg_5",
                                    "flg_6",
                                    "flg_7",
                                    "flg_8",
                                    "flg_9",
                                    "flg_10",
                                    "flg_11",
                                    "flg_12",
                                    "flg_13",
                                    "flg_14",
                                    "flg_15"
                                ],
                                "Workers Planned": 2,
                                "Workers Launched": 2,
                                "Single Copy": false,
                                "Shared Hit Blocks": 6147,
                                "Shared Read Blocks": 248631,
                                "Shared Dirtied Blocks": 0,
                                "Shared Written Blocks": 0,
                                "Local Hit Blocks": 0,
                                "Local Read Blocks": 0,
                                "Local Dirtied Blocks": 0,
                                "Local Written Blocks": 0,
                                "Temp Read Blocks": 0,
                                "Temp Written Blocks": 0,
                                "WAL Records": 0,
                                "WAL FPI": 0,
                                "WAL Bytes": 0,
                                "Plans": [
                                    {
                                        "Node Type": "Seq Scan",
                                        "Parent Relationship": "Outer",
                                        "Parallel Aware": true,
                                        "Async Capable": false,
                                        "Relation Name": "django_enum_tests_benchmark_booltester015",
                                        "Schema": "public",
                                        "Alias": "django_enum_tests_benchmark_booltester015",
                                        "Startup Cost": 0.0,
                                        "Total Cost": 421444.67,
                                        "Plan Rows": 252,
                                        "Plan Width": 24,
                                        "Actual Startup Time": 6.685,
                                        "Actual Total Time": 1096.952,
                                        "Actual Rows": 200,
                                        "Actual Loops": 3,
                                        "Output": [
                                            "id",
                                            "flg_0",
                                            "flg_1",
                                            "flg_2",
                                            "flg_3",
                                            "flg_4",
                                            "flg_5",
                                            "flg_6",
                                            "flg_7",
                                            "flg_8",
                                            "flg_9",
                                            "flg_10",
                                            "flg_11",
                                            "flg_12",
                                            "flg_13",
                                            "flg_14",
                                            "flg_15"
                                        ],
                                        "Filter": "((NOT django_enum_tests_benchmark_booltester015.flg_0) AND (NOT django_enum_tests_benchmark_booltester015.flg_1) AND (NOT django_enum_tests_benchmark_booltester015.flg_2) AND django_enum_tests_benchmark_booltester015.flg_3 AND (NOT django_enum_tests_benchmark_booltester015.flg_4) AND (NOT django_enum_tests_benchmark_booltester015.flg_5) AND (NOT django_enum_tests_benchmark_booltester015.flg_6) AND (NOT django_enum_tests_benchmark_booltester015.flg_7) AND django_enum_tests_benchmark_booltester015.flg_8 AND django_enum_tests_benchmark_booltester015.flg_9 AND (NOT django_enum_tests_benchmark_booltester015.flg_10) AND django_enum_tests_benchmark_booltester015.flg_11 AND (NOT django_enum_tests_benchmark_booltester015.flg_12) AND (NOT django_enum_tests_benchmark_booltester015.flg_13) AND (NOT django_enum_tests_benchmark_booltester015.flg_14) AND django_enum_tests_benchmark_booltester015.flg_15)",
                                        "Rows Removed by Filter": 13333134,
                                        "Shared Hit Blocks": 6147,
                                        "Shared Read Blocks": 248631,
                                        "Shared Dirtied Blocks": 0,
                                        "Shared Written Blocks": 0,
                                        "Local Hit Blocks": 0,
                                        "Local Read Blocks": 0,
                                        "Local Dirtied Blocks": 0,
                                        "Local Written Blocks": 0,
                                        "Temp Read Blocks": 0,
                                        "Temp Written Blocks": 0,
                                        "WAL Records": 0,
                                        "WAL FPI": 0,
                                        "WAL Bytes": 0,
                                        "Workers": [
                                            {
                                                "Worker Number": 0,
                                                "Actual Startup Time": 9.33,
                                                "Actual Total Time": 1096.291,
                                                "Actual Rows": 203,
                                                "Actual Loops": 1,
                                                "Shared Hit Blocks": 1969,
                                                "Shared Read Blocks": 82272,
                                                "Shared Dirtied Blocks": 0,
                                                "Shared Written Blocks": 0,
                                                "Local Hit Blocks": 0,
                                                "Local Read Blocks": 0,
                                                "Local Dirtied Blocks": 0,
                                                "Local Written Blocks": 0,
                                                "Temp Read Blocks": 0,
                                                "Temp Written Blocks": 0,
                                                "WAL Records": 0,
                                                "WAL FPI": 0,
                                                "WAL Bytes": 0
                                            },
                                            {
                                                "Worker Number": 1,
                                                "Actual Startup Time": 3.715,
                                                "Actual Total Time": 1096.279,
                                                "Actual Rows": 205,
                                                "Actual Loops": 1,
                                                "Shared Hit Blocks": 2031,
                                                "Shared Read Blocks": 82141,
                                                "Shared Dirtied Blocks": 0,
                                                "Shared Written Blocks": 0,
                                                "Local Hit Blocks": 0,
                                                "Local Read Blocks": 0,
                                                "Local Dirtied Blocks": 0,
                                                "Local Written Blocks": 0,
                                                "Temp Read Blocks": 0,
                                                "Temp Written Blocks": 0,
                                                "WAL Records": 0,
                                                "WAL FPI": 0,
                                                "WAL Bytes": 0
                                            }
                                        ]
                                    }
                                ]
                            },
                            "Settings": {},
                            "Planning": {
                                "Shared Hit Blocks": 0,
                                "Shared Read Blocks": 0,
                                "Shared Dirtied Blocks": 0,
                                "Shared Written Blocks": 0,
                                "Local Hit Blocks": 0,
                                "Local Read Blocks": 0,
                                "Local Dirtied Blocks": 0,
                                "Local Written Blocks": 0,
                                "Temp Read Blocks": 0,
                                "Temp Written Blocks": 0
                            },
                            "Planning Time": 0.133,
                            "Triggers": [],
                            "Execution Time": 1099.474
                        },
                        "all_ftr_time": 1.0847316,
                        "any_ftr_time": 4.097613999999999,
                        "exact_ftr_time": 1.1057059
                    },
                    "60000000": {
                        "all_time": 1.6214211042039097,
                        "any_time": 7.9985752833075825,
                        "exact_time": 1.6338067626347765,
                        "table_size": 10737418240.0,
                        "index_time": 325.197370333015,
                        "all_explanation": {
                            "Plan": {
                                "Node Type": "Gather",
                                "Parallel Aware": false,
                                "Async Capable": false,
                                "Startup Cost": 1000.0,
                                "Total Cost": 680213.0,
                                "Plan Rows": 470470,
                                "Plan Width": 24,
                                "Actual Startup Time": 0.086,
                                "Actual Total Time": 1694.369,
                                "Actual Rows": 469266,
                                "Actual Loops": 1,
                                "Output": [
                                    "id",
                                    "flg_0",
                                    "flg_1",
                                    "flg_2",
                                    "flg_3",
                                    "flg_4",
                                    "flg_5",
                                    "flg_6",
                                    "flg_7",
                                    "flg_8",
                                    "flg_9",
                                    "flg_10",
                                    "flg_11",
                                    "flg_12",
                                    "flg_13",
                                    "flg_14",
                                    "flg_15"
                                ],
                                "Workers Planned": 2,
                                "Workers Launched": 2,
                                "Single Copy": false,
                                "Shared Hit Blocks": 5728,
                                "Shared Read Blocks": 376438,
                                "Shared Dirtied Blocks": 0,
                                "Shared Written Blocks": 0,
                                "Local Hit Blocks": 0,
                                "Local Read Blocks": 0,
                                "Local Dirtied Blocks": 0,
                                "Local Written Blocks": 0,
                                "Temp Read Blocks": 0,
                                "Temp Written Blocks": 0,
                                "WAL Records": 0,
                                "WAL FPI": 0,
                                "WAL Bytes": 0,
                                "Plans": [
                                    {
                                        "Node Type": "Seq Scan",
                                        "Parent Relationship": "Outer",
                                        "Parallel Aware": true,
                                        "Async Capable": false,
                                        "Relation Name": "django_enum_tests_benchmark_booltester015",
                                        "Schema": "public",
                                        "Alias": "django_enum_tests_benchmark_booltester015",
                                        "Startup Cost": 0.0,
                                        "Total Cost": 632166.0,
                                        "Plan Rows": 196029,
                                        "Plan Width": 24,
                                        "Actual Startup Time": 0.027,
                                        "Actual Total Time": 1663.074,
                                        "Actual Rows": 156422,
                                        "Actual Loops": 3,
                                        "Output": [
                                            "id",
                                            "flg_0",
                                            "flg_1",
                                            "flg_2",
                                            "flg_3",
                                            "flg_4",
                                            "flg_5",
                                            "flg_6",
                                            "flg_7",
                                            "flg_8",
                                            "flg_9",
                                            "flg_10",
                                            "flg_11",
                                            "flg_12",
                                            "flg_13",
                                            "flg_14",
                                            "flg_15"
                                        ],
                                        "Filter": "(django_enum_tests_benchmark_booltester015.flg_0 AND django_enum_tests_benchmark_booltester015.flg_3 AND django_enum_tests_benchmark_booltester015.flg_6 AND django_enum_tests_benchmark_booltester015.flg_8 AND django_enum_tests_benchmark_booltester015.flg_9 AND django_enum_tests_benchmark_booltester015.flg_10 AND django_enum_tests_benchmark_booltester015.flg_14)",
                                        "Rows Removed by Filter": 19843578,
                                        "Shared Hit Blocks": 5728,
                                        "Shared Read Blocks": 376438,
                                        "Shared Dirtied Blocks": 0,
                                        "Shared Written Blocks": 0,
                                        "Local Hit Blocks": 0,
                                        "Local Read Blocks": 0,
                                        "Local Dirtied Blocks": 0,
                                        "Local Written Blocks": 0,
                                        "Temp Read Blocks": 0,
                                        "Temp Written Blocks": 0,
                                        "WAL Records": 0,
                                        "WAL FPI": 0,
                                        "WAL Bytes": 0,
                                        "Workers": [
                                            {
                                                "Worker Number": 0,
                                                "Actual Startup Time": 0.031,
                                                "Actual Total Time": 1669.004,
                                                "Actual Rows": 155574,
                                                "Actual Loops": 1,
                                                "Shared Hit Blocks": 1868,
                                                "Shared Read Blocks": 125270,
                                                "Shared Dirtied Blocks": 0,
                                                "Shared Written Blocks": 0,
                                                "Local Hit Blocks": 0,
                                                "Local Read Blocks": 0,
                                                "Local Dirtied Blocks": 0,
                                                "Local Written Blocks": 0,
                                                "Temp Read Blocks": 0,
                                                "Temp Written Blocks": 0,
                                                "WAL Records": 0,
                                                "WAL FPI": 0,
                                                "WAL Bytes": 0
                                            },
                                            {
                                                "Worker Number": 1,
                                                "Actual Startup Time": 0.029,
                                                "Actual Total Time": 1669.059,
                                                "Actual Rows": 156750,
                                                "Actual Loops": 1,
                                                "Shared Hit Blocks": 1838,
                                                "Shared Read Blocks": 125440,
                                                "Shared Dirtied Blocks": 0,
                                                "Shared Written Blocks": 0,
                                                "Local Hit Blocks": 0,
                                                "Local Read Blocks": 0,
                                                "Local Dirtied Blocks": 0,
                                                "Local Written Blocks": 0,
                                                "Temp Read Blocks": 0,
                                                "Temp Written Blocks": 0,
                                                "WAL Records": 0,
                                                "WAL FPI": 0,
                                                "WAL Bytes": 0
                                            }
                                        ]
                                    }
                                ]
                            },
                            "Settings": {},
                            "Planning": {
                                "Shared Hit Blocks": 0,
                                "Shared Read Blocks": 0,
                                "Shared Dirtied Blocks": 0,
                                "Shared Written Blocks": 0,
                                "Local Hit Blocks": 0,
                                "Local Read Blocks": 0,
                                "Local Dirtied Blocks": 0,
                                "Local Written Blocks": 0,
                                "Temp Read Blocks": 0,
                                "Temp Written Blocks": 0
                            },
                            "Planning Time": 0.103,
                            "Triggers": [],
                            "Execution Time": 1705.336
                        },
                        "any_explanation": {
                            "Plan": {
                                "Node Type": "Seq Scan",
                                "Parallel Aware": false,
                                "Async Capable": false,
                                "Relation Name": "django_enum_tests_benchmark_booltester015",
                                "Schema": "public",
                                "Alias": "django_enum_tests_benchmark_booltester015",
                                "Startup Cost": 0.0,
                                "Total Cost": 982166.0,
                                "Plan Rows": 59533091,
                                "Plan Width": 24,
                                "Actual Startup Time": 0.012,
                                "Actual Total Time": 4935.357,
                                "Actual Rows": 59531445,
                                "Actual Loops": 1,
                                "Output": [
                                    "id",
                                    "flg_0",
                                    "flg_1",
                                    "flg_2",
                                    "flg_3",
                                    "flg_4",
                                    "flg_5",
                                    "flg_6",
                                    "flg_7",
                                    "flg_8",
                                    "flg_9",
                                    "flg_10",
                                    "flg_11",
                                    "flg_12",
                                    "flg_13",
                                    "flg_14",
                                    "flg_15"
                                ],
                                "Filter": "(django_enum_tests_benchmark_booltester015.flg_0 OR django_enum_tests_benchmark_booltester015.flg_3 OR django_enum_tests_benchmark_booltester015.flg_6 OR django_enum_tests_benchmark_booltester015.flg_8 OR django_enum_tests_benchmark_booltester015.flg_9 OR django_enum_tests_benchmark_booltester015.flg_10 OR django_enum_tests_benchmark_booltester015.flg_14)",
                                "Rows Removed by Filter": 468556,
                                "Shared Hit Blocks": 5920,
                                "Shared Read Blocks": 376246,
                                "Shared Dirtied Blocks": 0,
                                "Shared Written Blocks": 0,
                                "Local Hit Blocks": 0,
                                "Local Read Blocks": 0,
                                "Local Dirtied Blocks": 0,
                                "Local Written Blocks": 0,
                                "Temp Read Blocks": 0,
                                "Temp Written Blocks": 0,
                                "WAL Records": 0,
                                "WAL FPI": 0,
                                "WAL Bytes": 0
                            },
                            "Settings": {},
                            "Planning": {
                                "Shared Hit Blocks": 0,
                                "Shared Read Blocks": 0,
                                "Shared Dirtied Blocks": 0,
                                "Shared Written Blocks": 0,
                                "Local Hit Blocks": 0,
                                "Local Read Blocks": 0,
                                "Local Dirtied Blocks": 0,
                                "Local Written Blocks": 0,
                                "Temp Read Blocks": 0,
                                "Temp Written Blocks": 0
                            },
                            "Planning Time": 0.088,
                            "Triggers": [],
                            "Execution Time": 6136.94
                        },
                        "exact_explanation": {
                            "Plan": {
                                "Node Type": "Gather",
                                "Parallel Aware": false,
                                "Async Capable": false,
                                "Startup Cost": 1000.0,
                                "Total Cost": 633261.7,
                                "Plan Rows": 957,
                                "Plan Width": 24,
                                "Actual Startup Time": 1.238,
                                "Actual Total Time": 1657.103,
                                "Actual Rows": 911,
                                "Actual Loops": 1,
                                "Output": [
                                    "id",
                                    "flg_0",
                                    "flg_1",
                                    "flg_2",
                                    "flg_3",
                                    "flg_4",
                                    "flg_5",
                                    "flg_6",
                                    "flg_7",
                                    "flg_8",
                                    "flg_9",
                                    "flg_10",
                                    "flg_11",
                                    "flg_12",
                                    "flg_13",
                                    "flg_14",
                                    "flg_15"
                                ],
                                "Workers Planned": 2,
                                "Workers Launched": 2,
                                "Single Copy": false,
                                "Shared Hit Blocks": 6048,
                                "Shared Read Blocks": 376118,
                                "Shared Dirtied Blocks": 0,
                                "Shared Written Blocks": 0,
                                "Local Hit Blocks": 0,
                                "Local Read Blocks": 0,
                                "Local Dirtied Blocks": 0,
                                "Local Written Blocks": 0,
                                "Temp Read Blocks": 0,
                                "Temp Written Blocks": 0,
                                "WAL Records": 0,
                                "WAL FPI": 0,
                                "WAL Bytes": 0,
                                "Plans": [
                                    {
                                        "Node Type": "Seq Scan",
                                        "Parent Relationship": "Outer",
                                        "Parallel Aware": true,
                                        "Async Capable": false,
                                        "Relation Name": "django_enum_tests_benchmark_booltester015",
                                        "Schema": "public",
                                        "Alias": "django_enum_tests_benchmark_booltester015",
                                        "Startup Cost": 0.0,
                                        "Total Cost": 632166.0,
                                        "Plan Rows": 399,
                                        "Plan Width": 24,
                                        "Actual Startup Time": 3.607,
                                        "Actual Total Time": 1654.559,
                                        "Actual Rows": 304,
                                        "Actual Loops": 3,
                                        "Output": [
                                            "id",
                                            "flg_0",
                                            "flg_1",
                                            "flg_2",
                                            "flg_3",
                                            "flg_4",
                                            "flg_5",
                                            "flg_6",
                                            "flg_7",
                                            "flg_8",
                                            "flg_9",
                                            "flg_10",
                                            "flg_11",
                                            "flg_12",
                                            "flg_13",
                                            "flg_14",
                                            "flg_15"
                                        ],
                                        "Filter": "(django_enum_tests_benchmark_booltester015.flg_0 AND (NOT django_enum_tests_benchmark_booltester015.flg_1) AND (NOT django_enum_tests_benchmark_booltester015.flg_2) AND django_enum_tests_benchmark_booltester015.flg_3 AND (NOT django_enum_tests_benchmark_booltester015.flg_4) AND (NOT django_enum_tests_benchmark_booltester015.flg_5) AND django_enum_tests_benchmark_booltester015.flg_6 AND (NOT django_enum_tests_benchmark_booltester015.flg_7) AND django_enum_tests_benchmark_booltester015.flg_8 AND django_enum_tests_benchmark_booltester015.flg_9 AND django_enum_tests_benchmark_booltester015.flg_10 AND (NOT django_enum_tests_benchmark_booltester015.flg_11) AND (NOT django_enum_tests_benchmark_booltester015.flg_12) AND (NOT django_enum_tests_benchmark_booltester015.flg_13) AND django_enum_tests_benchmark_booltester015.flg_14 AND (NOT django_enum_tests_benchmark_booltester015.flg_15))",
                                        "Rows Removed by Filter": 19999697,
                                        "Shared Hit Blocks": 6048,
                                        "Shared Read Blocks": 376118,
                                        "Shared Dirtied Blocks": 0,
                                        "Shared Written Blocks": 0,
                                        "Local Hit Blocks": 0,
                                        "Local Read Blocks": 0,
                                        "Local Dirtied Blocks": 0,
                                        "Local Written Blocks": 0,
                                        "Temp Read Blocks": 0,
                                        "Temp Written Blocks": 0,
                                        "WAL Records": 0,
                                        "WAL FPI": 0,
                                        "WAL Bytes": 0,
                                        "Workers": [
                                            {
                                                "Worker Number": 0,
                                                "Actual Startup Time": 4.488,
                                                "Actual Total Time": 1653.911,
                                                "Actual Rows": 256,
                                                "Actual Loops": 1,
                                                "Shared Hit Blocks": 1964,
                                                "Shared Read Blocks": 124512,
                                                "Shared Dirtied Blocks": 0,
                                                "Shared Written Blocks": 0,
                                                "Local Hit Blocks": 0,
                                                "Local Read Blocks": 0,
                                                "Local Dirtied Blocks": 0,
                                                "Local Written Blocks": 0,
                                                "Temp Read Blocks": 0,
                                                "Temp Written Blocks": 0,
                                                "WAL Records": 0,
                                                "WAL FPI": 0,
                                                "WAL Bytes": 0
                                            },
                                            {
                                                "Worker Number": 1,
                                                "Actual Startup Time": 5.164,
                                                "Actual Total Time": 1653.886,
                                                "Actual Rows": 306,
                                                "Actual Loops": 1,
                                                "Shared Hit Blocks": 1956,
                                                "Shared Read Blocks": 124448,
                                                "Shared Dirtied Blocks": 0,
                                                "Shared Written Blocks": 0,
                                                "Local Hit Blocks": 0,
                                                "Local Read Blocks": 0,
                                                "Local Dirtied Blocks": 0,
                                                "Local Written Blocks": 0,
                                                "Temp Read Blocks": 0,
                                                "Temp Written Blocks": 0,
                                                "WAL Records": 0,
                                                "WAL FPI": 0,
                                                "WAL Bytes": 0
                                            }
                                        ]
                                    }
                                ]
                            },
                            "Settings": {},
                            "Planning": {
                                "Shared Hit Blocks": 0,
                                "Shared Read Blocks": 0,
                                "Shared Dirtied Blocks": 0,
                                "Shared Written Blocks": 0,
                                "Local Hit Blocks": 0,
                                "Local Read Blocks": 0,
                                "Local Dirtied Blocks": 0,
                                "Local Written Blocks": 0,
                                "Temp Read Blocks": 0,
                                "Temp Written Blocks": 0
                            },
                            "Planning Time": 0.133,
                            "Triggers": [],
                            "Execution Time": 1657.159
                        },
                        "all_ftr_time": 1.9155205999999998,
                        "any_ftr_time": 6.1477619,
                        "exact_ftr_time": 1.6566086000000002
                    },
                    "80000000": {
                        "all_time": 2.402551433222834,
                        "any_time": 10.57562812078977,
                        "exact_time": 2.161698695877567,
                        "table_size": 15032385536.0,
                        "index_time": 483.3626747080125,
                        "all_explanation": {
                            "Plan": {
                                "Node Type": "Gather",
                                "Parallel Aware": false,
                                "Async Capable": false,
                                "Startup Cost": 1000.0,
                                "Total Cost": 847668.63,
                                "Plan Rows": 37803,
                                "Plan Width": 24,
                                "Actual Startup Time": 0.144,
                                "Actual Total Time": 2074.895,
                                "Actual Rows": 39015,
                                "Actual Loops": 1,
                                "Output": [
                                    "id",
                                    "flg_0",
                                    "flg_1",
                                    "flg_2",
                                    "flg_3",
                                    "flg_4",
                                    "flg_5",
                                    "flg_6",
                                    "flg_7",
                                    "flg_8",
                                    "flg_9",
                                    "flg_10",
                                    "flg_11",
                                    "flg_12",
                                    "flg_13",
                                    "flg_14",
                                    "flg_15"
                                ],
                                "Workers Planned": 2,
                                "Workers Launched": 2,
                                "Single Copy": false,
                                "Shared Hit Blocks": 5696,
                                "Shared Read Blocks": 503859,
                                "Shared Dirtied Blocks": 0,
                                "Shared Written Blocks": 0,
                                "Local Hit Blocks": 0,
                                "Local Read Blocks": 0,
                                "Local Dirtied Blocks": 0,
                                "Local Written Blocks": 0,
                                "Temp Read Blocks": 0,
                                "Temp Written Blocks": 0,
                                "WAL Records": 0,
                                "WAL FPI": 0,
                                "WAL Bytes": 0,
                                "Plans": [
                                    {
                                        "Node Type": "Seq Scan",
                                        "Parent Relationship": "Outer",
                                        "Parallel Aware": true,
                                        "Async Capable": false,
                                        "Relation Name": "django_enum_tests_benchmark_booltester015",
                                        "Schema": "public",
                                        "Alias": "django_enum_tests_benchmark_booltester015",
                                        "Startup Cost": 0.0,
                                        "Total Cost": 842888.33,
                                        "Plan Rows": 15751,
                                        "Plan Width": 24,
                                        "Actual Startup Time": 0.153,
                                        "Actual Total Time": 2070.732,
                                        "Actual Rows": 13005,
                                        "Actual Loops": 3,
                                        "Output": [
                                            "id",
                                            "flg_0",
                                            "flg_1",
                                            "flg_2",
                                            "flg_3",
                                            "flg_4",
                                            "flg_5",
                                            "flg_6",
                                            "flg_7",
                                            "flg_8",
                                            "flg_9",
                                            "flg_10",
                                            "flg_11",
                                            "flg_12",
                                            "flg_13",
                                            "flg_14",
                                            "flg_15"
                                        ],
                                        "Filter": "(django_enum_tests_benchmark_booltester015.flg_1 AND django_enum_tests_benchmark_booltester015.flg_3 AND django_enum_tests_benchmark_booltester015.flg_6 AND django_enum_tests_benchmark_booltester015.flg_7 AND django_enum_tests_benchmark_booltester015.flg_8 AND django_enum_tests_benchmark_booltester015.flg_9 AND django_enum_tests_benchmark_booltester015.flg_11 AND django_enum_tests_benchmark_booltester015.flg_12 AND django_enum_tests_benchmark_booltester015.flg_13 AND django_enum_tests_benchmark_booltester015.flg_14 AND django_enum_tests_benchmark_booltester015.flg_15)",
                                        "Rows Removed by Filter": 26653662,
                                        "Shared Hit Blocks": 5696,
                                        "Shared Read Blocks": 503859,
                                        "Shared Dirtied Blocks": 0,
                                        "Shared Written Blocks": 0,
                                        "Local Hit Blocks": 0,
                                        "Local Read Blocks": 0,
                                        "Local Dirtied Blocks": 0,
                                        "Local Written Blocks": 0,
                                        "Temp Read Blocks": 0,
                                        "Temp Written Blocks": 0,
                                        "WAL Records": 0,
                                        "WAL FPI": 0,
                                        "WAL Bytes": 0,
                                        "Workers": [
                                            {
                                                "Worker Number": 0,
                                                "Actual Startup Time": 0.245,
                                                "Actual Total Time": 2070.694,
                                                "Actual Rows": 12903,
                                                "Actual Loops": 1,
                                                "Shared Hit Blocks": 1947,
                                                "Shared Read Blocks": 167091,
                                                "Shared Dirtied Blocks": 0,
                                                "Shared Written Blocks": 0,
                                                "Local Hit Blocks": 0,
                                                "Local Read Blocks": 0,
                                                "Local Dirtied Blocks": 0,
                                                "Local Written Blocks": 0,
                                                "Temp Read Blocks": 0,
                                                "Temp Written Blocks": 0,
                                                "WAL Records": 0,
                                                "WAL FPI": 0,
                                                "WAL Bytes": 0
                                            },
                                            {
                                                "Worker Number": 1,
                                                "Actual Startup Time": 0.138,
                                                "Actual Total Time": 2070.615,
                                                "Actual Rows": 12975,
                                                "Actual Loops": 1,
                                                "Shared Hit Blocks": 1602,
                                                "Shared Read Blocks": 167568,
                                                "Shared Dirtied Blocks": 0,
                                                "Shared Written Blocks": 0,
                                                "Local Hit Blocks": 0,
                                                "Local Read Blocks": 0,
                                                "Local Dirtied Blocks": 0,
                                                "Local Written Blocks": 0,
                                                "Temp Read Blocks": 0,
                                                "Temp Written Blocks": 0,
                                                "WAL Records": 0,
                                                "WAL FPI": 0,
                                                "WAL Bytes": 0
                                            }
                                        ]
                                    }
                                ]
                            },
                            "Settings": {},
                            "Planning": {
                                "Shared Hit Blocks": 0,
                                "Shared Read Blocks": 0,
                                "Shared Dirtied Blocks": 0,
                                "Shared Written Blocks": 0,
                                "Local Hit Blocks": 0,
                                "Local Read Blocks": 0,
                                "Local Dirtied Blocks": 0,
                                "Local Written Blocks": 0,
                                "Temp Read Blocks": 0,
                                "Temp Written Blocks": 0
                            },
                            "Planning Time": 0.106,
                            "Triggers": [],
                            "Execution Time": 2075.817
                        },
                        "any_explanation": {
                            "Plan": {
                                "Node Type": "Seq Scan",
                                "Parallel Aware": false,
                                "Async Capable": false,
                                "Relation Name": "django_enum_tests_benchmark_booltester015",
                                "Schema": "public",
                                "Alias": "django_enum_tests_benchmark_booltester015",
                                "Startup Cost": 0.0,
                                "Total Cost": 1309555.0,
                                "Plan Rows": 79959655,
                                "Plan Width": 24,
                                "Actual Startup Time": 0.005,
                                "Actual Total Time": 6584.334,
                                "Actual Rows": 79960948,
                                "Actual Loops": 1,
                                "Output": [
                                    "id",
                                    "flg_0",
                                    "flg_1",
                                    "flg_2",
                                    "flg_3",
                                    "flg_4",
                                    "flg_5",
                                    "flg_6",
                                    "flg_7",
                                    "flg_8",
                                    "flg_9",
                                    "flg_10",
                                    "flg_11",
                                    "flg_12",
                                    "flg_13",
                                    "flg_14",
                                    "flg_15"
                                ],
                                "Filter": "(django_enum_tests_benchmark_booltester015.flg_1 OR django_enum_tests_benchmark_booltester015.flg_3 OR django_enum_tests_benchmark_booltester015.flg_6 OR django_enum_tests_benchmark_booltester015.flg_7 OR django_enum_tests_benchmark_booltester015.flg_8 OR django_enum_tests_benchmark_booltester015.flg_9 OR django_enum_tests_benchmark_booltester015.flg_11 OR django_enum_tests_benchmark_booltester015.flg_12 OR django_enum_tests_benchmark_booltester015.flg_13 OR django_enum_tests_benchmark_booltester015.flg_14 OR django_enum_tests_benchmark_booltester015.flg_15)",
                                "Rows Removed by Filter": 39053,
                                "Shared Hit Blocks": 5888,
                                "Shared Read Blocks": 503667,
                                "Shared Dirtied Blocks": 0,
                                "Shared Written Blocks": 0,
                                "Local Hit Blocks": 0,
                                "Local Read Blocks": 0,
                                "Local Dirtied Blocks": 0,
                                "Local Written Blocks": 0,
                                "Temp Read Blocks": 0,
                                "Temp Written Blocks": 0,
                                "WAL Records": 0,
                                "WAL FPI": 0,
                                "WAL Bytes": 0
                            },
                            "Settings": {},
                            "Planning": {
                                "Shared Hit Blocks": 0,
                                "Shared Read Blocks": 0,
                                "Shared Dirtied Blocks": 0,
                                "Shared Written Blocks": 0,
                                "Local Hit Blocks": 0,
                                "Local Read Blocks": 0,
                                "Local Dirtied Blocks": 0,
                                "Local Written Blocks": 0,
                                "Temp Read Blocks": 0,
                                "Temp Written Blocks": 0
                            },
                            "Planning Time": 0.091,
                            "Triggers": [],
                            "Execution Time": 8179.346
                        },
                        "exact_explanation": {
                            "Plan": {
                                "Node Type": "Gather",
                                "Parallel Aware": false,
                                "Async Capable": false,
                                "Startup Cost": 1000.0,
                                "Total Cost": 844006.93,
                                "Plan Rows": 1186,
                                "Plan Width": 24,
                                "Actual Startup Time": 3.008,
                                "Actual Total Time": 2148.867,
                                "Actual Rows": 1230,
                                "Actual Loops": 1,
                                "Output": [
                                    "id",
                                    "flg_0",
                                    "flg_1",
                                    "flg_2",
                                    "flg_3",
                                    "flg_4",
                                    "flg_5",
                                    "flg_6",
                                    "flg_7",
                                    "flg_8",
                                    "flg_9",
                                    "flg_10",
                                    "flg_11",
                                    "flg_12",
                                    "flg_13",
                                    "flg_14",
                                    "flg_15"
                                ],
                                "Workers Planned": 2,
                                "Workers Launched": 2,
                                "Single Copy": false,
                                "Shared Hit Blocks": 6016,
                                "Shared Read Blocks": 503539,
                                "Shared Dirtied Blocks": 0,
                                "Shared Written Blocks": 0,
                                "Local Hit Blocks": 0,
                                "Local Read Blocks": 0,
                                "Local Dirtied Blocks": 0,
                                "Local Written Blocks": 0,
                                "Temp Read Blocks": 0,
                                "Temp Written Blocks": 0,
                                "WAL Records": 0,
                                "WAL FPI": 0,
                                "WAL Bytes": 0,
                                "Plans": [
                                    {
                                        "Node Type": "Seq Scan",
                                        "Parent Relationship": "Outer",
                                        "Parallel Aware": true,
                                        "Async Capable": false,
                                        "Relation Name": "django_enum_tests_benchmark_booltester015",
                                        "Schema": "public",
                                        "Alias": "django_enum_tests_benchmark_booltester015",
                                        "Startup Cost": 0.0,
                                        "Total Cost": 842888.33,
                                        "Plan Rows": 494,
                                        "Plan Width": 24,
                                        "Actual Startup Time": 4.914,
                                        "Actual Total Time": 2146.454,
                                        "Actual Rows": 410,
                                        "Actual Loops": 3,
                                        "Output": [
                                            "id",
                                            "flg_0",
                                            "flg_1",
                                            "flg_2",
                                            "flg_3",
                                            "flg_4",
                                            "flg_5",
                                            "flg_6",
                                            "flg_7",
                                            "flg_8",
                                            "flg_9",
                                            "flg_10",
                                            "flg_11",
                                            "flg_12",
                                            "flg_13",
                                            "flg_14",
                                            "flg_15"
                                        ],
                                        "Filter": "((NOT django_enum_tests_benchmark_booltester015.flg_0) AND django_enum_tests_benchmark_booltester015.flg_1 AND (NOT django_enum_tests_benchmark_booltester015.flg_2) AND django_enum_tests_benchmark_booltester015.flg_3 AND (NOT django_enum_tests_benchmark_booltester015.flg_4) AND (NOT django_enum_tests_benchmark_booltester015.flg_5) AND django_enum_tests_benchmark_booltester015.flg_6 AND django_enum_tests_benchmark_booltester015.flg_7 AND django_enum_tests_benchmark_booltester015.flg_8 AND django_enum_tests_benchmark_booltester015.flg_9 AND (NOT django_enum_tests_benchmark_booltester015.flg_10) AND django_enum_tests_benchmark_booltester015.flg_11 AND django_enum_tests_benchmark_booltester015.flg_12 AND django_enum_tests_benchmark_booltester015.flg_13 AND django_enum_tests_benchmark_booltester015.flg_14 AND django_enum_tests_benchmark_booltester015.flg_15)",
                                        "Rows Removed by Filter": 26666257,
                                        "Shared Hit Blocks": 6016,
                                        "Shared Read Blocks": 503539,
                                        "Shared Dirtied Blocks": 0,
                                        "Shared Written Blocks": 0,
                                        "Local Hit Blocks": 0,
                                        "Local Read Blocks": 0,
                                        "Local Dirtied Blocks": 0,
                                        "Local Written Blocks": 0,
                                        "Temp Read Blocks": 0,
                                        "Temp Written Blocks": 0,
                                        "WAL Records": 0,
                                        "WAL FPI": 0,
                                        "WAL Bytes": 0,
                                        "Workers": [
                                            {
                                                "Worker Number": 0,
                                                "Actual Startup Time": 3.077,
                                                "Actual Total Time": 2145.861,
                                                "Actual Rows": 401,
                                                "Actual Loops": 1,
                                                "Shared Hit Blocks": 1863,
                                                "Shared Read Blocks": 166790,
                                                "Shared Dirtied Blocks": 0,
                                                "Shared Written Blocks": 0,
                                                "Local Hit Blocks": 0,
                                                "Local Read Blocks": 0,
                                                "Local Dirtied Blocks": 0,
                                                "Local Written Blocks": 0,
                                                "Temp Read Blocks": 0,
                                                "Temp Written Blocks": 0,
                                                "WAL Records": 0,
                                                "WAL FPI": 0,
                                                "WAL Bytes": 0
                                            },
                                            {
                                                "Worker Number": 1,
                                                "Actual Startup Time": 8.728,
                                                "Actual Total Time": 2145.788,
                                                "Actual Rows": 397,
                                                "Actual Loops": 1,
                                                "Shared Hit Blocks": 1894,
                                                "Shared Read Blocks": 166691,
                                                "Shared Dirtied Blocks": 0,
                                                "Shared Written Blocks": 0,
                                                "Local Hit Blocks": 0,
                                                "Local Read Blocks": 0,
                                                "Local Dirtied Blocks": 0,
                                                "Local Written Blocks": 0,
                                                "Temp Read Blocks": 0,
                                                "Temp Written Blocks": 0,
                                                "WAL Records": 0,
                                                "WAL FPI": 0,
                                                "WAL Bytes": 0
                                            }
                                        ]
                                    }
                                ]
                            },
                            "Settings": {},
                            "Planning": {
                                "Shared Hit Blocks": 0,
                                "Shared Read Blocks": 0,
                                "Shared Dirtied Blocks": 0,
                                "Shared Written Blocks": 0,
                                "Local Hit Blocks": 0,
                                "Local Read Blocks": 0,
                                "Local Dirtied Blocks": 0,
                                "Local Written Blocks": 0,
                                "Temp Read Blocks": 0,
                                "Temp Written Blocks": 0
                            },
                            "Planning Time": 0.124,
                            "Triggers": [],
                            "Execution Time": 2148.922
                        },
                        "all_ftr_time": 3.0782374,
                        "any_ftr_time": 7.9658452,
                        "exact_ftr_time": 2.1662691
                    },
                    "100000000": {
                        "all_time": 5.617900279001333,
                        "any_time": 16.604289533523843,
                        "exact_time": 4.75086538301548,
                        "table_size": 18253611008.0,
                        "index_time": 651.9535451669944,
                        "all_explanation": {
                            "Plan": {
                                "Node Type": "Gather",
                                "Parallel Aware": false,
                                "Async Capable": false,
                                "Startup Cost": 1000.0,
                                "Total Cost": 1073488.07,
                                "Plan Rows": 188784,
                                "Plan Width": 24,
                                "Actual Startup Time": 0.431,
                                "Actual Total Time": 4704.123,
                                "Actual Rows": 194937,
                                "Actual Loops": 1,
                                "Output": [
                                    "id",
                                    "flg_0",
                                    "flg_1",
                                    "flg_2",
                                    "flg_3",
                                    "flg_4",
                                    "flg_5",
                                    "flg_6",
                                    "flg_7",
                                    "flg_8",
                                    "flg_9",
                                    "flg_10",
                                    "flg_11",
                                    "flg_12",
                                    "flg_13",
                                    "flg_14",
                                    "flg_15"
                                ],
                                "Workers Planned": 2,
                                "Workers Launched": 2,
                                "Single Copy": false,
                                "Shared Hit Blocks": 5696,
                                "Shared Read Blocks": 631247,
                                "Shared Dirtied Blocks": 0,
                                "Shared Written Blocks": 0,
                                "Local Hit Blocks": 0,
                                "Local Read Blocks": 0,
                                "Local Dirtied Blocks": 0,
                                "Local Written Blocks": 0,
                                "Temp Read Blocks": 0,
                                "Temp Written Blocks": 0,
                                "WAL Records": 0,
                                "WAL FPI": 0,
                                "WAL Bytes": 0,
                                "Plans": [
                                    {
                                        "Node Type": "Seq Scan",
                                        "Parent Relationship": "Outer",
                                        "Parallel Aware": true,
                                        "Async Capable": false,
                                        "Relation Name": "django_enum_tests_benchmark_booltester015",
                                        "Schema": "public",
                                        "Alias": "django_enum_tests_benchmark_booltester015",
                                        "Startup Cost": 0.0,
                                        "Total Cost": 1053609.67,
                                        "Plan Rows": 78660,
                                        "Plan Width": 24,
                                        "Actual Startup Time": 4.902,
                                        "Actual Total Time": 4681.148,
                                        "Actual Rows": 64979,
                                        "Actual Loops": 3,
                                        "Output": [
                                            "id",
                                            "flg_0",
                                            "flg_1",
                                            "flg_2",
                                            "flg_3",
                                            "flg_4",
                                            "flg_5",
                                            "flg_6",
                                            "flg_7",
                                            "flg_8",
                                            "flg_9",
                                            "flg_10",
                                            "flg_11",
                                            "flg_12",
                                            "flg_13",
                                            "flg_14",
                                            "flg_15"
                                        ],
                                        "Filter": "(django_enum_tests_benchmark_booltester015.flg_1 AND django_enum_tests_benchmark_booltester015.flg_4 AND django_enum_tests_benchmark_booltester015.flg_5 AND django_enum_tests_benchmark_booltester015.flg_6 AND django_enum_tests_benchmark_booltester015.flg_8 AND django_enum_tests_benchmark_booltester015.flg_9 AND django_enum_tests_benchmark_booltester015.flg_12 AND django_enum_tests_benchmark_booltester015.flg_13 AND django_enum_tests_benchmark_booltester015.flg_15)",
                                        "Rows Removed by Filter": 33268355,
                                        "Shared Hit Blocks": 5696,
                                        "Shared Read Blocks": 631247,
                                        "Shared Dirtied Blocks": 0,
                                        "Shared Written Blocks": 0,
                                        "Local Hit Blocks": 0,
                                        "Local Read Blocks": 0,
                                        "Local Dirtied Blocks": 0,
                                        "Local Written Blocks": 0,
                                        "Temp Read Blocks": 0,
                                        "Temp Written Blocks": 0,
                                        "WAL Records": 0,
                                        "WAL FPI": 0,
                                        "WAL Bytes": 0,
                                        "Workers": [
                                            {
                                                "Worker Number": 0,
                                                "Actual Startup Time": 7.197,
                                                "Actual Total Time": 4679.535,
                                                "Actual Rows": 64793,
                                                "Actual Loops": 1,
                                                "Shared Hit Blocks": 1834,
                                                "Shared Read Blocks": 208847,
                                                "Shared Dirtied Blocks": 0,
                                                "Shared Written Blocks": 0,
                                                "Local Hit Blocks": 0,
                                                "Local Read Blocks": 0,
                                                "Local Dirtied Blocks": 0,
                                                "Local Written Blocks": 0,
                                                "Temp Read Blocks": 0,
                                                "Temp Written Blocks": 0,
                                                "WAL Records": 0,
                                                "WAL FPI": 0,
                                                "WAL Bytes": 0
                                            },
                                            {
                                                "Worker Number": 1,
                                                "Actual Startup Time": 7.168,
                                                "Actual Total Time": 4690.542,
                                                "Actual Rows": 64978,
                                                "Actual Loops": 1,
                                                "Shared Hit Blocks": 1852,
                                                "Shared Read Blocks": 211360,
                                                "Shared Dirtied Blocks": 0,
                                                "Shared Written Blocks": 0,
                                                "Local Hit Blocks": 0,
                                                "Local Read Blocks": 0,
                                                "Local Dirtied Blocks": 0,
                                                "Local Written Blocks": 0,
                                                "Temp Read Blocks": 0,
                                                "Temp Written Blocks": 0,
                                                "WAL Records": 0,
                                                "WAL FPI": 0,
                                                "WAL Bytes": 0
                                            }
                                        ]
                                    }
                                ]
                            },
                            "Settings": {},
                            "Planning": {
                                "Shared Hit Blocks": 0,
                                "Shared Read Blocks": 0,
                                "Shared Dirtied Blocks": 0,
                                "Shared Written Blocks": 0,
                                "Local Hit Blocks": 0,
                                "Local Read Blocks": 0,
                                "Local Dirtied Blocks": 0,
                                "Local Written Blocks": 0,
                                "Temp Read Blocks": 0,
                                "Temp Written Blocks": 0
                            },
                            "Planning Time": 0.134,
                            "Triggers": [],
                            "Execution Time": 4709.046
                        },
                        "any_explanation": {
                            "Plan": {
                                "Node Type": "Seq Scan",
                                "Parallel Aware": false,
                                "Async Capable": false,
                                "Relation Name": "django_enum_tests_benchmark_booltester015",
                                "Schema": "public",
                                "Alias": "django_enum_tests_benchmark_booltester015",
                                "Startup Cost": 0.0,
                                "Total Cost": 1636943.0,
                                "Plan Rows": 99798012,
                                "Plan Width": 24,
                                "Actual Startup Time": 0.026,
                                "Actual Total Time": 9043.235,
                                "Actual Rows": 99805455,
                                "Actual Loops": 1,
                                "Output": [
                                    "id",
                                    "flg_0",
                                    "flg_1",
                                    "flg_2",
                                    "flg_3",
                                    "flg_4",
                                    "flg_5",
                                    "flg_6",
                                    "flg_7",
                                    "flg_8",
                                    "flg_9",
                                    "flg_10",
                                    "flg_11",
                                    "flg_12",
                                    "flg_13",
                                    "flg_14",
                                    "flg_15"
                                ],
                                "Filter": "(django_enum_tests_benchmark_booltester015.flg_1 OR django_enum_tests_benchmark_booltester015.flg_4 OR django_enum_tests_benchmark_booltester015.flg_5 OR django_enum_tests_benchmark_booltester015.flg_6 OR django_enum_tests_benchmark_booltester015.flg_8 OR django_enum_tests_benchmark_booltester015.flg_9 OR django_enum_tests_benchmark_booltester015.flg_12 OR django_enum_tests_benchmark_booltester015.flg_13 OR django_enum_tests_benchmark_booltester015.flg_15)",
                                "Rows Removed by Filter": 194546,
                                "Shared Hit Blocks": 5898,
                                "Shared Read Blocks": 631045,
                                "Shared Dirtied Blocks": 0,
                                "Shared Written Blocks": 0,
                                "Local Hit Blocks": 0,
                                "Local Read Blocks": 0,
                                "Local Dirtied Blocks": 0,
                                "Local Written Blocks": 0,
                                "Temp Read Blocks": 0,
                                "Temp Written Blocks": 0,
                                "WAL Records": 0,
                                "WAL FPI": 0,
                                "WAL Bytes": 0
                            },
                            "Settings": {},
                            "Planning": {
                                "Shared Hit Blocks": 0,
                                "Shared Read Blocks": 0,
                                "Shared Dirtied Blocks": 0,
                                "Shared Written Blocks": 0,
                                "Local Hit Blocks": 0,
                                "Local Read Blocks": 0,
                                "Local Dirtied Blocks": 0,
                                "Local Written Blocks": 0,
                                "Temp Read Blocks": 0,
                                "Temp Written Blocks": 0
                            },
                            "Planning Time": 0.099,
                            "Triggers": [],
                            "Execution Time": 11062.43
                        },
                        "exact_explanation": {
                            "Plan": {
                                "Node Type": "Gather",
                                "Parallel Aware": false,
                                "Async Capable": false,
                                "Startup Cost": 1000.0,
                                "Total Cost": 1054757.57,
                                "Plan Rows": 1479,
                                "Plan Width": 24,
                                "Actual Startup Time": 45.708,
                                "Actual Total Time": 4710.09,
                                "Actual Rows": 1574,
                                "Actual Loops": 1,
                                "Output": [
                                    "id",
                                    "flg_0",
                                    "flg_1",
                                    "flg_2",
                                    "flg_3",
                                    "flg_4",
                                    "flg_5",
                                    "flg_6",
                                    "flg_7",
                                    "flg_8",
                                    "flg_9",
                                    "flg_10",
                                    "flg_11",
                                    "flg_12",
                                    "flg_13",
                                    "flg_14",
                                    "flg_15"
                                ],
                                "Workers Planned": 2,
                                "Workers Launched": 2,
                                "Single Copy": false,
                                "Shared Hit Blocks": 6016,
                                "Shared Read Blocks": 630927,
                                "Shared Dirtied Blocks": 0,
                                "Shared Written Blocks": 0,
                                "Local Hit Blocks": 0,
                                "Local Read Blocks": 0,
                                "Local Dirtied Blocks": 0,
                                "Local Written Blocks": 0,
                                "Temp Read Blocks": 0,
                                "Temp Written Blocks": 0,
                                "WAL Records": 0,
                                "WAL FPI": 0,
                                "WAL Bytes": 0,
                                "Plans": [
                                    {
                                        "Node Type": "Seq Scan",
                                        "Parent Relationship": "Outer",
                                        "Parallel Aware": true,
                                        "Async Capable": false,
                                        "Relation Name": "django_enum_tests_benchmark_booltester015",
                                        "Schema": "public",
                                        "Alias": "django_enum_tests_benchmark_booltester015",
                                        "Startup Cost": 0.0,
                                        "Total Cost": 1053609.67,
                                        "Plan Rows": 616,
                                        "Plan Width": 24,
                                        "Actual Startup Time": 21.488,
                                        "Actual Total Time": 4707.309,
                                        "Actual Rows": 525,
                                        "Actual Loops": 3,
                                        "Output": [
                                            "id",
                                            "flg_0",
                                            "flg_1",
                                            "flg_2",
                                            "flg_3",
                                            "flg_4",
                                            "flg_5",
                                            "flg_6",
                                            "flg_7",
                                            "flg_8",
                                            "flg_9",
                                            "flg_10",
                                            "flg_11",
                                            "flg_12",
                                            "flg_13",
                                            "flg_14",
                                            "flg_15"
                                        ],
                                        "Filter": "((NOT django_enum_tests_benchmark_booltester015.flg_0) AND django_enum_tests_benchmark_booltester015.flg_1 AND (NOT django_enum_tests_benchmark_booltester015.flg_2) AND (NOT django_enum_tests_benchmark_booltester015.flg_3) AND django_enum_tests_benchmark_booltester015.flg_4 AND django_enum_tests_benchmark_booltester015.flg_5 AND django_enum_tests_benchmark_booltester015.flg_6 AND (NOT django_enum_tests_benchmark_booltester015.flg_7) AND django_enum_tests_benchmark_booltester015.flg_8 AND django_enum_tests_benchmark_booltester015.flg_9 AND (NOT django_enum_tests_benchmark_booltester015.flg_10) AND (NOT django_enum_tests_benchmark_booltester015.flg_11) AND django_enum_tests_benchmark_booltester015.flg_12 AND django_enum_tests_benchmark_booltester015.flg_13 AND (NOT django_enum_tests_benchmark_booltester015.flg_14) AND django_enum_tests_benchmark_booltester015.flg_15)",
                                        "Rows Removed by Filter": 33332809,
                                        "Shared Hit Blocks": 6016,
                                        "Shared Read Blocks": 630927,
                                        "Shared Dirtied Blocks": 0,
                                        "Shared Written Blocks": 0,
                                        "Local Hit Blocks": 0,
                                        "Local Read Blocks": 0,
                                        "Local Dirtied Blocks": 0,
                                        "Local Written Blocks": 0,
                                        "Temp Read Blocks": 0,
                                        "Temp Written Blocks": 0,
                                        "WAL Records": 0,
                                        "WAL FPI": 0,
                                        "WAL Bytes": 0,
                                        "Workers": [
                                            {
                                                "Worker Number": 0,
                                                "Actual Startup Time": 6.049,
                                                "Actual Total Time": 4706.671,
                                                "Actual Rows": 537,
                                                "Actual Loops": 1,
                                                "Shared Hit Blocks": 1934,
                                                "Shared Read Blocks": 208623,
                                                "Shared Dirtied Blocks": 0,
                                                "Shared Written Blocks": 0,
                                                "Local Hit Blocks": 0,
                                                "Local Read Blocks": 0,
                                                "Local Dirtied Blocks": 0,
                                                "Local Written Blocks": 0,
                                                "Temp Read Blocks": 0,
                                                "Temp Written Blocks": 0,
                                                "WAL Records": 0,
                                                "WAL FPI": 0,
                                                "WAL Bytes": 0
                                            },
                                            {
                                                "Worker Number": 1,
                                                "Actual Startup Time": 12.792,
                                                "Actual Total Time": 4706.632,
                                                "Actual Rows": 528,
                                                "Actual Loops": 1,
                                                "Shared Hit Blocks": 1977,
                                                "Shared Read Blocks": 209152,
                                                "Shared Dirtied Blocks": 0,
                                                "Shared Written Blocks": 0,
                                                "Local Hit Blocks": 0,
                                                "Local Read Blocks": 0,
                                                "Local Dirtied Blocks": 0,
                                                "Local Written Blocks": 0,
                                                "Temp Read Blocks": 0,
                                                "Temp Written Blocks": 0,
                                                "WAL Records": 0,
                                                "WAL FPI": 0,
                                                "WAL Bytes": 0
                                            }
                                        ]
                                    }
                                ]
                            },
                            "Settings": {},
                            "Planning": {
                                "Shared Hit Blocks": 0,
                                "Shared Read Blocks": 0,
                                "Shared Dirtied Blocks": 0,
                                "Shared Written Blocks": 0,
                                "Local Hit Blocks": 0,
                                "Local Read Blocks": 0,
                                "Local Dirtied Blocks": 0,
                                "Local Written Blocks": 0,
                                "Temp Read Blocks": 0,
                                "Temp Written Blocks": 0
                            },
                            "Planning Time": 0.13,
                            "Triggers": [],
                            "Execution Time": 4710.187
                        },
                        "all_ftr_time": 5.9747561000000005,
                        "any_ftr_time": 11.0520859,
                        "exact_ftr_time": 4.8445656
                    }
                }
            },
            "[BOOL] MultiCol Index": {
                "16": {
                    "10": {
                        "all_time": 0.0016526126069948076,
                        "any_time": 0.0016155083081685006,
                        "exact_time": 0.0011532500735484063,
                        "table_size": 40960.0,
                        "index_time": 0.0010187500156462193,
                        "all_explanation": {
                            "Plan": {
                                "Node Type": "Seq Scan",
                                "Parallel Aware": false,
                                "Async Capable": false,
                                "Relation Name": "django_enum_tests_benchmark_booltester015",
                                "Schema": "public",
                                "Alias": "django_enum_tests_benchmark_booltester015",
                                "Startup Cost": 0.0,
                                "Total Cost": 1.36,
                                "Plan Rows": 1,
                                "Plan Width": 24,
                                "Actual Startup Time": 0.003,
                                "Actual Total Time": 0.003,
                                "Actual Rows": 0,
                                "Actual Loops": 1,
                                "Output": [
                                    "id",
                                    "flg_0",
                                    "flg_1",
                                    "flg_2",
                                    "flg_3",
                                    "flg_4",
                                    "flg_5",
                                    "flg_6",
                                    "flg_7",
                                    "flg_8",
                                    "flg_9",
                                    "flg_10",
                                    "flg_11",
                                    "flg_12",
                                    "flg_13",
                                    "flg_14",
                                    "flg_15"
                                ],
                                "Filter": "(django_enum_tests_benchmark_booltester015.flg_0 AND django_enum_tests_benchmark_booltester015.flg_1 AND django_enum_tests_benchmark_booltester015.flg_6 AND django_enum_tests_benchmark_booltester015.flg_7 AND django_enum_tests_benchmark_booltester015.flg_8 AND django_enum_tests_benchmark_booltester015.flg_12 AND django_enum_tests_benchmark_booltester015.flg_13 AND (django_enum_tests_benchmark_booltester015.flg_2 = ANY ('{t,f}'::boolean[])) AND (django_enum_tests_benchmark_booltester015.flg_3 = ANY ('{t,f}'::boolean[])) AND (django_enum_tests_benchmark_booltester015.flg_4 = ANY ('{t,f}'::boolean[])) AND (django_enum_tests_benchmark_booltester015.flg_5 = ANY ('{t,f}'::boolean[])) AND (django_enum_tests_benchmark_booltester015.flg_9 = ANY ('{t,f}'::boolean[])) AND (django_enum_tests_benchmark_booltester015.flg_10 = ANY ('{t,f}'::boolean[])) AND (django_enum_tests_benchmark_booltester015.flg_11 = ANY ('{t,f}'::boolean[])) AND (django_enum_tests_benchmark_booltester015.flg_14 = ANY ('{t,f}'::boolean[])) AND (django_enum_tests_benchmark_booltester015.flg_15 = ANY ('{t,f}'::boolean[])))",
                                "Rows Removed by Filter": 11,
                                "Shared Hit Blocks": 1,
                                "Shared Read Blocks": 0,
                                "Shared Dirtied Blocks": 0,
                                "Shared Written Blocks": 0,
                                "Local Hit Blocks": 0,
                                "Local Read Blocks": 0,
                                "Local Dirtied Blocks": 0,
                                "Local Written Blocks": 0,
                                "Temp Read Blocks": 0,
                                "Temp Written Blocks": 0,
                                "WAL Records": 0,
                                "WAL FPI": 0,
                                "WAL Bytes": 0
                            },
                            "Settings": {},
                            "Planning": {
                                "Shared Hit Blocks": 0,
                                "Shared Read Blocks": 0,
                                "Shared Dirtied Blocks": 0,
                                "Shared Written Blocks": 0,
                                "Local Hit Blocks": 0,
                                "Local Read Blocks": 0,
                                "Local Dirtied Blocks": 0,
                                "Local Written Blocks": 0,
                                "Temp Read Blocks": 0,
                                "Temp Written Blocks": 0
                            },
                            "Planning Time": 0.037,
                            "Triggers": [],
                            "Execution Time": 0.007
                        },
                        "any_explanation": {
                            "Plan": {
                                "Node Type": "Seq Scan",
                                "Parallel Aware": false,
                                "Async Capable": false,
                                "Relation Name": "django_enum_tests_benchmark_booltester015",
                                "Schema": "public",
                                "Alias": "django_enum_tests_benchmark_booltester015",
                                "Startup Cost": 0.0,
                                "Total Cost": 1.11,
                                "Plan Rows": 11,
                                "Plan Width": 24,
                                "Actual Startup Time": 0.002,
                                "Actual Total Time": 0.003,
                                "Actual Rows": 11,
                                "Actual Loops": 1,
                                "Output": [
                                    "id",
                                    "flg_0",
                                    "flg_1",
                                    "flg_2",
                                    "flg_3",
                                    "flg_4",
                                    "flg_5",
                                    "flg_6",
                                    "flg_7",
                                    "flg_8",
                                    "flg_9",
                                    "flg_10",
                                    "flg_11",
                                    "flg_12",
                                    "flg_13",
                                    "flg_14",
                                    "flg_15"
                                ],
                                "Filter": "(django_enum_tests_benchmark_booltester015.flg_0 OR django_enum_tests_benchmark_booltester015.flg_1 OR django_enum_tests_benchmark_booltester015.flg_6 OR django_enum_tests_benchmark_booltester015.flg_7 OR django_enum_tests_benchmark_booltester015.flg_8 OR django_enum_tests_benchmark_booltester015.flg_12 OR django_enum_tests_benchmark_booltester015.flg_13)",
                                "Rows Removed by Filter": 0,
                                "Shared Hit Blocks": 1,
                                "Shared Read Blocks": 0,
                                "Shared Dirtied Blocks": 0,
                                "Shared Written Blocks": 0,
                                "Local Hit Blocks": 0,
                                "Local Read Blocks": 0,
                                "Local Dirtied Blocks": 0,
                                "Local Written Blocks": 0,
                                "Temp Read Blocks": 0,
                                "Temp Written Blocks": 0,
                                "WAL Records": 0,
                                "WAL FPI": 0,
                                "WAL Bytes": 0
                            },
                            "Settings": {},
                            "Planning": {
                                "Shared Hit Blocks": 0,
                                "Shared Read Blocks": 0,
                                "Shared Dirtied Blocks": 0,
                                "Shared Written Blocks": 0,
                                "Local Hit Blocks": 0,
                                "Local Read Blocks": 0,
                                "Local Dirtied Blocks": 0,
                                "Local Written Blocks": 0,
                                "Temp Read Blocks": 0,
                                "Temp Written Blocks": 0
                            },
                            "Planning Time": 0.016,
                            "Triggers": [],
                            "Execution Time": 0.005
                        },
                        "exact_explanation": {
                            "Plan": {
                                "Node Type": "Seq Scan",
                                "Parallel Aware": false,
                                "Async Capable": false,
                                "Relation Name": "django_enum_tests_benchmark_booltester015",
                                "Schema": "public",
                                "Alias": "django_enum_tests_benchmark_booltester015",
                                "Startup Cost": 0.0,
                                "Total Cost": 1.11,
                                "Plan Rows": 1,
                                "Plan Width": 24,
                                "Actual Startup Time": 0.003,
                                "Actual Total Time": 0.003,
                                "Actual Rows": 0,
                                "Actual Loops": 1,
                                "Output": [
                                    "id",
                                    "flg_0",
                                    "flg_1",
                                    "flg_2",
                                    "flg_3",
                                    "flg_4",
                                    "flg_5",
                                    "flg_6",
                                    "flg_7",
                                    "flg_8",
                                    "flg_9",
                                    "flg_10",
                                    "flg_11",
                                    "flg_12",
                                    "flg_13",
                                    "flg_14",
                                    "flg_15"
                                ],
                                "Filter": "(django_enum_tests_benchmark_booltester015.flg_0 AND django_enum_tests_benchmark_booltester015.flg_1 AND (NOT django_enum_tests_benchmark_booltester015.flg_2) AND (NOT django_enum_tests_benchmark_booltester015.flg_3) AND (NOT django_enum_tests_benchmark_booltester015.flg_4) AND (NOT django_enum_tests_benchmark_booltester015.flg_5) AND django_enum_tests_benchmark_booltester015.flg_6 AND django_enum_tests_benchmark_booltester015.flg_7 AND django_enum_tests_benchmark_booltester015.flg_8 AND (NOT django_enum_tests_benchmark_booltester015.flg_9) AND (NOT django_enum_tests_benchmark_booltester015.flg_10) AND (NOT django_enum_tests_benchmark_booltester015.flg_11) AND django_enum_tests_benchmark_booltester015.flg_12 AND django_enum_tests_benchmark_booltester015.flg_13 AND (NOT django_enum_tests_benchmark_booltester015.flg_14) AND (NOT django_enum_tests_benchmark_booltester015.flg_15))",
                                "Rows Removed by Filter": 11,
                                "Shared Hit Blocks": 1,
                                "Shared Read Blocks": 0,
                                "Shared Dirtied Blocks": 0,
                                "Shared Written Blocks": 0,
                                "Local Hit Blocks": 0,
                                "Local Read Blocks": 0,
                                "Local Dirtied Blocks": 0,
                                "Local Written Blocks": 0,
                                "Temp Read Blocks": 0,
                                "Temp Written Blocks": 0,
                                "WAL Records": 0,
                                "WAL FPI": 0,
                                "WAL Bytes": 0
                            },
                            "Settings": {},
                            "Planning": {
                                "Shared Hit Blocks": 0,
                                "Shared Read Blocks": 0,
                                "Shared Dirtied Blocks": 0,
                                "Shared Written Blocks": 0,
                                "Local Hit Blocks": 0,
                                "Local Read Blocks": 0,
                                "Local Dirtied Blocks": 0,
                                "Local Written Blocks": 0,
                                "Temp Read Blocks": 0,
                                "Temp Written Blocks": 0
                            },
                            "Planning Time": 0.024,
                            "Triggers": [],
                            "Execution Time": 0.006
                        },
                        "all_ftr_time": 7.100000000000001e-06,
                        "any_ftr_time": 5.399999999999999e-06,
                        "exact_ftr_time": 6.6e-06
                    },
                    "100": {
                        "all_time": 0.001833020686171949,
                        "any_time": 0.0018859250820241868,
                        "exact_time": 0.0012848456972278655,
                        "table_size": 40960.0,
                        "index_time": 0.0009174160659313202,
                        "all_explanation": {
                            "Plan": {
                                "Node Type": "Seq Scan",
                                "Parallel Aware": false,
                                "Async Capable": false,
                                "Relation Name": "django_enum_tests_benchmark_booltester015",
                                "Schema": "public",
                                "Alias": "django_enum_tests_benchmark_booltester015",
                                "Startup Cost": 0.0,
                                "Total Cost": 3.27,
                                "Plan Rows": 1,
                                "Plan Width": 24,
                                "Actual Startup Time": 0.009,
                                "Actual Total Time": 0.009,
                                "Actual Rows": 0,
                                "Actual Loops": 1,
                                "Output": [
                                    "id",
                                    "flg_0",
                                    "flg_1",
                                    "flg_2",
                                    "flg_3",
                                    "flg_4",
                                    "flg_5",
                                    "flg_6",
                                    "flg_7",
                                    "flg_8",
                                    "flg_9",
                                    "flg_10",
                                    "flg_11",
                                    "flg_12",
                                    "flg_13",
                                    "flg_14",
                                    "flg_15"
                                ],
                                "Filter": "(django_enum_tests_benchmark_booltester015.flg_0 AND django_enum_tests_benchmark_booltester015.flg_3 AND django_enum_tests_benchmark_booltester015.flg_4 AND django_enum_tests_benchmark_booltester015.flg_6 AND django_enum_tests_benchmark_booltester015.flg_7 AND django_enum_tests_benchmark_booltester015.flg_8 AND django_enum_tests_benchmark_booltester015.flg_9 AND django_enum_tests_benchmark_booltester015.flg_11 AND django_enum_tests_benchmark_booltester015.flg_13 AND django_enum_tests_benchmark_booltester015.flg_14 AND django_enum_tests_benchmark_booltester015.flg_15 AND (django_enum_tests_benchmark_booltester015.flg_1 = ANY ('{t,f}'::boolean[])) AND (django_enum_tests_benchmark_booltester015.flg_2 = ANY ('{t,f}'::boolean[])) AND (django_enum_tests_benchmark_booltester015.flg_5 = ANY ('{t,f}'::boolean[])) AND (django_enum_tests_benchmark_booltester015.flg_10 = ANY ('{t,f}'::boolean[])) AND (django_enum_tests_benchmark_booltester015.flg_12 = ANY ('{t,f}'::boolean[])))",
                                "Rows Removed by Filter": 101,
                                "Shared Hit Blocks": 1,
                                "Shared Read Blocks": 0,
                                "Shared Dirtied Blocks": 0,
                                "Shared Written Blocks": 0,
                                "Local Hit Blocks": 0,
                                "Local Read Blocks": 0,
                                "Local Dirtied Blocks": 0,
                                "Local Written Blocks": 0,
                                "Temp Read Blocks": 0,
                                "Temp Written Blocks": 0,
                                "WAL Records": 0,
                                "WAL FPI": 0,
                                "WAL Bytes": 0
                            },
                            "Settings": {},
                            "Planning": {
                                "Shared Hit Blocks": 0,
                                "Shared Read Blocks": 0,
                                "Shared Dirtied Blocks": 0,
                                "Shared Written Blocks": 0,
                                "Local Hit Blocks": 0,
                                "Local Read Blocks": 0,
                                "Local Dirtied Blocks": 0,
                                "Local Written Blocks": 0,
                                "Temp Read Blocks": 0,
                                "Temp Written Blocks": 0
                            },
                            "Planning Time": 0.038,
                            "Triggers": [],
                            "Execution Time": 0.012
                        },
                        "any_explanation": {
                            "Plan": {
                                "Node Type": "Seq Scan",
                                "Parallel Aware": false,
                                "Async Capable": false,
                                "Relation Name": "django_enum_tests_benchmark_booltester015",
                                "Schema": "public",
                                "Alias": "django_enum_tests_benchmark_booltester015",
                                "Startup Cost": 0.0,
                                "Total Cost": 2.01,
                                "Plan Rows": 101,
                                "Plan Width": 24,
                                "Actual Startup Time": 0.002,
                                "Actual Total Time": 0.01,
                                "Actual Rows": 101,
                                "Actual Loops": 1,
                                "Output": [
                                    "id",
                                    "flg_0",
                                    "flg_1",
                                    "flg_2",
                                    "flg_3",
                                    "flg_4",
                                    "flg_5",
                                    "flg_6",
                                    "flg_7",
                                    "flg_8",
                                    "flg_9",
                                    "flg_10",
                                    "flg_11",
                                    "flg_12",
                                    "flg_13",
                                    "flg_14",
                                    "flg_15"
                                ],
                                "Filter": "(django_enum_tests_benchmark_booltester015.flg_0 OR django_enum_tests_benchmark_booltester015.flg_3 OR django_enum_tests_benchmark_booltester015.flg_4 OR django_enum_tests_benchmark_booltester015.flg_6 OR django_enum_tests_benchmark_booltester015.flg_7 OR django_enum_tests_benchmark_booltester015.flg_8 OR django_enum_tests_benchmark_booltester015.flg_9 OR django_enum_tests_benchmark_booltester015.flg_11 OR django_enum_tests_benchmark_booltester015.flg_13 OR django_enum_tests_benchmark_booltester015.flg_14 OR django_enum_tests_benchmark_booltester015.flg_15)",
                                "Rows Removed by Filter": 0,
                                "Shared Hit Blocks": 1,
                                "Shared Read Blocks": 0,
                                "Shared Dirtied Blocks": 0,
                                "Shared Written Blocks": 0,
                                "Local Hit Blocks": 0,
                                "Local Read Blocks": 0,
                                "Local Dirtied Blocks": 0,
                                "Local Written Blocks": 0,
                                "Temp Read Blocks": 0,
                                "Temp Written Blocks": 0,
                                "WAL Records": 0,
                                "WAL FPI": 0,
                                "WAL Bytes": 0
                            },
                            "Settings": {},
                            "Planning": {
                                "Shared Hit Blocks": 0,
                                "Shared Read Blocks": 0,
                                "Shared Dirtied Blocks": 0,
                                "Shared Written Blocks": 0,
                                "Local Hit Blocks": 0,
                                "Local Read Blocks": 0,
                                "Local Dirtied Blocks": 0,
                                "Local Written Blocks": 0,
                                "Temp Read Blocks": 0,
                                "Temp Written Blocks": 0
                            },
                            "Planning Time": 0.024,
                            "Triggers": [],
                            "Execution Time": 0.015
                        },
                        "exact_explanation": {
                            "Plan": {
                                "Node Type": "Seq Scan",
                                "Parallel Aware": false,
                                "Async Capable": false,
                                "Relation Name": "django_enum_tests_benchmark_booltester015",
                                "Schema": "public",
                                "Alias": "django_enum_tests_benchmark_booltester015",
                                "Startup Cost": 0.0,
                                "Total Cost": 2.01,
                                "Plan Rows": 1,
                                "Plan Width": 24,
                                "Actual Startup Time": 0.009,
                                "Actual Total Time": 0.009,
                                "Actual Rows": 0,
                                "Actual Loops": 1,
                                "Output": [
                                    "id",
                                    "flg_0",
                                    "flg_1",
                                    "flg_2",
                                    "flg_3",
                                    "flg_4",
                                    "flg_5",
                                    "flg_6",
                                    "flg_7",
                                    "flg_8",
                                    "flg_9",
                                    "flg_10",
                                    "flg_11",
                                    "flg_12",
                                    "flg_13",
                                    "flg_14",
                                    "flg_15"
                                ],
                                "Filter": "(django_enum_tests_benchmark_booltester015.flg_0 AND (NOT django_enum_tests_benchmark_booltester015.flg_1) AND (NOT django_enum_tests_benchmark_booltester015.flg_2) AND django_enum_tests_benchmark_booltester015.flg_3 AND django_enum_tests_benchmark_booltester015.flg_4 AND (NOT django_enum_tests_benchmark_booltester015.flg_5) AND django_enum_tests_benchmark_booltester015.flg_6 AND django_enum_tests_benchmark_booltester015.flg_7 AND django_enum_tests_benchmark_booltester015.flg_8 AND django_enum_tests_benchmark_booltester015.flg_9 AND (NOT django_enum_tests_benchmark_booltester015.flg_10) AND django_enum_tests_benchmark_booltester015.flg_11 AND (NOT django_enum_tests_benchmark_booltester015.flg_12) AND django_enum_tests_benchmark_booltester015.flg_13 AND django_enum_tests_benchmark_booltester015.flg_14 AND django_enum_tests_benchmark_booltester015.flg_15)",
                                "Rows Removed by Filter": 101,
                                "Shared Hit Blocks": 1,
                                "Shared Read Blocks": 0,
                                "Shared Dirtied Blocks": 0,
                                "Shared Written Blocks": 0,
                                "Local Hit Blocks": 0,
                                "Local Read Blocks": 0,
                                "Local Dirtied Blocks": 0,
                                "Local Written Blocks": 0,
                                "Temp Read Blocks": 0,
                                "Temp Written Blocks": 0,
                                "WAL Records": 0,
                                "WAL FPI": 0,
                                "WAL Bytes": 0
                            },
                            "Settings": {},
                            "Planning": {
                                "Shared Hit Blocks": 0,
                                "Shared Read Blocks": 0,
                                "Shared Dirtied Blocks": 0,
                                "Shared Written Blocks": 0,
                                "Local Hit Blocks": 0,
                                "Local Read Blocks": 0,
                                "Local Dirtied Blocks": 0,
                                "Local Written Blocks": 0,
                                "Temp Read Blocks": 0,
                                "Temp Written Blocks": 0
                            },
                            "Planning Time": 0.027,
                            "Triggers": [],
                            "Execution Time": 0.011
                        },
                        "all_ftr_time": 1.5100000000000003e-05,
                        "any_ftr_time": 1.6500000000000005e-05,
                        "exact_ftr_time": 1.4700000000000002e-05
                    },
                    "1000": {
                        "all_time": 0.0015329914982430636,
                        "any_time": 0.0019047999056056141,
                        "exact_time": 0.0011876292992383242,
                        "table_size": 147456.0,
                        "index_time": 0.0018339999951422215,
                        "all_explanation": {
                            "Plan": {
                                "Node Type": "Index Scan",
                                "Parallel Aware": false,
                                "Async Capable": false,
                                "Scan Direction": "Forward",
                                "Index Name": "bool_multi",
                                "Relation Name": "django_enum_tests_benchmark_booltester015",
                                "Schema": "public",
                                "Alias": "django_enum_tests_benchmark_booltester015",
                                "Startup Cost": 0.28,
                                "Total Cost": 12.96,
                                "Plan Rows": 1,
                                "Plan Width": 24,
                                "Actual Startup Time": 0.006,
                                "Actual Total Time": 0.006,
                                "Actual Rows": 1,
                                "Actual Loops": 1,
                                "Output": [
                                    "id",
                                    "flg_0",
                                    "flg_1",
                                    "flg_2",
                                    "flg_3",
                                    "flg_4",
                                    "flg_5",
                                    "flg_6",
                                    "flg_7",
                                    "flg_8",
                                    "flg_9",
                                    "flg_10",
                                    "flg_11",
                                    "flg_12",
                                    "flg_13",
                                    "flg_14",
                                    "flg_15"
                                ],
                                "Index Cond": "((django_enum_tests_benchmark_booltester015.flg_0 = ANY ('{t,f}'::boolean[])) AND (django_enum_tests_benchmark_booltester015.flg_1 = true) AND (django_enum_tests_benchmark_booltester015.flg_2 = true) AND (django_enum_tests_benchmark_booltester015.flg_3 = true) AND (django_enum_tests_benchmark_booltester015.flg_4 = true) AND (django_enum_tests_benchmark_booltester015.flg_5 = true) AND (django_enum_tests_benchmark_booltester015.flg_6 = true) AND (django_enum_tests_benchmark_booltester015.flg_8 = true) AND (django_enum_tests_benchmark_booltester015.flg_10 = true) AND (django_enum_tests_benchmark_booltester015.flg_12 = true) AND (django_enum_tests_benchmark_booltester015.flg_13 = true))",
                                "Rows Removed by Index Recheck": 0,
                                "Filter": "((django_enum_tests_benchmark_booltester015.flg_7 = ANY ('{t,f}'::boolean[])) AND (django_enum_tests_benchmark_booltester015.flg_9 = ANY ('{t,f}'::boolean[])) AND (django_enum_tests_benchmark_booltester015.flg_11 = ANY ('{t,f}'::boolean[])) AND (django_enum_tests_benchmark_booltester015.flg_14 = ANY ('{t,f}'::boolean[])) AND (django_enum_tests_benchmark_booltester015.flg_15 = ANY ('{t,f}'::boolean[])))",
                                "Rows Removed by Filter": 0,
                                "Shared Hit Blocks": 5,
                                "Shared Read Blocks": 0,
                                "Shared Dirtied Blocks": 0,
                                "Shared Written Blocks": 0,
                                "Local Hit Blocks": 0,
                                "Local Read Blocks": 0,
                                "Local Dirtied Blocks": 0,
                                "Local Written Blocks": 0,
                                "Temp Read Blocks": 0,
                                "Temp Written Blocks": 0,
                                "WAL Records": 0,
                                "WAL FPI": 0,
                                "WAL Bytes": 0
                            },
                            "Settings": {},
                            "Planning": {
                                "Shared Hit Blocks": 0,
                                "Shared Read Blocks": 0,
                                "Shared Dirtied Blocks": 0,
                                "Shared Written Blocks": 0,
                                "Local Hit Blocks": 0,
                                "Local Read Blocks": 0,
                                "Local Dirtied Blocks": 0,
                                "Local Written Blocks": 0,
                                "Temp Read Blocks": 0,
                                "Temp Written Blocks": 0
                            },
                            "Planning Time": 0.058,
                            "Triggers": [],
                            "Execution Time": 0.011
                        },
                        "any_explanation": {
                            "Plan": {
                                "Node Type": "Seq Scan",
                                "Parallel Aware": false,
                                "Async Capable": false,
                                "Relation Name": "django_enum_tests_benchmark_booltester015",
                                "Schema": "public",
                                "Alias": "django_enum_tests_benchmark_booltester015",
                                "Startup Cost": 0.0,
                                "Total Cost": 17.01,
                                "Plan Rows": 1000,
                                "Plan Width": 24,
                                "Actual Startup Time": 0.003,
                                "Actual Total Time": 0.089,
                                "Actual Rows": 1000,
                                "Actual Loops": 1,
                                "Output": [
                                    "id",
                                    "flg_0",
                                    "flg_1",
                                    "flg_2",
                                    "flg_3",
                                    "flg_4",
                                    "flg_5",
                                    "flg_6",
                                    "flg_7",
                                    "flg_8",
                                    "flg_9",
                                    "flg_10",
                                    "flg_11",
                                    "flg_12",
                                    "flg_13",
                                    "flg_14",
                                    "flg_15"
                                ],
                                "Filter": "(django_enum_tests_benchmark_booltester015.flg_1 OR django_enum_tests_benchmark_booltester015.flg_2 OR django_enum_tests_benchmark_booltester015.flg_3 OR django_enum_tests_benchmark_booltester015.flg_4 OR django_enum_tests_benchmark_booltester015.flg_5 OR django_enum_tests_benchmark_booltester015.flg_6 OR django_enum_tests_benchmark_booltester015.flg_8 OR django_enum_tests_benchmark_booltester015.flg_10 OR django_enum_tests_benchmark_booltester015.flg_12 OR django_enum_tests_benchmark_booltester015.flg_13)",
                                "Rows Removed by Filter": 1,
                                "Shared Hit Blocks": 7,
                                "Shared Read Blocks": 0,
                                "Shared Dirtied Blocks": 0,
                                "Shared Written Blocks": 0,
                                "Local Hit Blocks": 0,
                                "Local Read Blocks": 0,
                                "Local Dirtied Blocks": 0,
                                "Local Written Blocks": 0,
                                "Temp Read Blocks": 0,
                                "Temp Written Blocks": 0,
                                "WAL Records": 0,
                                "WAL FPI": 0,
                                "WAL Bytes": 0
                            },
                            "Settings": {},
                            "Planning": {
                                "Shared Hit Blocks": 0,
                                "Shared Read Blocks": 0,
                                "Shared Dirtied Blocks": 0,
                                "Shared Written Blocks": 0,
                                "Local Hit Blocks": 0,
                                "Local Read Blocks": 0,
                                "Local Dirtied Blocks": 0,
                                "Local Written Blocks": 0,
                                "Temp Read Blocks": 0,
                                "Temp Written Blocks": 0
                            },
                            "Planning Time": 0.025,
                            "Triggers": [],
                            "Execution Time": 0.115
                        },
                        "exact_explanation": {
                            "Plan": {
                                "Node Type": "Index Scan",
                                "Parallel Aware": false,
                                "Async Capable": false,
                                "Scan Direction": "Forward",
                                "Index Name": "bool_multi",
                                "Relation Name": "django_enum_tests_benchmark_booltester015",
                                "Schema": "public",
                                "Alias": "django_enum_tests_benchmark_booltester015",
                                "Startup Cost": 0.28,
                                "Total Cost": 8.33,
                                "Plan Rows": 1,
                                "Plan Width": 24,
                                "Actual Startup Time": 0.002,
                                "Actual Total Time": 0.002,
                                "Actual Rows": 0,
                                "Actual Loops": 1,
                                "Output": [
                                    "id",
                                    "flg_0",
                                    "flg_1",
                                    "flg_2",
                                    "flg_3",
                                    "flg_4",
                                    "flg_5",
                                    "flg_6",
                                    "flg_7",
                                    "flg_8",
                                    "flg_9",
                                    "flg_10",
                                    "flg_11",
                                    "flg_12",
                                    "flg_13",
                                    "flg_14",
                                    "flg_15"
                                ],
                                "Index Cond": "((django_enum_tests_benchmark_booltester015.flg_0 = false) AND (django_enum_tests_benchmark_booltester015.flg_1 = true) AND (django_enum_tests_benchmark_booltester015.flg_2 = true) AND (django_enum_tests_benchmark_booltester015.flg_3 = true) AND (django_enum_tests_benchmark_booltester015.flg_4 = true) AND (django_enum_tests_benchmark_booltester015.flg_5 = true) AND (django_enum_tests_benchmark_booltester015.flg_6 = true) AND (django_enum_tests_benchmark_booltester015.flg_7 = false) AND (django_enum_tests_benchmark_booltester015.flg_8 = true) AND (django_enum_tests_benchmark_booltester015.flg_9 = false) AND (django_enum_tests_benchmark_booltester015.flg_10 = true) AND (django_enum_tests_benchmark_booltester015.flg_11 = false) AND (django_enum_tests_benchmark_booltester015.flg_12 = true) AND (django_enum_tests_benchmark_booltester015.flg_13 = true) AND (django_enum_tests_benchmark_booltester015.flg_14 = false) AND (django_enum_tests_benchmark_booltester015.flg_15 = false))",
                                "Rows Removed by Index Recheck": 0,
                                "Shared Hit Blocks": 2,
                                "Shared Read Blocks": 0,
                                "Shared Dirtied Blocks": 0,
                                "Shared Written Blocks": 0,
                                "Local Hit Blocks": 0,
                                "Local Read Blocks": 0,
                                "Local Dirtied Blocks": 0,
                                "Local Written Blocks": 0,
                                "Temp Read Blocks": 0,
                                "Temp Written Blocks": 0,
                                "WAL Records": 0,
                                "WAL FPI": 0,
                                "WAL Bytes": 0
                            },
                            "Settings": {},
                            "Planning": {
                                "Shared Hit Blocks": 0,
                                "Shared Read Blocks": 0,
                                "Shared Dirtied Blocks": 0,
                                "Shared Written Blocks": 0,
                                "Local Hit Blocks": 0,
                                "Local Read Blocks": 0,
                                "Local Dirtied Blocks": 0,
                                "Local Written Blocks": 0,
                                "Temp Read Blocks": 0,
                                "Temp Written Blocks": 0
                            },
                            "Planning Time": 0.034,
                            "Triggers": [],
                            "Execution Time": 0.007
                        },
                        "all_ftr_time": 3.82e-05,
                        "any_ftr_time": 0.00011140000000000001,
                        "exact_ftr_time": 7.400000000000001e-06
                    },
                    "10000": {
                        "all_time": 0.001970004115719348,
                        "any_time": 0.003857329220045358,
                        "exact_time": 0.0012618625070899725,
                        "table_size": 1097728.0,
                        "index_time": 0.014253833098337054,
                        "all_explanation": {
                            "Plan": {
                                "Node Type": "Bitmap Heap Scan",
                                "Parallel Aware": false,
                                "Async Capable": false,
                                "Relation Name": "django_enum_tests_benchmark_booltester015",
                                "Schema": "public",
                                "Alias": "django_enum_tests_benchmark_booltester015",
                                "Startup Cost": 107.25,
                                "Total Cost": 147.72,
                                "Plan Rows": 9,
                                "Plan Width": 24,
                                "Actual Startup Time": 0.069,
                                "Actual Total Time": 0.078,
                                "Actual Rows": 21,
                                "Actual Loops": 1,
                                "Output": [
                                    "id",
                                    "flg_0",
                                    "flg_1",
                                    "flg_2",
                                    "flg_3",
                                    "flg_4",
                                    "flg_5",
                                    "flg_6",
                                    "flg_7",
                                    "flg_8",
                                    "flg_9",
                                    "flg_10",
                                    "flg_11",
                                    "flg_12",
                                    "flg_13",
                                    "flg_14",
                                    "flg_15"
                                ],
                                "Filter": "(django_enum_tests_benchmark_booltester015.flg_0 AND django_enum_tests_benchmark_booltester015.flg_1 AND django_enum_tests_benchmark_booltester015.flg_6 AND django_enum_tests_benchmark_booltester015.flg_8 AND django_enum_tests_benchmark_booltester015.flg_9 AND django_enum_tests_benchmark_booltester015.flg_10 AND django_enum_tests_benchmark_booltester015.flg_13 AND django_enum_tests_benchmark_booltester015.flg_14 AND django_enum_tests_benchmark_booltester015.flg_15 AND (django_enum_tests_benchmark_booltester015.flg_2 = ANY ('{t,f}'::boolean[])) AND (django_enum_tests_benchmark_booltester015.flg_3 = ANY ('{t,f}'::boolean[])) AND (django_enum_tests_benchmark_booltester015.flg_4 = ANY ('{t,f}'::boolean[])) AND (django_enum_tests_benchmark_booltester015.flg_5 = ANY ('{t,f}'::boolean[])) AND (django_enum_tests_benchmark_booltester015.flg_7 = ANY ('{t,f}'::boolean[])) AND (django_enum_tests_benchmark_booltester015.flg_11 = ANY ('{t,f}'::boolean[])) AND (django_enum_tests_benchmark_booltester015.flg_12 = ANY ('{t,f}'::boolean[])))",
                                "Rows Removed by Filter": 0,
                                "Exact Heap Blocks": 17,
                                "Lossy Heap Blocks": 0,
                                "Shared Hit Blocks": 29,
                                "Shared Read Blocks": 0,
                                "Shared Dirtied Blocks": 0,
                                "Shared Written Blocks": 0,
                                "Local Hit Blocks": 0,
                                "Local Read Blocks": 0,
                                "Local Dirtied Blocks": 0,
                                "Local Written Blocks": 0,
                                "Temp Read Blocks": 0,
                                "Temp Written Blocks": 0,
                                "WAL Records": 0,
                                "WAL FPI": 0,
                                "WAL Bytes": 0,
                                "Plans": [
                                    {
                                        "Node Type": "Bitmap Index Scan",
                                        "Parent Relationship": "Outer",
                                        "Parallel Aware": false,
                                        "Async Capable": false,
                                        "Index Name": "bool_multi",
                                        "Startup Cost": 0.0,
                                        "Total Cost": 107.25,
                                        "Plan Rows": 17,
                                        "Plan Width": 0,
                                        "Actual Startup Time": 0.065,
                                        "Actual Total Time": 0.065,
                                        "Actual Rows": 21,
                                        "Actual Loops": 1,
                                        "Index Cond": "((django_enum_tests_benchmark_booltester015.flg_0 = true) AND (django_enum_tests_benchmark_booltester015.flg_1 = true) AND (django_enum_tests_benchmark_booltester015.flg_6 = true) AND (django_enum_tests_benchmark_booltester015.flg_8 = true) AND (django_enum_tests_benchmark_booltester015.flg_9 = true) AND (django_enum_tests_benchmark_booltester015.flg_10 = true) AND (django_enum_tests_benchmark_booltester015.flg_13 = true) AND (django_enum_tests_benchmark_booltester015.flg_14 = true) AND (django_enum_tests_benchmark_booltester015.flg_15 = true))",
                                        "Shared Hit Blocks": 12,
                                        "Shared Read Blocks": 0,
                                        "Shared Dirtied Blocks": 0,
                                        "Shared Written Blocks": 0,
                                        "Local Hit Blocks": 0,
                                        "Local Read Blocks": 0,
                                        "Local Dirtied Blocks": 0,
                                        "Local Written Blocks": 0,
                                        "Temp Read Blocks": 0,
                                        "Temp Written Blocks": 0,
                                        "WAL Records": 0,
                                        "WAL FPI": 0,
                                        "WAL Bytes": 0
                                    }
                                ]
                            },
                            "Settings": {},
                            "Planning": {
                                "Shared Hit Blocks": 0,
                                "Shared Read Blocks": 0,
                                "Shared Dirtied Blocks": 0,
                                "Shared Written Blocks": 0,
                                "Local Hit Blocks": 0,
                                "Local Read Blocks": 0,
                                "Local Dirtied Blocks": 0,
                                "Local Written Blocks": 0,
                                "Temp Read Blocks": 0,
                                "Temp Written Blocks": 0
                            },
                            "Planning Time": 0.075,
                            "Triggers": [],
                            "Execution Time": 0.086
                        },
                        "any_explanation": {
                            "Plan": {
                                "Node Type": "Seq Scan",
                                "Parallel Aware": false,
                                "Async Capable": false,
                                "Relation Name": "django_enum_tests_benchmark_booltester015",
                                "Schema": "public",
                                "Alias": "django_enum_tests_benchmark_booltester015",
                                "Startup Cost": 0.0,
                                "Total Cost": 164.01,
                                "Plan Rows": 9979,
                                "Plan Width": 24,
                                "Actual Startup Time": 0.003,
                                "Actual Total Time": 1.114,
                                "Actual Rows": 9982,
                                "Actual Loops": 1,
                                "Output": [
                                    "id",
                                    "flg_0",
                                    "flg_1",
                                    "flg_2",
                                    "flg_3",
                                    "flg_4",
                                    "flg_5",
                                    "flg_6",
                                    "flg_7",
                                    "flg_8",
                                    "flg_9",
                                    "flg_10",
                                    "flg_11",
                                    "flg_12",
                                    "flg_13",
                                    "flg_14",
                                    "flg_15"
                                ],
                                "Filter": "(django_enum_tests_benchmark_booltester015.flg_0 OR django_enum_tests_benchmark_booltester015.flg_1 OR django_enum_tests_benchmark_booltester015.flg_6 OR django_enum_tests_benchmark_booltester015.flg_8 OR django_enum_tests_benchmark_booltester015.flg_9 OR django_enum_tests_benchmark_booltester015.flg_10 OR django_enum_tests_benchmark_booltester015.flg_13 OR django_enum_tests_benchmark_booltester015.flg_14 OR django_enum_tests_benchmark_booltester015.flg_15)",
                                "Rows Removed by Filter": 19,
                                "Shared Hit Blocks": 64,
                                "Shared Read Blocks": 0,
                                "Shared Dirtied Blocks": 0,
                                "Shared Written Blocks": 0,
                                "Local Hit Blocks": 0,
                                "Local Read Blocks": 0,
                                "Local Dirtied Blocks": 0,
                                "Local Written Blocks": 0,
                                "Temp Read Blocks": 0,
                                "Temp Written Blocks": 0,
                                "WAL Records": 0,
                                "WAL FPI": 0,
                                "WAL Bytes": 0
                            },
                            "Settings": {},
                            "Planning": {
                                "Shared Hit Blocks": 0,
                                "Shared Read Blocks": 0,
                                "Shared Dirtied Blocks": 0,
                                "Shared Written Blocks": 0,
                                "Local Hit Blocks": 0,
                                "Local Read Blocks": 0,
                                "Local Dirtied Blocks": 0,
                                "Local Written Blocks": 0,
                                "Temp Read Blocks": 0,
                                "Temp Written Blocks": 0
                            },
                            "Planning Time": 0.029,
                            "Triggers": [],
                            "Execution Time": 1.407
                        },
                        "exact_explanation": {
                            "Plan": {
                                "Node Type": "Index Scan",
                                "Parallel Aware": false,
                                "Async Capable": false,
                                "Scan Direction": "Forward",
                                "Index Name": "bool_multi",
                                "Relation Name": "django_enum_tests_benchmark_booltester015",
                                "Schema": "public",
                                "Alias": "django_enum_tests_benchmark_booltester015",
                                "Startup Cost": 0.29,
                                "Total Cost": 8.34,
                                "Plan Rows": 1,
                                "Plan Width": 24,
                                "Actual Startup Time": 0.004,
                                "Actual Total Time": 0.004,
                                "Actual Rows": 1,
                                "Actual Loops": 1,
                                "Output": [
                                    "id",
                                    "flg_0",
                                    "flg_1",
                                    "flg_2",
                                    "flg_3",
                                    "flg_4",
                                    "flg_5",
                                    "flg_6",
                                    "flg_7",
                                    "flg_8",
                                    "flg_9",
                                    "flg_10",
                                    "flg_11",
                                    "flg_12",
                                    "flg_13",
                                    "flg_14",
                                    "flg_15"
                                ],
                                "Index Cond": "((django_enum_tests_benchmark_booltester015.flg_0 = true) AND (django_enum_tests_benchmark_booltester015.flg_1 = true) AND (django_enum_tests_benchmark_booltester015.flg_2 = false) AND (django_enum_tests_benchmark_booltester015.flg_3 = false) AND (django_enum_tests_benchmark_booltester015.flg_4 = false) AND (django_enum_tests_benchmark_booltester015.flg_5 = false) AND (django_enum_tests_benchmark_booltester015.flg_6 = true) AND (django_enum_tests_benchmark_booltester015.flg_7 = false) AND (django_enum_tests_benchmark_booltester015.flg_8 = true) AND (django_enum_tests_benchmark_booltester015.flg_9 = true) AND (django_enum_tests_benchmark_booltester015.flg_10 = true) AND (django_enum_tests_benchmark_booltester015.flg_11 = false) AND (django_enum_tests_benchmark_booltester015.flg_12 = false) AND (django_enum_tests_benchmark_booltester015.flg_13 = true) AND (django_enum_tests_benchmark_booltester015.flg_14 = true) AND (django_enum_tests_benchmark_booltester015.flg_15 = true))",
                                "Rows Removed by Index Recheck": 0,
                                "Shared Hit Blocks": 3,
                                "Shared Read Blocks": 0,
                                "Shared Dirtied Blocks": 0,
                                "Shared Written Blocks": 0,
                                "Local Hit Blocks": 0,
                                "Local Read Blocks": 0,
                                "Local Dirtied Blocks": 0,
                                "Local Written Blocks": 0,
                                "Temp Read Blocks": 0,
                                "Temp Written Blocks": 0,
                                "WAL Records": 0,
                                "WAL FPI": 0,
                                "WAL Bytes": 0
                            },
                            "Settings": {},
                            "Planning": {
                                "Shared Hit Blocks": 0,
                                "Shared Read Blocks": 0,
                                "Shared Dirtied Blocks": 0,
                                "Shared Written Blocks": 0,
                                "Local Hit Blocks": 0,
                                "Local Read Blocks": 0,
                                "Local Dirtied Blocks": 0,
                                "Local Written Blocks": 0,
                                "Temp Read Blocks": 0,
                                "Temp Written Blocks": 0
                            },
                            "Planning Time": 0.04,
                            "Triggers": [],
                            "Execution Time": 0.01
                        },
                        "all_ftr_time": 0.0001115,
                        "any_ftr_time": 0.0011266,
                        "exact_ftr_time": 8.200000000000001e-06
                    },
                    "100000": {
                        "all_time": 0.002520583418663591,
                        "any_time": 0.020441633102018388,
                        "exact_time": 0.003086654387880117,
                        "table_size": 9781248.0,
                        "index_time": 0.11461316701024771,
                        "all_explanation": {
                            "Plan": {
                                "Node Type": "Index Scan",
                                "Parallel Aware": false,
                                "Async Capable": false,
                                "Scan Direction": "Forward",
                                "Index Name": "bool_multi",
                                "Relation Name": "django_enum_tests_benchmark_booltester015",
                                "Schema": "public",
                                "Alias": "django_enum_tests_benchmark_booltester015",
                                "Startup Cost": 0.42,
                                "Total Cost": 352.6,
                                "Plan Rows": 29,
                                "Plan Width": 24,
                                "Actual Startup Time": 0.003,
                                "Actual Total Time": 0.1,
                                "Actual Rows": 111,
                                "Actual Loops": 1,
                                "Output": [
                                    "id",
                                    "flg_0",
                                    "flg_1",
                                    "flg_2",
                                    "flg_3",
                                    "flg_4",
                                    "flg_5",
                                    "flg_6",
                                    "flg_7",
                                    "flg_8",
                                    "flg_9",
                                    "flg_10",
                                    "flg_11",
                                    "flg_12",
                                    "flg_13",
                                    "flg_14",
                                    "flg_15"
                                ],
                                "Index Cond": "((django_enum_tests_benchmark_booltester015.flg_0 = ANY ('{t,f}'::boolean[])) AND (django_enum_tests_benchmark_booltester015.flg_1 = true) AND (django_enum_tests_benchmark_booltester015.flg_2 = true) AND (django_enum_tests_benchmark_booltester015.flg_3 = true) AND (django_enum_tests_benchmark_booltester015.flg_4 = true) AND (django_enum_tests_benchmark_booltester015.flg_5 = ANY ('{t,f}'::boolean[])) AND (django_enum_tests_benchmark_booltester015.flg_6 = true) AND (django_enum_tests_benchmark_booltester015.flg_7 = ANY ('{t,f}'::boolean[])) AND (django_enum_tests_benchmark_booltester015.flg_8 = ANY ('{t,f}'::boolean[])) AND (django_enum_tests_benchmark_booltester015.flg_9 = true) AND (django_enum_tests_benchmark_booltester015.flg_10 = true) AND (django_enum_tests_benchmark_booltester015.flg_11 = true) AND (django_enum_tests_benchmark_booltester015.flg_12 = true) AND (django_enum_tests_benchmark_booltester015.flg_13 = true) AND (django_enum_tests_benchmark_booltester015.flg_14 = ANY ('{t,f}'::boolean[])) AND (django_enum_tests_benchmark_booltester015.flg_15 = ANY ('{t,f}'::boolean[])))",
                                "Rows Removed by Index Recheck": 0,
                                "Shared Hit Blocks": 303,
                                "Shared Read Blocks": 0,
                                "Shared Dirtied Blocks": 0,
                                "Shared Written Blocks": 0,
                                "Local Hit Blocks": 0,
                                "Local Read Blocks": 0,
                                "Local Dirtied Blocks": 0,
                                "Local Written Blocks": 0,
                                "Temp Read Blocks": 0,
                                "Temp Written Blocks": 0,
                                "WAL Records": 0,
                                "WAL FPI": 0,
                                "WAL Bytes": 0
                            },
                            "Settings": {},
                            "Planning": {
                                "Shared Hit Blocks": 0,
                                "Shared Read Blocks": 0,
                                "Shared Dirtied Blocks": 0,
                                "Shared Written Blocks": 0,
                                "Local Hit Blocks": 0,
                                "Local Read Blocks": 0,
                                "Local Dirtied Blocks": 0,
                                "Local Written Blocks": 0,
                                "Temp Read Blocks": 0,
                                "Temp Written Blocks": 0
                            },
                            "Planning Time": 0.037,
                            "Triggers": [],
                            "Execution Time": 0.108
                        },
                        "any_explanation": {
                            "Plan": {
                                "Node Type": "Seq Scan",
                                "Parallel Aware": false,
                                "Async Capable": false,
                                "Relation Name": "django_enum_tests_benchmark_booltester015",
                                "Schema": "public",
                                "Alias": "django_enum_tests_benchmark_booltester015",
                                "Startup Cost": 0.0,
                                "Total Cost": 1637.01,
                                "Plan Rows": 99916,
                                "Plan Width": 24,
                                "Actual Startup Time": 0.003,
                                "Actual Total Time": 7.213,
                                "Actual Rows": 99909,
                                "Actual Loops": 1,
                                "Output": [
                                    "id",
                                    "flg_0",
                                    "flg_1",
                                    "flg_2",
                                    "flg_3",
                                    "flg_4",
                                    "flg_5",
                                    "flg_6",
                                    "flg_7",
                                    "flg_8",
                                    "flg_9",
                                    "flg_10",
                                    "flg_11",
                                    "flg_12",
                                    "flg_13",
                                    "flg_14",
                                    "flg_15"
                                ],
                                "Filter": "(django_enum_tests_benchmark_booltester015.flg_1 OR django_enum_tests_benchmark_booltester015.flg_2 OR django_enum_tests_benchmark_booltester015.flg_3 OR django_enum_tests_benchmark_booltester015.flg_4 OR django_enum_tests_benchmark_booltester015.flg_6 OR django_enum_tests_benchmark_booltester015.flg_9 OR django_enum_tests_benchmark_booltester015.flg_10 OR django_enum_tests_benchmark_booltester015.flg_11 OR django_enum_tests_benchmark_booltester015.flg_12 OR django_enum_tests_benchmark_booltester015.flg_13)",
                                "Rows Removed by Filter": 92,
                                "Shared Hit Blocks": 637,
                                "Shared Read Blocks": 0,
                                "Shared Dirtied Blocks": 0,
                                "Shared Written Blocks": 0,
                                "Local Hit Blocks": 0,
                                "Local Read Blocks": 0,
                                "Local Dirtied Blocks": 0,
                                "Local Written Blocks": 0,
                                "Temp Read Blocks": 0,
                                "Temp Written Blocks": 0,
                                "WAL Records": 0,
                                "WAL FPI": 0,
                                "WAL Bytes": 0
                            },
                            "Settings": {},
                            "Planning": {
                                "Shared Hit Blocks": 0,
                                "Shared Read Blocks": 0,
                                "Shared Dirtied Blocks": 0,
                                "Shared Written Blocks": 0,
                                "Local Hit Blocks": 0,
                                "Local Read Blocks": 0,
                                "Local Dirtied Blocks": 0,
                                "Local Written Blocks": 0,
                                "Temp Read Blocks": 0,
                                "Temp Written Blocks": 0
                            },
                            "Planning Time": 0.037,
                            "Triggers": [],
                            "Execution Time": 9.21
                        },
                        "exact_explanation": {
                            "Plan": {
                                "Node Type": "Index Scan",
                                "Parallel Aware": false,
                                "Async Capable": false,
                                "Scan Direction": "Forward",
                                "Index Name": "bool_multi",
                                "Relation Name": "django_enum_tests_benchmark_booltester015",
                                "Schema": "public",
                                "Alias": "django_enum_tests_benchmark_booltester015",
                                "Startup Cost": 0.42,
                                "Total Cost": 8.47,
                                "Plan Rows": 1,
                                "Plan Width": 24,
                                "Actual Startup Time": 0.003,
                                "Actual Total Time": 0.003,
                                "Actual Rows": 2,
                                "Actual Loops": 1,
                                "Output": [
                                    "id",
                                    "flg_0",
                                    "flg_1",
                                    "flg_2",
                                    "flg_3",
                                    "flg_4",
                                    "flg_5",
                                    "flg_6",
                                    "flg_7",
                                    "flg_8",
                                    "flg_9",
                                    "flg_10",
                                    "flg_11",
                                    "flg_12",
                                    "flg_13",
                                    "flg_14",
                                    "flg_15"
                                ],
                                "Index Cond": "((django_enum_tests_benchmark_booltester015.flg_0 = false) AND (django_enum_tests_benchmark_booltester015.flg_1 = true) AND (django_enum_tests_benchmark_booltester015.flg_2 = true) AND (django_enum_tests_benchmark_booltester015.flg_3 = true) AND (django_enum_tests_benchmark_booltester015.flg_4 = true) AND (django_enum_tests_benchmark_booltester015.flg_5 = false) AND (django_enum_tests_benchmark_booltester015.flg_6 = true) AND (django_enum_tests_benchmark_booltester015.flg_7 = false) AND (django_enum_tests_benchmark_booltester015.flg_8 = false) AND (django_enum_tests_benchmark_booltester015.flg_9 = true) AND (django_enum_tests_benchmark_booltester015.flg_10 = true) AND (django_enum_tests_benchmark_booltester015.flg_11 = true) AND (django_enum_tests_benchmark_booltester015.flg_12 = true) AND (django_enum_tests_benchmark_booltester015.flg_13 = true) AND (django_enum_tests_benchmark_booltester015.flg_14 = false) AND (django_enum_tests_benchmark_booltester015.flg_15 = false))",
                                "Rows Removed by Index Recheck": 0,
                                "Shared Hit Blocks": 5,
                                "Shared Read Blocks": 0,
                                "Shared Dirtied Blocks": 0,
                                "Shared Written Blocks": 0,
                                "Local Hit Blocks": 0,
                                "Local Read Blocks": 0,
                                "Local Dirtied Blocks": 0,
                                "Local Written Blocks": 0,
                                "Temp Read Blocks": 0,
                                "Temp Written Blocks": 0,
                                "WAL Records": 0,
                                "WAL FPI": 0,
                                "WAL Bytes": 0
                            },
                            "Settings": {},
                            "Planning": {
                                "Shared Hit Blocks": 0,
                                "Shared Read Blocks": 0,
                                "Shared Dirtied Blocks": 0,
                                "Shared Written Blocks": 0,
                                "Local Hit Blocks": 0,
                                "Local Read Blocks": 0,
                                "Local Dirtied Blocks": 0,
                                "Local Written Blocks": 0,
                                "Temp Read Blocks": 0,
                                "Temp Written Blocks": 0
                            },
                            "Planning Time": 0.028,
                            "Triggers": [],
                            "Execution Time": 0.008
                        },
                        "all_ftr_time": 0.000759,
                        "any_ftr_time": 0.009349999999999999,
                        "exact_ftr_time": 7.9e-06
                    },
                    "1000000": {
                        "all_time": 0.00949148740619421,
                        "any_time": 0.13261735008563846,
                        "exact_time": 0.003954537294339389,
                        "table_size": 83886080.0,
                        "index_time": 0.9173149169655517,
                        "all_explanation": {
                            "Plan": {
                                "Node Type": "Index Scan",
                                "Parallel Aware": false,
                                "Async Capable": false,
                                "Scan Direction": "Forward",
                                "Index Name": "bool_multi",
                                "Relation Name": "django_enum_tests_benchmark_booltester015",
                                "Schema": "public",
                                "Alias": "django_enum_tests_benchmark_booltester015",
                                "Startup Cost": 0.42,
                                "Total Cost": 491.69,
                                "Plan Rows": 111,
                                "Plan Width": 24,
                                "Actual Startup Time": 0.004,
                                "Actual Total Time": 0.116,
                                "Actual Rows": 465,
                                "Actual Loops": 1,
                                "Output": [
                                    "id",
                                    "flg_0",
                                    "flg_1",
                                    "flg_2",
                                    "flg_3",
                                    "flg_4",
                                    "flg_5",
                                    "flg_6",
                                    "flg_7",
                                    "flg_8",
                                    "flg_9",
                                    "flg_10",
                                    "flg_11",
                                    "flg_12",
                                    "flg_13",
                                    "flg_14",
                                    "flg_15"
                                ],
                                "Index Cond": "((django_enum_tests_benchmark_booltester015.flg_0 = true) AND (django_enum_tests_benchmark_booltester015.flg_1 = true) AND (django_enum_tests_benchmark_booltester015.flg_2 = true) AND (django_enum_tests_benchmark_booltester015.flg_3 = true) AND (django_enum_tests_benchmark_booltester015.flg_4 = true) AND (django_enum_tests_benchmark_booltester015.flg_5 = true) AND (django_enum_tests_benchmark_booltester015.flg_6 = ANY ('{t,f}'::boolean[])) AND (django_enum_tests_benchmark_booltester015.flg_7 = ANY ('{t,f}'::boolean[])) AND (django_enum_tests_benchmark_booltester015.flg_8 = true) AND (django_enum_tests_benchmark_booltester015.flg_9 = true) AND (django_enum_tests_benchmark_booltester015.flg_10 = ANY ('{t,f}'::boolean[])) AND (django_enum_tests_benchmark_booltester015.flg_11 = true) AND (django_enum_tests_benchmark_booltester015.flg_12 = true) AND (django_enum_tests_benchmark_booltester015.flg_13 = true) AND (django_enum_tests_benchmark_booltester015.flg_14 = ANY ('{t,f}'::boolean[])) AND (django_enum_tests_benchmark_booltester015.flg_15 = ANY ('{t,f}'::boolean[])))",
                                "Rows Removed by Index Recheck": 0,
                                "Shared Hit Blocks": 561,
                                "Shared Read Blocks": 0,
                                "Shared Dirtied Blocks": 0,
                                "Shared Written Blocks": 0,
                                "Local Hit Blocks": 0,
                                "Local Read Blocks": 0,
                                "Local Dirtied Blocks": 0,
                                "Local Written Blocks": 0,
                                "Temp Read Blocks": 0,
                                "Temp Written Blocks": 0,
                                "WAL Records": 0,
                                "WAL FPI": 0,
                                "WAL Bytes": 0
                            },
                            "Settings": {},
                            "Planning": {
                                "Shared Hit Blocks": 0,
                                "Shared Read Blocks": 0,
                                "Shared Dirtied Blocks": 0,
                                "Shared Written Blocks": 0,
                                "Local Hit Blocks": 0,
                                "Local Read Blocks": 0,
                                "Local Dirtied Blocks": 0,
                                "Local Written Blocks": 0,
                                "Temp Read Blocks": 0,
                                "Temp Written Blocks": 0
                            },
                            "Planning Time": 0.043,
                            "Triggers": [],
                            "Execution Time": 0.131
                        },
                        "any_explanation": {
                            "Plan": {
                                "Node Type": "Seq Scan",
                                "Parallel Aware": false,
                                "Async Capable": false,
                                "Relation Name": "django_enum_tests_benchmark_booltester015",
                                "Schema": "public",
                                "Alias": "django_enum_tests_benchmark_booltester015",
                                "Startup Cost": 0.0,
                                "Total Cost": 16370.01,
                                "Plan Rows": 999469,
                                "Plan Width": 24,
                                "Actual Startup Time": 0.005,
                                "Actual Total Time": 73.26,
                                "Actual Rows": 999514,
                                "Actual Loops": 1,
                                "Output": [
                                    "id",
                                    "flg_0",
                                    "flg_1",
                                    "flg_2",
                                    "flg_3",
                                    "flg_4",
                                    "flg_5",
                                    "flg_6",
                                    "flg_7",
                                    "flg_8",
                                    "flg_9",
                                    "flg_10",
                                    "flg_11",
                                    "flg_12",
                                    "flg_13",
                                    "flg_14",
                                    "flg_15"
                                ],
                                "Filter": "(django_enum_tests_benchmark_booltester015.flg_0 OR django_enum_tests_benchmark_booltester015.flg_1 OR django_enum_tests_benchmark_booltester015.flg_2 OR django_enum_tests_benchmark_booltester015.flg_3 OR django_enum_tests_benchmark_booltester015.flg_4 OR django_enum_tests_benchmark_booltester015.flg_5 OR django_enum_tests_benchmark_booltester015.flg_8 OR django_enum_tests_benchmark_booltester015.flg_9 OR django_enum_tests_benchmark_booltester015.flg_11 OR django_enum_tests_benchmark_booltester015.flg_12 OR django_enum_tests_benchmark_booltester015.flg_13)",
                                "Rows Removed by Filter": 487,
                                "Shared Hit Blocks": 6370,
                                "Shared Read Blocks": 0,
                                "Shared Dirtied Blocks": 0,
                                "Shared Written Blocks": 0,
                                "Local Hit Blocks": 0,
                                "Local Read Blocks": 0,
                                "Local Dirtied Blocks": 0,
                                "Local Written Blocks": 0,
                                "Temp Read Blocks": 0,
                                "Temp Written Blocks": 0,
                                "WAL Records": 0,
                                "WAL FPI": 0,
                                "WAL Bytes": 0
                            },
                            "Settings": {},
                            "Planning": {
                                "Shared Hit Blocks": 0,
                                "Shared Read Blocks": 0,
                                "Shared Dirtied Blocks": 0,
                                "Shared Written Blocks": 0,
                                "Local Hit Blocks": 0,
                                "Local Read Blocks": 0,
                                "Local Dirtied Blocks": 0,
                                "Local Written Blocks": 0,
                                "Temp Read Blocks": 0,
                                "Temp Written Blocks": 0
                            },
                            "Planning Time": 0.053,
                            "Triggers": [],
                            "Execution Time": 93.186
                        },
                        "exact_explanation": {
                            "Plan": {
                                "Node Type": "Index Scan",
                                "Parallel Aware": false,
                                "Async Capable": false,
                                "Scan Direction": "Forward",
                                "Index Name": "bool_multi",
                                "Relation Name": "django_enum_tests_benchmark_booltester015",
                                "Schema": "public",
                                "Alias": "django_enum_tests_benchmark_booltester015",
                                "Startup Cost": 0.42,
                                "Total Cost": 33.7,
                                "Plan Rows": 9,
                                "Plan Width": 24,
                                "Actual Startup Time": 0.003,
                                "Actual Total Time": 0.006,
                                "Actual Rows": 19,
                                "Actual Loops": 1,
                                "Output": [
                                    "id",
                                    "flg_0",
                                    "flg_1",
                                    "flg_2",
                                    "flg_3",
                                    "flg_4",
                                    "flg_5",
                                    "flg_6",
                                    "flg_7",
                                    "flg_8",
                                    "flg_9",
                                    "flg_10",
                                    "flg_11",
                                    "flg_12",
                                    "flg_13",
                                    "flg_14",
                                    "flg_15"
                                ],
                                "Index Cond": "((django_enum_tests_benchmark_booltester015.flg_0 = true) AND (django_enum_tests_benchmark_booltester015.flg_1 = true) AND (django_enum_tests_benchmark_booltester015.flg_2 = true) AND (django_enum_tests_benchmark_booltester015.flg_3 = true) AND (django_enum_tests_benchmark_booltester015.flg_4 = true) AND (django_enum_tests_benchmark_booltester015.flg_5 = true) AND (django_enum_tests_benchmark_booltester015.flg_6 = false) AND (django_enum_tests_benchmark_booltester015.flg_7 = false) AND (django_enum_tests_benchmark_booltester015.flg_8 = true) AND (django_enum_tests_benchmark_booltester015.flg_9 = true) AND (django_enum_tests_benchmark_booltester015.flg_10 = false) AND (django_enum_tests_benchmark_booltester015.flg_11 = true) AND (django_enum_tests_benchmark_booltester015.flg_12 = true) AND (django_enum_tests_benchmark_booltester015.flg_13 = true) AND (django_enum_tests_benchmark_booltester015.flg_14 = false) AND (django_enum_tests_benchmark_booltester015.flg_15 = false))",
                                "Rows Removed by Index Recheck": 0,
                                "Shared Hit Blocks": 22,
                                "Shared Read Blocks": 0,
                                "Shared Dirtied Blocks": 0,
                                "Shared Written Blocks": 0,
                                "Local Hit Blocks": 0,
                                "Local Read Blocks": 0,
                                "Local Dirtied Blocks": 0,
                                "Local Written Blocks": 0,
                                "Temp Read Blocks": 0,
                                "Temp Written Blocks": 0,
                                "WAL Records": 0,
                                "WAL FPI": 0,
                                "WAL Bytes": 0
                            },
                            "Settings": {},
                            "Planning": {
                                "Shared Hit Blocks": 0,
                                "Shared Read Blocks": 0,
                                "Shared Dirtied Blocks": 0,
                                "Shared Written Blocks": 0,
                                "Local Hit Blocks": 0,
                                "Local Read Blocks": 0,
                                "Local Dirtied Blocks": 0,
                                "Local Written Blocks": 0,
                                "Temp Read Blocks": 0,
                                "Temp Written Blocks": 0
                            },
                            "Planning Time": 0.032,
                            "Triggers": [],
                            "Execution Time": 0.012
                        },
                        "all_ftr_time": 0.006306600000000001,
                        "any_ftr_time": 0.09518110000000002,
                        "exact_ftr_time": 1.1e-05
                    },
                    "2000000": {
                        "all_time": 0.015488658589310944,
                        "any_time": 0.25912592916283755,
                        "exact_time": 0.0029614541796036064,
                        "table_size": 164626432.0,
                        "index_time": 1.8502293749479577,
                        "all_explanation": {
                            "Plan": {
                                "Node Type": "Index Scan",
                                "Parallel Aware": false,
                                "Async Capable": false,
                                "Scan Direction": "Forward",
                                "Index Name": "bool_multi",
                                "Relation Name": "django_enum_tests_benchmark_booltester015",
                                "Schema": "public",
                                "Alias": "django_enum_tests_benchmark_booltester015",
                                "Startup Cost": 0.43,
                                "Total Cost": 1835.77,
                                "Plan Rows": 502,
                                "Plan Width": 24,
                                "Actual Startup Time": 0.004,
                                "Actual Total Time": 0.561,
                                "Actual Rows": 1963,
                                "Actual Loops": 1,
                                "Output": [
                                    "id",
                                    "flg_0",
                                    "flg_1",
                                    "flg_2",
                                    "flg_3",
                                    "flg_4",
                                    "flg_5",
                                    "flg_6",
                                    "flg_7",
                                    "flg_8",
                                    "flg_9",
                                    "flg_10",
                                    "flg_11",
                                    "flg_12",
                                    "flg_13",
                                    "flg_14",
                                    "flg_15"
                                ],
                                "Index Cond": "((django_enum_tests_benchmark_booltester015.flg_0 = true) AND (django_enum_tests_benchmark_booltester015.flg_1 = true) AND (django_enum_tests_benchmark_booltester015.flg_2 = ANY ('{t,f}'::boolean[])) AND (django_enum_tests_benchmark_booltester015.flg_3 = true) AND (django_enum_tests_benchmark_booltester015.flg_4 = true) AND (django_enum_tests_benchmark_booltester015.flg_5 = ANY ('{t,f}'::boolean[])) AND (django_enum_tests_benchmark_booltester015.flg_6 = ANY ('{t,f}'::boolean[])) AND (django_enum_tests_benchmark_booltester015.flg_7 = true) AND (django_enum_tests_benchmark_booltester015.flg_8 = true) AND (django_enum_tests_benchmark_booltester015.flg_9 = true) AND (django_enum_tests_benchmark_booltester015.flg_10 = ANY ('{t,f}'::boolean[])) AND (django_enum_tests_benchmark_booltester015.flg_11 = ANY ('{t,f}'::boolean[])) AND (django_enum_tests_benchmark_booltester015.flg_12 = true) AND (django_enum_tests_benchmark_booltester015.flg_13 = true) AND (django_enum_tests_benchmark_booltester015.flg_14 = true) AND (django_enum_tests_benchmark_booltester015.flg_15 = ANY ('{t,f}'::boolean[])))",
                                "Rows Removed by Index Recheck": 0,
                                "Shared Hit Blocks": 2153,
                                "Shared Read Blocks": 0,
                                "Shared Dirtied Blocks": 0,
                                "Shared Written Blocks": 0,
                                "Local Hit Blocks": 0,
                                "Local Read Blocks": 0,
                                "Local Dirtied Blocks": 0,
                                "Local Written Blocks": 0,
                                "Temp Read Blocks": 0,
                                "Temp Written Blocks": 0,
                                "WAL Records": 0,
                                "WAL FPI": 0,
                                "WAL Bytes": 0
                            },
                            "Settings": {},
                            "Planning": {
                                "Shared Hit Blocks": 0,
                                "Shared Read Blocks": 0,
                                "Shared Dirtied Blocks": 0,
                                "Shared Written Blocks": 0,
                                "Local Hit Blocks": 0,
                                "Local Read Blocks": 0,
                                "Local Dirtied Blocks": 0,
                                "Local Written Blocks": 0,
                                "Temp Read Blocks": 0,
                                "Temp Written Blocks": 0
                            },
                            "Planning Time": 0.041,
                            "Triggers": [],
                            "Execution Time": 0.607
                        },
                        "any_explanation": {
                            "Plan": {
                                "Node Type": "Seq Scan",
                                "Parallel Aware": false,
                                "Async Capable": false,
                                "Relation Name": "django_enum_tests_benchmark_booltester015",
                                "Schema": "public",
                                "Alias": "django_enum_tests_benchmark_booltester015",
                                "Startup Cost": 0.0,
                                "Total Cost": 32739.01,
                                "Plan Rows": 1997988,
                                "Plan Width": 24,
                                "Actual Startup Time": 0.004,
                                "Actual Total Time": 150.803,
                                "Actual Rows": 1998066,
                                "Actual Loops": 1,
                                "Output": [
                                    "id",
                                    "flg_0",
                                    "flg_1",
                                    "flg_2",
                                    "flg_3",
                                    "flg_4",
                                    "flg_5",
                                    "flg_6",
                                    "flg_7",
                                    "flg_8",
                                    "flg_9",
                                    "flg_10",
                                    "flg_11",
                                    "flg_12",
                                    "flg_13",
                                    "flg_14",
                                    "flg_15"
                                ],
                                "Filter": "(django_enum_tests_benchmark_booltester015.flg_0 OR django_enum_tests_benchmark_booltester015.flg_1 OR django_enum_tests_benchmark_booltester015.flg_3 OR django_enum_tests_benchmark_booltester015.flg_4 OR django_enum_tests_benchmark_booltester015.flg_7 OR django_enum_tests_benchmark_booltester015.flg_8 OR django_enum_tests_benchmark_booltester015.flg_9 OR django_enum_tests_benchmark_booltester015.flg_12 OR django_enum_tests_benchmark_booltester015.flg_13 OR django_enum_tests_benchmark_booltester015.flg_14)",
                                "Rows Removed by Filter": 1935,
                                "Shared Hit Blocks": 12739,
                                "Shared Read Blocks": 0,
                                "Shared Dirtied Blocks": 0,
                                "Shared Written Blocks": 0,
                                "Local Hit Blocks": 0,
                                "Local Read Blocks": 0,
                                "Local Dirtied Blocks": 0,
                                "Local Written Blocks": 0,
                                "Temp Read Blocks": 0,
                                "Temp Written Blocks": 0,
                                "WAL Records": 0,
                                "WAL FPI": 0,
                                "WAL Bytes": 0
                            },
                            "Settings": {},
                            "Planning": {
                                "Shared Hit Blocks": 0,
                                "Shared Read Blocks": 0,
                                "Shared Dirtied Blocks": 0,
                                "Shared Written Blocks": 0,
                                "Local Hit Blocks": 0,
                                "Local Read Blocks": 0,
                                "Local Dirtied Blocks": 0,
                                "Local Written Blocks": 0,
                                "Temp Read Blocks": 0,
                                "Temp Written Blocks": 0
                            },
                            "Planning Time": 0.056,
                            "Triggers": [],
                            "Execution Time": 190.666
                        },
                        "exact_explanation": {
                            "Plan": {
                                "Node Type": "Index Scan",
                                "Parallel Aware": false,
                                "Async Capable": false,
                                "Scan Direction": "Forward",
                                "Index Name": "bool_multi",
                                "Relation Name": "django_enum_tests_benchmark_booltester015",
                                "Schema": "public",
                                "Alias": "django_enum_tests_benchmark_booltester015",
                                "Startup Cost": 0.43,
                                "Total Cost": 71.52,
                                "Plan Rows": 21,
                                "Plan Width": 24,
                                "Actual Startup Time": 0.003,
                                "Actual Total Time": 0.01,
                                "Actual Rows": 28,
                                "Actual Loops": 1,
                                "Output": [
                                    "id",
                                    "flg_0",
                                    "flg_1",
                                    "flg_2",
                                    "flg_3",
                                    "flg_4",
                                    "flg_5",
                                    "flg_6",
                                    "flg_7",
                                    "flg_8",
                                    "flg_9",
                                    "flg_10",
                                    "flg_11",
                                    "flg_12",
                                    "flg_13",
                                    "flg_14",
                                    "flg_15"
                                ],
                                "Index Cond": "((django_enum_tests_benchmark_booltester015.flg_0 = true) AND (django_enum_tests_benchmark_booltester015.flg_1 = true) AND (django_enum_tests_benchmark_booltester015.flg_2 = false) AND (django_enum_tests_benchmark_booltester015.flg_3 = true) AND (django_enum_tests_benchmark_booltester015.flg_4 = true) AND (django_enum_tests_benchmark_booltester015.flg_5 = false) AND (django_enum_tests_benchmark_booltester015.flg_6 = false) AND (django_enum_tests_benchmark_booltester015.flg_7 = true) AND (django_enum_tests_benchmark_booltester015.flg_8 = true) AND (django_enum_tests_benchmark_booltester015.flg_9 = true) AND (django_enum_tests_benchmark_booltester015.flg_10 = false) AND (django_enum_tests_benchmark_booltester015.flg_11 = false) AND (django_enum_tests_benchmark_booltester015.flg_12 = true) AND (django_enum_tests_benchmark_booltester015.flg_13 = true) AND (django_enum_tests_benchmark_booltester015.flg_14 = true) AND (django_enum_tests_benchmark_booltester015.flg_15 = false))",
                                "Rows Removed by Index Recheck": 0,
                                "Shared Hit Blocks": 31,
                                "Shared Read Blocks": 0,
                                "Shared Dirtied Blocks": 0,
                                "Shared Written Blocks": 0,
                                "Local Hit Blocks": 0,
                                "Local Read Blocks": 0,
                                "Local Dirtied Blocks": 0,
                                "Local Written Blocks": 0,
                                "Temp Read Blocks": 0,
                                "Temp Written Blocks": 0,
                                "WAL Records": 0,
                                "WAL FPI": 0,
                                "WAL Bytes": 0
                            },
                            "Settings": {},
                            "Planning": {
                                "Shared Hit Blocks": 0,
                                "Shared Read Blocks": 0,
                                "Shared Dirtied Blocks": 0,
                                "Shared Written Blocks": 0,
                                "Local Hit Blocks": 0,
                                "Local Read Blocks": 0,
                                "Local Dirtied Blocks": 0,
                                "Local Written Blocks": 0,
                                "Temp Read Blocks": 0,
                                "Temp Written Blocks": 0
                            },
                            "Planning Time": 0.03,
                            "Triggers": [],
                            "Execution Time": 0.016
                        },
                        "all_ftr_time": 0.0123259,
                        "any_ftr_time": 0.19490780000000002,
                        "exact_ftr_time": 1.5600000000000003e-05
                    },
                    "4000000": {
                        "all_time": 0.026354679185897113,
                        "any_time": 0.5112388291978277,
                        "exact_time": 0.004588775220327079,
                        "table_size": 327155712.0,
                        "index_time": 3.7575098329689354,
                        "all_explanation": {
                            "Plan": {
                                "Node Type": "Index Scan",
                                "Parallel Aware": false,
                                "Async Capable": false,
                                "Scan Direction": "Forward",
                                "Index Name": "bool_multi",
                                "Relation Name": "django_enum_tests_benchmark_booltester015",
                                "Schema": "public",
                                "Alias": "django_enum_tests_benchmark_booltester015",
                                "Startup Cost": 0.43,
                                "Total Cost": 3587.86,
                                "Plan Rows": 1068,
                                "Plan Width": 24,
                                "Actual Startup Time": 0.007,
                                "Actual Total Time": 1.147,
                                "Actual Rows": 3918,
                                "Actual Loops": 1,
                                "Output": [
                                    "id",
                                    "flg_0",
                                    "flg_1",
                                    "flg_2",
                                    "flg_3",
                                    "flg_4",
                                    "flg_5",
                                    "flg_6",
                                    "flg_7",
                                    "flg_8",
                                    "flg_9",
                                    "flg_10",
                                    "flg_11",
                                    "flg_12",
                                    "flg_13",
                                    "flg_14",
                                    "flg_15"
                                ],
                                "Index Cond": "((django_enum_tests_benchmark_booltester015.flg_0 = ANY ('{t,f}'::boolean[])) AND (django_enum_tests_benchmark_booltester015.flg_1 = ANY ('{t,f}'::boolean[])) AND (django_enum_tests_benchmark_booltester015.flg_2 = true) AND (django_enum_tests_benchmark_booltester015.flg_3 = true) AND (django_enum_tests_benchmark_booltester015.flg_4 = true) AND (django_enum_tests_benchmark_booltester015.flg_5 = ANY ('{t,f}'::boolean[])) AND (django_enum_tests_benchmark_booltester015.flg_6 = ANY ('{t,f}'::boolean[])) AND (django_enum_tests_benchmark_booltester015.flg_7 = true) AND (django_enum_tests_benchmark_booltester015.flg_8 = true) AND (django_enum_tests_benchmark_booltester015.flg_9 = true) AND (django_enum_tests_benchmark_booltester015.flg_10 = ANY ('{t,f}'::boolean[])) AND (django_enum_tests_benchmark_booltester015.flg_11 = true) AND (django_enum_tests_benchmark_booltester015.flg_12 = ANY ('{t,f}'::boolean[])) AND (django_enum_tests_benchmark_booltester015.flg_13 = true) AND (django_enum_tests_benchmark_booltester015.flg_14 = true) AND (django_enum_tests_benchmark_booltester015.flg_15 = true))",
                                "Rows Removed by Index Recheck": 0,
                                "Shared Hit Blocks": 4107,
                                "Shared Read Blocks": 0,
                                "Shared Dirtied Blocks": 0,
                                "Shared Written Blocks": 0,
                                "Local Hit Blocks": 0,
                                "Local Read Blocks": 0,
                                "Local Dirtied Blocks": 0,
                                "Local Written Blocks": 0,
                                "Temp Read Blocks": 0,
                                "Temp Written Blocks": 0,
                                "WAL Records": 0,
                                "WAL FPI": 0,
                                "WAL Bytes": 0
                            },
                            "Settings": {},
                            "Planning": {
                                "Shared Hit Blocks": 0,
                                "Shared Read Blocks": 0,
                                "Shared Dirtied Blocks": 0,
                                "Shared Written Blocks": 0,
                                "Local Hit Blocks": 0,
                                "Local Read Blocks": 0,
                                "Local Dirtied Blocks": 0,
                                "Local Written Blocks": 0,
                                "Temp Read Blocks": 0,
                                "Temp Written Blocks": 0
                            },
                            "Planning Time": 0.061,
                            "Triggers": [],
                            "Execution Time": 1.234
                        },
                        "any_explanation": {
                            "Plan": {
                                "Node Type": "Seq Scan",
                                "Parallel Aware": false,
                                "Async Capable": false,
                                "Relation Name": "django_enum_tests_benchmark_booltester015",
                                "Schema": "public",
                                "Alias": "django_enum_tests_benchmark_booltester015",
                                "Startup Cost": 0.0,
                                "Total Cost": 65478.01,
                                "Plan Rows": 3997241,
                                "Plan Width": 24,
                                "Actual Startup Time": 0.099,
                                "Actual Total Time": 321.395,
                                "Actual Rows": 3996129,
                                "Actual Loops": 1,
                                "Output": [
                                    "id",
                                    "flg_0",
                                    "flg_1",
                                    "flg_2",
                                    "flg_3",
                                    "flg_4",
                                    "flg_5",
                                    "flg_6",
                                    "flg_7",
                                    "flg_8",
                                    "flg_9",
                                    "flg_10",
                                    "flg_11",
                                    "flg_12",
                                    "flg_13",
                                    "flg_14",
                                    "flg_15"
                                ],
                                "Filter": "(django_enum_tests_benchmark_booltester015.flg_2 OR django_enum_tests_benchmark_booltester015.flg_3 OR django_enum_tests_benchmark_booltester015.flg_4 OR django_enum_tests_benchmark_booltester015.flg_7 OR django_enum_tests_benchmark_booltester015.flg_8 OR django_enum_tests_benchmark_booltester015.flg_9 OR django_enum_tests_benchmark_booltester015.flg_11 OR django_enum_tests_benchmark_booltester015.flg_13 OR django_enum_tests_benchmark_booltester015.flg_14 OR django_enum_tests_benchmark_booltester015.flg_15)",
                                "Rows Removed by Filter": 3872,
                                "Shared Hit Blocks": 16194,
                                "Shared Read Blocks": 9284,
                                "Shared Dirtied Blocks": 0,
                                "Shared Written Blocks": 0,
                                "Local Hit Blocks": 0,
                                "Local Read Blocks": 0,
                                "Local Dirtied Blocks": 0,
                                "Local Written Blocks": 0,
                                "Temp Read Blocks": 0,
                                "Temp Written Blocks": 0,
                                "WAL Records": 0,
                                "WAL FPI": 0,
                                "WAL Bytes": 0
                            },
                            "Settings": {},
                            "Planning": {
                                "Shared Hit Blocks": 0,
                                "Shared Read Blocks": 0,
                                "Shared Dirtied Blocks": 0,
                                "Shared Written Blocks": 0,
                                "Local Hit Blocks": 0,
                                "Local Read Blocks": 0,
                                "Local Dirtied Blocks": 0,
                                "Local Written Blocks": 0,
                                "Temp Read Blocks": 0,
                                "Temp Written Blocks": 0
                            },
                            "Planning Time": 0.055,
                            "Triggers": [],
                            "Execution Time": 401.129
                        },
                        "exact_explanation": {
                            "Plan": {
                                "Node Type": "Index Scan",
                                "Parallel Aware": false,
                                "Async Capable": false,
                                "Scan Direction": "Forward",
                                "Index Name": "bool_multi",
                                "Relation Name": "django_enum_tests_benchmark_booltester015",
                                "Schema": "public",
                                "Alias": "django_enum_tests_benchmark_booltester015",
                                "Startup Cost": 0.43,
                                "Total Cost": 279.55,
                                "Plan Rows": 87,
                                "Plan Width": 24,
                                "Actual Startup Time": 0.003,
                                "Actual Total Time": 0.012,
                                "Actual Rows": 63,
                                "Actual Loops": 1,
                                "Output": [
                                    "id",
                                    "flg_0",
                                    "flg_1",
                                    "flg_2",
                                    "flg_3",
                                    "flg_4",
                                    "flg_5",
                                    "flg_6",
                                    "flg_7",
                                    "flg_8",
                                    "flg_9",
                                    "flg_10",
                                    "flg_11",
                                    "flg_12",
                                    "flg_13",
                                    "flg_14",
                                    "flg_15"
                                ],
                                "Index Cond": "((django_enum_tests_benchmark_booltester015.flg_0 = false) AND (django_enum_tests_benchmark_booltester015.flg_1 = false) AND (django_enum_tests_benchmark_booltester015.flg_2 = true) AND (django_enum_tests_benchmark_booltester015.flg_3 = true) AND (django_enum_tests_benchmark_booltester015.flg_4 = true) AND (django_enum_tests_benchmark_booltester015.flg_5 = false) AND (django_enum_tests_benchmark_booltester015.flg_6 = false) AND (django_enum_tests_benchmark_booltester015.flg_7 = true) AND (django_enum_tests_benchmark_booltester015.flg_8 = true) AND (django_enum_tests_benchmark_booltester015.flg_9 = true) AND (django_enum_tests_benchmark_booltester015.flg_10 = false) AND (django_enum_tests_benchmark_booltester015.flg_11 = true) AND (django_enum_tests_benchmark_booltester015.flg_12 = false) AND (django_enum_tests_benchmark_booltester015.flg_13 = true) AND (django_enum_tests_benchmark_booltester015.flg_14 = true) AND (django_enum_tests_benchmark_booltester015.flg_15 = true))",
                                "Rows Removed by Index Recheck": 0,
                                "Shared Hit Blocks": 66,
                                "Shared Read Blocks": 0,
                                "Shared Dirtied Blocks": 0,
                                "Shared Written Blocks": 0,
                                "Local Hit Blocks": 0,
                                "Local Read Blocks": 0,
                                "Local Dirtied Blocks": 0,
                                "Local Written Blocks": 0,
                                "Temp Read Blocks": 0,
                                "Temp Written Blocks": 0,
                                "WAL Records": 0,
                                "WAL FPI": 0,
                                "WAL Bytes": 0
                            },
                            "Settings": {},
                            "Planning": {
                                "Shared Hit Blocks": 0,
                                "Shared Read Blocks": 0,
                                "Shared Dirtied Blocks": 0,
                                "Shared Written Blocks": 0,
                                "Local Hit Blocks": 0,
                                "Local Read Blocks": 0,
                                "Local Dirtied Blocks": 0,
                                "Local Written Blocks": 0,
                                "Temp Read Blocks": 0,
                                "Temp Written Blocks": 0
                            },
                            "Planning Time": 0.03,
                            "Triggers": [],
                            "Execution Time": 0.019
                        },
                        "all_ftr_time": 0.0238451,
                        "any_ftr_time": 0.38922740000000006,
                        "exact_ftr_time": 1.91e-05
                    },
                    "6000000": {
                        "all_time": 0.06059602908790111,
                        "any_time": 0.7632843623054214,
                        "exact_time": 0.004571404191665351,
                        "table_size": 490733568.0,
                        "index_time": 5.649733625003137,
                        "all_explanation": {
                            "Plan": {
                                "Node Type": "Bitmap Heap Scan",
                                "Parallel Aware": false,
                                "Async Capable": false,
                                "Relation Name": "django_enum_tests_benchmark_booltester015",
                                "Schema": "public",
                                "Alias": "django_enum_tests_benchmark_booltester015",
                                "Startup Cost": 5568.87,
                                "Total Cost": 44388.76,
                                "Plan Rows": 30344,
                                "Plan Width": 24,
                                "Actual Startup Time": 9.402,
                                "Actual Total Time": 77.326,
                                "Actual Rows": 94160,
                                "Actual Loops": 1,
                                "Output": [
                                    "id",
                                    "flg_0",
                                    "flg_1",
                                    "flg_2",
                                    "flg_3",
                                    "flg_4",
                                    "flg_5",
                                    "flg_6",
                                    "flg_7",
                                    "flg_8",
                                    "flg_9",
                                    "flg_10",
                                    "flg_11",
                                    "flg_12",
                                    "flg_13",
                                    "flg_14",
                                    "flg_15"
                                ],
                                "Recheck Cond": "((django_enum_tests_benchmark_booltester015.flg_0 = ANY ('{t,f}'::boolean[])) AND (django_enum_tests_benchmark_booltester015.flg_3 = ANY ('{t,f}'::boolean[])) AND (django_enum_tests_benchmark_booltester015.flg_4 = ANY ('{t,f}'::boolean[])) AND (django_enum_tests_benchmark_booltester015.flg_5 = ANY ('{t,f}'::boolean[])) AND (django_enum_tests_benchmark_booltester015.flg_6 = ANY ('{t,f}'::boolean[])) AND (django_enum_tests_benchmark_booltester015.flg_7 = ANY ('{t,f}'::boolean[])) AND (django_enum_tests_benchmark_booltester015.flg_9 = ANY ('{t,f}'::boolean[])) AND (django_enum_tests_benchmark_booltester015.flg_10 = ANY ('{t,f}'::boolean[])) AND (django_enum_tests_benchmark_booltester015.flg_12 = ANY ('{t,f}'::boolean[])) AND (django_enum_tests_benchmark_booltester015.flg_15 = ANY ('{t,f}'::boolean[])))",
                                "Rows Removed by Index Recheck": 0,
                                "Filter": "(django_enum_tests_benchmark_booltester015.flg_1 AND django_enum_tests_benchmark_booltester015.flg_2 AND django_enum_tests_benchmark_booltester015.flg_8 AND django_enum_tests_benchmark_booltester015.flg_11 AND django_enum_tests_benchmark_booltester015.flg_13 AND django_enum_tests_benchmark_booltester015.flg_14)",
                                "Rows Removed by Filter": 0,
                                "Exact Heap Blocks": 35094,
                                "Lossy Heap Blocks": 0,
                                "Shared Hit Blocks": 2696,
                                "Shared Read Blocks": 35470,
                                "Shared Dirtied Blocks": 0,
                                "Shared Written Blocks": 0,
                                "Local Hit Blocks": 0,
                                "Local Read Blocks": 0,
                                "Local Dirtied Blocks": 0,
                                "Local Written Blocks": 0,
                                "Temp Read Blocks": 0,
                                "Temp Written Blocks": 0,
                                "WAL Records": 0,
                                "WAL FPI": 0,
                                "WAL Bytes": 0,
                                "Plans": [
                                    {
                                        "Node Type": "Bitmap Index Scan",
                                        "Parent Relationship": "Outer",
                                        "Parallel Aware": false,
                                        "Async Capable": false,
                                        "Index Name": "bool_multi",
                                        "Startup Cost": 0.0,
                                        "Total Cost": 5561.28,
                                        "Plan Rows": 30344,
                                        "Plan Width": 0,
                                        "Actual Startup Time": 6.108,
                                        "Actual Total Time": 6.108,
                                        "Actual Rows": 94160,
                                        "Actual Loops": 1,
                                        "Index Cond": "((django_enum_tests_benchmark_booltester015.flg_0 = ANY ('{t,f}'::boolean[])) AND (django_enum_tests_benchmark_booltester015.flg_1 = true) AND (django_enum_tests_benchmark_booltester015.flg_2 = true) AND (django_enum_tests_benchmark_booltester015.flg_3 = ANY ('{t,f}'::boolean[])) AND (django_enum_tests_benchmark_booltester015.flg_4 = ANY ('{t,f}'::boolean[])) AND (django_enum_tests_benchmark_booltester015.flg_5 = ANY ('{t,f}'::boolean[])) AND (django_enum_tests_benchmark_booltester015.flg_6 = ANY ('{t,f}'::boolean[])) AND (django_enum_tests_benchmark_booltester015.flg_7 = ANY ('{t,f}'::boolean[])) AND (django_enum_tests_benchmark_booltester015.flg_8 = true) AND (django_enum_tests_benchmark_booltester015.flg_9 = ANY ('{t,f}'::boolean[])) AND (django_enum_tests_benchmark_booltester015.flg_10 = ANY ('{t,f}'::boolean[])) AND (django_enum_tests_benchmark_booltester015.flg_11 = true) AND (django_enum_tests_benchmark_booltester015.flg_12 = ANY ('{t,f}'::boolean[])) AND (django_enum_tests_benchmark_booltester015.flg_13 = true) AND (django_enum_tests_benchmark_booltester015.flg_14 = true) AND (django_enum_tests_benchmark_booltester015.flg_15 = ANY ('{t,f}'::boolean[])))",
                                        "Shared Hit Blocks": 2696,
                                        "Shared Read Blocks": 376,
                                        "Shared Dirtied Blocks": 0,
                                        "Shared Written Blocks": 0,
                                        "Local Hit Blocks": 0,
                                        "Local Read Blocks": 0,
                                        "Local Dirtied Blocks": 0,
                                        "Local Written Blocks": 0,
                                        "Temp Read Blocks": 0,
                                        "Temp Written Blocks": 0,
                                        "WAL Records": 0,
                                        "WAL FPI": 0,
                                        "WAL Bytes": 0
                                    }
                                ]
                            },
                            "Settings": {},
                            "Planning": {
                                "Shared Hit Blocks": 0,
                                "Shared Read Blocks": 0,
                                "Shared Dirtied Blocks": 0,
                                "Shared Written Blocks": 0,
                                "Local Hit Blocks": 0,
                                "Local Read Blocks": 0,
                                "Local Dirtied Blocks": 0,
                                "Local Written Blocks": 0,
                                "Temp Read Blocks": 0,
                                "Temp Written Blocks": 0
                            },
                            "Planning Time": 0.081,
                            "Triggers": [],
                            "Execution Time": 79.853
                        },
                        "any_explanation": {
                            "Plan": {
                                "Node Type": "Seq Scan",
                                "Parallel Aware": false,
                                "Async Capable": false,
                                "Relation Name": "django_enum_tests_benchmark_booltester015",
                                "Schema": "public",
                                "Alias": "django_enum_tests_benchmark_booltester015",
                                "Startup Cost": 0.0,
                                "Total Cost": 98217.01,
                                "Plan Rows": 5935669,
                                "Plan Width": 24,
                                "Actual Startup Time": 0.08,
                                "Actual Total Time": 467.32,
                                "Actual Rows": 5906708,
                                "Actual Loops": 1,
                                "Output": [
                                    "id",
                                    "flg_0",
                                    "flg_1",
                                    "flg_2",
                                    "flg_3",
                                    "flg_4",
                                    "flg_5",
                                    "flg_6",
                                    "flg_7",
                                    "flg_8",
                                    "flg_9",
                                    "flg_10",
                                    "flg_11",
                                    "flg_12",
                                    "flg_13",
                                    "flg_14",
                                    "flg_15"
                                ],
                                "Filter": "(django_enum_tests_benchmark_booltester015.flg_1 OR django_enum_tests_benchmark_booltester015.flg_2 OR django_enum_tests_benchmark_booltester015.flg_8 OR django_enum_tests_benchmark_booltester015.flg_11 OR django_enum_tests_benchmark_booltester015.flg_13 OR django_enum_tests_benchmark_booltester015.flg_14)",
                                "Rows Removed by Filter": 93293,
                                "Shared Hit Blocks": 16232,
                                "Shared Read Blocks": 21985,
                                "Shared Dirtied Blocks": 0,
                                "Shared Written Blocks": 0,
                                "Local Hit Blocks": 0,
                                "Local Read Blocks": 0,
                                "Local Dirtied Blocks": 0,
                                "Local Written Blocks": 0,
                                "Temp Read Blocks": 0,
                                "Temp Written Blocks": 0,
                                "WAL Records": 0,
                                "WAL FPI": 0,
                                "WAL Bytes": 0
                            },
                            "Settings": {},
                            "Planning": {
                                "Shared Hit Blocks": 0,
                                "Shared Read Blocks": 0,
                                "Shared Dirtied Blocks": 0,
                                "Shared Written Blocks": 0,
                                "Local Hit Blocks": 0,
                                "Local Read Blocks": 0,
                                "Local Dirtied Blocks": 0,
                                "Local Written Blocks": 0,
                                "Temp Read Blocks": 0,
                                "Temp Written Blocks": 0
                            },
                            "Planning Time": 0.048,
                            "Triggers": [],
                            "Execution Time": 584.834
                        },
                        "exact_explanation": {
                            "Plan": {
                                "Node Type": "Index Scan",
                                "Parallel Aware": false,
                                "Async Capable": false,
                                "Scan Direction": "Forward",
                                "Index Name": "bool_multi",
                                "Relation Name": "django_enum_tests_benchmark_booltester015",
                                "Schema": "public",
                                "Alias": "django_enum_tests_benchmark_booltester015",
                                "Startup Cost": 0.43,
                                "Total Cost": 503.56,
                                "Plan Rows": 158,
                                "Plan Width": 24,
                                "Actual Startup Time": 0.003,
                                "Actual Total Time": 0.016,
                                "Actual Rows": 87,
                                "Actual Loops": 1,
                                "Output": [
                                    "id",
                                    "flg_0",
                                    "flg_1",
                                    "flg_2",
                                    "flg_3",
                                    "flg_4",
                                    "flg_5",
                                    "flg_6",
                                    "flg_7",
                                    "flg_8",
                                    "flg_9",
                                    "flg_10",
                                    "flg_11",
                                    "flg_12",
                                    "flg_13",
                                    "flg_14",
                                    "flg_15"
                                ],
                                "Index Cond": "((django_enum_tests_benchmark_booltester015.flg_0 = false) AND (django_enum_tests_benchmark_booltester015.flg_1 = true) AND (django_enum_tests_benchmark_booltester015.flg_2 = true) AND (django_enum_tests_benchmark_booltester015.flg_3 = false) AND (django_enum_tests_benchmark_booltester015.flg_4 = false) AND (django_enum_tests_benchmark_booltester015.flg_5 = false) AND (django_enum_tests_benchmark_booltester015.flg_6 = false) AND (django_enum_tests_benchmark_booltester015.flg_7 = false) AND (django_enum_tests_benchmark_booltester015.flg_8 = true) AND (django_enum_tests_benchmark_booltester015.flg_9 = false) AND (django_enum_tests_benchmark_booltester015.flg_10 = false) AND (django_enum_tests_benchmark_booltester015.flg_11 = true) AND (django_enum_tests_benchmark_booltester015.flg_12 = false) AND (django_enum_tests_benchmark_booltester015.flg_13 = true) AND (django_enum_tests_benchmark_booltester015.flg_14 = true) AND (django_enum_tests_benchmark_booltester015.flg_15 = false))",
                                "Rows Removed by Index Recheck": 0,
                                "Shared Hit Blocks": 90,
                                "Shared Read Blocks": 0,
                                "Shared Dirtied Blocks": 0,
                                "Shared Written Blocks": 0,
                                "Local Hit Blocks": 0,
                                "Local Read Blocks": 0,
                                "Local Dirtied Blocks": 0,
                                "Local Written Blocks": 0,
                                "Temp Read Blocks": 0,
                                "Temp Written Blocks": 0,
                                "WAL Records": 0,
                                "WAL FPI": 0,
                                "WAL Bytes": 0
                            },
                            "Settings": {},
                            "Planning": {
                                "Shared Hit Blocks": 0,
                                "Shared Read Blocks": 0,
                                "Shared Dirtied Blocks": 0,
                                "Shared Written Blocks": 0,
                                "Local Hit Blocks": 0,
                                "Local Read Blocks": 0,
                                "Local Dirtied Blocks": 0,
                                "Local Written Blocks": 0,
                                "Temp Read Blocks": 0,
                                "Temp Written Blocks": 0
                            },
                            "Planning Time": 0.032,
                            "Triggers": [],
                            "Execution Time": 0.023
                        },
                        "all_ftr_time": 0.0556306,
                        "any_ftr_time": 0.5845940000000001,
                        "exact_ftr_time": 2.52e-05
                    },
                    "8000000": {
                        "all_time": 0.07428183751180768,
                        "any_time": 1.0542969998787157,
                        "exact_time": 0.00461231250083074,
                        "table_size": 655360000.0,
                        "index_time": 7.9904147499473765,
                        "all_explanation": {
                            "Plan": {
                                "Node Type": "Bitmap Heap Scan",
                                "Parallel Aware": false,
                                "Async Capable": false,
                                "Relation Name": "django_enum_tests_benchmark_booltester015",
                                "Schema": "public",
                                "Alias": "django_enum_tests_benchmark_booltester015",
                                "Startup Cost": 10918.59,
                                "Total Cost": 66947.91,
                                "Plan Rows": 63472,
                                "Plan Width": 24,
                                "Actual Startup Time": 17.278,
                                "Actual Total Time": 125.326,
                                "Actual Rows": 250342,
                                "Actual Loops": 1,
                                "Output": [
                                    "id",
                                    "flg_0",
                                    "flg_1",
                                    "flg_2",
                                    "flg_3",
                                    "flg_4",
                                    "flg_5",
                                    "flg_6",
                                    "flg_7",
                                    "flg_8",
                                    "flg_9",
                                    "flg_10",
                                    "flg_11",
                                    "flg_12",
                                    "flg_13",
                                    "flg_14",
                                    "flg_15"
                                ],
                                "Recheck Cond": "((django_enum_tests_benchmark_booltester015.flg_0 = ANY ('{t,f}'::boolean[])) AND (django_enum_tests_benchmark_booltester015.flg_2 = ANY ('{t,f}'::boolean[])) AND (django_enum_tests_benchmark_booltester015.flg_3 = ANY ('{t,f}'::boolean[])) AND (django_enum_tests_benchmark_booltester015.flg_4 = ANY ('{t,f}'::boolean[])) AND (django_enum_tests_benchmark_booltester015.flg_5 = ANY ('{t,f}'::boolean[])) AND (django_enum_tests_benchmark_booltester015.flg_6 = ANY ('{t,f}'::boolean[])) AND (django_enum_tests_benchmark_booltester015.flg_7 = ANY ('{t,f}'::boolean[])) AND (django_enum_tests_benchmark_booltester015.flg_9 = ANY ('{t,f}'::boolean[])) AND (django_enum_tests_benchmark_booltester015.flg_13 = ANY ('{t,f}'::boolean[])) AND (django_enum_tests_benchmark_booltester015.flg_14 = ANY ('{t,f}'::boolean[])) AND (django_enum_tests_benchmark_booltester015.flg_15 = ANY ('{t,f}'::boolean[])))",
                                "Rows Removed by Index Recheck": 0,
                                "Filter": "(django_enum_tests_benchmark_booltester015.flg_1 AND django_enum_tests_benchmark_booltester015.flg_8 AND django_enum_tests_benchmark_booltester015.flg_10 AND django_enum_tests_benchmark_booltester015.flg_11 AND django_enum_tests_benchmark_booltester015.flg_12)",
                                "Rows Removed by Filter": 0,
                                "Exact Heap Blocks": 50609,
                                "Lossy Heap Blocks": 0,
                                "Shared Hit Blocks": 5729,
                                "Shared Read Blocks": 51081,
                                "Shared Dirtied Blocks": 0,
                                "Shared Written Blocks": 0,
                                "Local Hit Blocks": 0,
                                "Local Read Blocks": 0,
                                "Local Dirtied Blocks": 0,
                                "Local Written Blocks": 0,
                                "Temp Read Blocks": 0,
                                "Temp Written Blocks": 0,
                                "WAL Records": 0,
                                "WAL FPI": 0,
                                "WAL Bytes": 0,
                                "Plans": [
                                    {
                                        "Node Type": "Bitmap Index Scan",
                                        "Parent Relationship": "Outer",
                                        "Parallel Aware": false,
                                        "Async Capable": false,
                                        "Index Name": "bool_multi",
                                        "Startup Cost": 0.0,
                                        "Total Cost": 10902.72,
                                        "Plan Rows": 63472,
                                        "Plan Width": 0,
                                        "Actual Startup Time": 12.637,
                                        "Actual Total Time": 12.637,
                                        "Actual Rows": 250342,
                                        "Actual Loops": 1,
                                        "Index Cond": "((django_enum_tests_benchmark_booltester015.flg_0 = ANY ('{t,f}'::boolean[])) AND (django_enum_tests_benchmark_booltester015.flg_1 = true) AND (django_enum_tests_benchmark_booltester015.flg_2 = ANY ('{t,f}'::boolean[])) AND (django_enum_tests_benchmark_booltester015.flg_3 = ANY ('{t,f}'::boolean[])) AND (django_enum_tests_benchmark_booltester015.flg_4 = ANY ('{t,f}'::boolean[])) AND (django_enum_tests_benchmark_booltester015.flg_5 = ANY ('{t,f}'::boolean[])) AND (django_enum_tests_benchmark_booltester015.flg_6 = ANY ('{t,f}'::boolean[])) AND (django_enum_tests_benchmark_booltester015.flg_7 = ANY ('{t,f}'::boolean[])) AND (django_enum_tests_benchmark_booltester015.flg_8 = true) AND (django_enum_tests_benchmark_booltester015.flg_9 = ANY ('{t,f}'::boolean[])) AND (django_enum_tests_benchmark_booltester015.flg_10 = true) AND (django_enum_tests_benchmark_booltester015.flg_11 = true) AND (django_enum_tests_benchmark_booltester015.flg_12 = true) AND (django_enum_tests_benchmark_booltester015.flg_13 = ANY ('{t,f}'::boolean[])) AND (django_enum_tests_benchmark_booltester015.flg_14 = ANY ('{t,f}'::boolean[])) AND (django_enum_tests_benchmark_booltester015.flg_15 = ANY ('{t,f}'::boolean[])))",
                                        "Shared Hit Blocks": 5729,
                                        "Shared Read Blocks": 472,
                                        "Shared Dirtied Blocks": 0,
                                        "Shared Written Blocks": 0,
                                        "Local Hit Blocks": 0,
                                        "Local Read Blocks": 0,
                                        "Local Dirtied Blocks": 0,
                                        "Local Written Blocks": 0,
                                        "Temp Read Blocks": 0,
                                        "Temp Written Blocks": 0,
                                        "WAL Records": 0,
                                        "WAL FPI": 0,
                                        "WAL Bytes": 0
                                    }
                                ]
                            },
                            "Settings": {},
                            "Planning": {
                                "Shared Hit Blocks": 0,
                                "Shared Read Blocks": 0,
                                "Shared Dirtied Blocks": 0,
                                "Shared Written Blocks": 0,
                                "Local Hit Blocks": 0,
                                "Local Read Blocks": 0,
                                "Local Dirtied Blocks": 0,
                                "Local Written Blocks": 0,
                                "Temp Read Blocks": 0,
                                "Temp Written Blocks": 0
                            },
                            "Planning Time": 0.083,
                            "Triggers": [],
                            "Execution Time": 130.841
                        },
                        "any_explanation": {
                            "Plan": {
                                "Node Type": "Seq Scan",
                                "Parallel Aware": false,
                                "Async Capable": false,
                                "Relation Name": "django_enum_tests_benchmark_booltester015",
                                "Schema": "public",
                                "Alias": "django_enum_tests_benchmark_booltester015",
                                "Startup Cost": 0.0,
                                "Total Cost": 130956.01,
                                "Plan Rows": 7768608,
                                "Plan Width": 24,
                                "Actual Startup Time": 0.131,
                                "Actual Total Time": 605.662,
                                "Actual Rows": 7749733,
                                "Actual Loops": 1,
                                "Output": [
                                    "id",
                                    "flg_0",
                                    "flg_1",
                                    "flg_2",
                                    "flg_3",
                                    "flg_4",
                                    "flg_5",
                                    "flg_6",
                                    "flg_7",
                                    "flg_8",
                                    "flg_9",
                                    "flg_10",
                                    "flg_11",
                                    "flg_12",
                                    "flg_13",
                                    "flg_14",
                                    "flg_15"
                                ],
                                "Filter": "(django_enum_tests_benchmark_booltester015.flg_1 OR django_enum_tests_benchmark_booltester015.flg_8 OR django_enum_tests_benchmark_booltester015.flg_10 OR django_enum_tests_benchmark_booltester015.flg_11 OR django_enum_tests_benchmark_booltester015.flg_12)",
                                "Rows Removed by Filter": 250268,
                                "Shared Hit Blocks": 16275,
                                "Shared Read Blocks": 34681,
                                "Shared Dirtied Blocks": 0,
                                "Shared Written Blocks": 0,
                                "Local Hit Blocks": 0,
                                "Local Read Blocks": 0,
                                "Local Dirtied Blocks": 0,
                                "Local Written Blocks": 0,
                                "Temp Read Blocks": 0,
                                "Temp Written Blocks": 0,
                                "WAL Records": 0,
                                "WAL FPI": 0,
                                "WAL Bytes": 0
                            },
                            "Settings": {},
                            "Planning": {
                                "Shared Hit Blocks": 0,
                                "Shared Read Blocks": 0,
                                "Shared Dirtied Blocks": 0,
                                "Shared Written Blocks": 0,
                                "Local Hit Blocks": 0,
                                "Local Read Blocks": 0,
                                "Local Dirtied Blocks": 0,
                                "Local Written Blocks": 0,
                                "Temp Read Blocks": 0,
                                "Temp Written Blocks": 0
                            },
                            "Planning Time": 0.047,
                            "Triggers": [],
                            "Execution Time": 760.098
                        },
                        "exact_explanation": {
                            "Plan": {
                                "Node Type": "Index Scan",
                                "Parallel Aware": false,
                                "Async Capable": false,
                                "Scan Direction": "Forward",
                                "Index Name": "bool_multi",
                                "Relation Name": "django_enum_tests_benchmark_booltester015",
                                "Schema": "public",
                                "Alias": "django_enum_tests_benchmark_booltester015",
                                "Startup Cost": 0.43,
                                "Total Cost": 393.02,
                                "Plan Rows": 123,
                                "Plan Width": 24,
                                "Actual Startup Time": 0.004,
                                "Actual Total Time": 0.02,
                                "Actual Rows": 110,
                                "Actual Loops": 1,
                                "Output": [
                                    "id",
                                    "flg_0",
                                    "flg_1",
                                    "flg_2",
                                    "flg_3",
                                    "flg_4",
                                    "flg_5",
                                    "flg_6",
                                    "flg_7",
                                    "flg_8",
                                    "flg_9",
                                    "flg_10",
                                    "flg_11",
                                    "flg_12",
                                    "flg_13",
                                    "flg_14",
                                    "flg_15"
                                ],
                                "Index Cond": "((django_enum_tests_benchmark_booltester015.flg_0 = false) AND (django_enum_tests_benchmark_booltester015.flg_1 = true) AND (django_enum_tests_benchmark_booltester015.flg_2 = false) AND (django_enum_tests_benchmark_booltester015.flg_3 = false) AND (django_enum_tests_benchmark_booltester015.flg_4 = false) AND (django_enum_tests_benchmark_booltester015.flg_5 = false) AND (django_enum_tests_benchmark_booltester015.flg_6 = false) AND (django_enum_tests_benchmark_booltester015.flg_7 = false) AND (django_enum_tests_benchmark_booltester015.flg_8 = true) AND (django_enum_tests_benchmark_booltester015.flg_9 = false) AND (django_enum_tests_benchmark_booltester015.flg_10 = true) AND (django_enum_tests_benchmark_booltester015.flg_11 = true) AND (django_enum_tests_benchmark_booltester015.flg_12 = true) AND (django_enum_tests_benchmark_booltester015.flg_13 = false) AND (django_enum_tests_benchmark_booltester015.flg_14 = false) AND (django_enum_tests_benchmark_booltester015.flg_15 = false))",
                                "Rows Removed by Index Recheck": 0,
                                "Shared Hit Blocks": 113,
                                "Shared Read Blocks": 0,
                                "Shared Dirtied Blocks": 0,
                                "Shared Written Blocks": 0,
                                "Local Hit Blocks": 0,
                                "Local Read Blocks": 0,
                                "Local Dirtied Blocks": 0,
                                "Local Written Blocks": 0,
                                "Temp Read Blocks": 0,
                                "Temp Written Blocks": 0,
                                "WAL Records": 0,
                                "WAL FPI": 0,
                                "WAL Bytes": 0
                            },
                            "Settings": {},
                            "Planning": {
                                "Shared Hit Blocks": 0,
                                "Shared Read Blocks": 0,
                                "Shared Dirtied Blocks": 0,
                                "Shared Written Blocks": 0,
                                "Local Hit Blocks": 0,
                                "Local Read Blocks": 0,
                                "Local Dirtied Blocks": 0,
                                "Local Written Blocks": 0,
                                "Temp Read Blocks": 0,
                                "Temp Written Blocks": 0
                            },
                            "Planning Time": 0.033,
                            "Triggers": [],
                            "Execution Time": 0.029
                        },
                        "all_ftr_time": 0.07055870000000002,
                        "any_ftr_time": 0.8110132,
                        "exact_ftr_time": 3.330000000000001e-05
                    },
                    "10000000": {
                        "all_time": 0.07797476669074968,
                        "any_time": 1.325830837409012,
                        "exact_time": 0.0030616459203884005,
                        "table_size": 815792128.0,
                        "index_time": 9.690545874997042,
                        "all_explanation": {
                            "Plan": {
                                "Node Type": "Index Scan",
                                "Parallel Aware": false,
                                "Async Capable": false,
                                "Scan Direction": "Forward",
                                "Index Name": "bool_multi",
                                "Relation Name": "django_enum_tests_benchmark_booltester015",
                                "Schema": "public",
                                "Alias": "django_enum_tests_benchmark_booltester015",
                                "Startup Cost": 0.43,
                                "Total Cost": 9147.37,
                                "Plan Rows": 2778,
                                "Plan Width": 24,
                                "Actual Startup Time": 0.012,
                                "Actual Total Time": 10.493,
                                "Actual Rows": 19516,
                                "Actual Loops": 1,
                                "Output": [
                                    "id",
                                    "flg_0",
                                    "flg_1",
                                    "flg_2",
                                    "flg_3",
                                    "flg_4",
                                    "flg_5",
                                    "flg_6",
                                    "flg_7",
                                    "flg_8",
                                    "flg_9",
                                    "flg_10",
                                    "flg_11",
                                    "flg_12",
                                    "flg_13",
                                    "flg_14",
                                    "flg_15"
                                ],
                                "Index Cond": "((django_enum_tests_benchmark_booltester015.flg_0 = ANY ('{t,f}'::boolean[])) AND (django_enum_tests_benchmark_booltester015.flg_1 = ANY ('{t,f}'::boolean[])) AND (django_enum_tests_benchmark_booltester015.flg_2 = true) AND (django_enum_tests_benchmark_booltester015.flg_3 = true) AND (django_enum_tests_benchmark_booltester015.flg_4 = ANY ('{t,f}'::boolean[])) AND (django_enum_tests_benchmark_booltester015.flg_5 = true) AND (django_enum_tests_benchmark_booltester015.flg_6 = true) AND (django_enum_tests_benchmark_booltester015.flg_7 = ANY ('{t,f}'::boolean[])) AND (django_enum_tests_benchmark_booltester015.flg_8 = true) AND (django_enum_tests_benchmark_booltester015.flg_9 = true) AND (django_enum_tests_benchmark_booltester015.flg_10 = ANY ('{t,f}'::boolean[])) AND (django_enum_tests_benchmark_booltester015.flg_11 = ANY ('{t,f}'::boolean[])) AND (django_enum_tests_benchmark_booltester015.flg_12 = true) AND (django_enum_tests_benchmark_booltester015.flg_13 = true) AND (django_enum_tests_benchmark_booltester015.flg_14 = ANY ('{t,f}'::boolean[])) AND (django_enum_tests_benchmark_booltester015.flg_15 = true))",
                                "Rows Removed by Index Recheck": 0,
                                "Shared Hit Blocks": 17932,
                                "Shared Read Blocks": 1960,
                                "Shared Dirtied Blocks": 0,
                                "Shared Written Blocks": 25,
                                "Local Hit Blocks": 0,
                                "Local Read Blocks": 0,
                                "Local Dirtied Blocks": 0,
                                "Local Written Blocks": 0,
                                "Temp Read Blocks": 0,
                                "Temp Written Blocks": 0,
                                "WAL Records": 0,
                                "WAL FPI": 0,
                                "WAL Bytes": 0
                            },
                            "Settings": {},
                            "Planning": {
                                "Shared Hit Blocks": 0,
                                "Shared Read Blocks": 0,
                                "Shared Dirtied Blocks": 0,
                                "Shared Written Blocks": 0,
                                "Local Hit Blocks": 0,
                                "Local Read Blocks": 0,
                                "Local Dirtied Blocks": 0,
                                "Local Written Blocks": 0,
                                "Temp Read Blocks": 0,
                                "Temp Written Blocks": 0
                            },
                            "Planning Time": 0.066,
                            "Triggers": [],
                            "Execution Time": 10.893
                        },
                        "any_explanation": {
                            "Plan": {
                                "Node Type": "Seq Scan",
                                "Parallel Aware": false,
                                "Async Capable": false,
                                "Relation Name": "django_enum_tests_benchmark_booltester015",
                                "Schema": "public",
                                "Alias": "django_enum_tests_benchmark_booltester015",
                                "Startup Cost": 0.0,
                                "Total Cost": 163695.01,
                                "Plan Rows": 9972549,
                                "Plan Width": 24,
                                "Actual Startup Time": 0.004,
                                "Actual Total Time": 831.826,
                                "Actual Rows": 9980558,
                                "Actual Loops": 1,
                                "Output": [
                                    "id",
                                    "flg_0",
                                    "flg_1",
                                    "flg_2",
                                    "flg_3",
                                    "flg_4",
                                    "flg_5",
                                    "flg_6",
                                    "flg_7",
                                    "flg_8",
                                    "flg_9",
                                    "flg_10",
                                    "flg_11",
                                    "flg_12",
                                    "flg_13",
                                    "flg_14",
                                    "flg_15"
                                ],
                                "Filter": "(django_enum_tests_benchmark_booltester015.flg_2 OR django_enum_tests_benchmark_booltester015.flg_3 OR django_enum_tests_benchmark_booltester015.flg_5 OR django_enum_tests_benchmark_booltester015.flg_6 OR django_enum_tests_benchmark_booltester015.flg_8 OR django_enum_tests_benchmark_booltester015.flg_9 OR django_enum_tests_benchmark_booltester015.flg_12 OR django_enum_tests_benchmark_booltester015.flg_13 OR django_enum_tests_benchmark_booltester015.flg_15)",
                                "Rows Removed by Filter": 19443,
                                "Shared Hit Blocks": 16199,
                                "Shared Read Blocks": 47496,
                                "Shared Dirtied Blocks": 0,
                                "Shared Written Blocks": 0,
                                "Local Hit Blocks": 0,
                                "Local Read Blocks": 0,
                                "Local Dirtied Blocks": 0,
                                "Local Written Blocks": 0,
                                "Temp Read Blocks": 0,
                                "Temp Written Blocks": 0,
                                "WAL Records": 0,
                                "WAL FPI": 0,
                                "WAL Bytes": 0
                            },
                            "Settings": {},
                            "Planning": {
                                "Shared Hit Blocks": 0,
                                "Shared Read Blocks": 0,
                                "Shared Dirtied Blocks": 0,
                                "Shared Written Blocks": 0,
                                "Local Hit Blocks": 0,
                                "Local Read Blocks": 0,
                                "Local Dirtied Blocks": 0,
                                "Local Written Blocks": 0,
                                "Temp Read Blocks": 0,
                                "Temp Written Blocks": 0
                            },
                            "Planning Time": 0.057,
                            "Triggers": [],
                            "Execution Time": 1031.036
                        },
                        "exact_explanation": {
                            "Plan": {
                                "Node Type": "Index Scan",
                                "Parallel Aware": false,
                                "Async Capable": false,
                                "Scan Direction": "Forward",
                                "Index Name": "bool_multi",
                                "Relation Name": "django_enum_tests_benchmark_booltester015",
                                "Schema": "public",
                                "Alias": "django_enum_tests_benchmark_booltester015",
                                "Startup Cost": 0.43,
                                "Total Cost": 185.0,
                                "Plan Rows": 57,
                                "Plan Width": 24,
                                "Actual Startup Time": 0.005,
                                "Actual Total Time": 0.046,
                                "Actual Rows": 149,
                                "Actual Loops": 1,
                                "Output": [
                                    "id",
                                    "flg_0",
                                    "flg_1",
                                    "flg_2",
                                    "flg_3",
                                    "flg_4",
                                    "flg_5",
                                    "flg_6",
                                    "flg_7",
                                    "flg_8",
                                    "flg_9",
                                    "flg_10",
                                    "flg_11",
                                    "flg_12",
                                    "flg_13",
                                    "flg_14",
                                    "flg_15"
                                ],
                                "Index Cond": "((django_enum_tests_benchmark_booltester015.flg_0 = false) AND (django_enum_tests_benchmark_booltester015.flg_1 = false) AND (django_enum_tests_benchmark_booltester015.flg_2 = true) AND (django_enum_tests_benchmark_booltester015.flg_3 = true) AND (django_enum_tests_benchmark_booltester015.flg_4 = false) AND (django_enum_tests_benchmark_booltester015.flg_5 = true) AND (django_enum_tests_benchmark_booltester015.flg_6 = true) AND (django_enum_tests_benchmark_booltester015.flg_7 = false) AND (django_enum_tests_benchmark_booltester015.flg_8 = true) AND (django_enum_tests_benchmark_booltester015.flg_9 = true) AND (django_enum_tests_benchmark_booltester015.flg_10 = false) AND (django_enum_tests_benchmark_booltester015.flg_11 = false) AND (django_enum_tests_benchmark_booltester015.flg_12 = true) AND (django_enum_tests_benchmark_booltester015.flg_13 = true) AND (django_enum_tests_benchmark_booltester015.flg_14 = false) AND (django_enum_tests_benchmark_booltester015.flg_15 = true))",
                                "Rows Removed by Index Recheck": 0,
                                "Shared Hit Blocks": 152,
                                "Shared Read Blocks": 0,
                                "Shared Dirtied Blocks": 0,
                                "Shared Written Blocks": 0,
                                "Local Hit Blocks": 0,
                                "Local Read Blocks": 0,
                                "Local Dirtied Blocks": 0,
                                "Local Written Blocks": 0,
                                "Temp Read Blocks": 0,
                                "Temp Written Blocks": 0,
                                "WAL Records": 0,
                                "WAL FPI": 0,
                                "WAL Bytes": 0
                            },
                            "Settings": {},
                            "Planning": {
                                "Shared Hit Blocks": 0,
                                "Shared Read Blocks": 0,
                                "Shared Dirtied Blocks": 0,
                                "Shared Written Blocks": 0,
                                "Local Hit Blocks": 0,
                                "Local Read Blocks": 0,
                                "Local Dirtied Blocks": 0,
                                "Local Written Blocks": 0,
                                "Temp Read Blocks": 0,
                                "Temp Written Blocks": 0
                            },
                            "Planning Time": 0.041,
                            "Triggers": [],
                            "Execution Time": 0.056
                        },
                        "all_ftr_time": 0.0873252,
                        "any_ftr_time": 1.022361,
                        "exact_ftr_time": 4.6599999999999994e-05
                    },
                    "20000000": {
                        "all_time": 1.833612579095643,
                        "any_time": 2.5761738792061806,
                        "exact_time": 0.004735279199667275,
                        "table_size": 1633681408.0,
                        "index_time": 19.627651541959494,
                        "all_explanation": {
                            "Plan": {
                                "Node Type": "Bitmap Heap Scan",
                                "Parallel Aware": false,
                                "Async Capable": false,
                                "Relation Name": "django_enum_tests_benchmark_booltester015",
                                "Schema": "public",
                                "Alias": "django_enum_tests_benchmark_booltester015",
                                "Startup Cost": 4352.32,
                                "Total Cost": 97856.46,
                                "Plan Rows": 46720,
                                "Plan Width": 24,
                                "Actual Startup Time": 16.662,
                                "Actual Total Time": 1302.37,
                                "Actual Rows": 156425,
                                "Actual Loops": 1,
                                "Output": [
                                    "id",
                                    "flg_0",
                                    "flg_1",
                                    "flg_2",
                                    "flg_3",
                                    "flg_4",
                                    "flg_5",
                                    "flg_6",
                                    "flg_7",
                                    "flg_8",
                                    "flg_9",
                                    "flg_10",
                                    "flg_11",
                                    "flg_12",
                                    "flg_13",
                                    "flg_14",
                                    "flg_15"
                                ],
                                "Recheck Cond": "((django_enum_tests_benchmark_booltester015.flg_0 = ANY ('{t,f}'::boolean[])) AND (django_enum_tests_benchmark_booltester015.flg_1 = ANY ('{t,f}'::boolean[])) AND (django_enum_tests_benchmark_booltester015.flg_2 = ANY ('{t,f}'::boolean[])) AND (django_enum_tests_benchmark_booltester015.flg_3 = ANY ('{t,f}'::boolean[])) AND (django_enum_tests_benchmark_booltester015.flg_5 = ANY ('{t,f}'::boolean[])) AND (django_enum_tests_benchmark_booltester015.flg_6 = ANY ('{t,f}'::boolean[])) AND (django_enum_tests_benchmark_booltester015.flg_9 = ANY ('{t,f}'::boolean[])) AND (django_enum_tests_benchmark_booltester015.flg_10 = ANY ('{t,f}'::boolean[])) AND (django_enum_tests_benchmark_booltester015.flg_11 = ANY ('{t,f}'::boolean[])))",
                                "Rows Removed by Index Recheck": 0,
                                "Filter": "(django_enum_tests_benchmark_booltester015.flg_4 AND django_enum_tests_benchmark_booltester015.flg_7 AND django_enum_tests_benchmark_booltester015.flg_8 AND django_enum_tests_benchmark_booltester015.flg_12 AND django_enum_tests_benchmark_booltester015.flg_13 AND django_enum_tests_benchmark_booltester015.flg_14 AND django_enum_tests_benchmark_booltester015.flg_15)",
                                "Rows Removed by Filter": 5177360,
                                "Exact Heap Blocks": 56860,
                                "Lossy Heap Blocks": 33382,
                                "Shared Hit Blocks": 981,
                                "Shared Read Blocks": 90907,
                                "Shared Dirtied Blocks": 0,
                                "Shared Written Blocks": 104,
                                "Local Hit Blocks": 0,
                                "Local Read Blocks": 0,
                                "Local Dirtied Blocks": 0,
                                "Local Written Blocks": 0,
                                "Temp Read Blocks": 0,
                                "Temp Written Blocks": 0,
                                "WAL Records": 0,
                                "WAL FPI": 0,
                                "WAL Bytes": 0,
                                "Plans": [
                                    {
                                        "Node Type": "Bitmap Index Scan",
                                        "Parent Relationship": "Outer",
                                        "Parallel Aware": false,
                                        "Async Capable": false,
                                        "Index Name": "bool_multi",
                                        "Startup Cost": 0.0,
                                        "Total Cost": 4340.64,
                                        "Plan Rows": 46720,
                                        "Plan Width": 0,
                                        "Actual Startup Time": 11.024,
                                        "Actual Total Time": 11.024,
                                        "Actual Rows": 156425,
                                        "Actual Loops": 1,
                                        "Index Cond": "((django_enum_tests_benchmark_booltester015.flg_0 = ANY ('{t,f}'::boolean[])) AND (django_enum_tests_benchmark_booltester015.flg_1 = ANY ('{t,f}'::boolean[])) AND (django_enum_tests_benchmark_booltester015.flg_2 = ANY ('{t,f}'::boolean[])) AND (django_enum_tests_benchmark_booltester015.flg_3 = ANY ('{t,f}'::boolean[])) AND (django_enum_tests_benchmark_booltester015.flg_4 = true) AND (django_enum_tests_benchmark_booltester015.flg_5 = ANY ('{t,f}'::boolean[])) AND (django_enum_tests_benchmark_booltester015.flg_6 = ANY ('{t,f}'::boolean[])) AND (django_enum_tests_benchmark_booltester015.flg_7 = true) AND (django_enum_tests_benchmark_booltester015.flg_8 = true) AND (django_enum_tests_benchmark_booltester015.flg_9 = ANY ('{t,f}'::boolean[])) AND (django_enum_tests_benchmark_booltester015.flg_10 = ANY ('{t,f}'::boolean[])) AND (django_enum_tests_benchmark_booltester015.flg_11 = ANY ('{t,f}'::boolean[])) AND (django_enum_tests_benchmark_booltester015.flg_12 = true) AND (django_enum_tests_benchmark_booltester015.flg_13 = true) AND (django_enum_tests_benchmark_booltester015.flg_14 = true) AND (django_enum_tests_benchmark_booltester015.flg_15 = true))",
                                        "Shared Hit Blocks": 959,
                                        "Shared Read Blocks": 687,
                                        "Shared Dirtied Blocks": 0,
                                        "Shared Written Blocks": 0,
                                        "Local Hit Blocks": 0,
                                        "Local Read Blocks": 0,
                                        "Local Dirtied Blocks": 0,
                                        "Local Written Blocks": 0,
                                        "Temp Read Blocks": 0,
                                        "Temp Written Blocks": 0,
                                        "WAL Records": 0,
                                        "WAL FPI": 0,
                                        "WAL Bytes": 0
                                    }
                                ]
                            },
                            "Settings": {},
                            "Planning": {
                                "Shared Hit Blocks": 0,
                                "Shared Read Blocks": 0,
                                "Shared Dirtied Blocks": 0,
                                "Shared Written Blocks": 0,
                                "Local Hit Blocks": 0,
                                "Local Read Blocks": 0,
                                "Local Dirtied Blocks": 0,
                                "Local Written Blocks": 0,
                                "Temp Read Blocks": 0,
                                "Temp Written Blocks": 0
                            },
                            "Planning Time": 0.091,
                            "Triggers": [],
                            "Execution Time": 1306.286
                        },
                        "any_explanation": {
                            "Plan": {
                                "Node Type": "Seq Scan",
                                "Parallel Aware": false,
                                "Async Capable": false,
                                "Relation Name": "django_enum_tests_benchmark_booltester015",
                                "Schema": "public",
                                "Alias": "django_enum_tests_benchmark_booltester015",
                                "Startup Cost": 0.0,
                                "Total Cost": 327389.0,
                                "Plan Rows": 19886217,
                                "Plan Width": 24,
                                "Actual Startup Time": 0.131,
                                "Actual Total Time": 1646.87,
                                "Actual Rows": 19843497,
                                "Actual Loops": 1,
                                "Output": [
                                    "id",
                                    "flg_0",
                                    "flg_1",
                                    "flg_2",
                                    "flg_3",
                                    "flg_4",
                                    "flg_5",
                                    "flg_6",
                                    "flg_7",
                                    "flg_8",
                                    "flg_9",
                                    "flg_10",
                                    "flg_11",
                                    "flg_12",
                                    "flg_13",
                                    "flg_14",
                                    "flg_15"
                                ],
                                "Filter": "(django_enum_tests_benchmark_booltester015.flg_4 OR django_enum_tests_benchmark_booltester015.flg_7 OR django_enum_tests_benchmark_booltester015.flg_8 OR django_enum_tests_benchmark_booltester015.flg_12 OR django_enum_tests_benchmark_booltester015.flg_13 OR django_enum_tests_benchmark_booltester015.flg_14 OR django_enum_tests_benchmark_booltester015.flg_15)",
                                "Rows Removed by Filter": 156504,
                                "Shared Hit Blocks": 16274,
                                "Shared Read Blocks": 111115,
                                "Shared Dirtied Blocks": 0,
                                "Shared Written Blocks": 0,
                                "Local Hit Blocks": 0,
                                "Local Read Blocks": 0,
                                "Local Dirtied Blocks": 0,
                                "Local Written Blocks": 0,
                                "Temp Read Blocks": 0,
                                "Temp Written Blocks": 0,
                                "WAL Records": 0,
                                "WAL FPI": 0,
                                "WAL Bytes": 0
                            },
                            "Settings": {},
                            "Planning": {
                                "Shared Hit Blocks": 0,
                                "Shared Read Blocks": 0,
                                "Shared Dirtied Blocks": 0,
                                "Shared Written Blocks": 0,
                                "Local Hit Blocks": 0,
                                "Local Read Blocks": 0,
                                "Local Dirtied Blocks": 0,
                                "Local Written Blocks": 0,
                                "Temp Read Blocks": 0,
                                "Temp Written Blocks": 0
                            },
                            "Planning Time": 0.052,
                            "Triggers": [],
                            "Execution Time": 2042.542
                        },
                        "exact_explanation": {
                            "Plan": {
                                "Node Type": "Index Scan",
                                "Parallel Aware": false,
                                "Async Capable": false,
                                "Scan Direction": "Forward",
                                "Index Name": "bool_multi",
                                "Relation Name": "django_enum_tests_benchmark_booltester015",
                                "Schema": "public",
                                "Alias": "django_enum_tests_benchmark_booltester015",
                                "Startup Cost": 0.44,
                                "Total Cost": 1455.66,
                                "Plan Rows": 460,
                                "Plan Width": 24,
                                "Actual Startup Time": 0.007,
                                "Actual Total Time": 0.241,
                                "Actual Rows": 281,
                                "Actual Loops": 1,
                                "Output": [
                                    "id",
                                    "flg_0",
                                    "flg_1",
                                    "flg_2",
                                    "flg_3",
                                    "flg_4",
                                    "flg_5",
                                    "flg_6",
                                    "flg_7",
                                    "flg_8",
                                    "flg_9",
                                    "flg_10",
                                    "flg_11",
                                    "flg_12",
                                    "flg_13",
                                    "flg_14",
                                    "flg_15"
                                ],
                                "Index Cond": "((django_enum_tests_benchmark_booltester015.flg_0 = false) AND (django_enum_tests_benchmark_booltester015.flg_1 = false) AND (django_enum_tests_benchmark_booltester015.flg_2 = false) AND (django_enum_tests_benchmark_booltester015.flg_3 = false) AND (django_enum_tests_benchmark_booltester015.flg_4 = true) AND (django_enum_tests_benchmark_booltester015.flg_5 = false) AND (django_enum_tests_benchmark_booltester015.flg_6 = false) AND (django_enum_tests_benchmark_booltester015.flg_7 = true) AND (django_enum_tests_benchmark_booltester015.flg_8 = true) AND (django_enum_tests_benchmark_booltester015.flg_9 = false) AND (django_enum_tests_benchmark_booltester015.flg_10 = false) AND (django_enum_tests_benchmark_booltester015.flg_11 = false) AND (django_enum_tests_benchmark_booltester015.flg_12 = true) AND (django_enum_tests_benchmark_booltester015.flg_13 = true) AND (django_enum_tests_benchmark_booltester015.flg_14 = true) AND (django_enum_tests_benchmark_booltester015.flg_15 = true))",
                                "Rows Removed by Index Recheck": 0,
                                "Shared Hit Blocks": 183,
                                "Shared Read Blocks": 101,
                                "Shared Dirtied Blocks": 0,
                                "Shared Written Blocks": 0,
                                "Local Hit Blocks": 0,
                                "Local Read Blocks": 0,
                                "Local Dirtied Blocks": 0,
                                "Local Written Blocks": 0,
                                "Temp Read Blocks": 0,
                                "Temp Written Blocks": 0,
                                "WAL Records": 0,
                                "WAL FPI": 0,
                                "WAL Bytes": 0
                            },
                            "Settings": {},
                            "Planning": {
                                "Shared Hit Blocks": 0,
                                "Shared Read Blocks": 0,
                                "Shared Dirtied Blocks": 0,
                                "Shared Written Blocks": 0,
                                "Local Hit Blocks": 0,
                                "Local Read Blocks": 0,
                                "Local Dirtied Blocks": 0,
                                "Local Written Blocks": 0,
                                "Temp Read Blocks": 0,
                                "Temp Written Blocks": 0
                            },
                            "Planning Time": 0.038,
                            "Triggers": [],
                            "Execution Time": 0.253
                        },
                        "all_ftr_time": 1.8248006,
                        "any_ftr_time": 1.9907813,
                        "exact_ftr_time": 0.00019459999999999996
                    },
                    "40000000": {
                        "all_time": 0.5682259166263975,
                        "any_time": 5.314679279213306,
                        "exact_time": 0.0053461665869690474,
                        "table_size": 3279945728.0,
                        "index_time": 42.47768212493975,
                        "all_explanation": {
                            "Plan": {
                                "Node Type": "Gather",
                                "Parallel Aware": false,
                                "Async Capable": false,
                                "Startup Cost": 34220.09,
                                "Total Cost": 888034.36,
                                "Plan Rows": 533479,
                                "Plan Width": 24,
                                "Actual Startup Time": 56.169,
                                "Actual Total Time": 3051.582,
                                "Actual Rows": 1249874,
                                "Actual Loops": 1,
                                "Output": [
                                    "id",
                                    "flg_0",
                                    "flg_1",
                                    "flg_2",
                                    "flg_3",
                                    "flg_4",
                                    "flg_5",
                                    "flg_6",
                                    "flg_7",
                                    "flg_8",
                                    "flg_9",
                                    "flg_10",
                                    "flg_11",
                                    "flg_12",
                                    "flg_13",
                                    "flg_14",
                                    "flg_15"
                                ],
                                "Workers Planned": 2,
                                "Workers Launched": 2,
                                "Single Copy": false,
                                "Shared Hit Blocks": 6752,
                                "Shared Read Blocks": 255381,
                                "Shared Dirtied Blocks": 0,
                                "Shared Written Blocks": 85,
                                "Local Hit Blocks": 0,
                                "Local Read Blocks": 0,
                                "Local Dirtied Blocks": 0,
                                "Local Written Blocks": 0,
                                "Temp Read Blocks": 0,
                                "Temp Written Blocks": 0,
                                "WAL Records": 0,
                                "WAL FPI": 0,
                                "WAL Bytes": 0,
                                "Plans": [
                                    {
                                        "Node Type": "Bitmap Heap Scan",
                                        "Parent Relationship": "Outer",
                                        "Parallel Aware": true,
                                        "Async Capable": false,
                                        "Relation Name": "django_enum_tests_benchmark_booltester015",
                                        "Schema": "public",
                                        "Alias": "django_enum_tests_benchmark_booltester015",
                                        "Startup Cost": 33220.09,
                                        "Total Cost": 833686.46,
                                        "Plan Rows": 222283,
                                        "Plan Width": 24,
                                        "Actual Startup Time": 54.059,
                                        "Actual Total Time": 2971.442,
                                        "Actual Rows": 416625,
                                        "Actual Loops": 3,
                                        "Output": [
                                            "id",
                                            "flg_0",
                                            "flg_1",
                                            "flg_2",
                                            "flg_3",
                                            "flg_4",
                                            "flg_5",
                                            "flg_6",
                                            "flg_7",
                                            "flg_8",
                                            "flg_9",
                                            "flg_10",
                                            "flg_11",
                                            "flg_12",
                                            "flg_13",
                                            "flg_14",
                                            "flg_15"
                                        ],
                                        "Recheck Cond": "((django_enum_tests_benchmark_booltester015.flg_0 = ANY ('{t,f}'::boolean[])) AND (django_enum_tests_benchmark_booltester015.flg_1 = ANY ('{t,f}'::boolean[])) AND (django_enum_tests_benchmark_booltester015.flg_2 = ANY ('{t,f}'::boolean[])) AND (django_enum_tests_benchmark_booltester015.flg_4 = ANY ('{t,f}'::boolean[])) AND (django_enum_tests_benchmark_booltester015.flg_5 = ANY ('{t,f}'::boolean[])) AND (django_enum_tests_benchmark_booltester015.flg_6 = ANY ('{t,f}'::boolean[])) AND (django_enum_tests_benchmark_booltester015.flg_7 = ANY ('{t,f}'::boolean[])) AND (django_enum_tests_benchmark_booltester015.flg_10 = ANY ('{t,f}'::boolean[])) AND (django_enum_tests_benchmark_booltester015.flg_12 = ANY ('{t,f}'::boolean[])) AND (django_enum_tests_benchmark_booltester015.flg_13 = ANY ('{t,f}'::boolean[])) AND (django_enum_tests_benchmark_booltester015.flg_14 = ANY ('{t,f}'::boolean[])))",
                                        "Rows Removed by Index Recheck": 0,
                                        "Filter": "(django_enum_tests_benchmark_booltester015.flg_3 AND django_enum_tests_benchmark_booltester015.flg_8 AND django_enum_tests_benchmark_booltester015.flg_9 AND django_enum_tests_benchmark_booltester015.flg_11 AND django_enum_tests_benchmark_booltester015.flg_15)",
                                        "Rows Removed by Filter": 10030654,
                                        "Exact Heap Blocks": 17913,
                                        "Lossy Heap Blocks": 65527,
                                        "Shared Hit Blocks": 6752,
                                        "Shared Read Blocks": 255381,
                                        "Shared Dirtied Blocks": 0,
                                        "Shared Written Blocks": 85,
                                        "Local Hit Blocks": 0,
                                        "Local Read Blocks": 0,
                                        "Local Dirtied Blocks": 0,
                                        "Local Written Blocks": 0,
                                        "Temp Read Blocks": 0,
                                        "Temp Written Blocks": 0,
                                        "WAL Records": 0,
                                        "WAL FPI": 0,
                                        "WAL Bytes": 0,
                                        "Workers": [
                                            {
                                                "Worker Number": 0,
                                                "Actual Startup Time": 53.059,
                                                "Actual Total Time": 2986.896,
                                                "Actual Rows": 418557,
                                                "Actual Loops": 1,
                                                "Shared Hit Blocks": 11,
                                                "Shared Read Blocks": 84582,
                                                "Shared Dirtied Blocks": 0,
                                                "Shared Written Blocks": 29,
                                                "Local Hit Blocks": 0,
                                                "Local Read Blocks": 0,
                                                "Local Dirtied Blocks": 0,
                                                "Local Written Blocks": 0,
                                                "Temp Read Blocks": 0,
                                                "Temp Written Blocks": 0,
                                                "WAL Records": 0,
                                                "WAL FPI": 0,
                                                "WAL Bytes": 0
                                            },
                                            {
                                                "Worker Number": 1,
                                                "Actual Startup Time": 53.077,
                                                "Actual Total Time": 2986.663,
                                                "Actual Rows": 419549,
                                                "Actual Loops": 1,
                                                "Shared Hit Blocks": 10,
                                                "Shared Read Blocks": 84933,
                                                "Shared Dirtied Blocks": 0,
                                                "Shared Written Blocks": 29,
                                                "Local Hit Blocks": 0,
                                                "Local Read Blocks": 0,
                                                "Local Dirtied Blocks": 0,
                                                "Local Written Blocks": 0,
                                                "Temp Read Blocks": 0,
                                                "Temp Written Blocks": 0,
                                                "WAL Records": 0,
                                                "WAL FPI": 0,
                                                "WAL Bytes": 0
                                            }
                                        ],
                                        "Plans": [
                                            {
                                                "Node Type": "Bitmap Index Scan",
                                                "Parent Relationship": "Outer",
                                                "Parallel Aware": false,
                                                "Async Capable": false,
                                                "Index Name": "bool_multi",
                                                "Startup Cost": 0.0,
                                                "Total Cost": 33086.72,
                                                "Plan Rows": 533479,
                                                "Plan Width": 0,
                                                "Actual Startup Time": 49.958,
                                                "Actual Total Time": 49.958,
                                                "Actual Rows": 1249874,
                                                "Actual Loops": 1,
                                                "Index Cond": "((django_enum_tests_benchmark_booltester015.flg_0 = ANY ('{t,f}'::boolean[])) AND (django_enum_tests_benchmark_booltester015.flg_1 = ANY ('{t,f}'::boolean[])) AND (django_enum_tests_benchmark_booltester015.flg_2 = ANY ('{t,f}'::boolean[])) AND (django_enum_tests_benchmark_booltester015.flg_3 = true) AND (django_enum_tests_benchmark_booltester015.flg_4 = ANY ('{t,f}'::boolean[])) AND (django_enum_tests_benchmark_booltester015.flg_5 = ANY ('{t,f}'::boolean[])) AND (django_enum_tests_benchmark_booltester015.flg_6 = ANY ('{t,f}'::boolean[])) AND (django_enum_tests_benchmark_booltester015.flg_7 = ANY ('{t,f}'::boolean[])) AND (django_enum_tests_benchmark_booltester015.flg_8 = true) AND (django_enum_tests_benchmark_booltester015.flg_9 = true) AND (django_enum_tests_benchmark_booltester015.flg_10 = ANY ('{t,f}'::boolean[])) AND (django_enum_tests_benchmark_booltester015.flg_11 = true) AND (django_enum_tests_benchmark_booltester015.flg_12 = ANY ('{t,f}'::boolean[])) AND (django_enum_tests_benchmark_booltester015.flg_13 = ANY ('{t,f}'::boolean[])) AND (django_enum_tests_benchmark_booltester015.flg_14 = ANY ('{t,f}'::boolean[])) AND (django_enum_tests_benchmark_booltester015.flg_15 = true))",
                                                "Shared Hit Blocks": 6720,
                                                "Shared Read Blocks": 2437,
                                                "Shared Dirtied Blocks": 0,
                                                "Shared Written Blocks": 0,
                                                "Local Hit Blocks": 0,
                                                "Local Read Blocks": 0,
                                                "Local Dirtied Blocks": 0,
                                                "Local Written Blocks": 0,
                                                "Temp Read Blocks": 0,
                                                "Temp Written Blocks": 0,
                                                "WAL Records": 0,
                                                "WAL FPI": 0,
                                                "WAL Bytes": 0,
                                                "Workers": []
                                            }
                                        ]
                                    }
                                ]
                            },
                            "Settings": {},
                            "Planning": {
                                "Shared Hit Blocks": 0,
                                "Shared Read Blocks": 0,
                                "Shared Dirtied Blocks": 0,
                                "Shared Written Blocks": 0,
                                "Local Hit Blocks": 0,
                                "Local Read Blocks": 0,
                                "Local Dirtied Blocks": 0,
                                "Local Written Blocks": 0,
                                "Temp Read Blocks": 0,
                                "Temp Written Blocks": 0
                            },
                            "Planning Time": 0.09,
                            "Triggers": [],
                            "Execution Time": 3079.926
                        },
                        "any_explanation": {
                            "Plan": {
                                "Node Type": "Seq Scan",
                                "Parallel Aware": false,
                                "Async Capable": false,
                                "Relation Name": "django_enum_tests_benchmark_booltester015",
                                "Schema": "public",
                                "Alias": "django_enum_tests_benchmark_booltester015",
                                "Startup Cost": 0.0,
                                "Total Cost": 654778.0,
                                "Plan Rows": 38764798,
                                "Plan Width": 24,
                                "Actual Startup Time": 0.137,
                                "Actual Total Time": 3355.575,
                                "Actual Rows": 38749511,
                                "Actual Loops": 1,
                                "Output": [
                                    "id",
                                    "flg_0",
                                    "flg_1",
                                    "flg_2",
                                    "flg_3",
                                    "flg_4",
                                    "flg_5",
                                    "flg_6",
                                    "flg_7",
                                    "flg_8",
                                    "flg_9",
                                    "flg_10",
                                    "flg_11",
                                    "flg_12",
                                    "flg_13",
                                    "flg_14",
                                    "flg_15"
                                ],
                                "Filter": "(django_enum_tests_benchmark_booltester015.flg_3 OR django_enum_tests_benchmark_booltester015.flg_8 OR django_enum_tests_benchmark_booltester015.flg_9 OR django_enum_tests_benchmark_booltester015.flg_11 OR django_enum_tests_benchmark_booltester015.flg_15)",
                                "Rows Removed by Filter": 1250490,
                                "Shared Hit Blocks": 16243,
                                "Shared Read Blocks": 238535,
                                "Shared Dirtied Blocks": 0,
                                "Shared Written Blocks": 0,
                                "Local Hit Blocks": 0,
                                "Local Read Blocks": 0,
                                "Local Dirtied Blocks": 0,
                                "Local Written Blocks": 0,
                                "Temp Read Blocks": 0,
                                "Temp Written Blocks": 0,
                                "WAL Records": 0,
                                "WAL FPI": 0,
                                "WAL Bytes": 0
                            },
                            "Settings": {},
                            "Planning": {
                                "Shared Hit Blocks": 0,
                                "Shared Read Blocks": 0,
                                "Shared Dirtied Blocks": 0,
                                "Shared Written Blocks": 0,
                                "Local Hit Blocks": 0,
                                "Local Read Blocks": 0,
                                "Local Dirtied Blocks": 0,
                                "Local Written Blocks": 0,
                                "Temp Read Blocks": 0,
                                "Temp Written Blocks": 0
                            },
                            "Planning Time": 0.05,
                            "Triggers": [],
                            "Execution Time": 4135.687
                        },
                        "exact_explanation": {
                            "Plan": {
                                "Node Type": "Index Scan",
                                "Parallel Aware": false,
                                "Async Capable": false,
                                "Scan Direction": "Forward",
                                "Index Name": "bool_multi",
                                "Relation Name": "django_enum_tests_benchmark_booltester015",
                                "Schema": "public",
                                "Alias": "django_enum_tests_benchmark_booltester015",
                                "Startup Cost": 0.56,
                                "Total Cost": 2116.3,
                                "Plan Rows": 604,
                                "Plan Width": 24,
                                "Actual Startup Time": 0.01,
                                "Actual Total Time": 0.186,
                                "Actual Rows": 600,
                                "Actual Loops": 1,
                                "Output": [
                                    "id",
                                    "flg_0",
                                    "flg_1",
                                    "flg_2",
                                    "flg_3",
                                    "flg_4",
                                    "flg_5",
                                    "flg_6",
                                    "flg_7",
                                    "flg_8",
                                    "flg_9",
                                    "flg_10",
                                    "flg_11",
                                    "flg_12",
                                    "flg_13",
                                    "flg_14",
                                    "flg_15"
                                ],
                                "Index Cond": "((django_enum_tests_benchmark_booltester015.flg_0 = false) AND (django_enum_tests_benchmark_booltester015.flg_1 = false) AND (django_enum_tests_benchmark_booltester015.flg_2 = false) AND (django_enum_tests_benchmark_booltester015.flg_3 = true) AND (django_enum_tests_benchmark_booltester015.flg_4 = false) AND (django_enum_tests_benchmark_booltester015.flg_5 = false) AND (django_enum_tests_benchmark_booltester015.flg_6 = false) AND (django_enum_tests_benchmark_booltester015.flg_7 = false) AND (django_enum_tests_benchmark_booltester015.flg_8 = true) AND (django_enum_tests_benchmark_booltester015.flg_9 = true) AND (django_enum_tests_benchmark_booltester015.flg_10 = false) AND (django_enum_tests_benchmark_booltester015.flg_11 = true) AND (django_enum_tests_benchmark_booltester015.flg_12 = false) AND (django_enum_tests_benchmark_booltester015.flg_13 = false) AND (django_enum_tests_benchmark_booltester015.flg_14 = false) AND (django_enum_tests_benchmark_booltester015.flg_15 = true))",
                                "Rows Removed by Index Recheck": 0,
                                "Shared Hit Blocks": 573,
                                "Shared Read Blocks": 31,
                                "Shared Dirtied Blocks": 0,
                                "Shared Written Blocks": 0,
                                "Local Hit Blocks": 0,
                                "Local Read Blocks": 0,
                                "Local Dirtied Blocks": 0,
                                "Local Written Blocks": 0,
                                "Temp Read Blocks": 0,
                                "Temp Written Blocks": 0,
                                "WAL Records": 0,
                                "WAL FPI": 0,
                                "WAL Bytes": 0
                            },
                            "Settings": {},
                            "Planning": {
                                "Shared Hit Blocks": 0,
                                "Shared Read Blocks": 0,
                                "Shared Dirtied Blocks": 0,
                                "Shared Written Blocks": 0,
                                "Local Hit Blocks": 0,
                                "Local Read Blocks": 0,
                                "Local Dirtied Blocks": 0,
                                "Local Written Blocks": 0,
                                "Temp Read Blocks": 0,
                                "Temp Written Blocks": 0
                            },
                            "Planning Time": 0.048,
                            "Triggers": [],
                            "Execution Time": 0.216
                        },
                        "all_ftr_time": 0.565872,
                        "any_ftr_time": 4.1077403,
                        "exact_ftr_time": 0.00018930000000000002
                    },
                    "60000000": {
                        "all_time": 1.8946708455798216,
                        "any_time": 8.083026062313001,
                        "exact_time": 0.006498833280056715,
                        "table_size": 4923064320.0,
                        "index_time": 66.35575787501875,
                        "all_explanation": {
                            "Plan": {
                                "Node Type": "Index Scan",
                                "Parallel Aware": false,
                                "Async Capable": false,
                                "Scan Direction": "Forward",
                                "Index Name": "bool_multi",
                                "Relation Name": "django_enum_tests_benchmark_booltester015",
                                "Schema": "public",
                                "Alias": "django_enum_tests_benchmark_booltester015",
                                "Startup Cost": 0.56,
                                "Total Cost": 698442.48,
                                "Plan Rows": 264657,
                                "Plan Width": 24,
                                "Actual Startup Time": 0.021,
                                "Actual Total Time": 867.092,
                                "Actual Rows": 469266,
                                "Actual Loops": 1,
                                "Output": [
                                    "id",
                                    "flg_0",
                                    "flg_1",
                                    "flg_2",
                                    "flg_3",
                                    "flg_4",
                                    "flg_5",
                                    "flg_6",
                                    "flg_7",
                                    "flg_8",
                                    "flg_9",
                                    "flg_10",
                                    "flg_11",
                                    "flg_12",
                                    "flg_13",
                                    "flg_14",
                                    "flg_15"
                                ],
                                "Index Cond": "((django_enum_tests_benchmark_booltester015.flg_0 = true) AND (django_enum_tests_benchmark_booltester015.flg_1 = ANY ('{t,f}'::boolean[])) AND (django_enum_tests_benchmark_booltester015.flg_2 = ANY ('{t,f}'::boolean[])) AND (django_enum_tests_benchmark_booltester015.flg_3 = true) AND (django_enum_tests_benchmark_booltester015.flg_4 = ANY ('{t,f}'::boolean[])) AND (django_enum_tests_benchmark_booltester015.flg_5 = ANY ('{t,f}'::boolean[])) AND (django_enum_tests_benchmark_booltester015.flg_6 = true) AND (django_enum_tests_benchmark_booltester015.flg_7 = ANY ('{t,f}'::boolean[])) AND (django_enum_tests_benchmark_booltester015.flg_8 = true) AND (django_enum_tests_benchmark_booltester015.flg_9 = true) AND (django_enum_tests_benchmark_booltester015.flg_10 = true) AND (django_enum_tests_benchmark_booltester015.flg_11 = ANY ('{t,f}'::boolean[])) AND (django_enum_tests_benchmark_booltester015.flg_12 = ANY ('{t,f}'::boolean[])) AND (django_enum_tests_benchmark_booltester015.flg_13 = ANY ('{t,f}'::boolean[])) AND (django_enum_tests_benchmark_booltester015.flg_14 = true) AND (django_enum_tests_benchmark_booltester015.flg_15 = ANY ('{t,f}'::boolean[])))",
                                "Rows Removed by Index Recheck": 0,
                                "Shared Hit Blocks": 21242,
                                "Shared Read Blocks": 449903,
                                "Shared Dirtied Blocks": 0,
                                "Shared Written Blocks": 0,
                                "Local Hit Blocks": 0,
                                "Local Read Blocks": 0,
                                "Local Dirtied Blocks": 0,
                                "Local Written Blocks": 0,
                                "Temp Read Blocks": 0,
                                "Temp Written Blocks": 0,
                                "WAL Records": 0,
                                "WAL FPI": 0,
                                "WAL Bytes": 0
                            },
                            "Settings": {},
                            "Planning": {
                                "Shared Hit Blocks": 0,
                                "Shared Read Blocks": 0,
                                "Shared Dirtied Blocks": 0,
                                "Shared Written Blocks": 0,
                                "Local Hit Blocks": 0,
                                "Local Read Blocks": 0,
                                "Local Dirtied Blocks": 0,
                                "Local Written Blocks": 0,
                                "Temp Read Blocks": 0,
                                "Temp Written Blocks": 0
                            },
                            "Planning Time": 0.077,
                            "Triggers": [],
                            "Execution Time": 876.897
                        },
                        "any_explanation": {
                            "Plan": {
                                "Node Type": "Seq Scan",
                                "Parallel Aware": false,
                                "Async Capable": false,
                                "Relation Name": "django_enum_tests_benchmark_booltester015",
                                "Schema": "public",
                                "Alias": "django_enum_tests_benchmark_booltester015",
                                "Startup Cost": 0.0,
                                "Total Cost": 982166.0,
                                "Plan Rows": 59533091,
                                "Plan Width": 24,
                                "Actual Startup Time": 0.016,
                                "Actual Total Time": 4926.919,
                                "Actual Rows": 59531445,
                                "Actual Loops": 1,
                                "Output": [
                                    "id",
                                    "flg_0",
                                    "flg_1",
                                    "flg_2",
                                    "flg_3",
                                    "flg_4",
                                    "flg_5",
                                    "flg_6",
                                    "flg_7",
                                    "flg_8",
                                    "flg_9",
                                    "flg_10",
                                    "flg_11",
                                    "flg_12",
                                    "flg_13",
                                    "flg_14",
                                    "flg_15"
                                ],
                                "Filter": "(django_enum_tests_benchmark_booltester015.flg_0 OR django_enum_tests_benchmark_booltester015.flg_3 OR django_enum_tests_benchmark_booltester015.flg_6 OR django_enum_tests_benchmark_booltester015.flg_8 OR django_enum_tests_benchmark_booltester015.flg_9 OR django_enum_tests_benchmark_booltester015.flg_10 OR django_enum_tests_benchmark_booltester015.flg_14)",
                                "Rows Removed by Filter": 468556,
                                "Shared Hit Blocks": 16256,
                                "Shared Read Blocks": 365910,
                                "Shared Dirtied Blocks": 0,
                                "Shared Written Blocks": 0,
                                "Local Hit Blocks": 0,
                                "Local Read Blocks": 0,
                                "Local Dirtied Blocks": 0,
                                "Local Written Blocks": 0,
                                "Temp Read Blocks": 0,
                                "Temp Written Blocks": 0,
                                "WAL Records": 0,
                                "WAL FPI": 0,
                                "WAL Bytes": 0
                            },
                            "Settings": {},
                            "Planning": {
                                "Shared Hit Blocks": 0,
                                "Shared Read Blocks": 0,
                                "Shared Dirtied Blocks": 0,
                                "Shared Written Blocks": 0,
                                "Local Hit Blocks": 0,
                                "Local Read Blocks": 0,
                                "Local Dirtied Blocks": 0,
                                "Local Written Blocks": 0,
                                "Temp Read Blocks": 0,
                                "Temp Written Blocks": 0
                            },
                            "Planning Time": 0.055,
                            "Triggers": [],
                            "Execution Time": 6122.276
                        },
                        "exact_explanation": {
                            "Plan": {
                                "Node Type": "Index Scan",
                                "Parallel Aware": false,
                                "Async Capable": false,
                                "Scan Direction": "Forward",
                                "Index Name": "bool_multi",
                                "Relation Name": "django_enum_tests_benchmark_booltester015",
                                "Schema": "public",
                                "Alias": "django_enum_tests_benchmark_booltester015",
                                "Startup Cost": 0.56,
                                "Total Cost": 3371.83,
                                "Plan Rows": 957,
                                "Plan Width": 24,
                                "Actual Startup Time": 0.01,
                                "Actual Total Time": 0.184,
                                "Actual Rows": 911,
                                "Actual Loops": 1,
                                "Output": [
                                    "id",
                                    "flg_0",
                                    "flg_1",
                                    "flg_2",
                                    "flg_3",
                                    "flg_4",
                                    "flg_5",
                                    "flg_6",
                                    "flg_7",
                                    "flg_8",
                                    "flg_9",
                                    "flg_10",
                                    "flg_11",
                                    "flg_12",
                                    "flg_13",
                                    "flg_14",
                                    "flg_15"
                                ],
                                "Index Cond": "((django_enum_tests_benchmark_booltester015.flg_0 = true) AND (django_enum_tests_benchmark_booltester015.flg_1 = false) AND (django_enum_tests_benchmark_booltester015.flg_2 = false) AND (django_enum_tests_benchmark_booltester015.flg_3 = true) AND (django_enum_tests_benchmark_booltester015.flg_4 = false) AND (django_enum_tests_benchmark_booltester015.flg_5 = false) AND (django_enum_tests_benchmark_booltester015.flg_6 = true) AND (django_enum_tests_benchmark_booltester015.flg_7 = false) AND (django_enum_tests_benchmark_booltester015.flg_8 = true) AND (django_enum_tests_benchmark_booltester015.flg_9 = true) AND (django_enum_tests_benchmark_booltester015.flg_10 = true) AND (django_enum_tests_benchmark_booltester015.flg_11 = false) AND (django_enum_tests_benchmark_booltester015.flg_12 = false) AND (django_enum_tests_benchmark_booltester015.flg_13 = false) AND (django_enum_tests_benchmark_booltester015.flg_14 = true) AND (django_enum_tests_benchmark_booltester015.flg_15 = false))",
                                "Rows Removed by Index Recheck": 0,
                                "Shared Hit Blocks": 916,
                                "Shared Read Blocks": 0,
                                "Shared Dirtied Blocks": 0,
                                "Shared Written Blocks": 0,
                                "Local Hit Blocks": 0,
                                "Local Read Blocks": 0,
                                "Local Dirtied Blocks": 0,
                                "Local Written Blocks": 0,
                                "Temp Read Blocks": 0,
                                "Temp Written Blocks": 0,
                                "WAL Records": 0,
                                "WAL FPI": 0,
                                "WAL Bytes": 0
                            },
                            "Settings": {},
                            "Planning": {
                                "Shared Hit Blocks": 0,
                                "Shared Read Blocks": 0,
                                "Shared Dirtied Blocks": 0,
                                "Shared Written Blocks": 0,
                                "Local Hit Blocks": 0,
                                "Local Read Blocks": 0,
                                "Local Dirtied Blocks": 0,
                                "Local Written Blocks": 0,
                                "Temp Read Blocks": 0,
                                "Temp Written Blocks": 0
                            },
                            "Planning Time": 0.042,
                            "Triggers": [],
                            "Execution Time": 0.209
                        },
                        "all_ftr_time": 1.2984353000000002,
                        "any_ftr_time": 6.157244199999999,
                        "exact_ftr_time": 0.00020319999999999998
                    },
                    "80000000": {
                        "all_time": 4.549527758313343,
                        "any_time": 10.862107212317643,
                        "exact_time": 0.009574504196643829,
                        "table_size": 6556745728.0,
                        "index_time": 89.16052616701927,
                        "all_explanation": {
                            "Plan": {
                                "Node Type": "Bitmap Heap Scan",
                                "Parallel Aware": false,
                                "Async Capable": false,
                                "Relation Name": "django_enum_tests_benchmark_booltester015",
                                "Schema": "public",
                                "Alias": "django_enum_tests_benchmark_booltester015",
                                "Startup Cost": 1429.09,
                                "Total Cost": 93158.33,
                                "Plan Rows": 28354,
                                "Plan Width": 24,
                                "Actual Startup Time": 5.937,
                                "Actual Total Time": 76.038,
                                "Actual Rows": 39015,
                                "Actual Loops": 1,
                                "Output": [
                                    "id",
                                    "flg_0",
                                    "flg_1",
                                    "flg_2",
                                    "flg_3",
                                    "flg_4",
                                    "flg_5",
                                    "flg_6",
                                    "flg_7",
                                    "flg_8",
                                    "flg_9",
                                    "flg_10",
                                    "flg_11",
                                    "flg_12",
                                    "flg_13",
                                    "flg_14",
                                    "flg_15"
                                ],
                                "Recheck Cond": "((django_enum_tests_benchmark_booltester015.flg_0 = ANY ('{t,f}'::boolean[])) AND (django_enum_tests_benchmark_booltester015.flg_2 = ANY ('{t,f}'::boolean[])) AND (django_enum_tests_benchmark_booltester015.flg_4 = ANY ('{t,f}'::boolean[])) AND (django_enum_tests_benchmark_booltester015.flg_5 = ANY ('{t,f}'::boolean[])) AND (django_enum_tests_benchmark_booltester015.flg_10 = ANY ('{t,f}'::boolean[])))",
                                "Rows Removed by Index Recheck": 0,
                                "Filter": "(django_enum_tests_benchmark_booltester015.flg_1 AND django_enum_tests_benchmark_booltester015.flg_3 AND django_enum_tests_benchmark_booltester015.flg_6 AND django_enum_tests_benchmark_booltester015.flg_7 AND django_enum_tests_benchmark_booltester015.flg_8 AND django_enum_tests_benchmark_booltester015.flg_9 AND django_enum_tests_benchmark_booltester015.flg_11 AND django_enum_tests_benchmark_booltester015.flg_12 AND django_enum_tests_benchmark_booltester015.flg_13 AND django_enum_tests_benchmark_booltester015.flg_14 AND django_enum_tests_benchmark_booltester015.flg_15)",
                                "Rows Removed by Filter": 0,
                                "Exact Heap Blocks": 37489,
                                "Lossy Heap Blocks": 0,
                                "Shared Hit Blocks": 86,
                                "Shared Read Blocks": 37563,
                                "Shared Dirtied Blocks": 0,
                                "Shared Written Blocks": 61,
                                "Local Hit Blocks": 0,
                                "Local Read Blocks": 0,
                                "Local Dirtied Blocks": 0,
                                "Local Written Blocks": 0,
                                "Temp Read Blocks": 0,
                                "Temp Written Blocks": 0,
                                "WAL Records": 0,
                                "WAL FPI": 0,
                                "WAL Bytes": 0,
                                "Plans": [
                                    {
                                        "Node Type": "Bitmap Index Scan",
                                        "Parent Relationship": "Outer",
                                        "Parallel Aware": false,
                                        "Async Capable": false,
                                        "Index Name": "bool_multi",
                                        "Startup Cost": 0.0,
                                        "Total Cost": 1422.0,
                                        "Plan Rows": 28354,
                                        "Plan Width": 0,
                                        "Actual Startup Time": 2.419,
                                        "Actual Total Time": 2.419,
                                        "Actual Rows": 39015,
                                        "Actual Loops": 1,
                                        "Index Cond": "((django_enum_tests_benchmark_booltester015.flg_0 = ANY ('{t,f}'::boolean[])) AND (django_enum_tests_benchmark_booltester015.flg_1 = true) AND (django_enum_tests_benchmark_booltester015.flg_2 = ANY ('{t,f}'::boolean[])) AND (django_enum_tests_benchmark_booltester015.flg_3 = true) AND (django_enum_tests_benchmark_booltester015.flg_4 = ANY ('{t,f}'::boolean[])) AND (django_enum_tests_benchmark_booltester015.flg_5 = ANY ('{t,f}'::boolean[])) AND (django_enum_tests_benchmark_booltester015.flg_6 = true) AND (django_enum_tests_benchmark_booltester015.flg_7 = true) AND (django_enum_tests_benchmark_booltester015.flg_8 = true) AND (django_enum_tests_benchmark_booltester015.flg_9 = true) AND (django_enum_tests_benchmark_booltester015.flg_10 = ANY ('{t,f}'::boolean[])) AND (django_enum_tests_benchmark_booltester015.flg_11 = true) AND (django_enum_tests_benchmark_booltester015.flg_12 = true) AND (django_enum_tests_benchmark_booltester015.flg_13 = true) AND (django_enum_tests_benchmark_booltester015.flg_14 = true) AND (django_enum_tests_benchmark_booltester015.flg_15 = true))",
                                        "Shared Hit Blocks": 81,
                                        "Shared Read Blocks": 79,
                                        "Shared Dirtied Blocks": 0,
                                        "Shared Written Blocks": 0,
                                        "Local Hit Blocks": 0,
                                        "Local Read Blocks": 0,
                                        "Local Dirtied Blocks": 0,
                                        "Local Written Blocks": 0,
                                        "Temp Read Blocks": 0,
                                        "Temp Written Blocks": 0,
                                        "WAL Records": 0,
                                        "WAL FPI": 0,
                                        "WAL Bytes": 0
                                    }
                                ]
                            },
                            "Settings": {},
                            "Planning": {
                                "Shared Hit Blocks": 0,
                                "Shared Read Blocks": 0,
                                "Shared Dirtied Blocks": 0,
                                "Shared Written Blocks": 0,
                                "Local Hit Blocks": 0,
                                "Local Read Blocks": 0,
                                "Local Dirtied Blocks": 0,
                                "Local Written Blocks": 0,
                                "Temp Read Blocks": 0,
                                "Temp Written Blocks": 0
                            },
                            "Planning Time": 0.081,
                            "Triggers": [],
                            "Execution Time": 77.002
                        },
                        "any_explanation": {
                            "Plan": {
                                "Node Type": "Seq Scan",
                                "Parallel Aware": false,
                                "Async Capable": false,
                                "Relation Name": "django_enum_tests_benchmark_booltester015",
                                "Schema": "public",
                                "Alias": "django_enum_tests_benchmark_booltester015",
                                "Startup Cost": 0.0,
                                "Total Cost": 1309555.0,
                                "Plan Rows": 79959655,
                                "Plan Width": 24,
                                "Actual Startup Time": 0.067,
                                "Actual Total Time": 8634.535,
                                "Actual Rows": 79960948,
                                "Actual Loops": 1,
                                "Output": [
                                    "id",
                                    "flg_0",
                                    "flg_1",
                                    "flg_2",
                                    "flg_3",
                                    "flg_4",
                                    "flg_5",
                                    "flg_6",
                                    "flg_7",
                                    "flg_8",
                                    "flg_9",
                                    "flg_10",
                                    "flg_11",
                                    "flg_12",
                                    "flg_13",
                                    "flg_14",
                                    "flg_15"
                                ],
                                "Filter": "(django_enum_tests_benchmark_booltester015.flg_1 OR django_enum_tests_benchmark_booltester015.flg_3 OR django_enum_tests_benchmark_booltester015.flg_6 OR django_enum_tests_benchmark_booltester015.flg_7 OR django_enum_tests_benchmark_booltester015.flg_8 OR django_enum_tests_benchmark_booltester015.flg_9 OR django_enum_tests_benchmark_booltester015.flg_11 OR django_enum_tests_benchmark_booltester015.flg_12 OR django_enum_tests_benchmark_booltester015.flg_13 OR django_enum_tests_benchmark_booltester015.flg_14 OR django_enum_tests_benchmark_booltester015.flg_15)",
                                "Rows Removed by Filter": 39053,
                                "Shared Hit Blocks": 16184,
                                "Shared Read Blocks": 493371,
                                "Shared Dirtied Blocks": 0,
                                "Shared Written Blocks": 0,
                                "Local Hit Blocks": 0,
                                "Local Read Blocks": 0,
                                "Local Dirtied Blocks": 0,
                                "Local Written Blocks": 0,
                                "Temp Read Blocks": 0,
                                "Temp Written Blocks": 0,
                                "WAL Records": 0,
                                "WAL FPI": 0,
                                "WAL Bytes": 0
                            },
                            "Settings": {},
                            "Planning": {
                                "Shared Hit Blocks": 0,
                                "Shared Read Blocks": 0,
                                "Shared Dirtied Blocks": 0,
                                "Shared Written Blocks": 0,
                                "Local Hit Blocks": 0,
                                "Local Read Blocks": 0,
                                "Local Dirtied Blocks": 0,
                                "Local Written Blocks": 0,
                                "Temp Read Blocks": 0,
                                "Temp Written Blocks": 0
                            },
                            "Planning Time": 0.056,
                            "Triggers": [],
                            "Execution Time": 10282.384
                        },
                        "exact_explanation": {
                            "Plan": {
                                "Node Type": "Index Scan",
                                "Parallel Aware": false,
                                "Async Capable": false,
                                "Scan Direction": "Forward",
                                "Index Name": "bool_multi",
                                "Relation Name": "django_enum_tests_benchmark_booltester015",
                                "Schema": "public",
                                "Alias": "django_enum_tests_benchmark_booltester015",
                                "Startup Cost": 0.57,
                                "Total Cost": 4182.23,
                                "Plan Rows": 1186,
                                "Plan Width": 24,
                                "Actual Startup Time": 0.009,
                                "Actual Total Time": 0.841,
                                "Actual Rows": 1230,
                                "Actual Loops": 1,
                                "Output": [
                                    "id",
                                    "flg_0",
                                    "flg_1",
                                    "flg_2",
                                    "flg_3",
                                    "flg_4",
                                    "flg_5",
                                    "flg_6",
                                    "flg_7",
                                    "flg_8",
                                    "flg_9",
                                    "flg_10",
                                    "flg_11",
                                    "flg_12",
                                    "flg_13",
                                    "flg_14",
                                    "flg_15"
                                ],
                                "Index Cond": "((django_enum_tests_benchmark_booltester015.flg_0 = false) AND (django_enum_tests_benchmark_booltester015.flg_1 = true) AND (django_enum_tests_benchmark_booltester015.flg_2 = false) AND (django_enum_tests_benchmark_booltester015.flg_3 = true) AND (django_enum_tests_benchmark_booltester015.flg_4 = false) AND (django_enum_tests_benchmark_booltester015.flg_5 = false) AND (django_enum_tests_benchmark_booltester015.flg_6 = true) AND (django_enum_tests_benchmark_booltester015.flg_7 = true) AND (django_enum_tests_benchmark_booltester015.flg_8 = true) AND (django_enum_tests_benchmark_booltester015.flg_9 = true) AND (django_enum_tests_benchmark_booltester015.flg_10 = false) AND (django_enum_tests_benchmark_booltester015.flg_11 = true) AND (django_enum_tests_benchmark_booltester015.flg_12 = true) AND (django_enum_tests_benchmark_booltester015.flg_13 = true) AND (django_enum_tests_benchmark_booltester015.flg_14 = true) AND (django_enum_tests_benchmark_booltester015.flg_15 = true))",
                                "Rows Removed by Index Recheck": 0,
                                "Shared Hit Blocks": 925,
                                "Shared Read Blocks": 309,
                                "Shared Dirtied Blocks": 0,
                                "Shared Written Blocks": 0,
                                "Local Hit Blocks": 0,
                                "Local Read Blocks": 0,
                                "Local Dirtied Blocks": 0,
                                "Local Written Blocks": 0,
                                "Temp Read Blocks": 0,
                                "Temp Written Blocks": 0,
                                "WAL Records": 0,
                                "WAL FPI": 0,
                                "WAL Bytes": 0
                            },
                            "Settings": {},
                            "Planning": {
                                "Shared Hit Blocks": 0,
                                "Shared Read Blocks": 0,
                                "Shared Dirtied Blocks": 0,
                                "Shared Written Blocks": 0,
                                "Local Hit Blocks": 0,
                                "Local Read Blocks": 0,
                                "Local Dirtied Blocks": 0,
                                "Local Written Blocks": 0,
                                "Temp Read Blocks": 0,
                                "Temp Written Blocks": 0
                            },
                            "Planning Time": 0.039,
                            "Triggers": [],
                            "Execution Time": 0.878
                        },
                        "all_ftr_time": 2.2850080000000004,
                        "any_ftr_time": 8.3794072,
                        "exact_ftr_time": 0.0012532
                    },
                    "100000000": {
                        "all_time": 13.855311600083951,
                        "any_time": 21.36836959577631,
                        "exact_time": 0.010332754312548787,
                        "table_size": 8196718592.0,
                        "index_time": 119.30277674994431,
                        "all_explanation": {
                            "Plan": {
                                "Node Type": "Index Scan",
                                "Parallel Aware": false,
                                "Async Capable": false,
                                "Scan Direction": "Forward",
                                "Index Name": "bool_multi",
                                "Relation Name": "django_enum_tests_benchmark_booltester015",
                                "Schema": "public",
                                "Alias": "django_enum_tests_benchmark_booltester015",
                                "Startup Cost": 0.57,
                                "Total Cost": 450148.13,
                                "Plan Rows": 141597,
                                "Plan Width": 24,
                                "Actual Startup Time": 0.236,
                                "Actual Total Time": 7187.595,
                                "Actual Rows": 194937,
                                "Actual Loops": 1,
                                "Output": [
                                    "id",
                                    "flg_0",
                                    "flg_1",
                                    "flg_2",
                                    "flg_3",
                                    "flg_4",
                                    "flg_5",
                                    "flg_6",
                                    "flg_7",
                                    "flg_8",
                                    "flg_9",
                                    "flg_10",
                                    "flg_11",
                                    "flg_12",
                                    "flg_13",
                                    "flg_14",
                                    "flg_15"
                                ],
                                "Index Cond": "((django_enum_tests_benchmark_booltester015.flg_0 = ANY ('{t,f}'::boolean[])) AND (django_enum_tests_benchmark_booltester015.flg_1 = true) AND (django_enum_tests_benchmark_booltester015.flg_2 = ANY ('{t,f}'::boolean[])) AND (django_enum_tests_benchmark_booltester015.flg_3 = ANY ('{t,f}'::boolean[])) AND (django_enum_tests_benchmark_booltester015.flg_4 = true) AND (django_enum_tests_benchmark_booltester015.flg_5 = true) AND (django_enum_tests_benchmark_booltester015.flg_6 = true) AND (django_enum_tests_benchmark_booltester015.flg_7 = ANY ('{t,f}'::boolean[])) AND (django_enum_tests_benchmark_booltester015.flg_8 = true) AND (django_enum_tests_benchmark_booltester015.flg_9 = true) AND (django_enum_tests_benchmark_booltester015.flg_10 = ANY ('{t,f}'::boolean[])) AND (django_enum_tests_benchmark_booltester015.flg_11 = ANY ('{t,f}'::boolean[])) AND (django_enum_tests_benchmark_booltester015.flg_12 = true) AND (django_enum_tests_benchmark_booltester015.flg_13 = true) AND (django_enum_tests_benchmark_booltester015.flg_14 = ANY ('{t,f}'::boolean[])) AND (django_enum_tests_benchmark_booltester015.flg_15 = true))",
                                "Rows Removed by Index Recheck": 0,
                                "Shared Hit Blocks": 4916,
                                "Shared Read Blocks": 190479,
                                "Shared Dirtied Blocks": 0,
                                "Shared Written Blocks": 1,
                                "Local Hit Blocks": 0,
                                "Local Read Blocks": 0,
                                "Local Dirtied Blocks": 0,
                                "Local Written Blocks": 0,
                                "Temp Read Blocks": 0,
                                "Temp Written Blocks": 0,
                                "WAL Records": 0,
                                "WAL FPI": 0,
                                "WAL Bytes": 0
                            },
                            "Settings": {},
                            "Planning": {
                                "Shared Hit Blocks": 0,
                                "Shared Read Blocks": 0,
                                "Shared Dirtied Blocks": 0,
                                "Shared Written Blocks": 0,
                                "Local Hit Blocks": 0,
                                "Local Read Blocks": 0,
                                "Local Dirtied Blocks": 0,
                                "Local Written Blocks": 0,
                                "Temp Read Blocks": 0,
                                "Temp Written Blocks": 0
                            },
                            "Planning Time": 0.069,
                            "Triggers": [],
                            "Execution Time": 7193.109
                        },
                        "any_explanation": {
                            "Plan": {
                                "Node Type": "Seq Scan",
                                "Parallel Aware": false,
                                "Async Capable": false,
                                "Relation Name": "django_enum_tests_benchmark_booltester015",
                                "Schema": "public",
                                "Alias": "django_enum_tests_benchmark_booltester015",
                                "Startup Cost": 0.0,
                                "Total Cost": 1636943.0,
                                "Plan Rows": 99798012,
                                "Plan Width": 24,
                                "Actual Startup Time": 0.25,
                                "Actual Total Time": 12668.823,
                                "Actual Rows": 99805455,
                                "Actual Loops": 1,
                                "Output": [
                                    "id",
                                    "flg_0",
                                    "flg_1",
                                    "flg_2",
                                    "flg_3",
                                    "flg_4",
                                    "flg_5",
                                    "flg_6",
                                    "flg_7",
                                    "flg_8",
                                    "flg_9",
                                    "flg_10",
                                    "flg_11",
                                    "flg_12",
                                    "flg_13",
                                    "flg_14",
                                    "flg_15"
                                ],
                                "Filter": "(django_enum_tests_benchmark_booltester015.flg_1 OR django_enum_tests_benchmark_booltester015.flg_4 OR django_enum_tests_benchmark_booltester015.flg_5 OR django_enum_tests_benchmark_booltester015.flg_6 OR django_enum_tests_benchmark_booltester015.flg_8 OR django_enum_tests_benchmark_booltester015.flg_9 OR django_enum_tests_benchmark_booltester015.flg_12 OR django_enum_tests_benchmark_booltester015.flg_13 OR django_enum_tests_benchmark_booltester015.flg_15)",
                                "Rows Removed by Filter": 194546,
                                "Shared Hit Blocks": 16208,
                                "Shared Read Blocks": 620735,
                                "Shared Dirtied Blocks": 0,
                                "Shared Written Blocks": 0,
                                "Local Hit Blocks": 0,
                                "Local Read Blocks": 0,
                                "Local Dirtied Blocks": 0,
                                "Local Written Blocks": 0,
                                "Temp Read Blocks": 0,
                                "Temp Written Blocks": 0,
                                "WAL Records": 0,
                                "WAL FPI": 0,
                                "WAL Bytes": 0
                            },
                            "Settings": {},
                            "Planning": {
                                "Shared Hit Blocks": 0,
                                "Shared Read Blocks": 0,
                                "Shared Dirtied Blocks": 0,
                                "Shared Written Blocks": 0,
                                "Local Hit Blocks": 0,
                                "Local Read Blocks": 0,
                                "Local Dirtied Blocks": 0,
                                "Local Written Blocks": 0,
                                "Temp Read Blocks": 0,
                                "Temp Written Blocks": 0
                            },
                            "Planning Time": 0.084,
                            "Triggers": [],
                            "Execution Time": 14686.347
                        },
                        "exact_explanation": {
                            "Plan": {
                                "Node Type": "Index Scan",
                                "Parallel Aware": false,
                                "Async Capable": false,
                                "Scan Direction": "Forward",
                                "Index Name": "bool_multi",
                                "Relation Name": "django_enum_tests_benchmark_booltester015",
                                "Schema": "public",
                                "Alias": "django_enum_tests_benchmark_booltester015",
                                "Startup Cost": 0.57,
                                "Total Cost": 5214.09,
                                "Plan Rows": 1479,
                                "Plan Width": 24,
                                "Actual Startup Time": 0.205,
                                "Actual Total Time": 43.38,
                                "Actual Rows": 1574,
                                "Actual Loops": 1,
                                "Output": [
                                    "id",
                                    "flg_0",
                                    "flg_1",
                                    "flg_2",
                                    "flg_3",
                                    "flg_4",
                                    "flg_5",
                                    "flg_6",
                                    "flg_7",
                                    "flg_8",
                                    "flg_9",
                                    "flg_10",
                                    "flg_11",
                                    "flg_12",
                                    "flg_13",
                                    "flg_14",
                                    "flg_15"
                                ],
                                "Index Cond": "((django_enum_tests_benchmark_booltester015.flg_0 = false) AND (django_enum_tests_benchmark_booltester015.flg_1 = true) AND (django_enum_tests_benchmark_booltester015.flg_2 = false) AND (django_enum_tests_benchmark_booltester015.flg_3 = false) AND (django_enum_tests_benchmark_booltester015.flg_4 = true) AND (django_enum_tests_benchmark_booltester015.flg_5 = true) AND (django_enum_tests_benchmark_booltester015.flg_6 = true) AND (django_enum_tests_benchmark_booltester015.flg_7 = false) AND (django_enum_tests_benchmark_booltester015.flg_8 = true) AND (django_enum_tests_benchmark_booltester015.flg_9 = true) AND (django_enum_tests_benchmark_booltester015.flg_10 = false) AND (django_enum_tests_benchmark_booltester015.flg_11 = false) AND (django_enum_tests_benchmark_booltester015.flg_12 = true) AND (django_enum_tests_benchmark_booltester015.flg_13 = true) AND (django_enum_tests_benchmark_booltester015.flg_14 = false) AND (django_enum_tests_benchmark_booltester015.flg_15 = true))",
                                "Rows Removed by Index Recheck": 0,
                                "Shared Hit Blocks": 323,
                                "Shared Read Blocks": 1255,
                                "Shared Dirtied Blocks": 0,
                                "Shared Written Blocks": 37,
                                "Local Hit Blocks": 0,
                                "Local Read Blocks": 0,
                                "Local Dirtied Blocks": 0,
                                "Local Written Blocks": 0,
                                "Temp Read Blocks": 0,
                                "Temp Written Blocks": 0,
                                "WAL Records": 0,
                                "WAL FPI": 0,
                                "WAL Bytes": 0
                            },
                            "Settings": {},
                            "Planning": {
                                "Shared Hit Blocks": 0,
                                "Shared Read Blocks": 0,
                                "Shared Dirtied Blocks": 0,
                                "Shared Written Blocks": 0,
                                "Local Hit Blocks": 0,
                                "Local Read Blocks": 0,
                                "Local Dirtied Blocks": 0,
                                "Local Written Blocks": 0,
                                "Temp Read Blocks": 0,
                                "Temp Written Blocks": 0
                            },
                            "Planning Time": 0.034,
                            "Triggers": [],
                            "Execution Time": 43.427
                        },
                        "all_ftr_time": 20.757294099999996,
                        "any_ftr_time": 14.8178314,
                        "exact_ftr_time": 0.04290000000000001
                    }
                }
            }
        },
        "postgresql": {
            "[FLAG] No Index": {
                "16": {
                    "10": {
                        "all_time": 0.00061933733522892,
                        "any_time": 0.0004052460892125964,
                        "exact_time": 0.0003722331952303648,
                        "table_size": 24576.0,
                        "index_time": 3.500143066048622e-06,
                        "all_explanation": {
                            "Plan": {
                                "Node Type": "Seq Scan",
                                "Parallel Aware": false,
                                "Async Capable": false,
                                "Relation Name": "tests_benchmark_flagtester015",
                                "Schema": "public",
                                "Alias": "tests_benchmark_flagtester015",
                                "Startup Cost": 0.0,
                                "Total Cost": 1.17,
                                "Plan Rows": 1,
                                "Plan Width": 12,
                                "Actual Startup Time": 0.002,
                                "Actual Total Time": 0.002,
                                "Actual Rows": 0,
                                "Actual Loops": 1,
                                "Output": [
                                    "id",
                                    "flags"
                                ],
                                "Filter": "((tests_benchmark_flagtester015.flags & 51933) = 51933)",
                                "Rows Removed by Filter": 11,
                                "Shared Hit Blocks": 1,
                                "Shared Read Blocks": 0,
                                "Shared Dirtied Blocks": 0,
                                "Shared Written Blocks": 0,
                                "Local Hit Blocks": 0,
                                "Local Read Blocks": 0,
                                "Local Dirtied Blocks": 0,
                                "Local Written Blocks": 0,
                                "Temp Read Blocks": 0,
                                "Temp Written Blocks": 0,
                                "WAL Records": 0,
                                "WAL FPI": 0,
                                "WAL Bytes": 0
                            },
                            "Settings": {},
                            "Planning": {
                                "Shared Hit Blocks": 0,
                                "Shared Read Blocks": 0,
                                "Shared Dirtied Blocks": 0,
                                "Shared Written Blocks": 0,
                                "Local Hit Blocks": 0,
                                "Local Read Blocks": 0,
                                "Local Dirtied Blocks": 0,
                                "Local Written Blocks": 0,
                                "Temp Read Blocks": 0,
                                "Temp Written Blocks": 0
                            },
                            "Planning Time": 0.007,
                            "Triggers": [],
                            "Execution Time": 0.004
                        },
                        "any_explanation": {
                            "Plan": {
                                "Node Type": "Seq Scan",
                                "Parallel Aware": false,
                                "Async Capable": false,
                                "Relation Name": "tests_benchmark_flagtester015",
                                "Schema": "public",
                                "Alias": "tests_benchmark_flagtester015",
                                "Startup Cost": 0.0,
                                "Total Cost": 1.17,
                                "Plan Rows": 4,
                                "Plan Width": 12,
                                "Actual Startup Time": 0.001,
                                "Actual Total Time": 0.002,
                                "Actual Rows": 11,
                                "Actual Loops": 1,
                                "Output": [
                                    "id",
                                    "flags"
                                ],
                                "Filter": "((tests_benchmark_flagtester015.flags & 51933) > 0)",
                                "Rows Removed by Filter": 0,
                                "Shared Hit Blocks": 1,
                                "Shared Read Blocks": 0,
                                "Shared Dirtied Blocks": 0,
                                "Shared Written Blocks": 0,
                                "Local Hit Blocks": 0,
                                "Local Read Blocks": 0,
                                "Local Dirtied Blocks": 0,
                                "Local Written Blocks": 0,
                                "Temp Read Blocks": 0,
                                "Temp Written Blocks": 0,
                                "WAL Records": 0,
                                "WAL FPI": 0,
                                "WAL Bytes": 0
                            },
                            "Settings": {},
                            "Planning": {
                                "Shared Hit Blocks": 0,
                                "Shared Read Blocks": 0,
                                "Shared Dirtied Blocks": 0,
                                "Shared Written Blocks": 0,
                                "Local Hit Blocks": 0,
                                "Local Read Blocks": 0,
                                "Local Dirtied Blocks": 0,
                                "Local Written Blocks": 0,
                                "Temp Read Blocks": 0,
                                "Temp Written Blocks": 0
                            },
                            "Planning Time": 0.006,
                            "Triggers": [],
                            "Execution Time": 0.003
                        },
                        "exact_explanation": {
                            "Plan": {
                                "Node Type": "Seq Scan",
                                "Parallel Aware": false,
                                "Async Capable": false,
                                "Relation Name": "tests_benchmark_flagtester015",
                                "Schema": "public",
                                "Alias": "tests_benchmark_flagtester015",
                                "Startup Cost": 0.0,
                                "Total Cost": 1.14,
                                "Plan Rows": 1,
                                "Plan Width": 12,
                                "Actual Startup Time": 0.001,
                                "Actual Total Time": 0.001,
                                "Actual Rows": 0,
                                "Actual Loops": 1,
                                "Output": [
                                    "id",
                                    "flags"
                                ],
                                "Filter": "(tests_benchmark_flagtester015.flags = 51933)",
                                "Rows Removed by Filter": 11,
                                "Shared Hit Blocks": 1,
                                "Shared Read Blocks": 0,
                                "Shared Dirtied Blocks": 0,
                                "Shared Written Blocks": 0,
                                "Local Hit Blocks": 0,
                                "Local Read Blocks": 0,
                                "Local Dirtied Blocks": 0,
                                "Local Written Blocks": 0,
                                "Temp Read Blocks": 0,
                                "Temp Written Blocks": 0,
                                "WAL Records": 0,
                                "WAL FPI": 0,
                                "WAL Bytes": 0
                            },
                            "Settings": {},
                            "Planning": {
                                "Shared Hit Blocks": 0,
                                "Shared Read Blocks": 0,
                                "Shared Dirtied Blocks": 0,
                                "Shared Written Blocks": 0,
                                "Local Hit Blocks": 0,
                                "Local Read Blocks": 0,
                                "Local Dirtied Blocks": 0,
                                "Local Written Blocks": 0,
                                "Temp Read Blocks": 0,
                                "Temp Written Blocks": 0
                            },
                            "Planning Time": 0.005,
                            "Triggers": [],
                            "Execution Time": 0.003
                        },
                        "all_ftr_time": 3.3e-06,
                        "any_ftr_time": 3.3e-06,
                        "exact_ftr_time": 2.9e-06
                    },
                    "100": {
                        "all_time": 0.0005498125217854976,
                        "any_time": 0.00046029575169086455,
                        "exact_time": 0.00043444184120744467,
                        "table_size": 24576.0,
                        "index_time": 8.749775588512421e-07,
                        "all_explanation": {
                            "Plan": {
                                "Node Type": "Seq Scan",
                                "Parallel Aware": false,
                                "Async Capable": false,
                                "Relation Name": "tests_benchmark_flagtester015",
                                "Schema": "public",
                                "Alias": "tests_benchmark_flagtester015",
                                "Startup Cost": 0.0,
                                "Total Cost": 2.51,
                                "Plan Rows": 1,
                                "Plan Width": 12,
                                "Actual Startup Time": 0.005,
                                "Actual Total Time": 0.005,
                                "Actual Rows": 0,
                                "Actual Loops": 1,
                                "Output": [
                                    "id",
                                    "flags"
                                ],
                                "Filter": "((tests_benchmark_flagtester015.flags & 61762) = 61762)",
                                "Rows Removed by Filter": 101,
                                "Shared Hit Blocks": 1,
                                "Shared Read Blocks": 0,
                                "Shared Dirtied Blocks": 0,
                                "Shared Written Blocks": 0,
                                "Local Hit Blocks": 0,
                                "Local Read Blocks": 0,
                                "Local Dirtied Blocks": 0,
                                "Local Written Blocks": 0,
                                "Temp Read Blocks": 0,
                                "Temp Written Blocks": 0,
                                "WAL Records": 0,
                                "WAL FPI": 0,
                                "WAL Bytes": 0
                            },
                            "Settings": {},
                            "Planning": {
                                "Shared Hit Blocks": 0,
                                "Shared Read Blocks": 0,
                                "Shared Dirtied Blocks": 0,
                                "Shared Written Blocks": 0,
                                "Local Hit Blocks": 0,
                                "Local Read Blocks": 0,
                                "Local Dirtied Blocks": 0,
                                "Local Written Blocks": 0,
                                "Temp Read Blocks": 0,
                                "Temp Written Blocks": 0
                            },
                            "Planning Time": 0.007,
                            "Triggers": [],
                            "Execution Time": 0.006
                        },
                        "any_explanation": {
                            "Plan": {
                                "Node Type": "Seq Scan",
                                "Parallel Aware": false,
                                "Async Capable": false,
                                "Relation Name": "tests_benchmark_flagtester015",
                                "Schema": "public",
                                "Alias": "tests_benchmark_flagtester015",
                                "Startup Cost": 0.0,
                                "Total Cost": 2.51,
                                "Plan Rows": 34,
                                "Plan Width": 12,
                                "Actual Startup Time": 0.001,
                                "Actual Total Time": 0.006,
                                "Actual Rows": 100,
                                "Actual Loops": 1,
                                "Output": [
                                    "id",
                                    "flags"
                                ],
                                "Filter": "((tests_benchmark_flagtester015.flags & 61762) > 0)",
                                "Rows Removed by Filter": 1,
                                "Shared Hit Blocks": 1,
                                "Shared Read Blocks": 0,
                                "Shared Dirtied Blocks": 0,
                                "Shared Written Blocks": 0,
                                "Local Hit Blocks": 0,
                                "Local Read Blocks": 0,
                                "Local Dirtied Blocks": 0,
                                "Local Written Blocks": 0,
                                "Temp Read Blocks": 0,
                                "Temp Written Blocks": 0,
                                "WAL Records": 0,
                                "WAL FPI": 0,
                                "WAL Bytes": 0
                            },
                            "Settings": {},
                            "Planning": {
                                "Shared Hit Blocks": 0,
                                "Shared Read Blocks": 0,
                                "Shared Dirtied Blocks": 0,
                                "Shared Written Blocks": 0,
                                "Local Hit Blocks": 0,
                                "Local Read Blocks": 0,
                                "Local Dirtied Blocks": 0,
                                "Local Written Blocks": 0,
                                "Temp Read Blocks": 0,
                                "Temp Written Blocks": 0
                            },
                            "Planning Time": 0.005,
                            "Triggers": [],
                            "Execution Time": 0.009
                        },
                        "exact_explanation": {
                            "Plan": {
                                "Node Type": "Seq Scan",
                                "Parallel Aware": false,
                                "Async Capable": false,
                                "Relation Name": "tests_benchmark_flagtester015",
                                "Schema": "public",
                                "Alias": "tests_benchmark_flagtester015",
                                "Startup Cost": 0.0,
                                "Total Cost": 2.26,
                                "Plan Rows": 1,
                                "Plan Width": 12,
                                "Actual Startup Time": 0.004,
                                "Actual Total Time": 0.004,
                                "Actual Rows": 0,
                                "Actual Loops": 1,
                                "Output": [
                                    "id",
                                    "flags"
                                ],
                                "Filter": "(tests_benchmark_flagtester015.flags = 61762)",
                                "Rows Removed by Filter": 101,
                                "Shared Hit Blocks": 1,
                                "Shared Read Blocks": 0,
                                "Shared Dirtied Blocks": 0,
                                "Shared Written Blocks": 0,
                                "Local Hit Blocks": 0,
                                "Local Read Blocks": 0,
                                "Local Dirtied Blocks": 0,
                                "Local Written Blocks": 0,
                                "Temp Read Blocks": 0,
                                "Temp Written Blocks": 0,
                                "WAL Records": 0,
                                "WAL FPI": 0,
                                "WAL Bytes": 0
                            },
                            "Settings": {},
                            "Planning": {
                                "Shared Hit Blocks": 0,
                                "Shared Read Blocks": 0,
                                "Shared Dirtied Blocks": 0,
                                "Shared Written Blocks": 0,
                                "Local Hit Blocks": 0,
                                "Local Read Blocks": 0,
                                "Local Dirtied Blocks": 0,
                                "Local Written Blocks": 0,
                                "Temp Read Blocks": 0,
                                "Temp Written Blocks": 0
                            },
                            "Planning Time": 0.005,
                            "Triggers": [],
                            "Execution Time": 0.005
                        },
                        "all_ftr_time": 5.9e-06,
                        "any_ftr_time": 9.1e-06,
                        "exact_ftr_time": 5.3e-06
                    },
                    "1000": {
                        "all_time": 0.0005451207049190998,
                        "any_time": 0.0004731832072138786,
                        "exact_time": 0.00042642515618354084,
                        "table_size": 90112.0,
                        "index_time": 8.749775588512421e-07,
                        "all_explanation": {
                            "Plan": {
                                "Node Type": "Seq Scan",
                                "Parallel Aware": false,
                                "Async Capable": false,
                                "Relation Name": "tests_benchmark_flagtester015",
                                "Schema": "public",
                                "Alias": "tests_benchmark_flagtester015",
                                "Startup Cost": 0.0,
                                "Total Cost": 21.02,
                                "Plan Rows": 5,
                                "Plan Width": 12,
                                "Actual Startup Time": 0.003,
                                "Actual Total Time": 0.036,
                                "Actual Rows": 18,
                                "Actual Loops": 1,
                                "Output": [
                                    "id",
                                    "flags"
                                ],
                                "Filter": "((tests_benchmark_flagtester015.flags & 33605) = 33605)",
                                "Rows Removed by Filter": 983,
                                "Shared Hit Blocks": 6,
                                "Shared Read Blocks": 0,
                                "Shared Dirtied Blocks": 0,
                                "Shared Written Blocks": 0,
                                "Local Hit Blocks": 0,
                                "Local Read Blocks": 0,
                                "Local Dirtied Blocks": 0,
                                "Local Written Blocks": 0,
                                "Temp Read Blocks": 0,
                                "Temp Written Blocks": 0,
                                "WAL Records": 0,
                                "WAL FPI": 0,
                                "WAL Bytes": 0
                            },
                            "Settings": {},
                            "Planning": {
                                "Shared Hit Blocks": 0,
                                "Shared Read Blocks": 0,
                                "Shared Dirtied Blocks": 0,
                                "Shared Written Blocks": 0,
                                "Local Hit Blocks": 0,
                                "Local Read Blocks": 0,
                                "Local Dirtied Blocks": 0,
                                "Local Written Blocks": 0,
                                "Temp Read Blocks": 0,
                                "Temp Written Blocks": 0
                            },
                            "Planning Time": 0.007,
                            "Triggers": [],
                            "Execution Time": 0.038
                        },
                        "any_explanation": {
                            "Plan": {
                                "Node Type": "Seq Scan",
                                "Parallel Aware": false,
                                "Async Capable": false,
                                "Relation Name": "tests_benchmark_flagtester015",
                                "Schema": "public",
                                "Alias": "tests_benchmark_flagtester015",
                                "Startup Cost": 0.0,
                                "Total Cost": 21.02,
                                "Plan Rows": 334,
                                "Plan Width": 12,
                                "Actual Startup Time": 0.002,
                                "Actual Total Time": 0.045,
                                "Actual Rows": 978,
                                "Actual Loops": 1,
                                "Output": [
                                    "id",
                                    "flags"
                                ],
                                "Filter": "((tests_benchmark_flagtester015.flags & 33605) > 0)",
                                "Rows Removed by Filter": 23,
                                "Shared Hit Blocks": 6,
                                "Shared Read Blocks": 0,
                                "Shared Dirtied Blocks": 0,
                                "Shared Written Blocks": 0,
                                "Local Hit Blocks": 0,
                                "Local Read Blocks": 0,
                                "Local Dirtied Blocks": 0,
                                "Local Written Blocks": 0,
                                "Temp Read Blocks": 0,
                                "Temp Written Blocks": 0,
                                "WAL Records": 0,
                                "WAL FPI": 0,
                                "WAL Bytes": 0
                            },
                            "Settings": {},
                            "Planning": {
                                "Shared Hit Blocks": 0,
                                "Shared Read Blocks": 0,
                                "Shared Dirtied Blocks": 0,
                                "Shared Written Blocks": 0,
                                "Local Hit Blocks": 0,
                                "Local Read Blocks": 0,
                                "Local Dirtied Blocks": 0,
                                "Local Written Blocks": 0,
                                "Temp Read Blocks": 0,
                                "Temp Written Blocks": 0
                            },
                            "Planning Time": 0.005,
                            "Triggers": [],
                            "Execution Time": 0.067
                        },
                        "exact_explanation": {
                            "Plan": {
                                "Node Type": "Seq Scan",
                                "Parallel Aware": false,
                                "Async Capable": false,
                                "Relation Name": "tests_benchmark_flagtester015",
                                "Schema": "public",
                                "Alias": "tests_benchmark_flagtester015",
                                "Startup Cost": 0.0,
                                "Total Cost": 18.51,
                                "Plan Rows": 5,
                                "Plan Width": 12,
                                "Actual Startup Time": 0.037,
                                "Actual Total Time": 0.037,
                                "Actual Rows": 0,
                                "Actual Loops": 1,
                                "Output": [
                                    "id",
                                    "flags"
                                ],
                                "Filter": "(tests_benchmark_flagtester015.flags = 33605)",
                                "Rows Removed by Filter": 1001,
                                "Shared Hit Blocks": 6,
                                "Shared Read Blocks": 0,
                                "Shared Dirtied Blocks": 0,
                                "Shared Written Blocks": 0,
                                "Local Hit Blocks": 0,
                                "Local Read Blocks": 0,
                                "Local Dirtied Blocks": 0,
                                "Local Written Blocks": 0,
                                "Temp Read Blocks": 0,
                                "Temp Written Blocks": 0,
                                "WAL Records": 0,
                                "WAL FPI": 0,
                                "WAL Bytes": 0
                            },
                            "Settings": {},
                            "Planning": {
                                "Shared Hit Blocks": 0,
                                "Shared Read Blocks": 0,
                                "Shared Dirtied Blocks": 0,
                                "Shared Written Blocks": 0,
                                "Local Hit Blocks": 0,
                                "Local Read Blocks": 0,
                                "Local Dirtied Blocks": 0,
                                "Local Written Blocks": 0,
                                "Temp Read Blocks": 0,
                                "Temp Written Blocks": 0
                            },
                            "Planning Time": 0.011,
                            "Triggers": [],
                            "Execution Time": 0.039
                        },
                        "all_ftr_time": 3.749999999999999e-05,
                        "any_ftr_time": 6.829999999999999e-05,
                        "exact_ftr_time": 3.61e-05
                    },
                    "10000": {
                        "all_time": 0.0009035122580826283,
                        "any_time": 0.0009850081522017717,
                        "exact_time": 0.0008476082934066653,
                        "table_size": 696320.0,
                        "index_time": 8.749775588512421e-07,
                        "all_explanation": {
                            "Plan": {
                                "Node Type": "Seq Scan",
                                "Parallel Aware": false,
                                "Async Capable": false,
                                "Relation Name": "tests_benchmark_flagtester015",
                                "Schema": "public",
                                "Alias": "tests_benchmark_flagtester015",
                                "Startup Cost": 0.0,
                                "Total Cost": 205.01,
                                "Plan Rows": 50,
                                "Plan Width": 12,
                                "Actual Startup Time": 0.007,
                                "Actual Total Time": 0.381,
                                "Actual Rows": 346,
                                "Actual Loops": 1,
                                "Output": [
                                    "id",
                                    "flags"
                                ],
                                "Filter": "((tests_benchmark_flagtester015.flags & 1681) = 1681)",
                                "Rows Removed by Filter": 9655,
                                "Shared Hit Blocks": 55,
                                "Shared Read Blocks": 0,
                                "Shared Dirtied Blocks": 0,
                                "Shared Written Blocks": 0,
                                "Local Hit Blocks": 0,
                                "Local Read Blocks": 0,
                                "Local Dirtied Blocks": 0,
                                "Local Written Blocks": 0,
                                "Temp Read Blocks": 0,
                                "Temp Written Blocks": 0,
                                "WAL Records": 0,
                                "WAL FPI": 0,
                                "WAL Bytes": 0
                            },
                            "Settings": {},
                            "Planning": {
                                "Shared Hit Blocks": 0,
                                "Shared Read Blocks": 0,
                                "Shared Dirtied Blocks": 0,
                                "Shared Written Blocks": 0,
                                "Local Hit Blocks": 0,
                                "Local Read Blocks": 0,
                                "Local Dirtied Blocks": 0,
                                "Local Written Blocks": 0,
                                "Temp Read Blocks": 0,
                                "Temp Written Blocks": 0
                            },
                            "Planning Time": 0.011,
                            "Triggers": [],
                            "Execution Time": 0.39
                        },
                        "any_explanation": {
                            "Plan": {
                                "Node Type": "Seq Scan",
                                "Parallel Aware": false,
                                "Async Capable": false,
                                "Relation Name": "tests_benchmark_flagtester015",
                                "Schema": "public",
                                "Alias": "tests_benchmark_flagtester015",
                                "Startup Cost": 0.0,
                                "Total Cost": 205.01,
                                "Plan Rows": 3334,
                                "Plan Width": 12,
                                "Actual Startup Time": 0.002,
                                "Actual Total Time": 0.492,
                                "Actual Rows": 9669,
                                "Actual Loops": 1,
                                "Output": [
                                    "id",
                                    "flags"
                                ],
                                "Filter": "((tests_benchmark_flagtester015.flags & 1681) > 0)",
                                "Rows Removed by Filter": 332,
                                "Shared Hit Blocks": 55,
                                "Shared Read Blocks": 0,
                                "Shared Dirtied Blocks": 0,
                                "Shared Written Blocks": 0,
                                "Local Hit Blocks": 0,
                                "Local Read Blocks": 0,
                                "Local Dirtied Blocks": 0,
                                "Local Written Blocks": 0,
                                "Temp Read Blocks": 0,
                                "Temp Written Blocks": 0,
                                "WAL Records": 0,
                                "WAL FPI": 0,
                                "WAL Bytes": 0
                            },
                            "Settings": {},
                            "Planning": {
                                "Shared Hit Blocks": 0,
                                "Shared Read Blocks": 0,
                                "Shared Dirtied Blocks": 0,
                                "Shared Written Blocks": 0,
                                "Local Hit Blocks": 0,
                                "Local Read Blocks": 0,
                                "Local Dirtied Blocks": 0,
                                "Local Written Blocks": 0,
                                "Temp Read Blocks": 0,
                                "Temp Written Blocks": 0
                            },
                            "Planning Time": 0.007,
                            "Triggers": [],
                            "Execution Time": 0.706
                        },
                        "exact_explanation": {
                            "Plan": {
                                "Node Type": "Seq Scan",
                                "Parallel Aware": false,
                                "Async Capable": false,
                                "Relation Name": "tests_benchmark_flagtester015",
                                "Schema": "public",
                                "Alias": "tests_benchmark_flagtester015",
                                "Startup Cost": 0.0,
                                "Total Cost": 180.01,
                                "Plan Rows": 50,
                                "Plan Width": 12,
                                "Actual Startup Time": 0.015,
                                "Actual Total Time": 0.341,
                                "Actual Rows": 1,
                                "Actual Loops": 1,
                                "Output": [
                                    "id",
                                    "flags"
                                ],
                                "Filter": "(tests_benchmark_flagtester015.flags = 1681)",
                                "Rows Removed by Filter": 10000,
                                "Shared Hit Blocks": 55,
                                "Shared Read Blocks": 0,
                                "Shared Dirtied Blocks": 0,
                                "Shared Written Blocks": 0,
                                "Local Hit Blocks": 0,
                                "Local Read Blocks": 0,
                                "Local Dirtied Blocks": 0,
                                "Local Written Blocks": 0,
                                "Temp Read Blocks": 0,
                                "Temp Written Blocks": 0,
                                "WAL Records": 0,
                                "WAL FPI": 0,
                                "WAL Bytes": 0
                            },
                            "Settings": {},
                            "Planning": {
                                "Shared Hit Blocks": 0,
                                "Shared Read Blocks": 0,
                                "Shared Dirtied Blocks": 0,
                                "Shared Written Blocks": 0,
                                "Local Hit Blocks": 0,
                                "Local Read Blocks": 0,
                                "Local Dirtied Blocks": 0,
                                "Local Written Blocks": 0,
                                "Temp Read Blocks": 0,
                                "Temp Written Blocks": 0
                            },
                            "Planning Time": 0.007,
                            "Triggers": [],
                            "Execution Time": 0.343
                        },
                        "all_ftr_time": 0.000378,
                        "any_ftr_time": 0.0007193999999999999,
                        "exact_ftr_time": 0.0003397
                    },
                    "100000": {
                        "all_time": 0.0046119750943034886,
                        "any_time": 0.005494737601839006,
                        "exact_time": 0.004317479021847248,
                        "table_size": 6692864.0,
                        "index_time": 7.499475032091141e-07,
                        "all_explanation": {
                            "Plan": {
                                "Node Type": "Seq Scan",
                                "Parallel Aware": false,
                                "Async Capable": false,
                                "Relation Name": "tests_benchmark_flagtester015",
                                "Schema": "public",
                                "Alias": "tests_benchmark_flagtester015",
                                "Startup Cost": 0.0,
                                "Total Cost": 2041.01,
                                "Plan Rows": 500,
                                "Plan Width": 12,
                                "Actual Startup Time": 0.006,
                                "Actual Total Time": 3.601,
                                "Actual Rows": 384,
                                "Actual Loops": 1,
                                "Output": [
                                    "id",
                                    "flags"
                                ],
                                "Filter": "((tests_benchmark_flagtester015.flags & 59555) = 59555)",
                                "Rows Removed by Filter": 99617,
                                "Shared Hit Blocks": 541,
                                "Shared Read Blocks": 0,
                                "Shared Dirtied Blocks": 0,
                                "Shared Written Blocks": 0,
                                "Local Hit Blocks": 0,
                                "Local Read Blocks": 0,
                                "Local Dirtied Blocks": 0,
                                "Local Written Blocks": 0,
                                "Temp Read Blocks": 0,
                                "Temp Written Blocks": 0,
                                "WAL Records": 0,
                                "WAL FPI": 0,
                                "WAL Bytes": 0
                            },
                            "Settings": {},
                            "Planning": {
                                "Shared Hit Blocks": 0,
                                "Shared Read Blocks": 0,
                                "Shared Dirtied Blocks": 0,
                                "Shared Written Blocks": 0,
                                "Local Hit Blocks": 0,
                                "Local Read Blocks": 0,
                                "Local Dirtied Blocks": 0,
                                "Local Written Blocks": 0,
                                "Temp Read Blocks": 0,
                                "Temp Written Blocks": 0
                            },
                            "Planning Time": 0.005,
                            "Triggers": [],
                            "Execution Time": 3.61
                        },
                        "any_explanation": {
                            "Plan": {
                                "Node Type": "Seq Scan",
                                "Parallel Aware": false,
                                "Async Capable": false,
                                "Relation Name": "tests_benchmark_flagtester015",
                                "Schema": "public",
                                "Alias": "tests_benchmark_flagtester015",
                                "Startup Cost": 0.0,
                                "Total Cost": 2041.01,
                                "Plan Rows": 33334,
                                "Plan Width": 12,
                                "Actual Startup Time": 0.002,
                                "Actual Total Time": 5.317,
                                "Actual Rows": 99619,
                                "Actual Loops": 1,
                                "Output": [
                                    "id",
                                    "flags"
                                ],
                                "Filter": "((tests_benchmark_flagtester015.flags & 59555) > 0)",
                                "Rows Removed by Filter": 382,
                                "Shared Hit Blocks": 541,
                                "Shared Read Blocks": 0,
                                "Shared Dirtied Blocks": 0,
                                "Shared Written Blocks": 0,
                                "Local Hit Blocks": 0,
                                "Local Read Blocks": 0,
                                "Local Dirtied Blocks": 0,
                                "Local Written Blocks": 0,
                                "Temp Read Blocks": 0,
                                "Temp Written Blocks": 0,
                                "WAL Records": 0,
                                "WAL FPI": 0,
                                "WAL Bytes": 0
                            },
                            "Settings": {},
                            "Planning": {
                                "Shared Hit Blocks": 0,
                                "Shared Read Blocks": 0,
                                "Shared Dirtied Blocks": 0,
                                "Shared Written Blocks": 0,
                                "Local Hit Blocks": 0,
                                "Local Read Blocks": 0,
                                "Local Dirtied Blocks": 0,
                                "Local Written Blocks": 0,
                                "Temp Read Blocks": 0,
                                "Temp Written Blocks": 0
                            },
                            "Planning Time": 0.005,
                            "Triggers": [],
                            "Execution Time": 7.704
                        },
                        "exact_explanation": {
                            "Plan": {
                                "Node Type": "Seq Scan",
                                "Parallel Aware": false,
                                "Async Capable": false,
                                "Relation Name": "tests_benchmark_flagtester015",
                                "Schema": "public",
                                "Alias": "tests_benchmark_flagtester015",
                                "Startup Cost": 0.0,
                                "Total Cost": 1791.01,
                                "Plan Rows": 500,
                                "Plan Width": 12,
                                "Actual Startup Time": 1.748,
                                "Actual Total Time": 3.453,
                                "Actual Rows": 1,
                                "Actual Loops": 1,
                                "Output": [
                                    "id",
                                    "flags"
                                ],
                                "Filter": "(tests_benchmark_flagtester015.flags = 59555)",
                                "Rows Removed by Filter": 100000,
                                "Shared Hit Blocks": 541,
                                "Shared Read Blocks": 0,
                                "Shared Dirtied Blocks": 0,
                                "Shared Written Blocks": 0,
                                "Local Hit Blocks": 0,
                                "Local Read Blocks": 0,
                                "Local Dirtied Blocks": 0,
                                "Local Written Blocks": 0,
                                "Temp Read Blocks": 0,
                                "Temp Written Blocks": 0,
                                "WAL Records": 0,
                                "WAL FPI": 0,
                                "WAL Bytes": 0
                            },
                            "Settings": {},
                            "Planning": {
                                "Shared Hit Blocks": 0,
                                "Shared Read Blocks": 0,
                                "Shared Dirtied Blocks": 0,
                                "Shared Written Blocks": 0,
                                "Local Hit Blocks": 0,
                                "Local Read Blocks": 0,
                                "Local Dirtied Blocks": 0,
                                "Local Written Blocks": 0,
                                "Temp Read Blocks": 0,
                                "Temp Written Blocks": 0
                            },
                            "Planning Time": 0.005,
                            "Triggers": [],
                            "Execution Time": 3.454
                        },
                        "all_ftr_time": 0.0034078000000000003,
                        "any_ftr_time": 0.006775099999999999,
                        "exact_ftr_time": 0.0032375
                    },
                    "1000000": {
                        "all_time": 0.018577891774475573,
                        "any_time": 0.022221908532083036,
                        "exact_time": 0.02052055411040783,
                        "table_size": 67108864.0,
                        "index_time": 1.166015863418579e-06,
                        "all_explanation": {
                            "Plan": {
                                "Node Type": "Gather",
                                "Parallel Aware": false,
                                "Async Capable": false,
                                "Startup Cost": 1000.0,
                                "Total Cost": 13156.01,
                                "Plan Rows": 5000,
                                "Plan Width": 12,
                                "Actual Startup Time": 0.071,
                                "Actual Total Time": 19.738,
                                "Actual Rows": 62391,
                                "Actual Loops": 1,
                                "Output": [
                                    "id",
                                    "flags"
                                ],
                                "Workers Planned": 2,
                                "Workers Launched": 2,
                                "Single Copy": false,
                                "Shared Hit Blocks": 4704,
                                "Shared Read Blocks": 702,
                                "Shared Dirtied Blocks": 0,
                                "Shared Written Blocks": 0,
                                "Local Hit Blocks": 0,
                                "Local Read Blocks": 0,
                                "Local Dirtied Blocks": 0,
                                "Local Written Blocks": 0,
                                "Temp Read Blocks": 0,
                                "Temp Written Blocks": 0,
                                "WAL Records": 0,
                                "WAL FPI": 0,
                                "WAL Bytes": 0,
                                "Plans": [
                                    {
                                        "Node Type": "Seq Scan",
                                        "Parent Relationship": "Outer",
                                        "Parallel Aware": true,
                                        "Async Capable": false,
                                        "Relation Name": "tests_benchmark_flagtester015",
                                        "Schema": "public",
                                        "Alias": "tests_benchmark_flagtester015",
                                        "Startup Cost": 0.0,
                                        "Total Cost": 11656.01,
                                        "Plan Rows": 2083,
                                        "Plan Width": 12,
                                        "Actual Startup Time": 0.025,
                                        "Actual Total Time": 13.828,
                                        "Actual Rows": 20797,
                                        "Actual Loops": 3,
                                        "Output": [
                                            "id",
                                            "flags"
                                        ],
                                        "Filter": "((tests_benchmark_flagtester015.flags & 34834) = 34834)",
                                        "Rows Removed by Filter": 312537,
                                        "Shared Hit Blocks": 4704,
                                        "Shared Read Blocks": 702,
                                        "Shared Dirtied Blocks": 0,
                                        "Shared Written Blocks": 0,
                                        "Local Hit Blocks": 0,
                                        "Local Read Blocks": 0,
                                        "Local Dirtied Blocks": 0,
                                        "Local Written Blocks": 0,
                                        "Temp Read Blocks": 0,
                                        "Temp Written Blocks": 0,
                                        "WAL Records": 0,
                                        "WAL FPI": 0,
                                        "WAL Bytes": 0,
                                        "Workers": [
                                            {
                                                "Worker Number": 0,
                                                "Actual Startup Time": 0.033,
                                                "Actual Total Time": 14.139,
                                                "Actual Rows": 20607,
                                                "Actual Loops": 1,
                                                "Shared Hit Blocks": 1630,
                                                "Shared Read Blocks": 162,
                                                "Shared Dirtied Blocks": 0,
                                                "Shared Written Blocks": 0,
                                                "Local Hit Blocks": 0,
                                                "Local Read Blocks": 0,
                                                "Local Dirtied Blocks": 0,
                                                "Local Written Blocks": 0,
                                                "Temp Read Blocks": 0,
                                                "Temp Written Blocks": 0,
                                                "WAL Records": 0,
                                                "WAL FPI": 0,
                                                "WAL Bytes": 0
                                            },
                                            {
                                                "Worker Number": 1,
                                                "Actual Startup Time": 0.034,
                                                "Actual Total Time": 14.091,
                                                "Actual Rows": 20619,
                                                "Actual Loops": 1,
                                                "Shared Hit Blocks": 1630,
                                                "Shared Read Blocks": 162,
                                                "Shared Dirtied Blocks": 0,
                                                "Shared Written Blocks": 0,
                                                "Local Hit Blocks": 0,
                                                "Local Read Blocks": 0,
                                                "Local Dirtied Blocks": 0,
                                                "Local Written Blocks": 0,
                                                "Temp Read Blocks": 0,
                                                "Temp Written Blocks": 0,
                                                "WAL Records": 0,
                                                "WAL FPI": 0,
                                                "WAL Bytes": 0
                                            }
                                        ]
                                    }
                                ]
                            },
                            "Settings": {},
                            "Planning": {
                                "Shared Hit Blocks": 0,
                                "Shared Read Blocks": 0,
                                "Shared Dirtied Blocks": 0,
                                "Shared Written Blocks": 0,
                                "Local Hit Blocks": 0,
                                "Local Read Blocks": 0,
                                "Local Dirtied Blocks": 0,
                                "Local Written Blocks": 0,
                                "Temp Read Blocks": 0,
                                "Temp Written Blocks": 0
                            },
                            "Planning Time": 0.028,
                            "Triggers": [],
                            "Execution Time": 21.159
                        },
                        "any_explanation": {
                            "Plan": {
                                "Node Type": "Seq Scan",
                                "Parallel Aware": false,
                                "Async Capable": false,
                                "Relation Name": "tests_benchmark_flagtester015",
                                "Schema": "public",
                                "Alias": "tests_benchmark_flagtester015",
                                "Startup Cost": 0.0,
                                "Total Cost": 20406.01,
                                "Plan Rows": 333334,
                                "Plan Width": 12,
                                "Actual Startup Time": 0.01,
                                "Actual Total Time": 46.131,
                                "Actual Rows": 937526,
                                "Actual Loops": 1,
                                "Output": [
                                    "id",
                                    "flags"
                                ],
                                "Filter": "((tests_benchmark_flagtester015.flags & 34834) > 0)",
                                "Rows Removed by Filter": 62475,
                                "Shared Hit Blocks": 4896,
                                "Shared Read Blocks": 510,
                                "Shared Dirtied Blocks": 0,
                                "Shared Written Blocks": 0,
                                "Local Hit Blocks": 0,
                                "Local Read Blocks": 0,
                                "Local Dirtied Blocks": 0,
                                "Local Written Blocks": 0,
                                "Temp Read Blocks": 0,
                                "Temp Written Blocks": 0,
                                "WAL Records": 0,
                                "WAL FPI": 0,
                                "WAL Bytes": 0
                            },
                            "Settings": {},
                            "Planning": {
                                "Shared Hit Blocks": 0,
                                "Shared Read Blocks": 0,
                                "Shared Dirtied Blocks": 0,
                                "Shared Written Blocks": 0,
                                "Local Hit Blocks": 0,
                                "Local Read Blocks": 0,
                                "Local Dirtied Blocks": 0,
                                "Local Written Blocks": 0,
                                "Temp Read Blocks": 0,
                                "Temp Written Blocks": 0
                            },
                            "Planning Time": 0.024,
                            "Triggers": [],
                            "Execution Time": 64.945
                        },
                        "exact_explanation": {
                            "Plan": {
                                "Node Type": "Gather",
                                "Parallel Aware": false,
                                "Async Capable": false,
                                "Startup Cost": 1000.0,
                                "Total Cost": 12114.34,
                                "Plan Rows": 5000,
                                "Plan Width": 12,
                                "Actual Startup Time": 0.335,
                                "Actual Total Time": 14.525,
                                "Actual Rows": 16,
                                "Actual Loops": 1,
                                "Output": [
                                    "id",
                                    "flags"
                                ],
                                "Workers Planned": 2,
                                "Workers Launched": 2,
                                "Single Copy": false,
                                "Shared Hit Blocks": 5024,
                                "Shared Read Blocks": 382,
                                "Shared Dirtied Blocks": 0,
                                "Shared Written Blocks": 0,
                                "Local Hit Blocks": 0,
                                "Local Read Blocks": 0,
                                "Local Dirtied Blocks": 0,
                                "Local Written Blocks": 0,
                                "Temp Read Blocks": 0,
                                "Temp Written Blocks": 0,
                                "WAL Records": 0,
                                "WAL FPI": 0,
                                "WAL Bytes": 0,
                                "Plans": [
                                    {
                                        "Node Type": "Seq Scan",
                                        "Parent Relationship": "Outer",
                                        "Parallel Aware": true,
                                        "Async Capable": false,
                                        "Relation Name": "tests_benchmark_flagtester015",
                                        "Schema": "public",
                                        "Alias": "tests_benchmark_flagtester015",
                                        "Startup Cost": 0.0,
                                        "Total Cost": 10614.34,
                                        "Plan Rows": 2083,
                                        "Plan Width": 12,
                                        "Actual Startup Time": 0.593,
                                        "Actual Total Time": 12.341,
                                        "Actual Rows": 5,
                                        "Actual Loops": 3,
                                        "Output": [
                                            "id",
                                            "flags"
                                        ],
                                        "Filter": "(tests_benchmark_flagtester015.flags = 34834)",
                                        "Rows Removed by Filter": 333328,
                                        "Shared Hit Blocks": 5024,
                                        "Shared Read Blocks": 382,
                                        "Shared Dirtied Blocks": 0,
                                        "Shared Written Blocks": 0,
                                        "Local Hit Blocks": 0,
                                        "Local Read Blocks": 0,
                                        "Local Dirtied Blocks": 0,
                                        "Local Written Blocks": 0,
                                        "Temp Read Blocks": 0,
                                        "Temp Written Blocks": 0,
                                        "WAL Records": 0,
                                        "WAL FPI": 0,
                                        "WAL Bytes": 0,
                                        "Workers": [
                                            {
                                                "Worker Number": 0,
                                                "Actual Startup Time": 0.53,
                                                "Actual Total Time": 11.692,
                                                "Actual Rows": 6,
                                                "Actual Loops": 1,
                                                "Shared Hit Blocks": 1622,
                                                "Shared Read Blocks": 38,
                                                "Shared Dirtied Blocks": 0,
                                                "Shared Written Blocks": 0,
                                                "Local Hit Blocks": 0,
                                                "Local Read Blocks": 0,
                                                "Local Dirtied Blocks": 0,
                                                "Local Written Blocks": 0,
                                                "Temp Read Blocks": 0,
                                                "Temp Written Blocks": 0,
                                                "WAL Records": 0,
                                                "WAL FPI": 0,
                                                "WAL Bytes": 0
                                            },
                                            {
                                                "Worker Number": 1,
                                                "Actual Startup Time": 0.96,
                                                "Actual Total Time": 11.741,
                                                "Actual Rows": 5,
                                                "Actual Loops": 1,
                                                "Shared Hit Blocks": 1620,
                                                "Shared Read Blocks": 44,
                                                "Shared Dirtied Blocks": 0,
                                                "Shared Written Blocks": 0,
                                                "Local Hit Blocks": 0,
                                                "Local Read Blocks": 0,
                                                "Local Dirtied Blocks": 0,
                                                "Local Written Blocks": 0,
                                                "Temp Read Blocks": 0,
                                                "Temp Written Blocks": 0,
                                                "WAL Records": 0,
                                                "WAL FPI": 0,
                                                "WAL Bytes": 0
                                            }
                                        ]
                                    }
                                ]
                            },
                            "Settings": {},
                            "Planning": {
                                "Shared Hit Blocks": 0,
                                "Shared Read Blocks": 0,
                                "Shared Dirtied Blocks": 0,
                                "Shared Written Blocks": 0,
                                "Local Hit Blocks": 0,
                                "Local Read Blocks": 0,
                                "Local Dirtied Blocks": 0,
                                "Local Written Blocks": 0,
                                "Temp Read Blocks": 0,
                                "Temp Written Blocks": 0
                            },
                            "Planning Time": 0.031,
                            "Triggers": [],
                            "Execution Time": 14.531
                        },
                        "all_ftr_time": 0.0169058,
                        "any_ftr_time": 0.07059369999999998,
                        "exact_ftr_time": 0.0156888
                    },
                    "2000000": {
                        "all_time": 0.03562195809790865,
                        "any_time": 0.04224346658447757,
                        "exact_time": 0.034148249856662004,
                        "table_size": 133169152.0,
                        "index_time": 1.937500201165676e-05,
                        "all_explanation": {
                            "Plan": {
                                "Node Type": "Gather",
                                "Parallel Aware": false,
                                "Async Capable": false,
                                "Startup Cost": 1000.0,
                                "Total Cost": 25311.01,
                                "Plan Rows": 10000,
                                "Plan Width": 12,
                                "Actual Startup Time": 0.061,
                                "Actual Total Time": 76.866,
                                "Actual Rows": 499792,
                                "Actual Loops": 1,
                                "Output": [
                                    "id",
                                    "flags"
                                ],
                                "Workers Planned": 2,
                                "Workers Launched": 2,
                                "Single Copy": false,
                                "Shared Hit Blocks": 4800,
                                "Shared Read Blocks": 6011,
                                "Shared Dirtied Blocks": 0,
                                "Shared Written Blocks": 0,
                                "Local Hit Blocks": 0,
                                "Local Read Blocks": 0,
                                "Local Dirtied Blocks": 0,
                                "Local Written Blocks": 0,
                                "Temp Read Blocks": 0,
                                "Temp Written Blocks": 0,
                                "WAL Records": 0,
                                "WAL FPI": 0,
                                "WAL Bytes": 0,
                                "Plans": [
                                    {
                                        "Node Type": "Seq Scan",
                                        "Parent Relationship": "Outer",
                                        "Parallel Aware": true,
                                        "Async Capable": false,
                                        "Relation Name": "tests_benchmark_flagtester015",
                                        "Schema": "public",
                                        "Alias": "tests_benchmark_flagtester015",
                                        "Startup Cost": 0.0,
                                        "Total Cost": 23311.01,
                                        "Plan Rows": 4167,
                                        "Plan Width": 12,
                                        "Actual Startup Time": 0.019,
                                        "Actual Total Time": 31.27,
                                        "Actual Rows": 166597,
                                        "Actual Loops": 3,
                                        "Output": [
                                            "id",
                                            "flags"
                                        ],
                                        "Filter": "((tests_benchmark_flagtester015.flags & 16388) = 16388)",
                                        "Rows Removed by Filter": 500070,
                                        "Shared Hit Blocks": 4800,
                                        "Shared Read Blocks": 6011,
                                        "Shared Dirtied Blocks": 0,
                                        "Shared Written Blocks": 0,
                                        "Local Hit Blocks": 0,
                                        "Local Read Blocks": 0,
                                        "Local Dirtied Blocks": 0,
                                        "Local Written Blocks": 0,
                                        "Temp Read Blocks": 0,
                                        "Temp Written Blocks": 0,
                                        "WAL Records": 0,
                                        "WAL FPI": 0,
                                        "WAL Bytes": 0,
                                        "Workers": [
                                            {
                                                "Worker Number": 0,
                                                "Actual Startup Time": 0.021,
                                                "Actual Total Time": 38.406,
                                                "Actual Rows": 203234,
                                                "Actual Loops": 1,
                                                "Shared Hit Blocks": 2001,
                                                "Shared Read Blocks": 2392,
                                                "Shared Dirtied Blocks": 0,
                                                "Shared Written Blocks": 0,
                                                "Local Hit Blocks": 0,
                                                "Local Read Blocks": 0,
                                                "Local Dirtied Blocks": 0,
                                                "Local Written Blocks": 0,
                                                "Temp Read Blocks": 0,
                                                "Temp Written Blocks": 0,
                                                "WAL Records": 0,
                                                "WAL FPI": 0,
                                                "WAL Bytes": 0
                                            },
                                            {
                                                "Worker Number": 1,
                                                "Actual Startup Time": 0.029,
                                                "Actual Total Time": 38.984,
                                                "Actual Rows": 207699,
                                                "Actual Loops": 1,
                                                "Shared Hit Blocks": 2014,
                                                "Shared Read Blocks": 2480,
                                                "Shared Dirtied Blocks": 0,
                                                "Shared Written Blocks": 0,
                                                "Local Hit Blocks": 0,
                                                "Local Read Blocks": 0,
                                                "Local Dirtied Blocks": 0,
                                                "Local Written Blocks": 0,
                                                "Temp Read Blocks": 0,
                                                "Temp Written Blocks": 0,
                                                "WAL Records": 0,
                                                "WAL FPI": 0,
                                                "WAL Bytes": 0
                                            }
                                        ]
                                    }
                                ]
                            },
                            "Settings": {},
                            "Planning": {
                                "Shared Hit Blocks": 0,
                                "Shared Read Blocks": 0,
                                "Shared Dirtied Blocks": 0,
                                "Shared Written Blocks": 0,
                                "Local Hit Blocks": 0,
                                "Local Read Blocks": 0,
                                "Local Dirtied Blocks": 0,
                                "Local Written Blocks": 0,
                                "Temp Read Blocks": 0,
                                "Temp Written Blocks": 0
                            },
                            "Planning Time": 0.03,
                            "Triggers": [],
                            "Execution Time": 87.798
                        },
                        "any_explanation": {
                            "Plan": {
                                "Node Type": "Seq Scan",
                                "Parallel Aware": false,
                                "Async Capable": false,
                                "Relation Name": "tests_benchmark_flagtester015",
                                "Schema": "public",
                                "Alias": "tests_benchmark_flagtester015",
                                "Startup Cost": 0.0,
                                "Total Cost": 40811.01,
                                "Plan Rows": 666667,
                                "Plan Width": 12,
                                "Actual Startup Time": 0.012,
                                "Actual Total Time": 95.916,
                                "Actual Rows": 1499195,
                                "Actual Loops": 1,
                                "Output": [
                                    "id",
                                    "flags"
                                ],
                                "Filter": "((tests_benchmark_flagtester015.flags & 16388) > 0)",
                                "Rows Removed by Filter": 500806,
                                "Shared Hit Blocks": 4992,
                                "Shared Read Blocks": 5819,
                                "Shared Dirtied Blocks": 0,
                                "Shared Written Blocks": 0,
                                "Local Hit Blocks": 0,
                                "Local Read Blocks": 0,
                                "Local Dirtied Blocks": 0,
                                "Local Written Blocks": 0,
                                "Temp Read Blocks": 0,
                                "Temp Written Blocks": 0,
                                "WAL Records": 0,
                                "WAL FPI": 0,
                                "WAL Bytes": 0
                            },
                            "Settings": {},
                            "Planning": {
                                "Shared Hit Blocks": 0,
                                "Shared Read Blocks": 0,
                                "Shared Dirtied Blocks": 0,
                                "Shared Written Blocks": 0,
                                "Local Hit Blocks": 0,
                                "Local Read Blocks": 0,
                                "Local Dirtied Blocks": 0,
                                "Local Written Blocks": 0,
                                "Temp Read Blocks": 0,
                                "Temp Written Blocks": 0
                            },
                            "Planning Time": 0.045,
                            "Triggers": [],
                            "Execution Time": 126.299
                        },
                        "exact_explanation": {
                            "Plan": {
                                "Node Type": "Gather",
                                "Parallel Aware": false,
                                "Async Capable": false,
                                "Startup Cost": 1000.0,
                                "Total Cost": 23227.67,
                                "Plan Rows": 10000,
                                "Plan Width": 12,
                                "Actual Startup Time": 1.19,
                                "Actual Total Time": 29.086,
                                "Actual Rows": 39,
                                "Actual Loops": 1,
                                "Output": [
                                    "id",
                                    "flags"
                                ],
                                "Workers Planned": 2,
                                "Workers Launched": 2,
                                "Single Copy": false,
                                "Shared Hit Blocks": 5120,
                                "Shared Read Blocks": 5691,
                                "Shared Dirtied Blocks": 0,
                                "Shared Written Blocks": 0,
                                "Local Hit Blocks": 0,
                                "Local Read Blocks": 0,
                                "Local Dirtied Blocks": 0,
                                "Local Written Blocks": 0,
                                "Temp Read Blocks": 0,
                                "Temp Written Blocks": 0,
                                "WAL Records": 0,
                                "WAL FPI": 0,
                                "WAL Bytes": 0,
                                "Plans": [
                                    {
                                        "Node Type": "Seq Scan",
                                        "Parent Relationship": "Outer",
                                        "Parallel Aware": true,
                                        "Async Capable": false,
                                        "Relation Name": "tests_benchmark_flagtester015",
                                        "Schema": "public",
                                        "Alias": "tests_benchmark_flagtester015",
                                        "Startup Cost": 0.0,
                                        "Total Cost": 21227.67,
                                        "Plan Rows": 4167,
                                        "Plan Width": 12,
                                        "Actual Startup Time": 1.756,
                                        "Actual Total Time": 26.397,
                                        "Actual Rows": 13,
                                        "Actual Loops": 3,
                                        "Output": [
                                            "id",
                                            "flags"
                                        ],
                                        "Filter": "(tests_benchmark_flagtester015.flags = 16388)",
                                        "Rows Removed by Filter": 666654,
                                        "Shared Hit Blocks": 5120,
                                        "Shared Read Blocks": 5691,
                                        "Shared Dirtied Blocks": 0,
                                        "Shared Written Blocks": 0,
                                        "Local Hit Blocks": 0,
                                        "Local Read Blocks": 0,
                                        "Local Dirtied Blocks": 0,
                                        "Local Written Blocks": 0,
                                        "Temp Read Blocks": 0,
                                        "Temp Written Blocks": 0,
                                        "WAL Records": 0,
                                        "WAL FPI": 0,
                                        "WAL Bytes": 0,
                                        "Workers": [
                                            {
                                                "Worker Number": 0,
                                                "Actual Startup Time": 0.796,
                                                "Actual Total Time": 25.471,
                                                "Actual Rows": 13,
                                                "Actual Loops": 1,
                                                "Shared Hit Blocks": 1637,
                                                "Shared Read Blocks": 1760,
                                                "Shared Dirtied Blocks": 0,
                                                "Shared Written Blocks": 0,
                                                "Local Hit Blocks": 0,
                                                "Local Read Blocks": 0,
                                                "Local Dirtied Blocks": 0,
                                                "Local Written Blocks": 0,
                                                "Temp Read Blocks": 0,
                                                "Temp Written Blocks": 0,
                                                "WAL Records": 0,
                                                "WAL FPI": 0,
                                                "WAL Bytes": 0
                                            },
                                            {
                                                "Worker Number": 1,
                                                "Actual Startup Time": 3.337,
                                                "Actual Total Time": 25.644,
                                                "Actual Rows": 8,
                                                "Actual Loops": 1,
                                                "Shared Hit Blocks": 1644,
                                                "Shared Read Blocks": 1800,
                                                "Shared Dirtied Blocks": 0,
                                                "Shared Written Blocks": 0,
                                                "Local Hit Blocks": 0,
                                                "Local Read Blocks": 0,
                                                "Local Dirtied Blocks": 0,
                                                "Local Written Blocks": 0,
                                                "Temp Read Blocks": 0,
                                                "Temp Written Blocks": 0,
                                                "WAL Records": 0,
                                                "WAL FPI": 0,
                                                "WAL Bytes": 0
                                            }
                                        ]
                                    }
                                ]
                            },
                            "Settings": {},
                            "Planning": {
                                "Shared Hit Blocks": 0,
                                "Shared Read Blocks": 0,
                                "Shared Dirtied Blocks": 0,
                                "Shared Written Blocks": 0,
                                "Local Hit Blocks": 0,
                                "Local Read Blocks": 0,
                                "Local Dirtied Blocks": 0,
                                "Local Written Blocks": 0,
                                "Temp Read Blocks": 0,
                                "Temp Written Blocks": 0
                            },
                            "Planning Time": 0.033,
                            "Triggers": [],
                            "Execution Time": 29.098
                        },
                        "all_ftr_time": 0.040077800000000004,
                        "any_ftr_time": 0.13731170000000004,
                        "exact_ftr_time": 0.0293853
                    },
                    "4000000": {
                        "all_time": 0.0663154625101015,
                        "any_time": 0.07892288760049268,
                        "exact_time": 0.06216870429925621,
                        "table_size": 267386880.0,
                        "index_time": 1.1166906915605068e-05,
                        "all_explanation": {
                            "Plan": {
                                "Node Type": "Gather",
                                "Parallel Aware": false,
                                "Async Capable": false,
                                "Startup Cost": 1000.0,
                                "Total Cost": 49622.01,
                                "Plan Rows": 20000,
                                "Plan Width": 12,
                                "Actual Startup Time": 0.073,
                                "Actual Total Time": 67.964,
                                "Actual Rows": 125360,
                                "Actual Loops": 1,
                                "Output": [
                                    "id",
                                    "flags"
                                ],
                                "Workers Planned": 2,
                                "Workers Launched": 2,
                                "Single Copy": false,
                                "Shared Hit Blocks": 4801,
                                "Shared Read Blocks": 16821,
                                "Shared Dirtied Blocks": 0,
                                "Shared Written Blocks": 0,
                                "Local Hit Blocks": 0,
                                "Local Read Blocks": 0,
                                "Local Dirtied Blocks": 0,
                                "Local Written Blocks": 0,
                                "Temp Read Blocks": 0,
                                "Temp Written Blocks": 0,
                                "WAL Records": 0,
                                "WAL FPI": 0,
                                "WAL Bytes": 0,
                                "Plans": [
                                    {
                                        "Node Type": "Seq Scan",
                                        "Parent Relationship": "Outer",
                                        "Parallel Aware": true,
                                        "Async Capable": false,
                                        "Relation Name": "tests_benchmark_flagtester015",
                                        "Schema": "public",
                                        "Alias": "tests_benchmark_flagtester015",
                                        "Startup Cost": 0.0,
                                        "Total Cost": 46622.01,
                                        "Plan Rows": 8333,
                                        "Plan Width": 12,
                                        "Actual Startup Time": 0.024,
                                        "Actual Total Time": 57.987,
                                        "Actual Rows": 41787,
                                        "Actual Loops": 3,
                                        "Output": [
                                            "id",
                                            "flags"
                                        ],
                                        "Filter": "((tests_benchmark_flagtester015.flags & 6786) = 6786)",
                                        "Rows Removed by Filter": 1291547,
                                        "Shared Hit Blocks": 4801,
                                        "Shared Read Blocks": 16821,
                                        "Shared Dirtied Blocks": 0,
                                        "Shared Written Blocks": 0,
                                        "Local Hit Blocks": 0,
                                        "Local Read Blocks": 0,
                                        "Local Dirtied Blocks": 0,
                                        "Local Written Blocks": 0,
                                        "Temp Read Blocks": 0,
                                        "Temp Written Blocks": 0,
                                        "WAL Records": 0,
                                        "WAL FPI": 0,
                                        "WAL Bytes": 0,
                                        "Workers": [
                                            {
                                                "Worker Number": 0,
                                                "Actual Startup Time": 0.033,
                                                "Actual Total Time": 58.954,
                                                "Actual Rows": 42285,
                                                "Actual Loops": 1,
                                                "Shared Hit Blocks": 1590,
                                                "Shared Read Blocks": 5683,
                                                "Shared Dirtied Blocks": 0,
                                                "Shared Written Blocks": 0,
                                                "Local Hit Blocks": 0,
                                                "Local Read Blocks": 0,
                                                "Local Dirtied Blocks": 0,
                                                "Local Written Blocks": 0,
                                                "Temp Read Blocks": 0,
                                                "Temp Written Blocks": 0,
                                                "WAL Records": 0,
                                                "WAL FPI": 0,
                                                "WAL Bytes": 0
                                            },
                                            {
                                                "Worker Number": 1,
                                                "Actual Startup Time": 0.03,
                                                "Actual Total Time": 59.267,
                                                "Actual Rows": 42457,
                                                "Actual Loops": 1,
                                                "Shared Hit Blocks": 1651,
                                                "Shared Read Blocks": 5695,
                                                "Shared Dirtied Blocks": 0,
                                                "Shared Written Blocks": 0,
                                                "Local Hit Blocks": 0,
                                                "Local Read Blocks": 0,
                                                "Local Dirtied Blocks": 0,
                                                "Local Written Blocks": 0,
                                                "Temp Read Blocks": 0,
                                                "Temp Written Blocks": 0,
                                                "WAL Records": 0,
                                                "WAL FPI": 0,
                                                "WAL Bytes": 0
                                            }
                                        ]
                                    }
                                ]
                            },
                            "Settings": {},
                            "Planning": {
                                "Shared Hit Blocks": 0,
                                "Shared Read Blocks": 0,
                                "Shared Dirtied Blocks": 0,
                                "Shared Written Blocks": 0,
                                "Local Hit Blocks": 0,
                                "Local Read Blocks": 0,
                                "Local Dirtied Blocks": 0,
                                "Local Written Blocks": 0,
                                "Temp Read Blocks": 0,
                                "Temp Written Blocks": 0
                            },
                            "Planning Time": 0.031,
                            "Triggers": [],
                            "Execution Time": 70.744
                        },
                        "any_explanation": {
                            "Plan": {
                                "Node Type": "Seq Scan",
                                "Parallel Aware": false,
                                "Async Capable": false,
                                "Relation Name": "tests_benchmark_flagtester015",
                                "Schema": "public",
                                "Alias": "tests_benchmark_flagtester015",
                                "Startup Cost": 0.0,
                                "Total Cost": 81622.01,
                                "Plan Rows": 1333334,
                                "Plan Width": 12,
                                "Actual Startup Time": 0.014,
                                "Actual Total Time": 200.119,
                                "Actual Rows": 3874971,
                                "Actual Loops": 1,
                                "Output": [
                                    "id",
                                    "flags"
                                ],
                                "Filter": "((tests_benchmark_flagtester015.flags & 6786) > 0)",
                                "Rows Removed by Filter": 125030,
                                "Shared Hit Blocks": 4993,
                                "Shared Read Blocks": 16629,
                                "Shared Dirtied Blocks": 0,
                                "Shared Written Blocks": 0,
                                "Local Hit Blocks": 0,
                                "Local Read Blocks": 0,
                                "Local Dirtied Blocks": 0,
                                "Local Written Blocks": 0,
                                "Temp Read Blocks": 0,
                                "Temp Written Blocks": 0,
                                "WAL Records": 0,
                                "WAL FPI": 0,
                                "WAL Bytes": 0
                            },
                            "Settings": {},
                            "Planning": {
                                "Shared Hit Blocks": 0,
                                "Shared Read Blocks": 0,
                                "Shared Dirtied Blocks": 0,
                                "Shared Written Blocks": 0,
                                "Local Hit Blocks": 0,
                                "Local Read Blocks": 0,
                                "Local Dirtied Blocks": 0,
                                "Local Written Blocks": 0,
                                "Temp Read Blocks": 0,
                                "Temp Written Blocks": 0
                            },
                            "Planning Time": 0.035,
                            "Triggers": [],
                            "Execution Time": 278.09
                        },
                        "exact_explanation": {
                            "Plan": {
                                "Node Type": "Gather",
                                "Parallel Aware": false,
                                "Async Capable": false,
                                "Startup Cost": 1000.0,
                                "Total Cost": 45455.34,
                                "Plan Rows": 20000,
                                "Plan Width": 12,
                                "Actual Startup Time": 4.315,
                                "Actual Total Time": 57.75,
                                "Actual Rows": 64,
                                "Actual Loops": 1,
                                "Output": [
                                    "id",
                                    "flags"
                                ],
                                "Workers Planned": 2,
                                "Workers Launched": 2,
                                "Single Copy": false,
                                "Shared Hit Blocks": 5121,
                                "Shared Read Blocks": 16501,
                                "Shared Dirtied Blocks": 0,
                                "Shared Written Blocks": 0,
                                "Local Hit Blocks": 0,
                                "Local Read Blocks": 0,
                                "Local Dirtied Blocks": 0,
                                "Local Written Blocks": 0,
                                "Temp Read Blocks": 0,
                                "Temp Written Blocks": 0,
                                "WAL Records": 0,
                                "WAL FPI": 0,
                                "WAL Bytes": 0,
                                "Plans": [
                                    {
                                        "Node Type": "Seq Scan",
                                        "Parent Relationship": "Outer",
                                        "Parallel Aware": true,
                                        "Async Capable": false,
                                        "Relation Name": "tests_benchmark_flagtester015",
                                        "Schema": "public",
                                        "Alias": "tests_benchmark_flagtester015",
                                        "Startup Cost": 0.0,
                                        "Total Cost": 42455.34,
                                        "Plan Rows": 8333,
                                        "Plan Width": 12,
                                        "Actual Startup Time": 2.967,
                                        "Actual Total Time": 55.475,
                                        "Actual Rows": 21,
                                        "Actual Loops": 3,
                                        "Output": [
                                            "id",
                                            "flags"
                                        ],
                                        "Filter": "(tests_benchmark_flagtester015.flags = 6786)",
                                        "Rows Removed by Filter": 1333312,
                                        "Shared Hit Blocks": 5121,
                                        "Shared Read Blocks": 16501,
                                        "Shared Dirtied Blocks": 0,
                                        "Shared Written Blocks": 0,
                                        "Local Hit Blocks": 0,
                                        "Local Read Blocks": 0,
                                        "Local Dirtied Blocks": 0,
                                        "Local Written Blocks": 0,
                                        "Temp Read Blocks": 0,
                                        "Temp Written Blocks": 0,
                                        "WAL Records": 0,
                                        "WAL FPI": 0,
                                        "WAL Bytes": 0,
                                        "Workers": [
                                            {
                                                "Worker Number": 0,
                                                "Actual Startup Time": 3.383,
                                                "Actual Total Time": 54.856,
                                                "Actual Rows": 22,
                                                "Actual Loops": 1,
                                                "Shared Hit Blocks": 1648,
                                                "Shared Read Blocks": 5409,
                                                "Shared Dirtied Blocks": 0,
                                                "Shared Written Blocks": 0,
                                                "Local Hit Blocks": 0,
                                                "Local Read Blocks": 0,
                                                "Local Dirtied Blocks": 0,
                                                "Local Written Blocks": 0,
                                                "Temp Read Blocks": 0,
                                                "Temp Written Blocks": 0,
                                                "WAL Records": 0,
                                                "WAL FPI": 0,
                                                "WAL Bytes": 0
                                            },
                                            {
                                                "Worker Number": 1,
                                                "Actual Startup Time": 1.253,
                                                "Actual Total Time": 54.792,
                                                "Actual Rows": 23,
                                                "Actual Loops": 1,
                                                "Shared Hit Blocks": 1639,
                                                "Shared Read Blocks": 5406,
                                                "Shared Dirtied Blocks": 0,
                                                "Shared Written Blocks": 0,
                                                "Local Hit Blocks": 0,
                                                "Local Read Blocks": 0,
                                                "Local Dirtied Blocks": 0,
                                                "Local Written Blocks": 0,
                                                "Temp Read Blocks": 0,
                                                "Temp Written Blocks": 0,
                                                "WAL Records": 0,
                                                "WAL FPI": 0,
                                                "WAL Bytes": 0
                                            }
                                        ]
                                    }
                                ]
                            },
                            "Settings": {},
                            "Planning": {
                                "Shared Hit Blocks": 0,
                                "Shared Read Blocks": 0,
                                "Shared Dirtied Blocks": 0,
                                "Shared Written Blocks": 0,
                                "Local Hit Blocks": 0,
                                "Local Read Blocks": 0,
                                "Local Dirtied Blocks": 0,
                                "Local Written Blocks": 0,
                                "Temp Read Blocks": 0,
                                "Temp Written Blocks": 0
                            },
                            "Planning Time": 0.032,
                            "Triggers": [],
                            "Execution Time": 57.759
                        },
                        "all_ftr_time": 0.0650008,
                        "any_ftr_time": 0.28217359999999997,
                        "exact_ftr_time": 0.059227100000000005
                    },
                    "6000000": {
                        "all_time": 0.09726356248138472,
                        "any_time": 0.11900002079783008,
                        "exact_time": 0.09375174143351614,
                        "table_size": 400556032.0,
                        "index_time": 1.0416959412395954e-05,
                        "all_explanation": {
                            "Plan": {
                                "Node Type": "Gather",
                                "Parallel Aware": false,
                                "Async Capable": false,
                                "Startup Cost": 1000.0,
                                "Total Cost": 73933.01,
                                "Plan Rows": 30000,
                                "Plan Width": 12,
                                "Actual Startup Time": 0.116,
                                "Actual Total Time": 90.418,
                                "Actual Rows": 11818,
                                "Actual Loops": 1,
                                "Output": [
                                    "id",
                                    "flags"
                                ],
                                "Workers Planned": 2,
                                "Workers Launched": 2,
                                "Single Copy": false,
                                "Shared Hit Blocks": 4768,
                                "Shared Read Blocks": 27665,
                                "Shared Dirtied Blocks": 0,
                                "Shared Written Blocks": 0,
                                "Local Hit Blocks": 0,
                                "Local Read Blocks": 0,
                                "Local Dirtied Blocks": 0,
                                "Local Written Blocks": 0,
                                "Temp Read Blocks": 0,
                                "Temp Written Blocks": 0,
                                "WAL Records": 0,
                                "WAL FPI": 0,
                                "WAL Bytes": 0,
                                "Plans": [
                                    {
                                        "Node Type": "Seq Scan",
                                        "Parent Relationship": "Outer",
                                        "Parallel Aware": true,
                                        "Async Capable": false,
                                        "Relation Name": "tests_benchmark_flagtester015",
                                        "Schema": "public",
                                        "Alias": "tests_benchmark_flagtester015",
                                        "Startup Cost": 0.0,
                                        "Total Cost": 69933.01,
                                        "Plan Rows": 12500,
                                        "Plan Width": 12,
                                        "Actual Startup Time": 0.058,
                                        "Actual Total Time": 87.407,
                                        "Actual Rows": 3939,
                                        "Actual Loops": 3,
                                        "Output": [
                                            "id",
                                            "flags"
                                        ],
                                        "Filter": "((tests_benchmark_flagtester015.flags & 43475) = 43475)",
                                        "Rows Removed by Filter": 1996061,
                                        "Shared Hit Blocks": 4768,
                                        "Shared Read Blocks": 27665,
                                        "Shared Dirtied Blocks": 0,
                                        "Shared Written Blocks": 0,
                                        "Local Hit Blocks": 0,
                                        "Local Read Blocks": 0,
                                        "Local Dirtied Blocks": 0,
                                        "Local Written Blocks": 0,
                                        "Temp Read Blocks": 0,
                                        "Temp Written Blocks": 0,
                                        "WAL Records": 0,
                                        "WAL FPI": 0,
                                        "WAL Bytes": 0,
                                        "Workers": [
                                            {
                                                "Worker Number": 0,
                                                "Actual Startup Time": 0.078,
                                                "Actual Total Time": 86.916,
                                                "Actual Rows": 3865,
                                                "Actual Loops": 1,
                                                "Shared Hit Blocks": 1529,
                                                "Shared Read Blocks": 9184,
                                                "Shared Dirtied Blocks": 0,
                                                "Shared Written Blocks": 0,
                                                "Local Hit Blocks": 0,
                                                "Local Read Blocks": 0,
                                                "Local Dirtied Blocks": 0,
                                                "Local Written Blocks": 0,
                                                "Temp Read Blocks": 0,
                                                "Temp Written Blocks": 0,
                                                "WAL Records": 0,
                                                "WAL FPI": 0,
                                                "WAL Bytes": 0
                                            },
                                            {
                                                "Worker Number": 1,
                                                "Actual Startup Time": 0.043,
                                                "Actual Total Time": 86.856,
                                                "Actual Rows": 3905,
                                                "Actual Loops": 1,
                                                "Shared Hit Blocks": 1539,
                                                "Shared Read Blocks": 9152,
                                                "Shared Dirtied Blocks": 0,
                                                "Shared Written Blocks": 0,
                                                "Local Hit Blocks": 0,
                                                "Local Read Blocks": 0,
                                                "Local Dirtied Blocks": 0,
                                                "Local Written Blocks": 0,
                                                "Temp Read Blocks": 0,
                                                "Temp Written Blocks": 0,
                                                "WAL Records": 0,
                                                "WAL FPI": 0,
                                                "WAL Bytes": 0
                                            }
                                        ]
                                    }
                                ]
                            },
                            "Settings": {},
                            "Planning": {
                                "Shared Hit Blocks": 0,
                                "Shared Read Blocks": 0,
                                "Shared Dirtied Blocks": 0,
                                "Shared Written Blocks": 0,
                                "Local Hit Blocks": 0,
                                "Local Read Blocks": 0,
                                "Local Dirtied Blocks": 0,
                                "Local Written Blocks": 0,
                                "Temp Read Blocks": 0,
                                "Temp Written Blocks": 0
                            },
                            "Planning Time": 0.031,
                            "Triggers": [],
                            "Execution Time": 90.694
                        },
                        "any_explanation": {
                            "Plan": {
                                "Node Type": "Seq Scan",
                                "Parallel Aware": false,
                                "Async Capable": false,
                                "Relation Name": "tests_benchmark_flagtester015",
                                "Schema": "public",
                                "Alias": "tests_benchmark_flagtester015",
                                "Startup Cost": 0.0,
                                "Total Cost": 122433.01,
                                "Plan Rows": 2000000,
                                "Plan Width": 12,
                                "Actual Startup Time": 0.015,
                                "Actual Total Time": 314.402,
                                "Actual Rows": 5988184,
                                "Actual Loops": 1,
                                "Output": [
                                    "id",
                                    "flags"
                                ],
                                "Filter": "((tests_benchmark_flagtester015.flags & 43475) > 0)",
                                "Rows Removed by Filter": 11817,
                                "Shared Hit Blocks": 4960,
                                "Shared Read Blocks": 27473,
                                "Shared Dirtied Blocks": 0,
                                "Shared Written Blocks": 0,
                                "Local Hit Blocks": 0,
                                "Local Read Blocks": 0,
                                "Local Dirtied Blocks": 0,
                                "Local Written Blocks": 0,
                                "Temp Read Blocks": 0,
                                "Temp Written Blocks": 0,
                                "WAL Records": 0,
                                "WAL FPI": 0,
                                "WAL Bytes": 0
                            },
                            "Settings": {},
                            "Planning": {
                                "Shared Hit Blocks": 0,
                                "Shared Read Blocks": 0,
                                "Shared Dirtied Blocks": 0,
                                "Shared Written Blocks": 0,
                                "Local Hit Blocks": 0,
                                "Local Read Blocks": 0,
                                "Local Dirtied Blocks": 0,
                                "Local Written Blocks": 0,
                                "Temp Read Blocks": 0,
                                "Temp Written Blocks": 0
                            },
                            "Planning Time": 0.031,
                            "Triggers": [],
                            "Execution Time": 435.605
                        },
                        "exact_explanation": {
                            "Plan": {
                                "Node Type": "Gather",
                                "Parallel Aware": false,
                                "Async Capable": false,
                                "Startup Cost": 1000.0,
                                "Total Cost": 64692.31,
                                "Plan Rows": 93,
                                "Plan Width": 12,
                                "Actual Startup Time": 1.561,
                                "Actual Total Time": 87.867,
                                "Actual Rows": 88,
                                "Actual Loops": 1,
                                "Output": [
                                    "id",
                                    "flags"
                                ],
                                "Workers Planned": 2,
                                "Workers Launched": 2,
                                "Single Copy": false,
                                "Shared Hit Blocks": 5088,
                                "Shared Read Blocks": 27345,
                                "Shared Dirtied Blocks": 0,
                                "Shared Written Blocks": 0,
                                "Local Hit Blocks": 0,
                                "Local Read Blocks": 0,
                                "Local Dirtied Blocks": 0,
                                "Local Written Blocks": 0,
                                "Temp Read Blocks": 0,
                                "Temp Written Blocks": 0,
                                "WAL Records": 0,
                                "WAL FPI": 0,
                                "WAL Bytes": 0,
                                "Plans": [
                                    {
                                        "Node Type": "Seq Scan",
                                        "Parent Relationship": "Outer",
                                        "Parallel Aware": true,
                                        "Async Capable": false,
                                        "Relation Name": "tests_benchmark_flagtester015",
                                        "Schema": "public",
                                        "Alias": "tests_benchmark_flagtester015",
                                        "Startup Cost": 0.0,
                                        "Total Cost": 63683.01,
                                        "Plan Rows": 39,
                                        "Plan Width": 12,
                                        "Actual Startup Time": 2.224,
                                        "Actual Total Time": 85.325,
                                        "Actual Rows": 29,
                                        "Actual Loops": 3,
                                        "Output": [
                                            "id",
                                            "flags"
                                        ],
                                        "Filter": "(tests_benchmark_flagtester015.flags = 43475)",
                                        "Rows Removed by Filter": 1999971,
                                        "Shared Hit Blocks": 5088,
                                        "Shared Read Blocks": 27345,
                                        "Shared Dirtied Blocks": 0,
                                        "Shared Written Blocks": 0,
                                        "Local Hit Blocks": 0,
                                        "Local Read Blocks": 0,
                                        "Local Dirtied Blocks": 0,
                                        "Local Written Blocks": 0,
                                        "Temp Read Blocks": 0,
                                        "Temp Written Blocks": 0,
                                        "WAL Records": 0,
                                        "WAL FPI": 0,
                                        "WAL Bytes": 0,
                                        "Workers": [
                                            {
                                                "Worker Number": 0,
                                                "Actual Startup Time": 0.119,
                                                "Actual Total Time": 84.567,
                                                "Actual Rows": 36,
                                                "Actual Loops": 1,
                                                "Shared Hit Blocks": 1631,
                                                "Shared Read Blocks": 9008,
                                                "Shared Dirtied Blocks": 0,
                                                "Shared Written Blocks": 0,
                                                "Local Hit Blocks": 0,
                                                "Local Read Blocks": 0,
                                                "Local Dirtied Blocks": 0,
                                                "Local Written Blocks": 0,
                                                "Temp Read Blocks": 0,
                                                "Temp Written Blocks": 0,
                                                "WAL Records": 0,
                                                "WAL FPI": 0,
                                                "WAL Bytes": 0
                                            },
                                            {
                                                "Worker Number": 1,
                                                "Actual Startup Time": 5.073,
                                                "Actual Total Time": 84.601,
                                                "Actual Rows": 24,
                                                "Actual Loops": 1,
                                                "Shared Hit Blocks": 1622,
                                                "Shared Read Blocks": 9008,
                                                "Shared Dirtied Blocks": 0,
                                                "Shared Written Blocks": 0,
                                                "Local Hit Blocks": 0,
                                                "Local Read Blocks": 0,
                                                "Local Dirtied Blocks": 0,
                                                "Local Written Blocks": 0,
                                                "Temp Read Blocks": 0,
                                                "Temp Written Blocks": 0,
                                                "WAL Records": 0,
                                                "WAL FPI": 0,
                                                "WAL Bytes": 0
                                            }
                                        ]
                                    }
                                ]
                            },
                            "Settings": {},
                            "Planning": {
                                "Shared Hit Blocks": 0,
                                "Shared Read Blocks": 0,
                                "Shared Dirtied Blocks": 0,
                                "Shared Written Blocks": 0,
                                "Local Hit Blocks": 0,
                                "Local Read Blocks": 0,
                                "Local Dirtied Blocks": 0,
                                "Local Written Blocks": 0,
                                "Temp Read Blocks": 0,
                                "Temp Written Blocks": 0
                            },
                            "Planning Time": 0.04,
                            "Triggers": [],
                            "Execution Time": 87.884
                        },
                        "all_ftr_time": 0.10460909999999998,
                        "any_ftr_time": 0.4300789999999999,
                        "exact_ftr_time": 0.08905759999999999
                    },
                    "8000000": {
                        "all_time": 0.16511865837965162,
                        "any_time": 0.1550800208002329,
                        "exact_time": 0.1220543668139726,
                        "table_size": 533725184.0,
                        "index_time": 1.6166013665497303e-05,
                        "all_explanation": {
                            "Plan": {
                                "Node Type": "Gather",
                                "Parallel Aware": false,
                                "Async Capable": false,
                                "Startup Cost": 1000.0,
                                "Total Cost": 98244.01,
                                "Plan Rows": 40000,
                                "Plan Width": 12,
                                "Actual Startup Time": 0.097,
                                "Actual Total Time": 120.107,
                                "Actual Rows": 3895,
                                "Actual Loops": 1,
                                "Output": [
                                    "id",
                                    "flags"
                                ],
                                "Workers Planned": 2,
                                "Workers Launched": 2,
                                "Single Copy": false,
                                "Shared Hit Blocks": 4768,
                                "Shared Read Blocks": 38476,
                                "Shared Dirtied Blocks": 0,
                                "Shared Written Blocks": 0,
                                "Local Hit Blocks": 0,
                                "Local Read Blocks": 0,
                                "Local Dirtied Blocks": 0,
                                "Local Written Blocks": 0,
                                "Temp Read Blocks": 0,
                                "Temp Written Blocks": 0,
                                "WAL Records": 0,
                                "WAL FPI": 0,
                                "WAL Bytes": 0,
                                "Plans": [
                                    {
                                        "Node Type": "Seq Scan",
                                        "Parent Relationship": "Outer",
                                        "Parallel Aware": true,
                                        "Async Capable": false,
                                        "Relation Name": "tests_benchmark_flagtester015",
                                        "Schema": "public",
                                        "Alias": "tests_benchmark_flagtester015",
                                        "Startup Cost": 0.0,
                                        "Total Cost": 93244.01,
                                        "Plan Rows": 16667,
                                        "Plan Width": 12,
                                        "Actual Startup Time": 0.234,
                                        "Actual Total Time": 117.365,
                                        "Actual Rows": 1298,
                                        "Actual Loops": 3,
                                        "Output": [
                                            "id",
                                            "flags"
                                        ],
                                        "Filter": "((tests_benchmark_flagtester015.flags & 51710) = 51710)",
                                        "Rows Removed by Filter": 2665369,
                                        "Shared Hit Blocks": 4768,
                                        "Shared Read Blocks": 38476,
                                        "Shared Dirtied Blocks": 0,
                                        "Shared Written Blocks": 0,
                                        "Local Hit Blocks": 0,
                                        "Local Read Blocks": 0,
                                        "Local Dirtied Blocks": 0,
                                        "Local Written Blocks": 0,
                                        "Temp Read Blocks": 0,
                                        "Temp Written Blocks": 0,
                                        "WAL Records": 0,
                                        "WAL FPI": 0,
                                        "WAL Bytes": 0,
                                        "Workers": [
                                            {
                                                "Worker Number": 0,
                                                "Actual Startup Time": 0.072,
                                                "Actual Total Time": 116.723,
                                                "Actual Rows": 1318,
                                                "Actual Loops": 1,
                                                "Shared Hit Blocks": 1547,
                                                "Shared Read Blocks": 12736,
                                                "Shared Dirtied Blocks": 0,
                                                "Shared Written Blocks": 0,
                                                "Local Hit Blocks": 0,
                                                "Local Read Blocks": 0,
                                                "Local Dirtied Blocks": 0,
                                                "Local Written Blocks": 0,
                                                "Temp Read Blocks": 0,
                                                "Temp Written Blocks": 0,
                                                "WAL Records": 0,
                                                "WAL FPI": 0,
                                                "WAL Bytes": 0
                                            },
                                            {
                                                "Worker Number": 1,
                                                "Actual Startup Time": 0.589,
                                                "Actual Total Time": 116.72,
                                                "Actual Rows": 1256,
                                                "Actual Loops": 1,
                                                "Shared Hit Blocks": 1549,
                                                "Shared Read Blocks": 12736,
                                                "Shared Dirtied Blocks": 0,
                                                "Shared Written Blocks": 0,
                                                "Local Hit Blocks": 0,
                                                "Local Read Blocks": 0,
                                                "Local Dirtied Blocks": 0,
                                                "Local Written Blocks": 0,
                                                "Temp Read Blocks": 0,
                                                "Temp Written Blocks": 0,
                                                "WAL Records": 0,
                                                "WAL FPI": 0,
                                                "WAL Bytes": 0
                                            }
                                        ]
                                    }
                                ]
                            },
                            "Settings": {},
                            "Planning": {
                                "Shared Hit Blocks": 0,
                                "Shared Read Blocks": 0,
                                "Shared Dirtied Blocks": 0,
                                "Shared Written Blocks": 0,
                                "Local Hit Blocks": 0,
                                "Local Read Blocks": 0,
                                "Local Dirtied Blocks": 0,
                                "Local Written Blocks": 0,
                                "Temp Read Blocks": 0,
                                "Temp Written Blocks": 0
                            },
                            "Planning Time": 0.034,
                            "Triggers": [],
                            "Execution Time": 120.208
                        },
                        "any_explanation": {
                            "Plan": {
                                "Node Type": "Seq Scan",
                                "Parallel Aware": false,
                                "Async Capable": false,
                                "Relation Name": "tests_benchmark_flagtester015",
                                "Schema": "public",
                                "Alias": "tests_benchmark_flagtester015",
                                "Startup Cost": 0.0,
                                "Total Cost": 163244.02,
                                "Plan Rows": 2666667,
                                "Plan Width": 12,
                                "Actual Startup Time": 0.008,
                                "Actual Total Time": 412.509,
                                "Actual Rows": 7996065,
                                "Actual Loops": 1,
                                "Output": [
                                    "id",
                                    "flags"
                                ],
                                "Filter": "((tests_benchmark_flagtester015.flags & 51710) > 0)",
                                "Rows Removed by Filter": 3936,
                                "Shared Hit Blocks": 4960,
                                "Shared Read Blocks": 38284,
                                "Shared Dirtied Blocks": 0,
                                "Shared Written Blocks": 0,
                                "Local Hit Blocks": 0,
                                "Local Read Blocks": 0,
                                "Local Dirtied Blocks": 0,
                                "Local Written Blocks": 0,
                                "Temp Read Blocks": 0,
                                "Temp Written Blocks": 0,
                                "WAL Records": 0,
                                "WAL FPI": 0,
                                "WAL Bytes": 0
                            },
                            "Settings": {},
                            "Planning": {
                                "Shared Hit Blocks": 0,
                                "Shared Read Blocks": 0,
                                "Shared Dirtied Blocks": 0,
                                "Shared Written Blocks": 0,
                                "Local Hit Blocks": 0,
                                "Local Read Blocks": 0,
                                "Local Dirtied Blocks": 0,
                                "Local Written Blocks": 0,
                                "Temp Read Blocks": 0,
                                "Temp Written Blocks": 0
                            },
                            "Planning Time": 0.03,
                            "Triggers": [],
                            "Execution Time": 573.644
                        },
                        "exact_explanation": {
                            "Plan": {
                                "Node Type": "Gather",
                                "Parallel Aware": false,
                                "Async Capable": false,
                                "Startup Cost": 1000.0,
                                "Total Cost": 85923.07,
                                "Plan Rows": 124,
                                "Plan Width": 12,
                                "Actual Startup Time": 0.652,
                                "Actual Total Time": 115.199,
                                "Actual Rows": 121,
                                "Actual Loops": 1,
                                "Output": [
                                    "id",
                                    "flags"
                                ],
                                "Workers Planned": 2,
                                "Workers Launched": 2,
                                "Single Copy": false,
                                "Shared Hit Blocks": 5088,
                                "Shared Read Blocks": 38156,
                                "Shared Dirtied Blocks": 0,
                                "Shared Written Blocks": 0,
                                "Local Hit Blocks": 0,
                                "Local Read Blocks": 0,
                                "Local Dirtied Blocks": 0,
                                "Local Written Blocks": 0,
                                "Temp Read Blocks": 0,
                                "Temp Written Blocks": 0,
                                "WAL Records": 0,
                                "WAL FPI": 0,
                                "WAL Bytes": 0,
                                "Plans": [
                                    {
                                        "Node Type": "Seq Scan",
                                        "Parent Relationship": "Outer",
                                        "Parallel Aware": true,
                                        "Async Capable": false,
                                        "Relation Name": "tests_benchmark_flagtester015",
                                        "Schema": "public",
                                        "Alias": "tests_benchmark_flagtester015",
                                        "Startup Cost": 0.0,
                                        "Total Cost": 84910.67,
                                        "Plan Rows": 52,
                                        "Plan Width": 12,
                                        "Actual Startup Time": 2.728,
                                        "Actual Total Time": 112.906,
                                        "Actual Rows": 40,
                                        "Actual Loops": 3,
                                        "Output": [
                                            "id",
                                            "flags"
                                        ],
                                        "Filter": "(tests_benchmark_flagtester015.flags = 51710)",
                                        "Rows Removed by Filter": 2666627,
                                        "Shared Hit Blocks": 5088,
                                        "Shared Read Blocks": 38156,
                                        "Shared Dirtied Blocks": 0,
                                        "Shared Written Blocks": 0,
                                        "Local Hit Blocks": 0,
                                        "Local Read Blocks": 0,
                                        "Local Dirtied Blocks": 0,
                                        "Local Written Blocks": 0,
                                        "Temp Read Blocks": 0,
                                        "Temp Written Blocks": 0,
                                        "WAL Records": 0,
                                        "WAL FPI": 0,
                                        "WAL Bytes": 0,
                                        "Workers": [
                                            {
                                                "Worker Number": 0,
                                                "Actual Startup Time": 6.317,
                                                "Actual Total Time": 112.28,
                                                "Actual Rows": 38,
                                                "Actual Loops": 1,
                                                "Shared Hit Blocks": 1636,
                                                "Shared Read Blocks": 12652,
                                                "Shared Dirtied Blocks": 0,
                                                "Shared Written Blocks": 0,
                                                "Local Hit Blocks": 0,
                                                "Local Read Blocks": 0,
                                                "Local Dirtied Blocks": 0,
                                                "Local Written Blocks": 0,
                                                "Temp Read Blocks": 0,
                                                "Temp Written Blocks": 0,
                                                "WAL Records": 0,
                                                "WAL FPI": 0,
                                                "WAL Bytes": 0
                                            },
                                            {
                                                "Worker Number": 1,
                                                "Actual Startup Time": 1.27,
                                                "Actual Total Time": 112.213,
                                                "Actual Rows": 36,
                                                "Actual Loops": 1,
                                                "Shared Hit Blocks": 1641,
                                                "Shared Read Blocks": 12576,
                                                "Shared Dirtied Blocks": 0,
                                                "Shared Written Blocks": 0,
                                                "Local Hit Blocks": 0,
                                                "Local Read Blocks": 0,
                                                "Local Dirtied Blocks": 0,
                                                "Local Written Blocks": 0,
                                                "Temp Read Blocks": 0,
                                                "Temp Written Blocks": 0,
                                                "WAL Records": 0,
                                                "WAL FPI": 0,
                                                "WAL Bytes": 0
                                            }
                                        ]
                                    }
                                ]
                            },
                            "Settings": {},
                            "Planning": {
                                "Shared Hit Blocks": 0,
                                "Shared Read Blocks": 0,
                                "Shared Dirtied Blocks": 0,
                                "Shared Written Blocks": 0,
                                "Local Hit Blocks": 0,
                                "Local Read Blocks": 0,
                                "Local Dirtied Blocks": 0,
                                "Local Written Blocks": 0,
                                "Temp Read Blocks": 0,
                                "Temp Written Blocks": 0
                            },
                            "Planning Time": 0.034,
                            "Triggers": [],
                            "Execution Time": 115.214
                        },
                        "all_ftr_time": 0.12495010000000002,
                        "any_ftr_time": 0.5787622999999998,
                        "exact_ftr_time": 0.1165837
                    },
                    "10000000": {
                        "all_time": 0.20425045398296787,
                        "any_time": 0.19262370828073472,
                        "exact_time": 0.14995185828302054,
                        "table_size": 667942912.0,
                        "index_time": 1.1082971468567848e-05,
                        "all_explanation": {
                            "Plan": {
                                "Node Type": "Gather",
                                "Parallel Aware": false,
                                "Async Capable": false,
                                "Startup Cost": 1000.0,
                                "Total Cost": 122555.01,
                                "Plan Rows": 50000,
                                "Plan Width": 12,
                                "Actual Startup Time": 0.067,
                                "Actual Total Time": 154.348,
                                "Actual Rows": 78412,
                                "Actual Loops": 1,
                                "Output": [
                                    "id",
                                    "flags"
                                ],
                                "Workers Planned": 2,
                                "Workers Launched": 2,
                                "Single Copy": false,
                                "Shared Hit Blocks": 4768,
                                "Shared Read Blocks": 49287,
                                "Shared Dirtied Blocks": 0,
                                "Shared Written Blocks": 0,
                                "Local Hit Blocks": 0,
                                "Local Read Blocks": 0,
                                "Local Dirtied Blocks": 0,
                                "Local Written Blocks": 0,
                                "Temp Read Blocks": 0,
                                "Temp Written Blocks": 0,
                                "WAL Records": 0,
                                "WAL FPI": 0,
                                "WAL Bytes": 0,
                                "Plans": [
                                    {
                                        "Node Type": "Seq Scan",
                                        "Parent Relationship": "Outer",
                                        "Parallel Aware": true,
                                        "Async Capable": false,
                                        "Relation Name": "tests_benchmark_flagtester015",
                                        "Schema": "public",
                                        "Alias": "tests_benchmark_flagtester015",
                                        "Startup Cost": 0.0,
                                        "Total Cost": 116555.01,
                                        "Plan Rows": 20833,
                                        "Plan Width": 12,
                                        "Actual Startup Time": 0.034,
                                        "Actual Total Time": 147.289,
                                        "Actual Rows": 26137,
                                        "Actual Loops": 3,
                                        "Output": [
                                            "id",
                                            "flags"
                                        ],
                                        "Filter": "((tests_benchmark_flagtester015.flags & 24719) = 24719)",
                                        "Rows Removed by Filter": 3307196,
                                        "Shared Hit Blocks": 4768,
                                        "Shared Read Blocks": 49287,
                                        "Shared Dirtied Blocks": 0,
                                        "Shared Written Blocks": 0,
                                        "Local Hit Blocks": 0,
                                        "Local Read Blocks": 0,
                                        "Local Dirtied Blocks": 0,
                                        "Local Written Blocks": 0,
                                        "Temp Read Blocks": 0,
                                        "Temp Written Blocks": 0,
                                        "WAL Records": 0,
                                        "WAL FPI": 0,
                                        "WAL Bytes": 0,
                                        "Workers": [
                                            {
                                                "Worker Number": 0,
                                                "Actual Startup Time": 0.045,
                                                "Actual Total Time": 147.325,
                                                "Actual Rows": 26230,
                                                "Actual Loops": 1,
                                                "Shared Hit Blocks": 1537,
                                                "Shared Read Blocks": 16480,
                                                "Shared Dirtied Blocks": 0,
                                                "Shared Written Blocks": 0,
                                                "Local Hit Blocks": 0,
                                                "Local Read Blocks": 0,
                                                "Local Dirtied Blocks": 0,
                                                "Local Written Blocks": 0,
                                                "Temp Read Blocks": 0,
                                                "Temp Written Blocks": 0,
                                                "WAL Records": 0,
                                                "WAL FPI": 0,
                                                "WAL Bytes": 0
                                            },
                                            {
                                                "Worker Number": 1,
                                                "Actual Startup Time": 0.043,
                                                "Actual Total Time": 147.824,
                                                "Actual Rows": 26116,
                                                "Actual Loops": 1,
                                                "Shared Hit Blocks": 1573,
                                                "Shared Read Blocks": 16519,
                                                "Shared Dirtied Blocks": 0,
                                                "Shared Written Blocks": 0,
                                                "Local Hit Blocks": 0,
                                                "Local Read Blocks": 0,
                                                "Local Dirtied Blocks": 0,
                                                "Local Written Blocks": 0,
                                                "Temp Read Blocks": 0,
                                                "Temp Written Blocks": 0,
                                                "WAL Records": 0,
                                                "WAL FPI": 0,
                                                "WAL Bytes": 0
                                            }
                                        ]
                                    }
                                ]
                            },
                            "Settings": {},
                            "Planning": {
                                "Shared Hit Blocks": 0,
                                "Shared Read Blocks": 0,
                                "Shared Dirtied Blocks": 0,
                                "Shared Written Blocks": 0,
                                "Local Hit Blocks": 0,
                                "Local Read Blocks": 0,
                                "Local Dirtied Blocks": 0,
                                "Local Written Blocks": 0,
                                "Temp Read Blocks": 0,
                                "Temp Written Blocks": 0
                            },
                            "Planning Time": 0.033,
                            "Triggers": [],
                            "Execution Time": 156.148
                        },
                        "any_explanation": {
                            "Plan": {
                                "Node Type": "Seq Scan",
                                "Parallel Aware": false,
                                "Async Capable": false,
                                "Relation Name": "tests_benchmark_flagtester015",
                                "Schema": "public",
                                "Alias": "tests_benchmark_flagtester015",
                                "Startup Cost": 0.0,
                                "Total Cost": 204055.01,
                                "Plan Rows": 3333334,
                                "Plan Width": 12,
                                "Actual Startup Time": 0.015,
                                "Actual Total Time": 519.052,
                                "Actual Rows": 9921949,
                                "Actual Loops": 1,
                                "Output": [
                                    "id",
                                    "flags"
                                ],
                                "Filter": "((tests_benchmark_flagtester015.flags & 24719) > 0)",
                                "Rows Removed by Filter": 78052,
                                "Shared Hit Blocks": 4960,
                                "Shared Read Blocks": 49095,
                                "Shared Dirtied Blocks": 0,
                                "Shared Written Blocks": 0,
                                "Local Hit Blocks": 0,
                                "Local Read Blocks": 0,
                                "Local Dirtied Blocks": 0,
                                "Local Written Blocks": 0,
                                "Temp Read Blocks": 0,
                                "Temp Written Blocks": 0,
                                "WAL Records": 0,
                                "WAL FPI": 0,
                                "WAL Bytes": 0
                            },
                            "Settings": {},
                            "Planning": {
                                "Shared Hit Blocks": 0,
                                "Shared Read Blocks": 0,
                                "Shared Dirtied Blocks": 0,
                                "Shared Written Blocks": 0,
                                "Local Hit Blocks": 0,
                                "Local Read Blocks": 0,
                                "Local Dirtied Blocks": 0,
                                "Local Written Blocks": 0,
                                "Temp Read Blocks": 0,
                                "Temp Written Blocks": 0
                            },
                            "Planning Time": 0.028,
                            "Triggers": [],
                            "Execution Time": 719.316
                        },
                        "exact_explanation": {
                            "Plan": {
                                "Node Type": "Gather",
                                "Parallel Aware": false,
                                "Async Capable": false,
                                "Startup Cost": 1000.0,
                                "Total Cost": 107153.74,
                                "Plan Rows": 154,
                                "Plan Width": 12,
                                "Actual Startup Time": 0.078,
                                "Actual Total Time": 154.454,
                                "Actual Rows": 152,
                                "Actual Loops": 1,
                                "Output": [
                                    "id",
                                    "flags"
                                ],
                                "Workers Planned": 2,
                                "Workers Launched": 2,
                                "Single Copy": false,
                                "Shared Hit Blocks": 5088,
                                "Shared Read Blocks": 48967,
                                "Shared Dirtied Blocks": 0,
                                "Shared Written Blocks": 0,
                                "Local Hit Blocks": 0,
                                "Local Read Blocks": 0,
                                "Local Dirtied Blocks": 0,
                                "Local Written Blocks": 0,
                                "Temp Read Blocks": 0,
                                "Temp Written Blocks": 0,
                                "WAL Records": 0,
                                "WAL FPI": 0,
                                "WAL Bytes": 0,
                                "Plans": [
                                    {
                                        "Node Type": "Seq Scan",
                                        "Parent Relationship": "Outer",
                                        "Parallel Aware": true,
                                        "Async Capable": false,
                                        "Relation Name": "tests_benchmark_flagtester015",
                                        "Schema": "public",
                                        "Alias": "tests_benchmark_flagtester015",
                                        "Startup Cost": 0.0,
                                        "Total Cost": 106138.34,
                                        "Plan Rows": 64,
                                        "Plan Width": 12,
                                        "Actual Startup Time": 0.305,
                                        "Actual Total Time": 152.125,
                                        "Actual Rows": 51,
                                        "Actual Loops": 3,
                                        "Output": [
                                            "id",
                                            "flags"
                                        ],
                                        "Filter": "(tests_benchmark_flagtester015.flags = 24719)",
                                        "Rows Removed by Filter": 3333283,
                                        "Shared Hit Blocks": 5088,
                                        "Shared Read Blocks": 48967,
                                        "Shared Dirtied Blocks": 0,
                                        "Shared Written Blocks": 0,
                                        "Local Hit Blocks": 0,
                                        "Local Read Blocks": 0,
                                        "Local Dirtied Blocks": 0,
                                        "Local Written Blocks": 0,
                                        "Temp Read Blocks": 0,
                                        "Temp Written Blocks": 0,
                                        "WAL Records": 0,
                                        "WAL FPI": 0,
                                        "WAL Bytes": 0,
                                        "Workers": [
                                            {
                                                "Worker Number": 0,
                                                "Actual Startup Time": 0.41,
                                                "Actual Total Time": 151.484,
                                                "Actual Rows": 46,
                                                "Actual Loops": 1,
                                                "Shared Hit Blocks": 1608,
                                                "Shared Read Blocks": 16160,
                                                "Shared Dirtied Blocks": 0,
                                                "Shared Written Blocks": 0,
                                                "Local Hit Blocks": 0,
                                                "Local Read Blocks": 0,
                                                "Local Dirtied Blocks": 0,
                                                "Local Written Blocks": 0,
                                                "Temp Read Blocks": 0,
                                                "Temp Written Blocks": 0,
                                                "WAL Records": 0,
                                                "WAL FPI": 0,
                                                "WAL Bytes": 0
                                            },
                                            {
                                                "Worker Number": 1,
                                                "Actual Startup Time": 0.48,
                                                "Actual Total Time": 151.453,
                                                "Actual Rows": 57,
                                                "Actual Loops": 1,
                                                "Shared Hit Blocks": 1651,
                                                "Shared Read Blocks": 16263,
                                                "Shared Dirtied Blocks": 0,
                                                "Shared Written Blocks": 0,
                                                "Local Hit Blocks": 0,
                                                "Local Read Blocks": 0,
                                                "Local Dirtied Blocks": 0,
                                                "Local Written Blocks": 0,
                                                "Temp Read Blocks": 0,
                                                "Temp Written Blocks": 0,
                                                "WAL Records": 0,
                                                "WAL FPI": 0,
                                                "WAL Bytes": 0
                                            }
                                        ]
                                    }
                                ]
                            },
                            "Settings": {},
                            "Planning": {
                                "Shared Hit Blocks": 0,
                                "Shared Read Blocks": 0,
                                "Shared Dirtied Blocks": 0,
                                "Shared Written Blocks": 0,
                                "Local Hit Blocks": 0,
                                "Local Read Blocks": 0,
                                "Local Dirtied Blocks": 0,
                                "Local Written Blocks": 0,
                                "Temp Read Blocks": 0,
                                "Temp Written Blocks": 0
                            },
                            "Planning Time": 0.034,
                            "Triggers": [],
                            "Execution Time": 154.467
                        },
                        "all_ftr_time": 0.15703909999999996,
                        "any_ftr_time": 0.7191078,
                        "exact_ftr_time": 0.1454146
                    },
                    "20000000": {
                        "all_time": 0.4140236127190292,
                        "any_time": 0.38524800408631565,
                        "exact_time": 0.30528420842019843,
                        "table_size": 1334837248.0,
                        "index_time": 9.375042282044888e-06,
                        "all_explanation": {
                            "Plan": {
                                "Node Type": "Gather",
                                "Parallel Aware": false,
                                "Async Capable": false,
                                "Startup Cost": 1000.0,
                                "Total Cost": 244109.0,
                                "Plan Rows": 100000,
                                "Plan Width": 12,
                                "Actual Startup Time": 0.072,
                                "Actual Total Time": 323.177,
                                "Actual Rows": 313061,
                                "Actual Loops": 1,
                                "Output": [
                                    "id",
                                    "flags"
                                ],
                                "Workers Planned": 2,
                                "Workers Launched": 2,
                                "Single Copy": false,
                                "Shared Hit Blocks": 4768,
                                "Shared Read Blocks": 103341,
                                "Shared Dirtied Blocks": 0,
                                "Shared Written Blocks": 0,
                                "Local Hit Blocks": 0,
                                "Local Read Blocks": 0,
                                "Local Dirtied Blocks": 0,
                                "Local Written Blocks": 0,
                                "Temp Read Blocks": 0,
                                "Temp Written Blocks": 0,
                                "WAL Records": 0,
                                "WAL FPI": 0,
                                "WAL Bytes": 0,
                                "Plans": [
                                    {
                                        "Node Type": "Seq Scan",
                                        "Parent Relationship": "Outer",
                                        "Parallel Aware": true,
                                        "Async Capable": false,
                                        "Relation Name": "tests_benchmark_flagtester015",
                                        "Schema": "public",
                                        "Alias": "tests_benchmark_flagtester015",
                                        "Startup Cost": 0.0,
                                        "Total Cost": 233109.0,
                                        "Plan Rows": 41667,
                                        "Plan Width": 12,
                                        "Actual Startup Time": 0.023,
                                        "Actual Total Time": 301.787,
                                        "Actual Rows": 104354,
                                        "Actual Loops": 3,
                                        "Output": [
                                            "id",
                                            "flags"
                                        ],
                                        "Filter": "((tests_benchmark_flagtester015.flags & 29280) = 29280)",
                                        "Rows Removed by Filter": 6562313,
                                        "Shared Hit Blocks": 4768,
                                        "Shared Read Blocks": 103341,
                                        "Shared Dirtied Blocks": 0,
                                        "Shared Written Blocks": 0,
                                        "Local Hit Blocks": 0,
                                        "Local Read Blocks": 0,
                                        "Local Dirtied Blocks": 0,
                                        "Local Written Blocks": 0,
                                        "Temp Read Blocks": 0,
                                        "Temp Written Blocks": 0,
                                        "WAL Records": 0,
                                        "WAL FPI": 0,
                                        "WAL Bytes": 0,
                                        "Workers": [
                                            {
                                                "Worker Number": 0,
                                                "Actual Startup Time": 0.028,
                                                "Actual Total Time": 304.958,
                                                "Actual Rows": 105867,
                                                "Actual Loops": 1,
                                                "Shared Hit Blocks": 1562,
                                                "Shared Read Blocks": 34912,
                                                "Shared Dirtied Blocks": 0,
                                                "Shared Written Blocks": 0,
                                                "Local Hit Blocks": 0,
                                                "Local Read Blocks": 0,
                                                "Local Dirtied Blocks": 0,
                                                "Local Written Blocks": 0,
                                                "Temp Read Blocks": 0,
                                                "Temp Written Blocks": 0,
                                                "WAL Records": 0,
                                                "WAL FPI": 0,
                                                "WAL Bytes": 0
                                            },
                                            {
                                                "Worker Number": 1,
                                                "Actual Startup Time": 0.03,
                                                "Actual Total Time": 305.435,
                                                "Actual Rows": 105841,
                                                "Actual Loops": 1,
                                                "Shared Hit Blocks": 1577,
                                                "Shared Read Blocks": 34957,
                                                "Shared Dirtied Blocks": 0,
                                                "Shared Written Blocks": 0,
                                                "Local Hit Blocks": 0,
                                                "Local Read Blocks": 0,
                                                "Local Dirtied Blocks": 0,
                                                "Local Written Blocks": 0,
                                                "Temp Read Blocks": 0,
                                                "Temp Written Blocks": 0,
                                                "WAL Records": 0,
                                                "WAL FPI": 0,
                                                "WAL Bytes": 0
                                            }
                                        ]
                                    }
                                ]
                            },
                            "Settings": {},
                            "Planning": {
                                "Shared Hit Blocks": 0,
                                "Shared Read Blocks": 0,
                                "Shared Dirtied Blocks": 0,
                                "Shared Written Blocks": 0,
                                "Local Hit Blocks": 0,
                                "Local Read Blocks": 0,
                                "Local Dirtied Blocks": 0,
                                "Local Written Blocks": 0,
                                "Temp Read Blocks": 0,
                                "Temp Written Blocks": 0
                            },
                            "Planning Time": 0.034,
                            "Triggers": [],
                            "Execution Time": 330.168
                        },
                        "any_explanation": {
                            "Plan": {
                                "Node Type": "Seq Scan",
                                "Parallel Aware": false,
                                "Async Capable": false,
                                "Relation Name": "tests_benchmark_flagtester015",
                                "Schema": "public",
                                "Alias": "tests_benchmark_flagtester015",
                                "Startup Cost": 0.0,
                                "Total Cost": 408109.0,
                                "Plan Rows": 6666667,
                                "Plan Width": 12,
                                "Actual Startup Time": 0.011,
                                "Actual Total Time": 1059.845,
                                "Actual Rows": 19687152,
                                "Actual Loops": 1,
                                "Output": [
                                    "id",
                                    "flags"
                                ],
                                "Filter": "((tests_benchmark_flagtester015.flags & 29280) > 0)",
                                "Rows Removed by Filter": 312849,
                                "Shared Hit Blocks": 4960,
                                "Shared Read Blocks": 103149,
                                "Shared Dirtied Blocks": 0,
                                "Shared Written Blocks": 0,
                                "Local Hit Blocks": 0,
                                "Local Read Blocks": 0,
                                "Local Dirtied Blocks": 0,
                                "Local Written Blocks": 0,
                                "Temp Read Blocks": 0,
                                "Temp Written Blocks": 0,
                                "WAL Records": 0,
                                "WAL FPI": 0,
                                "WAL Bytes": 0
                            },
                            "Settings": {},
                            "Planning": {
                                "Shared Hit Blocks": 0,
                                "Shared Read Blocks": 0,
                                "Shared Dirtied Blocks": 0,
                                "Shared Written Blocks": 0,
                                "Local Hit Blocks": 0,
                                "Local Read Blocks": 0,
                                "Local Dirtied Blocks": 0,
                                "Local Written Blocks": 0,
                                "Temp Read Blocks": 0,
                                "Temp Written Blocks": 0
                            },
                            "Planning Time": 0.029,
                            "Triggers": [],
                            "Execution Time": 1458.694
                        },
                        "exact_explanation": {
                            "Plan": {
                                "Node Type": "Gather",
                                "Parallel Aware": false,
                                "Async Capable": false,
                                "Startup Cost": 1000.0,
                                "Total Cost": 213306.27,
                                "Plan Rows": 306,
                                "Plan Width": 12,
                                "Actual Startup Time": 5.167,
                                "Actual Total Time": 286.818,
                                "Actual Rows": 305,
                                "Actual Loops": 1,
                                "Output": [
                                    "id",
                                    "flags"
                                ],
                                "Workers Planned": 2,
                                "Workers Launched": 2,
                                "Single Copy": false,
                                "Shared Hit Blocks": 5088,
                                "Shared Read Blocks": 103021,
                                "Shared Dirtied Blocks": 0,
                                "Shared Written Blocks": 0,
                                "Local Hit Blocks": 0,
                                "Local Read Blocks": 0,
                                "Local Dirtied Blocks": 0,
                                "Local Written Blocks": 0,
                                "Temp Read Blocks": 0,
                                "Temp Written Blocks": 0,
                                "WAL Records": 0,
                                "WAL FPI": 0,
                                "WAL Bytes": 0,
                                "Plans": [
                                    {
                                        "Node Type": "Seq Scan",
                                        "Parent Relationship": "Outer",
                                        "Parallel Aware": true,
                                        "Async Capable": false,
                                        "Relation Name": "tests_benchmark_flagtester015",
                                        "Schema": "public",
                                        "Alias": "tests_benchmark_flagtester015",
                                        "Startup Cost": 0.0,
                                        "Total Cost": 212275.67,
                                        "Plan Rows": 128,
                                        "Plan Width": 12,
                                        "Actual Startup Time": 3.012,
                                        "Actual Total Time": 284.157,
                                        "Actual Rows": 102,
                                        "Actual Loops": 3,
                                        "Output": [
                                            "id",
                                            "flags"
                                        ],
                                        "Filter": "(tests_benchmark_flagtester015.flags = 29280)",
                                        "Rows Removed by Filter": 6666565,
                                        "Shared Hit Blocks": 5088,
                                        "Shared Read Blocks": 103021,
                                        "Shared Dirtied Blocks": 0,
                                        "Shared Written Blocks": 0,
                                        "Local Hit Blocks": 0,
                                        "Local Read Blocks": 0,
                                        "Local Dirtied Blocks": 0,
                                        "Local Written Blocks": 0,
                                        "Temp Read Blocks": 0,
                                        "Temp Written Blocks": 0,
                                        "WAL Records": 0,
                                        "WAL FPI": 0,
                                        "WAL Bytes": 0,
                                        "Workers": [
                                            {
                                                "Worker Number": 0,
                                                "Actual Startup Time": 1.757,
                                                "Actual Total Time": 283.359,
                                                "Actual Rows": 103,
                                                "Actual Loops": 1,
                                                "Shared Hit Blocks": 1610,
                                                "Shared Read Blocks": 34336,
                                                "Shared Dirtied Blocks": 0,
                                                "Shared Written Blocks": 0,
                                                "Local Hit Blocks": 0,
                                                "Local Read Blocks": 0,
                                                "Local Dirtied Blocks": 0,
                                                "Local Written Blocks": 0,
                                                "Temp Read Blocks": 0,
                                                "Temp Written Blocks": 0,
                                                "WAL Records": 0,
                                                "WAL FPI": 0,
                                                "WAL Bytes": 0
                                            },
                                            {
                                                "Worker Number": 1,
                                                "Actual Startup Time": 2.161,
                                                "Actual Total Time": 283.369,
                                                "Actual Rows": 99,
                                                "Actual Loops": 1,
                                                "Shared Hit Blocks": 1644,
                                                "Shared Read Blocks": 34272,
                                                "Shared Dirtied Blocks": 0,
                                                "Shared Written Blocks": 0,
                                                "Local Hit Blocks": 0,
                                                "Local Read Blocks": 0,
                                                "Local Dirtied Blocks": 0,
                                                "Local Written Blocks": 0,
                                                "Temp Read Blocks": 0,
                                                "Temp Written Blocks": 0,
                                                "WAL Records": 0,
                                                "WAL FPI": 0,
                                                "WAL Bytes": 0
                                            }
                                        ]
                                    }
                                ]
                            },
                            "Settings": {},
                            "Planning": {
                                "Shared Hit Blocks": 0,
                                "Shared Read Blocks": 0,
                                "Shared Dirtied Blocks": 0,
                                "Shared Written Blocks": 0,
                                "Local Hit Blocks": 0,
                                "Local Read Blocks": 0,
                                "Local Dirtied Blocks": 0,
                                "Local Written Blocks": 0,
                                "Temp Read Blocks": 0,
                                "Temp Written Blocks": 0
                            },
                            "Planning Time": 0.032,
                            "Triggers": [],
                            "Execution Time": 286.842
                        },
                        "all_ftr_time": 0.34618550000000003,
                        "any_ftr_time": 1.4427912999999999,
                        "exact_ftr_time": 0.30140710000000004
                    },
                    "40000000": {
                        "all_time": 1.3304651250131427,
                        "any_time": 1.36540506639285,
                        "exact_time": 1.0058977163978853,
                        "table_size": 2669674496.0,
                        "index_time": 1.4334102161228657e-05,
                        "all_explanation": {
                            "Plan": {
                                "Node Type": "Gather",
                                "Parallel Aware": false,
                                "Async Capable": false,
                                "Startup Cost": 1000.0,
                                "Total Cost": 487217.0,
                                "Plan Rows": 200000,
                                "Plan Width": 12,
                                "Actual Startup Time": 0.101,
                                "Actual Total Time": 621.266,
                                "Actual Rows": 38514,
                                "Actual Loops": 1,
                                "Output": [
                                    "id",
                                    "flags"
                                ],
                                "Workers Planned": 2,
                                "Workers Launched": 2,
                                "Single Copy": false,
                                "Shared Hit Blocks": 4800,
                                "Shared Read Blocks": 211417,
                                "Shared Dirtied Blocks": 0,
                                "Shared Written Blocks": 0,
                                "Local Hit Blocks": 0,
                                "Local Read Blocks": 0,
                                "Local Dirtied Blocks": 0,
                                "Local Written Blocks": 0,
                                "Temp Read Blocks": 0,
                                "Temp Written Blocks": 0,
                                "WAL Records": 0,
                                "WAL FPI": 0,
                                "WAL Bytes": 0,
                                "Plans": [
                                    {
                                        "Node Type": "Seq Scan",
                                        "Parent Relationship": "Outer",
                                        "Parallel Aware": true,
                                        "Async Capable": false,
                                        "Relation Name": "tests_benchmark_flagtester015",
                                        "Schema": "public",
                                        "Alias": "tests_benchmark_flagtester015",
                                        "Startup Cost": 0.0,
                                        "Total Cost": 466217.0,
                                        "Plan Rows": 83333,
                                        "Plan Width": 12,
                                        "Actual Startup Time": 0.053,
                                        "Actual Total Time": 616.646,
                                        "Actual Rows": 12838,
                                        "Actual Loops": 3,
                                        "Output": [
                                            "id",
                                            "flags"
                                        ],
                                        "Filter": "((tests_benchmark_flagtester015.flags & 54843) = 54843)",
                                        "Rows Removed by Filter": 13320496,
                                        "Shared Hit Blocks": 4800,
                                        "Shared Read Blocks": 211417,
                                        "Shared Dirtied Blocks": 0,
                                        "Shared Written Blocks": 0,
                                        "Local Hit Blocks": 0,
                                        "Local Read Blocks": 0,
                                        "Local Dirtied Blocks": 0,
                                        "Local Written Blocks": 0,
                                        "Temp Read Blocks": 0,
                                        "Temp Written Blocks": 0,
                                        "WAL Records": 0,
                                        "WAL FPI": 0,
                                        "WAL Bytes": 0,
                                        "Workers": [
                                            {
                                                "Worker Number": 0,
                                                "Actual Startup Time": 0.046,
                                                "Actual Total Time": 616.572,
                                                "Actual Rows": 12956,
                                                "Actual Loops": 1,
                                                "Shared Hit Blocks": 1542,
                                                "Shared Read Blocks": 70400,
                                                "Shared Dirtied Blocks": 0,
                                                "Shared Written Blocks": 0,
                                                "Local Hit Blocks": 0,
                                                "Local Read Blocks": 0,
                                                "Local Dirtied Blocks": 0,
                                                "Local Written Blocks": 0,
                                                "Temp Read Blocks": 0,
                                                "Temp Written Blocks": 0,
                                                "WAL Records": 0,
                                                "WAL FPI": 0,
                                                "WAL Bytes": 0
                                            },
                                            {
                                                "Worker Number": 1,
                                                "Actual Startup Time": 0.069,
                                                "Actual Total Time": 616.625,
                                                "Actual Rows": 12662,
                                                "Actual Loops": 1,
                                                "Shared Hit Blocks": 1563,
                                                "Shared Read Blocks": 70606,
                                                "Shared Dirtied Blocks": 0,
                                                "Shared Written Blocks": 0,
                                                "Local Hit Blocks": 0,
                                                "Local Read Blocks": 0,
                                                "Local Dirtied Blocks": 0,
                                                "Local Written Blocks": 0,
                                                "Temp Read Blocks": 0,
                                                "Temp Written Blocks": 0,
                                                "WAL Records": 0,
                                                "WAL FPI": 0,
                                                "WAL Bytes": 0
                                            }
                                        ]
                                    }
                                ]
                            },
                            "Settings": {},
                            "Planning": {
                                "Shared Hit Blocks": 0,
                                "Shared Read Blocks": 0,
                                "Shared Dirtied Blocks": 0,
                                "Shared Written Blocks": 0,
                                "Local Hit Blocks": 0,
                                "Local Read Blocks": 0,
                                "Local Dirtied Blocks": 0,
                                "Local Written Blocks": 0,
                                "Temp Read Blocks": 0,
                                "Temp Written Blocks": 0
                            },
                            "Planning Time": 0.033,
                            "Triggers": [],
                            "Execution Time": 622.171
                        },
                        "any_explanation": {
                            "Plan": {
                                "Node Type": "Seq Scan",
                                "Parallel Aware": false,
                                "Async Capable": false,
                                "Relation Name": "tests_benchmark_flagtester015",
                                "Schema": "public",
                                "Alias": "tests_benchmark_flagtester015",
                                "Startup Cost": 0.0,
                                "Total Cost": 816217.0,
                                "Plan Rows": 13333333,
                                "Plan Width": 12,
                                "Actual Startup Time": 0.019,
                                "Actual Total Time": 2467.252,
                                "Actual Rows": 39960881,
                                "Actual Loops": 1,
                                "Output": [
                                    "id",
                                    "flags"
                                ],
                                "Filter": "((tests_benchmark_flagtester015.flags & 54843) > 0)",
                                "Rows Removed by Filter": 39120,
                                "Shared Hit Blocks": 4998,
                                "Shared Read Blocks": 211219,
                                "Shared Dirtied Blocks": 0,
                                "Shared Written Blocks": 6,
                                "Local Hit Blocks": 0,
                                "Local Read Blocks": 0,
                                "Local Dirtied Blocks": 0,
                                "Local Written Blocks": 0,
                                "Temp Read Blocks": 0,
                                "Temp Written Blocks": 0,
                                "WAL Records": 0,
                                "WAL FPI": 0,
                                "WAL Bytes": 0
                            },
                            "Settings": {},
                            "Planning": {
                                "Shared Hit Blocks": 0,
                                "Shared Read Blocks": 0,
                                "Shared Dirtied Blocks": 0,
                                "Shared Written Blocks": 0,
                                "Local Hit Blocks": 0,
                                "Local Read Blocks": 0,
                                "Local Dirtied Blocks": 0,
                                "Local Written Blocks": 0,
                                "Temp Read Blocks": 0,
                                "Temp Written Blocks": 0
                            },
                            "Planning Time": 0.033,
                            "Triggers": [],
                            "Execution Time": 3311.583
                        },
                        "exact_explanation": {
                            "Plan": {
                                "Node Type": "Gather",
                                "Parallel Aware": false,
                                "Async Capable": false,
                                "Startup Cost": 1000.0,
                                "Total Cost": 425611.23,
                                "Plan Rows": 609,
                                "Plan Width": 12,
                                "Actual Startup Time": 2.775,
                                "Actual Total Time": 575.866,
                                "Actual Rows": 592,
                                "Actual Loops": 1,
                                "Output": [
                                    "id",
                                    "flags"
                                ],
                                "Workers Planned": 2,
                                "Workers Launched": 2,
                                "Single Copy": false,
                                "Shared Hit Blocks": 5120,
                                "Shared Read Blocks": 211097,
                                "Shared Dirtied Blocks": 0,
                                "Shared Written Blocks": 0,
                                "Local Hit Blocks": 0,
                                "Local Read Blocks": 0,
                                "Local Dirtied Blocks": 0,
                                "Local Written Blocks": 0,
                                "Temp Read Blocks": 0,
                                "Temp Written Blocks": 0,
                                "WAL Records": 0,
                                "WAL FPI": 0,
                                "WAL Bytes": 0,
                                "Plans": [
                                    {
                                        "Node Type": "Seq Scan",
                                        "Parent Relationship": "Outer",
                                        "Parallel Aware": true,
                                        "Async Capable": false,
                                        "Relation Name": "tests_benchmark_flagtester015",
                                        "Schema": "public",
                                        "Alias": "tests_benchmark_flagtester015",
                                        "Startup Cost": 0.0,
                                        "Total Cost": 424550.33,
                                        "Plan Rows": 254,
                                        "Plan Width": 12,
                                        "Actual Startup Time": 1.311,
                                        "Actual Total Time": 573.511,
                                        "Actual Rows": 197,
                                        "Actual Loops": 3,
                                        "Output": [
                                            "id",
                                            "flags"
                                        ],
                                        "Filter": "(tests_benchmark_flagtester015.flags = 54843)",
                                        "Rows Removed by Filter": 13333136,
                                        "Shared Hit Blocks": 5120,
                                        "Shared Read Blocks": 211097,
                                        "Shared Dirtied Blocks": 0,
                                        "Shared Written Blocks": 0,
                                        "Local Hit Blocks": 0,
                                        "Local Read Blocks": 0,
                                        "Local Dirtied Blocks": 0,
                                        "Local Written Blocks": 0,
                                        "Temp Read Blocks": 0,
                                        "Temp Written Blocks": 0,
                                        "WAL Records": 0,
                                        "WAL FPI": 0,
                                        "WAL Bytes": 0,
                                        "Workers": [
                                            {
                                                "Worker Number": 0,
                                                "Actual Startup Time": 0.462,
                                                "Actual Total Time": 572.846,
                                                "Actual Rows": 192,
                                                "Actual Loops": 1,
                                                "Shared Hit Blocks": 1637,
                                                "Shared Read Blocks": 70393,
                                                "Shared Dirtied Blocks": 0,
                                                "Shared Written Blocks": 0,
                                                "Local Hit Blocks": 0,
                                                "Local Read Blocks": 0,
                                                "Local Dirtied Blocks": 0,
                                                "Local Written Blocks": 0,
                                                "Temp Read Blocks": 0,
                                                "Temp Written Blocks": 0,
                                                "WAL Records": 0,
                                                "WAL FPI": 0,
                                                "WAL Bytes": 0
                                            },
                                            {
                                                "Worker Number": 1,
                                                "Actual Startup Time": 0.755,
                                                "Actual Total Time": 572.901,
                                                "Actual Rows": 192,
                                                "Actual Loops": 1,
                                                "Shared Hit Blocks": 1664,
                                                "Shared Read Blocks": 70336,
                                                "Shared Dirtied Blocks": 0,
                                                "Shared Written Blocks": 0,
                                                "Local Hit Blocks": 0,
                                                "Local Read Blocks": 0,
                                                "Local Dirtied Blocks": 0,
                                                "Local Written Blocks": 0,
                                                "Temp Read Blocks": 0,
                                                "Temp Written Blocks": 0,
                                                "WAL Records": 0,
                                                "WAL FPI": 0,
                                                "WAL Bytes": 0
                                            }
                                        ]
                                    }
                                ]
                            },
                            "Settings": {},
                            "Planning": {
                                "Shared Hit Blocks": 0,
                                "Shared Read Blocks": 0,
                                "Shared Dirtied Blocks": 0,
                                "Shared Written Blocks": 0,
                                "Local Hit Blocks": 0,
                                "Local Read Blocks": 0,
                                "Local Dirtied Blocks": 0,
                                "Local Written Blocks": 0,
                                "Temp Read Blocks": 0,
                                "Temp Written Blocks": 0
                            },
                            "Planning Time": 0.035,
                            "Triggers": [],
                            "Execution Time": 575.92
                        },
                        "all_ftr_time": 1.3468292000000004,
                        "any_ftr_time": 3.1546482,
                        "exact_ftr_time": 1.0289085
                    },
                    "60000000": {
                        "all_time": 1.6426322125131265,
                        "any_time": 1.6339742750045843,
                        "exact_time": 1.468468349892646,
                        "table_size": 4004511744.0,
                        "index_time": 1.1708005331456661e-05,
                        "all_explanation": {
                            "Plan": {
                                "Node Type": "Gather",
                                "Parallel Aware": false,
                                "Async Capable": false,
                                "Startup Cost": 1000.0,
                                "Total Cost": 730325.0,
                                "Plan Rows": 300000,
                                "Plan Width": 12,
                                "Actual Startup Time": 0.117,
                                "Actual Total Time": 907.081,
                                "Actual Rows": 116915,
                                "Actual Loops": 1,
                                "Output": [
                                    "id",
                                    "flags"
                                ],
                                "Workers Planned": 2,
                                "Workers Launched": 2,
                                "Single Copy": false,
                                "Shared Hit Blocks": 4800,
                                "Shared Read Blocks": 319525,
                                "Shared Dirtied Blocks": 0,
                                "Shared Written Blocks": 0,
                                "Local Hit Blocks": 0,
                                "Local Read Blocks": 0,
                                "Local Dirtied Blocks": 0,
                                "Local Written Blocks": 0,
                                "Temp Read Blocks": 0,
                                "Temp Written Blocks": 0,
                                "WAL Records": 0,
                                "WAL FPI": 0,
                                "WAL Bytes": 0,
                                "Plans": [
                                    {
                                        "Node Type": "Seq Scan",
                                        "Parent Relationship": "Outer",
                                        "Parallel Aware": true,
                                        "Async Capable": false,
                                        "Relation Name": "tests_benchmark_flagtester015",
                                        "Schema": "public",
                                        "Alias": "tests_benchmark_flagtester015",
                                        "Startup Cost": 0.0,
                                        "Total Cost": 699325.0,
                                        "Plan Rows": 125000,
                                        "Plan Width": 12,
                                        "Actual Startup Time": 0.033,
                                        "Actual Total Time": 898.288,
                                        "Actual Rows": 38972,
                                        "Actual Loops": 3,
                                        "Output": [
                                            "id",
                                            "flags"
                                        ],
                                        "Filter": "((tests_benchmark_flagtester015.flags & 20985) = 20985)",
                                        "Rows Removed by Filter": 19961029,
                                        "Shared Hit Blocks": 4800,
                                        "Shared Read Blocks": 319525,
                                        "Shared Dirtied Blocks": 0,
                                        "Shared Written Blocks": 0,
                                        "Local Hit Blocks": 0,
                                        "Local Read Blocks": 0,
                                        "Local Dirtied Blocks": 0,
                                        "Local Written Blocks": 0,
                                        "Temp Read Blocks": 0,
                                        "Temp Written Blocks": 0,
                                        "WAL Records": 0,
                                        "WAL FPI": 0,
                                        "WAL Bytes": 0,
                                        "Workers": [
                                            {
                                                "Worker Number": 0,
                                                "Actual Startup Time": 0.015,
                                                "Actual Total Time": 899.225,
                                                "Actual Rows": 38963,
                                                "Actual Loops": 1,
                                                "Shared Hit Blocks": 1416,
                                                "Shared Read Blocks": 106874,
                                                "Shared Dirtied Blocks": 0,
                                                "Shared Written Blocks": 0,
                                                "Local Hit Blocks": 0,
                                                "Local Read Blocks": 0,
                                                "Local Dirtied Blocks": 0,
                                                "Local Written Blocks": 0,
                                                "Temp Read Blocks": 0,
                                                "Temp Written Blocks": 0,
                                                "WAL Records": 0,
                                                "WAL FPI": 0,
                                                "WAL Bytes": 0
                                            },
                                            {
                                                "Worker Number": 1,
                                                "Actual Startup Time": 0.019,
                                                "Actual Total Time": 899.187,
                                                "Actual Rows": 39000,
                                                "Actual Loops": 1,
                                                "Shared Hit Blocks": 1416,
                                                "Shared Read Blocks": 106736,
                                                "Shared Dirtied Blocks": 0,
                                                "Shared Written Blocks": 0,
                                                "Local Hit Blocks": 0,
                                                "Local Read Blocks": 0,
                                                "Local Dirtied Blocks": 0,
                                                "Local Written Blocks": 0,
                                                "Temp Read Blocks": 0,
                                                "Temp Written Blocks": 0,
                                                "WAL Records": 0,
                                                "WAL FPI": 0,
                                                "WAL Bytes": 0
                                            }
                                        ]
                                    }
                                ]
                            },
                            "Settings": {},
                            "Planning": {
                                "Shared Hit Blocks": 0,
                                "Shared Read Blocks": 0,
                                "Shared Dirtied Blocks": 0,
                                "Shared Written Blocks": 0,
                                "Local Hit Blocks": 0,
                                "Local Read Blocks": 0,
                                "Local Dirtied Blocks": 0,
                                "Local Written Blocks": 0,
                                "Temp Read Blocks": 0,
                                "Temp Written Blocks": 0
                            },
                            "Planning Time": 0.033,
                            "Triggers": [],
                            "Execution Time": 909.763
                        },
                        "any_explanation": {
                            "Plan": {
                                "Node Type": "Seq Scan",
                                "Parallel Aware": false,
                                "Async Capable": false,
                                "Relation Name": "tests_benchmark_flagtester015",
                                "Schema": "public",
                                "Alias": "tests_benchmark_flagtester015",
                                "Startup Cost": 0.0,
                                "Total Cost": 1224325.0,
                                "Plan Rows": 20000000,
                                "Plan Width": 12,
                                "Actual Startup Time": 0.005,
                                "Actual Total Time": 3918.475,
                                "Actual Rows": 59883198,
                                "Actual Loops": 1,
                                "Output": [
                                    "id",
                                    "flags"
                                ],
                                "Filter": "((tests_benchmark_flagtester015.flags & 20985) > 0)",
                                "Rows Removed by Filter": 116803,
                                "Shared Hit Blocks": 4992,
                                "Shared Read Blocks": 319333,
                                "Shared Dirtied Blocks": 0,
                                "Shared Written Blocks": 0,
                                "Local Hit Blocks": 0,
                                "Local Read Blocks": 0,
                                "Local Dirtied Blocks": 0,
                                "Local Written Blocks": 0,
                                "Temp Read Blocks": 0,
                                "Temp Written Blocks": 0,
                                "WAL Records": 0,
                                "WAL FPI": 0,
                                "WAL Bytes": 0
                            },
                            "Settings": {},
                            "Planning": {
                                "Shared Hit Blocks": 0,
                                "Shared Read Blocks": 0,
                                "Shared Dirtied Blocks": 0,
                                "Shared Written Blocks": 0,
                                "Local Hit Blocks": 0,
                                "Local Read Blocks": 0,
                                "Local Dirtied Blocks": 0,
                                "Local Written Blocks": 0,
                                "Temp Read Blocks": 0,
                                "Temp Written Blocks": 0
                            },
                            "Planning Time": 0.03,
                            "Triggers": [],
                            "Execution Time": 5187.051
                        },
                        "exact_explanation": {
                            "Plan": {
                                "Node Type": "Gather",
                                "Parallel Aware": false,
                                "Async Capable": false,
                                "Startup Cost": 1000.0,
                                "Total Cost": 637915.9,
                                "Plan Rows": 909,
                                "Plan Width": 12,
                                "Actual Startup Time": 1.772,
                                "Actual Total Time": 876.549,
                                "Actual Rows": 861,
                                "Actual Loops": 1,
                                "Output": [
                                    "id",
                                    "flags"
                                ],
                                "Workers Planned": 2,
                                "Workers Launched": 2,
                                "Single Copy": false,
                                "Shared Hit Blocks": 5120,
                                "Shared Read Blocks": 319205,
                                "Shared Dirtied Blocks": 0,
                                "Shared Written Blocks": 0,
                                "Local Hit Blocks": 0,
                                "Local Read Blocks": 0,
                                "Local Dirtied Blocks": 0,
                                "Local Written Blocks": 0,
                                "Temp Read Blocks": 0,
                                "Temp Written Blocks": 0,
                                "WAL Records": 0,
                                "WAL FPI": 0,
                                "WAL Bytes": 0,
                                "Plans": [
                                    {
                                        "Node Type": "Seq Scan",
                                        "Parent Relationship": "Outer",
                                        "Parallel Aware": true,
                                        "Async Capable": false,
                                        "Relation Name": "tests_benchmark_flagtester015",
                                        "Schema": "public",
                                        "Alias": "tests_benchmark_flagtester015",
                                        "Startup Cost": 0.0,
                                        "Total Cost": 636825.0,
                                        "Plan Rows": 379,
                                        "Plan Width": 12,
                                        "Actual Startup Time": 1.62,
                                        "Actual Total Time": 870.961,
                                        "Actual Rows": 287,
                                        "Actual Loops": 3,
                                        "Output": [
                                            "id",
                                            "flags"
                                        ],
                                        "Filter": "(tests_benchmark_flagtester015.flags = 20985)",
                                        "Rows Removed by Filter": 19999713,
                                        "Shared Hit Blocks": 5120,
                                        "Shared Read Blocks": 319205,
                                        "Shared Dirtied Blocks": 0,
                                        "Shared Written Blocks": 0,
                                        "Local Hit Blocks": 0,
                                        "Local Read Blocks": 0,
                                        "Local Dirtied Blocks": 0,
                                        "Local Written Blocks": 0,
                                        "Temp Read Blocks": 0,
                                        "Temp Written Blocks": 0,
                                        "WAL Records": 0,
                                        "WAL FPI": 0,
                                        "WAL Bytes": 0,
                                        "Workers": [
                                            {
                                                "Worker Number": 0,
                                                "Actual Startup Time": 2.907,
                                                "Actual Total Time": 864.172,
                                                "Actual Rows": 270,
                                                "Actual Loops": 1,
                                                "Shared Hit Blocks": 742,
                                                "Shared Read Blocks": 106810,
                                                "Shared Dirtied Blocks": 0,
                                                "Shared Written Blocks": 0,
                                                "Local Hit Blocks": 0,
                                                "Local Read Blocks": 0,
                                                "Local Dirtied Blocks": 0,
                                                "Local Written Blocks": 0,
                                                "Temp Read Blocks": 0,
                                                "Temp Written Blocks": 0,
                                                "WAL Records": 0,
                                                "WAL FPI": 0,
                                                "WAL Bytes": 0
                                            },
                                            {
                                                "Worker Number": 1,
                                                "Actual Startup Time": 0.249,
                                                "Actual Total Time": 873.262,
                                                "Actual Rows": 301,
                                                "Actual Loops": 1,
                                                "Shared Hit Blocks": 1973,
                                                "Shared Read Blocks": 105803,
                                                "Shared Dirtied Blocks": 0,
                                                "Shared Written Blocks": 0,
                                                "Local Hit Blocks": 0,
                                                "Local Read Blocks": 0,
                                                "Local Dirtied Blocks": 0,
                                                "Local Written Blocks": 0,
                                                "Temp Read Blocks": 0,
                                                "Temp Written Blocks": 0,
                                                "WAL Records": 0,
                                                "WAL FPI": 0,
                                                "WAL Bytes": 0
                                            }
                                        ]
                                    }
                                ]
                            },
                            "Settings": {},
                            "Planning": {
                                "Shared Hit Blocks": 0,
                                "Shared Read Blocks": 0,
                                "Shared Dirtied Blocks": 0,
                                "Shared Written Blocks": 0,
                                "Local Hit Blocks": 0,
                                "Local Read Blocks": 0,
                                "Local Dirtied Blocks": 0,
                                "Local Written Blocks": 0,
                                "Temp Read Blocks": 0,
                                "Temp Written Blocks": 0
                            },
                            "Planning Time": 0.042,
                            "Triggers": [],
                            "Execution Time": 876.598
                        },
                        "all_ftr_time": 1.5100905000000004,
                        "any_ftr_time": 95.29464660000001,
                        "exact_ftr_time": 1.1212738
                    },
                    "80000000": {
                        "all_time": 3.765846654190682,
                        "any_time": 4.039025562419556,
                        "exact_time": 3.268989941617474,
                        "table_size": 5339348992.0,
                        "index_time": 6.166985258460045e-06,
                        "all_explanation": {
                            "Plan": {
                                "Node Type": "Gather",
                                "Parallel Aware": false,
                                "Async Capable": false,
                                "Startup Cost": 1000.0,
                                "Total Cost": 973433.0,
                                "Plan Rows": 400000,
                                "Plan Width": 12,
                                "Actual Startup Time": 0.274,
                                "Actual Total Time": 3234.428,
                                "Actual Rows": 38892,
                                "Actual Loops": 1,
                                "Output": [
                                    "id",
                                    "flags"
                                ],
                                "Workers Planned": 2,
                                "Workers Launched": 2,
                                "Single Copy": false,
                                "Shared Hit Blocks": 4800,
                                "Shared Read Blocks": 427633,
                                "Shared Dirtied Blocks": 0,
                                "Shared Written Blocks": 0,
                                "Local Hit Blocks": 0,
                                "Local Read Blocks": 0,
                                "Local Dirtied Blocks": 0,
                                "Local Written Blocks": 0,
                                "Temp Read Blocks": 0,
                                "Temp Written Blocks": 0,
                                "WAL Records": 0,
                                "WAL FPI": 0,
                                "WAL Bytes": 0,
                                "Plans": [
                                    {
                                        "Node Type": "Seq Scan",
                                        "Parent Relationship": "Outer",
                                        "Parallel Aware": true,
                                        "Async Capable": false,
                                        "Relation Name": "tests_benchmark_flagtester015",
                                        "Schema": "public",
                                        "Alias": "tests_benchmark_flagtester015",
                                        "Startup Cost": 0.0,
                                        "Total Cost": 932433.0,
                                        "Plan Rows": 166667,
                                        "Plan Width": 12,
                                        "Actual Startup Time": 0.12,
                                        "Actual Total Time": 3221.707,
                                        "Actual Rows": 12964,
                                        "Actual Loops": 3,
                                        "Output": [
                                            "id",
                                            "flags"
                                        ],
                                        "Filter": "((tests_benchmark_flagtester015.flags & 45807) = 45807)",
                                        "Rows Removed by Filter": 26653703,
                                        "Shared Hit Blocks": 4800,
                                        "Shared Read Blocks": 427633,
                                        "Shared Dirtied Blocks": 0,
                                        "Shared Written Blocks": 0,
                                        "Local Hit Blocks": 0,
                                        "Local Read Blocks": 0,
                                        "Local Dirtied Blocks": 0,
                                        "Local Written Blocks": 0,
                                        "Temp Read Blocks": 0,
                                        "Temp Written Blocks": 0,
                                        "WAL Records": 0,
                                        "WAL FPI": 0,
                                        "WAL Bytes": 0,
                                        "Workers": [
                                            {
                                                "Worker Number": 0,
                                                "Actual Startup Time": 0.11,
                                                "Actual Total Time": 3217.663,
                                                "Actual Rows": 13170,
                                                "Actual Loops": 1,
                                                "Shared Hit Blocks": 1579,
                                                "Shared Read Blocks": 143062,
                                                "Shared Dirtied Blocks": 0,
                                                "Shared Written Blocks": 0,
                                                "Local Hit Blocks": 0,
                                                "Local Read Blocks": 0,
                                                "Local Dirtied Blocks": 0,
                                                "Local Written Blocks": 0,
                                                "Temp Read Blocks": 0,
                                                "Temp Written Blocks": 0,
                                                "WAL Records": 0,
                                                "WAL FPI": 0,
                                                "WAL Bytes": 0
                                            },
                                            {
                                                "Worker Number": 1,
                                                "Actual Startup Time": 0.03,
                                                "Actual Total Time": 3217.652,
                                                "Actual Rows": 12829,
                                                "Actual Loops": 1,
                                                "Shared Hit Blocks": 1536,
                                                "Shared Read Blocks": 143035,
                                                "Shared Dirtied Blocks": 0,
                                                "Shared Written Blocks": 0,
                                                "Local Hit Blocks": 0,
                                                "Local Read Blocks": 0,
                                                "Local Dirtied Blocks": 0,
                                                "Local Written Blocks": 0,
                                                "Temp Read Blocks": 0,
                                                "Temp Written Blocks": 0,
                                                "WAL Records": 0,
                                                "WAL FPI": 0,
                                                "WAL Bytes": 0
                                            }
                                        ]
                                    }
                                ]
                            },
                            "Settings": {},
                            "Planning": {
                                "Shared Hit Blocks": 0,
                                "Shared Read Blocks": 0,
                                "Shared Dirtied Blocks": 0,
                                "Shared Written Blocks": 0,
                                "Local Hit Blocks": 0,
                                "Local Read Blocks": 0,
                                "Local Dirtied Blocks": 0,
                                "Local Written Blocks": 0,
                                "Temp Read Blocks": 0,
                                "Temp Written Blocks": 0
                            },
                            "Planning Time": 0.034,
                            "Triggers": [],
                            "Execution Time": 3235.5
                        },
                        "any_explanation": {
                            "Plan": {
                                "Node Type": "Seq Scan",
                                "Parallel Aware": false,
                                "Async Capable": false,
                                "Relation Name": "tests_benchmark_flagtester015",
                                "Schema": "public",
                                "Alias": "tests_benchmark_flagtester015",
                                "Startup Cost": 0.0,
                                "Total Cost": 1632433.0,
                                "Plan Rows": 26666667,
                                "Plan Width": 12,
                                "Actual Startup Time": 0.138,
                                "Actual Total Time": 4636.907,
                                "Actual Rows": 79960999,
                                "Actual Loops": 1,
                                "Output": [
                                    "id",
                                    "flags"
                                ],
                                "Filter": "((tests_benchmark_flagtester015.flags & 45807) > 0)",
                                "Rows Removed by Filter": 39002,
                                "Shared Hit Blocks": 4992,
                                "Shared Read Blocks": 427441,
                                "Shared Dirtied Blocks": 0,
                                "Shared Written Blocks": 0,
                                "Local Hit Blocks": 0,
                                "Local Read Blocks": 0,
                                "Local Dirtied Blocks": 0,
                                "Local Written Blocks": 0,
                                "Temp Read Blocks": 0,
                                "Temp Written Blocks": 0,
                                "WAL Records": 0,
                                "WAL FPI": 0,
                                "WAL Bytes": 0
                            },
                            "Settings": {},
                            "Planning": {
                                "Shared Hit Blocks": 0,
                                "Shared Read Blocks": 0,
                                "Shared Dirtied Blocks": 0,
                                "Shared Written Blocks": 0,
                                "Local Hit Blocks": 0,
                                "Local Read Blocks": 0,
                                "Local Dirtied Blocks": 0,
                                "Local Written Blocks": 0,
                                "Temp Read Blocks": 0,
                                "Temp Written Blocks": 0
                            },
                            "Planning Time": 0.051,
                            "Triggers": [],
                            "Execution Time": 6241.988
                        },
                        "exact_explanation": {
                            "Plan": {
                                "Node Type": "Gather",
                                "Parallel Aware": false,
                                "Async Capable": false,
                                "Startup Cost": 1000.0,
                                "Total Cost": 850220.77,
                                "Plan Rows": 1211,
                                "Plan Width": 12,
                                "Actual Startup Time": 1.008,
                                "Actual Total Time": 3587.058,
                                "Actual Rows": 1227,
                                "Actual Loops": 1,
                                "Output": [
                                    "id",
                                    "flags"
                                ],
                                "Workers Planned": 2,
                                "Workers Launched": 2,
                                "Single Copy": false,
                                "Shared Hit Blocks": 5120,
                                "Shared Read Blocks": 427313,
                                "Shared Dirtied Blocks": 0,
                                "Shared Written Blocks": 0,
                                "Local Hit Blocks": 0,
                                "Local Read Blocks": 0,
                                "Local Dirtied Blocks": 0,
                                "Local Written Blocks": 0,
                                "Temp Read Blocks": 0,
                                "Temp Written Blocks": 0,
                                "WAL Records": 0,
                                "WAL FPI": 0,
                                "WAL Bytes": 0,
                                "Plans": [
                                    {
                                        "Node Type": "Seq Scan",
                                        "Parent Relationship": "Outer",
                                        "Parallel Aware": true,
                                        "Async Capable": false,
                                        "Relation Name": "tests_benchmark_flagtester015",
                                        "Schema": "public",
                                        "Alias": "tests_benchmark_flagtester015",
                                        "Startup Cost": 0.0,
                                        "Total Cost": 849099.67,
                                        "Plan Rows": 505,
                                        "Plan Width": 12,
                                        "Actual Startup Time": 25.57,
                                        "Actual Total Time": 3580.981,
                                        "Actual Rows": 409,
                                        "Actual Loops": 3,
                                        "Output": [
                                            "id",
                                            "flags"
                                        ],
                                        "Filter": "(tests_benchmark_flagtester015.flags = 45807)",
                                        "Rows Removed by Filter": 26666258,
                                        "Shared Hit Blocks": 5120,
                                        "Shared Read Blocks": 427313,
                                        "Shared Dirtied Blocks": 0,
                                        "Shared Written Blocks": 0,
                                        "Local Hit Blocks": 0,
                                        "Local Read Blocks": 0,
                                        "Local Dirtied Blocks": 0,
                                        "Local Written Blocks": 0,
                                        "Temp Read Blocks": 0,
                                        "Temp Written Blocks": 0,
                                        "WAL Records": 0,
                                        "WAL FPI": 0,
                                        "WAL Bytes": 0,
                                        "Workers": [
                                            {
                                                "Worker Number": 0,
                                                "Actual Startup Time": 25.268,
                                                "Actual Total Time": 3583.305,
                                                "Actual Rows": 435,
                                                "Actual Loops": 1,
                                                "Shared Hit Blocks": 1624,
                                                "Shared Read Blocks": 141920,
                                                "Shared Dirtied Blocks": 0,
                                                "Shared Written Blocks": 0,
                                                "Local Hit Blocks": 0,
                                                "Local Read Blocks": 0,
                                                "Local Dirtied Blocks": 0,
                                                "Local Written Blocks": 0,
                                                "Temp Read Blocks": 0,
                                                "Temp Written Blocks": 0,
                                                "WAL Records": 0,
                                                "WAL FPI": 0,
                                                "WAL Bytes": 0
                                            },
                                            {
                                                "Worker Number": 1,
                                                "Actual Startup Time": 50.496,
                                                "Actual Total Time": 3574.359,
                                                "Actual Rows": 406,
                                                "Actual Loops": 1,
                                                "Shared Hit Blocks": 1672,
                                                "Shared Read Blocks": 142176,
                                                "Shared Dirtied Blocks": 0,
                                                "Shared Written Blocks": 0,
                                                "Local Hit Blocks": 0,
                                                "Local Read Blocks": 0,
                                                "Local Dirtied Blocks": 0,
                                                "Local Written Blocks": 0,
                                                "Temp Read Blocks": 0,
                                                "Temp Written Blocks": 0,
                                                "WAL Records": 0,
                                                "WAL FPI": 0,
                                                "WAL Bytes": 0
                                            }
                                        ]
                                    }
                                ]
                            },
                            "Settings": {},
                            "Planning": {
                                "Shared Hit Blocks": 0,
                                "Shared Read Blocks": 0,
                                "Shared Dirtied Blocks": 0,
                                "Shared Written Blocks": 0,
                                "Local Hit Blocks": 0,
                                "Local Read Blocks": 0,
                                "Local Dirtied Blocks": 0,
                                "Local Written Blocks": 0,
                                "Temp Read Blocks": 0,
                                "Temp Written Blocks": 0
                            },
                            "Planning Time": 0.035,
                            "Triggers": [],
                            "Execution Time": 3587.136
                        },
                        "all_ftr_time": 3.7853003999999992,
                        "any_ftr_time": 6.191020600000001,
                        "exact_ftr_time": 3.2919951000000003
                    },
                    "100000000": {
                        "all_time": 6.0682068293215705,
                        "any_time": 6.408278087386861,
                        "exact_time": 5.221161962498445,
                        "table_size": 6674186240.0,
                        "index_time": 1.2542004697024822e-05,
                        "all_explanation": {
                            "Plan": {
                                "Node Type": "Gather",
                                "Parallel Aware": false,
                                "Async Capable": false,
                                "Startup Cost": 1000.0,
                                "Total Cost": 1216541.55,
                                "Plan Rows": 500000,
                                "Plan Width": 12,
                                "Actual Startup Time": 0.697,
                                "Actual Total Time": 5150.238,
                                "Actual Rows": 97659,
                                "Actual Loops": 1,
                                "Output": [
                                    "id",
                                    "flags"
                                ],
                                "Workers Planned": 2,
                                "Workers Launched": 2,
                                "Single Copy": false,
                                "Shared Hit Blocks": 4768,
                                "Shared Read Blocks": 535773,
                                "Shared Dirtied Blocks": 0,
                                "Shared Written Blocks": 0,
                                "Local Hit Blocks": 0,
                                "Local Read Blocks": 0,
                                "Local Dirtied Blocks": 0,
                                "Local Written Blocks": 0,
                                "Temp Read Blocks": 0,
                                "Temp Written Blocks": 0,
                                "WAL Records": 0,
                                "WAL FPI": 0,
                                "WAL Bytes": 0,
                                "Plans": [
                                    {
                                        "Node Type": "Seq Scan",
                                        "Parent Relationship": "Outer",
                                        "Parallel Aware": true,
                                        "Async Capable": false,
                                        "Relation Name": "tests_benchmark_flagtester015",
                                        "Schema": "public",
                                        "Alias": "tests_benchmark_flagtester015",
                                        "Startup Cost": 0.0,
                                        "Total Cost": 1165541.55,
                                        "Plan Rows": 208333,
                                        "Plan Width": 12,
                                        "Actual Startup Time": 4.303,
                                        "Actual Total Time": 5141.799,
                                        "Actual Rows": 32553,
                                        "Actual Loops": 3,
                                        "Output": [
                                            "id",
                                            "flags"
                                        ],
                                        "Filter": "((tests_benchmark_flagtester015.flags & 44972) = 44972)",
                                        "Rows Removed by Filter": 33300781,
                                        "Shared Hit Blocks": 4768,
                                        "Shared Read Blocks": 535773,
                                        "Shared Dirtied Blocks": 0,
                                        "Shared Written Blocks": 0,
                                        "Local Hit Blocks": 0,
                                        "Local Read Blocks": 0,
                                        "Local Dirtied Blocks": 0,
                                        "Local Written Blocks": 0,
                                        "Temp Read Blocks": 0,
                                        "Temp Written Blocks": 0,
                                        "WAL Records": 0,
                                        "WAL FPI": 0,
                                        "WAL Bytes": 0,
                                        "Workers": [
                                            {
                                                "Worker Number": 0,
                                                "Actual Startup Time": 5.816,
                                                "Actual Total Time": 5142.663,
                                                "Actual Rows": 32797,
                                                "Actual Loops": 1,
                                                "Shared Hit Blocks": 1555,
                                                "Shared Read Blocks": 179232,
                                                "Shared Dirtied Blocks": 0,
                                                "Shared Written Blocks": 0,
                                                "Local Hit Blocks": 0,
                                                "Local Read Blocks": 0,
                                                "Local Dirtied Blocks": 0,
                                                "Local Written Blocks": 0,
                                                "Temp Read Blocks": 0,
                                                "Temp Written Blocks": 0,
                                                "WAL Records": 0,
                                                "WAL FPI": 0,
                                                "WAL Bytes": 0
                                            },
                                            {
                                                "Worker Number": 1,
                                                "Actual Startup Time": 6.49,
                                                "Actual Total Time": 5142.611,
                                                "Actual Rows": 32681,
                                                "Actual Loops": 1,
                                                "Shared Hit Blocks": 1557,
                                                "Shared Read Blocks": 179424,
                                                "Shared Dirtied Blocks": 0,
                                                "Shared Written Blocks": 0,
                                                "Local Hit Blocks": 0,
                                                "Local Read Blocks": 0,
                                                "Local Dirtied Blocks": 0,
                                                "Local Written Blocks": 0,
                                                "Temp Read Blocks": 0,
                                                "Temp Written Blocks": 0,
                                                "WAL Records": 0,
                                                "WAL FPI": 0,
                                                "WAL Bytes": 0
                                            }
                                        ]
                                    }
                                ]
                            },
                            "Settings": {},
                            "Planning": {
                                "Shared Hit Blocks": 0,
                                "Shared Read Blocks": 0,
                                "Shared Dirtied Blocks": 0,
                                "Shared Written Blocks": 0,
                                "Local Hit Blocks": 0,
                                "Local Read Blocks": 0,
                                "Local Dirtied Blocks": 0,
                                "Local Written Blocks": 0,
                                "Temp Read Blocks": 0,
                                "Temp Written Blocks": 0
                            },
                            "Planning Time": 0.034,
                            "Triggers": [],
                            "Execution Time": 5152.999
                        },
                        "any_explanation": {
                            "Plan": {
                                "Node Type": "Seq Scan",
                                "Parallel Aware": false,
                                "Async Capable": false,
                                "Relation Name": "tests_benchmark_flagtester015",
                                "Schema": "public",
                                "Alias": "tests_benchmark_flagtester015",
                                "Startup Cost": 0.0,
                                "Total Cost": 2040542.32,
                                "Plan Rows": 33333363,
                                "Plan Width": 12,
                                "Actual Startup Time": 0.208,
                                "Actual Total Time": 5590.503,
                                "Actual Rows": 99901768,
                                "Actual Loops": 1,
                                "Output": [
                                    "id",
                                    "flags"
                                ],
                                "Filter": "((tests_benchmark_flagtester015.flags & 44972) > 0)",
                                "Rows Removed by Filter": 98233,
                                "Shared Hit Blocks": 4960,
                                "Shared Read Blocks": 535581,
                                "Shared Dirtied Blocks": 0,
                                "Shared Written Blocks": 0,
                                "Local Hit Blocks": 0,
                                "Local Read Blocks": 0,
                                "Local Dirtied Blocks": 0,
                                "Local Written Blocks": 0,
                                "Temp Read Blocks": 0,
                                "Temp Written Blocks": 0,
                                "WAL Records": 0,
                                "WAL FPI": 0,
                                "WAL Bytes": 0
                            },
                            "Settings": {},
                            "Planning": {
                                "Shared Hit Blocks": 0,
                                "Shared Read Blocks": 0,
                                "Shared Dirtied Blocks": 0,
                                "Shared Written Blocks": 0,
                                "Local Hit Blocks": 0,
                                "Local Read Blocks": 0,
                                "Local Dirtied Blocks": 0,
                                "Local Written Blocks": 0,
                                "Temp Read Blocks": 0,
                                "Temp Written Blocks": 0
                            },
                            "Planning Time": 0.029,
                            "Triggers": [],
                            "Execution Time": 7601.118
                        },
                        "exact_explanation": {
                            "Plan": {
                                "Node Type": "Gather",
                                "Parallel Aware": false,
                                "Async Capable": false,
                                "Startup Cost": 1000.0,
                                "Total Cost": 1062529.69,
                                "Plan Rows": 1549,
                                "Plan Width": 12,
                                "Actual Startup Time": 7.178,
                                "Actual Total Time": 5526.068,
                                "Actual Rows": 1472,
                                "Actual Loops": 1,
                                "Output": [
                                    "id",
                                    "flags"
                                ],
                                "Workers Planned": 2,
                                "Workers Launched": 2,
                                "Single Copy": false,
                                "Shared Hit Blocks": 5088,
                                "Shared Read Blocks": 535453,
                                "Shared Dirtied Blocks": 0,
                                "Shared Written Blocks": 0,
                                "Local Hit Blocks": 0,
                                "Local Read Blocks": 0,
                                "Local Dirtied Blocks": 0,
                                "Local Written Blocks": 0,
                                "Temp Read Blocks": 0,
                                "Temp Written Blocks": 0,
                                "WAL Records": 0,
                                "WAL FPI": 0,
                                "WAL Bytes": 0,
                                "Plans": [
                                    {
                                        "Node Type": "Seq Scan",
                                        "Parent Relationship": "Outer",
                                        "Parallel Aware": true,
                                        "Async Capable": false,
                                        "Relation Name": "tests_benchmark_flagtester015",
                                        "Schema": "public",
                                        "Alias": "tests_benchmark_flagtester015",
                                        "Startup Cost": 0.0,
                                        "Total Cost": 1061374.79,
                                        "Plan Rows": 645,
                                        "Plan Width": 12,
                                        "Actual Startup Time": 5.432,
                                        "Actual Total Time": 5523.446,
                                        "Actual Rows": 491,
                                        "Actual Loops": 3,
                                        "Output": [
                                            "id",
                                            "flags"
                                        ],
                                        "Filter": "(tests_benchmark_flagtester015.flags = 44972)",
                                        "Rows Removed by Filter": 33332843,
                                        "Shared Hit Blocks": 5088,
                                        "Shared Read Blocks": 535453,
                                        "Shared Dirtied Blocks": 0,
                                        "Shared Written Blocks": 0,
                                        "Local Hit Blocks": 0,
                                        "Local Read Blocks": 0,
                                        "Local Dirtied Blocks": 0,
                                        "Local Written Blocks": 0,
                                        "Temp Read Blocks": 0,
                                        "Temp Written Blocks": 0,
                                        "WAL Records": 0,
                                        "WAL FPI": 0,
                                        "WAL Bytes": 0,
                                        "Workers": [
                                            {
                                                "Worker Number": 0,
                                                "Actual Startup Time": 0.999,
                                                "Actual Total Time": 5522.845,
                                                "Actual Rows": 521,
                                                "Actual Loops": 1,
                                                "Shared Hit Blocks": 1632,
                                                "Shared Read Blocks": 178592,
                                                "Shared Dirtied Blocks": 0,
                                                "Shared Written Blocks": 0,
                                                "Local Hit Blocks": 0,
                                                "Local Read Blocks": 0,
                                                "Local Dirtied Blocks": 0,
                                                "Local Written Blocks": 0,
                                                "Temp Read Blocks": 0,
                                                "Temp Written Blocks": 0,
                                                "WAL Records": 0,
                                                "WAL FPI": 0,
                                                "WAL Bytes": 0
                                            },
                                            {
                                                "Worker Number": 1,
                                                "Actual Startup Time": 8.176,
                                                "Actual Total Time": 5522.834,
                                                "Actual Rows": 467,
                                                "Actual Loops": 1,
                                                "Shared Hit Blocks": 1655,
                                                "Shared Read Blocks": 179840,
                                                "Shared Dirtied Blocks": 0,
                                                "Shared Written Blocks": 0,
                                                "Local Hit Blocks": 0,
                                                "Local Read Blocks": 0,
                                                "Local Dirtied Blocks": 0,
                                                "Local Written Blocks": 0,
                                                "Temp Read Blocks": 0,
                                                "Temp Written Blocks": 0,
                                                "WAL Records": 0,
                                                "WAL FPI": 0,
                                                "WAL Bytes": 0
                                            }
                                        ]
                                    }
                                ]
                            },
                            "Settings": {},
                            "Planning": {
                                "Shared Hit Blocks": 0,
                                "Shared Read Blocks": 0,
                                "Shared Dirtied Blocks": 0,
                                "Shared Written Blocks": 0,
                                "Local Hit Blocks": 0,
                                "Local Read Blocks": 0,
                                "Local Dirtied Blocks": 0,
                                "Local Written Blocks": 0,
                                "Temp Read Blocks": 0,
                                "Temp Written Blocks": 0
                            },
                            "Planning Time": 0.035,
                            "Triggers": [],
                            "Execution Time": 5526.164
                        },
                        "all_ftr_time": 6.0884137,
                        "any_ftr_time": 7.652609300000001,
                        "exact_ftr_time": 5.3888382
                    }
                }
            },
            "[FLAG] Single Index": {
                "16": {
                    "10": {
                        "all_time": 0.0005949332844465971,
                        "any_time": 0.0005429540993645787,
                        "exact_time": 0.00044111243914812803,
                        "table_size": 40960.0,
                        "index_time": 0.0006786249577999115,
                        "all_explanation": {
                            "Plan": {
                                "Node Type": "Seq Scan",
                                "Parallel Aware": false,
                                "Async Capable": false,
                                "Relation Name": "tests_benchmark_flagtester015",
                                "Schema": "public",
                                "Alias": "tests_benchmark_flagtester015",
                                "Startup Cost": 0.0,
                                "Total Cost": 1.17,
                                "Plan Rows": 1,
                                "Plan Width": 12,
                                "Actual Startup Time": 0.002,
                                "Actual Total Time": 0.002,
                                "Actual Rows": 0,
                                "Actual Loops": 1,
                                "Output": [
                                    "id",
                                    "flags"
                                ],
                                "Filter": "((tests_benchmark_flagtester015.flags & 51933) = 51933)",
                                "Rows Removed by Filter": 11,
                                "Shared Hit Blocks": 1,
                                "Shared Read Blocks": 0,
                                "Shared Dirtied Blocks": 0,
                                "Shared Written Blocks": 0,
                                "Local Hit Blocks": 0,
                                "Local Read Blocks": 0,
                                "Local Dirtied Blocks": 0,
                                "Local Written Blocks": 0,
                                "Temp Read Blocks": 0,
                                "Temp Written Blocks": 0,
                                "WAL Records": 0,
                                "WAL FPI": 0,
                                "WAL Bytes": 0
                            },
                            "Settings": {},
                            "Planning": {
                                "Shared Hit Blocks": 0,
                                "Shared Read Blocks": 0,
                                "Shared Dirtied Blocks": 0,
                                "Shared Written Blocks": 0,
                                "Local Hit Blocks": 0,
                                "Local Read Blocks": 0,
                                "Local Dirtied Blocks": 0,
                                "Local Written Blocks": 0,
                                "Temp Read Blocks": 0,
                                "Temp Written Blocks": 0
                            },
                            "Planning Time": 0.008,
                            "Triggers": [],
                            "Execution Time": 0.003
                        },
                        "any_explanation": {
                            "Plan": {
                                "Node Type": "Seq Scan",
                                "Parallel Aware": false,
                                "Async Capable": false,
                                "Relation Name": "tests_benchmark_flagtester015",
                                "Schema": "public",
                                "Alias": "tests_benchmark_flagtester015",
                                "Startup Cost": 0.0,
                                "Total Cost": 1.17,
                                "Plan Rows": 4,
                                "Plan Width": 12,
                                "Actual Startup Time": 0.001,
                                "Actual Total Time": 0.002,
                                "Actual Rows": 11,
                                "Actual Loops": 1,
                                "Output": [
                                    "id",
                                    "flags"
                                ],
                                "Filter": "((tests_benchmark_flagtester015.flags & 51933) > 0)",
                                "Rows Removed by Filter": 0,
                                "Shared Hit Blocks": 1,
                                "Shared Read Blocks": 0,
                                "Shared Dirtied Blocks": 0,
                                "Shared Written Blocks": 0,
                                "Local Hit Blocks": 0,
                                "Local Read Blocks": 0,
                                "Local Dirtied Blocks": 0,
                                "Local Written Blocks": 0,
                                "Temp Read Blocks": 0,
                                "Temp Written Blocks": 0,
                                "WAL Records": 0,
                                "WAL FPI": 0,
                                "WAL Bytes": 0
                            },
                            "Settings": {},
                            "Planning": {
                                "Shared Hit Blocks": 0,
                                "Shared Read Blocks": 0,
                                "Shared Dirtied Blocks": 0,
                                "Shared Written Blocks": 0,
                                "Local Hit Blocks": 0,
                                "Local Read Blocks": 0,
                                "Local Dirtied Blocks": 0,
                                "Local Written Blocks": 0,
                                "Temp Read Blocks": 0,
                                "Temp Written Blocks": 0
                            },
                            "Planning Time": 0.006,
                            "Triggers": [],
                            "Execution Time": 0.003
                        },
                        "exact_explanation": {
                            "Plan": {
                                "Node Type": "Seq Scan",
                                "Parallel Aware": false,
                                "Async Capable": false,
                                "Relation Name": "tests_benchmark_flagtester015",
                                "Schema": "public",
                                "Alias": "tests_benchmark_flagtester015",
                                "Startup Cost": 0.0,
                                "Total Cost": 1.14,
                                "Plan Rows": 1,
                                "Plan Width": 12,
                                "Actual Startup Time": 0.001,
                                "Actual Total Time": 0.001,
                                "Actual Rows": 0,
                                "Actual Loops": 1,
                                "Output": [
                                    "id",
                                    "flags"
                                ],
                                "Filter": "(tests_benchmark_flagtester015.flags = 51933)",
                                "Rows Removed by Filter": 11,
                                "Shared Hit Blocks": 1,
                                "Shared Read Blocks": 0,
                                "Shared Dirtied Blocks": 0,
                                "Shared Written Blocks": 0,
                                "Local Hit Blocks": 0,
                                "Local Read Blocks": 0,
                                "Local Dirtied Blocks": 0,
                                "Local Written Blocks": 0,
                                "Temp Read Blocks": 0,
                                "Temp Written Blocks": 0,
                                "WAL Records": 0,
                                "WAL FPI": 0,
                                "WAL Bytes": 0
                            },
                            "Settings": {},
                            "Planning": {
                                "Shared Hit Blocks": 0,
                                "Shared Read Blocks": 0,
                                "Shared Dirtied Blocks": 0,
                                "Shared Written Blocks": 0,
                                "Local Hit Blocks": 0,
                                "Local Read Blocks": 0,
                                "Local Dirtied Blocks": 0,
                                "Local Written Blocks": 0,
                                "Temp Read Blocks": 0,
                                "Temp Written Blocks": 0
                            },
                            "Planning Time": 0.007,
                            "Triggers": [],
                            "Execution Time": 0.003
                        },
                        "all_ftr_time": 3.0999999999999995e-06,
                        "any_ftr_time": 3.2000000000000003e-06,
                        "exact_ftr_time": 3.2000000000000003e-06
                    },
                    "100": {
                        "all_time": 0.0005695708328858018,
                        "any_time": 0.0004553874721750617,
                        "exact_time": 0.0004190875682979822,
                        "table_size": 40960.0,
                        "index_time": 0.0008817499037832022,
                        "all_explanation": {
                            "Plan": {
                                "Node Type": "Seq Scan",
                                "Parallel Aware": false,
                                "Async Capable": false,
                                "Relation Name": "tests_benchmark_flagtester015",
                                "Schema": "public",
                                "Alias": "tests_benchmark_flagtester015",
                                "Startup Cost": 0.0,
                                "Total Cost": 2.51,
                                "Plan Rows": 1,
                                "Plan Width": 12,
                                "Actual Startup Time": 0.004,
                                "Actual Total Time": 0.004,
                                "Actual Rows": 0,
                                "Actual Loops": 1,
                                "Output": [
                                    "id",
                                    "flags"
                                ],
                                "Filter": "((tests_benchmark_flagtester015.flags & 61762) = 61762)",
                                "Rows Removed by Filter": 101,
                                "Shared Hit Blocks": 1,
                                "Shared Read Blocks": 0,
                                "Shared Dirtied Blocks": 0,
                                "Shared Written Blocks": 0,
                                "Local Hit Blocks": 0,
                                "Local Read Blocks": 0,
                                "Local Dirtied Blocks": 0,
                                "Local Written Blocks": 0,
                                "Temp Read Blocks": 0,
                                "Temp Written Blocks": 0,
                                "WAL Records": 0,
                                "WAL FPI": 0,
                                "WAL Bytes": 0
                            },
                            "Settings": {},
                            "Planning": {
                                "Shared Hit Blocks": 0,
                                "Shared Read Blocks": 0,
                                "Shared Dirtied Blocks": 0,
                                "Shared Written Blocks": 0,
                                "Local Hit Blocks": 0,
                                "Local Read Blocks": 0,
                                "Local Dirtied Blocks": 0,
                                "Local Written Blocks": 0,
                                "Temp Read Blocks": 0,
                                "Temp Written Blocks": 0
                            },
                            "Planning Time": 0.006,
                            "Triggers": [],
                            "Execution Time": 0.006
                        },
                        "any_explanation": {
                            "Plan": {
                                "Node Type": "Seq Scan",
                                "Parallel Aware": false,
                                "Async Capable": false,
                                "Relation Name": "tests_benchmark_flagtester015",
                                "Schema": "public",
                                "Alias": "tests_benchmark_flagtester015",
                                "Startup Cost": 0.0,
                                "Total Cost": 2.51,
                                "Plan Rows": 34,
                                "Plan Width": 12,
                                "Actual Startup Time": 0.002,
                                "Actual Total Time": 0.006,
                                "Actual Rows": 100,
                                "Actual Loops": 1,
                                "Output": [
                                    "id",
                                    "flags"
                                ],
                                "Filter": "((tests_benchmark_flagtester015.flags & 61762) > 0)",
                                "Rows Removed by Filter": 1,
                                "Shared Hit Blocks": 1,
                                "Shared Read Blocks": 0,
                                "Shared Dirtied Blocks": 0,
                                "Shared Written Blocks": 0,
                                "Local Hit Blocks": 0,
                                "Local Read Blocks": 0,
                                "Local Dirtied Blocks": 0,
                                "Local Written Blocks": 0,
                                "Temp Read Blocks": 0,
                                "Temp Written Blocks": 0,
                                "WAL Records": 0,
                                "WAL FPI": 0,
                                "WAL Bytes": 0
                            },
                            "Settings": {},
                            "Planning": {
                                "Shared Hit Blocks": 0,
                                "Shared Read Blocks": 0,
                                "Shared Dirtied Blocks": 0,
                                "Shared Written Blocks": 0,
                                "Local Hit Blocks": 0,
                                "Local Read Blocks": 0,
                                "Local Dirtied Blocks": 0,
                                "Local Written Blocks": 0,
                                "Temp Read Blocks": 0,
                                "Temp Written Blocks": 0
                            },
                            "Planning Time": 0.006,
                            "Triggers": [],
                            "Execution Time": 0.009
                        },
                        "exact_explanation": {
                            "Plan": {
                                "Node Type": "Seq Scan",
                                "Parallel Aware": false,
                                "Async Capable": false,
                                "Relation Name": "tests_benchmark_flagtester015",
                                "Schema": "public",
                                "Alias": "tests_benchmark_flagtester015",
                                "Startup Cost": 0.0,
                                "Total Cost": 2.26,
                                "Plan Rows": 1,
                                "Plan Width": 12,
                                "Actual Startup Time": 0.004,
                                "Actual Total Time": 0.004,
                                "Actual Rows": 0,
                                "Actual Loops": 1,
                                "Output": [
                                    "id",
                                    "flags"
                                ],
                                "Filter": "(tests_benchmark_flagtester015.flags = 61762)",
                                "Rows Removed by Filter": 101,
                                "Shared Hit Blocks": 1,
                                "Shared Read Blocks": 0,
                                "Shared Dirtied Blocks": 0,
                                "Shared Written Blocks": 0,
                                "Local Hit Blocks": 0,
                                "Local Read Blocks": 0,
                                "Local Dirtied Blocks": 0,
                                "Local Written Blocks": 0,
                                "Temp Read Blocks": 0,
                                "Temp Written Blocks": 0,
                                "WAL Records": 0,
                                "WAL FPI": 0,
                                "WAL Bytes": 0
                            },
                            "Settings": {},
                            "Planning": {
                                "Shared Hit Blocks": 0,
                                "Shared Read Blocks": 0,
                                "Shared Dirtied Blocks": 0,
                                "Shared Written Blocks": 0,
                                "Local Hit Blocks": 0,
                                "Local Read Blocks": 0,
                                "Local Dirtied Blocks": 0,
                                "Local Written Blocks": 0,
                                "Temp Read Blocks": 0,
                                "Temp Written Blocks": 0
                            },
                            "Planning Time": 0.007,
                            "Triggers": [],
                            "Execution Time": 0.005
                        },
                        "all_ftr_time": 5.7999999999999995e-06,
                        "any_ftr_time": 8.999999999999997e-06,
                        "exact_ftr_time": 5.399999999999999e-06
                    },
                    "1000": {
                        "all_time": 0.000462395790964365,
                        "any_time": 0.000418849871493876,
                        "exact_time": 0.00036937110126018525,
                        "table_size": 131072.0,
                        "index_time": 0.0012363328132778406,
                        "all_explanation": {
                            "Plan": {
                                "Node Type": "Seq Scan",
                                "Parallel Aware": false,
                                "Async Capable": false,
                                "Relation Name": "tests_benchmark_flagtester015",
                                "Schema": "public",
                                "Alias": "tests_benchmark_flagtester015",
                                "Startup Cost": 0.0,
                                "Total Cost": 21.02,
                                "Plan Rows": 5,
                                "Plan Width": 12,
                                "Actual Startup Time": 0.003,
                                "Actual Total Time": 0.036,
                                "Actual Rows": 18,
                                "Actual Loops": 1,
                                "Output": [
                                    "id",
                                    "flags"
                                ],
                                "Filter": "((tests_benchmark_flagtester015.flags & 33605) = 33605)",
                                "Rows Removed by Filter": 983,
                                "Shared Hit Blocks": 6,
                                "Shared Read Blocks": 0,
                                "Shared Dirtied Blocks": 0,
                                "Shared Written Blocks": 0,
                                "Local Hit Blocks": 0,
                                "Local Read Blocks": 0,
                                "Local Dirtied Blocks": 0,
                                "Local Written Blocks": 0,
                                "Temp Read Blocks": 0,
                                "Temp Written Blocks": 0,
                                "WAL Records": 0,
                                "WAL FPI": 0,
                                "WAL Bytes": 0
                            },
                            "Settings": {},
                            "Planning": {
                                "Shared Hit Blocks": 0,
                                "Shared Read Blocks": 0,
                                "Shared Dirtied Blocks": 0,
                                "Shared Written Blocks": 0,
                                "Local Hit Blocks": 0,
                                "Local Read Blocks": 0,
                                "Local Dirtied Blocks": 0,
                                "Local Written Blocks": 0,
                                "Temp Read Blocks": 0,
                                "Temp Written Blocks": 0
                            },
                            "Planning Time": 0.006,
                            "Triggers": [],
                            "Execution Time": 0.037
                        },
                        "any_explanation": {
                            "Plan": {
                                "Node Type": "Seq Scan",
                                "Parallel Aware": false,
                                "Async Capable": false,
                                "Relation Name": "tests_benchmark_flagtester015",
                                "Schema": "public",
                                "Alias": "tests_benchmark_flagtester015",
                                "Startup Cost": 0.0,
                                "Total Cost": 21.02,
                                "Plan Rows": 334,
                                "Plan Width": 12,
                                "Actual Startup Time": 0.003,
                                "Actual Total Time": 0.049,
                                "Actual Rows": 978,
                                "Actual Loops": 1,
                                "Output": [
                                    "id",
                                    "flags"
                                ],
                                "Filter": "((tests_benchmark_flagtester015.flags & 33605) > 0)",
                                "Rows Removed by Filter": 23,
                                "Shared Hit Blocks": 6,
                                "Shared Read Blocks": 0,
                                "Shared Dirtied Blocks": 0,
                                "Shared Written Blocks": 0,
                                "Local Hit Blocks": 0,
                                "Local Read Blocks": 0,
                                "Local Dirtied Blocks": 0,
                                "Local Written Blocks": 0,
                                "Temp Read Blocks": 0,
                                "Temp Written Blocks": 0,
                                "WAL Records": 0,
                                "WAL FPI": 0,
                                "WAL Bytes": 0
                            },
                            "Settings": {},
                            "Planning": {
                                "Shared Hit Blocks": 0,
                                "Shared Read Blocks": 0,
                                "Shared Dirtied Blocks": 0,
                                "Shared Written Blocks": 0,
                                "Local Hit Blocks": 0,
                                "Local Read Blocks": 0,
                                "Local Dirtied Blocks": 0,
                                "Local Written Blocks": 0,
                                "Temp Read Blocks": 0,
                                "Temp Written Blocks": 0
                            },
                            "Planning Time": 0.019,
                            "Triggers": [],
                            "Execution Time": 0.073
                        },
                        "exact_explanation": {
                            "Plan": {
                                "Node Type": "Bitmap Heap Scan",
                                "Parallel Aware": false,
                                "Async Capable": false,
                                "Relation Name": "tests_benchmark_flagtester015",
                                "Schema": "public",
                                "Alias": "tests_benchmark_flagtester015",
                                "Startup Cost": 4.31,
                                "Total Cost": 10.58,
                                "Plan Rows": 5,
                                "Plan Width": 12,
                                "Actual Startup Time": 0.001,
                                "Actual Total Time": 0.001,
                                "Actual Rows": 0,
                                "Actual Loops": 1,
                                "Output": [
                                    "id",
                                    "flags"
                                ],
                                "Recheck Cond": "(tests_benchmark_flagtester015.flags = 33605)",
                                "Rows Removed by Index Recheck": 0,
                                "Exact Heap Blocks": 0,
                                "Lossy Heap Blocks": 0,
                                "Shared Hit Blocks": 2,
                                "Shared Read Blocks": 0,
                                "Shared Dirtied Blocks": 0,
                                "Shared Written Blocks": 0,
                                "Local Hit Blocks": 0,
                                "Local Read Blocks": 0,
                                "Local Dirtied Blocks": 0,
                                "Local Written Blocks": 0,
                                "Temp Read Blocks": 0,
                                "Temp Written Blocks": 0,
                                "WAL Records": 0,
                                "WAL FPI": 0,
                                "WAL Bytes": 0,
                                "Plans": [
                                    {
                                        "Node Type": "Bitmap Index Scan",
                                        "Parent Relationship": "Outer",
                                        "Parallel Aware": false,
                                        "Async Capable": false,
                                        "Index Name": "flag_idx",
                                        "Startup Cost": 0.0,
                                        "Total Cost": 4.31,
                                        "Plan Rows": 5,
                                        "Plan Width": 0,
                                        "Actual Startup Time": 0.001,
                                        "Actual Total Time": 0.001,
                                        "Actual Rows": 0,
                                        "Actual Loops": 1,
                                        "Index Cond": "(tests_benchmark_flagtester015.flags = 33605)",
                                        "Shared Hit Blocks": 2,
                                        "Shared Read Blocks": 0,
                                        "Shared Dirtied Blocks": 0,
                                        "Shared Written Blocks": 0,
                                        "Local Hit Blocks": 0,
                                        "Local Read Blocks": 0,
                                        "Local Dirtied Blocks": 0,
                                        "Local Written Blocks": 0,
                                        "Temp Read Blocks": 0,
                                        "Temp Written Blocks": 0,
                                        "WAL Records": 0,
                                        "WAL FPI": 0,
                                        "WAL Bytes": 0
                                    }
                                ]
                            },
                            "Settings": {},
                            "Planning": {
                                "Shared Hit Blocks": 0,
                                "Shared Read Blocks": 0,
                                "Shared Dirtied Blocks": 0,
                                "Shared Written Blocks": 0,
                                "Local Hit Blocks": 0,
                                "Local Read Blocks": 0,
                                "Local Dirtied Blocks": 0,
                                "Local Written Blocks": 0,
                                "Temp Read Blocks": 0,
                                "Temp Written Blocks": 0
                            },
                            "Planning Time": 0.008,
                            "Triggers": [],
                            "Execution Time": 0.004
                        },
                        "all_ftr_time": 3.599999999999999e-05,
                        "any_ftr_time": 7.02e-05,
                        "exact_ftr_time": 3.2000000000000003e-06
                    },
                    "10000": {
                        "all_time": 0.0011977584566920997,
                        "any_time": 0.001084837573580444,
                        "exact_time": 0.0008875752100721002,
                        "table_size": 933888.0,
                        "index_time": 0.0036757909692823887,
                        "all_explanation": {
                            "Plan": {
                                "Node Type": "Seq Scan",
                                "Parallel Aware": false,
                                "Async Capable": false,
                                "Relation Name": "tests_benchmark_flagtester015",
                                "Schema": "public",
                                "Alias": "tests_benchmark_flagtester015",
                                "Startup Cost": 0.0,
                                "Total Cost": 205.01,
                                "Plan Rows": 50,
                                "Plan Width": 12,
                                "Actual Startup Time": 0.007,
                                "Actual Total Time": 0.401,
                                "Actual Rows": 346,
                                "Actual Loops": 1,
                                "Output": [
                                    "id",
                                    "flags"
                                ],
                                "Filter": "((tests_benchmark_flagtester015.flags & 1681) = 1681)",
                                "Rows Removed by Filter": 9655,
                                "Shared Hit Blocks": 55,
                                "Shared Read Blocks": 0,
                                "Shared Dirtied Blocks": 0,
                                "Shared Written Blocks": 0,
                                "Local Hit Blocks": 0,
                                "Local Read Blocks": 0,
                                "Local Dirtied Blocks": 0,
                                "Local Written Blocks": 0,
                                "Temp Read Blocks": 0,
                                "Temp Written Blocks": 0,
                                "WAL Records": 0,
                                "WAL FPI": 0,
                                "WAL Bytes": 0
                            },
                            "Settings": {},
                            "Planning": {
                                "Shared Hit Blocks": 0,
                                "Shared Read Blocks": 0,
                                "Shared Dirtied Blocks": 0,
                                "Shared Written Blocks": 0,
                                "Local Hit Blocks": 0,
                                "Local Read Blocks": 0,
                                "Local Dirtied Blocks": 0,
                                "Local Written Blocks": 0,
                                "Temp Read Blocks": 0,
                                "Temp Written Blocks": 0
                            },
                            "Planning Time": 0.008,
                            "Triggers": [],
                            "Execution Time": 0.411
                        },
                        "any_explanation": {
                            "Plan": {
                                "Node Type": "Seq Scan",
                                "Parallel Aware": false,
                                "Async Capable": false,
                                "Relation Name": "tests_benchmark_flagtester015",
                                "Schema": "public",
                                "Alias": "tests_benchmark_flagtester015",
                                "Startup Cost": 0.0,
                                "Total Cost": 205.01,
                                "Plan Rows": 3334,
                                "Plan Width": 12,
                                "Actual Startup Time": 0.002,
                                "Actual Total Time": 0.529,
                                "Actual Rows": 9669,
                                "Actual Loops": 1,
                                "Output": [
                                    "id",
                                    "flags"
                                ],
                                "Filter": "((tests_benchmark_flagtester015.flags & 1681) > 0)",
                                "Rows Removed by Filter": 332,
                                "Shared Hit Blocks": 55,
                                "Shared Read Blocks": 0,
                                "Shared Dirtied Blocks": 0,
                                "Shared Written Blocks": 0,
                                "Local Hit Blocks": 0,
                                "Local Read Blocks": 0,
                                "Local Dirtied Blocks": 0,
                                "Local Written Blocks": 0,
                                "Temp Read Blocks": 0,
                                "Temp Written Blocks": 0,
                                "WAL Records": 0,
                                "WAL FPI": 0,
                                "WAL Bytes": 0
                            },
                            "Settings": {},
                            "Planning": {
                                "Shared Hit Blocks": 0,
                                "Shared Read Blocks": 0,
                                "Shared Dirtied Blocks": 0,
                                "Shared Written Blocks": 0,
                                "Local Hit Blocks": 0,
                                "Local Read Blocks": 0,
                                "Local Dirtied Blocks": 0,
                                "Local Written Blocks": 0,
                                "Temp Read Blocks": 0,
                                "Temp Written Blocks": 0
                            },
                            "Planning Time": 0.007,
                            "Triggers": [],
                            "Execution Time": 0.76
                        },
                        "exact_explanation": {
                            "Plan": {
                                "Node Type": "Bitmap Heap Scan",
                                "Parallel Aware": false,
                                "Async Capable": false,
                                "Relation Name": "tests_benchmark_flagtester015",
                                "Schema": "public",
                                "Alias": "tests_benchmark_flagtester015",
                                "Startup Cost": 4.67,
                                "Total Cost": 61.54,
                                "Plan Rows": 50,
                                "Plan Width": 12,
                                "Actual Startup Time": 0.002,
                                "Actual Total Time": 0.002,
                                "Actual Rows": 1,
                                "Actual Loops": 1,
                                "Output": [
                                    "id",
                                    "flags"
                                ],
                                "Recheck Cond": "(tests_benchmark_flagtester015.flags = 1681)",
                                "Rows Removed by Index Recheck": 0,
                                "Exact Heap Blocks": 1,
                                "Lossy Heap Blocks": 0,
                                "Shared Hit Blocks": 3,
                                "Shared Read Blocks": 0,
                                "Shared Dirtied Blocks": 0,
                                "Shared Written Blocks": 0,
                                "Local Hit Blocks": 0,
                                "Local Read Blocks": 0,
                                "Local Dirtied Blocks": 0,
                                "Local Written Blocks": 0,
                                "Temp Read Blocks": 0,
                                "Temp Written Blocks": 0,
                                "WAL Records": 0,
                                "WAL FPI": 0,
                                "WAL Bytes": 0,
                                "Plans": [
                                    {
                                        "Node Type": "Bitmap Index Scan",
                                        "Parent Relationship": "Outer",
                                        "Parallel Aware": false,
                                        "Async Capable": false,
                                        "Index Name": "flag_idx",
                                        "Startup Cost": 0.0,
                                        "Total Cost": 4.66,
                                        "Plan Rows": 50,
                                        "Plan Width": 0,
                                        "Actual Startup Time": 0.002,
                                        "Actual Total Time": 0.002,
                                        "Actual Rows": 1,
                                        "Actual Loops": 1,
                                        "Index Cond": "(tests_benchmark_flagtester015.flags = 1681)",
                                        "Shared Hit Blocks": 2,
                                        "Shared Read Blocks": 0,
                                        "Shared Dirtied Blocks": 0,
                                        "Shared Written Blocks": 0,
                                        "Local Hit Blocks": 0,
                                        "Local Read Blocks": 0,
                                        "Local Dirtied Blocks": 0,
                                        "Local Written Blocks": 0,
                                        "Temp Read Blocks": 0,
                                        "Temp Written Blocks": 0,
                                        "WAL Records": 0,
                                        "WAL FPI": 0,
                                        "WAL Bytes": 0
                                    }
                                ]
                            },
                            "Settings": {},
                            "Planning": {
                                "Shared Hit Blocks": 0,
                                "Shared Read Blocks": 0,
                                "Shared Dirtied Blocks": 0,
                                "Shared Written Blocks": 0,
                                "Local Hit Blocks": 0,
                                "Local Read Blocks": 0,
                                "Local Dirtied Blocks": 0,
                                "Local Written Blocks": 0,
                                "Temp Read Blocks": 0,
                                "Temp Written Blocks": 0
                            },
                            "Planning Time": 0.008,
                            "Triggers": [],
                            "Execution Time": 0.005
                        },
                        "all_ftr_time": 0.0003644999999999999,
                        "any_ftr_time": 0.0007021999999999999,
                        "exact_ftr_time": 4.3e-06
                    },
                    "100000": {
                        "all_time": 0.0045055125141516324,
                        "any_time": 0.0068174083018675445,
                        "exact_time": 0.002562050032429397,
                        "table_size": 8519680.0,
                        "index_time": 0.02934829192236066,
                        "all_explanation": {
                            "Plan": {
                                "Node Type": "Seq Scan",
                                "Parallel Aware": false,
                                "Async Capable": false,
                                "Relation Name": "tests_benchmark_flagtester015",
                                "Schema": "public",
                                "Alias": "tests_benchmark_flagtester015",
                                "Startup Cost": 0.0,
                                "Total Cost": 2041.01,
                                "Plan Rows": 500,
                                "Plan Width": 12,
                                "Actual Startup Time": 0.006,
                                "Actual Total Time": 3.544,
                                "Actual Rows": 384,
                                "Actual Loops": 1,
                                "Output": [
                                    "id",
                                    "flags"
                                ],
                                "Filter": "((tests_benchmark_flagtester015.flags & 59555) = 59555)",
                                "Rows Removed by Filter": 99617,
                                "Shared Hit Blocks": 541,
                                "Shared Read Blocks": 0,
                                "Shared Dirtied Blocks": 0,
                                "Shared Written Blocks": 0,
                                "Local Hit Blocks": 0,
                                "Local Read Blocks": 0,
                                "Local Dirtied Blocks": 0,
                                "Local Written Blocks": 0,
                                "Temp Read Blocks": 0,
                                "Temp Written Blocks": 0,
                                "WAL Records": 0,
                                "WAL FPI": 0,
                                "WAL Bytes": 0
                            },
                            "Settings": {},
                            "Planning": {
                                "Shared Hit Blocks": 0,
                                "Shared Read Blocks": 0,
                                "Shared Dirtied Blocks": 0,
                                "Shared Written Blocks": 0,
                                "Local Hit Blocks": 0,
                                "Local Read Blocks": 0,
                                "Local Dirtied Blocks": 0,
                                "Local Written Blocks": 0,
                                "Temp Read Blocks": 0,
                                "Temp Written Blocks": 0
                            },
                            "Planning Time": 0.007,
                            "Triggers": [],
                            "Execution Time": 3.553
                        },
                        "any_explanation": {
                            "Plan": {
                                "Node Type": "Seq Scan",
                                "Parallel Aware": false,
                                "Async Capable": false,
                                "Relation Name": "tests_benchmark_flagtester015",
                                "Schema": "public",
                                "Alias": "tests_benchmark_flagtester015",
                                "Startup Cost": 0.0,
                                "Total Cost": 2041.01,
                                "Plan Rows": 33334,
                                "Plan Width": 12,
                                "Actual Startup Time": 0.002,
                                "Actual Total Time": 4.608,
                                "Actual Rows": 99619,
                                "Actual Loops": 1,
                                "Output": [
                                    "id",
                                    "flags"
                                ],
                                "Filter": "((tests_benchmark_flagtester015.flags & 59555) > 0)",
                                "Rows Removed by Filter": 382,
                                "Shared Hit Blocks": 541,
                                "Shared Read Blocks": 0,
                                "Shared Dirtied Blocks": 0,
                                "Shared Written Blocks": 0,
                                "Local Hit Blocks": 0,
                                "Local Read Blocks": 0,
                                "Local Dirtied Blocks": 0,
                                "Local Written Blocks": 0,
                                "Temp Read Blocks": 0,
                                "Temp Written Blocks": 0,
                                "WAL Records": 0,
                                "WAL FPI": 0,
                                "WAL Bytes": 0
                            },
                            "Settings": {},
                            "Planning": {
                                "Shared Hit Blocks": 0,
                                "Shared Read Blocks": 0,
                                "Shared Dirtied Blocks": 0,
                                "Shared Written Blocks": 0,
                                "Local Hit Blocks": 0,
                                "Local Read Blocks": 0,
                                "Local Dirtied Blocks": 0,
                                "Local Written Blocks": 0,
                                "Temp Read Blocks": 0,
                                "Temp Written Blocks": 0
                            },
                            "Planning Time": 0.006,
                            "Triggers": [],
                            "Execution Time": 6.691
                        },
                        "exact_explanation": {
                            "Plan": {
                                "Node Type": "Bitmap Heap Scan",
                                "Parallel Aware": false,
                                "Async Capable": false,
                                "Relation Name": "tests_benchmark_flagtester015",
                                "Schema": "public",
                                "Alias": "tests_benchmark_flagtester015",
                                "Startup Cost": 12.17,
                                "Total Cost": 570.66,
                                "Plan Rows": 500,
                                "Plan Width": 12,
                                "Actual Startup Time": 0.001,
                                "Actual Total Time": 0.002,
                                "Actual Rows": 1,
                                "Actual Loops": 1,
                                "Output": [
                                    "id",
                                    "flags"
                                ],
                                "Recheck Cond": "(tests_benchmark_flagtester015.flags = 59555)",
                                "Rows Removed by Index Recheck": 0,
                                "Exact Heap Blocks": 1,
                                "Lossy Heap Blocks": 0,
                                "Shared Hit Blocks": 3,
                                "Shared Read Blocks": 0,
                                "Shared Dirtied Blocks": 0,
                                "Shared Written Blocks": 0,
                                "Local Hit Blocks": 0,
                                "Local Read Blocks": 0,
                                "Local Dirtied Blocks": 0,
                                "Local Written Blocks": 0,
                                "Temp Read Blocks": 0,
                                "Temp Written Blocks": 0,
                                "WAL Records": 0,
                                "WAL FPI": 0,
                                "WAL Bytes": 0,
                                "Plans": [
                                    {
                                        "Node Type": "Bitmap Index Scan",
                                        "Parent Relationship": "Outer",
                                        "Parallel Aware": false,
                                        "Async Capable": false,
                                        "Index Name": "flag_idx",
                                        "Startup Cost": 0.0,
                                        "Total Cost": 12.04,
                                        "Plan Rows": 500,
                                        "Plan Width": 0,
                                        "Actual Startup Time": 0.001,
                                        "Actual Total Time": 0.001,
                                        "Actual Rows": 1,
                                        "Actual Loops": 1,
                                        "Index Cond": "(tests_benchmark_flagtester015.flags = 59555)",
                                        "Shared Hit Blocks": 2,
                                        "Shared Read Blocks": 0,
                                        "Shared Dirtied Blocks": 0,
                                        "Shared Written Blocks": 0,
                                        "Local Hit Blocks": 0,
                                        "Local Read Blocks": 0,
                                        "Local Dirtied Blocks": 0,
                                        "Local Written Blocks": 0,
                                        "Temp Read Blocks": 0,
                                        "Temp Written Blocks": 0,
                                        "WAL Records": 0,
                                        "WAL FPI": 0,
                                        "WAL Bytes": 0
                                    }
                                ]
                            },
                            "Settings": {},
                            "Planning": {
                                "Shared Hit Blocks": 0,
                                "Shared Read Blocks": 0,
                                "Shared Dirtied Blocks": 0,
                                "Shared Written Blocks": 0,
                                "Local Hit Blocks": 0,
                                "Local Read Blocks": 0,
                                "Local Dirtied Blocks": 0,
                                "Local Written Blocks": 0,
                                "Temp Read Blocks": 0,
                                "Temp Written Blocks": 0
                            },
                            "Planning Time": 0.007,
                            "Triggers": [],
                            "Execution Time": 0.004
                        },
                        "all_ftr_time": 0.0035332999999999996,
                        "any_ftr_time": 0.0068352000000000005,
                        "exact_ftr_time": 4.6e-06
                    },
                    "1000000": {
                        "all_time": 0.018475841567851602,
                        "any_time": 0.022312500001862644,
                        "exact_time": 0.0024199043633416294,
                        "table_size": 75497472.0,
                        "index_time": 0.2748950000386685,
                        "all_explanation": {
                            "Plan": {
                                "Node Type": "Gather",
                                "Parallel Aware": false,
                                "Async Capable": false,
                                "Startup Cost": 1000.0,
                                "Total Cost": 13156.01,
                                "Plan Rows": 5000,
                                "Plan Width": 12,
                                "Actual Startup Time": 0.06,
                                "Actual Total Time": 19.746,
                                "Actual Rows": 62391,
                                "Actual Loops": 1,
                                "Output": [
                                    "id",
                                    "flags"
                                ],
                                "Workers Planned": 2,
                                "Workers Launched": 2,
                                "Single Copy": false,
                                "Shared Hit Blocks": 3200,
                                "Shared Read Blocks": 2206,
                                "Shared Dirtied Blocks": 0,
                                "Shared Written Blocks": 0,
                                "Local Hit Blocks": 0,
                                "Local Read Blocks": 0,
                                "Local Dirtied Blocks": 0,
                                "Local Written Blocks": 0,
                                "Temp Read Blocks": 0,
                                "Temp Written Blocks": 0,
                                "WAL Records": 0,
                                "WAL FPI": 0,
                                "WAL Bytes": 0,
                                "Plans": [
                                    {
                                        "Node Type": "Seq Scan",
                                        "Parent Relationship": "Outer",
                                        "Parallel Aware": true,
                                        "Async Capable": false,
                                        "Relation Name": "tests_benchmark_flagtester015",
                                        "Schema": "public",
                                        "Alias": "tests_benchmark_flagtester015",
                                        "Startup Cost": 0.0,
                                        "Total Cost": 11656.01,
                                        "Plan Rows": 2083,
                                        "Plan Width": 12,
                                        "Actual Startup Time": 0.021,
                                        "Actual Total Time": 14.021,
                                        "Actual Rows": 20797,
                                        "Actual Loops": 3,
                                        "Output": [
                                            "id",
                                            "flags"
                                        ],
                                        "Filter": "((tests_benchmark_flagtester015.flags & 34834) = 34834)",
                                        "Rows Removed by Filter": 312537,
                                        "Shared Hit Blocks": 3200,
                                        "Shared Read Blocks": 2206,
                                        "Shared Dirtied Blocks": 0,
                                        "Shared Written Blocks": 0,
                                        "Local Hit Blocks": 0,
                                        "Local Read Blocks": 0,
                                        "Local Dirtied Blocks": 0,
                                        "Local Written Blocks": 0,
                                        "Temp Read Blocks": 0,
                                        "Temp Written Blocks": 0,
                                        "WAL Records": 0,
                                        "WAL FPI": 0,
                                        "WAL Bytes": 0,
                                        "Workers": [
                                            {
                                                "Worker Number": 0,
                                                "Actual Startup Time": 0.026,
                                                "Actual Total Time": 14.346,
                                                "Actual Rows": 20987,
                                                "Actual Loops": 1,
                                                "Shared Hit Blocks": 1111,
                                                "Shared Read Blocks": 704,
                                                "Shared Dirtied Blocks": 0,
                                                "Shared Written Blocks": 0,
                                                "Local Hit Blocks": 0,
                                                "Local Read Blocks": 0,
                                                "Local Dirtied Blocks": 0,
                                                "Local Written Blocks": 0,
                                                "Temp Read Blocks": 0,
                                                "Temp Written Blocks": 0,
                                                "WAL Records": 0,
                                                "WAL FPI": 0,
                                                "WAL Bytes": 0
                                            },
                                            {
                                                "Worker Number": 1,
                                                "Actual Startup Time": 0.027,
                                                "Actual Total Time": 14.334,
                                                "Actual Rows": 20764,
                                                "Actual Loops": 1,
                                                "Shared Hit Blocks": 1108,
                                                "Shared Read Blocks": 708,
                                                "Shared Dirtied Blocks": 0,
                                                "Shared Written Blocks": 0,
                                                "Local Hit Blocks": 0,
                                                "Local Read Blocks": 0,
                                                "Local Dirtied Blocks": 0,
                                                "Local Written Blocks": 0,
                                                "Temp Read Blocks": 0,
                                                "Temp Written Blocks": 0,
                                                "WAL Records": 0,
                                                "WAL FPI": 0,
                                                "WAL Bytes": 0
                                            }
                                        ]
                                    }
                                ]
                            },
                            "Settings": {},
                            "Planning": {
                                "Shared Hit Blocks": 0,
                                "Shared Read Blocks": 0,
                                "Shared Dirtied Blocks": 0,
                                "Shared Written Blocks": 0,
                                "Local Hit Blocks": 0,
                                "Local Read Blocks": 0,
                                "Local Dirtied Blocks": 0,
                                "Local Written Blocks": 0,
                                "Temp Read Blocks": 0,
                                "Temp Written Blocks": 0
                            },
                            "Planning Time": 0.033,
                            "Triggers": [],
                            "Execution Time": 21.122
                        },
                        "any_explanation": {
                            "Plan": {
                                "Node Type": "Seq Scan",
                                "Parallel Aware": false,
                                "Async Capable": false,
                                "Relation Name": "tests_benchmark_flagtester015",
                                "Schema": "public",
                                "Alias": "tests_benchmark_flagtester015",
                                "Startup Cost": 0.0,
                                "Total Cost": 20406.01,
                                "Plan Rows": 333334,
                                "Plan Width": 12,
                                "Actual Startup Time": 0.008,
                                "Actual Total Time": 47.544,
                                "Actual Rows": 937526,
                                "Actual Loops": 1,
                                "Output": [
                                    "id",
                                    "flags"
                                ],
                                "Filter": "((tests_benchmark_flagtester015.flags & 34834) > 0)",
                                "Rows Removed by Filter": 62475,
                                "Shared Hit Blocks": 3392,
                                "Shared Read Blocks": 2014,
                                "Shared Dirtied Blocks": 0,
                                "Shared Written Blocks": 0,
                                "Local Hit Blocks": 0,
                                "Local Read Blocks": 0,
                                "Local Dirtied Blocks": 0,
                                "Local Written Blocks": 0,
                                "Temp Read Blocks": 0,
                                "Temp Written Blocks": 0,
                                "WAL Records": 0,
                                "WAL FPI": 0,
                                "WAL Bytes": 0
                            },
                            "Settings": {},
                            "Planning": {
                                "Shared Hit Blocks": 0,
                                "Shared Read Blocks": 0,
                                "Shared Dirtied Blocks": 0,
                                "Shared Written Blocks": 0,
                                "Local Hit Blocks": 0,
                                "Local Read Blocks": 0,
                                "Local Dirtied Blocks": 0,
                                "Local Written Blocks": 0,
                                "Temp Read Blocks": 0,
                                "Temp Written Blocks": 0
                            },
                            "Planning Time": 0.025,
                            "Triggers": [],
                            "Execution Time": 66.412
                        },
                        "exact_explanation": {
                            "Plan": {
                                "Node Type": "Bitmap Heap Scan",
                                "Parallel Aware": false,
                                "Async Capable": false,
                                "Relation Name": "tests_benchmark_flagtester015",
                                "Schema": "public",
                                "Alias": "tests_benchmark_flagtester015",
                                "Startup Cost": 63.17,
                                "Total Cost": 5644.65,
                                "Plan Rows": 5000,
                                "Plan Width": 12,
                                "Actual Startup Time": 0.003,
                                "Actual Total Time": 0.006,
                                "Actual Rows": 16,
                                "Actual Loops": 1,
                                "Output": [
                                    "id",
                                    "flags"
                                ],
                                "Recheck Cond": "(tests_benchmark_flagtester015.flags = 34834)",
                                "Rows Removed by Index Recheck": 0,
                                "Exact Heap Blocks": 16,
                                "Lossy Heap Blocks": 0,
                                "Shared Hit Blocks": 19,
                                "Shared Read Blocks": 0,
                                "Shared Dirtied Blocks": 0,
                                "Shared Written Blocks": 0,
                                "Local Hit Blocks": 0,
                                "Local Read Blocks": 0,
                                "Local Dirtied Blocks": 0,
                                "Local Written Blocks": 0,
                                "Temp Read Blocks": 0,
                                "Temp Written Blocks": 0,
                                "WAL Records": 0,
                                "WAL FPI": 0,
                                "WAL Bytes": 0,
                                "Plans": [
                                    {
                                        "Node Type": "Bitmap Index Scan",
                                        "Parent Relationship": "Outer",
                                        "Parallel Aware": false,
                                        "Async Capable": false,
                                        "Index Name": "flag_idx",
                                        "Startup Cost": 0.0,
                                        "Total Cost": 61.92,
                                        "Plan Rows": 5000,
                                        "Plan Width": 0,
                                        "Actual Startup Time": 0.002,
                                        "Actual Total Time": 0.002,
                                        "Actual Rows": 16,
                                        "Actual Loops": 1,
                                        "Index Cond": "(tests_benchmark_flagtester015.flags = 34834)",
                                        "Shared Hit Blocks": 3,
                                        "Shared Read Blocks": 0,
                                        "Shared Dirtied Blocks": 0,
                                        "Shared Written Blocks": 0,
                                        "Local Hit Blocks": 0,
                                        "Local Read Blocks": 0,
                                        "Local Dirtied Blocks": 0,
                                        "Local Written Blocks": 0,
                                        "Temp Read Blocks": 0,
                                        "Temp Written Blocks": 0,
                                        "WAL Records": 0,
                                        "WAL FPI": 0,
                                        "WAL Bytes": 0
                                    }
                                ]
                            },
                            "Settings": {},
                            "Planning": {
                                "Shared Hit Blocks": 0,
                                "Shared Read Blocks": 0,
                                "Shared Dirtied Blocks": 0,
                                "Shared Written Blocks": 0,
                                "Local Hit Blocks": 0,
                                "Local Read Blocks": 0,
                                "Local Dirtied Blocks": 0,
                                "Local Written Blocks": 0,
                                "Temp Read Blocks": 0,
                                "Temp Written Blocks": 0
                            },
                            "Planning Time": 0.009,
                            "Triggers": [],
                            "Execution Time": 0.009
                        },
                        "all_ftr_time": 0.017285,
                        "any_ftr_time": 0.0732504,
                        "exact_ftr_time": 1.0099999999999998e-05
                    },
                    "2000000": {
                        "all_time": 0.035122591792605816,
                        "any_time": 0.04277898761210963,
                        "exact_time": 0.003220675082411617,
                        "table_size": 148897792.0,
                        "index_time": 1.8751638330286369,
                        "all_explanation": {
                            "Plan": {
                                "Node Type": "Gather",
                                "Parallel Aware": false,
                                "Async Capable": false,
                                "Startup Cost": 1000.0,
                                "Total Cost": 25311.01,
                                "Plan Rows": 10000,
                                "Plan Width": 12,
                                "Actual Startup Time": 0.066,
                                "Actual Total Time": 78.326,
                                "Actual Rows": 499792,
                                "Actual Loops": 1,
                                "Output": [
                                    "id",
                                    "flags"
                                ],
                                "Workers Planned": 2,
                                "Workers Launched": 2,
                                "Single Copy": false,
                                "Shared Hit Blocks": 3325,
                                "Shared Read Blocks": 7486,
                                "Shared Dirtied Blocks": 0,
                                "Shared Written Blocks": 0,
                                "Local Hit Blocks": 0,
                                "Local Read Blocks": 0,
                                "Local Dirtied Blocks": 0,
                                "Local Written Blocks": 0,
                                "Temp Read Blocks": 0,
                                "Temp Written Blocks": 0,
                                "WAL Records": 0,
                                "WAL FPI": 0,
                                "WAL Bytes": 0,
                                "Plans": [
                                    {
                                        "Node Type": "Seq Scan",
                                        "Parent Relationship": "Outer",
                                        "Parallel Aware": true,
                                        "Async Capable": false,
                                        "Relation Name": "tests_benchmark_flagtester015",
                                        "Schema": "public",
                                        "Alias": "tests_benchmark_flagtester015",
                                        "Startup Cost": 0.0,
                                        "Total Cost": 23311.01,
                                        "Plan Rows": 4167,
                                        "Plan Width": 12,
                                        "Actual Startup Time": 0.023,
                                        "Actual Total Time": 33.112,
                                        "Actual Rows": 166597,
                                        "Actual Loops": 3,
                                        "Output": [
                                            "id",
                                            "flags"
                                        ],
                                        "Filter": "((tests_benchmark_flagtester015.flags & 16388) = 16388)",
                                        "Rows Removed by Filter": 500070,
                                        "Shared Hit Blocks": 3325,
                                        "Shared Read Blocks": 7486,
                                        "Shared Dirtied Blocks": 0,
                                        "Shared Written Blocks": 0,
                                        "Local Hit Blocks": 0,
                                        "Local Read Blocks": 0,
                                        "Local Dirtied Blocks": 0,
                                        "Local Written Blocks": 0,
                                        "Temp Read Blocks": 0,
                                        "Temp Written Blocks": 0,
                                        "WAL Records": 0,
                                        "WAL FPI": 0,
                                        "WAL Bytes": 0,
                                        "Workers": [
                                            {
                                                "Worker Number": 0,
                                                "Actual Startup Time": 0.03,
                                                "Actual Total Time": 40.15,
                                                "Actual Rows": 201297,
                                                "Actual Loops": 1,
                                                "Shared Hit Blocks": 1407,
                                                "Shared Read Blocks": 2960,
                                                "Shared Dirtied Blocks": 0,
                                                "Shared Written Blocks": 0,
                                                "Local Hit Blocks": 0,
                                                "Local Read Blocks": 0,
                                                "Local Dirtied Blocks": 0,
                                                "Local Written Blocks": 0,
                                                "Temp Read Blocks": 0,
                                                "Temp Written Blocks": 0,
                                                "WAL Records": 0,
                                                "WAL FPI": 0,
                                                "WAL Bytes": 0
                                            },
                                            {
                                                "Worker Number": 1,
                                                "Actual Startup Time": 0.03,
                                                "Actual Total Time": 40.719,
                                                "Actual Rows": 203870,
                                                "Actual Loops": 1,
                                                "Shared Hit Blocks": 1364,
                                                "Shared Read Blocks": 3034,
                                                "Shared Dirtied Blocks": 0,
                                                "Shared Written Blocks": 0,
                                                "Local Hit Blocks": 0,
                                                "Local Read Blocks": 0,
                                                "Local Dirtied Blocks": 0,
                                                "Local Written Blocks": 0,
                                                "Temp Read Blocks": 0,
                                                "Temp Written Blocks": 0,
                                                "WAL Records": 0,
                                                "WAL FPI": 0,
                                                "WAL Bytes": 0
                                            }
                                        ]
                                    }
                                ]
                            },
                            "Settings": {},
                            "Planning": {
                                "Shared Hit Blocks": 0,
                                "Shared Read Blocks": 0,
                                "Shared Dirtied Blocks": 0,
                                "Shared Written Blocks": 0,
                                "Local Hit Blocks": 0,
                                "Local Read Blocks": 0,
                                "Local Dirtied Blocks": 0,
                                "Local Written Blocks": 0,
                                "Temp Read Blocks": 0,
                                "Temp Written Blocks": 0
                            },
                            "Planning Time": 0.039,
                            "Triggers": [],
                            "Execution Time": 89.272
                        },
                        "any_explanation": {
                            "Plan": {
                                "Node Type": "Seq Scan",
                                "Parallel Aware": false,
                                "Async Capable": false,
                                "Relation Name": "tests_benchmark_flagtester015",
                                "Schema": "public",
                                "Alias": "tests_benchmark_flagtester015",
                                "Startup Cost": 0.0,
                                "Total Cost": 40811.01,
                                "Plan Rows": 666667,
                                "Plan Width": 12,
                                "Actual Startup Time": 0.013,
                                "Actual Total Time": 100.542,
                                "Actual Rows": 1499195,
                                "Actual Loops": 1,
                                "Output": [
                                    "id",
                                    "flags"
                                ],
                                "Filter": "((tests_benchmark_flagtester015.flags & 16388) > 0)",
                                "Rows Removed by Filter": 500806,
                                "Shared Hit Blocks": 3517,
                                "Shared Read Blocks": 7294,
                                "Shared Dirtied Blocks": 0,
                                "Shared Written Blocks": 0,
                                "Local Hit Blocks": 0,
                                "Local Read Blocks": 0,
                                "Local Dirtied Blocks": 0,
                                "Local Written Blocks": 0,
                                "Temp Read Blocks": 0,
                                "Temp Written Blocks": 0,
                                "WAL Records": 0,
                                "WAL FPI": 0,
                                "WAL Bytes": 0
                            },
                            "Settings": {},
                            "Planning": {
                                "Shared Hit Blocks": 0,
                                "Shared Read Blocks": 0,
                                "Shared Dirtied Blocks": 0,
                                "Shared Written Blocks": 0,
                                "Local Hit Blocks": 0,
                                "Local Read Blocks": 0,
                                "Local Dirtied Blocks": 0,
                                "Local Written Blocks": 0,
                                "Temp Read Blocks": 0,
                                "Temp Written Blocks": 0
                            },
                            "Planning Time": 0.032,
                            "Triggers": [],
                            "Execution Time": 130.744
                        },
                        "exact_explanation": {
                            "Plan": {
                                "Node Type": "Bitmap Heap Scan",
                                "Parallel Aware": false,
                                "Async Capable": false,
                                "Relation Name": "tests_benchmark_flagtester015",
                                "Schema": "public",
                                "Alias": "tests_benchmark_flagtester015",
                                "Startup Cost": 117.93,
                                "Total Cost": 11280.12,
                                "Plan Rows": 10000,
                                "Plan Width": 12,
                                "Actual Startup Time": 0.004,
                                "Actual Total Time": 0.011,
                                "Actual Rows": 39,
                                "Actual Loops": 1,
                                "Output": [
                                    "id",
                                    "flags"
                                ],
                                "Recheck Cond": "(tests_benchmark_flagtester015.flags = 16388)",
                                "Rows Removed by Index Recheck": 0,
                                "Exact Heap Blocks": 39,
                                "Lossy Heap Blocks": 0,
                                "Shared Hit Blocks": 42,
                                "Shared Read Blocks": 0,
                                "Shared Dirtied Blocks": 0,
                                "Shared Written Blocks": 0,
                                "Local Hit Blocks": 0,
                                "Local Read Blocks": 0,
                                "Local Dirtied Blocks": 0,
                                "Local Written Blocks": 0,
                                "Temp Read Blocks": 0,
                                "Temp Written Blocks": 0,
                                "WAL Records": 0,
                                "WAL FPI": 0,
                                "WAL Bytes": 0,
                                "Plans": [
                                    {
                                        "Node Type": "Bitmap Index Scan",
                                        "Parent Relationship": "Outer",
                                        "Parallel Aware": false,
                                        "Async Capable": false,
                                        "Index Name": "flag_idx",
                                        "Startup Cost": 0.0,
                                        "Total Cost": 115.43,
                                        "Plan Rows": 10000,
                                        "Plan Width": 0,
                                        "Actual Startup Time": 0.003,
                                        "Actual Total Time": 0.003,
                                        "Actual Rows": 39,
                                        "Actual Loops": 1,
                                        "Index Cond": "(tests_benchmark_flagtester015.flags = 16388)",
                                        "Shared Hit Blocks": 3,
                                        "Shared Read Blocks": 0,
                                        "Shared Dirtied Blocks": 0,
                                        "Shared Written Blocks": 0,
                                        "Local Hit Blocks": 0,
                                        "Local Read Blocks": 0,
                                        "Local Dirtied Blocks": 0,
                                        "Local Written Blocks": 0,
                                        "Temp Read Blocks": 0,
                                        "Temp Written Blocks": 0,
                                        "WAL Records": 0,
                                        "WAL FPI": 0,
                                        "WAL Bytes": 0
                                    }
                                ]
                            },
                            "Settings": {},
                            "Planning": {
                                "Shared Hit Blocks": 0,
                                "Shared Read Blocks": 0,
                                "Shared Dirtied Blocks": 0,
                                "Shared Written Blocks": 0,
                                "Local Hit Blocks": 0,
                                "Local Read Blocks": 0,
                                "Local Dirtied Blocks": 0,
                                "Local Written Blocks": 0,
                                "Temp Read Blocks": 0,
                                "Temp Written Blocks": 0
                            },
                            "Planning Time": 0.009,
                            "Triggers": [],
                            "Execution Time": 0.015
                        },
                        "all_ftr_time": 0.040827999999999996,
                        "any_ftr_time": 0.1411085,
                        "exact_ftr_time": 1.58e-05
                    },
                    "4000000": {
                        "all_time": 0.06629156629787758,
                        "any_time": 0.0805777582922019,
                        "exact_time": 0.002952741808257997,
                        "table_size": 294649856.0,
                        "index_time": 2.4951370410853997,
                        "all_explanation": {
                            "Plan": {
                                "Node Type": "Gather",
                                "Parallel Aware": false,
                                "Async Capable": false,
                                "Startup Cost": 1000.0,
                                "Total Cost": 49622.01,
                                "Plan Rows": 20000,
                                "Plan Width": 12,
                                "Actual Startup Time": 0.062,
                                "Actual Total Time": 71.993,
                                "Actual Rows": 125360,
                                "Actual Loops": 1,
                                "Output": [
                                    "id",
                                    "flags"
                                ],
                                "Workers Planned": 2,
                                "Workers Launched": 2,
                                "Single Copy": false,
                                "Shared Hit Blocks": 3602,
                                "Shared Read Blocks": 18020,
                                "Shared Dirtied Blocks": 0,
                                "Shared Written Blocks": 0,
                                "Local Hit Blocks": 0,
                                "Local Read Blocks": 0,
                                "Local Dirtied Blocks": 0,
                                "Local Written Blocks": 0,
                                "Temp Read Blocks": 0,
                                "Temp Written Blocks": 0,
                                "WAL Records": 0,
                                "WAL FPI": 0,
                                "WAL Bytes": 0,
                                "Plans": [
                                    {
                                        "Node Type": "Seq Scan",
                                        "Parent Relationship": "Outer",
                                        "Parallel Aware": true,
                                        "Async Capable": false,
                                        "Relation Name": "tests_benchmark_flagtester015",
                                        "Schema": "public",
                                        "Alias": "tests_benchmark_flagtester015",
                                        "Startup Cost": 0.0,
                                        "Total Cost": 46622.01,
                                        "Plan Rows": 8333,
                                        "Plan Width": 12,
                                        "Actual Startup Time": 0.024,
                                        "Actual Total Time": 61.551,
                                        "Actual Rows": 41787,
                                        "Actual Loops": 3,
                                        "Output": [
                                            "id",
                                            "flags"
                                        ],
                                        "Filter": "((tests_benchmark_flagtester015.flags & 6786) = 6786)",
                                        "Rows Removed by Filter": 1291547,
                                        "Shared Hit Blocks": 3602,
                                        "Shared Read Blocks": 18020,
                                        "Shared Dirtied Blocks": 0,
                                        "Shared Written Blocks": 0,
                                        "Local Hit Blocks": 0,
                                        "Local Read Blocks": 0,
                                        "Local Dirtied Blocks": 0,
                                        "Local Written Blocks": 0,
                                        "Temp Read Blocks": 0,
                                        "Temp Written Blocks": 0,
                                        "WAL Records": 0,
                                        "WAL FPI": 0,
                                        "WAL Bytes": 0,
                                        "Workers": [
                                            {
                                                "Worker Number": 0,
                                                "Actual Startup Time": 0.031,
                                                "Actual Total Time": 62.645,
                                                "Actual Rows": 42431,
                                                "Actual Loops": 1,
                                                "Shared Hit Blocks": 1184,
                                                "Shared Read Blocks": 6125,
                                                "Shared Dirtied Blocks": 0,
                                                "Shared Written Blocks": 0,
                                                "Local Hit Blocks": 0,
                                                "Local Read Blocks": 0,
                                                "Local Dirtied Blocks": 0,
                                                "Local Written Blocks": 0,
                                                "Temp Read Blocks": 0,
                                                "Temp Written Blocks": 0,
                                                "WAL Records": 0,
                                                "WAL FPI": 0,
                                                "WAL Bytes": 0
                                            },
                                            {
                                                "Worker Number": 1,
                                                "Actual Startup Time": 0.033,
                                                "Actual Total Time": 62.615,
                                                "Actual Rows": 42539,
                                                "Actual Loops": 1,
                                                "Shared Hit Blocks": 1223,
                                                "Shared Read Blocks": 6103,
                                                "Shared Dirtied Blocks": 0,
                                                "Shared Written Blocks": 0,
                                                "Local Hit Blocks": 0,
                                                "Local Read Blocks": 0,
                                                "Local Dirtied Blocks": 0,
                                                "Local Written Blocks": 0,
                                                "Temp Read Blocks": 0,
                                                "Temp Written Blocks": 0,
                                                "WAL Records": 0,
                                                "WAL FPI": 0,
                                                "WAL Bytes": 0
                                            }
                                        ]
                                    }
                                ]
                            },
                            "Settings": {},
                            "Planning": {
                                "Shared Hit Blocks": 0,
                                "Shared Read Blocks": 0,
                                "Shared Dirtied Blocks": 0,
                                "Shared Written Blocks": 0,
                                "Local Hit Blocks": 0,
                                "Local Read Blocks": 0,
                                "Local Dirtied Blocks": 0,
                                "Local Written Blocks": 0,
                                "Temp Read Blocks": 0,
                                "Temp Written Blocks": 0
                            },
                            "Planning Time": 0.033,
                            "Triggers": [],
                            "Execution Time": 74.801
                        },
                        "any_explanation": {
                            "Plan": {
                                "Node Type": "Seq Scan",
                                "Parallel Aware": false,
                                "Async Capable": false,
                                "Relation Name": "tests_benchmark_flagtester015",
                                "Schema": "public",
                                "Alias": "tests_benchmark_flagtester015",
                                "Startup Cost": 0.0,
                                "Total Cost": 81622.01,
                                "Plan Rows": 1333334,
                                "Plan Width": 12,
                                "Actual Startup Time": 0.012,
                                "Actual Total Time": 205.166,
                                "Actual Rows": 3874971,
                                "Actual Loops": 1,
                                "Output": [
                                    "id",
                                    "flags"
                                ],
                                "Filter": "((tests_benchmark_flagtester015.flags & 6786) > 0)",
                                "Rows Removed by Filter": 125030,
                                "Shared Hit Blocks": 3794,
                                "Shared Read Blocks": 17828,
                                "Shared Dirtied Blocks": 0,
                                "Shared Written Blocks": 0,
                                "Local Hit Blocks": 0,
                                "Local Read Blocks": 0,
                                "Local Dirtied Blocks": 0,
                                "Local Written Blocks": 0,
                                "Temp Read Blocks": 0,
                                "Temp Written Blocks": 0,
                                "WAL Records": 0,
                                "WAL FPI": 0,
                                "WAL Bytes": 0
                            },
                            "Settings": {},
                            "Planning": {
                                "Shared Hit Blocks": 0,
                                "Shared Read Blocks": 0,
                                "Shared Dirtied Blocks": 0,
                                "Shared Written Blocks": 0,
                                "Local Hit Blocks": 0,
                                "Local Read Blocks": 0,
                                "Local Dirtied Blocks": 0,
                                "Local Written Blocks": 0,
                                "Temp Read Blocks": 0,
                                "Temp Written Blocks": 0
                            },
                            "Planning Time": 0.031,
                            "Triggers": [],
                            "Execution Time": 282.991
                        },
                        "exact_explanation": {
                            "Plan": {
                                "Node Type": "Bitmap Heap Scan",
                                "Parallel Aware": false,
                                "Async Capable": false,
                                "Relation Name": "tests_benchmark_flagtester015",
                                "Schema": "public",
                                "Alias": "tests_benchmark_flagtester015",
                                "Startup Cost": 227.43,
                                "Total Cost": 22551.81,
                                "Plan Rows": 20000,
                                "Plan Width": 12,
                                "Actual Startup Time": 0.006,
                                "Actual Total Time": 0.017,
                                "Actual Rows": 64,
                                "Actual Loops": 1,
                                "Output": [
                                    "id",
                                    "flags"
                                ],
                                "Recheck Cond": "(tests_benchmark_flagtester015.flags = 6786)",
                                "Rows Removed by Index Recheck": 0,
                                "Exact Heap Blocks": 64,
                                "Lossy Heap Blocks": 0,
                                "Shared Hit Blocks": 67,
                                "Shared Read Blocks": 0,
                                "Shared Dirtied Blocks": 0,
                                "Shared Written Blocks": 0,
                                "Local Hit Blocks": 0,
                                "Local Read Blocks": 0,
                                "Local Dirtied Blocks": 0,
                                "Local Written Blocks": 0,
                                "Temp Read Blocks": 0,
                                "Temp Written Blocks": 0,
                                "WAL Records": 0,
                                "WAL FPI": 0,
                                "WAL Bytes": 0,
                                "Plans": [
                                    {
                                        "Node Type": "Bitmap Index Scan",
                                        "Parent Relationship": "Outer",
                                        "Parallel Aware": false,
                                        "Async Capable": false,
                                        "Index Name": "flag_idx",
                                        "Startup Cost": 0.0,
                                        "Total Cost": 222.43,
                                        "Plan Rows": 20000,
                                        "Plan Width": 0,
                                        "Actual Startup Time": 0.004,
                                        "Actual Total Time": 0.004,
                                        "Actual Rows": 64,
                                        "Actual Loops": 1,
                                        "Index Cond": "(tests_benchmark_flagtester015.flags = 6786)",
                                        "Shared Hit Blocks": 3,
                                        "Shared Read Blocks": 0,
                                        "Shared Dirtied Blocks": 0,
                                        "Shared Written Blocks": 0,
                                        "Local Hit Blocks": 0,
                                        "Local Read Blocks": 0,
                                        "Local Dirtied Blocks": 0,
                                        "Local Written Blocks": 0,
                                        "Temp Read Blocks": 0,
                                        "Temp Written Blocks": 0,
                                        "WAL Records": 0,
                                        "WAL FPI": 0,
                                        "WAL Bytes": 0
                                    }
                                ]
                            },
                            "Settings": {},
                            "Planning": {
                                "Shared Hit Blocks": 0,
                                "Shared Read Blocks": 0,
                                "Shared Dirtied Blocks": 0,
                                "Shared Written Blocks": 0,
                                "Local Hit Blocks": 0,
                                "Local Read Blocks": 0,
                                "Local Dirtied Blocks": 0,
                                "Local Written Blocks": 0,
                                "Temp Read Blocks": 0,
                                "Temp Written Blocks": 0
                            },
                            "Planning Time": 0.009,
                            "Triggers": [],
                            "Execution Time": 0.021
                        },
                        "all_ftr_time": 0.0656781,
                        "any_ftr_time": 0.2859557,
                        "exact_ftr_time": 3.460000000000001e-05
                    },
                    "6000000": {
                        "all_time": 0.09984777079662308,
                        "any_time": 0.1171576207736507,
                        "exact_time": 0.004490271001122892,
                        "table_size": 442499072.0,
                        "index_time": 2.066175458021462,
                        "all_explanation": {
                            "Plan": {
                                "Node Type": "Gather",
                                "Parallel Aware": false,
                                "Async Capable": false,
                                "Startup Cost": 1000.0,
                                "Total Cost": 73933.01,
                                "Plan Rows": 30000,
                                "Plan Width": 12,
                                "Actual Startup Time": 0.104,
                                "Actual Total Time": 92.312,
                                "Actual Rows": 11818,
                                "Actual Loops": 1,
                                "Output": [
                                    "id",
                                    "flags"
                                ],
                                "Workers Planned": 2,
                                "Workers Launched": 2,
                                "Single Copy": false,
                                "Shared Hit Blocks": 3923,
                                "Shared Read Blocks": 28510,
                                "Shared Dirtied Blocks": 0,
                                "Shared Written Blocks": 0,
                                "Local Hit Blocks": 0,
                                "Local Read Blocks": 0,
                                "Local Dirtied Blocks": 0,
                                "Local Written Blocks": 0,
                                "Temp Read Blocks": 0,
                                "Temp Written Blocks": 0,
                                "WAL Records": 0,
                                "WAL FPI": 0,
                                "WAL Bytes": 0,
                                "Plans": [
                                    {
                                        "Node Type": "Seq Scan",
                                        "Parent Relationship": "Outer",
                                        "Parallel Aware": true,
                                        "Async Capable": false,
                                        "Relation Name": "tests_benchmark_flagtester015",
                                        "Schema": "public",
                                        "Alias": "tests_benchmark_flagtester015",
                                        "Startup Cost": 0.0,
                                        "Total Cost": 69933.01,
                                        "Plan Rows": 12500,
                                        "Plan Width": 12,
                                        "Actual Startup Time": 0.044,
                                        "Actual Total Time": 89.155,
                                        "Actual Rows": 3939,
                                        "Actual Loops": 3,
                                        "Output": [
                                            "id",
                                            "flags"
                                        ],
                                        "Filter": "((tests_benchmark_flagtester015.flags & 43475) = 43475)",
                                        "Rows Removed by Filter": 1996061,
                                        "Shared Hit Blocks": 3923,
                                        "Shared Read Blocks": 28510,
                                        "Shared Dirtied Blocks": 0,
                                        "Shared Written Blocks": 0,
                                        "Local Hit Blocks": 0,
                                        "Local Read Blocks": 0,
                                        "Local Dirtied Blocks": 0,
                                        "Local Written Blocks": 0,
                                        "Temp Read Blocks": 0,
                                        "Temp Written Blocks": 0,
                                        "WAL Records": 0,
                                        "WAL FPI": 0,
                                        "WAL Bytes": 0,
                                        "Workers": [
                                            {
                                                "Worker Number": 0,
                                                "Actual Startup Time": 0.049,
                                                "Actual Total Time": 88.561,
                                                "Actual Rows": 3969,
                                                "Actual Loops": 1,
                                                "Shared Hit Blocks": 1257,
                                                "Shared Read Blocks": 9487,
                                                "Shared Dirtied Blocks": 0,
                                                "Shared Written Blocks": 0,
                                                "Local Hit Blocks": 0,
                                                "Local Read Blocks": 0,
                                                "Local Dirtied Blocks": 0,
                                                "Local Written Blocks": 0,
                                                "Temp Read Blocks": 0,
                                                "Temp Written Blocks": 0,
                                                "WAL Records": 0,
                                                "WAL FPI": 0,
                                                "WAL Bytes": 0
                                            },
                                            {
                                                "Worker Number": 1,
                                                "Actual Startup Time": 0.037,
                                                "Actual Total Time": 88.595,
                                                "Actual Rows": 3878,
                                                "Actual Loops": 1,
                                                "Shared Hit Blocks": 1300,
                                                "Shared Read Blocks": 9359,
                                                "Shared Dirtied Blocks": 0,
                                                "Shared Written Blocks": 0,
                                                "Local Hit Blocks": 0,
                                                "Local Read Blocks": 0,
                                                "Local Dirtied Blocks": 0,
                                                "Local Written Blocks": 0,
                                                "Temp Read Blocks": 0,
                                                "Temp Written Blocks": 0,
                                                "WAL Records": 0,
                                                "WAL FPI": 0,
                                                "WAL Bytes": 0
                                            }
                                        ]
                                    }
                                ]
                            },
                            "Settings": {},
                            "Planning": {
                                "Shared Hit Blocks": 0,
                                "Shared Read Blocks": 0,
                                "Shared Dirtied Blocks": 0,
                                "Shared Written Blocks": 0,
                                "Local Hit Blocks": 0,
                                "Local Read Blocks": 0,
                                "Local Dirtied Blocks": 0,
                                "Local Written Blocks": 0,
                                "Temp Read Blocks": 0,
                                "Temp Written Blocks": 0
                            },
                            "Planning Time": 0.037,
                            "Triggers": [],
                            "Execution Time": 92.595
                        },
                        "any_explanation": {
                            "Plan": {
                                "Node Type": "Seq Scan",
                                "Parallel Aware": false,
                                "Async Capable": false,
                                "Relation Name": "tests_benchmark_flagtester015",
                                "Schema": "public",
                                "Alias": "tests_benchmark_flagtester015",
                                "Startup Cost": 0.0,
                                "Total Cost": 122433.01,
                                "Plan Rows": 2000000,
                                "Plan Width": 12,
                                "Actual Startup Time": 0.003,
                                "Actual Total Time": 306.593,
                                "Actual Rows": 5988184,
                                "Actual Loops": 1,
                                "Output": [
                                    "id",
                                    "flags"
                                ],
                                "Filter": "((tests_benchmark_flagtester015.flags & 43475) > 0)",
                                "Rows Removed by Filter": 11817,
                                "Shared Hit Blocks": 4115,
                                "Shared Read Blocks": 28318,
                                "Shared Dirtied Blocks": 0,
                                "Shared Written Blocks": 0,
                                "Local Hit Blocks": 0,
                                "Local Read Blocks": 0,
                                "Local Dirtied Blocks": 0,
                                "Local Written Blocks": 0,
                                "Temp Read Blocks": 0,
                                "Temp Written Blocks": 0,
                                "WAL Records": 0,
                                "WAL FPI": 0,
                                "WAL Bytes": 0
                            },
                            "Settings": {},
                            "Planning": {
                                "Shared Hit Blocks": 0,
                                "Shared Read Blocks": 0,
                                "Shared Dirtied Blocks": 0,
                                "Shared Written Blocks": 0,
                                "Local Hit Blocks": 0,
                                "Local Read Blocks": 0,
                                "Local Dirtied Blocks": 0,
                                "Local Written Blocks": 0,
                                "Temp Read Blocks": 0,
                                "Temp Written Blocks": 0
                            },
                            "Planning Time": 0.033,
                            "Triggers": [],
                            "Execution Time": 427.176
                        },
                        "exact_explanation": {
                            "Plan": {
                                "Node Type": "Bitmap Heap Scan",
                                "Parallel Aware": false,
                                "Async Capable": false,
                                "Relation Name": "tests_benchmark_flagtester015",
                                "Schema": "public",
                                "Alias": "tests_benchmark_flagtester015",
                                "Startup Cost": 5.15,
                                "Total Cost": 363.38,
                                "Plan Rows": 93,
                                "Plan Width": 12,
                                "Actual Startup Time": 0.009,
                                "Actual Total Time": 0.064,
                                "Actual Rows": 88,
                                "Actual Loops": 1,
                                "Output": [
                                    "id",
                                    "flags"
                                ],
                                "Recheck Cond": "(tests_benchmark_flagtester015.flags = 43475)",
                                "Rows Removed by Index Recheck": 0,
                                "Exact Heap Blocks": 88,
                                "Lossy Heap Blocks": 0,
                                "Shared Hit Blocks": 65,
                                "Shared Read Blocks": 26,
                                "Shared Dirtied Blocks": 0,
                                "Shared Written Blocks": 0,
                                "Local Hit Blocks": 0,
                                "Local Read Blocks": 0,
                                "Local Dirtied Blocks": 0,
                                "Local Written Blocks": 0,
                                "Temp Read Blocks": 0,
                                "Temp Written Blocks": 0,
                                "WAL Records": 0,
                                "WAL FPI": 0,
                                "WAL Bytes": 0,
                                "Plans": [
                                    {
                                        "Node Type": "Bitmap Index Scan",
                                        "Parent Relationship": "Outer",
                                        "Parallel Aware": false,
                                        "Async Capable": false,
                                        "Index Name": "flag_idx",
                                        "Startup Cost": 0.0,
                                        "Total Cost": 5.13,
                                        "Plan Rows": 93,
                                        "Plan Width": 0,
                                        "Actual Startup Time": 0.003,
                                        "Actual Total Time": 0.003,
                                        "Actual Rows": 88,
                                        "Actual Loops": 1,
                                        "Index Cond": "(tests_benchmark_flagtester015.flags = 43475)",
                                        "Shared Hit Blocks": 3,
                                        "Shared Read Blocks": 0,
                                        "Shared Dirtied Blocks": 0,
                                        "Shared Written Blocks": 0,
                                        "Local Hit Blocks": 0,
                                        "Local Read Blocks": 0,
                                        "Local Dirtied Blocks": 0,
                                        "Local Written Blocks": 0,
                                        "Temp Read Blocks": 0,
                                        "Temp Written Blocks": 0,
                                        "WAL Records": 0,
                                        "WAL FPI": 0,
                                        "WAL Bytes": 0
                                    }
                                ]
                            },
                            "Settings": {},
                            "Planning": {
                                "Shared Hit Blocks": 0,
                                "Shared Read Blocks": 0,
                                "Shared Dirtied Blocks": 0,
                                "Shared Written Blocks": 0,
                                "Local Hit Blocks": 0,
                                "Local Read Blocks": 0,
                                "Local Dirtied Blocks": 0,
                                "Local Written Blocks": 0,
                                "Temp Read Blocks": 0,
                                "Temp Written Blocks": 0
                            },
                            "Planning Time": 0.01,
                            "Triggers": [],
                            "Execution Time": 0.069
                        },
                        "all_ftr_time": 0.1047231,
                        "any_ftr_time": 0.4280063000000001,
                        "exact_ftr_time": 6.77e-05
                    },
                    "8000000": {
                        "all_time": 0.14420070430496706,
                        "any_time": 0.15527983750216662,
                        "exact_time": 0.004630004207137972,
                        "table_size": 591396864.0,
                        "index_time": 2.7575190829811618,
                        "all_explanation": {
                            "Plan": {
                                "Node Type": "Gather",
                                "Parallel Aware": false,
                                "Async Capable": false,
                                "Startup Cost": 1000.0,
                                "Total Cost": 98244.01,
                                "Plan Rows": 40000,
                                "Plan Width": 12,
                                "Actual Startup Time": 0.154,
                                "Actual Total Time": 121.629,
                                "Actual Rows": 3895,
                                "Actual Loops": 1,
                                "Output": [
                                    "id",
                                    "flags"
                                ],
                                "Workers Planned": 2,
                                "Workers Launched": 2,
                                "Single Copy": false,
                                "Shared Hit Blocks": 4227,
                                "Shared Read Blocks": 39017,
                                "Shared Dirtied Blocks": 0,
                                "Shared Written Blocks": 0,
                                "Local Hit Blocks": 0,
                                "Local Read Blocks": 0,
                                "Local Dirtied Blocks": 0,
                                "Local Written Blocks": 0,
                                "Temp Read Blocks": 0,
                                "Temp Written Blocks": 0,
                                "WAL Records": 0,
                                "WAL FPI": 0,
                                "WAL Bytes": 0,
                                "Plans": [
                                    {
                                        "Node Type": "Seq Scan",
                                        "Parent Relationship": "Outer",
                                        "Parallel Aware": true,
                                        "Async Capable": false,
                                        "Relation Name": "tests_benchmark_flagtester015",
                                        "Schema": "public",
                                        "Alias": "tests_benchmark_flagtester015",
                                        "Startup Cost": 0.0,
                                        "Total Cost": 93244.01,
                                        "Plan Rows": 16667,
                                        "Plan Width": 12,
                                        "Actual Startup Time": 0.147,
                                        "Actual Total Time": 118.804,
                                        "Actual Rows": 1298,
                                        "Actual Loops": 3,
                                        "Output": [
                                            "id",
                                            "flags"
                                        ],
                                        "Filter": "((tests_benchmark_flagtester015.flags & 51710) = 51710)",
                                        "Rows Removed by Filter": 2665369,
                                        "Shared Hit Blocks": 4227,
                                        "Shared Read Blocks": 39017,
                                        "Shared Dirtied Blocks": 0,
                                        "Shared Written Blocks": 0,
                                        "Local Hit Blocks": 0,
                                        "Local Read Blocks": 0,
                                        "Local Dirtied Blocks": 0,
                                        "Local Written Blocks": 0,
                                        "Temp Read Blocks": 0,
                                        "Temp Written Blocks": 0,
                                        "WAL Records": 0,
                                        "WAL FPI": 0,
                                        "WAL Bytes": 0,
                                        "Workers": [
                                            {
                                                "Worker Number": 0,
                                                "Actual Startup Time": 0.163,
                                                "Actual Total Time": 118.098,
                                                "Actual Rows": 1287,
                                                "Actual Loops": 1,
                                                "Shared Hit Blocks": 1350,
                                                "Shared Read Blocks": 12902,
                                                "Shared Dirtied Blocks": 0,
                                                "Shared Written Blocks": 0,
                                                "Local Hit Blocks": 0,
                                                "Local Read Blocks": 0,
                                                "Local Dirtied Blocks": 0,
                                                "Local Written Blocks": 0,
                                                "Temp Read Blocks": 0,
                                                "Temp Written Blocks": 0,
                                                "WAL Records": 0,
                                                "WAL FPI": 0,
                                                "WAL Bytes": 0
                                            },
                                            {
                                                "Worker Number": 1,
                                                "Actual Startup Time": 0.181,
                                                "Actual Total Time": 118.139,
                                                "Actual Rows": 1313,
                                                "Actual Loops": 1,
                                                "Shared Hit Blocks": 1388,
                                                "Shared Read Blocks": 12916,
                                                "Shared Dirtied Blocks": 0,
                                                "Shared Written Blocks": 0,
                                                "Local Hit Blocks": 0,
                                                "Local Read Blocks": 0,
                                                "Local Dirtied Blocks": 0,
                                                "Local Written Blocks": 0,
                                                "Temp Read Blocks": 0,
                                                "Temp Written Blocks": 0,
                                                "WAL Records": 0,
                                                "WAL FPI": 0,
                                                "WAL Bytes": 0
                                            }
                                        ]
                                    }
                                ]
                            },
                            "Settings": {},
                            "Planning": {
                                "Shared Hit Blocks": 0,
                                "Shared Read Blocks": 0,
                                "Shared Dirtied Blocks": 0,
                                "Shared Written Blocks": 0,
                                "Local Hit Blocks": 0,
                                "Local Read Blocks": 0,
                                "Local Dirtied Blocks": 0,
                                "Local Written Blocks": 0,
                                "Temp Read Blocks": 0,
                                "Temp Written Blocks": 0
                            },
                            "Planning Time": 0.033,
                            "Triggers": [],
                            "Execution Time": 121.734
                        },
                        "any_explanation": {
                            "Plan": {
                                "Node Type": "Seq Scan",
                                "Parallel Aware": false,
                                "Async Capable": false,
                                "Relation Name": "tests_benchmark_flagtester015",
                                "Schema": "public",
                                "Alias": "tests_benchmark_flagtester015",
                                "Startup Cost": 0.0,
                                "Total Cost": 163244.02,
                                "Plan Rows": 2666667,
                                "Plan Width": 12,
                                "Actual Startup Time": 0.007,
                                "Actual Total Time": 409.056,
                                "Actual Rows": 7996065,
                                "Actual Loops": 1,
                                "Output": [
                                    "id",
                                    "flags"
                                ],
                                "Filter": "((tests_benchmark_flagtester015.flags & 51710) > 0)",
                                "Rows Removed by Filter": 3936,
                                "Shared Hit Blocks": 4419,
                                "Shared Read Blocks": 38825,
                                "Shared Dirtied Blocks": 0,
                                "Shared Written Blocks": 0,
                                "Local Hit Blocks": 0,
                                "Local Read Blocks": 0,
                                "Local Dirtied Blocks": 0,
                                "Local Written Blocks": 0,
                                "Temp Read Blocks": 0,
                                "Temp Written Blocks": 0,
                                "WAL Records": 0,
                                "WAL FPI": 0,
                                "WAL Bytes": 0
                            },
                            "Settings": {},
                            "Planning": {
                                "Shared Hit Blocks": 0,
                                "Shared Read Blocks": 0,
                                "Shared Dirtied Blocks": 0,
                                "Shared Written Blocks": 0,
                                "Local Hit Blocks": 0,
                                "Local Read Blocks": 0,
                                "Local Dirtied Blocks": 0,
                                "Local Written Blocks": 0,
                                "Temp Read Blocks": 0,
                                "Temp Written Blocks": 0
                            },
                            "Planning Time": 0.053,
                            "Triggers": [],
                            "Execution Time": 570.746
                        },
                        "exact_explanation": {
                            "Plan": {
                                "Node Type": "Bitmap Heap Scan",
                                "Parallel Aware": false,
                                "Async Capable": false,
                                "Relation Name": "tests_benchmark_flagtester015",
                                "Schema": "public",
                                "Alias": "tests_benchmark_flagtester015",
                                "Startup Cost": 5.39,
                                "Total Cost": 483.02,
                                "Plan Rows": 124,
                                "Plan Width": 12,
                                "Actual Startup Time": 0.011,
                                "Actual Total Time": 0.168,
                                "Actual Rows": 121,
                                "Actual Loops": 1,
                                "Output": [
                                    "id",
                                    "flags"
                                ],
                                "Recheck Cond": "(tests_benchmark_flagtester015.flags = 51710)",
                                "Rows Removed by Index Recheck": 0,
                                "Exact Heap Blocks": 121,
                                "Lossy Heap Blocks": 0,
                                "Shared Hit Blocks": 77,
                                "Shared Read Blocks": 47,
                                "Shared Dirtied Blocks": 0,
                                "Shared Written Blocks": 0,
                                "Local Hit Blocks": 0,
                                "Local Read Blocks": 0,
                                "Local Dirtied Blocks": 0,
                                "Local Written Blocks": 0,
                                "Temp Read Blocks": 0,
                                "Temp Written Blocks": 0,
                                "WAL Records": 0,
                                "WAL FPI": 0,
                                "WAL Bytes": 0,
                                "Plans": [
                                    {
                                        "Node Type": "Bitmap Index Scan",
                                        "Parent Relationship": "Outer",
                                        "Parallel Aware": false,
                                        "Async Capable": false,
                                        "Index Name": "flag_idx",
                                        "Startup Cost": 0.0,
                                        "Total Cost": 5.36,
                                        "Plan Rows": 124,
                                        "Plan Width": 0,
                                        "Actual Startup Time": 0.004,
                                        "Actual Total Time": 0.004,
                                        "Actual Rows": 121,
                                        "Actual Loops": 1,
                                        "Index Cond": "(tests_benchmark_flagtester015.flags = 51710)",
                                        "Shared Hit Blocks": 3,
                                        "Shared Read Blocks": 0,
                                        "Shared Dirtied Blocks": 0,
                                        "Shared Written Blocks": 0,
                                        "Local Hit Blocks": 0,
                                        "Local Read Blocks": 0,
                                        "Local Dirtied Blocks": 0,
                                        "Local Written Blocks": 0,
                                        "Temp Read Blocks": 0,
                                        "Temp Written Blocks": 0,
                                        "WAL Records": 0,
                                        "WAL FPI": 0,
                                        "WAL Bytes": 0
                                    }
                                ]
                            },
                            "Settings": {},
                            "Planning": {
                                "Shared Hit Blocks": 0,
                                "Shared Read Blocks": 0,
                                "Shared Dirtied Blocks": 0,
                                "Shared Written Blocks": 0,
                                "Local Hit Blocks": 0,
                                "Local Read Blocks": 0,
                                "Local Dirtied Blocks": 0,
                                "Local Written Blocks": 0,
                                "Temp Read Blocks": 0,
                                "Temp Written Blocks": 0
                            },
                            "Planning Time": 0.011,
                            "Triggers": [],
                            "Execution Time": 0.174
                        },
                        "all_ftr_time": 0.1260594,
                        "any_ftr_time": 0.5745987,
                        "exact_ftr_time": 0.00014209999999999998
                    },
                    "10000000": {
                        "all_time": 0.2265687083010562,
                        "any_time": 0.19046191667439416,
                        "exact_time": 0.004246162518393248,
                        "table_size": 736100352.0,
                        "index_time": 3.2746830000542104,
                        "all_explanation": {
                            "Plan": {
                                "Node Type": "Gather",
                                "Parallel Aware": false,
                                "Async Capable": false,
                                "Startup Cost": 1000.0,
                                "Total Cost": 122555.01,
                                "Plan Rows": 50000,
                                "Plan Width": 12,
                                "Actual Startup Time": 0.08,
                                "Actual Total Time": 156.313,
                                "Actual Rows": 78412,
                                "Actual Loops": 1,
                                "Output": [
                                    "id",
                                    "flags"
                                ],
                                "Workers Planned": 2,
                                "Workers Launched": 2,
                                "Single Copy": false,
                                "Shared Hit Blocks": 4368,
                                "Shared Read Blocks": 49687,
                                "Shared Dirtied Blocks": 0,
                                "Shared Written Blocks": 0,
                                "Local Hit Blocks": 0,
                                "Local Read Blocks": 0,
                                "Local Dirtied Blocks": 0,
                                "Local Written Blocks": 0,
                                "Temp Read Blocks": 0,
                                "Temp Written Blocks": 0,
                                "WAL Records": 0,
                                "WAL FPI": 0,
                                "WAL Bytes": 0,
                                "Plans": [
                                    {
                                        "Node Type": "Seq Scan",
                                        "Parent Relationship": "Outer",
                                        "Parallel Aware": true,
                                        "Async Capable": false,
                                        "Relation Name": "tests_benchmark_flagtester015",
                                        "Schema": "public",
                                        "Alias": "tests_benchmark_flagtester015",
                                        "Startup Cost": 0.0,
                                        "Total Cost": 116555.01,
                                        "Plan Rows": 20833,
                                        "Plan Width": 12,
                                        "Actual Startup Time": 0.032,
                                        "Actual Total Time": 149.235,
                                        "Actual Rows": 26137,
                                        "Actual Loops": 3,
                                        "Output": [
                                            "id",
                                            "flags"
                                        ],
                                        "Filter": "((tests_benchmark_flagtester015.flags & 24719) = 24719)",
                                        "Rows Removed by Filter": 3307196,
                                        "Shared Hit Blocks": 4368,
                                        "Shared Read Blocks": 49687,
                                        "Shared Dirtied Blocks": 0,
                                        "Shared Written Blocks": 0,
                                        "Local Hit Blocks": 0,
                                        "Local Read Blocks": 0,
                                        "Local Dirtied Blocks": 0,
                                        "Local Written Blocks": 0,
                                        "Temp Read Blocks": 0,
                                        "Temp Written Blocks": 0,
                                        "WAL Records": 0,
                                        "WAL FPI": 0,
                                        "WAL Bytes": 0,
                                        "Workers": [
                                            {
                                                "Worker Number": 0,
                                                "Actual Startup Time": 0.028,
                                                "Actual Total Time": 149.484,
                                                "Actual Rows": 25969,
                                                "Actual Loops": 1,
                                                "Shared Hit Blocks": 1433,
                                                "Shared Read Blocks": 16568,
                                                "Shared Dirtied Blocks": 0,
                                                "Shared Written Blocks": 0,
                                                "Local Hit Blocks": 0,
                                                "Local Read Blocks": 0,
                                                "Local Dirtied Blocks": 0,
                                                "Local Written Blocks": 0,
                                                "Temp Read Blocks": 0,
                                                "Temp Written Blocks": 0,
                                                "WAL Records": 0,
                                                "WAL FPI": 0,
                                                "WAL Bytes": 0
                                            },
                                            {
                                                "Worker Number": 1,
                                                "Actual Startup Time": 0.053,
                                                "Actual Total Time": 149.798,
                                                "Actual Rows": 26247,
                                                "Actual Loops": 1,
                                                "Shared Hit Blocks": 1418,
                                                "Shared Read Blocks": 16667,
                                                "Shared Dirtied Blocks": 0,
                                                "Shared Written Blocks": 0,
                                                "Local Hit Blocks": 0,
                                                "Local Read Blocks": 0,
                                                "Local Dirtied Blocks": 0,
                                                "Local Written Blocks": 0,
                                                "Temp Read Blocks": 0,
                                                "Temp Written Blocks": 0,
                                                "WAL Records": 0,
                                                "WAL FPI": 0,
                                                "WAL Bytes": 0
                                            }
                                        ]
                                    }
                                ]
                            },
                            "Settings": {},
                            "Planning": {
                                "Shared Hit Blocks": 0,
                                "Shared Read Blocks": 0,
                                "Shared Dirtied Blocks": 0,
                                "Shared Written Blocks": 0,
                                "Local Hit Blocks": 0,
                                "Local Read Blocks": 0,
                                "Local Dirtied Blocks": 0,
                                "Local Written Blocks": 0,
                                "Temp Read Blocks": 0,
                                "Temp Written Blocks": 0
                            },
                            "Planning Time": 0.037,
                            "Triggers": [],
                            "Execution Time": 158.073
                        },
                        "any_explanation": {
                            "Plan": {
                                "Node Type": "Seq Scan",
                                "Parallel Aware": false,
                                "Async Capable": false,
                                "Relation Name": "tests_benchmark_flagtester015",
                                "Schema": "public",
                                "Alias": "tests_benchmark_flagtester015",
                                "Startup Cost": 0.0,
                                "Total Cost": 204055.01,
                                "Plan Rows": 3333334,
                                "Plan Width": 12,
                                "Actual Startup Time": 0.015,
                                "Actual Total Time": 513.013,
                                "Actual Rows": 9921949,
                                "Actual Loops": 1,
                                "Output": [
                                    "id",
                                    "flags"
                                ],
                                "Filter": "((tests_benchmark_flagtester015.flags & 24719) > 0)",
                                "Rows Removed by Filter": 78052,
                                "Shared Hit Blocks": 4560,
                                "Shared Read Blocks": 49495,
                                "Shared Dirtied Blocks": 0,
                                "Shared Written Blocks": 0,
                                "Local Hit Blocks": 0,
                                "Local Read Blocks": 0,
                                "Local Dirtied Blocks": 0,
                                "Local Written Blocks": 0,
                                "Temp Read Blocks": 0,
                                "Temp Written Blocks": 0,
                                "WAL Records": 0,
                                "WAL FPI": 0,
                                "WAL Bytes": 0
                            },
                            "Settings": {},
                            "Planning": {
                                "Shared Hit Blocks": 0,
                                "Shared Read Blocks": 0,
                                "Shared Dirtied Blocks": 0,
                                "Shared Written Blocks": 0,
                                "Local Hit Blocks": 0,
                                "Local Read Blocks": 0,
                                "Local Dirtied Blocks": 0,
                                "Local Written Blocks": 0,
                                "Temp Read Blocks": 0,
                                "Temp Written Blocks": 0
                            },
                            "Planning Time": 0.038,
                            "Triggers": [],
                            "Execution Time": 712.76
                        },
                        "exact_explanation": {
                            "Plan": {
                                "Node Type": "Bitmap Heap Scan",
                                "Parallel Aware": false,
                                "Async Capable": false,
                                "Relation Name": "tests_benchmark_flagtester015",
                                "Schema": "public",
                                "Alias": "tests_benchmark_flagtester015",
                                "Startup Cost": 5.63,
                                "Total Cost": 598.89,
                                "Plan Rows": 154,
                                "Plan Width": 12,
                                "Actual Startup Time": 0.016,
                                "Actual Total Time": 0.071,
                                "Actual Rows": 152,
                                "Actual Loops": 1,
                                "Output": [
                                    "id",
                                    "flags"
                                ],
                                "Recheck Cond": "(tests_benchmark_flagtester015.flags = 24719)",
                                "Rows Removed by Index Recheck": 0,
                                "Exact Heap Blocks": 151,
                                "Lossy Heap Blocks": 0,
                                "Shared Hit Blocks": 154,
                                "Shared Read Blocks": 0,
                                "Shared Dirtied Blocks": 0,
                                "Shared Written Blocks": 0,
                                "Local Hit Blocks": 0,
                                "Local Read Blocks": 0,
                                "Local Dirtied Blocks": 0,
                                "Local Written Blocks": 0,
                                "Temp Read Blocks": 0,
                                "Temp Written Blocks": 0,
                                "WAL Records": 0,
                                "WAL FPI": 0,
                                "WAL Bytes": 0,
                                "Plans": [
                                    {
                                        "Node Type": "Bitmap Index Scan",
                                        "Parent Relationship": "Outer",
                                        "Parallel Aware": false,
                                        "Async Capable": false,
                                        "Index Name": "flag_idx",
                                        "Startup Cost": 0.0,
                                        "Total Cost": 5.59,
                                        "Plan Rows": 154,
                                        "Plan Width": 0,
                                        "Actual Startup Time": 0.008,
                                        "Actual Total Time": 0.008,
                                        "Actual Rows": 152,
                                        "Actual Loops": 1,
                                        "Index Cond": "(tests_benchmark_flagtester015.flags = 24719)",
                                        "Shared Hit Blocks": 3,
                                        "Shared Read Blocks": 0,
                                        "Shared Dirtied Blocks": 0,
                                        "Shared Written Blocks": 0,
                                        "Local Hit Blocks": 0,
                                        "Local Read Blocks": 0,
                                        "Local Dirtied Blocks": 0,
                                        "Local Written Blocks": 0,
                                        "Temp Read Blocks": 0,
                                        "Temp Written Blocks": 0,
                                        "WAL Records": 0,
                                        "WAL FPI": 0,
                                        "WAL Bytes": 0
                                    }
                                ]
                            },
                            "Settings": {},
                            "Planning": {
                                "Shared Hit Blocks": 0,
                                "Shared Read Blocks": 0,
                                "Shared Dirtied Blocks": 0,
                                "Shared Written Blocks": 0,
                                "Local Hit Blocks": 0,
                                "Local Read Blocks": 0,
                                "Local Dirtied Blocks": 0,
                                "Local Written Blocks": 0,
                                "Temp Read Blocks": 0,
                                "Temp Written Blocks": 0
                            },
                            "Planning Time": 0.028,
                            "Triggers": [],
                            "Execution Time": 0.081
                        },
                        "all_ftr_time": 0.1564627,
                        "any_ftr_time": 0.7167278,
                        "exact_ftr_time": 4.84e-05
                    },
                    "20000000": {
                        "all_time": 0.42736470408272,
                        "any_time": 0.37564232950098814,
                        "exact_time": 0.0051752248895354565,
                        "table_size": 1473249280.0,
                        "index_time": 7.207369833951816,
                        "all_explanation": {
                            "Plan": {
                                "Node Type": "Gather",
                                "Parallel Aware": false,
                                "Async Capable": false,
                                "Startup Cost": 1000.0,
                                "Total Cost": 244109.0,
                                "Plan Rows": 100000,
                                "Plan Width": 12,
                                "Actual Startup Time": 0.08,
                                "Actual Total Time": 327.226,
                                "Actual Rows": 313061,
                                "Actual Loops": 1,
                                "Output": [
                                    "id",
                                    "flags"
                                ],
                                "Workers Planned": 2,
                                "Workers Launched": 2,
                                "Single Copy": false,
                                "Shared Hit Blocks": 5906,
                                "Shared Read Blocks": 102203,
                                "Shared Dirtied Blocks": 0,
                                "Shared Written Blocks": 0,
                                "Local Hit Blocks": 0,
                                "Local Read Blocks": 0,
                                "Local Dirtied Blocks": 0,
                                "Local Written Blocks": 0,
                                "Temp Read Blocks": 0,
                                "Temp Written Blocks": 0,
                                "WAL Records": 0,
                                "WAL FPI": 0,
                                "WAL Bytes": 0,
                                "Plans": [
                                    {
                                        "Node Type": "Seq Scan",
                                        "Parent Relationship": "Outer",
                                        "Parallel Aware": true,
                                        "Async Capable": false,
                                        "Relation Name": "tests_benchmark_flagtester015",
                                        "Schema": "public",
                                        "Alias": "tests_benchmark_flagtester015",
                                        "Startup Cost": 0.0,
                                        "Total Cost": 233109.0,
                                        "Plan Rows": 41667,
                                        "Plan Width": 12,
                                        "Actual Startup Time": 0.025,
                                        "Actual Total Time": 297.564,
                                        "Actual Rows": 104354,
                                        "Actual Loops": 3,
                                        "Output": [
                                            "id",
                                            "flags"
                                        ],
                                        "Filter": "((tests_benchmark_flagtester015.flags & 29280) = 29280)",
                                        "Rows Removed by Filter": 6562313,
                                        "Shared Hit Blocks": 5906,
                                        "Shared Read Blocks": 102203,
                                        "Shared Dirtied Blocks": 0,
                                        "Shared Written Blocks": 0,
                                        "Local Hit Blocks": 0,
                                        "Local Read Blocks": 0,
                                        "Local Dirtied Blocks": 0,
                                        "Local Written Blocks": 0,
                                        "Temp Read Blocks": 0,
                                        "Temp Written Blocks": 0,
                                        "WAL Records": 0,
                                        "WAL FPI": 0,
                                        "WAL Bytes": 0,
                                        "Workers": [
                                            {
                                                "Worker Number": 0,
                                                "Actual Startup Time": 0.032,
                                                "Actual Total Time": 297.628,
                                                "Actual Rows": 105104,
                                                "Actual Loops": 1,
                                                "Shared Hit Blocks": 1906,
                                                "Shared Read Blocks": 34323,
                                                "Shared Dirtied Blocks": 0,
                                                "Shared Written Blocks": 0,
                                                "Local Hit Blocks": 0,
                                                "Local Read Blocks": 0,
                                                "Local Dirtied Blocks": 0,
                                                "Local Written Blocks": 0,
                                                "Temp Read Blocks": 0,
                                                "Temp Written Blocks": 0,
                                                "WAL Records": 0,
                                                "WAL FPI": 0,
                                                "WAL Bytes": 0
                                            },
                                            {
                                                "Worker Number": 1,
                                                "Actual Startup Time": 0.027,
                                                "Actual Total Time": 297.01,
                                                "Actual Rows": 104155,
                                                "Actual Loops": 1,
                                                "Shared Hit Blocks": 1959,
                                                "Shared Read Blocks": 34133,
                                                "Shared Dirtied Blocks": 0,
                                                "Shared Written Blocks": 0,
                                                "Local Hit Blocks": 0,
                                                "Local Read Blocks": 0,
                                                "Local Dirtied Blocks": 0,
                                                "Local Written Blocks": 0,
                                                "Temp Read Blocks": 0,
                                                "Temp Written Blocks": 0,
                                                "WAL Records": 0,
                                                "WAL FPI": 0,
                                                "WAL Bytes": 0
                                            }
                                        ]
                                    }
                                ]
                            },
                            "Settings": {},
                            "Planning": {
                                "Shared Hit Blocks": 0,
                                "Shared Read Blocks": 0,
                                "Shared Dirtied Blocks": 0,
                                "Shared Written Blocks": 0,
                                "Local Hit Blocks": 0,
                                "Local Read Blocks": 0,
                                "Local Dirtied Blocks": 0,
                                "Local Written Blocks": 0,
                                "Temp Read Blocks": 0,
                                "Temp Written Blocks": 0
                            },
                            "Planning Time": 0.035,
                            "Triggers": [],
                            "Execution Time": 334.178
                        },
                        "any_explanation": {
                            "Plan": {
                                "Node Type": "Seq Scan",
                                "Parallel Aware": false,
                                "Async Capable": false,
                                "Relation Name": "tests_benchmark_flagtester015",
                                "Schema": "public",
                                "Alias": "tests_benchmark_flagtester015",
                                "Startup Cost": 0.0,
                                "Total Cost": 408109.0,
                                "Plan Rows": 6666667,
                                "Plan Width": 12,
                                "Actual Startup Time": 0.017,
                                "Actual Total Time": 1080.981,
                                "Actual Rows": 19687152,
                                "Actual Loops": 1,
                                "Output": [
                                    "id",
                                    "flags"
                                ],
                                "Filter": "((tests_benchmark_flagtester015.flags & 29280) > 0)",
                                "Rows Removed by Filter": 312849,
                                "Shared Hit Blocks": 6098,
                                "Shared Read Blocks": 102011,
                                "Shared Dirtied Blocks": 0,
                                "Shared Written Blocks": 0,
                                "Local Hit Blocks": 0,
                                "Local Read Blocks": 0,
                                "Local Dirtied Blocks": 0,
                                "Local Written Blocks": 0,
                                "Temp Read Blocks": 0,
                                "Temp Written Blocks": 0,
                                "WAL Records": 0,
                                "WAL FPI": 0,
                                "WAL Bytes": 0
                            },
                            "Settings": {},
                            "Planning": {
                                "Shared Hit Blocks": 0,
                                "Shared Read Blocks": 0,
                                "Shared Dirtied Blocks": 0,
                                "Shared Written Blocks": 0,
                                "Local Hit Blocks": 0,
                                "Local Read Blocks": 0,
                                "Local Dirtied Blocks": 0,
                                "Local Written Blocks": 0,
                                "Temp Read Blocks": 0,
                                "Temp Written Blocks": 0
                            },
                            "Planning Time": 0.033,
                            "Triggers": [],
                            "Execution Time": 1486.879
                        },
                        "exact_explanation": {
                            "Plan": {
                                "Node Type": "Bitmap Heap Scan",
                                "Parallel Aware": false,
                                "Async Capable": false,
                                "Relation Name": "tests_benchmark_flagtester015",
                                "Schema": "public",
                                "Alias": "tests_benchmark_flagtester015",
                                "Startup Cost": 6.81,
                                "Total Cost": 1185.79,
                                "Plan Rows": 306,
                                "Plan Width": 12,
                                "Actual Startup Time": 0.037,
                                "Actual Total Time": 0.437,
                                "Actual Rows": 305,
                                "Actual Loops": 1,
                                "Output": [
                                    "id",
                                    "flags"
                                ],
                                "Recheck Cond": "(tests_benchmark_flagtester015.flags = 29280)",
                                "Rows Removed by Index Recheck": 0,
                                "Exact Heap Blocks": 305,
                                "Lossy Heap Blocks": 0,
                                "Shared Hit Blocks": 198,
                                "Shared Read Blocks": 110,
                                "Shared Dirtied Blocks": 0,
                                "Shared Written Blocks": 0,
                                "Local Hit Blocks": 0,
                                "Local Read Blocks": 0,
                                "Local Dirtied Blocks": 0,
                                "Local Written Blocks": 0,
                                "Temp Read Blocks": 0,
                                "Temp Written Blocks": 0,
                                "WAL Records": 0,
                                "WAL FPI": 0,
                                "WAL Bytes": 0,
                                "Plans": [
                                    {
                                        "Node Type": "Bitmap Index Scan",
                                        "Parent Relationship": "Outer",
                                        "Parallel Aware": false,
                                        "Async Capable": false,
                                        "Index Name": "flag_idx",
                                        "Startup Cost": 0.0,
                                        "Total Cost": 6.73,
                                        "Plan Rows": 306,
                                        "Plan Width": 0,
                                        "Actual Startup Time": 0.013,
                                        "Actual Total Time": 0.013,
                                        "Actual Rows": 305,
                                        "Actual Loops": 1,
                                        "Index Cond": "(tests_benchmark_flagtester015.flags = 29280)",
                                        "Shared Hit Blocks": 3,
                                        "Shared Read Blocks": 0,
                                        "Shared Dirtied Blocks": 0,
                                        "Shared Written Blocks": 0,
                                        "Local Hit Blocks": 0,
                                        "Local Read Blocks": 0,
                                        "Local Dirtied Blocks": 0,
                                        "Local Written Blocks": 0,
                                        "Temp Read Blocks": 0,
                                        "Temp Written Blocks": 0,
                                        "WAL Records": 0,
                                        "WAL FPI": 0,
                                        "WAL Bytes": 0
                                    }
                                ]
                            },
                            "Settings": {},
                            "Planning": {
                                "Shared Hit Blocks": 0,
                                "Shared Read Blocks": 0,
                                "Shared Dirtied Blocks": 0,
                                "Shared Written Blocks": 0,
                                "Local Hit Blocks": 0,
                                "Local Read Blocks": 0,
                                "Local Dirtied Blocks": 0,
                                "Local Written Blocks": 0,
                                "Temp Read Blocks": 0,
                                "Temp Written Blocks": 0
                            },
                            "Planning Time": 0.012,
                            "Triggers": [],
                            "Execution Time": 0.447
                        },
                        "all_ftr_time": 0.35131599999999996,
                        "any_ftr_time": 1.4550394000000002,
                        "exact_ftr_time": 0.000404
                    },
                    "40000000": {
                        "all_time": 1.0865082957083358,
                        "any_time": 1.168670170789119,
                        "exact_time": 0.004833962314296514,
                        "table_size": 2958032896.0,
                        "index_time": 16.626578374998644,
                        "all_explanation": {
                            "Plan": {
                                "Node Type": "Gather",
                                "Parallel Aware": false,
                                "Async Capable": false,
                                "Startup Cost": 1000.0,
                                "Total Cost": 487217.0,
                                "Plan Rows": 200000,
                                "Plan Width": 12,
                                "Actual Startup Time": 0.11,
                                "Actual Total Time": 733.29,
                                "Actual Rows": 38514,
                                "Actual Loops": 1,
                                "Output": [
                                    "id",
                                    "flags"
                                ],
                                "Workers Planned": 2,
                                "Workers Launched": 2,
                                "Single Copy": false,
                                "Shared Hit Blocks": 8464,
                                "Shared Read Blocks": 207753,
                                "Shared Dirtied Blocks": 0,
                                "Shared Written Blocks": 0,
                                "Local Hit Blocks": 0,
                                "Local Read Blocks": 0,
                                "Local Dirtied Blocks": 0,
                                "Local Written Blocks": 0,
                                "Temp Read Blocks": 0,
                                "Temp Written Blocks": 0,
                                "WAL Records": 0,
                                "WAL FPI": 0,
                                "WAL Bytes": 0,
                                "Plans": [
                                    {
                                        "Node Type": "Seq Scan",
                                        "Parent Relationship": "Outer",
                                        "Parallel Aware": true,
                                        "Async Capable": false,
                                        "Relation Name": "tests_benchmark_flagtester015",
                                        "Schema": "public",
                                        "Alias": "tests_benchmark_flagtester015",
                                        "Startup Cost": 0.0,
                                        "Total Cost": 466217.0,
                                        "Plan Rows": 83333,
                                        "Plan Width": 12,
                                        "Actual Startup Time": 0.058,
                                        "Actual Total Time": 725.558,
                                        "Actual Rows": 12838,
                                        "Actual Loops": 3,
                                        "Output": [
                                            "id",
                                            "flags"
                                        ],
                                        "Filter": "((tests_benchmark_flagtester015.flags & 54843) = 54843)",
                                        "Rows Removed by Filter": 13320496,
                                        "Shared Hit Blocks": 8464,
                                        "Shared Read Blocks": 207753,
                                        "Shared Dirtied Blocks": 0,
                                        "Shared Written Blocks": 0,
                                        "Local Hit Blocks": 0,
                                        "Local Read Blocks": 0,
                                        "Local Dirtied Blocks": 0,
                                        "Local Written Blocks": 0,
                                        "Temp Read Blocks": 0,
                                        "Temp Written Blocks": 0,
                                        "WAL Records": 0,
                                        "WAL FPI": 0,
                                        "WAL Bytes": 0,
                                        "Workers": [
                                            {
                                                "Worker Number": 0,
                                                "Actual Startup Time": 0.057,
                                                "Actual Total Time": 725.381,
                                                "Actual Rows": 12955,
                                                "Actual Loops": 1,
                                                "Shared Hit Blocks": 2845,
                                                "Shared Read Blocks": 69332,
                                                "Shared Dirtied Blocks": 0,
                                                "Shared Written Blocks": 0,
                                                "Local Hit Blocks": 0,
                                                "Local Read Blocks": 0,
                                                "Local Dirtied Blocks": 0,
                                                "Local Written Blocks": 0,
                                                "Temp Read Blocks": 0,
                                                "Temp Written Blocks": 0,
                                                "WAL Records": 0,
                                                "WAL FPI": 0,
                                                "WAL Bytes": 0
                                            },
                                            {
                                                "Worker Number": 1,
                                                "Actual Startup Time": 0.068,
                                                "Actual Total Time": 725.444,
                                                "Actual Rows": 12869,
                                                "Actual Loops": 1,
                                                "Shared Hit Blocks": 2719,
                                                "Shared Read Blocks": 69569,
                                                "Shared Dirtied Blocks": 0,
                                                "Shared Written Blocks": 0,
                                                "Local Hit Blocks": 0,
                                                "Local Read Blocks": 0,
                                                "Local Dirtied Blocks": 0,
                                                "Local Written Blocks": 0,
                                                "Temp Read Blocks": 0,
                                                "Temp Written Blocks": 0,
                                                "WAL Records": 0,
                                                "WAL FPI": 0,
                                                "WAL Bytes": 0
                                            }
                                        ]
                                    }
                                ]
                            },
                            "Settings": {},
                            "Planning": {
                                "Shared Hit Blocks": 0,
                                "Shared Read Blocks": 0,
                                "Shared Dirtied Blocks": 0,
                                "Shared Written Blocks": 0,
                                "Local Hit Blocks": 0,
                                "Local Read Blocks": 0,
                                "Local Dirtied Blocks": 0,
                                "Local Written Blocks": 0,
                                "Temp Read Blocks": 0,
                                "Temp Written Blocks": 0
                            },
                            "Planning Time": 0.041,
                            "Triggers": [],
                            "Execution Time": 734.244
                        },
                        "any_explanation": {
                            "Plan": {
                                "Node Type": "Seq Scan",
                                "Parallel Aware": false,
                                "Async Capable": false,
                                "Relation Name": "tests_benchmark_flagtester015",
                                "Schema": "public",
                                "Alias": "tests_benchmark_flagtester015",
                                "Startup Cost": 0.0,
                                "Total Cost": 816217.0,
                                "Plan Rows": 13333333,
                                "Plan Width": 12,
                                "Actual Startup Time": 0.017,
                                "Actual Total Time": 2095.995,
                                "Actual Rows": 39960881,
                                "Actual Loops": 1,
                                "Output": [
                                    "id",
                                    "flags"
                                ],
                                "Filter": "((tests_benchmark_flagtester015.flags & 54843) > 0)",
                                "Rows Removed by Filter": 39120,
                                "Shared Hit Blocks": 8656,
                                "Shared Read Blocks": 207561,
                                "Shared Dirtied Blocks": 0,
                                "Shared Written Blocks": 0,
                                "Local Hit Blocks": 0,
                                "Local Read Blocks": 0,
                                "Local Dirtied Blocks": 0,
                                "Local Written Blocks": 0,
                                "Temp Read Blocks": 0,
                                "Temp Written Blocks": 0,
                                "WAL Records": 0,
                                "WAL FPI": 0,
                                "WAL Bytes": 0
                            },
                            "Settings": {},
                            "Planning": {
                                "Shared Hit Blocks": 0,
                                "Shared Read Blocks": 0,
                                "Shared Dirtied Blocks": 0,
                                "Shared Written Blocks": 0,
                                "Local Hit Blocks": 0,
                                "Local Read Blocks": 0,
                                "Local Dirtied Blocks": 0,
                                "Local Written Blocks": 0,
                                "Temp Read Blocks": 0,
                                "Temp Written Blocks": 0
                            },
                            "Planning Time": 0.034,
                            "Triggers": [],
                            "Execution Time": 2905.358
                        },
                        "exact_explanation": {
                            "Plan": {
                                "Node Type": "Bitmap Heap Scan",
                                "Parallel Aware": false,
                                "Async Capable": false,
                                "Relation Name": "tests_benchmark_flagtester015",
                                "Schema": "public",
                                "Alias": "tests_benchmark_flagtester015",
                                "Startup Cost": 9.16,
                                "Total Cost": 2355.81,
                                "Plan Rows": 609,
                                "Plan Width": 12,
                                "Actual Startup Time": 0.086,
                                "Actual Total Time": 1.687,
                                "Actual Rows": 592,
                                "Actual Loops": 1,
                                "Output": [
                                    "id",
                                    "flags"
                                ],
                                "Recheck Cond": "(tests_benchmark_flagtester015.flags = 54843)",
                                "Rows Removed by Index Recheck": 0,
                                "Exact Heap Blocks": 592,
                                "Lossy Heap Blocks": 0,
                                "Shared Hit Blocks": 197,
                                "Shared Read Blocks": 398,
                                "Shared Dirtied Blocks": 0,
                                "Shared Written Blocks": 0,
                                "Local Hit Blocks": 0,
                                "Local Read Blocks": 0,
                                "Local Dirtied Blocks": 0,
                                "Local Written Blocks": 0,
                                "Temp Read Blocks": 0,
                                "Temp Written Blocks": 0,
                                "WAL Records": 0,
                                "WAL FPI": 0,
                                "WAL Bytes": 0,
                                "Plans": [
                                    {
                                        "Node Type": "Bitmap Index Scan",
                                        "Parent Relationship": "Outer",
                                        "Parallel Aware": false,
                                        "Async Capable": false,
                                        "Index Name": "flag_idx",
                                        "Startup Cost": 0.0,
                                        "Total Cost": 9.01,
                                        "Plan Rows": 609,
                                        "Plan Width": 0,
                                        "Actual Startup Time": 0.042,
                                        "Actual Total Time": 0.042,
                                        "Actual Rows": 592,
                                        "Actual Loops": 1,
                                        "Index Cond": "(tests_benchmark_flagtester015.flags = 54843)",
                                        "Shared Hit Blocks": 3,
                                        "Shared Read Blocks": 0,
                                        "Shared Dirtied Blocks": 0,
                                        "Shared Written Blocks": 0,
                                        "Local Hit Blocks": 0,
                                        "Local Read Blocks": 0,
                                        "Local Dirtied Blocks": 0,
                                        "Local Written Blocks": 0,
                                        "Temp Read Blocks": 0,
                                        "Temp Written Blocks": 0,
                                        "WAL Records": 0,
                                        "WAL FPI": 0,
                                        "WAL Bytes": 0
                                    }
                                ]
                            },
                            "Settings": {},
                            "Planning": {
                                "Shared Hit Blocks": 0,
                                "Shared Read Blocks": 0,
                                "Shared Dirtied Blocks": 0,
                                "Shared Written Blocks": 0,
                                "Local Hit Blocks": 0,
                                "Local Read Blocks": 0,
                                "Local Dirtied Blocks": 0,
                                "Local Written Blocks": 0,
                                "Temp Read Blocks": 0,
                                "Temp Written Blocks": 0
                            },
                            "Planning Time": 0.011,
                            "Triggers": [],
                            "Execution Time": 1.704
                        },
                        "all_ftr_time": 1.1034296,
                        "any_ftr_time": 3.0252159,
                        "exact_ftr_time": 0.0025824
                    },
                    "60000000": {
                        "all_time": 1.8649141583940945,
                        "any_time": 1.9067640875233338,
                        "exact_time": 0.010377466806676238,
                        "table_size": 4438622208.0,
                        "index_time": 24.15774270799011,
                        "all_explanation": {
                            "Plan": {
                                "Node Type": "Gather",
                                "Parallel Aware": false,
                                "Async Capable": false,
                                "Startup Cost": 1000.0,
                                "Total Cost": 730325.0,
                                "Plan Rows": 300000,
                                "Plan Width": 12,
                                "Actual Startup Time": 0.107,
                                "Actual Total Time": 887.347,
                                "Actual Rows": 116915,
                                "Actual Loops": 1,
                                "Output": [
                                    "id",
                                    "flags"
                                ],
                                "Workers Planned": 2,
                                "Workers Launched": 2,
                                "Single Copy": false,
                                "Shared Hit Blocks": 11274,
                                "Shared Read Blocks": 313051,
                                "Shared Dirtied Blocks": 0,
                                "Shared Written Blocks": 0,
                                "Local Hit Blocks": 0,
                                "Local Read Blocks": 0,
                                "Local Dirtied Blocks": 0,
                                "Local Written Blocks": 0,
                                "Temp Read Blocks": 0,
                                "Temp Written Blocks": 0,
                                "WAL Records": 0,
                                "WAL FPI": 0,
                                "WAL Bytes": 0,
                                "Plans": [
                                    {
                                        "Node Type": "Seq Scan",
                                        "Parent Relationship": "Outer",
                                        "Parallel Aware": true,
                                        "Async Capable": false,
                                        "Relation Name": "tests_benchmark_flagtester015",
                                        "Schema": "public",
                                        "Alias": "tests_benchmark_flagtester015",
                                        "Startup Cost": 0.0,
                                        "Total Cost": 699325.0,
                                        "Plan Rows": 125000,
                                        "Plan Width": 12,
                                        "Actual Startup Time": 0.054,
                                        "Actual Total Time": 878.319,
                                        "Actual Rows": 38972,
                                        "Actual Loops": 3,
                                        "Output": [
                                            "id",
                                            "flags"
                                        ],
                                        "Filter": "((tests_benchmark_flagtester015.flags & 20985) = 20985)",
                                        "Rows Removed by Filter": 19961029,
                                        "Shared Hit Blocks": 11274,
                                        "Shared Read Blocks": 313051,
                                        "Shared Dirtied Blocks": 0,
                                        "Shared Written Blocks": 0,
                                        "Local Hit Blocks": 0,
                                        "Local Read Blocks": 0,
                                        "Local Dirtied Blocks": 0,
                                        "Local Written Blocks": 0,
                                        "Temp Read Blocks": 0,
                                        "Temp Written Blocks": 0,
                                        "WAL Records": 0,
                                        "WAL FPI": 0,
                                        "WAL Bytes": 0,
                                        "Workers": [
                                            {
                                                "Worker Number": 0,
                                                "Actual Startup Time": 0.05,
                                                "Actual Total Time": 879.04,
                                                "Actual Rows": 39038,
                                                "Actual Loops": 1,
                                                "Shared Hit Blocks": 3686,
                                                "Shared Read Blocks": 104389,
                                                "Shared Dirtied Blocks": 0,
                                                "Shared Written Blocks": 0,
                                                "Local Hit Blocks": 0,
                                                "Local Read Blocks": 0,
                                                "Local Dirtied Blocks": 0,
                                                "Local Written Blocks": 0,
                                                "Temp Read Blocks": 0,
                                                "Temp Written Blocks": 0,
                                                "WAL Records": 0,
                                                "WAL FPI": 0,
                                                "WAL Bytes": 0
                                            },
                                            {
                                                "Worker Number": 1,
                                                "Actual Startup Time": 0.079,
                                                "Actual Total Time": 879.14,
                                                "Actual Rows": 38830,
                                                "Actual Loops": 1,
                                                "Shared Hit Blocks": 3706,
                                                "Shared Read Blocks": 103769,
                                                "Shared Dirtied Blocks": 0,
                                                "Shared Written Blocks": 0,
                                                "Local Hit Blocks": 0,
                                                "Local Read Blocks": 0,
                                                "Local Dirtied Blocks": 0,
                                                "Local Written Blocks": 0,
                                                "Temp Read Blocks": 0,
                                                "Temp Written Blocks": 0,
                                                "WAL Records": 0,
                                                "WAL FPI": 0,
                                                "WAL Bytes": 0
                                            }
                                        ]
                                    }
                                ]
                            },
                            "Settings": {},
                            "Planning": {
                                "Shared Hit Blocks": 0,
                                "Shared Read Blocks": 0,
                                "Shared Dirtied Blocks": 0,
                                "Shared Written Blocks": 0,
                                "Local Hit Blocks": 0,
                                "Local Read Blocks": 0,
                                "Local Dirtied Blocks": 0,
                                "Local Written Blocks": 0,
                                "Temp Read Blocks": 0,
                                "Temp Written Blocks": 0
                            },
                            "Planning Time": 0.038,
                            "Triggers": [],
                            "Execution Time": 890.014
                        },
                        "any_explanation": {
                            "Plan": {
                                "Node Type": "Seq Scan",
                                "Parallel Aware": false,
                                "Async Capable": false,
                                "Relation Name": "tests_benchmark_flagtester015",
                                "Schema": "public",
                                "Alias": "tests_benchmark_flagtester015",
                                "Startup Cost": 0.0,
                                "Total Cost": 1224325.0,
                                "Plan Rows": 20000000,
                                "Plan Width": 12,
                                "Actual Startup Time": 0.016,
                                "Actual Total Time": 3027.585,
                                "Actual Rows": 59883198,
                                "Actual Loops": 1,
                                "Output": [
                                    "id",
                                    "flags"
                                ],
                                "Filter": "((tests_benchmark_flagtester015.flags & 20985) > 0)",
                                "Rows Removed by Filter": 116803,
                                "Shared Hit Blocks": 11466,
                                "Shared Read Blocks": 312859,
                                "Shared Dirtied Blocks": 0,
                                "Shared Written Blocks": 0,
                                "Local Hit Blocks": 0,
                                "Local Read Blocks": 0,
                                "Local Dirtied Blocks": 0,
                                "Local Written Blocks": 0,
                                "Temp Read Blocks": 0,
                                "Temp Written Blocks": 0,
                                "WAL Records": 0,
                                "WAL FPI": 0,
                                "WAL Bytes": 0
                            },
                            "Settings": {},
                            "Planning": {
                                "Shared Hit Blocks": 0,
                                "Shared Read Blocks": 0,
                                "Shared Dirtied Blocks": 0,
                                "Shared Written Blocks": 0,
                                "Local Hit Blocks": 0,
                                "Local Read Blocks": 0,
                                "Local Dirtied Blocks": 0,
                                "Local Written Blocks": 0,
                                "Temp Read Blocks": 0,
                                "Temp Written Blocks": 0
                            },
                            "Planning Time": 0.031,
                            "Triggers": [],
                            "Execution Time": 4220.545
                        },
                        "exact_explanation": {
                            "Plan": {
                                "Node Type": "Bitmap Heap Scan",
                                "Parallel Aware": false,
                                "Async Capable": false,
                                "Relation Name": "tests_benchmark_flagtester015",
                                "Schema": "public",
                                "Alias": "tests_benchmark_flagtester015",
                                "Startup Cost": 11.61,
                                "Total Cost": 3510.84,
                                "Plan Rows": 909,
                                "Plan Width": 12,
                                "Actual Startup Time": 0.1,
                                "Actual Total Time": 1.435,
                                "Actual Rows": 861,
                                "Actual Loops": 1,
                                "Output": [
                                    "id",
                                    "flags"
                                ],
                                "Recheck Cond": "(tests_benchmark_flagtester015.flags = 20985)",
                                "Rows Removed by Index Recheck": 0,
                                "Exact Heap Blocks": 860,
                                "Lossy Heap Blocks": 0,
                                "Shared Hit Blocks": 629,
                                "Shared Read Blocks": 236,
                                "Shared Dirtied Blocks": 0,
                                "Shared Written Blocks": 0,
                                "Local Hit Blocks": 0,
                                "Local Read Blocks": 0,
                                "Local Dirtied Blocks": 0,
                                "Local Written Blocks": 0,
                                "Temp Read Blocks": 0,
                                "Temp Written Blocks": 0,
                                "WAL Records": 0,
                                "WAL FPI": 0,
                                "WAL Bytes": 0,
                                "Plans": [
                                    {
                                        "Node Type": "Bitmap Index Scan",
                                        "Parent Relationship": "Outer",
                                        "Parallel Aware": false,
                                        "Async Capable": false,
                                        "Index Name": "flag_idx",
                                        "Startup Cost": 0.0,
                                        "Total Cost": 11.38,
                                        "Plan Rows": 909,
                                        "Plan Width": 0,
                                        "Actual Startup Time": 0.041,
                                        "Actual Total Time": 0.041,
                                        "Actual Rows": 861,
                                        "Actual Loops": 1,
                                        "Index Cond": "(tests_benchmark_flagtester015.flags = 20985)",
                                        "Shared Hit Blocks": 5,
                                        "Shared Read Blocks": 0,
                                        "Shared Dirtied Blocks": 0,
                                        "Shared Written Blocks": 0,
                                        "Local Hit Blocks": 0,
                                        "Local Read Blocks": 0,
                                        "Local Dirtied Blocks": 0,
                                        "Local Written Blocks": 0,
                                        "Temp Read Blocks": 0,
                                        "Temp Written Blocks": 0,
                                        "WAL Records": 0,
                                        "WAL FPI": 0,
                                        "WAL Bytes": 0
                                    }
                                ]
                            },
                            "Settings": {},
                            "Planning": {
                                "Shared Hit Blocks": 0,
                                "Shared Read Blocks": 0,
                                "Shared Dirtied Blocks": 0,
                                "Shared Written Blocks": 0,
                                "Local Hit Blocks": 0,
                                "Local Read Blocks": 0,
                                "Local Dirtied Blocks": 0,
                                "Local Written Blocks": 0,
                                "Temp Read Blocks": 0,
                                "Temp Written Blocks": 0
                            },
                            "Planning Time": 0.017,
                            "Triggers": [],
                            "Execution Time": 1.457
                        },
                        "all_ftr_time": 1.8559022999999997,
                        "any_ftr_time": 4.7614833,
                        "exact_ftr_time": 0.004581899999999999
                    },
                    "80000000": {
                        "all_time": 3.695242808293551,
                        "any_time": 4.043015316699166,
                        "exact_time": 0.03832138747675344,
                        "table_size": 5912920064.0,
                        "index_time": 33.11953112494666,
                        "all_explanation": {
                            "Plan": {
                                "Node Type": "Gather",
                                "Parallel Aware": false,
                                "Async Capable": false,
                                "Startup Cost": 1000.0,
                                "Total Cost": 973433.0,
                                "Plan Rows": 400000,
                                "Plan Width": 12,
                                "Actual Startup Time": 0.488,
                                "Actual Total Time": 2887.541,
                                "Actual Rows": 38892,
                                "Actual Loops": 1,
                                "Output": [
                                    "id",
                                    "flags"
                                ],
                                "Workers Planned": 2,
                                "Workers Launched": 2,
                                "Single Copy": false,
                                "Shared Hit Blocks": 13855,
                                "Shared Read Blocks": 418578,
                                "Shared Dirtied Blocks": 0,
                                "Shared Written Blocks": 0,
                                "Local Hit Blocks": 0,
                                "Local Read Blocks": 0,
                                "Local Dirtied Blocks": 0,
                                "Local Written Blocks": 0,
                                "Temp Read Blocks": 0,
                                "Temp Written Blocks": 0,
                                "WAL Records": 0,
                                "WAL FPI": 0,
                                "WAL Bytes": 0,
                                "Plans": [
                                    {
                                        "Node Type": "Seq Scan",
                                        "Parent Relationship": "Outer",
                                        "Parallel Aware": true,
                                        "Async Capable": false,
                                        "Relation Name": "tests_benchmark_flagtester015",
                                        "Schema": "public",
                                        "Alias": "tests_benchmark_flagtester015",
                                        "Startup Cost": 0.0,
                                        "Total Cost": 932433.0,
                                        "Plan Rows": 166667,
                                        "Plan Width": 12,
                                        "Actual Startup Time": 0.981,
                                        "Actual Total Time": 2877.488,
                                        "Actual Rows": 12964,
                                        "Actual Loops": 3,
                                        "Output": [
                                            "id",
                                            "flags"
                                        ],
                                        "Filter": "((tests_benchmark_flagtester015.flags & 45807) = 45807)",
                                        "Rows Removed by Filter": 26653703,
                                        "Shared Hit Blocks": 13855,
                                        "Shared Read Blocks": 418578,
                                        "Shared Dirtied Blocks": 0,
                                        "Shared Written Blocks": 0,
                                        "Local Hit Blocks": 0,
                                        "Local Read Blocks": 0,
                                        "Local Dirtied Blocks": 0,
                                        "Local Written Blocks": 0,
                                        "Temp Read Blocks": 0,
                                        "Temp Written Blocks": 0,
                                        "WAL Records": 0,
                                        "WAL FPI": 0,
                                        "WAL Bytes": 0,
                                        "Workers": [
                                            {
                                                "Worker Number": 0,
                                                "Actual Startup Time": 1.562,
                                                "Actual Total Time": 2881.171,
                                                "Actual Rows": 13039,
                                                "Actual Loops": 1,
                                                "Shared Hit Blocks": 4571,
                                                "Shared Read Blocks": 140284,
                                                "Shared Dirtied Blocks": 0,
                                                "Shared Written Blocks": 0,
                                                "Local Hit Blocks": 0,
                                                "Local Read Blocks": 0,
                                                "Local Dirtied Blocks": 0,
                                                "Local Written Blocks": 0,
                                                "Temp Read Blocks": 0,
                                                "Temp Written Blocks": 0,
                                                "WAL Records": 0,
                                                "WAL FPI": 0,
                                                "WAL Bytes": 0
                                            },
                                            {
                                                "Worker Number": 1,
                                                "Actual Startup Time": 0.95,
                                                "Actual Total Time": 2869.122,
                                                "Actual Rows": 12738,
                                                "Actual Loops": 1,
                                                "Shared Hit Blocks": 4494,
                                                "Shared Read Blocks": 138306,
                                                "Shared Dirtied Blocks": 0,
                                                "Shared Written Blocks": 0,
                                                "Local Hit Blocks": 0,
                                                "Local Read Blocks": 0,
                                                "Local Dirtied Blocks": 0,
                                                "Local Written Blocks": 0,
                                                "Temp Read Blocks": 0,
                                                "Temp Written Blocks": 0,
                                                "WAL Records": 0,
                                                "WAL FPI": 0,
                                                "WAL Bytes": 0
                                            }
                                        ]
                                    }
                                ]
                            },
                            "Settings": {},
                            "Planning": {
                                "Shared Hit Blocks": 0,
                                "Shared Read Blocks": 0,
                                "Shared Dirtied Blocks": 0,
                                "Shared Written Blocks": 0,
                                "Local Hit Blocks": 0,
                                "Local Read Blocks": 0,
                                "Local Dirtied Blocks": 0,
                                "Local Written Blocks": 0,
                                "Temp Read Blocks": 0,
                                "Temp Written Blocks": 0
                            },
                            "Planning Time": 0.035,
                            "Triggers": [],
                            "Execution Time": 2888.669
                        },
                        "any_explanation": {
                            "Plan": {
                                "Node Type": "Seq Scan",
                                "Parallel Aware": false,
                                "Async Capable": false,
                                "Relation Name": "tests_benchmark_flagtester015",
                                "Schema": "public",
                                "Alias": "tests_benchmark_flagtester015",
                                "Startup Cost": 0.0,
                                "Total Cost": 1632433.0,
                                "Plan Rows": 26666667,
                                "Plan Width": 12,
                                "Actual Startup Time": 0.026,
                                "Actual Total Time": 7277.3,
                                "Actual Rows": 79960999,
                                "Actual Loops": 1,
                                "Output": [
                                    "id",
                                    "flags"
                                ],
                                "Filter": "((tests_benchmark_flagtester015.flags & 45807) > 0)",
                                "Rows Removed by Filter": 39002,
                                "Shared Hit Blocks": 14047,
                                "Shared Read Blocks": 418386,
                                "Shared Dirtied Blocks": 0,
                                "Shared Written Blocks": 0,
                                "Local Hit Blocks": 0,
                                "Local Read Blocks": 0,
                                "Local Dirtied Blocks": 0,
                                "Local Written Blocks": 0,
                                "Temp Read Blocks": 0,
                                "Temp Written Blocks": 0,
                                "WAL Records": 0,
                                "WAL FPI": 0,
                                "WAL Bytes": 0
                            },
                            "Settings": {},
                            "Planning": {
                                "Shared Hit Blocks": 0,
                                "Shared Read Blocks": 0,
                                "Shared Dirtied Blocks": 0,
                                "Shared Written Blocks": 0,
                                "Local Hit Blocks": 0,
                                "Local Read Blocks": 0,
                                "Local Dirtied Blocks": 0,
                                "Local Written Blocks": 0,
                                "Temp Read Blocks": 0,
                                "Temp Written Blocks": 0
                            },
                            "Planning Time": 0.052,
                            "Triggers": [],
                            "Execution Time": 8887.202
                        },
                        "exact_explanation": {
                            "Plan": {
                                "Node Type": "Bitmap Heap Scan",
                                "Parallel Aware": false,
                                "Async Capable": false,
                                "Relation Name": "tests_benchmark_flagtester015",
                                "Schema": "public",
                                "Alias": "tests_benchmark_flagtester015",
                                "Startup Cost": 17.95,
                                "Total Cost": 4681.07,
                                "Plan Rows": 1211,
                                "Plan Width": 12,
                                "Actual Startup Time": 0.301,
                                "Actual Total Time": 18.16,
                                "Actual Rows": 1227,
                                "Actual Loops": 1,
                                "Output": [
                                    "id",
                                    "flags"
                                ],
                                "Recheck Cond": "(tests_benchmark_flagtester015.flags = 45807)",
                                "Rows Removed by Index Recheck": 0,
                                "Exact Heap Blocks": 1223,
                                "Lossy Heap Blocks": 0,
                                "Shared Hit Blocks": 1117,
                                "Shared Read Blocks": 111,
                                "Shared Dirtied Blocks": 0,
                                "Shared Written Blocks": 0,
                                "Local Hit Blocks": 0,
                                "Local Read Blocks": 0,
                                "Local Dirtied Blocks": 0,
                                "Local Written Blocks": 0,
                                "Temp Read Blocks": 0,
                                "Temp Written Blocks": 0,
                                "WAL Records": 0,
                                "WAL FPI": 0,
                                "WAL Bytes": 0,
                                "Plans": [
                                    {
                                        "Node Type": "Bitmap Index Scan",
                                        "Parent Relationship": "Outer",
                                        "Parallel Aware": false,
                                        "Async Capable": false,
                                        "Index Name": "flag_idx",
                                        "Startup Cost": 0.0,
                                        "Total Cost": 17.65,
                                        "Plan Rows": 1211,
                                        "Plan Width": 0,
                                        "Actual Startup Time": 0.071,
                                        "Actual Total Time": 0.071,
                                        "Actual Rows": 1227,
                                        "Actual Loops": 1,
                                        "Index Cond": "(tests_benchmark_flagtester015.flags = 45807)",
                                        "Shared Hit Blocks": 5,
                                        "Shared Read Blocks": 0,
                                        "Shared Dirtied Blocks": 0,
                                        "Shared Written Blocks": 0,
                                        "Local Hit Blocks": 0,
                                        "Local Read Blocks": 0,
                                        "Local Dirtied Blocks": 0,
                                        "Local Written Blocks": 0,
                                        "Temp Read Blocks": 0,
                                        "Temp Written Blocks": 0,
                                        "WAL Records": 0,
                                        "WAL FPI": 0,
                                        "WAL Bytes": 0
                                    }
                                ]
                            },
                            "Settings": {},
                            "Planning": {
                                "Shared Hit Blocks": 0,
                                "Shared Read Blocks": 0,
                                "Shared Dirtied Blocks": 0,
                                "Shared Written Blocks": 0,
                                "Local Hit Blocks": 0,
                                "Local Read Blocks": 0,
                                "Local Dirtied Blocks": 0,
                                "Local Written Blocks": 0,
                                "Temp Read Blocks": 0,
                                "Temp Written Blocks": 0
                            },
                            "Planning Time": 0.022,
                            "Triggers": [],
                            "Execution Time": 18.192
                        },
                        "all_ftr_time": 3.8284542999999998,
                        "any_ftr_time": 7.691778,
                        "exact_ftr_time": 0.0084338
                    },
                    "100000000": {
                        "all_time": 5.820802270784043,
                        "any_time": 6.125908558396622,
                        "exact_time": 0.08319360401947051,
                        "table_size": 7395606528.0,
                        "index_time": 44.871721250005066,
                        "all_explanation": {
                            "Plan": {
                                "Node Type": "Gather",
                                "Parallel Aware": false,
                                "Async Capable": false,
                                "Startup Cost": 1000.0,
                                "Total Cost": 1216541.0,
                                "Plan Rows": 500000,
                                "Plan Width": 12,
                                "Actual Startup Time": 1.465,
                                "Actual Total Time": 6207.183,
                                "Actual Rows": 97659,
                                "Actual Loops": 1,
                                "Output": [
                                    "id",
                                    "flags"
                                ],
                                "Workers Planned": 2,
                                "Workers Launched": 2,
                                "Single Copy": false,
                                "Shared Hit Blocks": 15396,
                                "Shared Read Blocks": 525145,
                                "Shared Dirtied Blocks": 0,
                                "Shared Written Blocks": 5,
                                "Local Hit Blocks": 0,
                                "Local Read Blocks": 0,
                                "Local Dirtied Blocks": 0,
                                "Local Written Blocks": 0,
                                "Temp Read Blocks": 0,
                                "Temp Written Blocks": 0,
                                "WAL Records": 0,
                                "WAL FPI": 0,
                                "WAL Bytes": 0,
                                "Plans": [
                                    {
                                        "Node Type": "Seq Scan",
                                        "Parent Relationship": "Outer",
                                        "Parallel Aware": true,
                                        "Async Capable": false,
                                        "Relation Name": "tests_benchmark_flagtester015",
                                        "Schema": "public",
                                        "Alias": "tests_benchmark_flagtester015",
                                        "Startup Cost": 0.0,
                                        "Total Cost": 1165541.0,
                                        "Plan Rows": 208333,
                                        "Plan Width": 12,
                                        "Actual Startup Time": 1.129,
                                        "Actual Total Time": 6196.603,
                                        "Actual Rows": 32553,
                                        "Actual Loops": 3,
                                        "Output": [
                                            "id",
                                            "flags"
                                        ],
                                        "Filter": "((tests_benchmark_flagtester015.flags & 44972) = 44972)",
                                        "Rows Removed by Filter": 33300781,
                                        "Shared Hit Blocks": 15396,
                                        "Shared Read Blocks": 525145,
                                        "Shared Dirtied Blocks": 0,
                                        "Shared Written Blocks": 5,
                                        "Local Hit Blocks": 0,
                                        "Local Read Blocks": 0,
                                        "Local Dirtied Blocks": 0,
                                        "Local Written Blocks": 0,
                                        "Temp Read Blocks": 0,
                                        "Temp Written Blocks": 0,
                                        "WAL Records": 0,
                                        "WAL FPI": 0,
                                        "WAL Bytes": 0,
                                        "Workers": [
                                            {
                                                "Worker Number": 0,
                                                "Actual Startup Time": 0.593,
                                                "Actual Total Time": 6196.807,
                                                "Actual Rows": 32406,
                                                "Actual Loops": 1,
                                                "Shared Hit Blocks": 5220,
                                                "Shared Read Blocks": 174141,
                                                "Shared Dirtied Blocks": 0,
                                                "Shared Written Blocks": 3,
                                                "Local Hit Blocks": 0,
                                                "Local Read Blocks": 0,
                                                "Local Dirtied Blocks": 0,
                                                "Local Written Blocks": 0,
                                                "Temp Read Blocks": 0,
                                                "Temp Written Blocks": 0,
                                                "WAL Records": 0,
                                                "WAL FPI": 0,
                                                "WAL Bytes": 0
                                            },
                                            {
                                                "Worker Number": 1,
                                                "Actual Startup Time": 1.385,
                                                "Actual Total Time": 6196.662,
                                                "Actual Rows": 32797,
                                                "Actual Loops": 1,
                                                "Shared Hit Blocks": 5116,
                                                "Shared Read Blocks": 176228,
                                                "Shared Dirtied Blocks": 0,
                                                "Shared Written Blocks": 1,
                                                "Local Hit Blocks": 0,
                                                "Local Read Blocks": 0,
                                                "Local Dirtied Blocks": 0,
                                                "Local Written Blocks": 0,
                                                "Temp Read Blocks": 0,
                                                "Temp Written Blocks": 0,
                                                "WAL Records": 0,
                                                "WAL FPI": 0,
                                                "WAL Bytes": 0
                                            }
                                        ]
                                    }
                                ]
                            },
                            "Settings": {},
                            "Planning": {
                                "Shared Hit Blocks": 0,
                                "Shared Read Blocks": 0,
                                "Shared Dirtied Blocks": 0,
                                "Shared Written Blocks": 0,
                                "Local Hit Blocks": 0,
                                "Local Read Blocks": 0,
                                "Local Dirtied Blocks": 0,
                                "Local Written Blocks": 0,
                                "Temp Read Blocks": 0,
                                "Temp Written Blocks": 0
                            },
                            "Planning Time": 0.038,
                            "Triggers": [],
                            "Execution Time": 6210.344
                        },
                        "any_explanation": {
                            "Plan": {
                                "Node Type": "Seq Scan",
                                "Parallel Aware": false,
                                "Async Capable": false,
                                "Relation Name": "tests_benchmark_flagtester015",
                                "Schema": "public",
                                "Alias": "tests_benchmark_flagtester015",
                                "Startup Cost": 0.0,
                                "Total Cost": 2040541.0,
                                "Plan Rows": 33333333,
                                "Plan Width": 12,
                                "Actual Startup Time": 0.233,
                                "Actual Total Time": 9299.352,
                                "Actual Rows": 99901768,
                                "Actual Loops": 1,
                                "Output": [
                                    "id",
                                    "flags"
                                ],
                                "Filter": "((tests_benchmark_flagtester015.flags & 44972) > 0)",
                                "Rows Removed by Filter": 98233,
                                "Shared Hit Blocks": 15513,
                                "Shared Read Blocks": 525028,
                                "Shared Dirtied Blocks": 0,
                                "Shared Written Blocks": 0,
                                "Local Hit Blocks": 0,
                                "Local Read Blocks": 0,
                                "Local Dirtied Blocks": 0,
                                "Local Written Blocks": 0,
                                "Temp Read Blocks": 0,
                                "Temp Written Blocks": 0,
                                "WAL Records": 0,
                                "WAL FPI": 0,
                                "WAL Bytes": 0
                            },
                            "Settings": {},
                            "Planning": {
                                "Shared Hit Blocks": 0,
                                "Shared Read Blocks": 0,
                                "Shared Dirtied Blocks": 0,
                                "Shared Written Blocks": 0,
                                "Local Hit Blocks": 0,
                                "Local Read Blocks": 0,
                                "Local Dirtied Blocks": 0,
                                "Local Written Blocks": 0,
                                "Temp Read Blocks": 0,
                                "Temp Written Blocks": 0
                            },
                            "Planning Time": 0.042,
                            "Triggers": [],
                            "Execution Time": 11328.602
                        },
                        "exact_explanation": {
                            "Plan": {
                                "Node Type": "Bitmap Heap Scan",
                                "Parallel Aware": false,
                                "Async Capable": false,
                                "Relation Name": "tests_benchmark_flagtester015",
                                "Schema": "public",
                                "Alias": "tests_benchmark_flagtester015",
                                "Startup Cost": 20.57,
                                "Total Cost": 5979.65,
                                "Plan Rows": 1549,
                                "Plan Width": 12,
                                "Actual Startup Time": 0.178,
                                "Actual Total Time": 0.935,
                                "Actual Rows": 1472,
                                "Actual Loops": 1,
                                "Output": [
                                    "id",
                                    "flags"
                                ],
                                "Recheck Cond": "(tests_benchmark_flagtester015.flags = 44972)",
                                "Rows Removed by Index Recheck": 0,
                                "Exact Heap Blocks": 1469,
                                "Lossy Heap Blocks": 0,
                                "Shared Hit Blocks": 1474,
                                "Shared Read Blocks": 0,
                                "Shared Dirtied Blocks": 0,
                                "Shared Written Blocks": 0,
                                "Local Hit Blocks": 0,
                                "Local Read Blocks": 0,
                                "Local Dirtied Blocks": 0,
                                "Local Written Blocks": 0,
                                "Temp Read Blocks": 0,
                                "Temp Written Blocks": 0,
                                "WAL Records": 0,
                                "WAL FPI": 0,
                                "WAL Bytes": 0,
                                "Plans": [
                                    {
                                        "Node Type": "Bitmap Index Scan",
                                        "Parent Relationship": "Outer",
                                        "Parallel Aware": false,
                                        "Async Capable": false,
                                        "Index Name": "flag_idx",
                                        "Startup Cost": 0.0,
                                        "Total Cost": 20.18,
                                        "Plan Rows": 1549,
                                        "Plan Width": 0,
                                        "Actual Startup Time": 0.082,
                                        "Actual Total Time": 0.082,
                                        "Actual Rows": 1472,
                                        "Actual Loops": 1,
                                        "Index Cond": "(tests_benchmark_flagtester015.flags = 44972)",
                                        "Shared Hit Blocks": 5,
                                        "Shared Read Blocks": 0,
                                        "Shared Dirtied Blocks": 0,
                                        "Shared Written Blocks": 0,
                                        "Local Hit Blocks": 0,
                                        "Local Read Blocks": 0,
                                        "Local Dirtied Blocks": 0,
                                        "Local Written Blocks": 0,
                                        "Temp Read Blocks": 0,
                                        "Temp Written Blocks": 0,
                                        "WAL Records": 0,
                                        "WAL FPI": 0,
                                        "WAL Bytes": 0
                                    }
                                ]
                            },
                            "Settings": {},
                            "Planning": {
                                "Shared Hit Blocks": 0,
                                "Shared Read Blocks": 0,
                                "Shared Dirtied Blocks": 0,
                                "Shared Written Blocks": 0,
                                "Local Hit Blocks": 0,
                                "Local Read Blocks": 0,
                                "Local Dirtied Blocks": 0,
                                "Local Written Blocks": 0,
                                "Temp Read Blocks": 0,
                                "Temp Written Blocks": 0
                            },
                            "Planning Time": 0.045,
                            "Triggers": [],
                            "Execution Time": 0.977
                        },
                        "all_ftr_time": 5.9204889,
                        "any_ftr_time": 9.6015998,
                        "exact_ftr_time": 0.0007822
                    }
                }
            },
            "[BOOL] No Index": {
                "16": {
                    "10": {
                        "all_time": 0.0009953791741281748,
                        "any_time": 0.0016954168444499374,
                        "exact_time": 0.0011042583268135787,
                        "table_size": 24576.0,
                        "index_time": 7.080379873514175e-07,
                        "all_explanation": {
                            "Plan": {
                                "Node Type": "Seq Scan",
                                "Parallel Aware": false,
                                "Async Capable": false,
                                "Relation Name": "tests_benchmark_booltester015",
                                "Schema": "public",
                                "Alias": "tests_benchmark_booltester015",
                                "Startup Cost": 0.0,
                                "Total Cost": 1.11,
                                "Plan Rows": 1,
                                "Plan Width": 24,
                                "Actual Startup Time": 0.002,
                                "Actual Total Time": 0.002,
                                "Actual Rows": 0,
                                "Actual Loops": 1,
                                "Output": [
                                    "id",
                                    "flg_0",
                                    "flg_1",
                                    "flg_2",
                                    "flg_3",
                                    "flg_4",
                                    "flg_5",
                                    "flg_6",
                                    "flg_7",
                                    "flg_8",
                                    "flg_9",
                                    "flg_10",
                                    "flg_11",
                                    "flg_12",
                                    "flg_13",
                                    "flg_14",
                                    "flg_15"
                                ],
                                "Filter": "(tests_benchmark_booltester015.flg_0 AND tests_benchmark_booltester015.flg_2 AND tests_benchmark_booltester015.flg_3 AND tests_benchmark_booltester015.flg_4 AND tests_benchmark_booltester015.flg_6 AND tests_benchmark_booltester015.flg_7 AND tests_benchmark_booltester015.flg_9 AND tests_benchmark_booltester015.flg_11 AND tests_benchmark_booltester015.flg_14 AND tests_benchmark_booltester015.flg_15)",
                                "Rows Removed by Filter": 11,
                                "Shared Hit Blocks": 1,
                                "Shared Read Blocks": 0,
                                "Shared Dirtied Blocks": 0,
                                "Shared Written Blocks": 0,
                                "Local Hit Blocks": 0,
                                "Local Read Blocks": 0,
                                "Local Dirtied Blocks": 0,
                                "Local Written Blocks": 0,
                                "Temp Read Blocks": 0,
                                "Temp Written Blocks": 0,
                                "WAL Records": 0,
                                "WAL FPI": 0,
                                "WAL Bytes": 0
                            },
                            "Settings": {},
                            "Planning": {
                                "Shared Hit Blocks": 0,
                                "Shared Read Blocks": 0,
                                "Shared Dirtied Blocks": 0,
                                "Shared Written Blocks": 0,
                                "Local Hit Blocks": 0,
                                "Local Read Blocks": 0,
                                "Local Dirtied Blocks": 0,
                                "Local Written Blocks": 0,
                                "Temp Read Blocks": 0,
                                "Temp Written Blocks": 0
                            },
                            "Planning Time": 0.011,
                            "Triggers": [],
                            "Execution Time": 0.005
                        },
                        "any_explanation": {
                            "Plan": {
                                "Node Type": "Seq Scan",
                                "Parallel Aware": false,
                                "Async Capable": false,
                                "Relation Name": "tests_benchmark_booltester015",
                                "Schema": "public",
                                "Alias": "tests_benchmark_booltester015",
                                "Startup Cost": 0.0,
                                "Total Cost": 1.11,
                                "Plan Rows": 11,
                                "Plan Width": 24,
                                "Actual Startup Time": 0.002,
                                "Actual Total Time": 0.003,
                                "Actual Rows": 11,
                                "Actual Loops": 1,
                                "Output": [
                                    "id",
                                    "flg_0",
                                    "flg_1",
                                    "flg_2",
                                    "flg_3",
                                    "flg_4",
                                    "flg_5",
                                    "flg_6",
                                    "flg_7",
                                    "flg_8",
                                    "flg_9",
                                    "flg_10",
                                    "flg_11",
                                    "flg_12",
                                    "flg_13",
                                    "flg_14",
                                    "flg_15"
                                ],
                                "Filter": "(tests_benchmark_booltester015.flg_0 OR tests_benchmark_booltester015.flg_2 OR tests_benchmark_booltester015.flg_3 OR tests_benchmark_booltester015.flg_4 OR tests_benchmark_booltester015.flg_6 OR tests_benchmark_booltester015.flg_7 OR tests_benchmark_booltester015.flg_9 OR tests_benchmark_booltester015.flg_11 OR tests_benchmark_booltester015.flg_14 OR tests_benchmark_booltester015.flg_15)",
                                "Rows Removed by Filter": 0,
                                "Shared Hit Blocks": 1,
                                "Shared Read Blocks": 0,
                                "Shared Dirtied Blocks": 0,
                                "Shared Written Blocks": 0,
                                "Local Hit Blocks": 0,
                                "Local Read Blocks": 0,
                                "Local Dirtied Blocks": 0,
                                "Local Written Blocks": 0,
                                "Temp Read Blocks": 0,
                                "Temp Written Blocks": 0,
                                "WAL Records": 0,
                                "WAL FPI": 0,
                                "WAL Bytes": 0
                            },
                            "Settings": {},
                            "Planning": {
                                "Shared Hit Blocks": 0,
                                "Shared Read Blocks": 0,
                                "Shared Dirtied Blocks": 0,
                                "Shared Written Blocks": 0,
                                "Local Hit Blocks": 0,
                                "Local Read Blocks": 0,
                                "Local Dirtied Blocks": 0,
                                "Local Written Blocks": 0,
                                "Temp Read Blocks": 0,
                                "Temp Written Blocks": 0
                            },
                            "Planning Time": 0.011,
                            "Triggers": [],
                            "Execution Time": 0.006
                        },
                        "exact_explanation": {
                            "Plan": {
                                "Node Type": "Seq Scan",
                                "Parallel Aware": false,
                                "Async Capable": false,
                                "Relation Name": "tests_benchmark_booltester015",
                                "Schema": "public",
                                "Alias": "tests_benchmark_booltester015",
                                "Startup Cost": 0.0,
                                "Total Cost": 1.11,
                                "Plan Rows": 1,
                                "Plan Width": 24,
                                "Actual Startup Time": 0.003,
                                "Actual Total Time": 0.003,
                                "Actual Rows": 0,
                                "Actual Loops": 1,
                                "Output": [
                                    "id",
                                    "flg_0",
                                    "flg_1",
                                    "flg_2",
                                    "flg_3",
                                    "flg_4",
                                    "flg_5",
                                    "flg_6",
                                    "flg_7",
                                    "flg_8",
                                    "flg_9",
                                    "flg_10",
                                    "flg_11",
                                    "flg_12",
                                    "flg_13",
                                    "flg_14",
                                    "flg_15"
                                ],
                                "Filter": "(tests_benchmark_booltester015.flg_0 AND (NOT tests_benchmark_booltester015.flg_1) AND tests_benchmark_booltester015.flg_2 AND tests_benchmark_booltester015.flg_3 AND tests_benchmark_booltester015.flg_4 AND (NOT tests_benchmark_booltester015.flg_5) AND tests_benchmark_booltester015.flg_6 AND tests_benchmark_booltester015.flg_7 AND (NOT tests_benchmark_booltester015.flg_8) AND tests_benchmark_booltester015.flg_9 AND (NOT tests_benchmark_booltester015.flg_10) AND tests_benchmark_booltester015.flg_11 AND (NOT tests_benchmark_booltester015.flg_12) AND (NOT tests_benchmark_booltester015.flg_13) AND tests_benchmark_booltester015.flg_14 AND tests_benchmark_booltester015.flg_15)",
                                "Rows Removed by Filter": 11,
                                "Shared Hit Blocks": 1,
                                "Shared Read Blocks": 0,
                                "Shared Dirtied Blocks": 0,
                                "Shared Written Blocks": 0,
                                "Local Hit Blocks": 0,
                                "Local Read Blocks": 0,
                                "Local Dirtied Blocks": 0,
                                "Local Written Blocks": 0,
                                "Temp Read Blocks": 0,
                                "Temp Written Blocks": 0,
                                "WAL Records": 0,
                                "WAL FPI": 0,
                                "WAL Bytes": 0
                            },
                            "Settings": {},
                            "Planning": {
                                "Shared Hit Blocks": 0,
                                "Shared Read Blocks": 0,
                                "Shared Dirtied Blocks": 0,
                                "Shared Written Blocks": 0,
                                "Local Hit Blocks": 0,
                                "Local Read Blocks": 0,
                                "Local Dirtied Blocks": 0,
                                "Local Written Blocks": 0,
                                "Temp Read Blocks": 0,
                                "Temp Written Blocks": 0
                            },
                            "Planning Time": 0.018,
                            "Triggers": [],
                            "Execution Time": 0.008
                        },
                        "all_ftr_time": 4.8e-06,
                        "any_ftr_time": 5.4e-06,
                        "exact_ftr_time": 6.3e-06
                    },
                    "100": {
                        "all_time": 0.000881566689349711,
                        "any_time": 0.0015996626578271389,
                        "exact_time": 0.0010949626099318265,
                        "table_size": 24576.0,
                        "index_time": 6.66128471493721e-07,
                        "all_explanation": {
                            "Plan": {
                                "Node Type": "Seq Scan",
                                "Parallel Aware": false,
                                "Async Capable": false,
                                "Relation Name": "tests_benchmark_booltester015",
                                "Schema": "public",
                                "Alias": "tests_benchmark_booltester015",
                                "Startup Cost": 0.0,
                                "Total Cost": 2.01,
                                "Plan Rows": 1,
                                "Plan Width": 24,
                                "Actual Startup Time": 0.009,
                                "Actual Total Time": 0.009,
                                "Actual Rows": 0,
                                "Actual Loops": 1,
                                "Output": [
                                    "id",
                                    "flg_0",
                                    "flg_1",
                                    "flg_2",
                                    "flg_3",
                                    "flg_4",
                                    "flg_5",
                                    "flg_6",
                                    "flg_7",
                                    "flg_8",
                                    "flg_9",
                                    "flg_10",
                                    "flg_11",
                                    "flg_12",
                                    "flg_13",
                                    "flg_14",
                                    "flg_15"
                                ],
                                "Filter": "(tests_benchmark_booltester015.flg_1 AND tests_benchmark_booltester015.flg_6 AND tests_benchmark_booltester015.flg_8 AND tests_benchmark_booltester015.flg_12 AND tests_benchmark_booltester015.flg_13 AND tests_benchmark_booltester015.flg_14 AND tests_benchmark_booltester015.flg_15)",
                                "Rows Removed by Filter": 101,
                                "Shared Hit Blocks": 1,
                                "Shared Read Blocks": 0,
                                "Shared Dirtied Blocks": 0,
                                "Shared Written Blocks": 0,
                                "Local Hit Blocks": 0,
                                "Local Read Blocks": 0,
                                "Local Dirtied Blocks": 0,
                                "Local Written Blocks": 0,
                                "Temp Read Blocks": 0,
                                "Temp Written Blocks": 0,
                                "WAL Records": 0,
                                "WAL FPI": 0,
                                "WAL Bytes": 0
                            },
                            "Settings": {},
                            "Planning": {
                                "Shared Hit Blocks": 0,
                                "Shared Read Blocks": 0,
                                "Shared Dirtied Blocks": 0,
                                "Shared Written Blocks": 0,
                                "Local Hit Blocks": 0,
                                "Local Read Blocks": 0,
                                "Local Dirtied Blocks": 0,
                                "Local Written Blocks": 0,
                                "Temp Read Blocks": 0,
                                "Temp Written Blocks": 0
                            },
                            "Planning Time": 0.01,
                            "Triggers": [],
                            "Execution Time": 0.012
                        },
                        "any_explanation": {
                            "Plan": {
                                "Node Type": "Seq Scan",
                                "Parallel Aware": false,
                                "Async Capable": false,
                                "Relation Name": "tests_benchmark_booltester015",
                                "Schema": "public",
                                "Alias": "tests_benchmark_booltester015",
                                "Startup Cost": 0.0,
                                "Total Cost": 2.01,
                                "Plan Rows": 100,
                                "Plan Width": 24,
                                "Actual Startup Time": 0.002,
                                "Actual Total Time": 0.01,
                                "Actual Rows": 100,
                                "Actual Loops": 1,
                                "Output": [
                                    "id",
                                    "flg_0",
                                    "flg_1",
                                    "flg_2",
                                    "flg_3",
                                    "flg_4",
                                    "flg_5",
                                    "flg_6",
                                    "flg_7",
                                    "flg_8",
                                    "flg_9",
                                    "flg_10",
                                    "flg_11",
                                    "flg_12",
                                    "flg_13",
                                    "flg_14",
                                    "flg_15"
                                ],
                                "Filter": "(tests_benchmark_booltester015.flg_1 OR tests_benchmark_booltester015.flg_6 OR tests_benchmark_booltester015.flg_8 OR tests_benchmark_booltester015.flg_12 OR tests_benchmark_booltester015.flg_13 OR tests_benchmark_booltester015.flg_14 OR tests_benchmark_booltester015.flg_15)",
                                "Rows Removed by Filter": 1,
                                "Shared Hit Blocks": 1,
                                "Shared Read Blocks": 0,
                                "Shared Dirtied Blocks": 0,
                                "Shared Written Blocks": 0,
                                "Local Hit Blocks": 0,
                                "Local Read Blocks": 0,
                                "Local Dirtied Blocks": 0,
                                "Local Written Blocks": 0,
                                "Temp Read Blocks": 0,
                                "Temp Written Blocks": 0,
                                "WAL Records": 0,
                                "WAL FPI": 0,
                                "WAL Bytes": 0
                            },
                            "Settings": {},
                            "Planning": {
                                "Shared Hit Blocks": 0,
                                "Shared Read Blocks": 0,
                                "Shared Dirtied Blocks": 0,
                                "Shared Written Blocks": 0,
                                "Local Hit Blocks": 0,
                                "Local Read Blocks": 0,
                                "Local Dirtied Blocks": 0,
                                "Local Written Blocks": 0,
                                "Temp Read Blocks": 0,
                                "Temp Written Blocks": 0
                            },
                            "Planning Time": 0.01,
                            "Triggers": [],
                            "Execution Time": 0.016
                        },
                        "exact_explanation": {
                            "Plan": {
                                "Node Type": "Seq Scan",
                                "Parallel Aware": false,
                                "Async Capable": false,
                                "Relation Name": "tests_benchmark_booltester015",
                                "Schema": "public",
                                "Alias": "tests_benchmark_booltester015",
                                "Startup Cost": 0.0,
                                "Total Cost": 2.01,
                                "Plan Rows": 1,
                                "Plan Width": 24,
                                "Actual Startup Time": 0.01,
                                "Actual Total Time": 0.01,
                                "Actual Rows": 0,
                                "Actual Loops": 1,
                                "Output": [
                                    "id",
                                    "flg_0",
                                    "flg_1",
                                    "flg_2",
                                    "flg_3",
                                    "flg_4",
                                    "flg_5",
                                    "flg_6",
                                    "flg_7",
                                    "flg_8",
                                    "flg_9",
                                    "flg_10",
                                    "flg_11",
                                    "flg_12",
                                    "flg_13",
                                    "flg_14",
                                    "flg_15"
                                ],
                                "Filter": "((NOT tests_benchmark_booltester015.flg_0) AND tests_benchmark_booltester015.flg_1 AND (NOT tests_benchmark_booltester015.flg_2) AND (NOT tests_benchmark_booltester015.flg_3) AND (NOT tests_benchmark_booltester015.flg_4) AND (NOT tests_benchmark_booltester015.flg_5) AND tests_benchmark_booltester015.flg_6 AND (NOT tests_benchmark_booltester015.flg_7) AND tests_benchmark_booltester015.flg_8 AND (NOT tests_benchmark_booltester015.flg_9) AND (NOT tests_benchmark_booltester015.flg_10) AND (NOT tests_benchmark_booltester015.flg_11) AND tests_benchmark_booltester015.flg_12 AND tests_benchmark_booltester015.flg_13 AND tests_benchmark_booltester015.flg_14 AND tests_benchmark_booltester015.flg_15)",
                                "Rows Removed by Filter": 101,
                                "Shared Hit Blocks": 1,
                                "Shared Read Blocks": 0,
                                "Shared Dirtied Blocks": 0,
                                "Shared Written Blocks": 0,
                                "Local Hit Blocks": 0,
                                "Local Read Blocks": 0,
                                "Local Dirtied Blocks": 0,
                                "Local Written Blocks": 0,
                                "Temp Read Blocks": 0,
                                "Temp Written Blocks": 0,
                                "WAL Records": 0,
                                "WAL FPI": 0,
                                "WAL Bytes": 0
                            },
                            "Settings": {},
                            "Planning": {
                                "Shared Hit Blocks": 0,
                                "Shared Read Blocks": 0,
                                "Shared Dirtied Blocks": 0,
                                "Shared Written Blocks": 0,
                                "Local Hit Blocks": 0,
                                "Local Read Blocks": 0,
                                "Local Dirtied Blocks": 0,
                                "Local Written Blocks": 0,
                                "Temp Read Blocks": 0,
                                "Temp Written Blocks": 0
                            },
                            "Planning Time": 0.014,
                            "Triggers": [],
                            "Execution Time": 0.014
                        },
                        "all_ftr_time": 1.1099999999999999e-05,
                        "any_ftr_time": 1.4300000000000002e-05,
                        "exact_ftr_time": 1.32e-05
                    },
                    "1000": {
                        "all_time": 0.0009973085718229413,
                        "any_time": 0.002112504234537482,
                        "exact_time": 0.001284654252231121,
                        "table_size": 98304.0,
                        "index_time": 7.499475032091141e-07,
                        "all_explanation": {
                            "Plan": {
                                "Node Type": "Seq Scan",
                                "Parallel Aware": false,
                                "Async Capable": false,
                                "Relation Name": "tests_benchmark_booltester015",
                                "Schema": "public",
                                "Alias": "tests_benchmark_booltester015",
                                "Startup Cost": 0.0,
                                "Total Cost": 17.01,
                                "Plan Rows": 16,
                                "Plan Width": 24,
                                "Actual Startup Time": 0.004,
                                "Actual Total Time": 0.073,
                                "Actual Rows": 18,
                                "Actual Loops": 1,
                                "Output": [
                                    "id",
                                    "flg_0",
                                    "flg_1",
                                    "flg_2",
                                    "flg_3",
                                    "flg_4",
                                    "flg_5",
                                    "flg_6",
                                    "flg_7",
                                    "flg_8",
                                    "flg_9",
                                    "flg_10",
                                    "flg_11",
                                    "flg_12",
                                    "flg_13",
                                    "flg_14",
                                    "flg_15"
                                ],
                                "Filter": "(tests_benchmark_booltester015.flg_0 AND tests_benchmark_booltester015.flg_2 AND tests_benchmark_booltester015.flg_6 AND tests_benchmark_booltester015.flg_8 AND tests_benchmark_booltester015.flg_9 AND tests_benchmark_booltester015.flg_15)",
                                "Rows Removed by Filter": 983,
                                "Shared Hit Blocks": 7,
                                "Shared Read Blocks": 0,
                                "Shared Dirtied Blocks": 0,
                                "Shared Written Blocks": 0,
                                "Local Hit Blocks": 0,
                                "Local Read Blocks": 0,
                                "Local Dirtied Blocks": 0,
                                "Local Written Blocks": 0,
                                "Temp Read Blocks": 0,
                                "Temp Written Blocks": 0,
                                "WAL Records": 0,
                                "WAL FPI": 0,
                                "WAL Bytes": 0
                            },
                            "Settings": {},
                            "Planning": {
                                "Shared Hit Blocks": 0,
                                "Shared Read Blocks": 0,
                                "Shared Dirtied Blocks": 0,
                                "Shared Written Blocks": 0,
                                "Local Hit Blocks": 0,
                                "Local Read Blocks": 0,
                                "Local Dirtied Blocks": 0,
                                "Local Written Blocks": 0,
                                "Temp Read Blocks": 0,
                                "Temp Written Blocks": 0
                            },
                            "Planning Time": 0.019,
                            "Triggers": [],
                            "Execution Time": 0.076
                        },
                        "any_explanation": {
                            "Plan": {
                                "Node Type": "Seq Scan",
                                "Parallel Aware": false,
                                "Async Capable": false,
                                "Relation Name": "tests_benchmark_booltester015",
                                "Schema": "public",
                                "Alias": "tests_benchmark_booltester015",
                                "Startup Cost": 0.0,
                                "Total Cost": 17.01,
                                "Plan Rows": 985,
                                "Plan Width": 24,
                                "Actual Startup Time": 0.002,
                                "Actual Total Time": 0.077,
                                "Actual Rows": 978,
                                "Actual Loops": 1,
                                "Output": [
                                    "id",
                                    "flg_0",
                                    "flg_1",
                                    "flg_2",
                                    "flg_3",
                                    "flg_4",
                                    "flg_5",
                                    "flg_6",
                                    "flg_7",
                                    "flg_8",
                                    "flg_9",
                                    "flg_10",
                                    "flg_11",
                                    "flg_12",
                                    "flg_13",
                                    "flg_14",
                                    "flg_15"
                                ],
                                "Filter": "(tests_benchmark_booltester015.flg_0 OR tests_benchmark_booltester015.flg_2 OR tests_benchmark_booltester015.flg_6 OR tests_benchmark_booltester015.flg_8 OR tests_benchmark_booltester015.flg_9 OR tests_benchmark_booltester015.flg_15)",
                                "Rows Removed by Filter": 23,
                                "Shared Hit Blocks": 7,
                                "Shared Read Blocks": 0,
                                "Shared Dirtied Blocks": 0,
                                "Shared Written Blocks": 0,
                                "Local Hit Blocks": 0,
                                "Local Read Blocks": 0,
                                "Local Dirtied Blocks": 0,
                                "Local Written Blocks": 0,
                                "Temp Read Blocks": 0,
                                "Temp Written Blocks": 0,
                                "WAL Records": 0,
                                "WAL FPI": 0,
                                "WAL Bytes": 0
                            },
                            "Settings": {},
                            "Planning": {
                                "Shared Hit Blocks": 0,
                                "Shared Read Blocks": 0,
                                "Shared Dirtied Blocks": 0,
                                "Shared Written Blocks": 0,
                                "Local Hit Blocks": 0,
                                "Local Read Blocks": 0,
                                "Local Dirtied Blocks": 0,
                                "Local Written Blocks": 0,
                                "Temp Read Blocks": 0,
                                "Temp Written Blocks": 0
                            },
                            "Planning Time": 0.009,
                            "Triggers": [],
                            "Execution Time": 0.099
                        },
                        "exact_explanation": {
                            "Plan": {
                                "Node Type": "Seq Scan",
                                "Parallel Aware": false,
                                "Async Capable": false,
                                "Relation Name": "tests_benchmark_booltester015",
                                "Schema": "public",
                                "Alias": "tests_benchmark_booltester015",
                                "Startup Cost": 0.0,
                                "Total Cost": 17.01,
                                "Plan Rows": 1,
                                "Plan Width": 24,
                                "Actual Startup Time": 0.074,
                                "Actual Total Time": 0.074,
                                "Actual Rows": 0,
                                "Actual Loops": 1,
                                "Output": [
                                    "id",
                                    "flg_0",
                                    "flg_1",
                                    "flg_2",
                                    "flg_3",
                                    "flg_4",
                                    "flg_5",
                                    "flg_6",
                                    "flg_7",
                                    "flg_8",
                                    "flg_9",
                                    "flg_10",
                                    "flg_11",
                                    "flg_12",
                                    "flg_13",
                                    "flg_14",
                                    "flg_15"
                                ],
                                "Filter": "(tests_benchmark_booltester015.flg_0 AND (NOT tests_benchmark_booltester015.flg_1) AND tests_benchmark_booltester015.flg_2 AND (NOT tests_benchmark_booltester015.flg_3) AND (NOT tests_benchmark_booltester015.flg_4) AND (NOT tests_benchmark_booltester015.flg_5) AND tests_benchmark_booltester015.flg_6 AND (NOT tests_benchmark_booltester015.flg_7) AND tests_benchmark_booltester015.flg_8 AND tests_benchmark_booltester015.flg_9 AND (NOT tests_benchmark_booltester015.flg_10) AND (NOT tests_benchmark_booltester015.flg_11) AND (NOT tests_benchmark_booltester015.flg_12) AND (NOT tests_benchmark_booltester015.flg_13) AND (NOT tests_benchmark_booltester015.flg_14) AND tests_benchmark_booltester015.flg_15)",
                                "Rows Removed by Filter": 1001,
                                "Shared Hit Blocks": 7,
                                "Shared Read Blocks": 0,
                                "Shared Dirtied Blocks": 0,
                                "Shared Written Blocks": 0,
                                "Local Hit Blocks": 0,
                                "Local Read Blocks": 0,
                                "Local Dirtied Blocks": 0,
                                "Local Written Blocks": 0,
                                "Temp Read Blocks": 0,
                                "Temp Written Blocks": 0,
                                "WAL Records": 0,
                                "WAL FPI": 0,
                                "WAL Bytes": 0
                            },
                            "Settings": {},
                            "Planning": {
                                "Shared Hit Blocks": 0,
                                "Shared Read Blocks": 0,
                                "Shared Dirtied Blocks": 0,
                                "Shared Written Blocks": 0,
                                "Local Hit Blocks": 0,
                                "Local Read Blocks": 0,
                                "Local Dirtied Blocks": 0,
                                "Local Written Blocks": 0,
                                "Temp Read Blocks": 0,
                                "Temp Written Blocks": 0
                            },
                            "Planning Time": 0.014,
                            "Triggers": [],
                            "Execution Time": 0.077
                        },
                        "all_ftr_time": 0.0001051,
                        "any_ftr_time": 0.00011079999999999998,
                        "exact_ftr_time": 8.859999999999999e-05
                    },
                    "10000": {
                        "all_time": 0.0021639040904119613,
                        "any_time": 0.005490158405154944,
                        "exact_time": 0.0036338874604552986,
                        "table_size": 770048.0,
                        "index_time": 7.91158527135849e-07,
                        "all_explanation": {
                            "Plan": {
                                "Node Type": "Seq Scan",
                                "Parallel Aware": false,
                                "Async Capable": false,
                                "Relation Name": "tests_benchmark_booltester015",
                                "Schema": "public",
                                "Alias": "tests_benchmark_booltester015",
                                "Startup Cost": 0.0,
                                "Total Cost": 164.01,
                                "Plan Rows": 313,
                                "Plan Width": 24,
                                "Actual Startup Time": 0.016,
                                "Actual Total Time": 0.946,
                                "Actual Rows": 346,
                                "Actual Loops": 1,
                                "Output": [
                                    "id",
                                    "flg_0",
                                    "flg_1",
                                    "flg_2",
                                    "flg_3",
                                    "flg_4",
                                    "flg_5",
                                    "flg_6",
                                    "flg_7",
                                    "flg_8",
                                    "flg_9",
                                    "flg_10",
                                    "flg_11",
                                    "flg_12",
                                    "flg_13",
                                    "flg_14",
                                    "flg_15"
                                ],
                                "Filter": "(tests_benchmark_booltester015.flg_0 AND tests_benchmark_booltester015.flg_4 AND tests_benchmark_booltester015.flg_7 AND tests_benchmark_booltester015.flg_9 AND tests_benchmark_booltester015.flg_10)",
                                "Rows Removed by Filter": 9655,
                                "Shared Hit Blocks": 64,
                                "Shared Read Blocks": 0,
                                "Shared Dirtied Blocks": 0,
                                "Shared Written Blocks": 0,
                                "Local Hit Blocks": 0,
                                "Local Read Blocks": 0,
                                "Local Dirtied Blocks": 0,
                                "Local Written Blocks": 0,
                                "Temp Read Blocks": 0,
                                "Temp Written Blocks": 0,
                                "WAL Records": 0,
                                "WAL FPI": 0,
                                "WAL Bytes": 0
                            },
                            "Settings": {},
                            "Planning": {
                                "Shared Hit Blocks": 0,
                                "Shared Read Blocks": 0,
                                "Shared Dirtied Blocks": 0,
                                "Shared Written Blocks": 0,
                                "Local Hit Blocks": 0,
                                "Local Read Blocks": 0,
                                "Local Dirtied Blocks": 0,
                                "Local Written Blocks": 0,
                                "Temp Read Blocks": 0,
                                "Temp Written Blocks": 0
                            },
                            "Planning Time": 0.013,
                            "Triggers": [],
                            "Execution Time": 0.961
                        },
                        "any_explanation": {
                            "Plan": {
                                "Node Type": "Seq Scan",
                                "Parallel Aware": false,
                                "Async Capable": false,
                                "Relation Name": "tests_benchmark_booltester015",
                                "Schema": "public",
                                "Alias": "tests_benchmark_booltester015",
                                "Startup Cost": 0.0,
                                "Total Cost": 164.01,
                                "Plan Rows": 9688,
                                "Plan Width": 24,
                                "Actual Startup Time": 0.004,
                                "Actual Total Time": 1.241,
                                "Actual Rows": 9669,
                                "Actual Loops": 1,
                                "Output": [
                                    "id",
                                    "flg_0",
                                    "flg_1",
                                    "flg_2",
                                    "flg_3",
                                    "flg_4",
                                    "flg_5",
                                    "flg_6",
                                    "flg_7",
                                    "flg_8",
                                    "flg_9",
                                    "flg_10",
                                    "flg_11",
                                    "flg_12",
                                    "flg_13",
                                    "flg_14",
                                    "flg_15"
                                ],
                                "Filter": "(tests_benchmark_booltester015.flg_0 OR tests_benchmark_booltester015.flg_4 OR tests_benchmark_booltester015.flg_7 OR tests_benchmark_booltester015.flg_9 OR tests_benchmark_booltester015.flg_10)",
                                "Rows Removed by Filter": 332,
                                "Shared Hit Blocks": 64,
                                "Shared Read Blocks": 0,
                                "Shared Dirtied Blocks": 0,
                                "Shared Written Blocks": 0,
                                "Local Hit Blocks": 0,
                                "Local Read Blocks": 0,
                                "Local Dirtied Blocks": 0,
                                "Local Written Blocks": 0,
                                "Temp Read Blocks": 0,
                                "Temp Written Blocks": 0,
                                "WAL Records": 0,
                                "WAL FPI": 0,
                                "WAL Bytes": 0
                            },
                            "Settings": {},
                            "Planning": {
                                "Shared Hit Blocks": 0,
                                "Shared Read Blocks": 0,
                                "Shared Dirtied Blocks": 0,
                                "Shared Written Blocks": 0,
                                "Local Hit Blocks": 0,
                                "Local Read Blocks": 0,
                                "Local Dirtied Blocks": 0,
                                "Local Written Blocks": 0,
                                "Temp Read Blocks": 0,
                                "Temp Written Blocks": 0
                            },
                            "Planning Time": 0.016,
                            "Triggers": [],
                            "Execution Time": 1.605
                        },
                        "exact_explanation": {
                            "Plan": {
                                "Node Type": "Seq Scan",
                                "Parallel Aware": false,
                                "Async Capable": false,
                                "Relation Name": "tests_benchmark_booltester015",
                                "Schema": "public",
                                "Alias": "tests_benchmark_booltester015",
                                "Startup Cost": 0.0,
                                "Total Cost": 164.01,
                                "Plan Rows": 1,
                                "Plan Width": 24,
                                "Actual Startup Time": 0.051,
                                "Actual Total Time": 1.229,
                                "Actual Rows": 1,
                                "Actual Loops": 1,
                                "Output": [
                                    "id",
                                    "flg_0",
                                    "flg_1",
                                    "flg_2",
                                    "flg_3",
                                    "flg_4",
                                    "flg_5",
                                    "flg_6",
                                    "flg_7",
                                    "flg_8",
                                    "flg_9",
                                    "flg_10",
                                    "flg_11",
                                    "flg_12",
                                    "flg_13",
                                    "flg_14",
                                    "flg_15"
                                ],
                                "Filter": "(tests_benchmark_booltester015.flg_0 AND (NOT tests_benchmark_booltester015.flg_1) AND (NOT tests_benchmark_booltester015.flg_2) AND (NOT tests_benchmark_booltester015.flg_3) AND tests_benchmark_booltester015.flg_4 AND (NOT tests_benchmark_booltester015.flg_5) AND (NOT tests_benchmark_booltester015.flg_6) AND tests_benchmark_booltester015.flg_7 AND (NOT tests_benchmark_booltester015.flg_8) AND tests_benchmark_booltester015.flg_9 AND tests_benchmark_booltester015.flg_10 AND (NOT tests_benchmark_booltester015.flg_11) AND (NOT tests_benchmark_booltester015.flg_12) AND (NOT tests_benchmark_booltester015.flg_13) AND (NOT tests_benchmark_booltester015.flg_14) AND (NOT tests_benchmark_booltester015.flg_15))",
                                "Rows Removed by Filter": 10000,
                                "Shared Hit Blocks": 64,
                                "Shared Read Blocks": 0,
                                "Shared Dirtied Blocks": 0,
                                "Shared Written Blocks": 0,
                                "Local Hit Blocks": 0,
                                "Local Read Blocks": 0,
                                "Local Dirtied Blocks": 0,
                                "Local Written Blocks": 0,
                                "Temp Read Blocks": 0,
                                "Temp Written Blocks": 0,
                                "WAL Records": 0,
                                "WAL FPI": 0,
                                "WAL Bytes": 0
                            },
                            "Settings": {},
                            "Planning": {
                                "Shared Hit Blocks": 0,
                                "Shared Read Blocks": 0,
                                "Shared Dirtied Blocks": 0,
                                "Shared Written Blocks": 0,
                                "Local Hit Blocks": 0,
                                "Local Read Blocks": 0,
                                "Local Dirtied Blocks": 0,
                                "Local Written Blocks": 0,
                                "Temp Read Blocks": 0,
                                "Temp Written Blocks": 0
                            },
                            "Planning Time": 0.021,
                            "Triggers": [],
                            "Execution Time": 1.234
                        },
                        "all_ftr_time": 0.0008308,
                        "any_ftr_time": 0.0012562000000000003,
                        "exact_ftr_time": 0.0009385
                    },
                    "100000": {
                        "all_time": 0.009833987429738044,
                        "any_time": 0.025141937471926213,
                        "exact_time": 0.01154301657807082,
                        "table_size": 7479296.0,
                        "index_time": 6.249174475669861e-07,
                        "all_explanation": {
                            "Plan": {
                                "Node Type": "Seq Scan",
                                "Parallel Aware": false,
                                "Async Capable": false,
                                "Relation Name": "tests_benchmark_booltester015",
                                "Schema": "public",
                                "Alias": "tests_benchmark_booltester015",
                                "Startup Cost": 0.0,
                                "Total Cost": 1637.01,
                                "Plan Rows": 391,
                                "Plan Width": 24,
                                "Actual Startup Time": 0.01,
                                "Actual Total Time": 6.481,
                                "Actual Rows": 384,
                                "Actual Loops": 1,
                                "Output": [
                                    "id",
                                    "flg_0",
                                    "flg_1",
                                    "flg_2",
                                    "flg_3",
                                    "flg_4",
                                    "flg_5",
                                    "flg_6",
                                    "flg_7",
                                    "flg_8",
                                    "flg_9",
                                    "flg_10",
                                    "flg_11",
                                    "flg_12",
                                    "flg_13",
                                    "flg_14",
                                    "flg_15"
                                ],
                                "Filter": "(tests_benchmark_booltester015.flg_0 AND tests_benchmark_booltester015.flg_1 AND tests_benchmark_booltester015.flg_5 AND tests_benchmark_booltester015.flg_7 AND tests_benchmark_booltester015.flg_11 AND tests_benchmark_booltester015.flg_13 AND tests_benchmark_booltester015.flg_14 AND tests_benchmark_booltester015.flg_15)",
                                "Rows Removed by Filter": 99617,
                                "Shared Hit Blocks": 637,
                                "Shared Read Blocks": 0,
                                "Shared Dirtied Blocks": 0,
                                "Shared Written Blocks": 0,
                                "Local Hit Blocks": 0,
                                "Local Read Blocks": 0,
                                "Local Dirtied Blocks": 0,
                                "Local Written Blocks": 0,
                                "Temp Read Blocks": 0,
                                "Temp Written Blocks": 0,
                                "WAL Records": 0,
                                "WAL FPI": 0,
                                "WAL Bytes": 0
                            },
                            "Settings": {},
                            "Planning": {
                                "Shared Hit Blocks": 0,
                                "Shared Read Blocks": 0,
                                "Shared Dirtied Blocks": 0,
                                "Shared Written Blocks": 0,
                                "Local Hit Blocks": 0,
                                "Local Read Blocks": 0,
                                "Local Dirtied Blocks": 0,
                                "Local Written Blocks": 0,
                                "Temp Read Blocks": 0,
                                "Temp Written Blocks": 0
                            },
                            "Planning Time": 0.008,
                            "Triggers": [],
                            "Execution Time": 6.49
                        },
                        "any_explanation": {
                            "Plan": {
                                "Node Type": "Seq Scan",
                                "Parallel Aware": false,
                                "Async Capable": false,
                                "Relation Name": "tests_benchmark_booltester015",
                                "Schema": "public",
                                "Alias": "tests_benchmark_booltester015",
                                "Startup Cost": 0.0,
                                "Total Cost": 1637.01,
                                "Plan Rows": 99610,
                                "Plan Width": 24,
                                "Actual Startup Time": 0.002,
                                "Actual Total Time": 7.648,
                                "Actual Rows": 99619,
                                "Actual Loops": 1,
                                "Output": [
                                    "id",
                                    "flg_0",
                                    "flg_1",
                                    "flg_2",
                                    "flg_3",
                                    "flg_4",
                                    "flg_5",
                                    "flg_6",
                                    "flg_7",
                                    "flg_8",
                                    "flg_9",
                                    "flg_10",
                                    "flg_11",
                                    "flg_12",
                                    "flg_13",
                                    "flg_14",
                                    "flg_15"
                                ],
                                "Filter": "(tests_benchmark_booltester015.flg_0 OR tests_benchmark_booltester015.flg_1 OR tests_benchmark_booltester015.flg_5 OR tests_benchmark_booltester015.flg_7 OR tests_benchmark_booltester015.flg_11 OR tests_benchmark_booltester015.flg_13 OR tests_benchmark_booltester015.flg_14 OR tests_benchmark_booltester015.flg_15)",
                                "Rows Removed by Filter": 382,
                                "Shared Hit Blocks": 637,
                                "Shared Read Blocks": 0,
                                "Shared Dirtied Blocks": 0,
                                "Shared Written Blocks": 0,
                                "Local Hit Blocks": 0,
                                "Local Read Blocks": 0,
                                "Local Dirtied Blocks": 0,
                                "Local Written Blocks": 0,
                                "Temp Read Blocks": 0,
                                "Temp Written Blocks": 0,
                                "WAL Records": 0,
                                "WAL FPI": 0,
                                "WAL Bytes": 0
                            },
                            "Settings": {},
                            "Planning": {
                                "Shared Hit Blocks": 0,
                                "Shared Read Blocks": 0,
                                "Shared Dirtied Blocks": 0,
                                "Shared Written Blocks": 0,
                                "Local Hit Blocks": 0,
                                "Local Read Blocks": 0,
                                "Local Dirtied Blocks": 0,
                                "Local Written Blocks": 0,
                                "Temp Read Blocks": 0,
                                "Temp Written Blocks": 0
                            },
                            "Planning Time": 0.009,
                            "Triggers": [],
                            "Execution Time": 9.655
                        },
                        "exact_explanation": {
                            "Plan": {
                                "Node Type": "Seq Scan",
                                "Parallel Aware": false,
                                "Async Capable": false,
                                "Relation Name": "tests_benchmark_booltester015",
                                "Schema": "public",
                                "Alias": "tests_benchmark_booltester015",
                                "Startup Cost": 0.0,
                                "Total Cost": 1637.01,
                                "Plan Rows": 2,
                                "Plan Width": 24,
                                "Actual Startup Time": 3.345,
                                "Actual Total Time": 6.768,
                                "Actual Rows": 1,
                                "Actual Loops": 1,
                                "Output": [
                                    "id",
                                    "flg_0",
                                    "flg_1",
                                    "flg_2",
                                    "flg_3",
                                    "flg_4",
                                    "flg_5",
                                    "flg_6",
                                    "flg_7",
                                    "flg_8",
                                    "flg_9",
                                    "flg_10",
                                    "flg_11",
                                    "flg_12",
                                    "flg_13",
                                    "flg_14",
                                    "flg_15"
                                ],
                                "Filter": "(tests_benchmark_booltester015.flg_0 AND tests_benchmark_booltester015.flg_1 AND (NOT tests_benchmark_booltester015.flg_2) AND (NOT tests_benchmark_booltester015.flg_3) AND (NOT tests_benchmark_booltester015.flg_4) AND tests_benchmark_booltester015.flg_5 AND (NOT tests_benchmark_booltester015.flg_6) AND tests_benchmark_booltester015.flg_7 AND (NOT tests_benchmark_booltester015.flg_8) AND (NOT tests_benchmark_booltester015.flg_9) AND (NOT tests_benchmark_booltester015.flg_10) AND tests_benchmark_booltester015.flg_11 AND (NOT tests_benchmark_booltester015.flg_12) AND tests_benchmark_booltester015.flg_13 AND tests_benchmark_booltester015.flg_14 AND tests_benchmark_booltester015.flg_15)",
                                "Rows Removed by Filter": 100000,
                                "Shared Hit Blocks": 637,
                                "Shared Read Blocks": 0,
                                "Shared Dirtied Blocks": 0,
                                "Shared Written Blocks": 0,
                                "Local Hit Blocks": 0,
                                "Local Read Blocks": 0,
                                "Local Dirtied Blocks": 0,
                                "Local Written Blocks": 0,
                                "Temp Read Blocks": 0,
                                "Temp Written Blocks": 0,
                                "WAL Records": 0,
                                "WAL FPI": 0,
                                "WAL Bytes": 0
                            },
                            "Settings": {},
                            "Planning": {
                                "Shared Hit Blocks": 0,
                                "Shared Read Blocks": 0,
                                "Shared Dirtied Blocks": 0,
                                "Shared Written Blocks": 0,
                                "Local Hit Blocks": 0,
                                "Local Read Blocks": 0,
                                "Local Dirtied Blocks": 0,
                                "Local Written Blocks": 0,
                                "Temp Read Blocks": 0,
                                "Temp Written Blocks": 0
                            },
                            "Planning Time": 0.011,
                            "Triggers": [],
                            "Execution Time": 6.771
                        },
                        "all_ftr_time": 0.006594800000000001,
                        "any_ftr_time": 0.0096807,
                        "exact_ftr_time": 0.006824899999999999
                    },
                    "1000000": {
                        "all_time": 0.032295154337771234,
                        "any_time": 0.14224673761054873,
                        "exact_time": 0.03767674998380244,
                        "table_size": 74448896.0,
                        "index_time": 3.3748801797628403e-06,
                        "all_explanation": {
                            "Plan": {
                                "Node Type": "Seq Scan",
                                "Parallel Aware": false,
                                "Async Capable": false,
                                "Relation Name": "tests_benchmark_booltester015",
                                "Schema": "public",
                                "Alias": "tests_benchmark_booltester015",
                                "Startup Cost": 0.0,
                                "Total Cost": 16370.01,
                                "Plan Rows": 62500,
                                "Plan Width": 24,
                                "Actual Startup Time": 0.009,
                                "Actual Total Time": 68.485,
                                "Actual Rows": 62391,
                                "Actual Loops": 1,
                                "Output": [
                                    "id",
                                    "flg_0",
                                    "flg_1",
                                    "flg_2",
                                    "flg_3",
                                    "flg_4",
                                    "flg_5",
                                    "flg_6",
                                    "flg_7",
                                    "flg_8",
                                    "flg_9",
                                    "flg_10",
                                    "flg_11",
                                    "flg_12",
                                    "flg_13",
                                    "flg_14",
                                    "flg_15"
                                ],
                                "Filter": "(tests_benchmark_booltester015.flg_1 AND tests_benchmark_booltester015.flg_4 AND tests_benchmark_booltester015.flg_11 AND tests_benchmark_booltester015.flg_15)",
                                "Rows Removed by Filter": 937610,
                                "Shared Hit Blocks": 4768,
                                "Shared Read Blocks": 1602,
                                "Shared Dirtied Blocks": 0,
                                "Shared Written Blocks": 0,
                                "Local Hit Blocks": 0,
                                "Local Read Blocks": 0,
                                "Local Dirtied Blocks": 0,
                                "Local Written Blocks": 0,
                                "Temp Read Blocks": 0,
                                "Temp Written Blocks": 0,
                                "WAL Records": 0,
                                "WAL FPI": 0,
                                "WAL Bytes": 0
                            },
                            "Settings": {},
                            "Planning": {
                                "Shared Hit Blocks": 0,
                                "Shared Read Blocks": 0,
                                "Shared Dirtied Blocks": 0,
                                "Shared Written Blocks": 0,
                                "Local Hit Blocks": 0,
                                "Local Read Blocks": 0,
                                "Local Dirtied Blocks": 0,
                                "Local Written Blocks": 0,
                                "Temp Read Blocks": 0,
                                "Temp Written Blocks": 0
                            },
                            "Planning Time": 0.032,
                            "Triggers": [],
                            "Execution Time": 69.747
                        },
                        "any_explanation": {
                            "Plan": {
                                "Node Type": "Seq Scan",
                                "Parallel Aware": false,
                                "Async Capable": false,
                                "Relation Name": "tests_benchmark_booltester015",
                                "Schema": "public",
                                "Alias": "tests_benchmark_booltester015",
                                "Startup Cost": 0.0,
                                "Total Cost": 16370.01,
                                "Plan Rows": 937501,
                                "Plan Width": 24,
                                "Actual Startup Time": 0.008,
                                "Actual Total Time": 78.639,
                                "Actual Rows": 937526,
                                "Actual Loops": 1,
                                "Output": [
                                    "id",
                                    "flg_0",
                                    "flg_1",
                                    "flg_2",
                                    "flg_3",
                                    "flg_4",
                                    "flg_5",
                                    "flg_6",
                                    "flg_7",
                                    "flg_8",
                                    "flg_9",
                                    "flg_10",
                                    "flg_11",
                                    "flg_12",
                                    "flg_13",
                                    "flg_14",
                                    "flg_15"
                                ],
                                "Filter": "(tests_benchmark_booltester015.flg_1 OR tests_benchmark_booltester015.flg_4 OR tests_benchmark_booltester015.flg_11 OR tests_benchmark_booltester015.flg_15)",
                                "Rows Removed by Filter": 62475,
                                "Shared Hit Blocks": 4896,
                                "Shared Read Blocks": 1474,
                                "Shared Dirtied Blocks": 0,
                                "Shared Written Blocks": 0,
                                "Local Hit Blocks": 0,
                                "Local Read Blocks": 0,
                                "Local Dirtied Blocks": 0,
                                "Local Written Blocks": 0,
                                "Temp Read Blocks": 0,
                                "Temp Written Blocks": 0,
                                "WAL Records": 0,
                                "WAL FPI": 0,
                                "WAL Bytes": 0
                            },
                            "Settings": {},
                            "Planning": {
                                "Shared Hit Blocks": 0,
                                "Shared Read Blocks": 0,
                                "Shared Dirtied Blocks": 0,
                                "Shared Written Blocks": 0,
                                "Local Hit Blocks": 0,
                                "Local Read Blocks": 0,
                                "Local Dirtied Blocks": 0,
                                "Local Written Blocks": 0,
                                "Temp Read Blocks": 0,
                                "Temp Written Blocks": 0
                            },
                            "Planning Time": 0.028,
                            "Triggers": [],
                            "Execution Time": 97.368
                        },
                        "exact_explanation": {
                            "Plan": {
                                "Node Type": "Gather",
                                "Parallel Aware": false,
                                "Async Capable": false,
                                "Startup Cost": 1000.0,
                                "Total Cost": 11538.17,
                                "Plan Rows": 15,
                                "Plan Width": 24,
                                "Actual Startup Time": 0.622,
                                "Actual Total Time": 28.088,
                                "Actual Rows": 16,
                                "Actual Loops": 1,
                                "Output": [
                                    "id",
                                    "flg_0",
                                    "flg_1",
                                    "flg_2",
                                    "flg_3",
                                    "flg_4",
                                    "flg_5",
                                    "flg_6",
                                    "flg_7",
                                    "flg_8",
                                    "flg_9",
                                    "flg_10",
                                    "flg_11",
                                    "flg_12",
                                    "flg_13",
                                    "flg_14",
                                    "flg_15"
                                ],
                                "Workers Planned": 2,
                                "Workers Launched": 2,
                                "Single Copy": false,
                                "Shared Hit Blocks": 5024,
                                "Shared Read Blocks": 1346,
                                "Shared Dirtied Blocks": 0,
                                "Shared Written Blocks": 0,
                                "Local Hit Blocks": 0,
                                "Local Read Blocks": 0,
                                "Local Dirtied Blocks": 0,
                                "Local Written Blocks": 0,
                                "Temp Read Blocks": 0,
                                "Temp Written Blocks": 0,
                                "WAL Records": 0,
                                "WAL FPI": 0,
                                "WAL Bytes": 0,
                                "Plans": [
                                    {
                                        "Node Type": "Seq Scan",
                                        "Parent Relationship": "Outer",
                                        "Parallel Aware": true,
                                        "Async Capable": false,
                                        "Relation Name": "tests_benchmark_booltester015",
                                        "Schema": "public",
                                        "Alias": "tests_benchmark_booltester015",
                                        "Startup Cost": 0.0,
                                        "Total Cost": 10536.67,
                                        "Plan Rows": 6,
                                        "Plan Width": 24,
                                        "Actual Startup Time": 3.466,
                                        "Actual Total Time": 25.882,
                                        "Actual Rows": 5,
                                        "Actual Loops": 3,
                                        "Output": [
                                            "id",
                                            "flg_0",
                                            "flg_1",
                                            "flg_2",
                                            "flg_3",
                                            "flg_4",
                                            "flg_5",
                                            "flg_6",
                                            "flg_7",
                                            "flg_8",
                                            "flg_9",
                                            "flg_10",
                                            "flg_11",
                                            "flg_12",
                                            "flg_13",
                                            "flg_14",
                                            "flg_15"
                                        ],
                                        "Filter": "((NOT tests_benchmark_booltester015.flg_0) AND tests_benchmark_booltester015.flg_1 AND (NOT tests_benchmark_booltester015.flg_2) AND (NOT tests_benchmark_booltester015.flg_3) AND tests_benchmark_booltester015.flg_4 AND (NOT tests_benchmark_booltester015.flg_5) AND (NOT tests_benchmark_booltester015.flg_6) AND (NOT tests_benchmark_booltester015.flg_7) AND (NOT tests_benchmark_booltester015.flg_8) AND (NOT tests_benchmark_booltester015.flg_9) AND (NOT tests_benchmark_booltester015.flg_10) AND tests_benchmark_booltester015.flg_11 AND (NOT tests_benchmark_booltester015.flg_12) AND (NOT tests_benchmark_booltester015.flg_13) AND (NOT tests_benchmark_booltester015.flg_14) AND tests_benchmark_booltester015.flg_15)",
                                        "Rows Removed by Filter": 333328,
                                        "Shared Hit Blocks": 5024,
                                        "Shared Read Blocks": 1346,
                                        "Shared Dirtied Blocks": 0,
                                        "Shared Written Blocks": 0,
                                        "Local Hit Blocks": 0,
                                        "Local Read Blocks": 0,
                                        "Local Dirtied Blocks": 0,
                                        "Local Written Blocks": 0,
                                        "Temp Read Blocks": 0,
                                        "Temp Written Blocks": 0,
                                        "WAL Records": 0,
                                        "WAL FPI": 0,
                                        "WAL Bytes": 0,
                                        "Workers": [
                                            {
                                                "Worker Number": 0,
                                                "Actual Startup Time": 1.723,
                                                "Actual Total Time": 25.25,
                                                "Actual Rows": 6,
                                                "Actual Loops": 1,
                                                "Shared Hit Blocks": 1639,
                                                "Shared Read Blocks": 396,
                                                "Shared Dirtied Blocks": 0,
                                                "Shared Written Blocks": 0,
                                                "Local Hit Blocks": 0,
                                                "Local Read Blocks": 0,
                                                "Local Dirtied Blocks": 0,
                                                "Local Written Blocks": 0,
                                                "Temp Read Blocks": 0,
                                                "Temp Written Blocks": 0,
                                                "WAL Records": 0,
                                                "WAL FPI": 0,
                                                "WAL Bytes": 0
                                            },
                                            {
                                                "Worker Number": 1,
                                                "Actual Startup Time": 8.122,
                                                "Actual Total Time": 25.29,
                                                "Actual Rows": 5,
                                                "Actual Loops": 1,
                                                "Shared Hit Blocks": 1638,
                                                "Shared Read Blocks": 400,
                                                "Shared Dirtied Blocks": 0,
                                                "Shared Written Blocks": 0,
                                                "Local Hit Blocks": 0,
                                                "Local Read Blocks": 0,
                                                "Local Dirtied Blocks": 0,
                                                "Local Written Blocks": 0,
                                                "Temp Read Blocks": 0,
                                                "Temp Written Blocks": 0,
                                                "WAL Records": 0,
                                                "WAL FPI": 0,
                                                "WAL Bytes": 0
                                            }
                                        ]
                                    }
                                ]
                            },
                            "Settings": {},
                            "Planning": {
                                "Shared Hit Blocks": 0,
                                "Shared Read Blocks": 0,
                                "Shared Dirtied Blocks": 0,
                                "Shared Written Blocks": 0,
                                "Local Hit Blocks": 0,
                                "Local Read Blocks": 0,
                                "Local Dirtied Blocks": 0,
                                "Local Written Blocks": 0,
                                "Temp Read Blocks": 0,
                                "Temp Written Blocks": 0
                            },
                            "Planning Time": 0.038,
                            "Triggers": [],
                            "Execution Time": 28.096
                        },
                        "all_ftr_time": 0.0325159,
                        "any_ftr_time": 0.10101890000000001,
                        "exact_ftr_time": 0.028791399999999998
                    },
                    "2000000": {
                        "all_time": 0.05947163320379332,
                        "any_time": 0.2796753998962231,
                        "exact_time": 0.06597556240158156,
                        "table_size": 148897792.0,
                        "index_time": 5.830079317092896e-07,
                        "all_explanation": {
                            "Plan": {
                                "Node Type": "Seq Scan",
                                "Parallel Aware": false,
                                "Async Capable": false,
                                "Relation Name": "tests_benchmark_booltester015",
                                "Schema": "public",
                                "Alias": "tests_benchmark_booltester015",
                                "Startup Cost": 0.0,
                                "Total Cost": 32739.01,
                                "Plan Rows": 500000,
                                "Plan Width": 24,
                                "Actual Startup Time": 0.014,
                                "Actual Total Time": 141.342,
                                "Actual Rows": 499792,
                                "Actual Loops": 1,
                                "Output": [
                                    "id",
                                    "flg_0",
                                    "flg_1",
                                    "flg_2",
                                    "flg_3",
                                    "flg_4",
                                    "flg_5",
                                    "flg_6",
                                    "flg_7",
                                    "flg_8",
                                    "flg_9",
                                    "flg_10",
                                    "flg_11",
                                    "flg_12",
                                    "flg_13",
                                    "flg_14",
                                    "flg_15"
                                ],
                                "Filter": "(tests_benchmark_booltester015.flg_2 AND tests_benchmark_booltester015.flg_14)",
                                "Rows Removed by Filter": 1500209,
                                "Shared Hit Blocks": 4704,
                                "Shared Read Blocks": 8035,
                                "Shared Dirtied Blocks": 0,
                                "Shared Written Blocks": 0,
                                "Local Hit Blocks": 0,
                                "Local Read Blocks": 0,
                                "Local Dirtied Blocks": 0,
                                "Local Written Blocks": 0,
                                "Temp Read Blocks": 0,
                                "Temp Written Blocks": 0,
                                "WAL Records": 0,
                                "WAL FPI": 0,
                                "WAL Bytes": 0
                            },
                            "Settings": {},
                            "Planning": {
                                "Shared Hit Blocks": 0,
                                "Shared Read Blocks": 0,
                                "Shared Dirtied Blocks": 0,
                                "Shared Written Blocks": 0,
                                "Local Hit Blocks": 0,
                                "Local Read Blocks": 0,
                                "Local Dirtied Blocks": 0,
                                "Local Written Blocks": 0,
                                "Temp Read Blocks": 0,
                                "Temp Written Blocks": 0
                            },
                            "Planning Time": 0.035,
                            "Triggers": [],
                            "Execution Time": 151.505
                        },
                        "any_explanation": {
                            "Plan": {
                                "Node Type": "Seq Scan",
                                "Parallel Aware": false,
                                "Async Capable": false,
                                "Relation Name": "tests_benchmark_booltester015",
                                "Schema": "public",
                                "Alias": "tests_benchmark_booltester015",
                                "Startup Cost": 0.0,
                                "Total Cost": 32739.01,
                                "Plan Rows": 1500001,
                                "Plan Width": 24,
                                "Actual Startup Time": 0.01,
                                "Actual Total Time": 155.63,
                                "Actual Rows": 1499195,
                                "Actual Loops": 1,
                                "Output": [
                                    "id",
                                    "flg_0",
                                    "flg_1",
                                    "flg_2",
                                    "flg_3",
                                    "flg_4",
                                    "flg_5",
                                    "flg_6",
                                    "flg_7",
                                    "flg_8",
                                    "flg_9",
                                    "flg_10",
                                    "flg_11",
                                    "flg_12",
                                    "flg_13",
                                    "flg_14",
                                    "flg_15"
                                ],
                                "Filter": "(tests_benchmark_booltester015.flg_2 OR tests_benchmark_booltester015.flg_14)",
                                "Rows Removed by Filter": 500806,
                                "Shared Hit Blocks": 4832,
                                "Shared Read Blocks": 7907,
                                "Shared Dirtied Blocks": 0,
                                "Shared Written Blocks": 0,
                                "Local Hit Blocks": 0,
                                "Local Read Blocks": 0,
                                "Local Dirtied Blocks": 0,
                                "Local Written Blocks": 0,
                                "Temp Read Blocks": 0,
                                "Temp Written Blocks": 0,
                                "WAL Records": 0,
                                "WAL FPI": 0,
                                "WAL Bytes": 0
                            },
                            "Settings": {},
                            "Planning": {
                                "Shared Hit Blocks": 0,
                                "Shared Read Blocks": 0,
                                "Shared Dirtied Blocks": 0,
                                "Shared Written Blocks": 0,
                                "Local Hit Blocks": 0,
                                "Local Read Blocks": 0,
                                "Local Dirtied Blocks": 0,
                                "Local Written Blocks": 0,
                                "Temp Read Blocks": 0,
                                "Temp Written Blocks": 0
                            },
                            "Planning Time": 0.03,
                            "Triggers": [],
                            "Execution Time": 185.919
                        },
                        "exact_explanation": {
                            "Plan": {
                                "Node Type": "Gather",
                                "Parallel Aware": false,
                                "Async Capable": false,
                                "Startup Cost": 1000.0,
                                "Total Cost": 22075.44,
                                "Plan Rows": 31,
                                "Plan Width": 24,
                                "Actual Startup Time": 2.278,
                                "Actual Total Time": 58.893,
                                "Actual Rows": 39,
                                "Actual Loops": 1,
                                "Output": [
                                    "id",
                                    "flg_0",
                                    "flg_1",
                                    "flg_2",
                                    "flg_3",
                                    "flg_4",
                                    "flg_5",
                                    "flg_6",
                                    "flg_7",
                                    "flg_8",
                                    "flg_9",
                                    "flg_10",
                                    "flg_11",
                                    "flg_12",
                                    "flg_13",
                                    "flg_14",
                                    "flg_15"
                                ],
                                "Workers Planned": 2,
                                "Workers Launched": 2,
                                "Single Copy": false,
                                "Shared Hit Blocks": 4960,
                                "Shared Read Blocks": 7779,
                                "Shared Dirtied Blocks": 0,
                                "Shared Written Blocks": 0,
                                "Local Hit Blocks": 0,
                                "Local Read Blocks": 0,
                                "Local Dirtied Blocks": 0,
                                "Local Written Blocks": 0,
                                "Temp Read Blocks": 0,
                                "Temp Written Blocks": 0,
                                "WAL Records": 0,
                                "WAL FPI": 0,
                                "WAL Bytes": 0,
                                "Plans": [
                                    {
                                        "Node Type": "Seq Scan",
                                        "Parent Relationship": "Outer",
                                        "Parallel Aware": true,
                                        "Async Capable": false,
                                        "Relation Name": "tests_benchmark_booltester015",
                                        "Schema": "public",
                                        "Alias": "tests_benchmark_booltester015",
                                        "Startup Cost": 0.0,
                                        "Total Cost": 21072.34,
                                        "Plan Rows": 13,
                                        "Plan Width": 24,
                                        "Actual Startup Time": 1.112,
                                        "Actual Total Time": 56.116,
                                        "Actual Rows": 13,
                                        "Actual Loops": 3,
                                        "Output": [
                                            "id",
                                            "flg_0",
                                            "flg_1",
                                            "flg_2",
                                            "flg_3",
                                            "flg_4",
                                            "flg_5",
                                            "flg_6",
                                            "flg_7",
                                            "flg_8",
                                            "flg_9",
                                            "flg_10",
                                            "flg_11",
                                            "flg_12",
                                            "flg_13",
                                            "flg_14",
                                            "flg_15"
                                        ],
                                        "Filter": "((NOT tests_benchmark_booltester015.flg_0) AND (NOT tests_benchmark_booltester015.flg_1) AND tests_benchmark_booltester015.flg_2 AND (NOT tests_benchmark_booltester015.flg_3) AND (NOT tests_benchmark_booltester015.flg_4) AND (NOT tests_benchmark_booltester015.flg_5) AND (NOT tests_benchmark_booltester015.flg_6) AND (NOT tests_benchmark_booltester015.flg_7) AND (NOT tests_benchmark_booltester015.flg_8) AND (NOT tests_benchmark_booltester015.flg_9) AND (NOT tests_benchmark_booltester015.flg_10) AND (NOT tests_benchmark_booltester015.flg_11) AND (NOT tests_benchmark_booltester015.flg_12) AND (NOT tests_benchmark_booltester015.flg_13) AND tests_benchmark_booltester015.flg_14 AND (NOT tests_benchmark_booltester015.flg_15))",
                                        "Rows Removed by Filter": 666654,
                                        "Shared Hit Blocks": 4960,
                                        "Shared Read Blocks": 7779,
                                        "Shared Dirtied Blocks": 0,
                                        "Shared Written Blocks": 0,
                                        "Local Hit Blocks": 0,
                                        "Local Read Blocks": 0,
                                        "Local Dirtied Blocks": 0,
                                        "Local Written Blocks": 0,
                                        "Temp Read Blocks": 0,
                                        "Temp Written Blocks": 0,
                                        "WAL Records": 0,
                                        "WAL FPI": 0,
                                        "WAL Bytes": 0,
                                        "Workers": [
                                            {
                                                "Worker Number": 0,
                                                "Actual Startup Time": 0.772,
                                                "Actual Total Time": 55.399,
                                                "Actual Rows": 12,
                                                "Actual Loops": 1,
                                                "Shared Hit Blocks": 1608,
                                                "Shared Read Blocks": 2544,
                                                "Shared Dirtied Blocks": 0,
                                                "Shared Written Blocks": 0,
                                                "Local Hit Blocks": 0,
                                                "Local Read Blocks": 0,
                                                "Local Dirtied Blocks": 0,
                                                "Local Written Blocks": 0,
                                                "Temp Read Blocks": 0,
                                                "Temp Written Blocks": 0,
                                                "WAL Records": 0,
                                                "WAL FPI": 0,
                                                "WAL Bytes": 0
                                            },
                                            {
                                                "Worker Number": 1,
                                                "Actual Startup Time": 0.401,
                                                "Actual Total Time": 55.276,
                                                "Actual Rows": 14,
                                                "Actual Loops": 1,
                                                "Shared Hit Blocks": 1612,
                                                "Shared Read Blocks": 2520,
                                                "Shared Dirtied Blocks": 0,
                                                "Shared Written Blocks": 0,
                                                "Local Hit Blocks": 0,
                                                "Local Read Blocks": 0,
                                                "Local Dirtied Blocks": 0,
                                                "Local Written Blocks": 0,
                                                "Temp Read Blocks": 0,
                                                "Temp Written Blocks": 0,
                                                "WAL Records": 0,
                                                "WAL FPI": 0,
                                                "WAL Bytes": 0
                                            }
                                        ]
                                    }
                                ]
                            },
                            "Settings": {},
                            "Planning": {
                                "Shared Hit Blocks": 0,
                                "Shared Read Blocks": 0,
                                "Shared Dirtied Blocks": 0,
                                "Shared Written Blocks": 0,
                                "Local Hit Blocks": 0,
                                "Local Read Blocks": 0,
                                "Local Dirtied Blocks": 0,
                                "Local Written Blocks": 0,
                                "Temp Read Blocks": 0,
                                "Temp Written Blocks": 0
                            },
                            "Planning Time": 0.048,
                            "Triggers": [],
                            "Execution Time": 58.904
                        },
                        "all_ftr_time": 0.07543410000000002,
                        "any_ftr_time": 0.20685489999999998,
                        "exact_ftr_time": 0.0585499
                    },
                    "4000000": {
                        "all_time": 0.12035426259972155,
                        "any_time": 0.5570384000777266,
                        "exact_time": 0.1244931292720139,
                        "table_size": 298844160.0,
                        "index_time": 2.125045284628868e-06,
                        "all_explanation": {
                            "Plan": {
                                "Node Type": "Gather",
                                "Parallel Aware": false,
                                "Async Capable": false,
                                "Startup Cost": 1000.0,
                                "Total Cost": 55644.67,
                                "Plan Rows": 125000,
                                "Plan Width": 24,
                                "Actual Startup Time": 0.078,
                                "Actual Total Time": 109.918,
                                "Actual Rows": 125360,
                                "Actual Loops": 1,
                                "Output": [
                                    "id",
                                    "flg_0",
                                    "flg_1",
                                    "flg_2",
                                    "flg_3",
                                    "flg_4",
                                    "flg_5",
                                    "flg_6",
                                    "flg_7",
                                    "flg_8",
                                    "flg_9",
                                    "flg_10",
                                    "flg_11",
                                    "flg_12",
                                    "flg_13",
                                    "flg_14",
                                    "flg_15"
                                ],
                                "Workers Planned": 2,
                                "Workers Launched": 2,
                                "Single Copy": false,
                                "Shared Hit Blocks": 4768,
                                "Shared Read Blocks": 20710,
                                "Shared Dirtied Blocks": 0,
                                "Shared Written Blocks": 0,
                                "Local Hit Blocks": 0,
                                "Local Read Blocks": 0,
                                "Local Dirtied Blocks": 0,
                                "Local Written Blocks": 0,
                                "Temp Read Blocks": 0,
                                "Temp Written Blocks": 0,
                                "WAL Records": 0,
                                "WAL FPI": 0,
                                "WAL Bytes": 0,
                                "Plans": [
                                    {
                                        "Node Type": "Seq Scan",
                                        "Parent Relationship": "Outer",
                                        "Parallel Aware": true,
                                        "Async Capable": false,
                                        "Relation Name": "tests_benchmark_booltester015",
                                        "Schema": "public",
                                        "Alias": "tests_benchmark_booltester015",
                                        "Startup Cost": 0.0,
                                        "Total Cost": 42144.67,
                                        "Plan Rows": 52083,
                                        "Plan Width": 24,
                                        "Actual Startup Time": 0.025,
                                        "Actual Total Time": 100.451,
                                        "Actual Rows": 41787,
                                        "Actual Loops": 3,
                                        "Output": [
                                            "id",
                                            "flg_0",
                                            "flg_1",
                                            "flg_2",
                                            "flg_3",
                                            "flg_4",
                                            "flg_5",
                                            "flg_6",
                                            "flg_7",
                                            "flg_8",
                                            "flg_9",
                                            "flg_10",
                                            "flg_11",
                                            "flg_12",
                                            "flg_13",
                                            "flg_14",
                                            "flg_15"
                                        ],
                                        "Filter": "(tests_benchmark_booltester015.flg_1 AND tests_benchmark_booltester015.flg_7 AND tests_benchmark_booltester015.flg_9 AND tests_benchmark_booltester015.flg_11 AND tests_benchmark_booltester015.flg_12)",
                                        "Rows Removed by Filter": 1291547,
                                        "Shared Hit Blocks": 4768,
                                        "Shared Read Blocks": 20710,
                                        "Shared Dirtied Blocks": 0,
                                        "Shared Written Blocks": 0,
                                        "Local Hit Blocks": 0,
                                        "Local Read Blocks": 0,
                                        "Local Dirtied Blocks": 0,
                                        "Local Written Blocks": 0,
                                        "Temp Read Blocks": 0,
                                        "Temp Written Blocks": 0,
                                        "WAL Records": 0,
                                        "WAL FPI": 0,
                                        "WAL Bytes": 0,
                                        "Workers": [
                                            {
                                                "Worker Number": 0,
                                                "Actual Startup Time": 0.029,
                                                "Actual Total Time": 101.599,
                                                "Actual Rows": 42132,
                                                "Actual Loops": 1,
                                                "Shared Hit Blocks": 1589,
                                                "Shared Read Blocks": 6950,
                                                "Shared Dirtied Blocks": 0,
                                                "Shared Written Blocks": 0,
                                                "Local Hit Blocks": 0,
                                                "Local Read Blocks": 0,
                                                "Local Dirtied Blocks": 0,
                                                "Local Written Blocks": 0,
                                                "Temp Read Blocks": 0,
                                                "Temp Written Blocks": 0,
                                                "WAL Records": 0,
                                                "WAL FPI": 0,
                                                "WAL Bytes": 0
                                            },
                                            {
                                                "Worker Number": 1,
                                                "Actual Startup Time": 0.031,
                                                "Actual Total Time": 101.524,
                                                "Actual Rows": 41823,
                                                "Actual Loops": 1,
                                                "Shared Hit Blocks": 1584,
                                                "Shared Read Blocks": 6944,
                                                "Shared Dirtied Blocks": 0,
                                                "Shared Written Blocks": 0,
                                                "Local Hit Blocks": 0,
                                                "Local Read Blocks": 0,
                                                "Local Dirtied Blocks": 0,
                                                "Local Written Blocks": 0,
                                                "Temp Read Blocks": 0,
                                                "Temp Written Blocks": 0,
                                                "WAL Records": 0,
                                                "WAL FPI": 0,
                                                "WAL Bytes": 0
                                            }
                                        ]
                                    }
                                ]
                            },
                            "Settings": {},
                            "Planning": {
                                "Shared Hit Blocks": 0,
                                "Shared Read Blocks": 0,
                                "Shared Dirtied Blocks": 0,
                                "Shared Written Blocks": 0,
                                "Local Hit Blocks": 0,
                                "Local Read Blocks": 0,
                                "Local Dirtied Blocks": 0,
                                "Local Written Blocks": 0,
                                "Temp Read Blocks": 0,
                                "Temp Written Blocks": 0
                            },
                            "Planning Time": 0.036,
                            "Triggers": [],
                            "Execution Time": 112.742
                        },
                        "any_explanation": {
                            "Plan": {
                                "Node Type": "Seq Scan",
                                "Parallel Aware": false,
                                "Async Capable": false,
                                "Relation Name": "tests_benchmark_booltester015",
                                "Schema": "public",
                                "Alias": "tests_benchmark_booltester015",
                                "Startup Cost": 0.0,
                                "Total Cost": 65478.01,
                                "Plan Rows": 3875001,
                                "Plan Width": 24,
                                "Actual Startup Time": 0.018,
                                "Actual Total Time": 319.569,
                                "Actual Rows": 3874971,
                                "Actual Loops": 1,
                                "Output": [
                                    "id",
                                    "flg_0",
                                    "flg_1",
                                    "flg_2",
                                    "flg_3",
                                    "flg_4",
                                    "flg_5",
                                    "flg_6",
                                    "flg_7",
                                    "flg_8",
                                    "flg_9",
                                    "flg_10",
                                    "flg_11",
                                    "flg_12",
                                    "flg_13",
                                    "flg_14",
                                    "flg_15"
                                ],
                                "Filter": "(tests_benchmark_booltester015.flg_1 OR tests_benchmark_booltester015.flg_7 OR tests_benchmark_booltester015.flg_9 OR tests_benchmark_booltester015.flg_11 OR tests_benchmark_booltester015.flg_12)",
                                "Rows Removed by Filter": 125030,
                                "Shared Hit Blocks": 4960,
                                "Shared Read Blocks": 20518,
                                "Shared Dirtied Blocks": 0,
                                "Shared Written Blocks": 0,
                                "Local Hit Blocks": 0,
                                "Local Read Blocks": 0,
                                "Local Dirtied Blocks": 0,
                                "Local Written Blocks": 0,
                                "Temp Read Blocks": 0,
                                "Temp Written Blocks": 0,
                                "WAL Records": 0,
                                "WAL FPI": 0,
                                "WAL Bytes": 0
                            },
                            "Settings": {},
                            "Planning": {
                                "Shared Hit Blocks": 0,
                                "Shared Read Blocks": 0,
                                "Shared Dirtied Blocks": 0,
                                "Shared Written Blocks": 0,
                                "Local Hit Blocks": 0,
                                "Local Read Blocks": 0,
                                "Local Dirtied Blocks": 0,
                                "Local Written Blocks": 0,
                                "Temp Read Blocks": 0,
                                "Temp Written Blocks": 0
                            },
                            "Planning Time": 0.038,
                            "Triggers": [],
                            "Execution Time": 398.442
                        },
                        "exact_explanation": {
                            "Plan": {
                                "Node Type": "Gather",
                                "Parallel Aware": false,
                                "Async Capable": false,
                                "Startup Cost": 1000.0,
                                "Total Cost": 43150.77,
                                "Plan Rows": 61,
                                "Plan Width": 24,
                                "Actual Startup Time": 28.531,
                                "Actual Total Time": 118.511,
                                "Actual Rows": 64,
                                "Actual Loops": 1,
                                "Output": [
                                    "id",
                                    "flg_0",
                                    "flg_1",
                                    "flg_2",
                                    "flg_3",
                                    "flg_4",
                                    "flg_5",
                                    "flg_6",
                                    "flg_7",
                                    "flg_8",
                                    "flg_9",
                                    "flg_10",
                                    "flg_11",
                                    "flg_12",
                                    "flg_13",
                                    "flg_14",
                                    "flg_15"
                                ],
                                "Workers Planned": 2,
                                "Workers Launched": 2,
                                "Single Copy": false,
                                "Shared Hit Blocks": 5088,
                                "Shared Read Blocks": 20390,
                                "Shared Dirtied Blocks": 0,
                                "Shared Written Blocks": 0,
                                "Local Hit Blocks": 0,
                                "Local Read Blocks": 0,
                                "Local Dirtied Blocks": 0,
                                "Local Written Blocks": 0,
                                "Temp Read Blocks": 0,
                                "Temp Written Blocks": 0,
                                "WAL Records": 0,
                                "WAL FPI": 0,
                                "WAL Bytes": 0,
                                "Plans": [
                                    {
                                        "Node Type": "Seq Scan",
                                        "Parent Relationship": "Outer",
                                        "Parallel Aware": true,
                                        "Async Capable": false,
                                        "Relation Name": "tests_benchmark_booltester015",
                                        "Schema": "public",
                                        "Alias": "tests_benchmark_booltester015",
                                        "Startup Cost": 0.0,
                                        "Total Cost": 42144.67,
                                        "Plan Rows": 25,
                                        "Plan Width": 24,
                                        "Actual Startup Time": 12.024,
                                        "Actual Total Time": 115.634,
                                        "Actual Rows": 21,
                                        "Actual Loops": 3,
                                        "Output": [
                                            "id",
                                            "flg_0",
                                            "flg_1",
                                            "flg_2",
                                            "flg_3",
                                            "flg_4",
                                            "flg_5",
                                            "flg_6",
                                            "flg_7",
                                            "flg_8",
                                            "flg_9",
                                            "flg_10",
                                            "flg_11",
                                            "flg_12",
                                            "flg_13",
                                            "flg_14",
                                            "flg_15"
                                        ],
                                        "Filter": "((NOT tests_benchmark_booltester015.flg_0) AND tests_benchmark_booltester015.flg_1 AND (NOT tests_benchmark_booltester015.flg_2) AND (NOT tests_benchmark_booltester015.flg_3) AND (NOT tests_benchmark_booltester015.flg_4) AND (NOT tests_benchmark_booltester015.flg_5) AND (NOT tests_benchmark_booltester015.flg_6) AND tests_benchmark_booltester015.flg_7 AND (NOT tests_benchmark_booltester015.flg_8) AND tests_benchmark_booltester015.flg_9 AND (NOT tests_benchmark_booltester015.flg_10) AND tests_benchmark_booltester015.flg_11 AND tests_benchmark_booltester015.flg_12 AND (NOT tests_benchmark_booltester015.flg_13) AND (NOT tests_benchmark_booltester015.flg_14) AND (NOT tests_benchmark_booltester015.flg_15))",
                                        "Rows Removed by Filter": 1333312,
                                        "Shared Hit Blocks": 5088,
                                        "Shared Read Blocks": 20390,
                                        "Shared Dirtied Blocks": 0,
                                        "Shared Written Blocks": 0,
                                        "Local Hit Blocks": 0,
                                        "Local Read Blocks": 0,
                                        "Local Dirtied Blocks": 0,
                                        "Local Written Blocks": 0,
                                        "Temp Read Blocks": 0,
                                        "Temp Written Blocks": 0,
                                        "WAL Records": 0,
                                        "WAL FPI": 0,
                                        "WAL Bytes": 0,
                                        "Workers": [
                                            {
                                                "Worker Number": 0,
                                                "Actual Startup Time": 4.037,
                                                "Actual Total Time": 114.566,
                                                "Actual Rows": 29,
                                                "Actual Loops": 1,
                                                "Shared Hit Blocks": 1653,
                                                "Shared Read Blocks": 6694,
                                                "Shared Dirtied Blocks": 0,
                                                "Shared Written Blocks": 0,
                                                "Local Hit Blocks": 0,
                                                "Local Read Blocks": 0,
                                                "Local Dirtied Blocks": 0,
                                                "Local Written Blocks": 0,
                                                "Temp Read Blocks": 0,
                                                "Temp Written Blocks": 0,
                                                "WAL Records": 0,
                                                "WAL FPI": 0,
                                                "WAL Bytes": 0
                                            },
                                            {
                                                "Worker Number": 1,
                                                "Actual Startup Time": 3.607,
                                                "Actual Total Time": 114.907,
                                                "Actual Rows": 17,
                                                "Actual Loops": 1,
                                                "Shared Hit Blocks": 1659,
                                                "Shared Read Blocks": 6752,
                                                "Shared Dirtied Blocks": 0,
                                                "Shared Written Blocks": 0,
                                                "Local Hit Blocks": 0,
                                                "Local Read Blocks": 0,
                                                "Local Dirtied Blocks": 0,
                                                "Local Written Blocks": 0,
                                                "Temp Read Blocks": 0,
                                                "Temp Written Blocks": 0,
                                                "WAL Records": 0,
                                                "WAL FPI": 0,
                                                "WAL Bytes": 0
                                            }
                                        ]
                                    }
                                ]
                            },
                            "Settings": {},
                            "Planning": {
                                "Shared Hit Blocks": 0,
                                "Shared Read Blocks": 0,
                                "Shared Dirtied Blocks": 0,
                                "Shared Written Blocks": 0,
                                "Local Hit Blocks": 0,
                                "Local Read Blocks": 0,
                                "Local Dirtied Blocks": 0,
                                "Local Written Blocks": 0,
                                "Temp Read Blocks": 0,
                                "Temp Written Blocks": 0
                            },
                            "Planning Time": 0.046,
                            "Triggers": [],
                            "Execution Time": 118.53
                        },
                        "all_ftr_time": 0.11229730000000002,
                        "any_ftr_time": 0.42248459999999993,
                        "exact_ftr_time": 0.1177927
                    },
                    "6000000": {
                        "all_time": 0.1690005627227947,
                        "any_time": 0.8156408831826412,
                        "exact_time": 0.1804055169923231,
                        "table_size": 447741952.0,
                        "index_time": 6.834045052528381e-06,
                        "all_explanation": {
                            "Plan": {
                                "Node Type": "Gather",
                                "Parallel Aware": false,
                                "Async Capable": false,
                                "Startup Cost": 1000.0,
                                "Total Cost": 65388.9,
                                "Plan Rows": 11719,
                                "Plan Width": 24,
                                "Actual Startup Time": 0.143,
                                "Actual Total Time": 166.824,
                                "Actual Rows": 11818,
                                "Actual Loops": 1,
                                "Output": [
                                    "id",
                                    "flg_0",
                                    "flg_1",
                                    "flg_2",
                                    "flg_3",
                                    "flg_4",
                                    "flg_5",
                                    "flg_6",
                                    "flg_7",
                                    "flg_8",
                                    "flg_9",
                                    "flg_10",
                                    "flg_11",
                                    "flg_12",
                                    "flg_13",
                                    "flg_14",
                                    "flg_15"
                                ],
                                "Workers Planned": 2,
                                "Workers Launched": 2,
                                "Single Copy": false,
                                "Shared Hit Blocks": 4640,
                                "Shared Read Blocks": 33577,
                                "Shared Dirtied Blocks": 0,
                                "Shared Written Blocks": 0,
                                "Local Hit Blocks": 0,
                                "Local Read Blocks": 0,
                                "Local Dirtied Blocks": 0,
                                "Local Written Blocks": 0,
                                "Temp Read Blocks": 0,
                                "Temp Written Blocks": 0,
                                "WAL Records": 0,
                                "WAL FPI": 0,
                                "WAL Bytes": 0,
                                "Plans": [
                                    {
                                        "Node Type": "Seq Scan",
                                        "Parent Relationship": "Outer",
                                        "Parallel Aware": true,
                                        "Async Capable": false,
                                        "Relation Name": "tests_benchmark_booltester015",
                                        "Schema": "public",
                                        "Alias": "tests_benchmark_booltester015",
                                        "Startup Cost": 0.0,
                                        "Total Cost": 63217.0,
                                        "Plan Rows": 4883,
                                        "Plan Width": 24,
                                        "Actual Startup Time": 0.055,
                                        "Actual Total Time": 163.81,
                                        "Actual Rows": 3939,
                                        "Actual Loops": 3,
                                        "Output": [
                                            "id",
                                            "flg_0",
                                            "flg_1",
                                            "flg_2",
                                            "flg_3",
                                            "flg_4",
                                            "flg_5",
                                            "flg_6",
                                            "flg_7",
                                            "flg_8",
                                            "flg_9",
                                            "flg_10",
                                            "flg_11",
                                            "flg_12",
                                            "flg_13",
                                            "flg_14",
                                            "flg_15"
                                        ],
                                        "Filter": "(tests_benchmark_booltester015.flg_0 AND tests_benchmark_booltester015.flg_1 AND tests_benchmark_booltester015.flg_4 AND tests_benchmark_booltester015.flg_6 AND tests_benchmark_booltester015.flg_7 AND tests_benchmark_booltester015.flg_8 AND tests_benchmark_booltester015.flg_11 AND tests_benchmark_booltester015.flg_13 AND tests_benchmark_booltester015.flg_15)",
                                        "Rows Removed by Filter": 1996061,
                                        "Shared Hit Blocks": 4640,
                                        "Shared Read Blocks": 33577,
                                        "Shared Dirtied Blocks": 0,
                                        "Shared Written Blocks": 0,
                                        "Local Hit Blocks": 0,
                                        "Local Read Blocks": 0,
                                        "Local Dirtied Blocks": 0,
                                        "Local Written Blocks": 0,
                                        "Temp Read Blocks": 0,
                                        "Temp Written Blocks": 0,
                                        "WAL Records": 0,
                                        "WAL FPI": 0,
                                        "WAL Bytes": 0,
                                        "Workers": [
                                            {
                                                "Worker Number": 0,
                                                "Actual Startup Time": 0.043,
                                                "Actual Total Time": 163.255,
                                                "Actual Rows": 3867,
                                                "Actual Loops": 1,
                                                "Shared Hit Blocks": 1491,
                                                "Shared Read Blocks": 10944,
                                                "Shared Dirtied Blocks": 0,
                                                "Shared Written Blocks": 0,
                                                "Local Hit Blocks": 0,
                                                "Local Read Blocks": 0,
                                                "Local Dirtied Blocks": 0,
                                                "Local Written Blocks": 0,
                                                "Temp Read Blocks": 0,
                                                "Temp Written Blocks": 0,
                                                "WAL Records": 0,
                                                "WAL FPI": 0,
                                                "WAL Bytes": 0
                                            },
                                            {
                                                "Worker Number": 1,
                                                "Actual Startup Time": 0.047,
                                                "Actual Total Time": 163.359,
                                                "Actual Rows": 3946,
                                                "Actual Loops": 1,
                                                "Shared Hit Blocks": 1523,
                                                "Shared Read Blocks": 11209,
                                                "Shared Dirtied Blocks": 0,
                                                "Shared Written Blocks": 0,
                                                "Local Hit Blocks": 0,
                                                "Local Read Blocks": 0,
                                                "Local Dirtied Blocks": 0,
                                                "Local Written Blocks": 0,
                                                "Temp Read Blocks": 0,
                                                "Temp Written Blocks": 0,
                                                "WAL Records": 0,
                                                "WAL FPI": 0,
                                                "WAL Bytes": 0
                                            }
                                        ]
                                    }
                                ]
                            },
                            "Settings": {},
                            "Planning": {
                                "Shared Hit Blocks": 0,
                                "Shared Read Blocks": 0,
                                "Shared Dirtied Blocks": 0,
                                "Shared Written Blocks": 0,
                                "Local Hit Blocks": 0,
                                "Local Read Blocks": 0,
                                "Local Dirtied Blocks": 0,
                                "Local Written Blocks": 0,
                                "Temp Read Blocks": 0,
                                "Temp Written Blocks": 0
                            },
                            "Planning Time": 0.04,
                            "Triggers": [],
                            "Execution Time": 167.101
                        },
                        "any_explanation": {
                            "Plan": {
                                "Node Type": "Seq Scan",
                                "Parallel Aware": false,
                                "Async Capable": false,
                                "Relation Name": "tests_benchmark_booltester015",
                                "Schema": "public",
                                "Alias": "tests_benchmark_booltester015",
                                "Startup Cost": 0.0,
                                "Total Cost": 98217.01,
                                "Plan Rows": 5988282,
                                "Plan Width": 24,
                                "Actual Startup Time": 0.015,
                                "Actual Total Time": 515.823,
                                "Actual Rows": 5988184,
                                "Actual Loops": 1,
                                "Output": [
                                    "id",
                                    "flg_0",
                                    "flg_1",
                                    "flg_2",
                                    "flg_3",
                                    "flg_4",
                                    "flg_5",
                                    "flg_6",
                                    "flg_7",
                                    "flg_8",
                                    "flg_9",
                                    "flg_10",
                                    "flg_11",
                                    "flg_12",
                                    "flg_13",
                                    "flg_14",
                                    "flg_15"
                                ],
                                "Filter": "(tests_benchmark_booltester015.flg_0 OR tests_benchmark_booltester015.flg_1 OR tests_benchmark_booltester015.flg_4 OR tests_benchmark_booltester015.flg_6 OR tests_benchmark_booltester015.flg_7 OR tests_benchmark_booltester015.flg_8 OR tests_benchmark_booltester015.flg_11 OR tests_benchmark_booltester015.flg_13 OR tests_benchmark_booltester015.flg_15)",
                                "Rows Removed by Filter": 11817,
                                "Shared Hit Blocks": 4832,
                                "Shared Read Blocks": 33385,
                                "Shared Dirtied Blocks": 0,
                                "Shared Written Blocks": 0,
                                "Local Hit Blocks": 0,
                                "Local Read Blocks": 0,
                                "Local Dirtied Blocks": 0,
                                "Local Written Blocks": 0,
                                "Temp Read Blocks": 0,
                                "Temp Written Blocks": 0,
                                "WAL Records": 0,
                                "WAL FPI": 0,
                                "WAL Bytes": 0
                            },
                            "Settings": {},
                            "Planning": {
                                "Shared Hit Blocks": 0,
                                "Shared Read Blocks": 0,
                                "Shared Dirtied Blocks": 0,
                                "Shared Written Blocks": 0,
                                "Local Hit Blocks": 0,
                                "Local Read Blocks": 0,
                                "Local Dirtied Blocks": 0,
                                "Local Written Blocks": 0,
                                "Temp Read Blocks": 0,
                                "Temp Written Blocks": 0
                            },
                            "Planning Time": 0.038,
                            "Triggers": [],
                            "Execution Time": 637.029
                        },
                        "exact_explanation": {
                            "Plan": {
                                "Node Type": "Gather",
                                "Parallel Aware": false,
                                "Async Capable": false,
                                "Startup Cost": 1000.0,
                                "Total Cost": 64226.2,
                                "Plan Rows": 92,
                                "Plan Width": 24,
                                "Actual Startup Time": 17.318,
                                "Actual Total Time": 174.199,
                                "Actual Rows": 88,
                                "Actual Loops": 1,
                                "Output": [
                                    "id",
                                    "flg_0",
                                    "flg_1",
                                    "flg_2",
                                    "flg_3",
                                    "flg_4",
                                    "flg_5",
                                    "flg_6",
                                    "flg_7",
                                    "flg_8",
                                    "flg_9",
                                    "flg_10",
                                    "flg_11",
                                    "flg_12",
                                    "flg_13",
                                    "flg_14",
                                    "flg_15"
                                ],
                                "Workers Planned": 2,
                                "Workers Launched": 2,
                                "Single Copy": false,
                                "Shared Hit Blocks": 4960,
                                "Shared Read Blocks": 33257,
                                "Shared Dirtied Blocks": 0,
                                "Shared Written Blocks": 0,
                                "Local Hit Blocks": 0,
                                "Local Read Blocks": 0,
                                "Local Dirtied Blocks": 0,
                                "Local Written Blocks": 0,
                                "Temp Read Blocks": 0,
                                "Temp Written Blocks": 0,
                                "WAL Records": 0,
                                "WAL FPI": 0,
                                "WAL Bytes": 0,
                                "Plans": [
                                    {
                                        "Node Type": "Seq Scan",
                                        "Parent Relationship": "Outer",
                                        "Parallel Aware": true,
                                        "Async Capable": false,
                                        "Relation Name": "tests_benchmark_booltester015",
                                        "Schema": "public",
                                        "Alias": "tests_benchmark_booltester015",
                                        "Startup Cost": 0.0,
                                        "Total Cost": 63217.0,
                                        "Plan Rows": 38,
                                        "Plan Width": 24,
                                        "Actual Startup Time": 6.191,
                                        "Actual Total Time": 171.723,
                                        "Actual Rows": 29,
                                        "Actual Loops": 3,
                                        "Output": [
                                            "id",
                                            "flg_0",
                                            "flg_1",
                                            "flg_2",
                                            "flg_3",
                                            "flg_4",
                                            "flg_5",
                                            "flg_6",
                                            "flg_7",
                                            "flg_8",
                                            "flg_9",
                                            "flg_10",
                                            "flg_11",
                                            "flg_12",
                                            "flg_13",
                                            "flg_14",
                                            "flg_15"
                                        ],
                                        "Filter": "(tests_benchmark_booltester015.flg_0 AND tests_benchmark_booltester015.flg_1 AND (NOT tests_benchmark_booltester015.flg_2) AND (NOT tests_benchmark_booltester015.flg_3) AND tests_benchmark_booltester015.flg_4 AND (NOT tests_benchmark_booltester015.flg_5) AND tests_benchmark_booltester015.flg_6 AND tests_benchmark_booltester015.flg_7 AND tests_benchmark_booltester015.flg_8 AND (NOT tests_benchmark_booltester015.flg_9) AND (NOT tests_benchmark_booltester015.flg_10) AND tests_benchmark_booltester015.flg_11 AND (NOT tests_benchmark_booltester015.flg_12) AND tests_benchmark_booltester015.flg_13 AND (NOT tests_benchmark_booltester015.flg_14) AND tests_benchmark_booltester015.flg_15)",
                                        "Rows Removed by Filter": 1999971,
                                        "Shared Hit Blocks": 4960,
                                        "Shared Read Blocks": 33257,
                                        "Shared Dirtied Blocks": 0,
                                        "Shared Written Blocks": 0,
                                        "Local Hit Blocks": 0,
                                        "Local Read Blocks": 0,
                                        "Local Dirtied Blocks": 0,
                                        "Local Written Blocks": 0,
                                        "Temp Read Blocks": 0,
                                        "Temp Written Blocks": 0,
                                        "WAL Records": 0,
                                        "WAL FPI": 0,
                                        "WAL Bytes": 0,
                                        "Workers": [
                                            {
                                                "Worker Number": 0,
                                                "Actual Startup Time": 0.195,
                                                "Actual Total Time": 171.051,
                                                "Actual Rows": 23,
                                                "Actual Loops": 1,
                                                "Shared Hit Blocks": 1618,
                                                "Shared Read Blocks": 11008,
                                                "Shared Dirtied Blocks": 0,
                                                "Shared Written Blocks": 0,
                                                "Local Hit Blocks": 0,
                                                "Local Read Blocks": 0,
                                                "Local Dirtied Blocks": 0,
                                                "Local Written Blocks": 0,
                                                "Temp Read Blocks": 0,
                                                "Temp Written Blocks": 0,
                                                "WAL Records": 0,
                                                "WAL FPI": 0,
                                                "WAL Bytes": 0
                                            },
                                            {
                                                "Worker Number": 1,
                                                "Actual Startup Time": 1.138,
                                                "Actual Total Time": 171.065,
                                                "Actual Rows": 36,
                                                "Actual Loops": 1,
                                                "Shared Hit Blocks": 1622,
                                                "Shared Read Blocks": 11017,
                                                "Shared Dirtied Blocks": 0,
                                                "Shared Written Blocks": 0,
                                                "Local Hit Blocks": 0,
                                                "Local Read Blocks": 0,
                                                "Local Dirtied Blocks": 0,
                                                "Local Written Blocks": 0,
                                                "Temp Read Blocks": 0,
                                                "Temp Written Blocks": 0,
                                                "WAL Records": 0,
                                                "WAL FPI": 0,
                                                "WAL Bytes": 0
                                            }
                                        ]
                                    }
                                ]
                            },
                            "Settings": {},
                            "Planning": {
                                "Shared Hit Blocks": 0,
                                "Shared Read Blocks": 0,
                                "Shared Dirtied Blocks": 0,
                                "Shared Written Blocks": 0,
                                "Local Hit Blocks": 0,
                                "Local Read Blocks": 0,
                                "Local Dirtied Blocks": 0,
                                "Local Written Blocks": 0,
                                "Temp Read Blocks": 0,
                                "Temp Written Blocks": 0
                            },
                            "Planning Time": 0.04,
                            "Triggers": [],
                            "Execution Time": 174.212
                        },
                        "all_ftr_time": 0.22320519999999996,
                        "any_ftr_time": 0.6226753000000002,
                        "exact_ftr_time": 0.1739168
                    },
                    "8000000": {
                        "all_time": 0.2504354418022558,
                        "any_time": 1.1139908752287737,
                        "exact_time": 0.230784287606366,
                        "table_size": 597688320.0,
                        "index_time": 6.209011189639568e-06,
                        "all_explanation": {
                            "Plan": {
                                "Node Type": "Gather",
                                "Parallel Aware": false,
                                "Async Capable": false,
                                "Startup Cost": 1000.0,
                                "Total Cost": 85679.94,
                                "Plan Rows": 3906,
                                "Plan Width": 24,
                                "Actual Startup Time": 0.134,
                                "Actual Total Time": 226.419,
                                "Actual Rows": 3895,
                                "Actual Loops": 1,
                                "Output": [
                                    "id",
                                    "flg_0",
                                    "flg_1",
                                    "flg_2",
                                    "flg_3",
                                    "flg_4",
                                    "flg_5",
                                    "flg_6",
                                    "flg_7",
                                    "flg_8",
                                    "flg_9",
                                    "flg_10",
                                    "flg_11",
                                    "flg_12",
                                    "flg_13",
                                    "flg_14",
                                    "flg_15"
                                ],
                                "Workers Planned": 2,
                                "Workers Launched": 2,
                                "Single Copy": false,
                                "Shared Hit Blocks": 4800,
                                "Shared Read Blocks": 46156,
                                "Shared Dirtied Blocks": 0,
                                "Shared Written Blocks": 10,
                                "Local Hit Blocks": 0,
                                "Local Read Blocks": 0,
                                "Local Dirtied Blocks": 0,
                                "Local Written Blocks": 0,
                                "Temp Read Blocks": 0,
                                "Temp Written Blocks": 0,
                                "WAL Records": 0,
                                "WAL FPI": 0,
                                "WAL Bytes": 0,
                                "Plans": [
                                    {
                                        "Node Type": "Seq Scan",
                                        "Parent Relationship": "Outer",
                                        "Parallel Aware": true,
                                        "Async Capable": false,
                                        "Relation Name": "tests_benchmark_booltester015",
                                        "Schema": "public",
                                        "Alias": "tests_benchmark_booltester015",
                                        "Startup Cost": 0.0,
                                        "Total Cost": 84289.34,
                                        "Plan Rows": 1628,
                                        "Plan Width": 24,
                                        "Actual Startup Time": 0.534,
                                        "Actual Total Time": 223.827,
                                        "Actual Rows": 1298,
                                        "Actual Loops": 3,
                                        "Output": [
                                            "id",
                                            "flg_0",
                                            "flg_1",
                                            "flg_2",
                                            "flg_3",
                                            "flg_4",
                                            "flg_5",
                                            "flg_6",
                                            "flg_7",
                                            "flg_8",
                                            "flg_9",
                                            "flg_10",
                                            "flg_11",
                                            "flg_12",
                                            "flg_13",
                                            "flg_14",
                                            "flg_15"
                                        ],
                                        "Filter": "(tests_benchmark_booltester015.flg_1 AND tests_benchmark_booltester015.flg_2 AND tests_benchmark_booltester015.flg_3 AND tests_benchmark_booltester015.flg_4 AND tests_benchmark_booltester015.flg_5 AND tests_benchmark_booltester015.flg_6 AND tests_benchmark_booltester015.flg_7 AND tests_benchmark_booltester015.flg_8 AND tests_benchmark_booltester015.flg_11 AND tests_benchmark_booltester015.flg_14 AND tests_benchmark_booltester015.flg_15)",
                                        "Rows Removed by Filter": 2665369,
                                        "Shared Hit Blocks": 4800,
                                        "Shared Read Blocks": 46156,
                                        "Shared Dirtied Blocks": 0,
                                        "Shared Written Blocks": 10,
                                        "Local Hit Blocks": 0,
                                        "Local Read Blocks": 0,
                                        "Local Dirtied Blocks": 0,
                                        "Local Written Blocks": 0,
                                        "Temp Read Blocks": 0,
                                        "Temp Written Blocks": 0,
                                        "WAL Records": 0,
                                        "WAL FPI": 0,
                                        "WAL Bytes": 0,
                                        "Workers": [
                                            {
                                                "Worker Number": 0,
                                                "Actual Startup Time": 0.734,
                                                "Actual Total Time": 223.208,
                                                "Actual Rows": 1339,
                                                "Actual Loops": 1,
                                                "Shared Hit Blocks": 1557,
                                                "Shared Read Blocks": 15277,
                                                "Shared Dirtied Blocks": 0,
                                                "Shared Written Blocks": 0,
                                                "Local Hit Blocks": 0,
                                                "Local Read Blocks": 0,
                                                "Local Dirtied Blocks": 0,
                                                "Local Written Blocks": 0,
                                                "Temp Read Blocks": 0,
                                                "Temp Written Blocks": 0,
                                                "WAL Records": 0,
                                                "WAL FPI": 0,
                                                "WAL Bytes": 0
                                            },
                                            {
                                                "Worker Number": 1,
                                                "Actual Startup Time": 0.803,
                                                "Actual Total Time": 223.303,
                                                "Actual Rows": 1281,
                                                "Actual Loops": 1,
                                                "Shared Hit Blocks": 1555,
                                                "Shared Read Blocks": 15315,
                                                "Shared Dirtied Blocks": 0,
                                                "Shared Written Blocks": 10,
                                                "Local Hit Blocks": 0,
                                                "Local Read Blocks": 0,
                                                "Local Dirtied Blocks": 0,
                                                "Local Written Blocks": 0,
                                                "Temp Read Blocks": 0,
                                                "Temp Written Blocks": 0,
                                                "WAL Records": 0,
                                                "WAL FPI": 0,
                                                "WAL Bytes": 0
                                            }
                                        ]
                                    }
                                ]
                            },
                            "Settings": {},
                            "Planning": {
                                "Shared Hit Blocks": 0,
                                "Shared Read Blocks": 0,
                                "Shared Dirtied Blocks": 0,
                                "Shared Written Blocks": 0,
                                "Local Hit Blocks": 0,
                                "Local Read Blocks": 0,
                                "Local Dirtied Blocks": 0,
                                "Local Written Blocks": 0,
                                "Temp Read Blocks": 0,
                                "Temp Written Blocks": 0
                            },
                            "Planning Time": 0.038,
                            "Triggers": [],
                            "Execution Time": 226.526
                        },
                        "any_explanation": {
                            "Plan": {
                                "Node Type": "Seq Scan",
                                "Parallel Aware": false,
                                "Async Capable": false,
                                "Relation Name": "tests_benchmark_booltester015",
                                "Schema": "public",
                                "Alias": "tests_benchmark_booltester015",
                                "Startup Cost": 0.0,
                                "Total Cost": 130956.01,
                                "Plan Rows": 7996095,
                                "Plan Width": 24,
                                "Actual Startup Time": 0.016,
                                "Actual Total Time": 710.001,
                                "Actual Rows": 7996065,
                                "Actual Loops": 1,
                                "Output": [
                                    "id",
                                    "flg_0",
                                    "flg_1",
                                    "flg_2",
                                    "flg_3",
                                    "flg_4",
                                    "flg_5",
                                    "flg_6",
                                    "flg_7",
                                    "flg_8",
                                    "flg_9",
                                    "flg_10",
                                    "flg_11",
                                    "flg_12",
                                    "flg_13",
                                    "flg_14",
                                    "flg_15"
                                ],
                                "Filter": "(tests_benchmark_booltester015.flg_1 OR tests_benchmark_booltester015.flg_2 OR tests_benchmark_booltester015.flg_3 OR tests_benchmark_booltester015.flg_4 OR tests_benchmark_booltester015.flg_5 OR tests_benchmark_booltester015.flg_6 OR tests_benchmark_booltester015.flg_7 OR tests_benchmark_booltester015.flg_8 OR tests_benchmark_booltester015.flg_11 OR tests_benchmark_booltester015.flg_14 OR tests_benchmark_booltester015.flg_15)",
                                "Rows Removed by Filter": 3936,
                                "Shared Hit Blocks": 4992,
                                "Shared Read Blocks": 45964,
                                "Shared Dirtied Blocks": 0,
                                "Shared Written Blocks": 0,
                                "Local Hit Blocks": 0,
                                "Local Read Blocks": 0,
                                "Local Dirtied Blocks": 0,
                                "Local Written Blocks": 0,
                                "Temp Read Blocks": 0,
                                "Temp Written Blocks": 0,
                                "WAL Records": 0,
                                "WAL FPI": 0,
                                "WAL Bytes": 0
                            },
                            "Settings": {},
                            "Planning": {
                                "Shared Hit Blocks": 0,
                                "Shared Read Blocks": 0,
                                "Shared Dirtied Blocks": 0,
                                "Shared Written Blocks": 0,
                                "Local Hit Blocks": 0,
                                "Local Read Blocks": 0,
                                "Local Dirtied Blocks": 0,
                                "Local Written Blocks": 0,
                                "Temp Read Blocks": 0,
                                "Temp Written Blocks": 0
                            },
                            "Planning Time": 0.04,
                            "Triggers": [],
                            "Execution Time": 875.712
                        },
                        "exact_explanation": {
                            "Plan": {
                                "Node Type": "Gather",
                                "Parallel Aware": false,
                                "Async Capable": false,
                                "Startup Cost": 1000.0,
                                "Total Cost": 85301.54,
                                "Plan Rows": 122,
                                "Plan Width": 24,
                                "Actual Startup Time": 1.295,
                                "Actual Total Time": 224.415,
                                "Actual Rows": 121,
                                "Actual Loops": 1,
                                "Output": [
                                    "id",
                                    "flg_0",
                                    "flg_1",
                                    "flg_2",
                                    "flg_3",
                                    "flg_4",
                                    "flg_5",
                                    "flg_6",
                                    "flg_7",
                                    "flg_8",
                                    "flg_9",
                                    "flg_10",
                                    "flg_11",
                                    "flg_12",
                                    "flg_13",
                                    "flg_14",
                                    "flg_15"
                                ],
                                "Workers Planned": 2,
                                "Workers Launched": 2,
                                "Single Copy": false,
                                "Shared Hit Blocks": 5120,
                                "Shared Read Blocks": 45836,
                                "Shared Dirtied Blocks": 0,
                                "Shared Written Blocks": 0,
                                "Local Hit Blocks": 0,
                                "Local Read Blocks": 0,
                                "Local Dirtied Blocks": 0,
                                "Local Written Blocks": 0,
                                "Temp Read Blocks": 0,
                                "Temp Written Blocks": 0,
                                "WAL Records": 0,
                                "WAL FPI": 0,
                                "WAL Bytes": 0,
                                "Plans": [
                                    {
                                        "Node Type": "Seq Scan",
                                        "Parent Relationship": "Outer",
                                        "Parallel Aware": true,
                                        "Async Capable": false,
                                        "Relation Name": "tests_benchmark_booltester015",
                                        "Schema": "public",
                                        "Alias": "tests_benchmark_booltester015",
                                        "Startup Cost": 0.0,
                                        "Total Cost": 84289.34,
                                        "Plan Rows": 51,
                                        "Plan Width": 24,
                                        "Actual Startup Time": 8.044,
                                        "Actual Total Time": 221.933,
                                        "Actual Rows": 40,
                                        "Actual Loops": 3,
                                        "Output": [
                                            "id",
                                            "flg_0",
                                            "flg_1",
                                            "flg_2",
                                            "flg_3",
                                            "flg_4",
                                            "flg_5",
                                            "flg_6",
                                            "flg_7",
                                            "flg_8",
                                            "flg_9",
                                            "flg_10",
                                            "flg_11",
                                            "flg_12",
                                            "flg_13",
                                            "flg_14",
                                            "flg_15"
                                        ],
                                        "Filter": "((NOT tests_benchmark_booltester015.flg_0) AND tests_benchmark_booltester015.flg_1 AND tests_benchmark_booltester015.flg_2 AND tests_benchmark_booltester015.flg_3 AND tests_benchmark_booltester015.flg_4 AND tests_benchmark_booltester015.flg_5 AND tests_benchmark_booltester015.flg_6 AND tests_benchmark_booltester015.flg_7 AND tests_benchmark_booltester015.flg_8 AND (NOT tests_benchmark_booltester015.flg_9) AND (NOT tests_benchmark_booltester015.flg_10) AND tests_benchmark_booltester015.flg_11 AND (NOT tests_benchmark_booltester015.flg_12) AND (NOT tests_benchmark_booltester015.flg_13) AND tests_benchmark_booltester015.flg_14 AND tests_benchmark_booltester015.flg_15)",
                                        "Rows Removed by Filter": 2666627,
                                        "Shared Hit Blocks": 5120,
                                        "Shared Read Blocks": 45836,
                                        "Shared Dirtied Blocks": 0,
                                        "Shared Written Blocks": 0,
                                        "Local Hit Blocks": 0,
                                        "Local Read Blocks": 0,
                                        "Local Dirtied Blocks": 0,
                                        "Local Written Blocks": 0,
                                        "Temp Read Blocks": 0,
                                        "Temp Written Blocks": 0,
                                        "WAL Records": 0,
                                        "WAL FPI": 0,
                                        "WAL Bytes": 0,
                                        "Workers": [
                                            {
                                                "Worker Number": 0,
                                                "Actual Startup Time": 11.858,
                                                "Actual Total Time": 221.14,
                                                "Actual Rows": 32,
                                                "Actual Loops": 1,
                                                "Shared Hit Blocks": 1641,
                                                "Shared Read Blocks": 15232,
                                                "Shared Dirtied Blocks": 0,
                                                "Shared Written Blocks": 0,
                                                "Local Hit Blocks": 0,
                                                "Local Read Blocks": 0,
                                                "Local Dirtied Blocks": 0,
                                                "Local Written Blocks": 0,
                                                "Temp Read Blocks": 0,
                                                "Temp Written Blocks": 0,
                                                "WAL Records": 0,
                                                "WAL FPI": 0,
                                                "WAL Bytes": 0
                                            },
                                            {
                                                "Worker Number": 1,
                                                "Actual Startup Time": 11.061,
                                                "Actual Total Time": 221.304,
                                                "Actual Rows": 41,
                                                "Actual Loops": 1,
                                                "Shared Hit Blocks": 1688,
                                                "Shared Read Blocks": 15258,
                                                "Shared Dirtied Blocks": 0,
                                                "Shared Written Blocks": 0,
                                                "Local Hit Blocks": 0,
                                                "Local Read Blocks": 0,
                                                "Local Dirtied Blocks": 0,
                                                "Local Written Blocks": 0,
                                                "Temp Read Blocks": 0,
                                                "Temp Written Blocks": 0,
                                                "WAL Records": 0,
                                                "WAL FPI": 0,
                                                "WAL Bytes": 0
                                            }
                                        ]
                                    }
                                ]
                            },
                            "Settings": {},
                            "Planning": {
                                "Shared Hit Blocks": 0,
                                "Shared Read Blocks": 0,
                                "Shared Dirtied Blocks": 0,
                                "Shared Written Blocks": 0,
                                "Local Hit Blocks": 0,
                                "Local Read Blocks": 0,
                                "Local Dirtied Blocks": 0,
                                "Local Written Blocks": 0,
                                "Temp Read Blocks": 0,
                                "Temp Written Blocks": 0
                            },
                            "Planning Time": 0.051,
                            "Triggers": [],
                            "Execution Time": 224.431
                        },
                        "all_ftr_time": 0.2254988,
                        "any_ftr_time": 0.8517791000000001,
                        "exact_ftr_time": 0.22676709999999997
                    },
                    "10000000": {
                        "all_time": 0.32408429990755394,
                        "any_time": 1.3619948334991931,
                        "exact_time": 0.28260527512757105,
                        "table_size": 746586112.0,
                        "index_time": 1.6125035472214222e-05,
                        "all_explanation": {
                            "Plan": {
                                "Node Type": "Gather",
                                "Parallel Aware": false,
                                "Async Capable": false,
                                "Startup Cost": 1000.0,
                                "Total Cost": 114174.17,
                                "Plan Rows": 78125,
                                "Plan Width": 24,
                                "Actual Startup Time": 0.083,
                                "Actual Total Time": 274.693,
                                "Actual Rows": 78412,
                                "Actual Loops": 1,
                                "Output": [
                                    "id",
                                    "flg_0",
                                    "flg_1",
                                    "flg_2",
                                    "flg_3",
                                    "flg_4",
                                    "flg_5",
                                    "flg_6",
                                    "flg_7",
                                    "flg_8",
                                    "flg_9",
                                    "flg_10",
                                    "flg_11",
                                    "flg_12",
                                    "flg_13",
                                    "flg_14",
                                    "flg_15"
                                ],
                                "Workers Planned": 2,
                                "Workers Launched": 2,
                                "Single Copy": false,
                                "Shared Hit Blocks": 4768,
                                "Shared Read Blocks": 58927,
                                "Shared Dirtied Blocks": 0,
                                "Shared Written Blocks": 0,
                                "Local Hit Blocks": 0,
                                "Local Read Blocks": 0,
                                "Local Dirtied Blocks": 0,
                                "Local Written Blocks": 0,
                                "Temp Read Blocks": 0,
                                "Temp Written Blocks": 0,
                                "WAL Records": 0,
                                "WAL FPI": 0,
                                "WAL Bytes": 0,
                                "Plans": [
                                    {
                                        "Node Type": "Seq Scan",
                                        "Parent Relationship": "Outer",
                                        "Parallel Aware": true,
                                        "Async Capable": false,
                                        "Relation Name": "tests_benchmark_booltester015",
                                        "Schema": "public",
                                        "Alias": "tests_benchmark_booltester015",
                                        "Startup Cost": 0.0,
                                        "Total Cost": 105361.67,
                                        "Plan Rows": 32552,
                                        "Plan Width": 24,
                                        "Actual Startup Time": 0.025,
                                        "Actual Total Time": 267.448,
                                        "Actual Rows": 26137,
                                        "Actual Loops": 3,
                                        "Output": [
                                            "id",
                                            "flg_0",
                                            "flg_1",
                                            "flg_2",
                                            "flg_3",
                                            "flg_4",
                                            "flg_5",
                                            "flg_6",
                                            "flg_7",
                                            "flg_8",
                                            "flg_9",
                                            "flg_10",
                                            "flg_11",
                                            "flg_12",
                                            "flg_13",
                                            "flg_14",
                                            "flg_15"
                                        ],
                                        "Filter": "(tests_benchmark_booltester015.flg_0 AND tests_benchmark_booltester015.flg_1 AND tests_benchmark_booltester015.flg_2 AND tests_benchmark_booltester015.flg_3 AND tests_benchmark_booltester015.flg_7 AND tests_benchmark_booltester015.flg_13 AND tests_benchmark_booltester015.flg_14)",
                                        "Rows Removed by Filter": 3307196,
                                        "Shared Hit Blocks": 4768,
                                        "Shared Read Blocks": 58927,
                                        "Shared Dirtied Blocks": 0,
                                        "Shared Written Blocks": 0,
                                        "Local Hit Blocks": 0,
                                        "Local Read Blocks": 0,
                                        "Local Dirtied Blocks": 0,
                                        "Local Written Blocks": 0,
                                        "Temp Read Blocks": 0,
                                        "Temp Written Blocks": 0,
                                        "WAL Records": 0,
                                        "WAL FPI": 0,
                                        "WAL Bytes": 0,
                                        "Workers": [
                                            {
                                                "Worker Number": 0,
                                                "Actual Startup Time": 0.035,
                                                "Actual Total Time": 267.679,
                                                "Actual Rows": 26270,
                                                "Actual Loops": 1,
                                                "Shared Hit Blocks": 1548,
                                                "Shared Read Blocks": 19776,
                                                "Shared Dirtied Blocks": 0,
                                                "Shared Written Blocks": 0,
                                                "Local Hit Blocks": 0,
                                                "Local Read Blocks": 0,
                                                "Local Dirtied Blocks": 0,
                                                "Local Written Blocks": 0,
                                                "Temp Read Blocks": 0,
                                                "Temp Written Blocks": 0,
                                                "WAL Records": 0,
                                                "WAL FPI": 0,
                                                "WAL Bytes": 0
                                            },
                                            {
                                                "Worker Number": 1,
                                                "Actual Startup Time": 0.023,
                                                "Actual Total Time": 267.938,
                                                "Actual Rows": 25854,
                                                "Actual Loops": 1,
                                                "Shared Hit Blocks": 1554,
                                                "Shared Read Blocks": 19424,
                                                "Shared Dirtied Blocks": 0,
                                                "Shared Written Blocks": 0,
                                                "Local Hit Blocks": 0,
                                                "Local Read Blocks": 0,
                                                "Local Dirtied Blocks": 0,
                                                "Local Written Blocks": 0,
                                                "Temp Read Blocks": 0,
                                                "Temp Written Blocks": 0,
                                                "WAL Records": 0,
                                                "WAL FPI": 0,
                                                "WAL Bytes": 0
                                            }
                                        ]
                                    }
                                ]
                            },
                            "Settings": {},
                            "Planning": {
                                "Shared Hit Blocks": 0,
                                "Shared Read Blocks": 0,
                                "Shared Dirtied Blocks": 0,
                                "Shared Written Blocks": 0,
                                "Local Hit Blocks": 0,
                                "Local Read Blocks": 0,
                                "Local Dirtied Blocks": 0,
                                "Local Written Blocks": 0,
                                "Temp Read Blocks": 0,
                                "Temp Written Blocks": 0
                            },
                            "Planning Time": 0.039,
                            "Triggers": [],
                            "Execution Time": 276.464
                        },
                        "any_explanation": {
                            "Plan": {
                                "Node Type": "Seq Scan",
                                "Parallel Aware": false,
                                "Async Capable": false,
                                "Relation Name": "tests_benchmark_booltester015",
                                "Schema": "public",
                                "Alias": "tests_benchmark_booltester015",
                                "Startup Cost": 0.0,
                                "Total Cost": 163695.01,
                                "Plan Rows": 9921876,
                                "Plan Width": 24,
                                "Actual Startup Time": 0.02,
                                "Actual Total Time": 847.93,
                                "Actual Rows": 9921949,
                                "Actual Loops": 1,
                                "Output": [
                                    "id",
                                    "flg_0",
                                    "flg_1",
                                    "flg_2",
                                    "flg_3",
                                    "flg_4",
                                    "flg_5",
                                    "flg_6",
                                    "flg_7",
                                    "flg_8",
                                    "flg_9",
                                    "flg_10",
                                    "flg_11",
                                    "flg_12",
                                    "flg_13",
                                    "flg_14",
                                    "flg_15"
                                ],
                                "Filter": "(tests_benchmark_booltester015.flg_0 OR tests_benchmark_booltester015.flg_1 OR tests_benchmark_booltester015.flg_2 OR tests_benchmark_booltester015.flg_3 OR tests_benchmark_booltester015.flg_7 OR tests_benchmark_booltester015.flg_13 OR tests_benchmark_booltester015.flg_14)",
                                "Rows Removed by Filter": 78052,
                                "Shared Hit Blocks": 4960,
                                "Shared Read Blocks": 58735,
                                "Shared Dirtied Blocks": 0,
                                "Shared Written Blocks": 0,
                                "Local Hit Blocks": 0,
                                "Local Read Blocks": 0,
                                "Local Dirtied Blocks": 0,
                                "Local Written Blocks": 0,
                                "Temp Read Blocks": 0,
                                "Temp Written Blocks": 0,
                                "WAL Records": 0,
                                "WAL FPI": 0,
                                "WAL Bytes": 0
                            },
                            "Settings": {},
                            "Planning": {
                                "Shared Hit Blocks": 0,
                                "Shared Read Blocks": 0,
                                "Shared Dirtied Blocks": 0,
                                "Shared Written Blocks": 0,
                                "Local Hit Blocks": 0,
                                "Local Read Blocks": 0,
                                "Local Dirtied Blocks": 0,
                                "Local Written Blocks": 0,
                                "Temp Read Blocks": 0,
                                "Temp Written Blocks": 0
                            },
                            "Planning Time": 0.036,
                            "Triggers": [],
                            "Execution Time": 1050.104
                        },
                        "exact_explanation": {
                            "Plan": {
                                "Node Type": "Gather",
                                "Parallel Aware": false,
                                "Async Capable": false,
                                "Startup Cost": 1000.0,
                                "Total Cost": 106376.97,
                                "Plan Rows": 153,
                                "Plan Width": 24,
                                "Actual Startup Time": 3.697,
                                "Actual Total Time": 274.374,
                                "Actual Rows": 152,
                                "Actual Loops": 1,
                                "Output": [
                                    "id",
                                    "flg_0",
                                    "flg_1",
                                    "flg_2",
                                    "flg_3",
                                    "flg_4",
                                    "flg_5",
                                    "flg_6",
                                    "flg_7",
                                    "flg_8",
                                    "flg_9",
                                    "flg_10",
                                    "flg_11",
                                    "flg_12",
                                    "flg_13",
                                    "flg_14",
                                    "flg_15"
                                ],
                                "Workers Planned": 2,
                                "Workers Launched": 2,
                                "Single Copy": false,
                                "Shared Hit Blocks": 5088,
                                "Shared Read Blocks": 58607,
                                "Shared Dirtied Blocks": 0,
                                "Shared Written Blocks": 0,
                                "Local Hit Blocks": 0,
                                "Local Read Blocks": 0,
                                "Local Dirtied Blocks": 0,
                                "Local Written Blocks": 0,
                                "Temp Read Blocks": 0,
                                "Temp Written Blocks": 0,
                                "WAL Records": 0,
                                "WAL FPI": 0,
                                "WAL Bytes": 0,
                                "Plans": [
                                    {
                                        "Node Type": "Seq Scan",
                                        "Parent Relationship": "Outer",
                                        "Parallel Aware": true,
                                        "Async Capable": false,
                                        "Relation Name": "tests_benchmark_booltester015",
                                        "Schema": "public",
                                        "Alias": "tests_benchmark_booltester015",
                                        "Startup Cost": 0.0,
                                        "Total Cost": 105361.67,
                                        "Plan Rows": 64,
                                        "Plan Width": 24,
                                        "Actual Startup Time": 3.894,
                                        "Actual Total Time": 271.676,
                                        "Actual Rows": 51,
                                        "Actual Loops": 3,
                                        "Output": [
                                            "id",
                                            "flg_0",
                                            "flg_1",
                                            "flg_2",
                                            "flg_3",
                                            "flg_4",
                                            "flg_5",
                                            "flg_6",
                                            "flg_7",
                                            "flg_8",
                                            "flg_9",
                                            "flg_10",
                                            "flg_11",
                                            "flg_12",
                                            "flg_13",
                                            "flg_14",
                                            "flg_15"
                                        ],
                                        "Filter": "(tests_benchmark_booltester015.flg_0 AND tests_benchmark_booltester015.flg_1 AND tests_benchmark_booltester015.flg_2 AND tests_benchmark_booltester015.flg_3 AND (NOT tests_benchmark_booltester015.flg_4) AND (NOT tests_benchmark_booltester015.flg_5) AND (NOT tests_benchmark_booltester015.flg_6) AND tests_benchmark_booltester015.flg_7 AND (NOT tests_benchmark_booltester015.flg_8) AND (NOT tests_benchmark_booltester015.flg_9) AND (NOT tests_benchmark_booltester015.flg_10) AND (NOT tests_benchmark_booltester015.flg_11) AND (NOT tests_benchmark_booltester015.flg_12) AND tests_benchmark_booltester015.flg_13 AND tests_benchmark_booltester015.flg_14 AND (NOT tests_benchmark_booltester015.flg_15))",
                                        "Rows Removed by Filter": 3333283,
                                        "Shared Hit Blocks": 5088,
                                        "Shared Read Blocks": 58607,
                                        "Shared Dirtied Blocks": 0,
                                        "Shared Written Blocks": 0,
                                        "Local Hit Blocks": 0,
                                        "Local Read Blocks": 0,
                                        "Local Dirtied Blocks": 0,
                                        "Local Written Blocks": 0,
                                        "Temp Read Blocks": 0,
                                        "Temp Written Blocks": 0,
                                        "WAL Records": 0,
                                        "WAL FPI": 0,
                                        "WAL Bytes": 0,
                                        "Workers": [
                                            {
                                                "Worker Number": 0,
                                                "Actual Startup Time": 4.169,
                                                "Actual Total Time": 270.944,
                                                "Actual Rows": 39,
                                                "Actual Loops": 1,
                                                "Shared Hit Blocks": 1673,
                                                "Shared Read Blocks": 19488,
                                                "Shared Dirtied Blocks": 0,
                                                "Shared Written Blocks": 0,
                                                "Local Hit Blocks": 0,
                                                "Local Read Blocks": 0,
                                                "Local Dirtied Blocks": 0,
                                                "Local Written Blocks": 0,
                                                "Temp Read Blocks": 0,
                                                "Temp Written Blocks": 0,
                                                "WAL Records": 0,
                                                "WAL FPI": 0,
                                                "WAL Bytes": 0
                                            },
                                            {
                                                "Worker Number": 1,
                                                "Actual Startup Time": 3.924,
                                                "Actual Total Time": 270.833,
                                                "Actual Rows": 51,
                                                "Actual Loops": 1,
                                                "Shared Hit Blocks": 1645,
                                                "Shared Read Blocks": 19439,
                                                "Shared Dirtied Blocks": 0,
                                                "Shared Written Blocks": 0,
                                                "Local Hit Blocks": 0,
                                                "Local Read Blocks": 0,
                                                "Local Dirtied Blocks": 0,
                                                "Local Written Blocks": 0,
                                                "Temp Read Blocks": 0,
                                                "Temp Written Blocks": 0,
                                                "WAL Records": 0,
                                                "WAL FPI": 0,
                                                "WAL Bytes": 0
                                            }
                                        ]
                                    }
                                ]
                            },
                            "Settings": {},
                            "Planning": {
                                "Shared Hit Blocks": 0,
                                "Shared Read Blocks": 0,
                                "Shared Dirtied Blocks": 0,
                                "Shared Written Blocks": 0,
                                "Local Hit Blocks": 0,
                                "Local Read Blocks": 0,
                                "Local Dirtied Blocks": 0,
                                "Local Written Blocks": 0,
                                "Temp Read Blocks": 0,
                                "Temp Written Blocks": 0
                            },
                            "Planning Time": 0.105,
                            "Triggers": [],
                            "Execution Time": 274.417
                        },
                        "all_ftr_time": 0.27874400000000005,
                        "any_ftr_time": 1.0437945,
                        "exact_ftr_time": 0.2844749
                    },
                    "20000000": {
                        "all_time": 0.7431425333954393,
                        "any_time": 2.6952872707974165,
                        "exact_time": 0.5728164000087418,
                        "table_size": 1493172224.0,
                        "index_time": 3.012490924447775e-05,
                        "all_explanation": {
                            "Plan": {
                                "Node Type": "Gather",
                                "Parallel Aware": false,
                                "Async Capable": false,
                                "Startup Cost": 1000.0,
                                "Total Cost": 242972.33,
                                "Plan Rows": 312500,
                                "Plan Width": 24,
                                "Actual Startup Time": 0.081,
                                "Actual Total Time": 564.511,
                                "Actual Rows": 313061,
                                "Actual Loops": 1,
                                "Output": [
                                    "id",
                                    "flg_0",
                                    "flg_1",
                                    "flg_2",
                                    "flg_3",
                                    "flg_4",
                                    "flg_5",
                                    "flg_6",
                                    "flg_7",
                                    "flg_8",
                                    "flg_9",
                                    "flg_10",
                                    "flg_11",
                                    "flg_12",
                                    "flg_13",
                                    "flg_14",
                                    "flg_15"
                                ],
                                "Workers Planned": 2,
                                "Workers Launched": 2,
                                "Single Copy": false,
                                "Shared Hit Blocks": 4672,
                                "Shared Read Blocks": 122717,
                                "Shared Dirtied Blocks": 0,
                                "Shared Written Blocks": 0,
                                "Local Hit Blocks": 0,
                                "Local Read Blocks": 0,
                                "Local Dirtied Blocks": 0,
                                "Local Written Blocks": 0,
                                "Temp Read Blocks": 0,
                                "Temp Written Blocks": 0,
                                "WAL Records": 0,
                                "WAL FPI": 0,
                                "WAL Bytes": 0,
                                "Plans": [
                                    {
                                        "Node Type": "Seq Scan",
                                        "Parent Relationship": "Outer",
                                        "Parallel Aware": true,
                                        "Async Capable": false,
                                        "Relation Name": "tests_benchmark_booltester015",
                                        "Schema": "public",
                                        "Alias": "tests_benchmark_booltester015",
                                        "Startup Cost": 0.0,
                                        "Total Cost": 210722.33,
                                        "Plan Rows": 130208,
                                        "Plan Width": 24,
                                        "Actual Startup Time": 0.026,
                                        "Actual Total Time": 542.332,
                                        "Actual Rows": 104354,
                                        "Actual Loops": 3,
                                        "Output": [
                                            "id",
                                            "flg_0",
                                            "flg_1",
                                            "flg_2",
                                            "flg_3",
                                            "flg_4",
                                            "flg_5",
                                            "flg_6",
                                            "flg_7",
                                            "flg_8",
                                            "flg_9",
                                            "flg_10",
                                            "flg_11",
                                            "flg_12",
                                            "flg_13",
                                            "flg_14",
                                            "flg_15"
                                        ],
                                        "Filter": "(tests_benchmark_booltester015.flg_5 AND tests_benchmark_booltester015.flg_6 AND tests_benchmark_booltester015.flg_9 AND tests_benchmark_booltester015.flg_12 AND tests_benchmark_booltester015.flg_13 AND tests_benchmark_booltester015.flg_14)",
                                        "Rows Removed by Filter": 6562313,
                                        "Shared Hit Blocks": 4672,
                                        "Shared Read Blocks": 122717,
                                        "Shared Dirtied Blocks": 0,
                                        "Shared Written Blocks": 0,
                                        "Local Hit Blocks": 0,
                                        "Local Read Blocks": 0,
                                        "Local Dirtied Blocks": 0,
                                        "Local Written Blocks": 0,
                                        "Temp Read Blocks": 0,
                                        "Temp Written Blocks": 0,
                                        "WAL Records": 0,
                                        "WAL FPI": 0,
                                        "WAL Bytes": 0,
                                        "Workers": [
                                            {
                                                "Worker Number": 0,
                                                "Actual Startup Time": 0.029,
                                                "Actual Total Time": 545.586,
                                                "Actual Rows": 104050,
                                                "Actual Loops": 1,
                                                "Shared Hit Blocks": 1562,
                                                "Shared Read Blocks": 40872,
                                                "Shared Dirtied Blocks": 0,
                                                "Shared Written Blocks": 0,
                                                "Local Hit Blocks": 0,
                                                "Local Read Blocks": 0,
                                                "Local Dirtied Blocks": 0,
                                                "Local Written Blocks": 0,
                                                "Temp Read Blocks": 0,
                                                "Temp Written Blocks": 0,
                                                "WAL Records": 0,
                                                "WAL FPI": 0,
                                                "WAL Bytes": 0
                                            },
                                            {
                                                "Worker Number": 1,
                                                "Actual Startup Time": 0.036,
                                                "Actual Total Time": 545.891,
                                                "Actual Rows": 105414,
                                                "Actual Loops": 1,
                                                "Shared Hit Blocks": 1520,
                                                "Shared Read Blocks": 41248,
                                                "Shared Dirtied Blocks": 0,
                                                "Shared Written Blocks": 0,
                                                "Local Hit Blocks": 0,
                                                "Local Read Blocks": 0,
                                                "Local Dirtied Blocks": 0,
                                                "Local Written Blocks": 0,
                                                "Temp Read Blocks": 0,
                                                "Temp Written Blocks": 0,
                                                "WAL Records": 0,
                                                "WAL FPI": 0,
                                                "WAL Bytes": 0
                                            }
                                        ]
                                    }
                                ]
                            },
                            "Settings": {},
                            "Planning": {
                                "Shared Hit Blocks": 0,
                                "Shared Read Blocks": 0,
                                "Shared Dirtied Blocks": 0,
                                "Shared Written Blocks": 0,
                                "Local Hit Blocks": 0,
                                "Local Read Blocks": 0,
                                "Local Dirtied Blocks": 0,
                                "Local Written Blocks": 0,
                                "Temp Read Blocks": 0,
                                "Temp Written Blocks": 0
                            },
                            "Planning Time": 0.036,
                            "Triggers": [],
                            "Execution Time": 571.48
                        },
                        "any_explanation": {
                            "Plan": {
                                "Node Type": "Seq Scan",
                                "Parallel Aware": false,
                                "Async Capable": false,
                                "Relation Name": "tests_benchmark_booltester015",
                                "Schema": "public",
                                "Alias": "tests_benchmark_booltester015",
                                "Startup Cost": 0.0,
                                "Total Cost": 327389.0,
                                "Plan Rows": 19687500,
                                "Plan Width": 24,
                                "Actual Startup Time": 0.024,
                                "Actual Total Time": 1707.532,
                                "Actual Rows": 19687152,
                                "Actual Loops": 1,
                                "Output": [
                                    "id",
                                    "flg_0",
                                    "flg_1",
                                    "flg_2",
                                    "flg_3",
                                    "flg_4",
                                    "flg_5",
                                    "flg_6",
                                    "flg_7",
                                    "flg_8",
                                    "flg_9",
                                    "flg_10",
                                    "flg_11",
                                    "flg_12",
                                    "flg_13",
                                    "flg_14",
                                    "flg_15"
                                ],
                                "Filter": "(tests_benchmark_booltester015.flg_5 OR tests_benchmark_booltester015.flg_6 OR tests_benchmark_booltester015.flg_9 OR tests_benchmark_booltester015.flg_12 OR tests_benchmark_booltester015.flg_13 OR tests_benchmark_booltester015.flg_14)",
                                "Rows Removed by Filter": 312849,
                                "Shared Hit Blocks": 4864,
                                "Shared Read Blocks": 122525,
                                "Shared Dirtied Blocks": 0,
                                "Shared Written Blocks": 0,
                                "Local Hit Blocks": 0,
                                "Local Read Blocks": 0,
                                "Local Dirtied Blocks": 0,
                                "Local Written Blocks": 0,
                                "Temp Read Blocks": 0,
                                "Temp Written Blocks": 0,
                                "WAL Records": 0,
                                "WAL FPI": 0,
                                "WAL Bytes": 0
                            },
                            "Settings": {},
                            "Planning": {
                                "Shared Hit Blocks": 0,
                                "Shared Read Blocks": 0,
                                "Shared Dirtied Blocks": 0,
                                "Shared Written Blocks": 0,
                                "Local Hit Blocks": 0,
                                "Local Read Blocks": 0,
                                "Local Dirtied Blocks": 0,
                                "Local Written Blocks": 0,
                                "Temp Read Blocks": 0,
                                "Temp Written Blocks": 0
                            },
                            "Planning Time": 0.034,
                            "Triggers": [],
                            "Execution Time": 2108.81
                        },
                        "exact_explanation": {
                            "Plan": {
                                "Node Type": "Gather",
                                "Parallel Aware": false,
                                "Async Capable": false,
                                "Startup Cost": 1000.0,
                                "Total Cost": 211752.83,
                                "Plan Rows": 305,
                                "Plan Width": 24,
                                "Actual Startup Time": 2.134,
                                "Actual Total Time": 572.953,
                                "Actual Rows": 305,
                                "Actual Loops": 1,
                                "Output": [
                                    "id",
                                    "flg_0",
                                    "flg_1",
                                    "flg_2",
                                    "flg_3",
                                    "flg_4",
                                    "flg_5",
                                    "flg_6",
                                    "flg_7",
                                    "flg_8",
                                    "flg_9",
                                    "flg_10",
                                    "flg_11",
                                    "flg_12",
                                    "flg_13",
                                    "flg_14",
                                    "flg_15"
                                ],
                                "Workers Planned": 2,
                                "Workers Launched": 2,
                                "Single Copy": false,
                                "Shared Hit Blocks": 4992,
                                "Shared Read Blocks": 122397,
                                "Shared Dirtied Blocks": 0,
                                "Shared Written Blocks": 0,
                                "Local Hit Blocks": 0,
                                "Local Read Blocks": 0,
                                "Local Dirtied Blocks": 0,
                                "Local Written Blocks": 0,
                                "Temp Read Blocks": 0,
                                "Temp Written Blocks": 0,
                                "WAL Records": 0,
                                "WAL FPI": 0,
                                "WAL Bytes": 0,
                                "Plans": [
                                    {
                                        "Node Type": "Seq Scan",
                                        "Parent Relationship": "Outer",
                                        "Parallel Aware": true,
                                        "Async Capable": false,
                                        "Relation Name": "tests_benchmark_booltester015",
                                        "Schema": "public",
                                        "Alias": "tests_benchmark_booltester015",
                                        "Startup Cost": 0.0,
                                        "Total Cost": 210722.33,
                                        "Plan Rows": 127,
                                        "Plan Width": 24,
                                        "Actual Startup Time": 6.954,
                                        "Actual Total Time": 570.633,
                                        "Actual Rows": 102,
                                        "Actual Loops": 3,
                                        "Output": [
                                            "id",
                                            "flg_0",
                                            "flg_1",
                                            "flg_2",
                                            "flg_3",
                                            "flg_4",
                                            "flg_5",
                                            "flg_6",
                                            "flg_7",
                                            "flg_8",
                                            "flg_9",
                                            "flg_10",
                                            "flg_11",
                                            "flg_12",
                                            "flg_13",
                                            "flg_14",
                                            "flg_15"
                                        ],
                                        "Filter": "((NOT tests_benchmark_booltester015.flg_0) AND (NOT tests_benchmark_booltester015.flg_1) AND (NOT tests_benchmark_booltester015.flg_2) AND (NOT tests_benchmark_booltester015.flg_3) AND (NOT tests_benchmark_booltester015.flg_4) AND tests_benchmark_booltester015.flg_5 AND tests_benchmark_booltester015.flg_6 AND (NOT tests_benchmark_booltester015.flg_7) AND (NOT tests_benchmark_booltester015.flg_8) AND tests_benchmark_booltester015.flg_9 AND (NOT tests_benchmark_booltester015.flg_10) AND (NOT tests_benchmark_booltester015.flg_11) AND tests_benchmark_booltester015.flg_12 AND tests_benchmark_booltester015.flg_13 AND tests_benchmark_booltester015.flg_14 AND (NOT tests_benchmark_booltester015.flg_15))",
                                        "Rows Removed by Filter": 6666565,
                                        "Shared Hit Blocks": 4992,
                                        "Shared Read Blocks": 122397,
                                        "Shared Dirtied Blocks": 0,
                                        "Shared Written Blocks": 0,
                                        "Local Hit Blocks": 0,
                                        "Local Read Blocks": 0,
                                        "Local Dirtied Blocks": 0,
                                        "Local Written Blocks": 0,
                                        "Temp Read Blocks": 0,
                                        "Temp Written Blocks": 0,
                                        "WAL Records": 0,
                                        "WAL FPI": 0,
                                        "WAL Bytes": 0,
                                        "Workers": [
                                            {
                                                "Worker Number": 0,
                                                "Actual Startup Time": 16.73,
                                                "Actual Total Time": 569.96,
                                                "Actual Rows": 104,
                                                "Actual Loops": 1,
                                                "Shared Hit Blocks": 1674,
                                                "Shared Read Blocks": 40640,
                                                "Shared Dirtied Blocks": 0,
                                                "Shared Written Blocks": 0,
                                                "Local Hit Blocks": 0,
                                                "Local Read Blocks": 0,
                                                "Local Dirtied Blocks": 0,
                                                "Local Written Blocks": 0,
                                                "Temp Read Blocks": 0,
                                                "Temp Written Blocks": 0,
                                                "WAL Records": 0,
                                                "WAL FPI": 0,
                                                "WAL Bytes": 0
                                            },
                                            {
                                                "Worker Number": 1,
                                                "Actual Startup Time": 2.07,
                                                "Actual Total Time": 570.021,
                                                "Actual Rows": 100,
                                                "Actual Loops": 1,
                                                "Shared Hit Blocks": 1615,
                                                "Shared Read Blocks": 40768,
                                                "Shared Dirtied Blocks": 0,
                                                "Shared Written Blocks": 0,
                                                "Local Hit Blocks": 0,
                                                "Local Read Blocks": 0,
                                                "Local Dirtied Blocks": 0,
                                                "Local Written Blocks": 0,
                                                "Temp Read Blocks": 0,
                                                "Temp Written Blocks": 0,
                                                "WAL Records": 0,
                                                "WAL FPI": 0,
                                                "WAL Bytes": 0
                                            }
                                        ]
                                    }
                                ]
                            },
                            "Settings": {},
                            "Planning": {
                                "Shared Hit Blocks": 0,
                                "Shared Read Blocks": 0,
                                "Shared Dirtied Blocks": 0,
                                "Shared Written Blocks": 0,
                                "Local Hit Blocks": 0,
                                "Local Read Blocks": 0,
                                "Local Dirtied Blocks": 0,
                                "Local Written Blocks": 0,
                                "Temp Read Blocks": 0,
                                "Temp Written Blocks": 0
                            },
                            "Planning Time": 0.04,
                            "Triggers": [],
                            "Execution Time": 572.995
                        },
                        "all_ftr_time": 0.7465155000000001,
                        "any_ftr_time": 2.0643887000000003,
                        "exact_ftr_time": 0.5699426
                    },
                    "40000000": {
                        "all_time": 1.3809141333797015,
                        "any_time": 5.892155795625877,
                        "exact_time": 1.2308840958052314,
                        "table_size": 2985295872.0,
                        "index_time": 1.6915961168706417e-05,
                        "all_explanation": {
                            "Plan": {
                                "Node Type": "Gather",
                                "Parallel Aware": false,
                                "Async Capable": false,
                                "Startup Cost": 1000.0,
                                "Total Cost": 426337.47,
                                "Plan Rows": 38928,
                                "Plan Width": 24,
                                "Actual Startup Time": 0.237,
                                "Actual Total Time": 1103.208,
                                "Actual Rows": 38514,
                                "Actual Loops": 1,
                                "Output": [
                                    "id",
                                    "flg_0",
                                    "flg_1",
                                    "flg_2",
                                    "flg_3",
                                    "flg_4",
                                    "flg_5",
                                    "flg_6",
                                    "flg_7",
                                    "flg_8",
                                    "flg_9",
                                    "flg_10",
                                    "flg_11",
                                    "flg_12",
                                    "flg_13",
                                    "flg_14",
                                    "flg_15"
                                ],
                                "Workers Planned": 2,
                                "Workers Launched": 2,
                                "Single Copy": false,
                                "Shared Hit Blocks": 4736,
                                "Shared Read Blocks": 250042,
                                "Shared Dirtied Blocks": 0,
                                "Shared Written Blocks": 0,
                                "Local Hit Blocks": 0,
                                "Local Read Blocks": 0,
                                "Local Dirtied Blocks": 0,
                                "Local Written Blocks": 0,
                                "Temp Read Blocks": 0,
                                "Temp Written Blocks": 0,
                                "WAL Records": 0,
                                "WAL FPI": 0,
                                "WAL Bytes": 0,
                                "Plans": [
                                    {
                                        "Node Type": "Seq Scan",
                                        "Parent Relationship": "Outer",
                                        "Parallel Aware": true,
                                        "Async Capable": false,
                                        "Relation Name": "tests_benchmark_booltester015",
                                        "Schema": "public",
                                        "Alias": "tests_benchmark_booltester015",
                                        "Startup Cost": 0.0,
                                        "Total Cost": 421444.67,
                                        "Plan Rows": 16220,
                                        "Plan Width": 24,
                                        "Actual Startup Time": 0.099,
                                        "Actual Total Time": 1097.578,
                                        "Actual Rows": 12838,
                                        "Actual Loops": 3,
                                        "Output": [
                                            "id",
                                            "flg_0",
                                            "flg_1",
                                            "flg_2",
                                            "flg_3",
                                            "flg_4",
                                            "flg_5",
                                            "flg_6",
                                            "flg_7",
                                            "flg_8",
                                            "flg_9",
                                            "flg_10",
                                            "flg_11",
                                            "flg_12",
                                            "flg_13",
                                            "flg_14",
                                            "flg_15"
                                        ],
                                        "Filter": "(tests_benchmark_booltester015.flg_0 AND tests_benchmark_booltester015.flg_1 AND tests_benchmark_booltester015.flg_3 AND tests_benchmark_booltester015.flg_4 AND tests_benchmark_booltester015.flg_5 AND tests_benchmark_booltester015.flg_9 AND tests_benchmark_booltester015.flg_10 AND tests_benchmark_booltester015.flg_12 AND tests_benchmark_booltester015.flg_14 AND tests_benchmark_booltester015.flg_15)",
                                        "Rows Removed by Filter": 13320496,
                                        "Shared Hit Blocks": 4736,
                                        "Shared Read Blocks": 250042,
                                        "Shared Dirtied Blocks": 0,
                                        "Shared Written Blocks": 0,
                                        "Local Hit Blocks": 0,
                                        "Local Read Blocks": 0,
                                        "Local Dirtied Blocks": 0,
                                        "Local Written Blocks": 0,
                                        "Temp Read Blocks": 0,
                                        "Temp Written Blocks": 0,
                                        "WAL Records": 0,
                                        "WAL FPI": 0,
                                        "WAL Bytes": 0,
                                        "Workers": [
                                            {
                                                "Worker Number": 0,
                                                "Actual Startup Time": 0.077,
                                                "Actual Total Time": 1097.071,
                                                "Actual Rows": 12853,
                                                "Actual Loops": 1,
                                                "Shared Hit Blocks": 1580,
                                                "Shared Read Blocks": 83232,
                                                "Shared Dirtied Blocks": 0,
                                                "Shared Written Blocks": 0,
                                                "Local Hit Blocks": 0,
                                                "Local Read Blocks": 0,
                                                "Local Dirtied Blocks": 0,
                                                "Local Written Blocks": 0,
                                                "Temp Read Blocks": 0,
                                                "Temp Written Blocks": 0,
                                                "WAL Records": 0,
                                                "WAL FPI": 0,
                                                "WAL Bytes": 0
                                            },
                                            {
                                                "Worker Number": 1,
                                                "Actual Startup Time": 0.083,
                                                "Actual Total Time": 1097.332,
                                                "Actual Rows": 12950,
                                                "Actual Loops": 1,
                                                "Shared Hit Blocks": 1523,
                                                "Shared Read Blocks": 83226,
                                                "Shared Dirtied Blocks": 0,
                                                "Shared Written Blocks": 0,
                                                "Local Hit Blocks": 0,
                                                "Local Read Blocks": 0,
                                                "Local Dirtied Blocks": 0,
                                                "Local Written Blocks": 0,
                                                "Temp Read Blocks": 0,
                                                "Temp Written Blocks": 0,
                                                "WAL Records": 0,
                                                "WAL FPI": 0,
                                                "WAL Bytes": 0
                                            }
                                        ]
                                    }
                                ]
                            },
                            "Settings": {},
                            "Planning": {
                                "Shared Hit Blocks": 0,
                                "Shared Read Blocks": 0,
                                "Shared Dirtied Blocks": 0,
                                "Shared Written Blocks": 0,
                                "Local Hit Blocks": 0,
                                "Local Read Blocks": 0,
                                "Local Dirtied Blocks": 0,
                                "Local Written Blocks": 0,
                                "Temp Read Blocks": 0,
                                "Temp Written Blocks": 0
                            },
                            "Planning Time": 0.045,
                            "Triggers": [],
                            "Execution Time": 1104.133
                        },
                        "any_explanation": {
                            "Plan": {
                                "Node Type": "Seq Scan",
                                "Parallel Aware": false,
                                "Async Capable": false,
                                "Relation Name": "tests_benchmark_booltester015",
                                "Schema": "public",
                                "Alias": "tests_benchmark_booltester015",
                                "Startup Cost": 0.0,
                                "Total Cost": 654778.0,
                                "Plan Rows": 39960811,
                                "Plan Width": 24,
                                "Actual Startup Time": 0.032,
                                "Actual Total Time": 3507.569,
                                "Actual Rows": 39960881,
                                "Actual Loops": 1,
                                "Output": [
                                    "id",
                                    "flg_0",
                                    "flg_1",
                                    "flg_2",
                                    "flg_3",
                                    "flg_4",
                                    "flg_5",
                                    "flg_6",
                                    "flg_7",
                                    "flg_8",
                                    "flg_9",
                                    "flg_10",
                                    "flg_11",
                                    "flg_12",
                                    "flg_13",
                                    "flg_14",
                                    "flg_15"
                                ],
                                "Filter": "(tests_benchmark_booltester015.flg_0 OR tests_benchmark_booltester015.flg_1 OR tests_benchmark_booltester015.flg_3 OR tests_benchmark_booltester015.flg_4 OR tests_benchmark_booltester015.flg_5 OR tests_benchmark_booltester015.flg_9 OR tests_benchmark_booltester015.flg_10 OR tests_benchmark_booltester015.flg_12 OR tests_benchmark_booltester015.flg_14 OR tests_benchmark_booltester015.flg_15)",
                                "Rows Removed by Filter": 39120,
                                "Shared Hit Blocks": 4933,
                                "Shared Read Blocks": 249845,
                                "Shared Dirtied Blocks": 0,
                                "Shared Written Blocks": 0,
                                "Local Hit Blocks": 0,
                                "Local Read Blocks": 0,
                                "Local Dirtied Blocks": 0,
                                "Local Written Blocks": 0,
                                "Temp Read Blocks": 0,
                                "Temp Written Blocks": 0,
                                "WAL Records": 0,
                                "WAL FPI": 0,
                                "WAL Bytes": 0
                            },
                            "Settings": {},
                            "Planning": {
                                "Shared Hit Blocks": 0,
                                "Shared Read Blocks": 0,
                                "Shared Dirtied Blocks": 0,
                                "Shared Written Blocks": 0,
                                "Local Hit Blocks": 0,
                                "Local Read Blocks": 0,
                                "Local Dirtied Blocks": 0,
                                "Local Written Blocks": 0,
                                "Temp Read Blocks": 0,
                                "Temp Written Blocks": 0
                            },
                            "Planning Time": 0.074,
                            "Triggers": [],
                            "Execution Time": 4325.344
                        },
                        "exact_explanation": {
                            "Plan": {
                                "Node Type": "Gather",
                                "Parallel Aware": false,
                                "Async Capable": false,
                                "Startup Cost": 1000.0,
                                "Total Cost": 422505.57,
                                "Plan Rows": 609,
                                "Plan Width": 24,
                                "Actual Startup Time": 13.252,
                                "Actual Total Time": 1117.675,
                                "Actual Rows": 592,
                                "Actual Loops": 1,
                                "Output": [
                                    "id",
                                    "flg_0",
                                    "flg_1",
                                    "flg_2",
                                    "flg_3",
                                    "flg_4",
                                    "flg_5",
                                    "flg_6",
                                    "flg_7",
                                    "flg_8",
                                    "flg_9",
                                    "flg_10",
                                    "flg_11",
                                    "flg_12",
                                    "flg_13",
                                    "flg_14",
                                    "flg_15"
                                ],
                                "Workers Planned": 2,
                                "Workers Launched": 2,
                                "Single Copy": false,
                                "Shared Hit Blocks": 5056,
                                "Shared Read Blocks": 249722,
                                "Shared Dirtied Blocks": 0,
                                "Shared Written Blocks": 0,
                                "Local Hit Blocks": 0,
                                "Local Read Blocks": 0,
                                "Local Dirtied Blocks": 0,
                                "Local Written Blocks": 0,
                                "Temp Read Blocks": 0,
                                "Temp Written Blocks": 0,
                                "WAL Records": 0,
                                "WAL FPI": 0,
                                "WAL Bytes": 0,
                                "Plans": [
                                    {
                                        "Node Type": "Seq Scan",
                                        "Parent Relationship": "Outer",
                                        "Parallel Aware": true,
                                        "Async Capable": false,
                                        "Relation Name": "tests_benchmark_booltester015",
                                        "Schema": "public",
                                        "Alias": "tests_benchmark_booltester015",
                                        "Startup Cost": 0.0,
                                        "Total Cost": 421444.67,
                                        "Plan Rows": 254,
                                        "Plan Width": 24,
                                        "Actual Startup Time": 8.394,
                                        "Actual Total Time": 1114.616,
                                        "Actual Rows": 197,
                                        "Actual Loops": 3,
                                        "Output": [
                                            "id",
                                            "flg_0",
                                            "flg_1",
                                            "flg_2",
                                            "flg_3",
                                            "flg_4",
                                            "flg_5",
                                            "flg_6",
                                            "flg_7",
                                            "flg_8",
                                            "flg_9",
                                            "flg_10",
                                            "flg_11",
                                            "flg_12",
                                            "flg_13",
                                            "flg_14",
                                            "flg_15"
                                        ],
                                        "Filter": "(tests_benchmark_booltester015.flg_0 AND tests_benchmark_booltester015.flg_1 AND (NOT tests_benchmark_booltester015.flg_2) AND tests_benchmark_booltester015.flg_3 AND tests_benchmark_booltester015.flg_4 AND tests_benchmark_booltester015.flg_5 AND (NOT tests_benchmark_booltester015.flg_6) AND (NOT tests_benchmark_booltester015.flg_7) AND (NOT tests_benchmark_booltester015.flg_8) AND tests_benchmark_booltester015.flg_9 AND tests_benchmark_booltester015.flg_10 AND (NOT tests_benchmark_booltester015.flg_11) AND tests_benchmark_booltester015.flg_12 AND (NOT tests_benchmark_booltester015.flg_13) AND tests_benchmark_booltester015.flg_14 AND tests_benchmark_booltester015.flg_15)",
                                        "Rows Removed by Filter": 13333136,
                                        "Shared Hit Blocks": 5056,
                                        "Shared Read Blocks": 249722,
                                        "Shared Dirtied Blocks": 0,
                                        "Shared Written Blocks": 0,
                                        "Local Hit Blocks": 0,
                                        "Local Read Blocks": 0,
                                        "Local Dirtied Blocks": 0,
                                        "Local Written Blocks": 0,
                                        "Temp Read Blocks": 0,
                                        "Temp Written Blocks": 0,
                                        "WAL Records": 0,
                                        "WAL FPI": 0,
                                        "WAL Bytes": 0,
                                        "Workers": [
                                            {
                                                "Worker Number": 0,
                                                "Actual Startup Time": 7.613,
                                                "Actual Total Time": 1113.682,
                                                "Actual Rows": 205,
                                                "Actual Loops": 1,
                                                "Shared Hit Blocks": 1628,
                                                "Shared Read Blocks": 83258,
                                                "Shared Dirtied Blocks": 0,
                                                "Shared Written Blocks": 0,
                                                "Local Hit Blocks": 0,
                                                "Local Read Blocks": 0,
                                                "Local Dirtied Blocks": 0,
                                                "Local Written Blocks": 0,
                                                "Temp Read Blocks": 0,
                                                "Temp Written Blocks": 0,
                                                "WAL Records": 0,
                                                "WAL FPI": 0,
                                                "WAL Bytes": 0
                                            },
                                            {
                                                "Worker Number": 1,
                                                "Actual Startup Time": 4.395,
                                                "Actual Total Time": 1113.674,
                                                "Actual Rows": 192,
                                                "Actual Loops": 1,
                                                "Shared Hit Blocks": 1670,
                                                "Shared Read Blocks": 83072,
                                                "Shared Dirtied Blocks": 0,
                                                "Shared Written Blocks": 0,
                                                "Local Hit Blocks": 0,
                                                "Local Read Blocks": 0,
                                                "Local Dirtied Blocks": 0,
                                                "Local Written Blocks": 0,
                                                "Temp Read Blocks": 0,
                                                "Temp Written Blocks": 0,
                                                "WAL Records": 0,
                                                "WAL FPI": 0,
                                                "WAL Bytes": 0
                                            }
                                        ]
                                    }
                                ]
                            },
                            "Settings": {},
                            "Planning": {
                                "Shared Hit Blocks": 0,
                                "Shared Read Blocks": 0,
                                "Shared Dirtied Blocks": 0,
                                "Shared Written Blocks": 0,
                                "Local Hit Blocks": 0,
                                "Local Read Blocks": 0,
                                "Local Dirtied Blocks": 0,
                                "Local Written Blocks": 0,
                                "Temp Read Blocks": 0,
                                "Temp Written Blocks": 0
                            },
                            "Planning Time": 0.045,
                            "Triggers": [],
                            "Execution Time": 1117.728
                        },
                        "all_ftr_time": 1.6654980000000004,
                        "any_ftr_time": 4.298386499999999,
                        "exact_ftr_time": 1.1965307
                    },
                    "60000000": {
                        "all_time": 3.679290037578903,
                        "any_time": 10.807197666610591,
                        "exact_time": 3.3624243584112263,
                        "table_size": 4478468096.0,
                        "index_time": 3.033294342458248e-05,
                        "all_explanation": {
                            "Plan": {
                                "Node Type": "Gather",
                                "Parallel Aware": false,
                                "Async Capable": false,
                                "Startup Cost": 1000.0,
                                "Total Cost": 644870.0,
                                "Plan Rows": 117040,
                                "Plan Width": 24,
                                "Actual Startup Time": 0.309,
                                "Actual Total Time": 2986.958,
                                "Actual Rows": 116915,
                                "Actual Loops": 1,
                                "Output": [
                                    "id",
                                    "flg_0",
                                    "flg_1",
                                    "flg_2",
                                    "flg_3",
                                    "flg_4",
                                    "flg_5",
                                    "flg_6",
                                    "flg_7",
                                    "flg_8",
                                    "flg_9",
                                    "flg_10",
                                    "flg_11",
                                    "flg_12",
                                    "flg_13",
                                    "flg_14",
                                    "flg_15"
                                ],
                                "Workers Planned": 2,
                                "Workers Launched": 2,
                                "Single Copy": false,
                                "Shared Hit Blocks": 4801,
                                "Shared Read Blocks": 377365,
                                "Shared Dirtied Blocks": 0,
                                "Shared Written Blocks": 0,
                                "Local Hit Blocks": 0,
                                "Local Read Blocks": 0,
                                "Local Dirtied Blocks": 0,
                                "Local Written Blocks": 0,
                                "Temp Read Blocks": 0,
                                "Temp Written Blocks": 0,
                                "WAL Records": 0,
                                "WAL FPI": 0,
                                "WAL Bytes": 0,
                                "Plans": [
                                    {
                                        "Node Type": "Seq Scan",
                                        "Parent Relationship": "Outer",
                                        "Parallel Aware": true,
                                        "Async Capable": false,
                                        "Relation Name": "tests_benchmark_booltester015",
                                        "Schema": "public",
                                        "Alias": "tests_benchmark_booltester015",
                                        "Startup Cost": 0.0,
                                        "Total Cost": 632166.0,
                                        "Plan Rows": 48767,
                                        "Plan Width": 24,
                                        "Actual Startup Time": 0.156,
                                        "Actual Total Time": 2973.823,
                                        "Actual Rows": 38972,
                                        "Actual Loops": 3,
                                        "Output": [
                                            "id",
                                            "flg_0",
                                            "flg_1",
                                            "flg_2",
                                            "flg_3",
                                            "flg_4",
                                            "flg_5",
                                            "flg_6",
                                            "flg_7",
                                            "flg_8",
                                            "flg_9",
                                            "flg_10",
                                            "flg_11",
                                            "flg_12",
                                            "flg_13",
                                            "flg_14",
                                            "flg_15"
                                        ],
                                        "Filter": "(tests_benchmark_booltester015.flg_0 AND tests_benchmark_booltester015.flg_3 AND tests_benchmark_booltester015.flg_4 AND tests_benchmark_booltester015.flg_5 AND tests_benchmark_booltester015.flg_6 AND tests_benchmark_booltester015.flg_7 AND tests_benchmark_booltester015.flg_8 AND tests_benchmark_booltester015.flg_12 AND tests_benchmark_booltester015.flg_14)",
                                        "Rows Removed by Filter": 19961029,
                                        "Shared Hit Blocks": 4801,
                                        "Shared Read Blocks": 377365,
                                        "Shared Dirtied Blocks": 0,
                                        "Shared Written Blocks": 0,
                                        "Local Hit Blocks": 0,
                                        "Local Read Blocks": 0,
                                        "Local Dirtied Blocks": 0,
                                        "Local Written Blocks": 0,
                                        "Temp Read Blocks": 0,
                                        "Temp Written Blocks": 0,
                                        "WAL Records": 0,
                                        "WAL FPI": 0,
                                        "WAL Bytes": 0,
                                        "Workers": [
                                            {
                                                "Worker Number": 0,
                                                "Actual Startup Time": 0.032,
                                                "Actual Total Time": 2978.737,
                                                "Actual Rows": 38348,
                                                "Actual Loops": 1,
                                                "Shared Hit Blocks": 1546,
                                                "Shared Read Blocks": 124287,
                                                "Shared Dirtied Blocks": 0,
                                                "Shared Written Blocks": 0,
                                                "Local Hit Blocks": 0,
                                                "Local Read Blocks": 0,
                                                "Local Dirtied Blocks": 0,
                                                "Local Written Blocks": 0,
                                                "Temp Read Blocks": 0,
                                                "Temp Written Blocks": 0,
                                                "WAL Records": 0,
                                                "WAL FPI": 0,
                                                "WAL Bytes": 0
                                            },
                                            {
                                                "Worker Number": 1,
                                                "Actual Startup Time": 0.197,
                                                "Actual Total Time": 2966.776,
                                                "Actual Rows": 39221,
                                                "Actual Loops": 1,
                                                "Shared Hit Blocks": 1606,
                                                "Shared Read Blocks": 126496,
                                                "Shared Dirtied Blocks": 0,
                                                "Shared Written Blocks": 0,
                                                "Local Hit Blocks": 0,
                                                "Local Read Blocks": 0,
                                                "Local Dirtied Blocks": 0,
                                                "Local Written Blocks": 0,
                                                "Temp Read Blocks": 0,
                                                "Temp Written Blocks": 0,
                                                "WAL Records": 0,
                                                "WAL FPI": 0,
                                                "WAL Bytes": 0
                                            }
                                        ]
                                    }
                                ]
                            },
                            "Settings": {},
                            "Planning": {
                                "Shared Hit Blocks": 0,
                                "Shared Read Blocks": 0,
                                "Shared Dirtied Blocks": 0,
                                "Shared Written Blocks": 0,
                                "Local Hit Blocks": 0,
                                "Local Read Blocks": 0,
                                "Local Dirtied Blocks": 0,
                                "Local Written Blocks": 0,
                                "Temp Read Blocks": 0,
                                "Temp Written Blocks": 0
                            },
                            "Planning Time": 0.05,
                            "Triggers": [],
                            "Execution Time": 2989.92
                        },
                        "any_explanation": {
                            "Plan": {
                                "Node Type": "Seq Scan",
                                "Parallel Aware": false,
                                "Async Capable": false,
                                "Relation Name": "tests_benchmark_booltester015",
                                "Schema": "public",
                                "Alias": "tests_benchmark_booltester015",
                                "Startup Cost": 0.0,
                                "Total Cost": 982166.0,
                                "Plan Rows": 59882694,
                                "Plan Width": 24,
                                "Actual Startup Time": 0.015,
                                "Actual Total Time": 5393.876,
                                "Actual Rows": 59883198,
                                "Actual Loops": 1,
                                "Output": [
                                    "id",
                                    "flg_0",
                                    "flg_1",
                                    "flg_2",
                                    "flg_3",
                                    "flg_4",
                                    "flg_5",
                                    "flg_6",
                                    "flg_7",
                                    "flg_8",
                                    "flg_9",
                                    "flg_10",
                                    "flg_11",
                                    "flg_12",
                                    "flg_13",
                                    "flg_14",
                                    "flg_15"
                                ],
                                "Filter": "(tests_benchmark_booltester015.flg_0 OR tests_benchmark_booltester015.flg_3 OR tests_benchmark_booltester015.flg_4 OR tests_benchmark_booltester015.flg_5 OR tests_benchmark_booltester015.flg_6 OR tests_benchmark_booltester015.flg_7 OR tests_benchmark_booltester015.flg_8 OR tests_benchmark_booltester015.flg_12 OR tests_benchmark_booltester015.flg_14)",
                                "Rows Removed by Filter": 116803,
                                "Shared Hit Blocks": 4993,
                                "Shared Read Blocks": 377173,
                                "Shared Dirtied Blocks": 0,
                                "Shared Written Blocks": 0,
                                "Local Hit Blocks": 0,
                                "Local Read Blocks": 0,
                                "Local Dirtied Blocks": 0,
                                "Local Written Blocks": 0,
                                "Temp Read Blocks": 0,
                                "Temp Written Blocks": 0,
                                "WAL Records": 0,
                                "WAL FPI": 0,
                                "WAL Bytes": 0
                            },
                            "Settings": {},
                            "Planning": {
                                "Shared Hit Blocks": 0,
                                "Shared Read Blocks": 0,
                                "Shared Dirtied Blocks": 0,
                                "Shared Written Blocks": 0,
                                "Local Hit Blocks": 0,
                                "Local Read Blocks": 0,
                                "Local Dirtied Blocks": 0,
                                "Local Written Blocks": 0,
                                "Temp Read Blocks": 0,
                                "Temp Written Blocks": 0
                            },
                            "Planning Time": 0.046,
                            "Triggers": [],
                            "Execution Time": 6602.011
                        },
                        "exact_explanation": {
                            "Plan": {
                                "Node Type": "Gather",
                                "Parallel Aware": false,
                                "Async Capable": false,
                                "Startup Cost": 1000.0,
                                "Total Cost": 633257.8,
                                "Plan Rows": 918,
                                "Plan Width": 24,
                                "Actual Startup Time": 8.745,
                                "Actual Total Time": 2893.766,
                                "Actual Rows": 861,
                                "Actual Loops": 1,
                                "Output": [
                                    "id",
                                    "flg_0",
                                    "flg_1",
                                    "flg_2",
                                    "flg_3",
                                    "flg_4",
                                    "flg_5",
                                    "flg_6",
                                    "flg_7",
                                    "flg_8",
                                    "flg_9",
                                    "flg_10",
                                    "flg_11",
                                    "flg_12",
                                    "flg_13",
                                    "flg_14",
                                    "flg_15"
                                ],
                                "Workers Planned": 2,
                                "Workers Launched": 2,
                                "Single Copy": false,
                                "Shared Hit Blocks": 5121,
                                "Shared Read Blocks": 377045,
                                "Shared Dirtied Blocks": 0,
                                "Shared Written Blocks": 0,
                                "Local Hit Blocks": 0,
                                "Local Read Blocks": 0,
                                "Local Dirtied Blocks": 0,
                                "Local Written Blocks": 0,
                                "Temp Read Blocks": 0,
                                "Temp Written Blocks": 0,
                                "WAL Records": 0,
                                "WAL FPI": 0,
                                "WAL Bytes": 0,
                                "Plans": [
                                    {
                                        "Node Type": "Seq Scan",
                                        "Parent Relationship": "Outer",
                                        "Parallel Aware": true,
                                        "Async Capable": false,
                                        "Relation Name": "tests_benchmark_booltester015",
                                        "Schema": "public",
                                        "Alias": "tests_benchmark_booltester015",
                                        "Startup Cost": 0.0,
                                        "Total Cost": 632166.0,
                                        "Plan Rows": 382,
                                        "Plan Width": 24,
                                        "Actual Startup Time": 6.837,
                                        "Actual Total Time": 2890.956,
                                        "Actual Rows": 287,
                                        "Actual Loops": 3,
                                        "Output": [
                                            "id",
                                            "flg_0",
                                            "flg_1",
                                            "flg_2",
                                            "flg_3",
                                            "flg_4",
                                            "flg_5",
                                            "flg_6",
                                            "flg_7",
                                            "flg_8",
                                            "flg_9",
                                            "flg_10",
                                            "flg_11",
                                            "flg_12",
                                            "flg_13",
                                            "flg_14",
                                            "flg_15"
                                        ],
                                        "Filter": "(tests_benchmark_booltester015.flg_0 AND (NOT tests_benchmark_booltester015.flg_1) AND (NOT tests_benchmark_booltester015.flg_2) AND tests_benchmark_booltester015.flg_3 AND tests_benchmark_booltester015.flg_4 AND tests_benchmark_booltester015.flg_5 AND tests_benchmark_booltester015.flg_6 AND tests_benchmark_booltester015.flg_7 AND tests_benchmark_booltester015.flg_8 AND (NOT tests_benchmark_booltester015.flg_9) AND (NOT tests_benchmark_booltester015.flg_10) AND (NOT tests_benchmark_booltester015.flg_11) AND tests_benchmark_booltester015.flg_12 AND (NOT tests_benchmark_booltester015.flg_13) AND tests_benchmark_booltester015.flg_14 AND (NOT tests_benchmark_booltester015.flg_15))",
                                        "Rows Removed by Filter": 19999713,
                                        "Shared Hit Blocks": 5121,
                                        "Shared Read Blocks": 377045,
                                        "Shared Dirtied Blocks": 0,
                                        "Shared Written Blocks": 0,
                                        "Local Hit Blocks": 0,
                                        "Local Read Blocks": 0,
                                        "Local Dirtied Blocks": 0,
                                        "Local Written Blocks": 0,
                                        "Temp Read Blocks": 0,
                                        "Temp Written Blocks": 0,
                                        "WAL Records": 0,
                                        "WAL FPI": 0,
                                        "WAL Bytes": 0,
                                        "Workers": [
                                            {
                                                "Worker Number": 0,
                                                "Actual Startup Time": 7.79,
                                                "Actual Total Time": 2890.323,
                                                "Actual Rows": 290,
                                                "Actual Loops": 1,
                                                "Shared Hit Blocks": 1682,
                                                "Shared Read Blocks": 124704,
                                                "Shared Dirtied Blocks": 0,
                                                "Shared Written Blocks": 0,
                                                "Local Hit Blocks": 0,
                                                "Local Read Blocks": 0,
                                                "Local Dirtied Blocks": 0,
                                                "Local Written Blocks": 0,
                                                "Temp Read Blocks": 0,
                                                "Temp Written Blocks": 0,
                                                "WAL Records": 0,
                                                "WAL FPI": 0,
                                                "WAL Bytes": 0
                                            },
                                            {
                                                "Worker Number": 1,
                                                "Actual Startup Time": 4.052,
                                                "Actual Total Time": 2890.359,
                                                "Actual Rows": 294,
                                                "Actual Loops": 1,
                                                "Shared Hit Blocks": 1691,
                                                "Shared Read Blocks": 126432,
                                                "Shared Dirtied Blocks": 0,
                                                "Shared Written Blocks": 0,
                                                "Local Hit Blocks": 0,
                                                "Local Read Blocks": 0,
                                                "Local Dirtied Blocks": 0,
                                                "Local Written Blocks": 0,
                                                "Temp Read Blocks": 0,
                                                "Temp Written Blocks": 0,
                                                "WAL Records": 0,
                                                "WAL FPI": 0,
                                                "WAL Bytes": 0
                                            }
                                        ]
                                    }
                                ]
                            },
                            "Settings": {},
                            "Planning": {
                                "Shared Hit Blocks": 0,
                                "Shared Read Blocks": 0,
                                "Shared Dirtied Blocks": 0,
                                "Shared Written Blocks": 0,
                                "Local Hit Blocks": 0,
                                "Local Read Blocks": 0,
                                "Local Dirtied Blocks": 0,
                                "Local Written Blocks": 0,
                                "Temp Read Blocks": 0,
                                "Temp Written Blocks": 0
                            },
                            "Planning Time": 0.047,
                            "Triggers": [],
                            "Execution Time": 2893.824
                        },
                        "all_ftr_time": 3.9362009999999996,
                        "any_ftr_time": 6.752328500000001,
                        "exact_ftr_time": 3.2945689999999996
                    },
                    "80000000": {
                        "all_time": 6.7222110707196405,
                        "any_time": 16.94081037089927,
                        "exact_time": 6.812775008415338,
                        "table_size": 5971640320.0,
                        "index_time": 2.9916991479694843e-05,
                        "all_explanation": {
                            "Plan": {
                                "Node Type": "Gather",
                                "Parallel Aware": false,
                                "Async Capable": false,
                                "Startup Cost": 1000.0,
                                "Total Cost": 847733.83,
                                "Plan Rows": 38455,
                                "Plan Width": 24,
                                "Actual Startup Time": 0.627,
                                "Actual Total Time": 8279.435,
                                "Actual Rows": 38892,
                                "Actual Loops": 1,
                                "Output": [
                                    "id",
                                    "flg_0",
                                    "flg_1",
                                    "flg_2",
                                    "flg_3",
                                    "flg_4",
                                    "flg_5",
                                    "flg_6",
                                    "flg_7",
                                    "flg_8",
                                    "flg_9",
                                    "flg_10",
                                    "flg_11",
                                    "flg_12",
                                    "flg_13",
                                    "flg_14",
                                    "flg_15"
                                ],
                                "Workers Planned": 2,
                                "Workers Launched": 2,
                                "Single Copy": false,
                                "Shared Hit Blocks": 4800,
                                "Shared Read Blocks": 504755,
                                "Shared Dirtied Blocks": 0,
                                "Shared Written Blocks": 0,
                                "Local Hit Blocks": 0,
                                "Local Read Blocks": 0,
                                "Local Dirtied Blocks": 0,
                                "Local Written Blocks": 0,
                                "Temp Read Blocks": 0,
                                "Temp Written Blocks": 0,
                                "WAL Records": 0,
                                "WAL FPI": 0,
                                "WAL Bytes": 0,
                                "Plans": [
                                    {
                                        "Node Type": "Seq Scan",
                                        "Parent Relationship": "Outer",
                                        "Parallel Aware": true,
                                        "Async Capable": false,
                                        "Relation Name": "tests_benchmark_booltester015",
                                        "Schema": "public",
                                        "Alias": "tests_benchmark_booltester015",
                                        "Startup Cost": 0.0,
                                        "Total Cost": 842888.33,
                                        "Plan Rows": 16023,
                                        "Plan Width": 24,
                                        "Actual Startup Time": 0.619,
                                        "Actual Total Time": 8271.381,
                                        "Actual Rows": 12964,
                                        "Actual Loops": 3,
                                        "Output": [
                                            "id",
                                            "flg_0",
                                            "flg_1",
                                            "flg_2",
                                            "flg_3",
                                            "flg_4",
                                            "flg_5",
                                            "flg_6",
                                            "flg_7",
                                            "flg_8",
                                            "flg_9",
                                            "flg_10",
                                            "flg_11",
                                            "flg_12",
                                            "flg_13",
                                            "flg_14",
                                            "flg_15"
                                        ],
                                        "Filter": "(tests_benchmark_booltester015.flg_0 AND tests_benchmark_booltester015.flg_1 AND tests_benchmark_booltester015.flg_2 AND tests_benchmark_booltester015.flg_3 AND tests_benchmark_booltester015.flg_5 AND tests_benchmark_booltester015.flg_6 AND tests_benchmark_booltester015.flg_7 AND tests_benchmark_booltester015.flg_9 AND tests_benchmark_booltester015.flg_12 AND tests_benchmark_booltester015.flg_13 AND tests_benchmark_booltester015.flg_15)",
                                        "Rows Removed by Filter": 26653703,
                                        "Shared Hit Blocks": 4800,
                                        "Shared Read Blocks": 504755,
                                        "Shared Dirtied Blocks": 0,
                                        "Shared Written Blocks": 0,
                                        "Local Hit Blocks": 0,
                                        "Local Read Blocks": 0,
                                        "Local Dirtied Blocks": 0,
                                        "Local Written Blocks": 0,
                                        "Temp Read Blocks": 0,
                                        "Temp Written Blocks": 0,
                                        "WAL Records": 0,
                                        "WAL FPI": 0,
                                        "WAL Bytes": 0,
                                        "Workers": [
                                            {
                                                "Worker Number": 0,
                                                "Actual Startup Time": 1.24,
                                                "Actual Total Time": 8265.396,
                                                "Actual Rows": 12961,
                                                "Actual Loops": 1,
                                                "Shared Hit Blocks": 1598,
                                                "Shared Read Blocks": 166816,
                                                "Shared Dirtied Blocks": 0,
                                                "Shared Written Blocks": 0,
                                                "Local Hit Blocks": 0,
                                                "Local Read Blocks": 0,
                                                "Local Dirtied Blocks": 0,
                                                "Local Written Blocks": 0,
                                                "Temp Read Blocks": 0,
                                                "Temp Written Blocks": 0,
                                                "WAL Records": 0,
                                                "WAL FPI": 0,
                                                "WAL Bytes": 0
                                            },
                                            {
                                                "Worker Number": 1,
                                                "Actual Startup Time": 0.064,
                                                "Actual Total Time": 8274.302,
                                                "Actual Rows": 12992,
                                                "Actual Loops": 1,
                                                "Shared Hit Blocks": 1554,
                                                "Shared Read Blocks": 168736,
                                                "Shared Dirtied Blocks": 0,
                                                "Shared Written Blocks": 0,
                                                "Local Hit Blocks": 0,
                                                "Local Read Blocks": 0,
                                                "Local Dirtied Blocks": 0,
                                                "Local Written Blocks": 0,
                                                "Temp Read Blocks": 0,
                                                "Temp Written Blocks": 0,
                                                "WAL Records": 0,
                                                "WAL FPI": 0,
                                                "WAL Bytes": 0
                                            }
                                        ]
                                    }
                                ]
                            },
                            "Settings": {},
                            "Planning": {
                                "Shared Hit Blocks": 0,
                                "Shared Read Blocks": 0,
                                "Shared Dirtied Blocks": 0,
                                "Shared Written Blocks": 0,
                                "Local Hit Blocks": 0,
                                "Local Read Blocks": 0,
                                "Local Dirtied Blocks": 0,
                                "Local Written Blocks": 0,
                                "Temp Read Blocks": 0,
                                "Temp Written Blocks": 0
                            },
                            "Planning Time": 0.05,
                            "Triggers": [],
                            "Execution Time": 8280.709
                        },
                        "any_explanation": {
                            "Plan": {
                                "Node Type": "Seq Scan",
                                "Parallel Aware": false,
                                "Async Capable": false,
                                "Relation Name": "tests_benchmark_booltester015",
                                "Schema": "public",
                                "Alias": "tests_benchmark_booltester015",
                                "Startup Cost": 0.0,
                                "Total Cost": 1309555.0,
                                "Plan Rows": 79960327,
                                "Plan Width": 24,
                                "Actual Startup Time": 0.2,
                                "Actual Total Time": 7309.116,
                                "Actual Rows": 79960999,
                                "Actual Loops": 1,
                                "Output": [
                                    "id",
                                    "flg_0",
                                    "flg_1",
                                    "flg_2",
                                    "flg_3",
                                    "flg_4",
                                    "flg_5",
                                    "flg_6",
                                    "flg_7",
                                    "flg_8",
                                    "flg_9",
                                    "flg_10",
                                    "flg_11",
                                    "flg_12",
                                    "flg_13",
                                    "flg_14",
                                    "flg_15"
                                ],
                                "Filter": "(tests_benchmark_booltester015.flg_0 OR tests_benchmark_booltester015.flg_1 OR tests_benchmark_booltester015.flg_2 OR tests_benchmark_booltester015.flg_3 OR tests_benchmark_booltester015.flg_5 OR tests_benchmark_booltester015.flg_6 OR tests_benchmark_booltester015.flg_7 OR tests_benchmark_booltester015.flg_9 OR tests_benchmark_booltester015.flg_12 OR tests_benchmark_booltester015.flg_13 OR tests_benchmark_booltester015.flg_15)",
                                "Rows Removed by Filter": 39002,
                                "Shared Hit Blocks": 4992,
                                "Shared Read Blocks": 504563,
                                "Shared Dirtied Blocks": 0,
                                "Shared Written Blocks": 0,
                                "Local Hit Blocks": 0,
                                "Local Read Blocks": 0,
                                "Local Dirtied Blocks": 0,
                                "Local Written Blocks": 0,
                                "Temp Read Blocks": 0,
                                "Temp Written Blocks": 0,
                                "WAL Records": 0,
                                "WAL FPI": 0,
                                "WAL Bytes": 0
                            },
                            "Settings": {},
                            "Planning": {
                                "Shared Hit Blocks": 0,
                                "Shared Read Blocks": 0,
                                "Shared Dirtied Blocks": 0,
                                "Shared Written Blocks": 0,
                                "Local Hit Blocks": 0,
                                "Local Read Blocks": 0,
                                "Local Dirtied Blocks": 0,
                                "Local Written Blocks": 0,
                                "Temp Read Blocks": 0,
                                "Temp Written Blocks": 0
                            },
                            "Planning Time": 0.056,
                            "Triggers": [],
                            "Execution Time": 8925.624
                        },
                        "exact_explanation": {
                            "Plan": {
                                "Node Type": "Gather",
                                "Parallel Aware": false,
                                "Async Capable": false,
                                "Startup Cost": 1000.0,
                                "Total Cost": 844007.13,
                                "Plan Rows": 1188,
                                "Plan Width": 24,
                                "Actual Startup Time": 1.537,
                                "Actual Total Time": 8822.915,
                                "Actual Rows": 1227,
                                "Actual Loops": 1,
                                "Output": [
                                    "id",
                                    "flg_0",
                                    "flg_1",
                                    "flg_2",
                                    "flg_3",
                                    "flg_4",
                                    "flg_5",
                                    "flg_6",
                                    "flg_7",
                                    "flg_8",
                                    "flg_9",
                                    "flg_10",
                                    "flg_11",
                                    "flg_12",
                                    "flg_13",
                                    "flg_14",
                                    "flg_15"
                                ],
                                "Workers Planned": 2,
                                "Workers Launched": 2,
                                "Single Copy": false,
                                "Shared Hit Blocks": 5120,
                                "Shared Read Blocks": 504435,
                                "Shared Dirtied Blocks": 0,
                                "Shared Written Blocks": 0,
                                "Local Hit Blocks": 0,
                                "Local Read Blocks": 0,
                                "Local Dirtied Blocks": 0,
                                "Local Written Blocks": 0,
                                "Temp Read Blocks": 0,
                                "Temp Written Blocks": 0,
                                "WAL Records": 0,
                                "WAL FPI": 0,
                                "WAL Bytes": 0,
                                "Plans": [
                                    {
                                        "Node Type": "Seq Scan",
                                        "Parent Relationship": "Outer",
                                        "Parallel Aware": true,
                                        "Async Capable": false,
                                        "Relation Name": "tests_benchmark_booltester015",
                                        "Schema": "public",
                                        "Alias": "tests_benchmark_booltester015",
                                        "Startup Cost": 0.0,
                                        "Total Cost": 842888.33,
                                        "Plan Rows": 495,
                                        "Plan Width": 24,
                                        "Actual Startup Time": 15.34,
                                        "Actual Total Time": 8819.506,
                                        "Actual Rows": 409,
                                        "Actual Loops": 3,
                                        "Output": [
                                            "id",
                                            "flg_0",
                                            "flg_1",
                                            "flg_2",
                                            "flg_3",
                                            "flg_4",
                                            "flg_5",
                                            "flg_6",
                                            "flg_7",
                                            "flg_8",
                                            "flg_9",
                                            "flg_10",
                                            "flg_11",
                                            "flg_12",
                                            "flg_13",
                                            "flg_14",
                                            "flg_15"
                                        ],
                                        "Filter": "(tests_benchmark_booltester015.flg_0 AND tests_benchmark_booltester015.flg_1 AND tests_benchmark_booltester015.flg_2 AND tests_benchmark_booltester015.flg_3 AND (NOT tests_benchmark_booltester015.flg_4) AND tests_benchmark_booltester015.flg_5 AND tests_benchmark_booltester015.flg_6 AND tests_benchmark_booltester015.flg_7 AND (NOT tests_benchmark_booltester015.flg_8) AND tests_benchmark_booltester015.flg_9 AND (NOT tests_benchmark_booltester015.flg_10) AND (NOT tests_benchmark_booltester015.flg_11) AND tests_benchmark_booltester015.flg_12 AND tests_benchmark_booltester015.flg_13 AND (NOT tests_benchmark_booltester015.flg_14) AND tests_benchmark_booltester015.flg_15)",
                                        "Rows Removed by Filter": 26666258,
                                        "Shared Hit Blocks": 5120,
                                        "Shared Read Blocks": 504435,
                                        "Shared Dirtied Blocks": 0,
                                        "Shared Written Blocks": 0,
                                        "Local Hit Blocks": 0,
                                        "Local Read Blocks": 0,
                                        "Local Dirtied Blocks": 0,
                                        "Local Written Blocks": 0,
                                        "Temp Read Blocks": 0,
                                        "Temp Written Blocks": 0,
                                        "WAL Records": 0,
                                        "WAL FPI": 0,
                                        "WAL Bytes": 0,
                                        "Workers": [
                                            {
                                                "Worker Number": 0,
                                                "Actual Startup Time": 1.583,
                                                "Actual Total Time": 8818.694,
                                                "Actual Rows": 405,
                                                "Actual Loops": 1,
                                                "Shared Hit Blocks": 1705,
                                                "Shared Read Blocks": 168307,
                                                "Shared Dirtied Blocks": 0,
                                                "Shared Written Blocks": 0,
                                                "Local Hit Blocks": 0,
                                                "Local Read Blocks": 0,
                                                "Local Dirtied Blocks": 0,
                                                "Local Written Blocks": 0,
                                                "Temp Read Blocks": 0,
                                                "Temp Written Blocks": 0,
                                                "WAL Records": 0,
                                                "WAL FPI": 0,
                                                "WAL Bytes": 0
                                            },
                                            {
                                                "Worker Number": 1,
                                                "Actual Startup Time": 43.001,
                                                "Actual Total Time": 8818.976,
                                                "Actual Rows": 390,
                                                "Actual Loops": 1,
                                                "Shared Hit Blocks": 1691,
                                                "Shared Read Blocks": 168096,
                                                "Shared Dirtied Blocks": 0,
                                                "Shared Written Blocks": 0,
                                                "Local Hit Blocks": 0,
                                                "Local Read Blocks": 0,
                                                "Local Dirtied Blocks": 0,
                                                "Local Written Blocks": 0,
                                                "Temp Read Blocks": 0,
                                                "Temp Written Blocks": 0,
                                                "WAL Records": 0,
                                                "WAL FPI": 0,
                                                "WAL Bytes": 0
                                            }
                                        ]
                                    }
                                ]
                            },
                            "Settings": {},
                            "Planning": {
                                "Shared Hit Blocks": 0,
                                "Shared Read Blocks": 0,
                                "Shared Dirtied Blocks": 0,
                                "Shared Written Blocks": 0,
                                "Local Hit Blocks": 0,
                                "Local Read Blocks": 0,
                                "Local Dirtied Blocks": 0,
                                "Local Written Blocks": 0,
                                "Temp Read Blocks": 0,
                                "Temp Written Blocks": 0
                            },
                            "Planning Time": 0.055,
                            "Triggers": [],
                            "Execution Time": 8823.033
                        },
                        "all_ftr_time": 6.7854187999999995,
                        "any_ftr_time": 130.8193134,
                        "exact_ftr_time": 7.0541578000000005
                    },
                    "100000000": {
                        "all_time": 9.0328347455943,
                        "any_time": 20.65532006249996,
                        "exact_time": 8.594481316779275,
                        "table_size": 7464812544.0,
                        "index_time": 3.0084047466516495e-05,
                        "all_explanation": {
                            "Plan": {
                                "Node Type": "Gather",
                                "Parallel Aware": false,
                                "Async Capable": false,
                                "Startup Cost": 1000.0,
                                "Total Cost": 1064334.47,
                                "Plan Rows": 97248,
                                "Plan Width": 24,
                                "Actual Startup Time": 0.698,
                                "Actual Total Time": 8935.328,
                                "Actual Rows": 97659,
                                "Actual Loops": 1,
                                "Output": [
                                    "id",
                                    "flg_0",
                                    "flg_1",
                                    "flg_2",
                                    "flg_3",
                                    "flg_4",
                                    "flg_5",
                                    "flg_6",
                                    "flg_7",
                                    "flg_8",
                                    "flg_9",
                                    "flg_10",
                                    "flg_11",
                                    "flg_12",
                                    "flg_13",
                                    "flg_14",
                                    "flg_15"
                                ],
                                "Workers Planned": 2,
                                "Workers Launched": 2,
                                "Single Copy": false,
                                "Shared Hit Blocks": 4801,
                                "Shared Read Blocks": 632142,
                                "Shared Dirtied Blocks": 0,
                                "Shared Written Blocks": 0,
                                "Local Hit Blocks": 0,
                                "Local Read Blocks": 0,
                                "Local Dirtied Blocks": 0,
                                "Local Written Blocks": 0,
                                "Temp Read Blocks": 0,
                                "Temp Written Blocks": 0,
                                "WAL Records": 0,
                                "WAL FPI": 0,
                                "WAL Bytes": 0,
                                "Plans": [
                                    {
                                        "Node Type": "Seq Scan",
                                        "Parent Relationship": "Outer",
                                        "Parallel Aware": true,
                                        "Async Capable": false,
                                        "Relation Name": "tests_benchmark_booltester015",
                                        "Schema": "public",
                                        "Alias": "tests_benchmark_booltester015",
                                        "Startup Cost": 0.0,
                                        "Total Cost": 1053609.67,
                                        "Plan Rows": 40520,
                                        "Plan Width": 24,
                                        "Actual Startup Time": 0.3,
                                        "Actual Total Time": 8922.073,
                                        "Actual Rows": 32553,
                                        "Actual Loops": 3,
                                        "Output": [
                                            "id",
                                            "flg_0",
                                            "flg_1",
                                            "flg_2",
                                            "flg_3",
                                            "flg_4",
                                            "flg_5",
                                            "flg_6",
                                            "flg_7",
                                            "flg_8",
                                            "flg_9",
                                            "flg_10",
                                            "flg_11",
                                            "flg_12",
                                            "flg_13",
                                            "flg_14",
                                            "flg_15"
                                        ],
                                        "Filter": "(tests_benchmark_booltester015.flg_2 AND tests_benchmark_booltester015.flg_3 AND tests_benchmark_booltester015.flg_5 AND tests_benchmark_booltester015.flg_7 AND tests_benchmark_booltester015.flg_8 AND tests_benchmark_booltester015.flg_9 AND tests_benchmark_booltester015.flg_10 AND tests_benchmark_booltester015.flg_11 AND tests_benchmark_booltester015.flg_13 AND tests_benchmark_booltester015.flg_15)",
                                        "Rows Removed by Filter": 33300781,
                                        "Shared Hit Blocks": 4801,
                                        "Shared Read Blocks": 632142,
                                        "Shared Dirtied Blocks": 0,
                                        "Shared Written Blocks": 0,
                                        "Local Hit Blocks": 0,
                                        "Local Read Blocks": 0,
                                        "Local Dirtied Blocks": 0,
                                        "Local Written Blocks": 0,
                                        "Temp Read Blocks": 0,
                                        "Temp Written Blocks": 0,
                                        "WAL Records": 0,
                                        "WAL FPI": 0,
                                        "WAL Bytes": 0,
                                        "Workers": [
                                            {
                                                "Worker Number": 0,
                                                "Actual Startup Time": 0.072,
                                                "Actual Total Time": 8926.808,
                                                "Actual Rows": 32492,
                                                "Actual Loops": 1,
                                                "Shared Hit Blocks": 1538,
                                                "Shared Read Blocks": 210831,
                                                "Shared Dirtied Blocks": 0,
                                                "Shared Written Blocks": 0,
                                                "Local Hit Blocks": 0,
                                                "Local Read Blocks": 0,
                                                "Local Dirtied Blocks": 0,
                                                "Local Written Blocks": 0,
                                                "Temp Read Blocks": 0,
                                                "Temp Written Blocks": 0,
                                                "WAL Records": 0,
                                                "WAL FPI": 0,
                                                "WAL Bytes": 0
                                            },
                                            {
                                                "Worker Number": 1,
                                                "Actual Startup Time": 0.259,
                                                "Actual Total Time": 8914.762,
                                                "Actual Rows": 32765,
                                                "Actual Loops": 1,
                                                "Shared Hit Blocks": 1616,
                                                "Shared Read Blocks": 211744,
                                                "Shared Dirtied Blocks": 0,
                                                "Shared Written Blocks": 0,
                                                "Local Hit Blocks": 0,
                                                "Local Read Blocks": 0,
                                                "Local Dirtied Blocks": 0,
                                                "Local Written Blocks": 0,
                                                "Temp Read Blocks": 0,
                                                "Temp Written Blocks": 0,
                                                "WAL Records": 0,
                                                "WAL FPI": 0,
                                                "WAL Bytes": 0
                                            }
                                        ]
                                    }
                                ]
                            },
                            "Settings": {},
                            "Planning": {
                                "Shared Hit Blocks": 0,
                                "Shared Read Blocks": 0,
                                "Shared Dirtied Blocks": 0,
                                "Shared Written Blocks": 0,
                                "Local Hit Blocks": 0,
                                "Local Read Blocks": 0,
                                "Local Dirtied Blocks": 0,
                                "Local Written Blocks": 0,
                                "Temp Read Blocks": 0,
                                "Temp Written Blocks": 0
                            },
                            "Planning Time": 0.067,
                            "Triggers": [],
                            "Execution Time": 8938.215
                        },
                        "any_explanation": {
                            "Plan": {
                                "Node Type": "Seq Scan",
                                "Parallel Aware": false,
                                "Async Capable": false,
                                "Relation Name": "tests_benchmark_booltester015",
                                "Schema": "public",
                                "Alias": "tests_benchmark_booltester015",
                                "Startup Cost": 0.0,
                                "Total Cost": 1636943.0,
                                "Plan Rows": 99901944,
                                "Plan Width": 24,
                                "Actual Startup Time": 0.219,
                                "Actual Total Time": 9091.257,
                                "Actual Rows": 99901768,
                                "Actual Loops": 1,
                                "Output": [
                                    "id",
                                    "flg_0",
                                    "flg_1",
                                    "flg_2",
                                    "flg_3",
                                    "flg_4",
                                    "flg_5",
                                    "flg_6",
                                    "flg_7",
                                    "flg_8",
                                    "flg_9",
                                    "flg_10",
                                    "flg_11",
                                    "flg_12",
                                    "flg_13",
                                    "flg_14",
                                    "flg_15"
                                ],
                                "Filter": "(tests_benchmark_booltester015.flg_2 OR tests_benchmark_booltester015.flg_3 OR tests_benchmark_booltester015.flg_5 OR tests_benchmark_booltester015.flg_7 OR tests_benchmark_booltester015.flg_8 OR tests_benchmark_booltester015.flg_9 OR tests_benchmark_booltester015.flg_10 OR tests_benchmark_booltester015.flg_11 OR tests_benchmark_booltester015.flg_13 OR tests_benchmark_booltester015.flg_15)",
                                "Rows Removed by Filter": 98233,
                                "Shared Hit Blocks": 4993,
                                "Shared Read Blocks": 631950,
                                "Shared Dirtied Blocks": 0,
                                "Shared Written Blocks": 0,
                                "Local Hit Blocks": 0,
                                "Local Read Blocks": 0,
                                "Local Dirtied Blocks": 0,
                                "Local Written Blocks": 0,
                                "Temp Read Blocks": 0,
                                "Temp Written Blocks": 0,
                                "WAL Records": 0,
                                "WAL FPI": 0,
                                "WAL Bytes": 0
                            },
                            "Settings": {},
                            "Planning": {
                                "Shared Hit Blocks": 0,
                                "Shared Read Blocks": 0,
                                "Shared Dirtied Blocks": 0,
                                "Shared Written Blocks": 0,
                                "Local Hit Blocks": 0,
                                "Local Read Blocks": 0,
                                "Local Dirtied Blocks": 0,
                                "Local Written Blocks": 0,
                                "Temp Read Blocks": 0,
                                "Temp Written Blocks": 0
                            },
                            "Planning Time": 0.043,
                            "Triggers": [],
                            "Execution Time": 11117.478
                        },
                        "exact_explanation": {
                            "Plan": {
                                "Node Type": "Gather",
                                "Parallel Aware": false,
                                "Async Capable": false,
                                "Startup Cost": 1000.0,
                                "Total Cost": 1054761.67,
                                "Plan Rows": 1520,
                                "Plan Width": 24,
                                "Actual Startup Time": 6.425,
                                "Actual Total Time": 8848.091,
                                "Actual Rows": 1472,
                                "Actual Loops": 1,
                                "Output": [
                                    "id",
                                    "flg_0",
                                    "flg_1",
                                    "flg_2",
                                    "flg_3",
                                    "flg_4",
                                    "flg_5",
                                    "flg_6",
                                    "flg_7",
                                    "flg_8",
                                    "flg_9",
                                    "flg_10",
                                    "flg_11",
                                    "flg_12",
                                    "flg_13",
                                    "flg_14",
                                    "flg_15"
                                ],
                                "Workers Planned": 2,
                                "Workers Launched": 2,
                                "Single Copy": false,
                                "Shared Hit Blocks": 5121,
                                "Shared Read Blocks": 631822,
                                "Shared Dirtied Blocks": 0,
                                "Shared Written Blocks": 0,
                                "Local Hit Blocks": 0,
                                "Local Read Blocks": 0,
                                "Local Dirtied Blocks": 0,
                                "Local Written Blocks": 0,
                                "Temp Read Blocks": 0,
                                "Temp Written Blocks": 0,
                                "WAL Records": 0,
                                "WAL FPI": 0,
                                "WAL Bytes": 0,
                                "Plans": [
                                    {
                                        "Node Type": "Seq Scan",
                                        "Parent Relationship": "Outer",
                                        "Parallel Aware": true,
                                        "Async Capable": false,
                                        "Relation Name": "tests_benchmark_booltester015",
                                        "Schema": "public",
                                        "Alias": "tests_benchmark_booltester015",
                                        "Startup Cost": 0.0,
                                        "Total Cost": 1053609.67,
                                        "Plan Rows": 633,
                                        "Plan Width": 24,
                                        "Actual Startup Time": 10.672,
                                        "Actual Total Time": 8840.592,
                                        "Actual Rows": 491,
                                        "Actual Loops": 3,
                                        "Output": [
                                            "id",
                                            "flg_0",
                                            "flg_1",
                                            "flg_2",
                                            "flg_3",
                                            "flg_4",
                                            "flg_5",
                                            "flg_6",
                                            "flg_7",
                                            "flg_8",
                                            "flg_9",
                                            "flg_10",
                                            "flg_11",
                                            "flg_12",
                                            "flg_13",
                                            "flg_14",
                                            "flg_15"
                                        ],
                                        "Filter": "((NOT tests_benchmark_booltester015.flg_0) AND (NOT tests_benchmark_booltester015.flg_1) AND tests_benchmark_booltester015.flg_2 AND tests_benchmark_booltester015.flg_3 AND (NOT tests_benchmark_booltester015.flg_4) AND tests_benchmark_booltester015.flg_5 AND (NOT tests_benchmark_booltester015.flg_6) AND tests_benchmark_booltester015.flg_7 AND tests_benchmark_booltester015.flg_8 AND tests_benchmark_booltester015.flg_9 AND tests_benchmark_booltester015.flg_10 AND tests_benchmark_booltester015.flg_11 AND (NOT tests_benchmark_booltester015.flg_12) AND tests_benchmark_booltester015.flg_13 AND (NOT tests_benchmark_booltester015.flg_14) AND tests_benchmark_booltester015.flg_15)",
                                        "Rows Removed by Filter": 33332843,
                                        "Shared Hit Blocks": 5121,
                                        "Shared Read Blocks": 631822,
                                        "Shared Dirtied Blocks": 0,
                                        "Shared Written Blocks": 0,
                                        "Local Hit Blocks": 0,
                                        "Local Read Blocks": 0,
                                        "Local Dirtied Blocks": 0,
                                        "Local Written Blocks": 0,
                                        "Temp Read Blocks": 0,
                                        "Temp Written Blocks": 0,
                                        "WAL Records": 0,
                                        "WAL FPI": 0,
                                        "WAL Bytes": 0,
                                        "Workers": [
                                            {
                                                "Worker Number": 0,
                                                "Actual Startup Time": 24.022,
                                                "Actual Total Time": 8843.971,
                                                "Actual Rows": 481,
                                                "Actual Loops": 1,
                                                "Shared Hit Blocks": 1698,
                                                "Shared Read Blocks": 211072,
                                                "Shared Dirtied Blocks": 0,
                                                "Shared Written Blocks": 0,
                                                "Local Hit Blocks": 0,
                                                "Local Read Blocks": 0,
                                                "Local Dirtied Blocks": 0,
                                                "Local Written Blocks": 0,
                                                "Temp Read Blocks": 0,
                                                "Temp Written Blocks": 0,
                                                "WAL Records": 0,
                                                "WAL FPI": 0,
                                                "WAL Bytes": 0
                                            },
                                            {
                                                "Worker Number": 1,
                                                "Actual Startup Time": 1.639,
                                                "Actual Total Time": 8832.006,
                                                "Actual Rows": 495,
                                                "Actual Loops": 1,
                                                "Shared Hit Blocks": 1644,
                                                "Shared Read Blocks": 210527,
                                                "Shared Dirtied Blocks": 0,
                                                "Shared Written Blocks": 0,
                                                "Local Hit Blocks": 0,
                                                "Local Read Blocks": 0,
                                                "Local Dirtied Blocks": 0,
                                                "Local Written Blocks": 0,
                                                "Temp Read Blocks": 0,
                                                "Temp Written Blocks": 0,
                                                "WAL Records": 0,
                                                "WAL FPI": 0,
                                                "WAL Bytes": 0
                                            }
                                        ]
                                    }
                                ]
                            },
                            "Settings": {},
                            "Planning": {
                                "Shared Hit Blocks": 0,
                                "Shared Read Blocks": 0,
                                "Shared Dirtied Blocks": 0,
                                "Shared Written Blocks": 0,
                                "Local Hit Blocks": 0,
                                "Local Read Blocks": 0,
                                "Local Dirtied Blocks": 0,
                                "Local Written Blocks": 0,
                                "Temp Read Blocks": 0,
                                "Temp Written Blocks": 0
                            },
                            "Planning Time": 0.185,
                            "Triggers": [],
                            "Execution Time": 8848.211
                        },
                        "all_ftr_time": 9.014223699999999,
                        "any_ftr_time": 10.917855,
                        "exact_ftr_time": 8.969392299999999
                    }
                }
            },
            "[BOOL] Col Index": {
                "16": {
                    "10": {
                        "all_time": 0.0010540750110521913,
                        "any_time": 0.0018445626134052872,
                        "exact_time": 0.0011356790782883763,
                        "table_size": 286720.0,
                        "index_time": 0.009885333944112062,
                        "all_explanation": {
                            "Plan": {
                                "Node Type": "Seq Scan",
                                "Parallel Aware": false,
                                "Async Capable": false,
                                "Relation Name": "tests_benchmark_booltester015",
                                "Schema": "public",
                                "Alias": "tests_benchmark_booltester015",
                                "Startup Cost": 0.0,
                                "Total Cost": 1.11,
                                "Plan Rows": 1,
                                "Plan Width": 24,
                                "Actual Startup Time": 0.002,
                                "Actual Total Time": 0.002,
                                "Actual Rows": 0,
                                "Actual Loops": 1,
                                "Output": [
                                    "id",
                                    "flg_0",
                                    "flg_1",
                                    "flg_2",
                                    "flg_3",
                                    "flg_4",
                                    "flg_5",
                                    "flg_6",
                                    "flg_7",
                                    "flg_8",
                                    "flg_9",
                                    "flg_10",
                                    "flg_11",
                                    "flg_12",
                                    "flg_13",
                                    "flg_14",
                                    "flg_15"
                                ],
                                "Filter": "(tests_benchmark_booltester015.flg_0 AND tests_benchmark_booltester015.flg_2 AND tests_benchmark_booltester015.flg_3 AND tests_benchmark_booltester015.flg_4 AND tests_benchmark_booltester015.flg_6 AND tests_benchmark_booltester015.flg_7 AND tests_benchmark_booltester015.flg_9 AND tests_benchmark_booltester015.flg_11 AND tests_benchmark_booltester015.flg_14 AND tests_benchmark_booltester015.flg_15)",
                                "Rows Removed by Filter": 11,
                                "Shared Hit Blocks": 1,
                                "Shared Read Blocks": 0,
                                "Shared Dirtied Blocks": 0,
                                "Shared Written Blocks": 0,
                                "Local Hit Blocks": 0,
                                "Local Read Blocks": 0,
                                "Local Dirtied Blocks": 0,
                                "Local Written Blocks": 0,
                                "Temp Read Blocks": 0,
                                "Temp Written Blocks": 0,
                                "WAL Records": 0,
                                "WAL FPI": 0,
                                "WAL Bytes": 0
                            },
                            "Settings": {},
                            "Planning": {
                                "Shared Hit Blocks": 0,
                                "Shared Read Blocks": 0,
                                "Shared Dirtied Blocks": 0,
                                "Shared Written Blocks": 0,
                                "Local Hit Blocks": 0,
                                "Local Read Blocks": 0,
                                "Local Dirtied Blocks": 0,
                                "Local Written Blocks": 0,
                                "Temp Read Blocks": 0,
                                "Temp Written Blocks": 0
                            },
                            "Planning Time": 0.04,
                            "Triggers": [],
                            "Execution Time": 0.005
                        },
                        "any_explanation": {
                            "Plan": {
                                "Node Type": "Seq Scan",
                                "Parallel Aware": false,
                                "Async Capable": false,
                                "Relation Name": "tests_benchmark_booltester015",
                                "Schema": "public",
                                "Alias": "tests_benchmark_booltester015",
                                "Startup Cost": 0.0,
                                "Total Cost": 1.11,
                                "Plan Rows": 11,
                                "Plan Width": 24,
                                "Actual Startup Time": 0.002,
                                "Actual Total Time": 0.003,
                                "Actual Rows": 11,
                                "Actual Loops": 1,
                                "Output": [
                                    "id",
                                    "flg_0",
                                    "flg_1",
                                    "flg_2",
                                    "flg_3",
                                    "flg_4",
                                    "flg_5",
                                    "flg_6",
                                    "flg_7",
                                    "flg_8",
                                    "flg_9",
                                    "flg_10",
                                    "flg_11",
                                    "flg_12",
                                    "flg_13",
                                    "flg_14",
                                    "flg_15"
                                ],
                                "Filter": "(tests_benchmark_booltester015.flg_0 OR tests_benchmark_booltester015.flg_2 OR tests_benchmark_booltester015.flg_3 OR tests_benchmark_booltester015.flg_4 OR tests_benchmark_booltester015.flg_6 OR tests_benchmark_booltester015.flg_7 OR tests_benchmark_booltester015.flg_9 OR tests_benchmark_booltester015.flg_11 OR tests_benchmark_booltester015.flg_14 OR tests_benchmark_booltester015.flg_15)",
                                "Rows Removed by Filter": 0,
                                "Shared Hit Blocks": 1,
                                "Shared Read Blocks": 0,
                                "Shared Dirtied Blocks": 0,
                                "Shared Written Blocks": 0,
                                "Local Hit Blocks": 0,
                                "Local Read Blocks": 0,
                                "Local Dirtied Blocks": 0,
                                "Local Written Blocks": 0,
                                "Temp Read Blocks": 0,
                                "Temp Written Blocks": 0,
                                "WAL Records": 0,
                                "WAL FPI": 0,
                                "WAL Bytes": 0
                            },
                            "Settings": {},
                            "Planning": {
                                "Shared Hit Blocks": 0,
                                "Shared Read Blocks": 0,
                                "Shared Dirtied Blocks": 0,
                                "Shared Written Blocks": 0,
                                "Local Hit Blocks": 0,
                                "Local Read Blocks": 0,
                                "Local Dirtied Blocks": 0,
                                "Local Written Blocks": 0,
                                "Temp Read Blocks": 0,
                                "Temp Written Blocks": 0
                            },
                            "Planning Time": 0.033,
                            "Triggers": [],
                            "Execution Time": 0.006
                        },
                        "exact_explanation": {
                            "Plan": {
                                "Node Type": "Seq Scan",
                                "Parallel Aware": false,
                                "Async Capable": false,
                                "Relation Name": "tests_benchmark_booltester015",
                                "Schema": "public",
                                "Alias": "tests_benchmark_booltester015",
                                "Startup Cost": 0.0,
                                "Total Cost": 1.11,
                                "Plan Rows": 1,
                                "Plan Width": 24,
                                "Actual Startup Time": 0.003,
                                "Actual Total Time": 0.003,
                                "Actual Rows": 0,
                                "Actual Loops": 1,
                                "Output": [
                                    "id",
                                    "flg_0",
                                    "flg_1",
                                    "flg_2",
                                    "flg_3",
                                    "flg_4",
                                    "flg_5",
                                    "flg_6",
                                    "flg_7",
                                    "flg_8",
                                    "flg_9",
                                    "flg_10",
                                    "flg_11",
                                    "flg_12",
                                    "flg_13",
                                    "flg_14",
                                    "flg_15"
                                ],
                                "Filter": "(tests_benchmark_booltester015.flg_0 AND (NOT tests_benchmark_booltester015.flg_1) AND tests_benchmark_booltester015.flg_2 AND tests_benchmark_booltester015.flg_3 AND tests_benchmark_booltester015.flg_4 AND (NOT tests_benchmark_booltester015.flg_5) AND tests_benchmark_booltester015.flg_6 AND tests_benchmark_booltester015.flg_7 AND (NOT tests_benchmark_booltester015.flg_8) AND tests_benchmark_booltester015.flg_9 AND (NOT tests_benchmark_booltester015.flg_10) AND tests_benchmark_booltester015.flg_11 AND (NOT tests_benchmark_booltester015.flg_12) AND (NOT tests_benchmark_booltester015.flg_13) AND tests_benchmark_booltester015.flg_14 AND tests_benchmark_booltester015.flg_15)",
                                "Rows Removed by Filter": 11,
                                "Shared Hit Blocks": 1,
                                "Shared Read Blocks": 0,
                                "Shared Dirtied Blocks": 0,
                                "Shared Written Blocks": 0,
                                "Local Hit Blocks": 0,
                                "Local Read Blocks": 0,
                                "Local Dirtied Blocks": 0,
                                "Local Written Blocks": 0,
                                "Temp Read Blocks": 0,
                                "Temp Written Blocks": 0,
                                "WAL Records": 0,
                                "WAL FPI": 0,
                                "WAL Bytes": 0
                            },
                            "Settings": {},
                            "Planning": {
                                "Shared Hit Blocks": 0,
                                "Shared Read Blocks": 0,
                                "Shared Dirtied Blocks": 0,
                                "Shared Written Blocks": 0,
                                "Local Hit Blocks": 0,
                                "Local Read Blocks": 0,
                                "Local Dirtied Blocks": 0,
                                "Local Written Blocks": 0,
                                "Temp Read Blocks": 0,
                                "Temp Written Blocks": 0
                            },
                            "Planning Time": 0.057,
                            "Triggers": [],
                            "Execution Time": 0.007
                        },
                        "all_ftr_time": 4.9999999999999996e-06,
                        "any_ftr_time": 5.7999999999999995e-06,
                        "exact_ftr_time": 6.4000000000000006e-06
                    },
                    "100": {
                        "all_time": 0.0008019876433536411,
                        "any_time": 0.0015494039747864009,
                        "exact_time": 0.001110887504182756,
                        "table_size": 286720.0,
                        "index_time": 0.011064749909564853,
                        "all_explanation": {
                            "Plan": {
                                "Node Type": "Seq Scan",
                                "Parallel Aware": false,
                                "Async Capable": false,
                                "Relation Name": "tests_benchmark_booltester015",
                                "Schema": "public",
                                "Alias": "tests_benchmark_booltester015",
                                "Startup Cost": 0.0,
                                "Total Cost": 2.01,
                                "Plan Rows": 1,
                                "Plan Width": 24,
                                "Actual Startup Time": 0.009,
                                "Actual Total Time": 0.009,
                                "Actual Rows": 0,
                                "Actual Loops": 1,
                                "Output": [
                                    "id",
                                    "flg_0",
                                    "flg_1",
                                    "flg_2",
                                    "flg_3",
                                    "flg_4",
                                    "flg_5",
                                    "flg_6",
                                    "flg_7",
                                    "flg_8",
                                    "flg_9",
                                    "flg_10",
                                    "flg_11",
                                    "flg_12",
                                    "flg_13",
                                    "flg_14",
                                    "flg_15"
                                ],
                                "Filter": "(tests_benchmark_booltester015.flg_1 AND tests_benchmark_booltester015.flg_6 AND tests_benchmark_booltester015.flg_8 AND tests_benchmark_booltester015.flg_12 AND tests_benchmark_booltester015.flg_13 AND tests_benchmark_booltester015.flg_14 AND tests_benchmark_booltester015.flg_15)",
                                "Rows Removed by Filter": 101,
                                "Shared Hit Blocks": 1,
                                "Shared Read Blocks": 0,
                                "Shared Dirtied Blocks": 0,
                                "Shared Written Blocks": 0,
                                "Local Hit Blocks": 0,
                                "Local Read Blocks": 0,
                                "Local Dirtied Blocks": 0,
                                "Local Written Blocks": 0,
                                "Temp Read Blocks": 0,
                                "Temp Written Blocks": 0,
                                "WAL Records": 0,
                                "WAL FPI": 0,
                                "WAL Bytes": 0
                            },
                            "Settings": {},
                            "Planning": {
                                "Shared Hit Blocks": 0,
                                "Shared Read Blocks": 0,
                                "Shared Dirtied Blocks": 0,
                                "Shared Written Blocks": 0,
                                "Local Hit Blocks": 0,
                                "Local Read Blocks": 0,
                                "Local Dirtied Blocks": 0,
                                "Local Written Blocks": 0,
                                "Temp Read Blocks": 0,
                                "Temp Written Blocks": 0
                            },
                            "Planning Time": 0.033,
                            "Triggers": [],
                            "Execution Time": 0.011
                        },
                        "any_explanation": {
                            "Plan": {
                                "Node Type": "Seq Scan",
                                "Parallel Aware": false,
                                "Async Capable": false,
                                "Relation Name": "tests_benchmark_booltester015",
                                "Schema": "public",
                                "Alias": "tests_benchmark_booltester015",
                                "Startup Cost": 0.0,
                                "Total Cost": 2.01,
                                "Plan Rows": 100,
                                "Plan Width": 24,
                                "Actual Startup Time": 0.002,
                                "Actual Total Time": 0.01,
                                "Actual Rows": 100,
                                "Actual Loops": 1,
                                "Output": [
                                    "id",
                                    "flg_0",
                                    "flg_1",
                                    "flg_2",
                                    "flg_3",
                                    "flg_4",
                                    "flg_5",
                                    "flg_6",
                                    "flg_7",
                                    "flg_8",
                                    "flg_9",
                                    "flg_10",
                                    "flg_11",
                                    "flg_12",
                                    "flg_13",
                                    "flg_14",
                                    "flg_15"
                                ],
                                "Filter": "(tests_benchmark_booltester015.flg_1 OR tests_benchmark_booltester015.flg_6 OR tests_benchmark_booltester015.flg_8 OR tests_benchmark_booltester015.flg_12 OR tests_benchmark_booltester015.flg_13 OR tests_benchmark_booltester015.flg_14 OR tests_benchmark_booltester015.flg_15)",
                                "Rows Removed by Filter": 1,
                                "Shared Hit Blocks": 1,
                                "Shared Read Blocks": 0,
                                "Shared Dirtied Blocks": 0,
                                "Shared Written Blocks": 0,
                                "Local Hit Blocks": 0,
                                "Local Read Blocks": 0,
                                "Local Dirtied Blocks": 0,
                                "Local Written Blocks": 0,
                                "Temp Read Blocks": 0,
                                "Temp Written Blocks": 0,
                                "WAL Records": 0,
                                "WAL FPI": 0,
                                "WAL Bytes": 0
                            },
                            "Settings": {},
                            "Planning": {
                                "Shared Hit Blocks": 0,
                                "Shared Read Blocks": 0,
                                "Shared Dirtied Blocks": 0,
                                "Shared Written Blocks": 0,
                                "Local Hit Blocks": 0,
                                "Local Read Blocks": 0,
                                "Local Dirtied Blocks": 0,
                                "Local Written Blocks": 0,
                                "Temp Read Blocks": 0,
                                "Temp Written Blocks": 0
                            },
                            "Planning Time": 0.028,
                            "Triggers": [],
                            "Execution Time": 0.015
                        },
                        "exact_explanation": {
                            "Plan": {
                                "Node Type": "Seq Scan",
                                "Parallel Aware": false,
                                "Async Capable": false,
                                "Relation Name": "tests_benchmark_booltester015",
                                "Schema": "public",
                                "Alias": "tests_benchmark_booltester015",
                                "Startup Cost": 0.0,
                                "Total Cost": 2.01,
                                "Plan Rows": 1,
                                "Plan Width": 24,
                                "Actual Startup Time": 0.009,
                                "Actual Total Time": 0.009,
                                "Actual Rows": 0,
                                "Actual Loops": 1,
                                "Output": [
                                    "id",
                                    "flg_0",
                                    "flg_1",
                                    "flg_2",
                                    "flg_3",
                                    "flg_4",
                                    "flg_5",
                                    "flg_6",
                                    "flg_7",
                                    "flg_8",
                                    "flg_9",
                                    "flg_10",
                                    "flg_11",
                                    "flg_12",
                                    "flg_13",
                                    "flg_14",
                                    "flg_15"
                                ],
                                "Filter": "((NOT tests_benchmark_booltester015.flg_0) AND tests_benchmark_booltester015.flg_1 AND (NOT tests_benchmark_booltester015.flg_2) AND (NOT tests_benchmark_booltester015.flg_3) AND (NOT tests_benchmark_booltester015.flg_4) AND (NOT tests_benchmark_booltester015.flg_5) AND tests_benchmark_booltester015.flg_6 AND (NOT tests_benchmark_booltester015.flg_7) AND tests_benchmark_booltester015.flg_8 AND (NOT tests_benchmark_booltester015.flg_9) AND (NOT tests_benchmark_booltester015.flg_10) AND (NOT tests_benchmark_booltester015.flg_11) AND tests_benchmark_booltester015.flg_12 AND tests_benchmark_booltester015.flg_13 AND tests_benchmark_booltester015.flg_14 AND tests_benchmark_booltester015.flg_15)",
                                "Rows Removed by Filter": 101,
                                "Shared Hit Blocks": 1,
                                "Shared Read Blocks": 0,
                                "Shared Dirtied Blocks": 0,
                                "Shared Written Blocks": 0,
                                "Local Hit Blocks": 0,
                                "Local Read Blocks": 0,
                                "Local Dirtied Blocks": 0,
                                "Local Written Blocks": 0,
                                "Temp Read Blocks": 0,
                                "Temp Written Blocks": 0,
                                "WAL Records": 0,
                                "WAL FPI": 0,
                                "WAL Bytes": 0
                            },
                            "Settings": {},
                            "Planning": {
                                "Shared Hit Blocks": 0,
                                "Shared Read Blocks": 0,
                                "Shared Dirtied Blocks": 0,
                                "Shared Written Blocks": 0,
                                "Local Hit Blocks": 0,
                                "Local Read Blocks": 0,
                                "Local Dirtied Blocks": 0,
                                "Local Written Blocks": 0,
                                "Temp Read Blocks": 0,
                                "Temp Written Blocks": 0
                            },
                            "Planning Time": 0.051,
                            "Triggers": [],
                            "Execution Time": 0.013
                        },
                        "all_ftr_time": 1.0799999999999998e-05,
                        "any_ftr_time": 1.4300000000000002e-05,
                        "exact_ftr_time": 1.4200000000000001e-05
                    },
                    "1000": {
                        "all_time": 0.0008924872614443302,
                        "any_time": 0.0017347540939226746,
                        "exact_time": 0.0011806916445493698,
                        "table_size": 360448.0,
                        "index_time": 0.015635833144187927,
                        "all_explanation": {
                            "Plan": {
                                "Node Type": "Seq Scan",
                                "Parallel Aware": false,
                                "Async Capable": false,
                                "Relation Name": "tests_benchmark_booltester015",
                                "Schema": "public",
                                "Alias": "tests_benchmark_booltester015",
                                "Startup Cost": 0.0,
                                "Total Cost": 17.01,
                                "Plan Rows": 16,
                                "Plan Width": 24,
                                "Actual Startup Time": 0.004,
                                "Actual Total Time": 0.081,
                                "Actual Rows": 18,
                                "Actual Loops": 1,
                                "Output": [
                                    "id",
                                    "flg_0",
                                    "flg_1",
                                    "flg_2",
                                    "flg_3",
                                    "flg_4",
                                    "flg_5",
                                    "flg_6",
                                    "flg_7",
                                    "flg_8",
                                    "flg_9",
                                    "flg_10",
                                    "flg_11",
                                    "flg_12",
                                    "flg_13",
                                    "flg_14",
                                    "flg_15"
                                ],
                                "Filter": "(tests_benchmark_booltester015.flg_0 AND tests_benchmark_booltester015.flg_2 AND tests_benchmark_booltester015.flg_6 AND tests_benchmark_booltester015.flg_8 AND tests_benchmark_booltester015.flg_9 AND tests_benchmark_booltester015.flg_15)",
                                "Rows Removed by Filter": 983,
                                "Shared Hit Blocks": 7,
                                "Shared Read Blocks": 0,
                                "Shared Dirtied Blocks": 0,
                                "Shared Written Blocks": 0,
                                "Local Hit Blocks": 0,
                                "Local Read Blocks": 0,
                                "Local Dirtied Blocks": 0,
                                "Local Written Blocks": 0,
                                "Temp Read Blocks": 0,
                                "Temp Written Blocks": 0,
                                "WAL Records": 0,
                                "WAL FPI": 0,
                                "WAL Bytes": 0
                            },
                            "Settings": {},
                            "Planning": {
                                "Shared Hit Blocks": 0,
                                "Shared Read Blocks": 0,
                                "Shared Dirtied Blocks": 0,
                                "Shared Written Blocks": 0,
                                "Local Hit Blocks": 0,
                                "Local Read Blocks": 0,
                                "Local Dirtied Blocks": 0,
                                "Local Written Blocks": 0,
                                "Temp Read Blocks": 0,
                                "Temp Written Blocks": 0
                            },
                            "Planning Time": 0.032,
                            "Triggers": [],
                            "Execution Time": 0.083
                        },
                        "any_explanation": {
                            "Plan": {
                                "Node Type": "Seq Scan",
                                "Parallel Aware": false,
                                "Async Capable": false,
                                "Relation Name": "tests_benchmark_booltester015",
                                "Schema": "public",
                                "Alias": "tests_benchmark_booltester015",
                                "Startup Cost": 0.0,
                                "Total Cost": 17.01,
                                "Plan Rows": 985,
                                "Plan Width": 24,
                                "Actual Startup Time": 0.002,
                                "Actual Total Time": 0.093,
                                "Actual Rows": 978,
                                "Actual Loops": 1,
                                "Output": [
                                    "id",
                                    "flg_0",
                                    "flg_1",
                                    "flg_2",
                                    "flg_3",
                                    "flg_4",
                                    "flg_5",
                                    "flg_6",
                                    "flg_7",
                                    "flg_8",
                                    "flg_9",
                                    "flg_10",
                                    "flg_11",
                                    "flg_12",
                                    "flg_13",
                                    "flg_14",
                                    "flg_15"
                                ],
                                "Filter": "(tests_benchmark_booltester015.flg_0 OR tests_benchmark_booltester015.flg_2 OR tests_benchmark_booltester015.flg_6 OR tests_benchmark_booltester015.flg_8 OR tests_benchmark_booltester015.flg_9 OR tests_benchmark_booltester015.flg_15)",
                                "Rows Removed by Filter": 23,
                                "Shared Hit Blocks": 7,
                                "Shared Read Blocks": 0,
                                "Shared Dirtied Blocks": 0,
                                "Shared Written Blocks": 0,
                                "Local Hit Blocks": 0,
                                "Local Read Blocks": 0,
                                "Local Dirtied Blocks": 0,
                                "Local Written Blocks": 0,
                                "Temp Read Blocks": 0,
                                "Temp Written Blocks": 0,
                                "WAL Records": 0,
                                "WAL FPI": 0,
                                "WAL Bytes": 0
                            },
                            "Settings": {},
                            "Planning": {
                                "Shared Hit Blocks": 0,
                                "Shared Read Blocks": 0,
                                "Shared Dirtied Blocks": 0,
                                "Shared Written Blocks": 0,
                                "Local Hit Blocks": 0,
                                "Local Read Blocks": 0,
                                "Local Dirtied Blocks": 0,
                                "Local Written Blocks": 0,
                                "Temp Read Blocks": 0,
                                "Temp Written Blocks": 0
                            },
                            "Planning Time": 0.029,
                            "Triggers": [],
                            "Execution Time": 0.119
                        },
                        "exact_explanation": {
                            "Plan": {
                                "Node Type": "Seq Scan",
                                "Parallel Aware": false,
                                "Async Capable": false,
                                "Relation Name": "tests_benchmark_booltester015",
                                "Schema": "public",
                                "Alias": "tests_benchmark_booltester015",
                                "Startup Cost": 0.0,
                                "Total Cost": 17.01,
                                "Plan Rows": 1,
                                "Plan Width": 24,
                                "Actual Startup Time": 0.083,
                                "Actual Total Time": 0.083,
                                "Actual Rows": 0,
                                "Actual Loops": 1,
                                "Output": [
                                    "id",
                                    "flg_0",
                                    "flg_1",
                                    "flg_2",
                                    "flg_3",
                                    "flg_4",
                                    "flg_5",
                                    "flg_6",
                                    "flg_7",
                                    "flg_8",
                                    "flg_9",
                                    "flg_10",
                                    "flg_11",
                                    "flg_12",
                                    "flg_13",
                                    "flg_14",
                                    "flg_15"
                                ],
                                "Filter": "(tests_benchmark_booltester015.flg_0 AND (NOT tests_benchmark_booltester015.flg_1) AND tests_benchmark_booltester015.flg_2 AND (NOT tests_benchmark_booltester015.flg_3) AND (NOT tests_benchmark_booltester015.flg_4) AND (NOT tests_benchmark_booltester015.flg_5) AND tests_benchmark_booltester015.flg_6 AND (NOT tests_benchmark_booltester015.flg_7) AND tests_benchmark_booltester015.flg_8 AND tests_benchmark_booltester015.flg_9 AND (NOT tests_benchmark_booltester015.flg_10) AND (NOT tests_benchmark_booltester015.flg_11) AND (NOT tests_benchmark_booltester015.flg_12) AND (NOT tests_benchmark_booltester015.flg_13) AND (NOT tests_benchmark_booltester015.flg_14) AND tests_benchmark_booltester015.flg_15)",
                                "Rows Removed by Filter": 1001,
                                "Shared Hit Blocks": 7,
                                "Shared Read Blocks": 0,
                                "Shared Dirtied Blocks": 0,
                                "Shared Written Blocks": 0,
                                "Local Hit Blocks": 0,
                                "Local Read Blocks": 0,
                                "Local Dirtied Blocks": 0,
                                "Local Written Blocks": 0,
                                "Temp Read Blocks": 0,
                                "Temp Written Blocks": 0,
                                "WAL Records": 0,
                                "WAL FPI": 0,
                                "WAL Bytes": 0
                            },
                            "Settings": {},
                            "Planning": {
                                "Shared Hit Blocks": 0,
                                "Shared Read Blocks": 0,
                                "Shared Dirtied Blocks": 0,
                                "Shared Written Blocks": 0,
                                "Local Hit Blocks": 0,
                                "Local Read Blocks": 0,
                                "Local Dirtied Blocks": 0,
                                "Local Written Blocks": 0,
                                "Temp Read Blocks": 0,
                                "Temp Written Blocks": 0
                            },
                            "Planning Time": 0.059,
                            "Triggers": [],
                            "Execution Time": 0.087
                        },
                        "all_ftr_time": 7.429999999999999e-05,
                        "any_ftr_time": 0.00010889999999999999,
                        "exact_ftr_time": 8.04e-05
                    },
                    "10000": {
                        "all_time": 0.002188704116269946,
                        "any_time": 0.005370912398211658,
                        "exact_time": 0.0024770792340859773,
                        "table_size": 2211840.0,
                        "index_time": 0.07385804178193212,
                        "all_explanation": {
                            "Plan": {
                                "Node Type": "Seq Scan",
                                "Parallel Aware": false,
                                "Async Capable": false,
                                "Relation Name": "tests_benchmark_booltester015",
                                "Schema": "public",
                                "Alias": "tests_benchmark_booltester015",
                                "Startup Cost": 0.0,
                                "Total Cost": 164.01,
                                "Plan Rows": 313,
                                "Plan Width": 24,
                                "Actual Startup Time": 0.013,
                                "Actual Total Time": 0.839,
                                "Actual Rows": 346,
                                "Actual Loops": 1,
                                "Output": [
                                    "id",
                                    "flg_0",
                                    "flg_1",
                                    "flg_2",
                                    "flg_3",
                                    "flg_4",
                                    "flg_5",
                                    "flg_6",
                                    "flg_7",
                                    "flg_8",
                                    "flg_9",
                                    "flg_10",
                                    "flg_11",
                                    "flg_12",
                                    "flg_13",
                                    "flg_14",
                                    "flg_15"
                                ],
                                "Filter": "(tests_benchmark_booltester015.flg_0 AND tests_benchmark_booltester015.flg_4 AND tests_benchmark_booltester015.flg_7 AND tests_benchmark_booltester015.flg_9 AND tests_benchmark_booltester015.flg_10)",
                                "Rows Removed by Filter": 9655,
                                "Shared Hit Blocks": 64,
                                "Shared Read Blocks": 0,
                                "Shared Dirtied Blocks": 0,
                                "Shared Written Blocks": 0,
                                "Local Hit Blocks": 0,
                                "Local Read Blocks": 0,
                                "Local Dirtied Blocks": 0,
                                "Local Written Blocks": 0,
                                "Temp Read Blocks": 0,
                                "Temp Written Blocks": 0,
                                "WAL Records": 0,
                                "WAL FPI": 0,
                                "WAL Bytes": 0
                            },
                            "Settings": {},
                            "Planning": {
                                "Shared Hit Blocks": 0,
                                "Shared Read Blocks": 0,
                                "Shared Dirtied Blocks": 0,
                                "Shared Written Blocks": 0,
                                "Local Hit Blocks": 0,
                                "Local Read Blocks": 0,
                                "Local Dirtied Blocks": 0,
                                "Local Written Blocks": 0,
                                "Temp Read Blocks": 0,
                                "Temp Written Blocks": 0
                            },
                            "Planning Time": 0.037,
                            "Triggers": [],
                            "Execution Time": 0.852
                        },
                        "any_explanation": {
                            "Plan": {
                                "Node Type": "Seq Scan",
                                "Parallel Aware": false,
                                "Async Capable": false,
                                "Relation Name": "tests_benchmark_booltester015",
                                "Schema": "public",
                                "Alias": "tests_benchmark_booltester015",
                                "Startup Cost": 0.0,
                                "Total Cost": 164.01,
                                "Plan Rows": 9688,
                                "Plan Width": 24,
                                "Actual Startup Time": 0.003,
                                "Actual Total Time": 1.075,
                                "Actual Rows": 9669,
                                "Actual Loops": 1,
                                "Output": [
                                    "id",
                                    "flg_0",
                                    "flg_1",
                                    "flg_2",
                                    "flg_3",
                                    "flg_4",
                                    "flg_5",
                                    "flg_6",
                                    "flg_7",
                                    "flg_8",
                                    "flg_9",
                                    "flg_10",
                                    "flg_11",
                                    "flg_12",
                                    "flg_13",
                                    "flg_14",
                                    "flg_15"
                                ],
                                "Filter": "(tests_benchmark_booltester015.flg_0 OR tests_benchmark_booltester015.flg_4 OR tests_benchmark_booltester015.flg_7 OR tests_benchmark_booltester015.flg_9 OR tests_benchmark_booltester015.flg_10)",
                                "Rows Removed by Filter": 332,
                                "Shared Hit Blocks": 64,
                                "Shared Read Blocks": 0,
                                "Shared Dirtied Blocks": 0,
                                "Shared Written Blocks": 0,
                                "Local Hit Blocks": 0,
                                "Local Read Blocks": 0,
                                "Local Dirtied Blocks": 0,
                                "Local Written Blocks": 0,
                                "Temp Read Blocks": 0,
                                "Temp Written Blocks": 0,
                                "WAL Records": 0,
                                "WAL FPI": 0,
                                "WAL Bytes": 0
                            },
                            "Settings": {},
                            "Planning": {
                                "Shared Hit Blocks": 0,
                                "Shared Read Blocks": 0,
                                "Shared Dirtied Blocks": 0,
                                "Shared Written Blocks": 0,
                                "Local Hit Blocks": 0,
                                "Local Read Blocks": 0,
                                "Local Dirtied Blocks": 0,
                                "Local Written Blocks": 0,
                                "Temp Read Blocks": 0,
                                "Temp Written Blocks": 0
                            },
                            "Planning Time": 0.038,
                            "Triggers": [],
                            "Execution Time": 1.391
                        },
                        "exact_explanation": {
                            "Plan": {
                                "Node Type": "Seq Scan",
                                "Parallel Aware": false,
                                "Async Capable": false,
                                "Relation Name": "tests_benchmark_booltester015",
                                "Schema": "public",
                                "Alias": "tests_benchmark_booltester015",
                                "Startup Cost": 0.0,
                                "Total Cost": 164.01,
                                "Plan Rows": 1,
                                "Plan Width": 24,
                                "Actual Startup Time": 0.046,
                                "Actual Total Time": 1.086,
                                "Actual Rows": 1,
                                "Actual Loops": 1,
                                "Output": [
                                    "id",
                                    "flg_0",
                                    "flg_1",
                                    "flg_2",
                                    "flg_3",
                                    "flg_4",
                                    "flg_5",
                                    "flg_6",
                                    "flg_7",
                                    "flg_8",
                                    "flg_9",
                                    "flg_10",
                                    "flg_11",
                                    "flg_12",
                                    "flg_13",
                                    "flg_14",
                                    "flg_15"
                                ],
                                "Filter": "(tests_benchmark_booltester015.flg_0 AND (NOT tests_benchmark_booltester015.flg_1) AND (NOT tests_benchmark_booltester015.flg_2) AND (NOT tests_benchmark_booltester015.flg_3) AND tests_benchmark_booltester015.flg_4 AND (NOT tests_benchmark_booltester015.flg_5) AND (NOT tests_benchmark_booltester015.flg_6) AND tests_benchmark_booltester015.flg_7 AND (NOT tests_benchmark_booltester015.flg_8) AND tests_benchmark_booltester015.flg_9 AND tests_benchmark_booltester015.flg_10 AND (NOT tests_benchmark_booltester015.flg_11) AND (NOT tests_benchmark_booltester015.flg_12) AND (NOT tests_benchmark_booltester015.flg_13) AND (NOT tests_benchmark_booltester015.flg_14) AND (NOT tests_benchmark_booltester015.flg_15))",
                                "Rows Removed by Filter": 10000,
                                "Shared Hit Blocks": 64,
                                "Shared Read Blocks": 0,
                                "Shared Dirtied Blocks": 0,
                                "Shared Written Blocks": 0,
                                "Local Hit Blocks": 0,
                                "Local Read Blocks": 0,
                                "Local Dirtied Blocks": 0,
                                "Local Written Blocks": 0,
                                "Temp Read Blocks": 0,
                                "Temp Written Blocks": 0,
                                "WAL Records": 0,
                                "WAL FPI": 0,
                                "WAL Bytes": 0
                            },
                            "Settings": {},
                            "Planning": {
                                "Shared Hit Blocks": 0,
                                "Shared Read Blocks": 0,
                                "Shared Dirtied Blocks": 0,
                                "Shared Written Blocks": 0,
                                "Local Hit Blocks": 0,
                                "Local Read Blocks": 0,
                                "Local Dirtied Blocks": 0,
                                "Local Written Blocks": 0,
                                "Temp Read Blocks": 0,
                                "Temp Written Blocks": 0
                            },
                            "Planning Time": 0.08,
                            "Triggers": [],
                            "Execution Time": 1.091
                        },
                        "all_ftr_time": 0.0007847,
                        "any_ftr_time": 0.0011951000000000002,
                        "exact_ftr_time": 0.0008667999999999999
                    },
                    "100000": {
                        "all_time": 0.009167129104025663,
                        "any_time": 0.023502124985679985,
                        "exact_time": 0.011264925124123693,
                        "table_size": 18874368.0,
                        "index_time": 0.4741747500374913,
                        "all_explanation": {
                            "Plan": {
                                "Node Type": "Seq Scan",
                                "Parallel Aware": false,
                                "Async Capable": false,
                                "Relation Name": "tests_benchmark_booltester015",
                                "Schema": "public",
                                "Alias": "tests_benchmark_booltester015",
                                "Startup Cost": 0.0,
                                "Total Cost": 1637.01,
                                "Plan Rows": 391,
                                "Plan Width": 24,
                                "Actual Startup Time": 0.01,
                                "Actual Total Time": 6.653,
                                "Actual Rows": 384,
                                "Actual Loops": 1,
                                "Output": [
                                    "id",
                                    "flg_0",
                                    "flg_1",
                                    "flg_2",
                                    "flg_3",
                                    "flg_4",
                                    "flg_5",
                                    "flg_6",
                                    "flg_7",
                                    "flg_8",
                                    "flg_9",
                                    "flg_10",
                                    "flg_11",
                                    "flg_12",
                                    "flg_13",
                                    "flg_14",
                                    "flg_15"
                                ],
                                "Filter": "(tests_benchmark_booltester015.flg_0 AND tests_benchmark_booltester015.flg_1 AND tests_benchmark_booltester015.flg_5 AND tests_benchmark_booltester015.flg_7 AND tests_benchmark_booltester015.flg_11 AND tests_benchmark_booltester015.flg_13 AND tests_benchmark_booltester015.flg_14 AND tests_benchmark_booltester015.flg_15)",
                                "Rows Removed by Filter": 99617,
                                "Shared Hit Blocks": 637,
                                "Shared Read Blocks": 0,
                                "Shared Dirtied Blocks": 0,
                                "Shared Written Blocks": 0,
                                "Local Hit Blocks": 0,
                                "Local Read Blocks": 0,
                                "Local Dirtied Blocks": 0,
                                "Local Written Blocks": 0,
                                "Temp Read Blocks": 0,
                                "Temp Written Blocks": 0,
                                "WAL Records": 0,
                                "WAL FPI": 0,
                                "WAL Bytes": 0
                            },
                            "Settings": {},
                            "Planning": {
                                "Shared Hit Blocks": 0,
                                "Shared Read Blocks": 0,
                                "Shared Dirtied Blocks": 0,
                                "Shared Written Blocks": 0,
                                "Local Hit Blocks": 0,
                                "Local Read Blocks": 0,
                                "Local Dirtied Blocks": 0,
                                "Local Written Blocks": 0,
                                "Temp Read Blocks": 0,
                                "Temp Written Blocks": 0
                            },
                            "Planning Time": 0.054,
                            "Triggers": [],
                            "Execution Time": 6.668
                        },
                        "any_explanation": {
                            "Plan": {
                                "Node Type": "Seq Scan",
                                "Parallel Aware": false,
                                "Async Capable": false,
                                "Relation Name": "tests_benchmark_booltester015",
                                "Schema": "public",
                                "Alias": "tests_benchmark_booltester015",
                                "Startup Cost": 0.0,
                                "Total Cost": 1637.01,
                                "Plan Rows": 99610,
                                "Plan Width": 24,
                                "Actual Startup Time": 0.003,
                                "Actual Total Time": 7.623,
                                "Actual Rows": 99619,
                                "Actual Loops": 1,
                                "Output": [
                                    "id",
                                    "flg_0",
                                    "flg_1",
                                    "flg_2",
                                    "flg_3",
                                    "flg_4",
                                    "flg_5",
                                    "flg_6",
                                    "flg_7",
                                    "flg_8",
                                    "flg_9",
                                    "flg_10",
                                    "flg_11",
                                    "flg_12",
                                    "flg_13",
                                    "flg_14",
                                    "flg_15"
                                ],
                                "Filter": "(tests_benchmark_booltester015.flg_0 OR tests_benchmark_booltester015.flg_1 OR tests_benchmark_booltester015.flg_5 OR tests_benchmark_booltester015.flg_7 OR tests_benchmark_booltester015.flg_11 OR tests_benchmark_booltester015.flg_13 OR tests_benchmark_booltester015.flg_14 OR tests_benchmark_booltester015.flg_15)",
                                "Rows Removed by Filter": 382,
                                "Shared Hit Blocks": 637,
                                "Shared Read Blocks": 0,
                                "Shared Dirtied Blocks": 0,
                                "Shared Written Blocks": 0,
                                "Local Hit Blocks": 0,
                                "Local Read Blocks": 0,
                                "Local Dirtied Blocks": 0,
                                "Local Written Blocks": 0,
                                "Temp Read Blocks": 0,
                                "Temp Written Blocks": 0,
                                "WAL Records": 0,
                                "WAL FPI": 0,
                                "WAL Bytes": 0
                            },
                            "Settings": {},
                            "Planning": {
                                "Shared Hit Blocks": 0,
                                "Shared Read Blocks": 0,
                                "Shared Dirtied Blocks": 0,
                                "Shared Written Blocks": 0,
                                "Local Hit Blocks": 0,
                                "Local Read Blocks": 0,
                                "Local Dirtied Blocks": 0,
                                "Local Written Blocks": 0,
                                "Temp Read Blocks": 0,
                                "Temp Written Blocks": 0
                            },
                            "Planning Time": 0.042,
                            "Triggers": [],
                            "Execution Time": 9.643
                        },
                        "exact_explanation": {
                            "Plan": {
                                "Node Type": "Seq Scan",
                                "Parallel Aware": false,
                                "Async Capable": false,
                                "Relation Name": "tests_benchmark_booltester015",
                                "Schema": "public",
                                "Alias": "tests_benchmark_booltester015",
                                "Startup Cost": 0.0,
                                "Total Cost": 1637.01,
                                "Plan Rows": 2,
                                "Plan Width": 24,
                                "Actual Startup Time": 3.308,
                                "Actual Total Time": 6.641,
                                "Actual Rows": 1,
                                "Actual Loops": 1,
                                "Output": [
                                    "id",
                                    "flg_0",
                                    "flg_1",
                                    "flg_2",
                                    "flg_3",
                                    "flg_4",
                                    "flg_5",
                                    "flg_6",
                                    "flg_7",
                                    "flg_8",
                                    "flg_9",
                                    "flg_10",
                                    "flg_11",
                                    "flg_12",
                                    "flg_13",
                                    "flg_14",
                                    "flg_15"
                                ],
                                "Filter": "(tests_benchmark_booltester015.flg_0 AND tests_benchmark_booltester015.flg_1 AND (NOT tests_benchmark_booltester015.flg_2) AND (NOT tests_benchmark_booltester015.flg_3) AND (NOT tests_benchmark_booltester015.flg_4) AND tests_benchmark_booltester015.flg_5 AND (NOT tests_benchmark_booltester015.flg_6) AND tests_benchmark_booltester015.flg_7 AND (NOT tests_benchmark_booltester015.flg_8) AND (NOT tests_benchmark_booltester015.flg_9) AND (NOT tests_benchmark_booltester015.flg_10) AND tests_benchmark_booltester015.flg_11 AND (NOT tests_benchmark_booltester015.flg_12) AND tests_benchmark_booltester015.flg_13 AND tests_benchmark_booltester015.flg_14 AND tests_benchmark_booltester015.flg_15)",
                                "Rows Removed by Filter": 100000,
                                "Shared Hit Blocks": 637,
                                "Shared Read Blocks": 0,
                                "Shared Dirtied Blocks": 0,
                                "Shared Written Blocks": 0,
                                "Local Hit Blocks": 0,
                                "Local Read Blocks": 0,
                                "Local Dirtied Blocks": 0,
                                "Local Written Blocks": 0,
                                "Temp Read Blocks": 0,
                                "Temp Written Blocks": 0,
                                "WAL Records": 0,
                                "WAL FPI": 0,
                                "WAL Bytes": 0
                            },
                            "Settings": {},
                            "Planning": {
                                "Shared Hit Blocks": 0,
                                "Shared Read Blocks": 0,
                                "Shared Dirtied Blocks": 0,
                                "Shared Written Blocks": 0,
                                "Local Hit Blocks": 0,
                                "Local Read Blocks": 0,
                                "Local Dirtied Blocks": 0,
                                "Local Written Blocks": 0,
                                "Temp Read Blocks": 0,
                                "Temp Written Blocks": 0
                            },
                            "Planning Time": 0.053,
                            "Triggers": [],
                            "Execution Time": 6.647
                        },
                        "all_ftr_time": 0.0066016,
                        "any_ftr_time": 0.009759699999999998,
                        "exact_ftr_time": 0.006843599999999999
                    },
                    "1000000": {
                        "all_time": 0.031233937735669313,
                        "any_time": 0.13824677092488855,
                        "exact_time": 0.03335871656890958,
                        "table_size": 185597952.0,
                        "index_time": 4.198674583109096,
                        "all_explanation": {
                            "Plan": {
                                "Node Type": "Seq Scan",
                                "Parallel Aware": false,
                                "Async Capable": false,
                                "Relation Name": "tests_benchmark_booltester015",
                                "Schema": "public",
                                "Alias": "tests_benchmark_booltester015",
                                "Startup Cost": 0.0,
                                "Total Cost": 16370.01,
                                "Plan Rows": 62500,
                                "Plan Width": 24,
                                "Actual Startup Time": 0.012,
                                "Actual Total Time": 67.568,
                                "Actual Rows": 62391,
                                "Actual Loops": 1,
                                "Output": [
                                    "id",
                                    "flg_0",
                                    "flg_1",
                                    "flg_2",
                                    "flg_3",
                                    "flg_4",
                                    "flg_5",
                                    "flg_6",
                                    "flg_7",
                                    "flg_8",
                                    "flg_9",
                                    "flg_10",
                                    "flg_11",
                                    "flg_12",
                                    "flg_13",
                                    "flg_14",
                                    "flg_15"
                                ],
                                "Filter": "(tests_benchmark_booltester015.flg_1 AND tests_benchmark_booltester015.flg_4 AND tests_benchmark_booltester015.flg_11 AND tests_benchmark_booltester015.flg_15)",
                                "Rows Removed by Filter": 937610,
                                "Shared Hit Blocks": 5792,
                                "Shared Read Blocks": 578,
                                "Shared Dirtied Blocks": 0,
                                "Shared Written Blocks": 0,
                                "Local Hit Blocks": 0,
                                "Local Read Blocks": 0,
                                "Local Dirtied Blocks": 0,
                                "Local Written Blocks": 0,
                                "Temp Read Blocks": 0,
                                "Temp Written Blocks": 0,
                                "WAL Records": 0,
                                "WAL FPI": 0,
                                "WAL Bytes": 0
                            },
                            "Settings": {},
                            "Planning": {
                                "Shared Hit Blocks": 0,
                                "Shared Read Blocks": 0,
                                "Shared Dirtied Blocks": 0,
                                "Shared Written Blocks": 0,
                                "Local Hit Blocks": 0,
                                "Local Read Blocks": 0,
                                "Local Dirtied Blocks": 0,
                                "Local Written Blocks": 0,
                                "Temp Read Blocks": 0,
                                "Temp Written Blocks": 0
                            },
                            "Planning Time": 0.085,
                            "Triggers": [],
                            "Execution Time": 68.817
                        },
                        "any_explanation": {
                            "Plan": {
                                "Node Type": "Seq Scan",
                                "Parallel Aware": false,
                                "Async Capable": false,
                                "Relation Name": "tests_benchmark_booltester015",
                                "Schema": "public",
                                "Alias": "tests_benchmark_booltester015",
                                "Startup Cost": 0.0,
                                "Total Cost": 16370.01,
                                "Plan Rows": 937501,
                                "Plan Width": 24,
                                "Actual Startup Time": 0.016,
                                "Actual Total Time": 81.179,
                                "Actual Rows": 937526,
                                "Actual Loops": 1,
                                "Output": [
                                    "id",
                                    "flg_0",
                                    "flg_1",
                                    "flg_2",
                                    "flg_3",
                                    "flg_4",
                                    "flg_5",
                                    "flg_6",
                                    "flg_7",
                                    "flg_8",
                                    "flg_9",
                                    "flg_10",
                                    "flg_11",
                                    "flg_12",
                                    "flg_13",
                                    "flg_14",
                                    "flg_15"
                                ],
                                "Filter": "(tests_benchmark_booltester015.flg_1 OR tests_benchmark_booltester015.flg_4 OR tests_benchmark_booltester015.flg_11 OR tests_benchmark_booltester015.flg_15)",
                                "Rows Removed by Filter": 62475,
                                "Shared Hit Blocks": 5920,
                                "Shared Read Blocks": 450,
                                "Shared Dirtied Blocks": 0,
                                "Shared Written Blocks": 0,
                                "Local Hit Blocks": 0,
                                "Local Read Blocks": 0,
                                "Local Dirtied Blocks": 0,
                                "Local Written Blocks": 0,
                                "Temp Read Blocks": 0,
                                "Temp Written Blocks": 0,
                                "WAL Records": 0,
                                "WAL FPI": 0,
                                "WAL Bytes": 0
                            },
                            "Settings": {},
                            "Planning": {
                                "Shared Hit Blocks": 0,
                                "Shared Read Blocks": 0,
                                "Shared Dirtied Blocks": 0,
                                "Shared Written Blocks": 0,
                                "Local Hit Blocks": 0,
                                "Local Read Blocks": 0,
                                "Local Dirtied Blocks": 0,
                                "Local Written Blocks": 0,
                                "Temp Read Blocks": 0,
                                "Temp Written Blocks": 0
                            },
                            "Planning Time": 0.097,
                            "Triggers": [],
                            "Execution Time": 100.275
                        },
                        "exact_explanation": {
                            "Plan": {
                                "Node Type": "Gather",
                                "Parallel Aware": false,
                                "Async Capable": false,
                                "Startup Cost": 1000.0,
                                "Total Cost": 11538.17,
                                "Plan Rows": 15,
                                "Plan Width": 24,
                                "Actual Startup Time": 0.666,
                                "Actual Total Time": 28.328,
                                "Actual Rows": 16,
                                "Actual Loops": 1,
                                "Output": [
                                    "id",
                                    "flg_0",
                                    "flg_1",
                                    "flg_2",
                                    "flg_3",
                                    "flg_4",
                                    "flg_5",
                                    "flg_6",
                                    "flg_7",
                                    "flg_8",
                                    "flg_9",
                                    "flg_10",
                                    "flg_11",
                                    "flg_12",
                                    "flg_13",
                                    "flg_14",
                                    "flg_15"
                                ],
                                "Workers Planned": 2,
                                "Workers Launched": 2,
                                "Single Copy": false,
                                "Shared Hit Blocks": 6048,
                                "Shared Read Blocks": 322,
                                "Shared Dirtied Blocks": 0,
                                "Shared Written Blocks": 0,
                                "Local Hit Blocks": 0,
                                "Local Read Blocks": 0,
                                "Local Dirtied Blocks": 0,
                                "Local Written Blocks": 0,
                                "Temp Read Blocks": 0,
                                "Temp Written Blocks": 0,
                                "WAL Records": 0,
                                "WAL FPI": 0,
                                "WAL Bytes": 0,
                                "Plans": [
                                    {
                                        "Node Type": "Seq Scan",
                                        "Parent Relationship": "Outer",
                                        "Parallel Aware": true,
                                        "Async Capable": false,
                                        "Relation Name": "tests_benchmark_booltester015",
                                        "Schema": "public",
                                        "Alias": "tests_benchmark_booltester015",
                                        "Startup Cost": 0.0,
                                        "Total Cost": 10536.67,
                                        "Plan Rows": 6,
                                        "Plan Width": 24,
                                        "Actual Startup Time": 3.612,
                                        "Actual Total Time": 25.818,
                                        "Actual Rows": 5,
                                        "Actual Loops": 3,
                                        "Output": [
                                            "id",
                                            "flg_0",
                                            "flg_1",
                                            "flg_2",
                                            "flg_3",
                                            "flg_4",
                                            "flg_5",
                                            "flg_6",
                                            "flg_7",
                                            "flg_8",
                                            "flg_9",
                                            "flg_10",
                                            "flg_11",
                                            "flg_12",
                                            "flg_13",
                                            "flg_14",
                                            "flg_15"
                                        ],
                                        "Filter": "((NOT tests_benchmark_booltester015.flg_0) AND tests_benchmark_booltester015.flg_1 AND (NOT tests_benchmark_booltester015.flg_2) AND (NOT tests_benchmark_booltester015.flg_3) AND tests_benchmark_booltester015.flg_4 AND (NOT tests_benchmark_booltester015.flg_5) AND (NOT tests_benchmark_booltester015.flg_6) AND (NOT tests_benchmark_booltester015.flg_7) AND (NOT tests_benchmark_booltester015.flg_8) AND (NOT tests_benchmark_booltester015.flg_9) AND (NOT tests_benchmark_booltester015.flg_10) AND tests_benchmark_booltester015.flg_11 AND (NOT tests_benchmark_booltester015.flg_12) AND (NOT tests_benchmark_booltester015.flg_13) AND (NOT tests_benchmark_booltester015.flg_14) AND tests_benchmark_booltester015.flg_15)",
                                        "Rows Removed by Filter": 333328,
                                        "Shared Hit Blocks": 6048,
                                        "Shared Read Blocks": 322,
                                        "Shared Dirtied Blocks": 0,
                                        "Shared Written Blocks": 0,
                                        "Local Hit Blocks": 0,
                                        "Local Read Blocks": 0,
                                        "Local Dirtied Blocks": 0,
                                        "Local Written Blocks": 0,
                                        "Temp Read Blocks": 0,
                                        "Temp Written Blocks": 0,
                                        "WAL Records": 0,
                                        "WAL FPI": 0,
                                        "WAL Bytes": 0,
                                        "Workers": [
                                            {
                                                "Worker Number": 0,
                                                "Actual Startup Time": 2.436,
                                                "Actual Total Time": 25.104,
                                                "Actual Rows": 9,
                                                "Actual Loops": 1,
                                                "Shared Hit Blocks": 1970,
                                                "Shared Read Blocks": 52,
                                                "Shared Dirtied Blocks": 0,
                                                "Shared Written Blocks": 0,
                                                "Local Hit Blocks": 0,
                                                "Local Read Blocks": 0,
                                                "Local Dirtied Blocks": 0,
                                                "Local Written Blocks": 0,
                                                "Temp Read Blocks": 0,
                                                "Temp Written Blocks": 0,
                                                "WAL Records": 0,
                                                "WAL FPI": 0,
                                                "WAL Bytes": 0
                                            },
                                            {
                                                "Worker Number": 1,
                                                "Actual Startup Time": 7.8,
                                                "Actual Total Time": 25.099,
                                                "Actual Rows": 2,
                                                "Actual Loops": 1,
                                                "Shared Hit Blocks": 1976,
                                                "Shared Read Blocks": 48,
                                                "Shared Dirtied Blocks": 0,
                                                "Shared Written Blocks": 0,
                                                "Local Hit Blocks": 0,
                                                "Local Read Blocks": 0,
                                                "Local Dirtied Blocks": 0,
                                                "Local Written Blocks": 0,
                                                "Temp Read Blocks": 0,
                                                "Temp Written Blocks": 0,
                                                "WAL Records": 0,
                                                "WAL FPI": 0,
                                                "WAL Bytes": 0
                                            }
                                        ]
                                    }
                                ]
                            },
                            "Settings": {},
                            "Planning": {
                                "Shared Hit Blocks": 0,
                                "Shared Read Blocks": 0,
                                "Shared Dirtied Blocks": 0,
                                "Shared Written Blocks": 0,
                                "Local Hit Blocks": 0,
                                "Local Read Blocks": 0,
                                "Local Dirtied Blocks": 0,
                                "Local Written Blocks": 0,
                                "Temp Read Blocks": 0,
                                "Temp Written Blocks": 0
                            },
                            "Planning Time": 0.107,
                            "Triggers": [],
                            "Execution Time": 28.337
                        },
                        "all_ftr_time": 0.0318199,
                        "any_ftr_time": 0.098907,
                        "exact_ftr_time": 0.0281735
                    },
                    "2000000": {
                        "all_time": 0.05997646236792207,
                        "any_time": 0.278523462486919,
                        "exact_time": 0.06285778338788077,
                        "table_size": 371195904.0,
                        "index_time": 10.57316099992022,
                        "all_explanation": {
                            "Plan": {
                                "Node Type": "Seq Scan",
                                "Parallel Aware": false,
                                "Async Capable": false,
                                "Relation Name": "tests_benchmark_booltester015",
                                "Schema": "public",
                                "Alias": "tests_benchmark_booltester015",
                                "Startup Cost": 0.0,
                                "Total Cost": 32739.01,
                                "Plan Rows": 500000,
                                "Plan Width": 24,
                                "Actual Startup Time": 0.007,
                                "Actual Total Time": 141.694,
                                "Actual Rows": 499792,
                                "Actual Loops": 1,
                                "Output": [
                                    "id",
                                    "flg_0",
                                    "flg_1",
                                    "flg_2",
                                    "flg_3",
                                    "flg_4",
                                    "flg_5",
                                    "flg_6",
                                    "flg_7",
                                    "flg_8",
                                    "flg_9",
                                    "flg_10",
                                    "flg_11",
                                    "flg_12",
                                    "flg_13",
                                    "flg_14",
                                    "flg_15"
                                ],
                                "Filter": "(tests_benchmark_booltester015.flg_2 AND tests_benchmark_booltester015.flg_14)",
                                "Rows Removed by Filter": 1500209,
                                "Shared Hit Blocks": 5728,
                                "Shared Read Blocks": 7011,
                                "Shared Dirtied Blocks": 0,
                                "Shared Written Blocks": 0,
                                "Local Hit Blocks": 0,
                                "Local Read Blocks": 0,
                                "Local Dirtied Blocks": 0,
                                "Local Written Blocks": 0,
                                "Temp Read Blocks": 0,
                                "Temp Written Blocks": 0,
                                "WAL Records": 0,
                                "WAL FPI": 0,
                                "WAL Bytes": 0
                            },
                            "Settings": {},
                            "Planning": {
                                "Shared Hit Blocks": 0,
                                "Shared Read Blocks": 0,
                                "Shared Dirtied Blocks": 0,
                                "Shared Written Blocks": 0,
                                "Local Hit Blocks": 0,
                                "Local Read Blocks": 0,
                                "Local Dirtied Blocks": 0,
                                "Local Written Blocks": 0,
                                "Temp Read Blocks": 0,
                                "Temp Written Blocks": 0
                            },
                            "Planning Time": 0.086,
                            "Triggers": [],
                            "Execution Time": 151.819
                        },
                        "any_explanation": {
                            "Plan": {
                                "Node Type": "Seq Scan",
                                "Parallel Aware": false,
                                "Async Capable": false,
                                "Relation Name": "tests_benchmark_booltester015",
                                "Schema": "public",
                                "Alias": "tests_benchmark_booltester015",
                                "Startup Cost": 0.0,
                                "Total Cost": 32739.01,
                                "Plan Rows": 1500001,
                                "Plan Width": 24,
                                "Actual Startup Time": 0.008,
                                "Actual Total Time": 169.546,
                                "Actual Rows": 1499195,
                                "Actual Loops": 1,
                                "Output": [
                                    "id",
                                    "flg_0",
                                    "flg_1",
                                    "flg_2",
                                    "flg_3",
                                    "flg_4",
                                    "flg_5",
                                    "flg_6",
                                    "flg_7",
                                    "flg_8",
                                    "flg_9",
                                    "flg_10",
                                    "flg_11",
                                    "flg_12",
                                    "flg_13",
                                    "flg_14",
                                    "flg_15"
                                ],
                                "Filter": "(tests_benchmark_booltester015.flg_2 OR tests_benchmark_booltester015.flg_14)",
                                "Rows Removed by Filter": 500806,
                                "Shared Hit Blocks": 5856,
                                "Shared Read Blocks": 6883,
                                "Shared Dirtied Blocks": 0,
                                "Shared Written Blocks": 0,
                                "Local Hit Blocks": 0,
                                "Local Read Blocks": 0,
                                "Local Dirtied Blocks": 0,
                                "Local Written Blocks": 0,
                                "Temp Read Blocks": 0,
                                "Temp Written Blocks": 0,
                                "WAL Records": 0,
                                "WAL FPI": 0,
                                "WAL Bytes": 0
                            },
                            "Settings": {},
                            "Planning": {
                                "Shared Hit Blocks": 0,
                                "Shared Read Blocks": 0,
                                "Shared Dirtied Blocks": 0,
                                "Shared Written Blocks": 0,
                                "Local Hit Blocks": 0,
                                "Local Read Blocks": 0,
                                "Local Dirtied Blocks": 0,
                                "Local Written Blocks": 0,
                                "Temp Read Blocks": 0,
                                "Temp Written Blocks": 0
                            },
                            "Planning Time": 0.09,
                            "Triggers": [],
                            "Execution Time": 202.215
                        },
                        "exact_explanation": {
                            "Plan": {
                                "Node Type": "Gather",
                                "Parallel Aware": false,
                                "Async Capable": false,
                                "Startup Cost": 1000.0,
                                "Total Cost": 22075.44,
                                "Plan Rows": 31,
                                "Plan Width": 24,
                                "Actual Startup Time": 2.911,
                                "Actual Total Time": 56.293,
                                "Actual Rows": 39,
                                "Actual Loops": 1,
                                "Output": [
                                    "id",
                                    "flg_0",
                                    "flg_1",
                                    "flg_2",
                                    "flg_3",
                                    "flg_4",
                                    "flg_5",
                                    "flg_6",
                                    "flg_7",
                                    "flg_8",
                                    "flg_9",
                                    "flg_10",
                                    "flg_11",
                                    "flg_12",
                                    "flg_13",
                                    "flg_14",
                                    "flg_15"
                                ],
                                "Workers Planned": 2,
                                "Workers Launched": 2,
                                "Single Copy": false,
                                "Shared Hit Blocks": 5984,
                                "Shared Read Blocks": 6755,
                                "Shared Dirtied Blocks": 0,
                                "Shared Written Blocks": 0,
                                "Local Hit Blocks": 0,
                                "Local Read Blocks": 0,
                                "Local Dirtied Blocks": 0,
                                "Local Written Blocks": 0,
                                "Temp Read Blocks": 0,
                                "Temp Written Blocks": 0,
                                "WAL Records": 0,
                                "WAL FPI": 0,
                                "WAL Bytes": 0,
                                "Plans": [
                                    {
                                        "Node Type": "Seq Scan",
                                        "Parent Relationship": "Outer",
                                        "Parallel Aware": true,
                                        "Async Capable": false,
                                        "Relation Name": "tests_benchmark_booltester015",
                                        "Schema": "public",
                                        "Alias": "tests_benchmark_booltester015",
                                        "Startup Cost": 0.0,
                                        "Total Cost": 21072.34,
                                        "Plan Rows": 13,
                                        "Plan Width": 24,
                                        "Actual Startup Time": 1.214,
                                        "Actual Total Time": 53.892,
                                        "Actual Rows": 13,
                                        "Actual Loops": 3,
                                        "Output": [
                                            "id",
                                            "flg_0",
                                            "flg_1",
                                            "flg_2",
                                            "flg_3",
                                            "flg_4",
                                            "flg_5",
                                            "flg_6",
                                            "flg_7",
                                            "flg_8",
                                            "flg_9",
                                            "flg_10",
                                            "flg_11",
                                            "flg_12",
                                            "flg_13",
                                            "flg_14",
                                            "flg_15"
                                        ],
                                        "Filter": "((NOT tests_benchmark_booltester015.flg_0) AND (NOT tests_benchmark_booltester015.flg_1) AND tests_benchmark_booltester015.flg_2 AND (NOT tests_benchmark_booltester015.flg_3) AND (NOT tests_benchmark_booltester015.flg_4) AND (NOT tests_benchmark_booltester015.flg_5) AND (NOT tests_benchmark_booltester015.flg_6) AND (NOT tests_benchmark_booltester015.flg_7) AND (NOT tests_benchmark_booltester015.flg_8) AND (NOT tests_benchmark_booltester015.flg_9) AND (NOT tests_benchmark_booltester015.flg_10) AND (NOT tests_benchmark_booltester015.flg_11) AND (NOT tests_benchmark_booltester015.flg_12) AND (NOT tests_benchmark_booltester015.flg_13) AND tests_benchmark_booltester015.flg_14 AND (NOT tests_benchmark_booltester015.flg_15))",
                                        "Rows Removed by Filter": 666654,
                                        "Shared Hit Blocks": 5984,
                                        "Shared Read Blocks": 6755,
                                        "Shared Dirtied Blocks": 0,
                                        "Shared Written Blocks": 0,
                                        "Local Hit Blocks": 0,
                                        "Local Read Blocks": 0,
                                        "Local Dirtied Blocks": 0,
                                        "Local Written Blocks": 0,
                                        "Temp Read Blocks": 0,
                                        "Temp Written Blocks": 0,
                                        "WAL Records": 0,
                                        "WAL FPI": 0,
                                        "WAL Bytes": 0,
                                        "Workers": [
                                            {
                                                "Worker Number": 0,
                                                "Actual Startup Time": 0.736,
                                                "Actual Total Time": 53.187,
                                                "Actual Rows": 17,
                                                "Actual Loops": 1,
                                                "Shared Hit Blocks": 1947,
                                                "Shared Read Blocks": 2195,
                                                "Shared Dirtied Blocks": 0,
                                                "Shared Written Blocks": 0,
                                                "Local Hit Blocks": 0,
                                                "Local Read Blocks": 0,
                                                "Local Dirtied Blocks": 0,
                                                "Local Written Blocks": 0,
                                                "Temp Read Blocks": 0,
                                                "Temp Written Blocks": 0,
                                                "WAL Records": 0,
                                                "WAL FPI": 0,
                                                "WAL Bytes": 0
                                            },
                                            {
                                                "Worker Number": 1,
                                                "Actual Startup Time": 0.088,
                                                "Actual Total Time": 53.229,
                                                "Actual Rows": 13,
                                                "Actual Loops": 1,
                                                "Shared Hit Blocks": 1950,
                                                "Shared Read Blocks": 2200,
                                                "Shared Dirtied Blocks": 0,
                                                "Shared Written Blocks": 0,
                                                "Local Hit Blocks": 0,
                                                "Local Read Blocks": 0,
                                                "Local Dirtied Blocks": 0,
                                                "Local Written Blocks": 0,
                                                "Temp Read Blocks": 0,
                                                "Temp Written Blocks": 0,
                                                "WAL Records": 0,
                                                "WAL FPI": 0,
                                                "WAL Bytes": 0
                                            }
                                        ]
                                    }
                                ]
                            },
                            "Settings": {},
                            "Planning": {
                                "Shared Hit Blocks": 0,
                                "Shared Read Blocks": 0,
                                "Shared Dirtied Blocks": 0,
                                "Shared Written Blocks": 0,
                                "Local Hit Blocks": 0,
                                "Local Read Blocks": 0,
                                "Local Dirtied Blocks": 0,
                                "Local Written Blocks": 0,
                                "Temp Read Blocks": 0,
                                "Temp Written Blocks": 0
                            },
                            "Planning Time": 0.132,
                            "Triggers": [],
                            "Execution Time": 56.305
                        },
                        "all_ftr_time": 0.0754465,
                        "any_ftr_time": 0.20707440000000002,
                        "exact_ftr_time": 0.0574986
                    },
                    "4000000": {
                        "all_time": 0.11251246281899512,
                        "any_time": 0.5498114000190981,
                        "exact_time": 0.11915281672263518,
                        "table_size": 742391808.0,
                        "index_time": 22.691666707978584,
                        "all_explanation": {
                            "Plan": {
                                "Node Type": "Gather",
                                "Parallel Aware": false,
                                "Async Capable": false,
                                "Startup Cost": 1000.0,
                                "Total Cost": 55644.67,
                                "Plan Rows": 125000,
                                "Plan Width": 24,
                                "Actual Startup Time": 0.09,
                                "Actual Total Time": 109.26,
                                "Actual Rows": 125360,
                                "Actual Loops": 1,
                                "Output": [
                                    "id",
                                    "flg_0",
                                    "flg_1",
                                    "flg_2",
                                    "flg_3",
                                    "flg_4",
                                    "flg_5",
                                    "flg_6",
                                    "flg_7",
                                    "flg_8",
                                    "flg_9",
                                    "flg_10",
                                    "flg_11",
                                    "flg_12",
                                    "flg_13",
                                    "flg_14",
                                    "flg_15"
                                ],
                                "Workers Planned": 2,
                                "Workers Launched": 2,
                                "Single Copy": false,
                                "Shared Hit Blocks": 5824,
                                "Shared Read Blocks": 19654,
                                "Shared Dirtied Blocks": 0,
                                "Shared Written Blocks": 0,
                                "Local Hit Blocks": 0,
                                "Local Read Blocks": 0,
                                "Local Dirtied Blocks": 0,
                                "Local Written Blocks": 0,
                                "Temp Read Blocks": 0,
                                "Temp Written Blocks": 0,
                                "WAL Records": 0,
                                "WAL FPI": 0,
                                "WAL Bytes": 0,
                                "Plans": [
                                    {
                                        "Node Type": "Seq Scan",
                                        "Parent Relationship": "Outer",
                                        "Parallel Aware": true,
                                        "Async Capable": false,
                                        "Relation Name": "tests_benchmark_booltester015",
                                        "Schema": "public",
                                        "Alias": "tests_benchmark_booltester015",
                                        "Startup Cost": 0.0,
                                        "Total Cost": 42144.67,
                                        "Plan Rows": 52083,
                                        "Plan Width": 24,
                                        "Actual Startup Time": 0.029,
                                        "Actual Total Time": 99.616,
                                        "Actual Rows": 41787,
                                        "Actual Loops": 3,
                                        "Output": [
                                            "id",
                                            "flg_0",
                                            "flg_1",
                                            "flg_2",
                                            "flg_3",
                                            "flg_4",
                                            "flg_5",
                                            "flg_6",
                                            "flg_7",
                                            "flg_8",
                                            "flg_9",
                                            "flg_10",
                                            "flg_11",
                                            "flg_12",
                                            "flg_13",
                                            "flg_14",
                                            "flg_15"
                                        ],
                                        "Filter": "(tests_benchmark_booltester015.flg_1 AND tests_benchmark_booltester015.flg_7 AND tests_benchmark_booltester015.flg_9 AND tests_benchmark_booltester015.flg_11 AND tests_benchmark_booltester015.flg_12)",
                                        "Rows Removed by Filter": 1291547,
                                        "Shared Hit Blocks": 5824,
                                        "Shared Read Blocks": 19654,
                                        "Shared Dirtied Blocks": 0,
                                        "Shared Written Blocks": 0,
                                        "Local Hit Blocks": 0,
                                        "Local Read Blocks": 0,
                                        "Local Dirtied Blocks": 0,
                                        "Local Written Blocks": 0,
                                        "Temp Read Blocks": 0,
                                        "Temp Written Blocks": 0,
                                        "WAL Records": 0,
                                        "WAL FPI": 0,
                                        "WAL Bytes": 0,
                                        "Workers": [
                                            {
                                                "Worker Number": 0,
                                                "Actual Startup Time": 0.044,
                                                "Actual Total Time": 100.633,
                                                "Actual Rows": 41903,
                                                "Actual Loops": 1,
                                                "Shared Hit Blocks": 1949,
                                                "Shared Read Blocks": 6600,
                                                "Shared Dirtied Blocks": 0,
                                                "Shared Written Blocks": 0,
                                                "Local Hit Blocks": 0,
                                                "Local Read Blocks": 0,
                                                "Local Dirtied Blocks": 0,
                                                "Local Written Blocks": 0,
                                                "Temp Read Blocks": 0,
                                                "Temp Written Blocks": 0,
                                                "WAL Records": 0,
                                                "WAL FPI": 0,
                                                "WAL Bytes": 0
                                            },
                                            {
                                                "Worker Number": 1,
                                                "Actual Startup Time": 0.032,
                                                "Actual Total Time": 100.866,
                                                "Actual Rows": 42087,
                                                "Actual Loops": 1,
                                                "Shared Hit Blocks": 1951,
                                                "Shared Read Blocks": 6608,
                                                "Shared Dirtied Blocks": 0,
                                                "Shared Written Blocks": 0,
                                                "Local Hit Blocks": 0,
                                                "Local Read Blocks": 0,
                                                "Local Dirtied Blocks": 0,
                                                "Local Written Blocks": 0,
                                                "Temp Read Blocks": 0,
                                                "Temp Written Blocks": 0,
                                                "WAL Records": 0,
                                                "WAL FPI": 0,
                                                "WAL Bytes": 0
                                            }
                                        ]
                                    }
                                ]
                            },
                            "Settings": {},
                            "Planning": {
                                "Shared Hit Blocks": 0,
                                "Shared Read Blocks": 0,
                                "Shared Dirtied Blocks": 0,
                                "Shared Written Blocks": 0,
                                "Local Hit Blocks": 0,
                                "Local Read Blocks": 0,
                                "Local Dirtied Blocks": 0,
                                "Local Written Blocks": 0,
                                "Temp Read Blocks": 0,
                                "Temp Written Blocks": 0
                            },
                            "Planning Time": 0.087,
                            "Triggers": [],
                            "Execution Time": 112.076
                        },
                        "any_explanation": {
                            "Plan": {
                                "Node Type": "Seq Scan",
                                "Parallel Aware": false,
                                "Async Capable": false,
                                "Relation Name": "tests_benchmark_booltester015",
                                "Schema": "public",
                                "Alias": "tests_benchmark_booltester015",
                                "Startup Cost": 0.0,
                                "Total Cost": 65478.01,
                                "Plan Rows": 3875001,
                                "Plan Width": 24,
                                "Actual Startup Time": 0.009,
                                "Actual Total Time": 312.878,
                                "Actual Rows": 3874971,
                                "Actual Loops": 1,
                                "Output": [
                                    "id",
                                    "flg_0",
                                    "flg_1",
                                    "flg_2",
                                    "flg_3",
                                    "flg_4",
                                    "flg_5",
                                    "flg_6",
                                    "flg_7",
                                    "flg_8",
                                    "flg_9",
                                    "flg_10",
                                    "flg_11",
                                    "flg_12",
                                    "flg_13",
                                    "flg_14",
                                    "flg_15"
                                ],
                                "Filter": "(tests_benchmark_booltester015.flg_1 OR tests_benchmark_booltester015.flg_7 OR tests_benchmark_booltester015.flg_9 OR tests_benchmark_booltester015.flg_11 OR tests_benchmark_booltester015.flg_12)",
                                "Rows Removed by Filter": 125030,
                                "Shared Hit Blocks": 6016,
                                "Shared Read Blocks": 19462,
                                "Shared Dirtied Blocks": 0,
                                "Shared Written Blocks": 0,
                                "Local Hit Blocks": 0,
                                "Local Read Blocks": 0,
                                "Local Dirtied Blocks": 0,
                                "Local Written Blocks": 0,
                                "Temp Read Blocks": 0,
                                "Temp Written Blocks": 0,
                                "WAL Records": 0,
                                "WAL FPI": 0,
                                "WAL Bytes": 0
                            },
                            "Settings": {},
                            "Planning": {
                                "Shared Hit Blocks": 0,
                                "Shared Read Blocks": 0,
                                "Shared Dirtied Blocks": 0,
                                "Shared Written Blocks": 0,
                                "Local Hit Blocks": 0,
                                "Local Read Blocks": 0,
                                "Local Dirtied Blocks": 0,
                                "Local Written Blocks": 0,
                                "Temp Read Blocks": 0,
                                "Temp Written Blocks": 0
                            },
                            "Planning Time": 0.087,
                            "Triggers": [],
                            "Execution Time": 391.181
                        },
                        "exact_explanation": {
                            "Plan": {
                                "Node Type": "Gather",
                                "Parallel Aware": false,
                                "Async Capable": false,
                                "Startup Cost": 1000.0,
                                "Total Cost": 43150.77,
                                "Plan Rows": 61,
                                "Plan Width": 24,
                                "Actual Startup Time": 10.954,
                                "Actual Total Time": 112.095,
                                "Actual Rows": 64,
                                "Actual Loops": 1,
                                "Output": [
                                    "id",
                                    "flg_0",
                                    "flg_1",
                                    "flg_2",
                                    "flg_3",
                                    "flg_4",
                                    "flg_5",
                                    "flg_6",
                                    "flg_7",
                                    "flg_8",
                                    "flg_9",
                                    "flg_10",
                                    "flg_11",
                                    "flg_12",
                                    "flg_13",
                                    "flg_14",
                                    "flg_15"
                                ],
                                "Workers Planned": 2,
                                "Workers Launched": 2,
                                "Single Copy": false,
                                "Shared Hit Blocks": 6144,
                                "Shared Read Blocks": 19334,
                                "Shared Dirtied Blocks": 0,
                                "Shared Written Blocks": 0,
                                "Local Hit Blocks": 0,
                                "Local Read Blocks": 0,
                                "Local Dirtied Blocks": 0,
                                "Local Written Blocks": 0,
                                "Temp Read Blocks": 0,
                                "Temp Written Blocks": 0,
                                "WAL Records": 0,
                                "WAL FPI": 0,
                                "WAL Bytes": 0,
                                "Plans": [
                                    {
                                        "Node Type": "Seq Scan",
                                        "Parent Relationship": "Outer",
                                        "Parallel Aware": true,
                                        "Async Capable": false,
                                        "Relation Name": "tests_benchmark_booltester015",
                                        "Schema": "public",
                                        "Alias": "tests_benchmark_booltester015",
                                        "Startup Cost": 0.0,
                                        "Total Cost": 42144.67,
                                        "Plan Rows": 25,
                                        "Plan Width": 24,
                                        "Actual Startup Time": 6.2,
                                        "Actual Total Time": 109.748,
                                        "Actual Rows": 21,
                                        "Actual Loops": 3,
                                        "Output": [
                                            "id",
                                            "flg_0",
                                            "flg_1",
                                            "flg_2",
                                            "flg_3",
                                            "flg_4",
                                            "flg_5",
                                            "flg_6",
                                            "flg_7",
                                            "flg_8",
                                            "flg_9",
                                            "flg_10",
                                            "flg_11",
                                            "flg_12",
                                            "flg_13",
                                            "flg_14",
                                            "flg_15"
                                        ],
                                        "Filter": "((NOT tests_benchmark_booltester015.flg_0) AND tests_benchmark_booltester015.flg_1 AND (NOT tests_benchmark_booltester015.flg_2) AND (NOT tests_benchmark_booltester015.flg_3) AND (NOT tests_benchmark_booltester015.flg_4) AND (NOT tests_benchmark_booltester015.flg_5) AND (NOT tests_benchmark_booltester015.flg_6) AND tests_benchmark_booltester015.flg_7 AND (NOT tests_benchmark_booltester015.flg_8) AND tests_benchmark_booltester015.flg_9 AND (NOT tests_benchmark_booltester015.flg_10) AND tests_benchmark_booltester015.flg_11 AND tests_benchmark_booltester015.flg_12 AND (NOT tests_benchmark_booltester015.flg_13) AND (NOT tests_benchmark_booltester015.flg_14) AND (NOT tests_benchmark_booltester015.flg_15))",
                                        "Rows Removed by Filter": 1333312,
                                        "Shared Hit Blocks": 6144,
                                        "Shared Read Blocks": 19334,
                                        "Shared Dirtied Blocks": 0,
                                        "Shared Written Blocks": 0,
                                        "Local Hit Blocks": 0,
                                        "Local Read Blocks": 0,
                                        "Local Dirtied Blocks": 0,
                                        "Local Written Blocks": 0,
                                        "Temp Read Blocks": 0,
                                        "Temp Written Blocks": 0,
                                        "WAL Records": 0,
                                        "WAL FPI": 0,
                                        "WAL Bytes": 0,
                                        "Workers": [
                                            {
                                                "Worker Number": 0,
                                                "Actual Startup Time": 3.318,
                                                "Actual Total Time": 109.081,
                                                "Actual Rows": 22,
                                                "Actual Loops": 1,
                                                "Shared Hit Blocks": 1995,
                                                "Shared Read Blocks": 6428,
                                                "Shared Dirtied Blocks": 0,
                                                "Shared Written Blocks": 0,
                                                "Local Hit Blocks": 0,
                                                "Local Read Blocks": 0,
                                                "Local Dirtied Blocks": 0,
                                                "Local Written Blocks": 0,
                                                "Temp Read Blocks": 0,
                                                "Temp Written Blocks": 0,
                                                "WAL Records": 0,
                                                "WAL FPI": 0,
                                                "WAL Bytes": 0
                                            },
                                            {
                                                "Worker Number": 1,
                                                "Actual Startup Time": 4.405,
                                                "Actual Total Time": 109.121,
                                                "Actual Rows": 26,
                                                "Actual Loops": 1,
                                                "Shared Hit Blocks": 2018,
                                                "Shared Read Blocks": 6378,
                                                "Shared Dirtied Blocks": 0,
                                                "Shared Written Blocks": 0,
                                                "Local Hit Blocks": 0,
                                                "Local Read Blocks": 0,
                                                "Local Dirtied Blocks": 0,
                                                "Local Written Blocks": 0,
                                                "Temp Read Blocks": 0,
                                                "Temp Written Blocks": 0,
                                                "WAL Records": 0,
                                                "WAL FPI": 0,
                                                "WAL Bytes": 0
                                            }
                                        ]
                                    }
                                ]
                            },
                            "Settings": {},
                            "Planning": {
                                "Shared Hit Blocks": 0,
                                "Shared Read Blocks": 0,
                                "Shared Dirtied Blocks": 0,
                                "Shared Written Blocks": 0,
                                "Local Hit Blocks": 0,
                                "Local Read Blocks": 0,
                                "Local Dirtied Blocks": 0,
                                "Local Written Blocks": 0,
                                "Temp Read Blocks": 0,
                                "Temp Written Blocks": 0
                            },
                            "Planning Time": 0.112,
                            "Triggers": [],
                            "Execution Time": 112.119
                        },
                        "all_ftr_time": 0.11381659999999999,
                        "any_ftr_time": 0.4150356,
                        "exact_ftr_time": 0.1133782
                    },
                    "6000000": {
                        "all_time": 0.16768183340318502,
                        "any_time": 0.8089721665950492,
                        "exact_time": 0.1741755749913864,
                        "table_size": 1113587712.0,
                        "index_time": 33.291179958032444,
                        "all_explanation": {
                            "Plan": {
                                "Node Type": "Gather",
                                "Parallel Aware": false,
                                "Async Capable": false,
                                "Startup Cost": 1000.0,
                                "Total Cost": 65388.9,
                                "Plan Rows": 11719,
                                "Plan Width": 24,
                                "Actual Startup Time": 0.15,
                                "Actual Total Time": 172.955,
                                "Actual Rows": 11818,
                                "Actual Loops": 1,
                                "Output": [
                                    "id",
                                    "flg_0",
                                    "flg_1",
                                    "flg_2",
                                    "flg_3",
                                    "flg_4",
                                    "flg_5",
                                    "flg_6",
                                    "flg_7",
                                    "flg_8",
                                    "flg_9",
                                    "flg_10",
                                    "flg_11",
                                    "flg_12",
                                    "flg_13",
                                    "flg_14",
                                    "flg_15"
                                ],
                                "Workers Planned": 2,
                                "Workers Launched": 2,
                                "Single Copy": false,
                                "Shared Hit Blocks": 5664,
                                "Shared Read Blocks": 32553,
                                "Shared Dirtied Blocks": 0,
                                "Shared Written Blocks": 0,
                                "Local Hit Blocks": 0,
                                "Local Read Blocks": 0,
                                "Local Dirtied Blocks": 0,
                                "Local Written Blocks": 0,
                                "Temp Read Blocks": 0,
                                "Temp Written Blocks": 0,
                                "WAL Records": 0,
                                "WAL FPI": 0,
                                "WAL Bytes": 0,
                                "Plans": [
                                    {
                                        "Node Type": "Seq Scan",
                                        "Parent Relationship": "Outer",
                                        "Parallel Aware": true,
                                        "Async Capable": false,
                                        "Relation Name": "tests_benchmark_booltester015",
                                        "Schema": "public",
                                        "Alias": "tests_benchmark_booltester015",
                                        "Startup Cost": 0.0,
                                        "Total Cost": 63217.0,
                                        "Plan Rows": 4883,
                                        "Plan Width": 24,
                                        "Actual Startup Time": 0.059,
                                        "Actual Total Time": 169.719,
                                        "Actual Rows": 3939,
                                        "Actual Loops": 3,
                                        "Output": [
                                            "id",
                                            "flg_0",
                                            "flg_1",
                                            "flg_2",
                                            "flg_3",
                                            "flg_4",
                                            "flg_5",
                                            "flg_6",
                                            "flg_7",
                                            "flg_8",
                                            "flg_9",
                                            "flg_10",
                                            "flg_11",
                                            "flg_12",
                                            "flg_13",
                                            "flg_14",
                                            "flg_15"
                                        ],
                                        "Filter": "(tests_benchmark_booltester015.flg_0 AND tests_benchmark_booltester015.flg_1 AND tests_benchmark_booltester015.flg_4 AND tests_benchmark_booltester015.flg_6 AND tests_benchmark_booltester015.flg_7 AND tests_benchmark_booltester015.flg_8 AND tests_benchmark_booltester015.flg_11 AND tests_benchmark_booltester015.flg_13 AND tests_benchmark_booltester015.flg_15)",
                                        "Rows Removed by Filter": 1996061,
                                        "Shared Hit Blocks": 5664,
                                        "Shared Read Blocks": 32553,
                                        "Shared Dirtied Blocks": 0,
                                        "Shared Written Blocks": 0,
                                        "Local Hit Blocks": 0,
                                        "Local Read Blocks": 0,
                                        "Local Dirtied Blocks": 0,
                                        "Local Written Blocks": 0,
                                        "Temp Read Blocks": 0,
                                        "Temp Written Blocks": 0,
                                        "WAL Records": 0,
                                        "WAL FPI": 0,
                                        "WAL Bytes": 0,
                                        "Workers": [
                                            {
                                                "Worker Number": 0,
                                                "Actual Startup Time": 0.044,
                                                "Actual Total Time": 169.224,
                                                "Actual Rows": 3845,
                                                "Actual Loops": 1,
                                                "Shared Hit Blocks": 1829,
                                                "Shared Read Blocks": 10816,
                                                "Shared Dirtied Blocks": 0,
                                                "Shared Written Blocks": 0,
                                                "Local Hit Blocks": 0,
                                                "Local Read Blocks": 0,
                                                "Local Dirtied Blocks": 0,
                                                "Local Written Blocks": 0,
                                                "Temp Read Blocks": 0,
                                                "Temp Written Blocks": 0,
                                                "WAL Records": 0,
                                                "WAL FPI": 0,
                                                "WAL Bytes": 0
                                            },
                                            {
                                                "Worker Number": 1,
                                                "Actual Startup Time": 0.05,
                                                "Actual Total Time": 169.306,
                                                "Actual Rows": 3929,
                                                "Actual Loops": 1,
                                                "Shared Hit Blocks": 1851,
                                                "Shared Read Blocks": 10793,
                                                "Shared Dirtied Blocks": 0,
                                                "Shared Written Blocks": 0,
                                                "Local Hit Blocks": 0,
                                                "Local Read Blocks": 0,
                                                "Local Dirtied Blocks": 0,
                                                "Local Written Blocks": 0,
                                                "Temp Read Blocks": 0,
                                                "Temp Written Blocks": 0,
                                                "WAL Records": 0,
                                                "WAL FPI": 0,
                                                "WAL Bytes": 0
                                            }
                                        ]
                                    }
                                ]
                            },
                            "Settings": {},
                            "Planning": {
                                "Shared Hit Blocks": 0,
                                "Shared Read Blocks": 0,
                                "Shared Dirtied Blocks": 0,
                                "Shared Written Blocks": 0,
                                "Local Hit Blocks": 0,
                                "Local Read Blocks": 0,
                                "Local Dirtied Blocks": 0,
                                "Local Written Blocks": 0,
                                "Temp Read Blocks": 0,
                                "Temp Written Blocks": 0
                            },
                            "Planning Time": 0.095,
                            "Triggers": [],
                            "Execution Time": 173.236
                        },
                        "any_explanation": {
                            "Plan": {
                                "Node Type": "Seq Scan",
                                "Parallel Aware": false,
                                "Async Capable": false,
                                "Relation Name": "tests_benchmark_booltester015",
                                "Schema": "public",
                                "Alias": "tests_benchmark_booltester015",
                                "Startup Cost": 0.0,
                                "Total Cost": 98217.01,
                                "Plan Rows": 5988282,
                                "Plan Width": 24,
                                "Actual Startup Time": 0.01,
                                "Actual Total Time": 518.384,
                                "Actual Rows": 5988184,
                                "Actual Loops": 1,
                                "Output": [
                                    "id",
                                    "flg_0",
                                    "flg_1",
                                    "flg_2",
                                    "flg_3",
                                    "flg_4",
                                    "flg_5",
                                    "flg_6",
                                    "flg_7",
                                    "flg_8",
                                    "flg_9",
                                    "flg_10",
                                    "flg_11",
                                    "flg_12",
                                    "flg_13",
                                    "flg_14",
                                    "flg_15"
                                ],
                                "Filter": "(tests_benchmark_booltester015.flg_0 OR tests_benchmark_booltester015.flg_1 OR tests_benchmark_booltester015.flg_4 OR tests_benchmark_booltester015.flg_6 OR tests_benchmark_booltester015.flg_7 OR tests_benchmark_booltester015.flg_8 OR tests_benchmark_booltester015.flg_11 OR tests_benchmark_booltester015.flg_13 OR tests_benchmark_booltester015.flg_15)",
                                "Rows Removed by Filter": 11817,
                                "Shared Hit Blocks": 5856,
                                "Shared Read Blocks": 32361,
                                "Shared Dirtied Blocks": 0,
                                "Shared Written Blocks": 0,
                                "Local Hit Blocks": 0,
                                "Local Read Blocks": 0,
                                "Local Dirtied Blocks": 0,
                                "Local Written Blocks": 0,
                                "Temp Read Blocks": 0,
                                "Temp Written Blocks": 0,
                                "WAL Records": 0,
                                "WAL FPI": 0,
                                "WAL Bytes": 0
                            },
                            "Settings": {},
                            "Planning": {
                                "Shared Hit Blocks": 0,
                                "Shared Read Blocks": 0,
                                "Shared Dirtied Blocks": 0,
                                "Shared Written Blocks": 0,
                                "Local Hit Blocks": 0,
                                "Local Read Blocks": 0,
                                "Local Dirtied Blocks": 0,
                                "Local Written Blocks": 0,
                                "Temp Read Blocks": 0,
                                "Temp Written Blocks": 0
                            },
                            "Planning Time": 0.084,
                            "Triggers": [],
                            "Execution Time": 640.239
                        },
                        "exact_explanation": {
                            "Plan": {
                                "Node Type": "Gather",
                                "Parallel Aware": false,
                                "Async Capable": false,
                                "Startup Cost": 1000.0,
                                "Total Cost": 64226.2,
                                "Plan Rows": 92,
                                "Plan Width": 24,
                                "Actual Startup Time": 9.704,
                                "Actual Total Time": 169.714,
                                "Actual Rows": 88,
                                "Actual Loops": 1,
                                "Output": [
                                    "id",
                                    "flg_0",
                                    "flg_1",
                                    "flg_2",
                                    "flg_3",
                                    "flg_4",
                                    "flg_5",
                                    "flg_6",
                                    "flg_7",
                                    "flg_8",
                                    "flg_9",
                                    "flg_10",
                                    "flg_11",
                                    "flg_12",
                                    "flg_13",
                                    "flg_14",
                                    "flg_15"
                                ],
                                "Workers Planned": 2,
                                "Workers Launched": 2,
                                "Single Copy": false,
                                "Shared Hit Blocks": 5984,
                                "Shared Read Blocks": 32233,
                                "Shared Dirtied Blocks": 0,
                                "Shared Written Blocks": 0,
                                "Local Hit Blocks": 0,
                                "Local Read Blocks": 0,
                                "Local Dirtied Blocks": 0,
                                "Local Written Blocks": 0,
                                "Temp Read Blocks": 0,
                                "Temp Written Blocks": 0,
                                "WAL Records": 0,
                                "WAL FPI": 0,
                                "WAL Bytes": 0,
                                "Plans": [
                                    {
                                        "Node Type": "Seq Scan",
                                        "Parent Relationship": "Outer",
                                        "Parallel Aware": true,
                                        "Async Capable": false,
                                        "Relation Name": "tests_benchmark_booltester015",
                                        "Schema": "public",
                                        "Alias": "tests_benchmark_booltester015",
                                        "Startup Cost": 0.0,
                                        "Total Cost": 63217.0,
                                        "Plan Rows": 38,
                                        "Plan Width": 24,
                                        "Actual Startup Time": 3.522,
                                        "Actual Total Time": 166.964,
                                        "Actual Rows": 29,
                                        "Actual Loops": 3,
                                        "Output": [
                                            "id",
                                            "flg_0",
                                            "flg_1",
                                            "flg_2",
                                            "flg_3",
                                            "flg_4",
                                            "flg_5",
                                            "flg_6",
                                            "flg_7",
                                            "flg_8",
                                            "flg_9",
                                            "flg_10",
                                            "flg_11",
                                            "flg_12",
                                            "flg_13",
                                            "flg_14",
                                            "flg_15"
                                        ],
                                        "Filter": "(tests_benchmark_booltester015.flg_0 AND tests_benchmark_booltester015.flg_1 AND (NOT tests_benchmark_booltester015.flg_2) AND (NOT tests_benchmark_booltester015.flg_3) AND tests_benchmark_booltester015.flg_4 AND (NOT tests_benchmark_booltester015.flg_5) AND tests_benchmark_booltester015.flg_6 AND tests_benchmark_booltester015.flg_7 AND tests_benchmark_booltester015.flg_8 AND (NOT tests_benchmark_booltester015.flg_9) AND (NOT tests_benchmark_booltester015.flg_10) AND tests_benchmark_booltester015.flg_11 AND (NOT tests_benchmark_booltester015.flg_12) AND tests_benchmark_booltester015.flg_13 AND (NOT tests_benchmark_booltester015.flg_14) AND tests_benchmark_booltester015.flg_15)",
                                        "Rows Removed by Filter": 1999971,
                                        "Shared Hit Blocks": 5984,
                                        "Shared Read Blocks": 32233,
                                        "Shared Dirtied Blocks": 0,
                                        "Shared Written Blocks": 0,
                                        "Local Hit Blocks": 0,
                                        "Local Read Blocks": 0,
                                        "Local Dirtied Blocks": 0,
                                        "Local Written Blocks": 0,
                                        "Temp Read Blocks": 0,
                                        "Temp Written Blocks": 0,
                                        "WAL Records": 0,
                                        "WAL FPI": 0,
                                        "WAL Bytes": 0,
                                        "Workers": [
                                            {
                                                "Worker Number": 0,
                                                "Actual Startup Time": 0.768,
                                                "Actual Total Time": 166.129,
                                                "Actual Rows": 32,
                                                "Actual Loops": 1,
                                                "Shared Hit Blocks": 1917,
                                                "Shared Read Blocks": 10848,
                                                "Shared Dirtied Blocks": 0,
                                                "Shared Written Blocks": 0,
                                                "Local Hit Blocks": 0,
                                                "Local Read Blocks": 0,
                                                "Local Dirtied Blocks": 0,
                                                "Local Written Blocks": 0,
                                                "Temp Read Blocks": 0,
                                                "Temp Written Blocks": 0,
                                                "WAL Records": 0,
                                                "WAL FPI": 0,
                                                "WAL Bytes": 0
                                            },
                                            {
                                                "Worker Number": 1,
                                                "Actual Startup Time": 0.209,
                                                "Actual Total Time": 166.199,
                                                "Actual Rows": 30,
                                                "Actual Loops": 1,
                                                "Shared Hit Blocks": 1947,
                                                "Shared Read Blocks": 10304,
                                                "Shared Dirtied Blocks": 0,
                                                "Shared Written Blocks": 0,
                                                "Local Hit Blocks": 0,
                                                "Local Read Blocks": 0,
                                                "Local Dirtied Blocks": 0,
                                                "Local Written Blocks": 0,
                                                "Temp Read Blocks": 0,
                                                "Temp Written Blocks": 0,
                                                "WAL Records": 0,
                                                "WAL FPI": 0,
                                                "WAL Bytes": 0
                                            }
                                        ]
                                    }
                                ]
                            },
                            "Settings": {},
                            "Planning": {
                                "Shared Hit Blocks": 0,
                                "Shared Read Blocks": 0,
                                "Shared Dirtied Blocks": 0,
                                "Shared Written Blocks": 0,
                                "Local Hit Blocks": 0,
                                "Local Read Blocks": 0,
                                "Local Dirtied Blocks": 0,
                                "Local Written Blocks": 0,
                                "Temp Read Blocks": 0,
                                "Temp Written Blocks": 0
                            },
                            "Planning Time": 0.119,
                            "Triggers": [],
                            "Execution Time": 169.73
                        },
                        "all_ftr_time": 0.221575,
                        "any_ftr_time": 0.6144426,
                        "exact_ftr_time": 0.1723382
                    },
                    "8000000": {
                        "all_time": 0.2595161916106008,
                        "any_time": 1.1093147583771497,
                        "exact_time": 0.22926689159357921,
                        "table_size": 1484783616.0,
                        "index_time": 45.57752375002019,
                        "all_explanation": {
                            "Plan": {
                                "Node Type": "Gather",
                                "Parallel Aware": false,
                                "Async Capable": false,
                                "Startup Cost": 1000.0,
                                "Total Cost": 85679.94,
                                "Plan Rows": 3906,
                                "Plan Width": 24,
                                "Actual Startup Time": 0.129,
                                "Actual Total Time": 221.14,
                                "Actual Rows": 3895,
                                "Actual Loops": 1,
                                "Output": [
                                    "id",
                                    "flg_0",
                                    "flg_1",
                                    "flg_2",
                                    "flg_3",
                                    "flg_4",
                                    "flg_5",
                                    "flg_6",
                                    "flg_7",
                                    "flg_8",
                                    "flg_9",
                                    "flg_10",
                                    "flg_11",
                                    "flg_12",
                                    "flg_13",
                                    "flg_14",
                                    "flg_15"
                                ],
                                "Workers Planned": 2,
                                "Workers Launched": 2,
                                "Single Copy": false,
                                "Shared Hit Blocks": 5792,
                                "Shared Read Blocks": 45164,
                                "Shared Dirtied Blocks": 0,
                                "Shared Written Blocks": 0,
                                "Local Hit Blocks": 0,
                                "Local Read Blocks": 0,
                                "Local Dirtied Blocks": 0,
                                "Local Written Blocks": 0,
                                "Temp Read Blocks": 0,
                                "Temp Written Blocks": 0,
                                "WAL Records": 0,
                                "WAL FPI": 0,
                                "WAL Bytes": 0,
                                "Plans": [
                                    {
                                        "Node Type": "Seq Scan",
                                        "Parent Relationship": "Outer",
                                        "Parallel Aware": true,
                                        "Async Capable": false,
                                        "Relation Name": "tests_benchmark_booltester015",
                                        "Schema": "public",
                                        "Alias": "tests_benchmark_booltester015",
                                        "Startup Cost": 0.0,
                                        "Total Cost": 84289.34,
                                        "Plan Rows": 1628,
                                        "Plan Width": 24,
                                        "Actual Startup Time": 0.265,
                                        "Actual Total Time": 218.431,
                                        "Actual Rows": 1298,
                                        "Actual Loops": 3,
                                        "Output": [
                                            "id",
                                            "flg_0",
                                            "flg_1",
                                            "flg_2",
                                            "flg_3",
                                            "flg_4",
                                            "flg_5",
                                            "flg_6",
                                            "flg_7",
                                            "flg_8",
                                            "flg_9",
                                            "flg_10",
                                            "flg_11",
                                            "flg_12",
                                            "flg_13",
                                            "flg_14",
                                            "flg_15"
                                        ],
                                        "Filter": "(tests_benchmark_booltester015.flg_1 AND tests_benchmark_booltester015.flg_2 AND tests_benchmark_booltester015.flg_3 AND tests_benchmark_booltester015.flg_4 AND tests_benchmark_booltester015.flg_5 AND tests_benchmark_booltester015.flg_6 AND tests_benchmark_booltester015.flg_7 AND tests_benchmark_booltester015.flg_8 AND tests_benchmark_booltester015.flg_11 AND tests_benchmark_booltester015.flg_14 AND tests_benchmark_booltester015.flg_15)",
                                        "Rows Removed by Filter": 2665369,
                                        "Shared Hit Blocks": 5792,
                                        "Shared Read Blocks": 45164,
                                        "Shared Dirtied Blocks": 0,
                                        "Shared Written Blocks": 0,
                                        "Local Hit Blocks": 0,
                                        "Local Read Blocks": 0,
                                        "Local Dirtied Blocks": 0,
                                        "Local Written Blocks": 0,
                                        "Temp Read Blocks": 0,
                                        "Temp Written Blocks": 0,
                                        "WAL Records": 0,
                                        "WAL FPI": 0,
                                        "WAL Bytes": 0,
                                        "Workers": [
                                            {
                                                "Worker Number": 0,
                                                "Actual Startup Time": 0.046,
                                                "Actual Total Time": 217.623,
                                                "Actual Rows": 1270,
                                                "Actual Loops": 1,
                                                "Shared Hit Blocks": 1902,
                                                "Shared Read Blocks": 14464,
                                                "Shared Dirtied Blocks": 0,
                                                "Shared Written Blocks": 0,
                                                "Local Hit Blocks": 0,
                                                "Local Read Blocks": 0,
                                                "Local Dirtied Blocks": 0,
                                                "Local Written Blocks": 0,
                                                "Temp Read Blocks": 0,
                                                "Temp Written Blocks": 0,
                                                "WAL Records": 0,
                                                "WAL FPI": 0,
                                                "WAL Bytes": 0
                                            },
                                            {
                                                "Worker Number": 1,
                                                "Actual Startup Time": 0.688,
                                                "Actual Total Time": 217.922,
                                                "Actual Rows": 1314,
                                                "Actual Loops": 1,
                                                "Shared Hit Blocks": 1883,
                                                "Shared Read Blocks": 15244,
                                                "Shared Dirtied Blocks": 0,
                                                "Shared Written Blocks": 0,
                                                "Local Hit Blocks": 0,
                                                "Local Read Blocks": 0,
                                                "Local Dirtied Blocks": 0,
                                                "Local Written Blocks": 0,
                                                "Temp Read Blocks": 0,
                                                "Temp Written Blocks": 0,
                                                "WAL Records": 0,
                                                "WAL FPI": 0,
                                                "WAL Bytes": 0
                                            }
                                        ]
                                    }
                                ]
                            },
                            "Settings": {},
                            "Planning": {
                                "Shared Hit Blocks": 0,
                                "Shared Read Blocks": 0,
                                "Shared Dirtied Blocks": 0,
                                "Shared Written Blocks": 0,
                                "Local Hit Blocks": 0,
                                "Local Read Blocks": 0,
                                "Local Dirtied Blocks": 0,
                                "Local Written Blocks": 0,
                                "Temp Read Blocks": 0,
                                "Temp Written Blocks": 0
                            },
                            "Planning Time": 0.097,
                            "Triggers": [],
                            "Execution Time": 221.243
                        },
                        "any_explanation": {
                            "Plan": {
                                "Node Type": "Seq Scan",
                                "Parallel Aware": false,
                                "Async Capable": false,
                                "Relation Name": "tests_benchmark_booltester015",
                                "Schema": "public",
                                "Alias": "tests_benchmark_booltester015",
                                "Startup Cost": 0.0,
                                "Total Cost": 130956.01,
                                "Plan Rows": 7996095,
                                "Plan Width": 24,
                                "Actual Startup Time": 0.014,
                                "Actual Total Time": 689.116,
                                "Actual Rows": 7996065,
                                "Actual Loops": 1,
                                "Output": [
                                    "id",
                                    "flg_0",
                                    "flg_1",
                                    "flg_2",
                                    "flg_3",
                                    "flg_4",
                                    "flg_5",
                                    "flg_6",
                                    "flg_7",
                                    "flg_8",
                                    "flg_9",
                                    "flg_10",
                                    "flg_11",
                                    "flg_12",
                                    "flg_13",
                                    "flg_14",
                                    "flg_15"
                                ],
                                "Filter": "(tests_benchmark_booltester015.flg_1 OR tests_benchmark_booltester015.flg_2 OR tests_benchmark_booltester015.flg_3 OR tests_benchmark_booltester015.flg_4 OR tests_benchmark_booltester015.flg_5 OR tests_benchmark_booltester015.flg_6 OR tests_benchmark_booltester015.flg_7 OR tests_benchmark_booltester015.flg_8 OR tests_benchmark_booltester015.flg_11 OR tests_benchmark_booltester015.flg_14 OR tests_benchmark_booltester015.flg_15)",
                                "Rows Removed by Filter": 3936,
                                "Shared Hit Blocks": 5984,
                                "Shared Read Blocks": 44972,
                                "Shared Dirtied Blocks": 0,
                                "Shared Written Blocks": 0,
                                "Local Hit Blocks": 0,
                                "Local Read Blocks": 0,
                                "Local Dirtied Blocks": 0,
                                "Local Written Blocks": 0,
                                "Temp Read Blocks": 0,
                                "Temp Written Blocks": 0,
                                "WAL Records": 0,
                                "WAL FPI": 0,
                                "WAL Bytes": 0
                            },
                            "Settings": {},
                            "Planning": {
                                "Shared Hit Blocks": 0,
                                "Shared Read Blocks": 0,
                                "Shared Dirtied Blocks": 0,
                                "Shared Written Blocks": 0,
                                "Local Hit Blocks": 0,
                                "Local Read Blocks": 0,
                                "Local Dirtied Blocks": 0,
                                "Local Written Blocks": 0,
                                "Temp Read Blocks": 0,
                                "Temp Written Blocks": 0
                            },
                            "Planning Time": 0.081,
                            "Triggers": [],
                            "Execution Time": 851.989
                        },
                        "exact_explanation": {
                            "Plan": {
                                "Node Type": "Gather",
                                "Parallel Aware": false,
                                "Async Capable": false,
                                "Startup Cost": 1000.0,
                                "Total Cost": 85301.54,
                                "Plan Rows": 122,
                                "Plan Width": 24,
                                "Actual Startup Time": 1.302,
                                "Actual Total Time": 225.957,
                                "Actual Rows": 121,
                                "Actual Loops": 1,
                                "Output": [
                                    "id",
                                    "flg_0",
                                    "flg_1",
                                    "flg_2",
                                    "flg_3",
                                    "flg_4",
                                    "flg_5",
                                    "flg_6",
                                    "flg_7",
                                    "flg_8",
                                    "flg_9",
                                    "flg_10",
                                    "flg_11",
                                    "flg_12",
                                    "flg_13",
                                    "flg_14",
                                    "flg_15"
                                ],
                                "Workers Planned": 2,
                                "Workers Launched": 2,
                                "Single Copy": false,
                                "Shared Hit Blocks": 6112,
                                "Shared Read Blocks": 44844,
                                "Shared Dirtied Blocks": 0,
                                "Shared Written Blocks": 0,
                                "Local Hit Blocks": 0,
                                "Local Read Blocks": 0,
                                "Local Dirtied Blocks": 0,
                                "Local Written Blocks": 0,
                                "Temp Read Blocks": 0,
                                "Temp Written Blocks": 0,
                                "WAL Records": 0,
                                "WAL FPI": 0,
                                "WAL Bytes": 0,
                                "Plans": [
                                    {
                                        "Node Type": "Seq Scan",
                                        "Parent Relationship": "Outer",
                                        "Parallel Aware": true,
                                        "Async Capable": false,
                                        "Relation Name": "tests_benchmark_booltester015",
                                        "Schema": "public",
                                        "Alias": "tests_benchmark_booltester015",
                                        "Startup Cost": 0.0,
                                        "Total Cost": 84289.34,
                                        "Plan Rows": 51,
                                        "Plan Width": 24,
                                        "Actual Startup Time": 5.382,
                                        "Actual Total Time": 223.559,
                                        "Actual Rows": 40,
                                        "Actual Loops": 3,
                                        "Output": [
                                            "id",
                                            "flg_0",
                                            "flg_1",
                                            "flg_2",
                                            "flg_3",
                                            "flg_4",
                                            "flg_5",
                                            "flg_6",
                                            "flg_7",
                                            "flg_8",
                                            "flg_9",
                                            "flg_10",
                                            "flg_11",
                                            "flg_12",
                                            "flg_13",
                                            "flg_14",
                                            "flg_15"
                                        ],
                                        "Filter": "((NOT tests_benchmark_booltester015.flg_0) AND tests_benchmark_booltester015.flg_1 AND tests_benchmark_booltester015.flg_2 AND tests_benchmark_booltester015.flg_3 AND tests_benchmark_booltester015.flg_4 AND tests_benchmark_booltester015.flg_5 AND tests_benchmark_booltester015.flg_6 AND tests_benchmark_booltester015.flg_7 AND tests_benchmark_booltester015.flg_8 AND (NOT tests_benchmark_booltester015.flg_9) AND (NOT tests_benchmark_booltester015.flg_10) AND tests_benchmark_booltester015.flg_11 AND (NOT tests_benchmark_booltester015.flg_12) AND (NOT tests_benchmark_booltester015.flg_13) AND tests_benchmark_booltester015.flg_14 AND tests_benchmark_booltester015.flg_15)",
                                        "Rows Removed by Filter": 2666627,
                                        "Shared Hit Blocks": 6112,
                                        "Shared Read Blocks": 44844,
                                        "Shared Dirtied Blocks": 0,
                                        "Shared Written Blocks": 0,
                                        "Local Hit Blocks": 0,
                                        "Local Read Blocks": 0,
                                        "Local Dirtied Blocks": 0,
                                        "Local Written Blocks": 0,
                                        "Temp Read Blocks": 0,
                                        "Temp Written Blocks": 0,
                                        "WAL Records": 0,
                                        "WAL FPI": 0,
                                        "WAL Bytes": 0,
                                        "Workers": [
                                            {
                                                "Worker Number": 0,
                                                "Actual Startup Time": 11.266,
                                                "Actual Total Time": 222.893,
                                                "Actual Rows": 42,
                                                "Actual Loops": 1,
                                                "Shared Hit Blocks": 1986,
                                                "Shared Read Blocks": 14924,
                                                "Shared Dirtied Blocks": 0,
                                                "Shared Written Blocks": 0,
                                                "Local Hit Blocks": 0,
                                                "Local Read Blocks": 0,
                                                "Local Dirtied Blocks": 0,
                                                "Local Written Blocks": 0,
                                                "Temp Read Blocks": 0,
                                                "Temp Written Blocks": 0,
                                                "WAL Records": 0,
                                                "WAL FPI": 0,
                                                "WAL Bytes": 0
                                            },
                                            {
                                                "Worker Number": 1,
                                                "Actual Startup Time": 3.653,
                                                "Actual Total Time": 222.937,
                                                "Actual Rows": 40,
                                                "Actual Loops": 1,
                                                "Shared Hit Blocks": 1988,
                                                "Shared Read Blocks": 14880,
                                                "Shared Dirtied Blocks": 0,
                                                "Shared Written Blocks": 0,
                                                "Local Hit Blocks": 0,
                                                "Local Read Blocks": 0,
                                                "Local Dirtied Blocks": 0,
                                                "Local Written Blocks": 0,
                                                "Temp Read Blocks": 0,
                                                "Temp Written Blocks": 0,
                                                "WAL Records": 0,
                                                "WAL FPI": 0,
                                                "WAL Bytes": 0
                                            }
                                        ]
                                    }
                                ]
                            },
                            "Settings": {},
                            "Planning": {
                                "Shared Hit Blocks": 0,
                                "Shared Read Blocks": 0,
                                "Shared Dirtied Blocks": 0,
                                "Shared Written Blocks": 0,
                                "Local Hit Blocks": 0,
                                "Local Read Blocks": 0,
                                "Local Dirtied Blocks": 0,
                                "Local Written Blocks": 0,
                                "Temp Read Blocks": 0,
                                "Temp Written Blocks": 0
                            },
                            "Planning Time": 0.122,
                            "Triggers": [],
                            "Execution Time": 225.977
                        },
                        "all_ftr_time": 0.22054769999999999,
                        "any_ftr_time": 0.8498697999999998,
                        "exact_ftr_time": 0.22365870000000002
                    },
                    "10000000": {
                        "all_time": 0.3641993750585243,
                        "any_time": 1.360520412400365,
                        "exact_time": 0.2819553832989186,
                        "table_size": 1855979520.0,
                        "index_time": 55.34826487500686,
                        "all_explanation": {
                            "Plan": {
                                "Node Type": "Gather",
                                "Parallel Aware": false,
                                "Async Capable": false,
                                "Startup Cost": 1000.0,
                                "Total Cost": 114174.17,
                                "Plan Rows": 78125,
                                "Plan Width": 24,
                                "Actual Startup Time": 0.08,
                                "Actual Total Time": 293.709,
                                "Actual Rows": 78412,
                                "Actual Loops": 1,
                                "Output": [
                                    "id",
                                    "flg_0",
                                    "flg_1",
                                    "flg_2",
                                    "flg_3",
                                    "flg_4",
                                    "flg_5",
                                    "flg_6",
                                    "flg_7",
                                    "flg_8",
                                    "flg_9",
                                    "flg_10",
                                    "flg_11",
                                    "flg_12",
                                    "flg_13",
                                    "flg_14",
                                    "flg_15"
                                ],
                                "Workers Planned": 2,
                                "Workers Launched": 2,
                                "Single Copy": false,
                                "Shared Hit Blocks": 5792,
                                "Shared Read Blocks": 57903,
                                "Shared Dirtied Blocks": 0,
                                "Shared Written Blocks": 0,
                                "Local Hit Blocks": 0,
                                "Local Read Blocks": 0,
                                "Local Dirtied Blocks": 0,
                                "Local Written Blocks": 0,
                                "Temp Read Blocks": 0,
                                "Temp Written Blocks": 0,
                                "WAL Records": 0,
                                "WAL FPI": 0,
                                "WAL Bytes": 0,
                                "Plans": [
                                    {
                                        "Node Type": "Seq Scan",
                                        "Parent Relationship": "Outer",
                                        "Parallel Aware": true,
                                        "Async Capable": false,
                                        "Relation Name": "tests_benchmark_booltester015",
                                        "Schema": "public",
                                        "Alias": "tests_benchmark_booltester015",
                                        "Startup Cost": 0.0,
                                        "Total Cost": 105361.67,
                                        "Plan Rows": 32552,
                                        "Plan Width": 24,
                                        "Actual Startup Time": 0.027,
                                        "Actual Total Time": 285.662,
                                        "Actual Rows": 26137,
                                        "Actual Loops": 3,
                                        "Output": [
                                            "id",
                                            "flg_0",
                                            "flg_1",
                                            "flg_2",
                                            "flg_3",
                                            "flg_4",
                                            "flg_5",
                                            "flg_6",
                                            "flg_7",
                                            "flg_8",
                                            "flg_9",
                                            "flg_10",
                                            "flg_11",
                                            "flg_12",
                                            "flg_13",
                                            "flg_14",
                                            "flg_15"
                                        ],
                                        "Filter": "(tests_benchmark_booltester015.flg_0 AND tests_benchmark_booltester015.flg_1 AND tests_benchmark_booltester015.flg_2 AND tests_benchmark_booltester015.flg_3 AND tests_benchmark_booltester015.flg_7 AND tests_benchmark_booltester015.flg_13 AND tests_benchmark_booltester015.flg_14)",
                                        "Rows Removed by Filter": 3307196,
                                        "Shared Hit Blocks": 5792,
                                        "Shared Read Blocks": 57903,
                                        "Shared Dirtied Blocks": 0,
                                        "Shared Written Blocks": 0,
                                        "Local Hit Blocks": 0,
                                        "Local Read Blocks": 0,
                                        "Local Dirtied Blocks": 0,
                                        "Local Written Blocks": 0,
                                        "Temp Read Blocks": 0,
                                        "Temp Written Blocks": 0,
                                        "WAL Records": 0,
                                        "WAL FPI": 0,
                                        "WAL Bytes": 0,
                                        "Workers": [
                                            {
                                                "Worker Number": 0,
                                                "Actual Startup Time": 0.028,
                                                "Actual Total Time": 285.974,
                                                "Actual Rows": 25980,
                                                "Actual Loops": 1,
                                                "Shared Hit Blocks": 1916,
                                                "Shared Read Blocks": 19215,
                                                "Shared Dirtied Blocks": 0,
                                                "Shared Written Blocks": 0,
                                                "Local Hit Blocks": 0,
                                                "Local Read Blocks": 0,
                                                "Local Dirtied Blocks": 0,
                                                "Local Written Blocks": 0,
                                                "Temp Read Blocks": 0,
                                                "Temp Written Blocks": 0,
                                                "WAL Records": 0,
                                                "WAL FPI": 0,
                                                "WAL Bytes": 0
                                            },
                                            {
                                                "Worker Number": 1,
                                                "Actual Startup Time": 0.036,
                                                "Actual Total Time": 286.385,
                                                "Actual Rows": 26218,
                                                "Actual Loops": 1,
                                                "Shared Hit Blocks": 1866,
                                                "Shared Read Blocks": 19360,
                                                "Shared Dirtied Blocks": 0,
                                                "Shared Written Blocks": 0,
                                                "Local Hit Blocks": 0,
                                                "Local Read Blocks": 0,
                                                "Local Dirtied Blocks": 0,
                                                "Local Written Blocks": 0,
                                                "Temp Read Blocks": 0,
                                                "Temp Written Blocks": 0,
                                                "WAL Records": 0,
                                                "WAL FPI": 0,
                                                "WAL Bytes": 0
                                            }
                                        ]
                                    }
                                ]
                            },
                            "Settings": {},
                            "Planning": {
                                "Shared Hit Blocks": 0,
                                "Shared Read Blocks": 0,
                                "Shared Dirtied Blocks": 0,
                                "Shared Written Blocks": 0,
                                "Local Hit Blocks": 0,
                                "Local Read Blocks": 0,
                                "Local Dirtied Blocks": 0,
                                "Local Written Blocks": 0,
                                "Temp Read Blocks": 0,
                                "Temp Written Blocks": 0
                            },
                            "Planning Time": 0.084,
                            "Triggers": [],
                            "Execution Time": 295.481
                        },
                        "any_explanation": {
                            "Plan": {
                                "Node Type": "Seq Scan",
                                "Parallel Aware": false,
                                "Async Capable": false,
                                "Relation Name": "tests_benchmark_booltester015",
                                "Schema": "public",
                                "Alias": "tests_benchmark_booltester015",
                                "Startup Cost": 0.0,
                                "Total Cost": 163695.01,
                                "Plan Rows": 9921876,
                                "Plan Width": 24,
                                "Actual Startup Time": 0.107,
                                "Actual Total Time": 851.226,
                                "Actual Rows": 9921949,
                                "Actual Loops": 1,
                                "Output": [
                                    "id",
                                    "flg_0",
                                    "flg_1",
                                    "flg_2",
                                    "flg_3",
                                    "flg_4",
                                    "flg_5",
                                    "flg_6",
                                    "flg_7",
                                    "flg_8",
                                    "flg_9",
                                    "flg_10",
                                    "flg_11",
                                    "flg_12",
                                    "flg_13",
                                    "flg_14",
                                    "flg_15"
                                ],
                                "Filter": "(tests_benchmark_booltester015.flg_0 OR tests_benchmark_booltester015.flg_1 OR tests_benchmark_booltester015.flg_2 OR tests_benchmark_booltester015.flg_3 OR tests_benchmark_booltester015.flg_7 OR tests_benchmark_booltester015.flg_13 OR tests_benchmark_booltester015.flg_14)",
                                "Rows Removed by Filter": 78052,
                                "Shared Hit Blocks": 5984,
                                "Shared Read Blocks": 57711,
                                "Shared Dirtied Blocks": 0,
                                "Shared Written Blocks": 0,
                                "Local Hit Blocks": 0,
                                "Local Read Blocks": 0,
                                "Local Dirtied Blocks": 0,
                                "Local Written Blocks": 0,
                                "Temp Read Blocks": 0,
                                "Temp Written Blocks": 0,
                                "WAL Records": 0,
                                "WAL FPI": 0,
                                "WAL Bytes": 0
                            },
                            "Settings": {},
                            "Planning": {
                                "Shared Hit Blocks": 0,
                                "Shared Read Blocks": 0,
                                "Shared Dirtied Blocks": 0,
                                "Shared Written Blocks": 0,
                                "Local Hit Blocks": 0,
                                "Local Read Blocks": 0,
                                "Local Dirtied Blocks": 0,
                                "Local Written Blocks": 0,
                                "Temp Read Blocks": 0,
                                "Temp Written Blocks": 0
                            },
                            "Planning Time": 0.078,
                            "Triggers": [],
                            "Execution Time": 1054.402
                        },
                        "exact_explanation": {
                            "Plan": {
                                "Node Type": "Gather",
                                "Parallel Aware": false,
                                "Async Capable": false,
                                "Startup Cost": 1000.0,
                                "Total Cost": 106376.97,
                                "Plan Rows": 153,
                                "Plan Width": 24,
                                "Actual Startup Time": 6.294,
                                "Actual Total Time": 278.999,
                                "Actual Rows": 152,
                                "Actual Loops": 1,
                                "Output": [
                                    "id",
                                    "flg_0",
                                    "flg_1",
                                    "flg_2",
                                    "flg_3",
                                    "flg_4",
                                    "flg_5",
                                    "flg_6",
                                    "flg_7",
                                    "flg_8",
                                    "flg_9",
                                    "flg_10",
                                    "flg_11",
                                    "flg_12",
                                    "flg_13",
                                    "flg_14",
                                    "flg_15"
                                ],
                                "Workers Planned": 2,
                                "Workers Launched": 2,
                                "Single Copy": false,
                                "Shared Hit Blocks": 6112,
                                "Shared Read Blocks": 57583,
                                "Shared Dirtied Blocks": 0,
                                "Shared Written Blocks": 0,
                                "Local Hit Blocks": 0,
                                "Local Read Blocks": 0,
                                "Local Dirtied Blocks": 0,
                                "Local Written Blocks": 0,
                                "Temp Read Blocks": 0,
                                "Temp Written Blocks": 0,
                                "WAL Records": 0,
                                "WAL FPI": 0,
                                "WAL Bytes": 0,
                                "Plans": [
                                    {
                                        "Node Type": "Seq Scan",
                                        "Parent Relationship": "Outer",
                                        "Parallel Aware": true,
                                        "Async Capable": false,
                                        "Relation Name": "tests_benchmark_booltester015",
                                        "Schema": "public",
                                        "Alias": "tests_benchmark_booltester015",
                                        "Startup Cost": 0.0,
                                        "Total Cost": 105361.67,
                                        "Plan Rows": 64,
                                        "Plan Width": 24,
                                        "Actual Startup Time": 3.98,
                                        "Actual Total Time": 276.315,
                                        "Actual Rows": 51,
                                        "Actual Loops": 3,
                                        "Output": [
                                            "id",
                                            "flg_0",
                                            "flg_1",
                                            "flg_2",
                                            "flg_3",
                                            "flg_4",
                                            "flg_5",
                                            "flg_6",
                                            "flg_7",
                                            "flg_8",
                                            "flg_9",
                                            "flg_10",
                                            "flg_11",
                                            "flg_12",
                                            "flg_13",
                                            "flg_14",
                                            "flg_15"
                                        ],
                                        "Filter": "(tests_benchmark_booltester015.flg_0 AND tests_benchmark_booltester015.flg_1 AND tests_benchmark_booltester015.flg_2 AND tests_benchmark_booltester015.flg_3 AND (NOT tests_benchmark_booltester015.flg_4) AND (NOT tests_benchmark_booltester015.flg_5) AND (NOT tests_benchmark_booltester015.flg_6) AND tests_benchmark_booltester015.flg_7 AND (NOT tests_benchmark_booltester015.flg_8) AND (NOT tests_benchmark_booltester015.flg_9) AND (NOT tests_benchmark_booltester015.flg_10) AND (NOT tests_benchmark_booltester015.flg_11) AND (NOT tests_benchmark_booltester015.flg_12) AND tests_benchmark_booltester015.flg_13 AND tests_benchmark_booltester015.flg_14 AND (NOT tests_benchmark_booltester015.flg_15))",
                                        "Rows Removed by Filter": 3333283,
                                        "Shared Hit Blocks": 6112,
                                        "Shared Read Blocks": 57583,
                                        "Shared Dirtied Blocks": 0,
                                        "Shared Written Blocks": 0,
                                        "Local Hit Blocks": 0,
                                        "Local Read Blocks": 0,
                                        "Local Dirtied Blocks": 0,
                                        "Local Written Blocks": 0,
                                        "Temp Read Blocks": 0,
                                        "Temp Written Blocks": 0,
                                        "WAL Records": 0,
                                        "WAL FPI": 0,
                                        "WAL Bytes": 0,
                                        "Workers": [
                                            {
                                                "Worker Number": 0,
                                                "Actual Startup Time": 4.471,
                                                "Actual Total Time": 275.618,
                                                "Actual Rows": 53,
                                                "Actual Loops": 1,
                                                "Shared Hit Blocks": 1982,
                                                "Shared Read Blocks": 19136,
                                                "Shared Dirtied Blocks": 0,
                                                "Shared Written Blocks": 0,
                                                "Local Hit Blocks": 0,
                                                "Local Read Blocks": 0,
                                                "Local Dirtied Blocks": 0,
                                                "Local Written Blocks": 0,
                                                "Temp Read Blocks": 0,
                                                "Temp Written Blocks": 0,
                                                "WAL Records": 0,
                                                "WAL FPI": 0,
                                                "WAL Bytes": 0
                                            },
                                            {
                                                "Worker Number": 1,
                                                "Actual Startup Time": 1.252,
                                                "Actual Total Time": 275.665,
                                                "Actual Rows": 54,
                                                "Actual Loops": 1,
                                                "Shared Hit Blocks": 1988,
                                                "Shared Read Blocks": 19087,
                                                "Shared Dirtied Blocks": 0,
                                                "Shared Written Blocks": 0,
                                                "Local Hit Blocks": 0,
                                                "Local Read Blocks": 0,
                                                "Local Dirtied Blocks": 0,
                                                "Local Written Blocks": 0,
                                                "Temp Read Blocks": 0,
                                                "Temp Written Blocks": 0,
                                                "WAL Records": 0,
                                                "WAL FPI": 0,
                                                "WAL Bytes": 0
                                            }
                                        ]
                                    }
                                ]
                            },
                            "Settings": {},
                            "Planning": {
                                "Shared Hit Blocks": 0,
                                "Shared Read Blocks": 0,
                                "Shared Dirtied Blocks": 0,
                                "Shared Written Blocks": 0,
                                "Local Hit Blocks": 0,
                                "Local Read Blocks": 0,
                                "Local Dirtied Blocks": 0,
                                "Local Written Blocks": 0,
                                "Temp Read Blocks": 0,
                                "Temp Written Blocks": 0
                            },
                            "Planning Time": 0.111,
                            "Triggers": [],
                            "Execution Time": 279.018
                        },
                        "all_ftr_time": 0.27436190000000005,
                        "any_ftr_time": 1.0455607999999998,
                        "exact_ftr_time": 0.2784733
                    },
                    "20000000": {
                        "all_time": 0.5240135917789303,
                        "any_time": 2.6005496793892235,
                        "exact_time": 0.5494363793171942,
                        "table_size": 3710910464.0,
                        "index_time": 113.08332783298101,
                        "all_explanation": {
                            "Plan": {
                                "Node Type": "Gather",
                                "Parallel Aware": false,
                                "Async Capable": false,
                                "Startup Cost": 1000.0,
                                "Total Cost": 242972.33,
                                "Plan Rows": 312500,
                                "Plan Width": 24,
                                "Actual Startup Time": 0.073,
                                "Actual Total Time": 541.617,
                                "Actual Rows": 313061,
                                "Actual Loops": 1,
                                "Output": [
                                    "id",
                                    "flg_0",
                                    "flg_1",
                                    "flg_2",
                                    "flg_3",
                                    "flg_4",
                                    "flg_5",
                                    "flg_6",
                                    "flg_7",
                                    "flg_8",
                                    "flg_9",
                                    "flg_10",
                                    "flg_11",
                                    "flg_12",
                                    "flg_13",
                                    "flg_14",
                                    "flg_15"
                                ],
                                "Workers Planned": 2,
                                "Workers Launched": 2,
                                "Single Copy": false,
                                "Shared Hit Blocks": 5664,
                                "Shared Read Blocks": 121725,
                                "Shared Dirtied Blocks": 0,
                                "Shared Written Blocks": 0,
                                "Local Hit Blocks": 0,
                                "Local Read Blocks": 0,
                                "Local Dirtied Blocks": 0,
                                "Local Written Blocks": 0,
                                "Temp Read Blocks": 0,
                                "Temp Written Blocks": 0,
                                "WAL Records": 0,
                                "WAL FPI": 0,
                                "WAL Bytes": 0,
                                "Plans": [
                                    {
                                        "Node Type": "Seq Scan",
                                        "Parent Relationship": "Outer",
                                        "Parallel Aware": true,
                                        "Async Capable": false,
                                        "Relation Name": "tests_benchmark_booltester015",
                                        "Schema": "public",
                                        "Alias": "tests_benchmark_booltester015",
                                        "Startup Cost": 0.0,
                                        "Total Cost": 210722.33,
                                        "Plan Rows": 130208,
                                        "Plan Width": 24,
                                        "Actual Startup Time": 0.024,
                                        "Actual Total Time": 521.852,
                                        "Actual Rows": 104354,
                                        "Actual Loops": 3,
                                        "Output": [
                                            "id",
                                            "flg_0",
                                            "flg_1",
                                            "flg_2",
                                            "flg_3",
                                            "flg_4",
                                            "flg_5",
                                            "flg_6",
                                            "flg_7",
                                            "flg_8",
                                            "flg_9",
                                            "flg_10",
                                            "flg_11",
                                            "flg_12",
                                            "flg_13",
                                            "flg_14",
                                            "flg_15"
                                        ],
                                        "Filter": "(tests_benchmark_booltester015.flg_5 AND tests_benchmark_booltester015.flg_6 AND tests_benchmark_booltester015.flg_9 AND tests_benchmark_booltester015.flg_12 AND tests_benchmark_booltester015.flg_13 AND tests_benchmark_booltester015.flg_14)",
                                        "Rows Removed by Filter": 6562313,
                                        "Shared Hit Blocks": 5664,
                                        "Shared Read Blocks": 121725,
                                        "Shared Dirtied Blocks": 0,
                                        "Shared Written Blocks": 0,
                                        "Local Hit Blocks": 0,
                                        "Local Read Blocks": 0,
                                        "Local Dirtied Blocks": 0,
                                        "Local Written Blocks": 0,
                                        "Temp Read Blocks": 0,
                                        "Temp Written Blocks": 0,
                                        "WAL Records": 0,
                                        "WAL FPI": 0,
                                        "WAL Bytes": 0,
                                        "Workers": [
                                            {
                                                "Worker Number": 0,
                                                "Actual Startup Time": 0.03,
                                                "Actual Total Time": 525.228,
                                                "Actual Rows": 104450,
                                                "Actual Loops": 1,
                                                "Shared Hit Blocks": 1883,
                                                "Shared Read Blocks": 40829,
                                                "Shared Dirtied Blocks": 0,
                                                "Shared Written Blocks": 0,
                                                "Local Hit Blocks": 0,
                                                "Local Read Blocks": 0,
                                                "Local Dirtied Blocks": 0,
                                                "Local Written Blocks": 0,
                                                "Temp Read Blocks": 0,
                                                "Temp Written Blocks": 0,
                                                "WAL Records": 0,
                                                "WAL FPI": 0,
                                                "WAL Bytes": 0
                                            },
                                            {
                                                "Worker Number": 1,
                                                "Actual Startup Time": 0.027,
                                                "Actual Total Time": 525.015,
                                                "Actual Rows": 105196,
                                                "Actual Loops": 1,
                                                "Shared Hit Blocks": 1858,
                                                "Shared Read Blocks": 40864,
                                                "Shared Dirtied Blocks": 0,
                                                "Shared Written Blocks": 0,
                                                "Local Hit Blocks": 0,
                                                "Local Read Blocks": 0,
                                                "Local Dirtied Blocks": 0,
                                                "Local Written Blocks": 0,
                                                "Temp Read Blocks": 0,
                                                "Temp Written Blocks": 0,
                                                "WAL Records": 0,
                                                "WAL FPI": 0,
                                                "WAL Bytes": 0
                                            }
                                        ]
                                    }
                                ]
                            },
                            "Settings": {},
                            "Planning": {
                                "Shared Hit Blocks": 0,
                                "Shared Read Blocks": 0,
                                "Shared Dirtied Blocks": 0,
                                "Shared Written Blocks": 0,
                                "Local Hit Blocks": 0,
                                "Local Read Blocks": 0,
                                "Local Dirtied Blocks": 0,
                                "Local Written Blocks": 0,
                                "Temp Read Blocks": 0,
                                "Temp Written Blocks": 0
                            },
                            "Planning Time": 0.082,
                            "Triggers": [],
                            "Execution Time": 548.596
                        },
                        "any_explanation": {
                            "Plan": {
                                "Node Type": "Seq Scan",
                                "Parallel Aware": false,
                                "Async Capable": false,
                                "Relation Name": "tests_benchmark_booltester015",
                                "Schema": "public",
                                "Alias": "tests_benchmark_booltester015",
                                "Startup Cost": 0.0,
                                "Total Cost": 327389.0,
                                "Plan Rows": 19687500,
                                "Plan Width": 24,
                                "Actual Startup Time": 0.012,
                                "Actual Total Time": 1653.974,
                                "Actual Rows": 19687152,
                                "Actual Loops": 1,
                                "Output": [
                                    "id",
                                    "flg_0",
                                    "flg_1",
                                    "flg_2",
                                    "flg_3",
                                    "flg_4",
                                    "flg_5",
                                    "flg_6",
                                    "flg_7",
                                    "flg_8",
                                    "flg_9",
                                    "flg_10",
                                    "flg_11",
                                    "flg_12",
                                    "flg_13",
                                    "flg_14",
                                    "flg_15"
                                ],
                                "Filter": "(tests_benchmark_booltester015.flg_5 OR tests_benchmark_booltester015.flg_6 OR tests_benchmark_booltester015.flg_9 OR tests_benchmark_booltester015.flg_12 OR tests_benchmark_booltester015.flg_13 OR tests_benchmark_booltester015.flg_14)",
                                "Rows Removed by Filter": 312849,
                                "Shared Hit Blocks": 5856,
                                "Shared Read Blocks": 121533,
                                "Shared Dirtied Blocks": 0,
                                "Shared Written Blocks": 0,
                                "Local Hit Blocks": 0,
                                "Local Read Blocks": 0,
                                "Local Dirtied Blocks": 0,
                                "Local Written Blocks": 0,
                                "Temp Read Blocks": 0,
                                "Temp Written Blocks": 0,
                                "WAL Records": 0,
                                "WAL FPI": 0,
                                "WAL Bytes": 0
                            },
                            "Settings": {},
                            "Planning": {
                                "Shared Hit Blocks": 0,
                                "Shared Read Blocks": 0,
                                "Shared Dirtied Blocks": 0,
                                "Shared Written Blocks": 0,
                                "Local Hit Blocks": 0,
                                "Local Read Blocks": 0,
                                "Local Dirtied Blocks": 0,
                                "Local Written Blocks": 0,
                                "Temp Read Blocks": 0,
                                "Temp Written Blocks": 0
                            },
                            "Planning Time": 0.08,
                            "Triggers": [],
                            "Execution Time": 2052.156
                        },
                        "exact_explanation": {
                            "Plan": {
                                "Node Type": "Gather",
                                "Parallel Aware": false,
                                "Async Capable": false,
                                "Startup Cost": 1000.0,
                                "Total Cost": 211752.83,
                                "Plan Rows": 305,
                                "Plan Width": 24,
                                "Actual Startup Time": 2.106,
                                "Actual Total Time": 545.377,
                                "Actual Rows": 305,
                                "Actual Loops": 1,
                                "Output": [
                                    "id",
                                    "flg_0",
                                    "flg_1",
                                    "flg_2",
                                    "flg_3",
                                    "flg_4",
                                    "flg_5",
                                    "flg_6",
                                    "flg_7",
                                    "flg_8",
                                    "flg_9",
                                    "flg_10",
                                    "flg_11",
                                    "flg_12",
                                    "flg_13",
                                    "flg_14",
                                    "flg_15"
                                ],
                                "Workers Planned": 2,
                                "Workers Launched": 2,
                                "Single Copy": false,
                                "Shared Hit Blocks": 5984,
                                "Shared Read Blocks": 121405,
                                "Shared Dirtied Blocks": 0,
                                "Shared Written Blocks": 0,
                                "Local Hit Blocks": 0,
                                "Local Read Blocks": 0,
                                "Local Dirtied Blocks": 0,
                                "Local Written Blocks": 0,
                                "Temp Read Blocks": 0,
                                "Temp Written Blocks": 0,
                                "WAL Records": 0,
                                "WAL FPI": 0,
                                "WAL Bytes": 0,
                                "Plans": [
                                    {
                                        "Node Type": "Seq Scan",
                                        "Parent Relationship": "Outer",
                                        "Parallel Aware": true,
                                        "Async Capable": false,
                                        "Relation Name": "tests_benchmark_booltester015",
                                        "Schema": "public",
                                        "Alias": "tests_benchmark_booltester015",
                                        "Startup Cost": 0.0,
                                        "Total Cost": 210722.33,
                                        "Plan Rows": 127,
                                        "Plan Width": 24,
                                        "Actual Startup Time": 6.73,
                                        "Actual Total Time": 543.008,
                                        "Actual Rows": 102,
                                        "Actual Loops": 3,
                                        "Output": [
                                            "id",
                                            "flg_0",
                                            "flg_1",
                                            "flg_2",
                                            "flg_3",
                                            "flg_4",
                                            "flg_5",
                                            "flg_6",
                                            "flg_7",
                                            "flg_8",
                                            "flg_9",
                                            "flg_10",
                                            "flg_11",
                                            "flg_12",
                                            "flg_13",
                                            "flg_14",
                                            "flg_15"
                                        ],
                                        "Filter": "((NOT tests_benchmark_booltester015.flg_0) AND (NOT tests_benchmark_booltester015.flg_1) AND (NOT tests_benchmark_booltester015.flg_2) AND (NOT tests_benchmark_booltester015.flg_3) AND (NOT tests_benchmark_booltester015.flg_4) AND tests_benchmark_booltester015.flg_5 AND tests_benchmark_booltester015.flg_6 AND (NOT tests_benchmark_booltester015.flg_7) AND (NOT tests_benchmark_booltester015.flg_8) AND tests_benchmark_booltester015.flg_9 AND (NOT tests_benchmark_booltester015.flg_10) AND (NOT tests_benchmark_booltester015.flg_11) AND tests_benchmark_booltester015.flg_12 AND tests_benchmark_booltester015.flg_13 AND tests_benchmark_booltester015.flg_14 AND (NOT tests_benchmark_booltester015.flg_15))",
                                        "Rows Removed by Filter": 6666565,
                                        "Shared Hit Blocks": 5984,
                                        "Shared Read Blocks": 121405,
                                        "Shared Dirtied Blocks": 0,
                                        "Shared Written Blocks": 0,
                                        "Local Hit Blocks": 0,
                                        "Local Read Blocks": 0,
                                        "Local Dirtied Blocks": 0,
                                        "Local Written Blocks": 0,
                                        "Temp Read Blocks": 0,
                                        "Temp Written Blocks": 0,
                                        "WAL Records": 0,
                                        "WAL FPI": 0,
                                        "WAL Bytes": 0,
                                        "Workers": [
                                            {
                                                "Worker Number": 0,
                                                "Actual Startup Time": 16.179,
                                                "Actual Total Time": 542.349,
                                                "Actual Rows": 93,
                                                "Actual Loops": 1,
                                                "Shared Hit Blocks": 1941,
                                                "Shared Read Blocks": 40413,
                                                "Shared Dirtied Blocks": 0,
                                                "Shared Written Blocks": 0,
                                                "Local Hit Blocks": 0,
                                                "Local Read Blocks": 0,
                                                "Local Dirtied Blocks": 0,
                                                "Local Written Blocks": 0,
                                                "Temp Read Blocks": 0,
                                                "Temp Written Blocks": 0,
                                                "WAL Records": 0,
                                                "WAL FPI": 0,
                                                "WAL Bytes": 0
                                            },
                                            {
                                                "Worker Number": 1,
                                                "Actual Startup Time": 1.98,
                                                "Actual Total Time": 542.348,
                                                "Actual Rows": 119,
                                                "Actual Loops": 1,
                                                "Shared Hit Blocks": 1976,
                                                "Shared Read Blocks": 40416,
                                                "Shared Dirtied Blocks": 0,
                                                "Shared Written Blocks": 0,
                                                "Local Hit Blocks": 0,
                                                "Local Read Blocks": 0,
                                                "Local Dirtied Blocks": 0,
                                                "Local Written Blocks": 0,
                                                "Temp Read Blocks": 0,
                                                "Temp Written Blocks": 0,
                                                "WAL Records": 0,
                                                "WAL FPI": 0,
                                                "WAL Bytes": 0
                                            }
                                        ]
                                    }
                                ]
                            },
                            "Settings": {},
                            "Planning": {
                                "Shared Hit Blocks": 0,
                                "Shared Read Blocks": 0,
                                "Shared Dirtied Blocks": 0,
                                "Shared Written Blocks": 0,
                                "Local Hit Blocks": 0,
                                "Local Read Blocks": 0,
                                "Local Dirtied Blocks": 0,
                                "Local Written Blocks": 0,
                                "Temp Read Blocks": 0,
                                "Temp Written Blocks": 0
                            },
                            "Planning Time": 0.105,
                            "Triggers": [],
                            "Execution Time": 545.398
                        },
                        "all_ftr_time": 0.7097814000000001,
                        "any_ftr_time": 2.0079138,
                        "exact_ftr_time": 0.5470062
                    },
                    "40000000": {
                        "all_time": 1.788471341598779,
                        "any_time": 6.1929733293131,
                        "exact_time": 1.311241275118664,
                        "table_size": 7420772352.0,
                        "index_time": 274.0980862500146,
                        "all_explanation": {
                            "Plan": {
                                "Node Type": "Gather",
                                "Parallel Aware": false,
                                "Async Capable": false,
                                "Startup Cost": 1000.0,
                                "Total Cost": 426337.47,
                                "Plan Rows": 38928,
                                "Plan Width": 24,
                                "Actual Startup Time": 0.477,
                                "Actual Total Time": 3285.035,
                                "Actual Rows": 38514,
                                "Actual Loops": 1,
                                "Output": [
                                    "id",
                                    "flg_0",
                                    "flg_1",
                                    "flg_2",
                                    "flg_3",
                                    "flg_4",
                                    "flg_5",
                                    "flg_6",
                                    "flg_7",
                                    "flg_8",
                                    "flg_9",
                                    "flg_10",
                                    "flg_11",
                                    "flg_12",
                                    "flg_13",
                                    "flg_14",
                                    "flg_15"
                                ],
                                "Workers Planned": 2,
                                "Workers Launched": 2,
                                "Single Copy": false,
                                "Shared Hit Blocks": 5760,
                                "Shared Read Blocks": 249018,
                                "Shared Dirtied Blocks": 0,
                                "Shared Written Blocks": 10,
                                "Local Hit Blocks": 0,
                                "Local Read Blocks": 0,
                                "Local Dirtied Blocks": 0,
                                "Local Written Blocks": 0,
                                "Temp Read Blocks": 0,
                                "Temp Written Blocks": 0,
                                "WAL Records": 0,
                                "WAL FPI": 0,
                                "WAL Bytes": 0,
                                "Plans": [
                                    {
                                        "Node Type": "Seq Scan",
                                        "Parent Relationship": "Outer",
                                        "Parallel Aware": true,
                                        "Async Capable": false,
                                        "Relation Name": "tests_benchmark_booltester015",
                                        "Schema": "public",
                                        "Alias": "tests_benchmark_booltester015",
                                        "Startup Cost": 0.0,
                                        "Total Cost": 421444.67,
                                        "Plan Rows": 16220,
                                        "Plan Width": 24,
                                        "Actual Startup Time": 0.149,
                                        "Actual Total Time": 3275.786,
                                        "Actual Rows": 12838,
                                        "Actual Loops": 3,
                                        "Output": [
                                            "id",
                                            "flg_0",
                                            "flg_1",
                                            "flg_2",
                                            "flg_3",
                                            "flg_4",
                                            "flg_5",
                                            "flg_6",
                                            "flg_7",
                                            "flg_8",
                                            "flg_9",
                                            "flg_10",
                                            "flg_11",
                                            "flg_12",
                                            "flg_13",
                                            "flg_14",
                                            "flg_15"
                                        ],
                                        "Filter": "(tests_benchmark_booltester015.flg_0 AND tests_benchmark_booltester015.flg_1 AND tests_benchmark_booltester015.flg_3 AND tests_benchmark_booltester015.flg_4 AND tests_benchmark_booltester015.flg_5 AND tests_benchmark_booltester015.flg_9 AND tests_benchmark_booltester015.flg_10 AND tests_benchmark_booltester015.flg_12 AND tests_benchmark_booltester015.flg_14 AND tests_benchmark_booltester015.flg_15)",
                                        "Rows Removed by Filter": 13320496,
                                        "Shared Hit Blocks": 5760,
                                        "Shared Read Blocks": 249018,
                                        "Shared Dirtied Blocks": 0,
                                        "Shared Written Blocks": 10,
                                        "Local Hit Blocks": 0,
                                        "Local Read Blocks": 0,
                                        "Local Dirtied Blocks": 0,
                                        "Local Written Blocks": 0,
                                        "Temp Read Blocks": 0,
                                        "Temp Written Blocks": 0,
                                        "WAL Records": 0,
                                        "WAL FPI": 0,
                                        "WAL Bytes": 0,
                                        "Workers": [
                                            {
                                                "Worker Number": 0,
                                                "Actual Startup Time": 0.033,
                                                "Actual Total Time": 3279.359,
                                                "Actual Rows": 12958,
                                                "Actual Loops": 1,
                                                "Shared Hit Blocks": 1927,
                                                "Shared Read Blocks": 83488,
                                                "Shared Dirtied Blocks": 0,
                                                "Shared Written Blocks": 0,
                                                "Local Hit Blocks": 0,
                                                "Local Read Blocks": 0,
                                                "Local Dirtied Blocks": 0,
                                                "Local Written Blocks": 0,
                                                "Temp Read Blocks": 0,
                                                "Temp Written Blocks": 0,
                                                "WAL Records": 0,
                                                "WAL FPI": 0,
                                                "WAL Bytes": 0
                                            },
                                            {
                                                "Worker Number": 1,
                                                "Actual Startup Time": 0.033,
                                                "Actual Total Time": 3268.411,
                                                "Actual Rows": 12738,
                                                "Actual Loops": 1,
                                                "Shared Hit Blocks": 1889,
                                                "Shared Read Blocks": 81946,
                                                "Shared Dirtied Blocks": 0,
                                                "Shared Written Blocks": 10,
                                                "Local Hit Blocks": 0,
                                                "Local Read Blocks": 0,
                                                "Local Dirtied Blocks": 0,
                                                "Local Written Blocks": 0,
                                                "Temp Read Blocks": 0,
                                                "Temp Written Blocks": 0,
                                                "WAL Records": 0,
                                                "WAL FPI": 0,
                                                "WAL Bytes": 0
                                            }
                                        ]
                                    }
                                ]
                            },
                            "Settings": {},
                            "Planning": {
                                "Shared Hit Blocks": 0,
                                "Shared Read Blocks": 0,
                                "Shared Dirtied Blocks": 0,
                                "Shared Written Blocks": 0,
                                "Local Hit Blocks": 0,
                                "Local Read Blocks": 0,
                                "Local Dirtied Blocks": 0,
                                "Local Written Blocks": 0,
                                "Temp Read Blocks": 0,
                                "Temp Written Blocks": 0
                            },
                            "Planning Time": 0.116,
                            "Triggers": [],
                            "Execution Time": 3286.285
                        },
                        "any_explanation": {
                            "Plan": {
                                "Node Type": "Seq Scan",
                                "Parallel Aware": false,
                                "Async Capable": false,
                                "Relation Name": "tests_benchmark_booltester015",
                                "Schema": "public",
                                "Alias": "tests_benchmark_booltester015",
                                "Startup Cost": 0.0,
                                "Total Cost": 654778.0,
                                "Plan Rows": 39960811,
                                "Plan Width": 24,
                                "Actual Startup Time": 0.207,
                                "Actual Total Time": 3672.658,
                                "Actual Rows": 39960881,
                                "Actual Loops": 1,
                                "Output": [
                                    "id",
                                    "flg_0",
                                    "flg_1",
                                    "flg_2",
                                    "flg_3",
                                    "flg_4",
                                    "flg_5",
                                    "flg_6",
                                    "flg_7",
                                    "flg_8",
                                    "flg_9",
                                    "flg_10",
                                    "flg_11",
                                    "flg_12",
                                    "flg_13",
                                    "flg_14",
                                    "flg_15"
                                ],
                                "Filter": "(tests_benchmark_booltester015.flg_0 OR tests_benchmark_booltester015.flg_1 OR tests_benchmark_booltester015.flg_3 OR tests_benchmark_booltester015.flg_4 OR tests_benchmark_booltester015.flg_5 OR tests_benchmark_booltester015.flg_9 OR tests_benchmark_booltester015.flg_10 OR tests_benchmark_booltester015.flg_12 OR tests_benchmark_booltester015.flg_14 OR tests_benchmark_booltester015.flg_15)",
                                "Rows Removed by Filter": 39120,
                                "Shared Hit Blocks": 5952,
                                "Shared Read Blocks": 248826,
                                "Shared Dirtied Blocks": 0,
                                "Shared Written Blocks": 0,
                                "Local Hit Blocks": 0,
                                "Local Read Blocks": 0,
                                "Local Dirtied Blocks": 0,
                                "Local Written Blocks": 0,
                                "Temp Read Blocks": 0,
                                "Temp Written Blocks": 0,
                                "WAL Records": 0,
                                "WAL FPI": 0,
                                "WAL Bytes": 0
                            },
                            "Settings": {},
                            "Planning": {
                                "Shared Hit Blocks": 0,
                                "Shared Read Blocks": 0,
                                "Shared Dirtied Blocks": 0,
                                "Shared Written Blocks": 0,
                                "Local Hit Blocks": 0,
                                "Local Read Blocks": 0,
                                "Local Dirtied Blocks": 0,
                                "Local Written Blocks": 0,
                                "Temp Read Blocks": 0,
                                "Temp Written Blocks": 0
                            },
                            "Planning Time": 0.096,
                            "Triggers": [],
                            "Execution Time": 4488.328
                        },
                        "exact_explanation": {
                            "Plan": {
                                "Node Type": "Gather",
                                "Parallel Aware": false,
                                "Async Capable": false,
                                "Startup Cost": 1000.0,
                                "Total Cost": 422505.57,
                                "Plan Rows": 609,
                                "Plan Width": 24,
                                "Actual Startup Time": 14.211,
                                "Actual Total Time": 1095.959,
                                "Actual Rows": 592,
                                "Actual Loops": 1,
                                "Output": [
                                    "id",
                                    "flg_0",
                                    "flg_1",
                                    "flg_2",
                                    "flg_3",
                                    "flg_4",
                                    "flg_5",
                                    "flg_6",
                                    "flg_7",
                                    "flg_8",
                                    "flg_9",
                                    "flg_10",
                                    "flg_11",
                                    "flg_12",
                                    "flg_13",
                                    "flg_14",
                                    "flg_15"
                                ],
                                "Workers Planned": 2,
                                "Workers Launched": 2,
                                "Single Copy": false,
                                "Shared Hit Blocks": 6080,
                                "Shared Read Blocks": 248698,
                                "Shared Dirtied Blocks": 0,
                                "Shared Written Blocks": 0,
                                "Local Hit Blocks": 0,
                                "Local Read Blocks": 0,
                                "Local Dirtied Blocks": 0,
                                "Local Written Blocks": 0,
                                "Temp Read Blocks": 0,
                                "Temp Written Blocks": 0,
                                "WAL Records": 0,
                                "WAL FPI": 0,
                                "WAL Bytes": 0,
                                "Plans": [
                                    {
                                        "Node Type": "Seq Scan",
                                        "Parent Relationship": "Outer",
                                        "Parallel Aware": true,
                                        "Async Capable": false,
                                        "Relation Name": "tests_benchmark_booltester015",
                                        "Schema": "public",
                                        "Alias": "tests_benchmark_booltester015",
                                        "Startup Cost": 0.0,
                                        "Total Cost": 421444.67,
                                        "Plan Rows": 254,
                                        "Plan Width": 24,
                                        "Actual Startup Time": 8.976,
                                        "Actual Total Time": 1093.318,
                                        "Actual Rows": 197,
                                        "Actual Loops": 3,
                                        "Output": [
                                            "id",
                                            "flg_0",
                                            "flg_1",
                                            "flg_2",
                                            "flg_3",
                                            "flg_4",
                                            "flg_5",
                                            "flg_6",
                                            "flg_7",
                                            "flg_8",
                                            "flg_9",
                                            "flg_10",
                                            "flg_11",
                                            "flg_12",
                                            "flg_13",
                                            "flg_14",
                                            "flg_15"
                                        ],
                                        "Filter": "(tests_benchmark_booltester015.flg_0 AND tests_benchmark_booltester015.flg_1 AND (NOT tests_benchmark_booltester015.flg_2) AND tests_benchmark_booltester015.flg_3 AND tests_benchmark_booltester015.flg_4 AND tests_benchmark_booltester015.flg_5 AND (NOT tests_benchmark_booltester015.flg_6) AND (NOT tests_benchmark_booltester015.flg_7) AND (NOT tests_benchmark_booltester015.flg_8) AND tests_benchmark_booltester015.flg_9 AND tests_benchmark_booltester015.flg_10 AND (NOT tests_benchmark_booltester015.flg_11) AND tests_benchmark_booltester015.flg_12 AND (NOT tests_benchmark_booltester015.flg_13) AND tests_benchmark_booltester015.flg_14 AND tests_benchmark_booltester015.flg_15)",
                                        "Rows Removed by Filter": 13333136,
                                        "Shared Hit Blocks": 6080,
                                        "Shared Read Blocks": 248698,
                                        "Shared Dirtied Blocks": 0,
                                        "Shared Written Blocks": 0,
                                        "Local Hit Blocks": 0,
                                        "Local Read Blocks": 0,
                                        "Local Dirtied Blocks": 0,
                                        "Local Written Blocks": 0,
                                        "Temp Read Blocks": 0,
                                        "Temp Written Blocks": 0,
                                        "WAL Records": 0,
                                        "WAL FPI": 0,
                                        "WAL Bytes": 0,
                                        "Workers": [
                                            {
                                                "Worker Number": 0,
                                                "Actual Startup Time": 4.708,
                                                "Actual Total Time": 1092.48,
                                                "Actual Rows": 203,
                                                "Actual Loops": 1,
                                                "Shared Hit Blocks": 1974,
                                                "Shared Read Blocks": 82784,
                                                "Shared Dirtied Blocks": 0,
                                                "Shared Written Blocks": 0,
                                                "Local Hit Blocks": 0,
                                                "Local Read Blocks": 0,
                                                "Local Dirtied Blocks": 0,
                                                "Local Written Blocks": 0,
                                                "Temp Read Blocks": 0,
                                                "Temp Written Blocks": 0,
                                                "WAL Records": 0,
                                                "WAL FPI": 0,
                                                "WAL Bytes": 0
                                            },
                                            {
                                                "Worker Number": 1,
                                                "Actual Startup Time": 8.091,
                                                "Actual Total Time": 1092.72,
                                                "Actual Rows": 198,
                                                "Actual Loops": 1,
                                                "Shared Hit Blocks": 2007,
                                                "Shared Read Blocks": 82848,
                                                "Shared Dirtied Blocks": 0,
                                                "Shared Written Blocks": 0,
                                                "Local Hit Blocks": 0,
                                                "Local Read Blocks": 0,
                                                "Local Dirtied Blocks": 0,
                                                "Local Written Blocks": 0,
                                                "Temp Read Blocks": 0,
                                                "Temp Written Blocks": 0,
                                                "WAL Records": 0,
                                                "WAL FPI": 0,
                                                "WAL Bytes": 0
                                            }
                                        ]
                                    }
                                ]
                            },
                            "Settings": {},
                            "Planning": {
                                "Shared Hit Blocks": 0,
                                "Shared Read Blocks": 0,
                                "Shared Dirtied Blocks": 0,
                                "Shared Written Blocks": 0,
                                "Local Hit Blocks": 0,
                                "Local Read Blocks": 0,
                                "Local Dirtied Blocks": 0,
                                "Local Written Blocks": 0,
                                "Temp Read Blocks": 0,
                                "Temp Written Blocks": 0
                            },
                            "Planning Time": 0.124,
                            "Triggers": [],
                            "Execution Time": 1096.0
                        },
                        "all_ftr_time": 2.0755758,
                        "any_ftr_time": 4.2721667,
                        "exact_ftr_time": 1.6796675
                    },
                    "60000000": {
                        "all_time": 3.269689604314044,
                        "any_time": 10.199791354208719,
                        "exact_time": 2.889813954022247,
                        "table_size": 10737418240.0,
                        "index_time": 410.1454618340358,
                        "all_explanation": {
                            "Plan": {
                                "Node Type": "Gather",
                                "Parallel Aware": false,
                                "Async Capable": false,
                                "Startup Cost": 1000.0,
                                "Total Cost": 644870.0,
                                "Plan Rows": 117040,
                                "Plan Width": 24,
                                "Actual Startup Time": 0.291,
                                "Actual Total Time": 2378.474,
                                "Actual Rows": 116915,
                                "Actual Loops": 1,
                                "Output": [
                                    "id",
                                    "flg_0",
                                    "flg_1",
                                    "flg_2",
                                    "flg_3",
                                    "flg_4",
                                    "flg_5",
                                    "flg_6",
                                    "flg_7",
                                    "flg_8",
                                    "flg_9",
                                    "flg_10",
                                    "flg_11",
                                    "flg_12",
                                    "flg_13",
                                    "flg_14",
                                    "flg_15"
                                ],
                                "Workers Planned": 2,
                                "Workers Launched": 2,
                                "Single Copy": false,
                                "Shared Hit Blocks": 5824,
                                "Shared Read Blocks": 376342,
                                "Shared Dirtied Blocks": 0,
                                "Shared Written Blocks": 0,
                                "Local Hit Blocks": 0,
                                "Local Read Blocks": 0,
                                "Local Dirtied Blocks": 0,
                                "Local Written Blocks": 0,
                                "Temp Read Blocks": 0,
                                "Temp Written Blocks": 0,
                                "WAL Records": 0,
                                "WAL FPI": 0,
                                "WAL Bytes": 0,
                                "Plans": [
                                    {
                                        "Node Type": "Seq Scan",
                                        "Parent Relationship": "Outer",
                                        "Parallel Aware": true,
                                        "Async Capable": false,
                                        "Relation Name": "tests_benchmark_booltester015",
                                        "Schema": "public",
                                        "Alias": "tests_benchmark_booltester015",
                                        "Startup Cost": 0.0,
                                        "Total Cost": 632166.0,
                                        "Plan Rows": 48767,
                                        "Plan Width": 24,
                                        "Actual Startup Time": 0.162,
                                        "Actual Total Time": 2357.406,
                                        "Actual Rows": 38972,
                                        "Actual Loops": 3,
                                        "Output": [
                                            "id",
                                            "flg_0",
                                            "flg_1",
                                            "flg_2",
                                            "flg_3",
                                            "flg_4",
                                            "flg_5",
                                            "flg_6",
                                            "flg_7",
                                            "flg_8",
                                            "flg_9",
                                            "flg_10",
                                            "flg_11",
                                            "flg_12",
                                            "flg_13",
                                            "flg_14",
                                            "flg_15"
                                        ],
                                        "Filter": "(tests_benchmark_booltester015.flg_0 AND tests_benchmark_booltester015.flg_3 AND tests_benchmark_booltester015.flg_4 AND tests_benchmark_booltester015.flg_5 AND tests_benchmark_booltester015.flg_6 AND tests_benchmark_booltester015.flg_7 AND tests_benchmark_booltester015.flg_8 AND tests_benchmark_booltester015.flg_12 AND tests_benchmark_booltester015.flg_14)",
                                        "Rows Removed by Filter": 19961029,
                                        "Shared Hit Blocks": 5824,
                                        "Shared Read Blocks": 376342,
                                        "Shared Dirtied Blocks": 0,
                                        "Shared Written Blocks": 0,
                                        "Local Hit Blocks": 0,
                                        "Local Read Blocks": 0,
                                        "Local Dirtied Blocks": 0,
                                        "Local Written Blocks": 0,
                                        "Temp Read Blocks": 0,
                                        "Temp Written Blocks": 0,
                                        "WAL Records": 0,
                                        "WAL FPI": 0,
                                        "WAL Bytes": 0,
                                        "Workers": [
                                            {
                                                "Worker Number": 0,
                                                "Actual Startup Time": 0.229,
                                                "Actual Total Time": 2358.315,
                                                "Actual Rows": 39235,
                                                "Actual Loops": 1,
                                                "Shared Hit Blocks": 1866,
                                                "Shared Read Blocks": 125750,
                                                "Shared Dirtied Blocks": 0,
                                                "Shared Written Blocks": 0,
                                                "Local Hit Blocks": 0,
                                                "Local Read Blocks": 0,
                                                "Local Dirtied Blocks": 0,
                                                "Local Written Blocks": 0,
                                                "Temp Read Blocks": 0,
                                                "Temp Written Blocks": 0,
                                                "WAL Records": 0,
                                                "WAL FPI": 0,
                                                "WAL Bytes": 0
                                            },
                                            {
                                                "Worker Number": 1,
                                                "Actual Startup Time": 0.034,
                                                "Actual Total Time": 2358.208,
                                                "Actual Rows": 39096,
                                                "Actual Loops": 1,
                                                "Shared Hit Blocks": 1901,
                                                "Shared Read Blocks": 126304,
                                                "Shared Dirtied Blocks": 0,
                                                "Shared Written Blocks": 0,
                                                "Local Hit Blocks": 0,
                                                "Local Read Blocks": 0,
                                                "Local Dirtied Blocks": 0,
                                                "Local Written Blocks": 0,
                                                "Temp Read Blocks": 0,
                                                "Temp Written Blocks": 0,
                                                "WAL Records": 0,
                                                "WAL FPI": 0,
                                                "WAL Bytes": 0
                                            }
                                        ]
                                    }
                                ]
                            },
                            "Settings": {},
                            "Planning": {
                                "Shared Hit Blocks": 0,
                                "Shared Read Blocks": 0,
                                "Shared Dirtied Blocks": 0,
                                "Shared Written Blocks": 0,
                                "Local Hit Blocks": 0,
                                "Local Read Blocks": 0,
                                "Local Dirtied Blocks": 0,
                                "Local Written Blocks": 0,
                                "Temp Read Blocks": 0,
                                "Temp Written Blocks": 0
                            },
                            "Planning Time": 0.102,
                            "Triggers": [],
                            "Execution Time": 2381.292
                        },
                        "any_explanation": {
                            "Plan": {
                                "Node Type": "Seq Scan",
                                "Parallel Aware": false,
                                "Async Capable": false,
                                "Relation Name": "tests_benchmark_booltester015",
                                "Schema": "public",
                                "Alias": "tests_benchmark_booltester015",
                                "Startup Cost": 0.0,
                                "Total Cost": 982166.0,
                                "Plan Rows": 59882694,
                                "Plan Width": 24,
                                "Actual Startup Time": 0.014,
                                "Actual Total Time": 4951.092,
                                "Actual Rows": 59883198,
                                "Actual Loops": 1,
                                "Output": [
                                    "id",
                                    "flg_0",
                                    "flg_1",
                                    "flg_2",
                                    "flg_3",
                                    "flg_4",
                                    "flg_5",
                                    "flg_6",
                                    "flg_7",
                                    "flg_8",
                                    "flg_9",
                                    "flg_10",
                                    "flg_11",
                                    "flg_12",
                                    "flg_13",
                                    "flg_14",
                                    "flg_15"
                                ],
                                "Filter": "(tests_benchmark_booltester015.flg_0 OR tests_benchmark_booltester015.flg_3 OR tests_benchmark_booltester015.flg_4 OR tests_benchmark_booltester015.flg_5 OR tests_benchmark_booltester015.flg_6 OR tests_benchmark_booltester015.flg_7 OR tests_benchmark_booltester015.flg_8 OR tests_benchmark_booltester015.flg_12 OR tests_benchmark_booltester015.flg_14)",
                                "Rows Removed by Filter": 116803,
                                "Shared Hit Blocks": 6016,
                                "Shared Read Blocks": 376150,
                                "Shared Dirtied Blocks": 0,
                                "Shared Written Blocks": 10,
                                "Local Hit Blocks": 0,
                                "Local Read Blocks": 0,
                                "Local Dirtied Blocks": 0,
                                "Local Written Blocks": 0,
                                "Temp Read Blocks": 0,
                                "Temp Written Blocks": 0,
                                "WAL Records": 0,
                                "WAL FPI": 0,
                                "WAL Bytes": 0
                            },
                            "Settings": {},
                            "Planning": {
                                "Shared Hit Blocks": 0,
                                "Shared Read Blocks": 0,
                                "Shared Dirtied Blocks": 0,
                                "Shared Written Blocks": 0,
                                "Local Hit Blocks": 0,
                                "Local Read Blocks": 0,
                                "Local Dirtied Blocks": 0,
                                "Local Written Blocks": 0,
                                "Temp Read Blocks": 0,
                                "Temp Written Blocks": 0
                            },
                            "Planning Time": 0.094,
                            "Triggers": [],
                            "Execution Time": 6152.95
                        },
                        "exact_explanation": {
                            "Plan": {
                                "Node Type": "Gather",
                                "Parallel Aware": false,
                                "Async Capable": false,
                                "Startup Cost": 1000.0,
                                "Total Cost": 633257.8,
                                "Plan Rows": 918,
                                "Plan Width": 24,
                                "Actual Startup Time": 4.526,
                                "Actual Total Time": 2373.822,
                                "Actual Rows": 861,
                                "Actual Loops": 1,
                                "Output": [
                                    "id",
                                    "flg_0",
                                    "flg_1",
                                    "flg_2",
                                    "flg_3",
                                    "flg_4",
                                    "flg_5",
                                    "flg_6",
                                    "flg_7",
                                    "flg_8",
                                    "flg_9",
                                    "flg_10",
                                    "flg_11",
                                    "flg_12",
                                    "flg_13",
                                    "flg_14",
                                    "flg_15"
                                ],
                                "Workers Planned": 2,
                                "Workers Launched": 2,
                                "Single Copy": false,
                                "Shared Hit Blocks": 6144,
                                "Shared Read Blocks": 376022,
                                "Shared Dirtied Blocks": 0,
                                "Shared Written Blocks": 0,
                                "Local Hit Blocks": 0,
                                "Local Read Blocks": 0,
                                "Local Dirtied Blocks": 0,
                                "Local Written Blocks": 0,
                                "Temp Read Blocks": 0,
                                "Temp Written Blocks": 0,
                                "WAL Records": 0,
                                "WAL FPI": 0,
                                "WAL Bytes": 0,
                                "Plans": [
                                    {
                                        "Node Type": "Seq Scan",
                                        "Parent Relationship": "Outer",
                                        "Parallel Aware": true,
                                        "Async Capable": false,
                                        "Relation Name": "tests_benchmark_booltester015",
                                        "Schema": "public",
                                        "Alias": "tests_benchmark_booltester015",
                                        "Startup Cost": 0.0,
                                        "Total Cost": 632166.0,
                                        "Plan Rows": 382,
                                        "Plan Width": 24,
                                        "Actual Startup Time": 3.266,
                                        "Actual Total Time": 2363.338,
                                        "Actual Rows": 287,
                                        "Actual Loops": 3,
                                        "Output": [
                                            "id",
                                            "flg_0",
                                            "flg_1",
                                            "flg_2",
                                            "flg_3",
                                            "flg_4",
                                            "flg_5",
                                            "flg_6",
                                            "flg_7",
                                            "flg_8",
                                            "flg_9",
                                            "flg_10",
                                            "flg_11",
                                            "flg_12",
                                            "flg_13",
                                            "flg_14",
                                            "flg_15"
                                        ],
                                        "Filter": "(tests_benchmark_booltester015.flg_0 AND (NOT tests_benchmark_booltester015.flg_1) AND (NOT tests_benchmark_booltester015.flg_2) AND tests_benchmark_booltester015.flg_3 AND tests_benchmark_booltester015.flg_4 AND tests_benchmark_booltester015.flg_5 AND tests_benchmark_booltester015.flg_6 AND tests_benchmark_booltester015.flg_7 AND tests_benchmark_booltester015.flg_8 AND (NOT tests_benchmark_booltester015.flg_9) AND (NOT tests_benchmark_booltester015.flg_10) AND (NOT tests_benchmark_booltester015.flg_11) AND tests_benchmark_booltester015.flg_12 AND (NOT tests_benchmark_booltester015.flg_13) AND tests_benchmark_booltester015.flg_14 AND (NOT tests_benchmark_booltester015.flg_15))",
                                        "Rows Removed by Filter": 19999713,
                                        "Shared Hit Blocks": 6144,
                                        "Shared Read Blocks": 376022,
                                        "Shared Dirtied Blocks": 0,
                                        "Shared Written Blocks": 0,
                                        "Local Hit Blocks": 0,
                                        "Local Read Blocks": 0,
                                        "Local Dirtied Blocks": 0,
                                        "Local Written Blocks": 0,
                                        "Temp Read Blocks": 0,
                                        "Temp Written Blocks": 0,
                                        "WAL Records": 0,
                                        "WAL FPI": 0,
                                        "WAL Bytes": 0,
                                        "Workers": [
                                            {
                                                "Worker Number": 0,
                                                "Actual Startup Time": 1.966,
                                                "Actual Total Time": 2358.677,
                                                "Actual Rows": 262,
                                                "Actual Loops": 1,
                                                "Shared Hit Blocks": 1978,
                                                "Shared Read Blocks": 124310,
                                                "Shared Dirtied Blocks": 0,
                                                "Shared Written Blocks": 0,
                                                "Local Hit Blocks": 0,
                                                "Local Read Blocks": 0,
                                                "Local Dirtied Blocks": 0,
                                                "Local Written Blocks": 0,
                                                "Temp Read Blocks": 0,
                                                "Temp Written Blocks": 0,
                                                "WAL Records": 0,
                                                "WAL FPI": 0,
                                                "WAL Bytes": 0
                                            },
                                            {
                                                "Worker Number": 1,
                                                "Actual Startup Time": 3.377,
                                                "Actual Total Time": 2358.74,
                                                "Actual Rows": 295,
                                                "Actual Loops": 1,
                                                "Shared Hit Blocks": 2011,
                                                "Shared Read Blocks": 125072,
                                                "Shared Dirtied Blocks": 0,
                                                "Shared Written Blocks": 0,
                                                "Local Hit Blocks": 0,
                                                "Local Read Blocks": 0,
                                                "Local Dirtied Blocks": 0,
                                                "Local Written Blocks": 0,
                                                "Temp Read Blocks": 0,
                                                "Temp Written Blocks": 0,
                                                "WAL Records": 0,
                                                "WAL FPI": 0,
                                                "WAL Bytes": 0
                                            }
                                        ]
                                    }
                                ]
                            },
                            "Settings": {},
                            "Planning": {
                                "Shared Hit Blocks": 0,
                                "Shared Read Blocks": 0,
                                "Shared Dirtied Blocks": 0,
                                "Shared Written Blocks": 0,
                                "Local Hit Blocks": 0,
                                "Local Read Blocks": 0,
                                "Local Dirtied Blocks": 0,
                                "Local Written Blocks": 0,
                                "Temp Read Blocks": 0,
                                "Temp Written Blocks": 0
                            },
                            "Planning Time": 0.123,
                            "Triggers": [],
                            "Execution Time": 2373.868
                        },
                        "all_ftr_time": 3.4744591999999996,
                        "any_ftr_time": 6.7339964000000005,
                        "exact_ftr_time": 2.7871509999999997
                    },
                    "80000000": {
                        "all_time": 6.59162692920072,
                        "any_time": 15.859048579295631,
                        "exact_time": 5.8390004666987805,
                        "table_size": 15032385536.0,
                        "index_time": 583.4354680000106,
                        "all_explanation": {
                            "Plan": {
                                "Node Type": "Gather",
                                "Parallel Aware": false,
                                "Async Capable": false,
                                "Startup Cost": 1000.0,
                                "Total Cost": 847733.83,
                                "Plan Rows": 38455,
                                "Plan Width": 24,
                                "Actual Startup Time": 0.699,
                                "Actual Total Time": 6518.395,
                                "Actual Rows": 38892,
                                "Actual Loops": 1,
                                "Output": [
                                    "id",
                                    "flg_0",
                                    "flg_1",
                                    "flg_2",
                                    "flg_3",
                                    "flg_4",
                                    "flg_5",
                                    "flg_6",
                                    "flg_7",
                                    "flg_8",
                                    "flg_9",
                                    "flg_10",
                                    "flg_11",
                                    "flg_12",
                                    "flg_13",
                                    "flg_14",
                                    "flg_15"
                                ],
                                "Workers Planned": 2,
                                "Workers Launched": 2,
                                "Single Copy": false,
                                "Shared Hit Blocks": 5824,
                                "Shared Read Blocks": 503731,
                                "Shared Dirtied Blocks": 0,
                                "Shared Written Blocks": 0,
                                "Local Hit Blocks": 0,
                                "Local Read Blocks": 0,
                                "Local Dirtied Blocks": 0,
                                "Local Written Blocks": 0,
                                "Temp Read Blocks": 0,
                                "Temp Written Blocks": 0,
                                "WAL Records": 0,
                                "WAL FPI": 0,
                                "WAL Bytes": 0,
                                "Plans": [
                                    {
                                        "Node Type": "Seq Scan",
                                        "Parent Relationship": "Outer",
                                        "Parallel Aware": true,
                                        "Async Capable": false,
                                        "Relation Name": "tests_benchmark_booltester015",
                                        "Schema": "public",
                                        "Alias": "tests_benchmark_booltester015",
                                        "Startup Cost": 0.0,
                                        "Total Cost": 842888.33,
                                        "Plan Rows": 16023,
                                        "Plan Width": 24,
                                        "Actual Startup Time": 0.614,
                                        "Actual Total Time": 6509.06,
                                        "Actual Rows": 12964,
                                        "Actual Loops": 3,
                                        "Output": [
                                            "id",
                                            "flg_0",
                                            "flg_1",
                                            "flg_2",
                                            "flg_3",
                                            "flg_4",
                                            "flg_5",
                                            "flg_6",
                                            "flg_7",
                                            "flg_8",
                                            "flg_9",
                                            "flg_10",
                                            "flg_11",
                                            "flg_12",
                                            "flg_13",
                                            "flg_14",
                                            "flg_15"
                                        ],
                                        "Filter": "(tests_benchmark_booltester015.flg_0 AND tests_benchmark_booltester015.flg_1 AND tests_benchmark_booltester015.flg_2 AND tests_benchmark_booltester015.flg_3 AND tests_benchmark_booltester015.flg_5 AND tests_benchmark_booltester015.flg_6 AND tests_benchmark_booltester015.flg_7 AND tests_benchmark_booltester015.flg_9 AND tests_benchmark_booltester015.flg_12 AND tests_benchmark_booltester015.flg_13 AND tests_benchmark_booltester015.flg_15)",
                                        "Rows Removed by Filter": 26653703,
                                        "Shared Hit Blocks": 5824,
                                        "Shared Read Blocks": 503731,
                                        "Shared Dirtied Blocks": 0,
                                        "Shared Written Blocks": 0,
                                        "Local Hit Blocks": 0,
                                        "Local Read Blocks": 0,
                                        "Local Dirtied Blocks": 0,
                                        "Local Written Blocks": 0,
                                        "Temp Read Blocks": 0,
                                        "Temp Written Blocks": 0,
                                        "WAL Records": 0,
                                        "WAL FPI": 0,
                                        "WAL Bytes": 0,
                                        "Workers": [
                                            {
                                                "Worker Number": 0,
                                                "Actual Startup Time": 0.954,
                                                "Actual Total Time": 6500.878,
                                                "Actual Rows": 13033,
                                                "Actual Loops": 1,
                                                "Shared Hit Blocks": 2064,
                                                "Shared Read Blocks": 167209,
                                                "Shared Dirtied Blocks": 0,
                                                "Shared Written Blocks": 0,
                                                "Local Hit Blocks": 0,
                                                "Local Read Blocks": 0,
                                                "Local Dirtied Blocks": 0,
                                                "Local Written Blocks": 0,
                                                "Temp Read Blocks": 0,
                                                "Temp Written Blocks": 0,
                                                "WAL Records": 0,
                                                "WAL FPI": 0,
                                                "WAL Bytes": 0
                                            },
                                            {
                                                "Worker Number": 1,
                                                "Actual Startup Time": 0.262,
                                                "Actual Total Time": 6512.999,
                                                "Actual Rows": 12773,
                                                "Actual Loops": 1,
                                                "Shared Hit Blocks": 1827,
                                                "Shared Read Blocks": 167293,
                                                "Shared Dirtied Blocks": 0,
                                                "Shared Written Blocks": 0,
                                                "Local Hit Blocks": 0,
                                                "Local Read Blocks": 0,
                                                "Local Dirtied Blocks": 0,
                                                "Local Written Blocks": 0,
                                                "Temp Read Blocks": 0,
                                                "Temp Written Blocks": 0,
                                                "WAL Records": 0,
                                                "WAL FPI": 0,
                                                "WAL Bytes": 0
                                            }
                                        ]
                                    }
                                ]
                            },
                            "Settings": {},
                            "Planning": {
                                "Shared Hit Blocks": 0,
                                "Shared Read Blocks": 0,
                                "Shared Dirtied Blocks": 0,
                                "Shared Written Blocks": 0,
                                "Local Hit Blocks": 0,
                                "Local Read Blocks": 0,
                                "Local Dirtied Blocks": 0,
                                "Local Written Blocks": 0,
                                "Temp Read Blocks": 0,
                                "Temp Written Blocks": 0
                            },
                            "Planning Time": 0.107,
                            "Triggers": [],
                            "Execution Time": 6519.601
                        },
                        "any_explanation": {
                            "Plan": {
                                "Node Type": "Seq Scan",
                                "Parallel Aware": false,
                                "Async Capable": false,
                                "Relation Name": "tests_benchmark_booltester015",
                                "Schema": "public",
                                "Alias": "tests_benchmark_booltester015",
                                "Startup Cost": 0.0,
                                "Total Cost": 1309555.0,
                                "Plan Rows": 79960327,
                                "Plan Width": 24,
                                "Actual Startup Time": 0.007,
                                "Actual Total Time": 7289.866,
                                "Actual Rows": 79960999,
                                "Actual Loops": 1,
                                "Output": [
                                    "id",
                                    "flg_0",
                                    "flg_1",
                                    "flg_2",
                                    "flg_3",
                                    "flg_4",
                                    "flg_5",
                                    "flg_6",
                                    "flg_7",
                                    "flg_8",
                                    "flg_9",
                                    "flg_10",
                                    "flg_11",
                                    "flg_12",
                                    "flg_13",
                                    "flg_14",
                                    "flg_15"
                                ],
                                "Filter": "(tests_benchmark_booltester015.flg_0 OR tests_benchmark_booltester015.flg_1 OR tests_benchmark_booltester015.flg_2 OR tests_benchmark_booltester015.flg_3 OR tests_benchmark_booltester015.flg_5 OR tests_benchmark_booltester015.flg_6 OR tests_benchmark_booltester015.flg_7 OR tests_benchmark_booltester015.flg_9 OR tests_benchmark_booltester015.flg_12 OR tests_benchmark_booltester015.flg_13 OR tests_benchmark_booltester015.flg_15)",
                                "Rows Removed by Filter": 39002,
                                "Shared Hit Blocks": 6016,
                                "Shared Read Blocks": 503539,
                                "Shared Dirtied Blocks": 0,
                                "Shared Written Blocks": 0,
                                "Local Hit Blocks": 0,
                                "Local Read Blocks": 0,
                                "Local Dirtied Blocks": 0,
                                "Local Written Blocks": 0,
                                "Temp Read Blocks": 0,
                                "Temp Written Blocks": 0,
                                "WAL Records": 0,
                                "WAL FPI": 0,
                                "WAL Bytes": 0
                            },
                            "Settings": {},
                            "Planning": {
                                "Shared Hit Blocks": 0,
                                "Shared Read Blocks": 0,
                                "Shared Dirtied Blocks": 0,
                                "Shared Written Blocks": 0,
                                "Local Hit Blocks": 0,
                                "Local Read Blocks": 0,
                                "Local Dirtied Blocks": 0,
                                "Local Written Blocks": 0,
                                "Temp Read Blocks": 0,
                                "Temp Written Blocks": 0
                            },
                            "Planning Time": 0.32,
                            "Triggers": [],
                            "Execution Time": 8920.574
                        },
                        "exact_explanation": {
                            "Plan": {
                                "Node Type": "Gather",
                                "Parallel Aware": false,
                                "Async Capable": false,
                                "Startup Cost": 1000.0,
                                "Total Cost": 844007.13,
                                "Plan Rows": 1188,
                                "Plan Width": 24,
                                "Actual Startup Time": 98.101,
                                "Actual Total Time": 6523.276,
                                "Actual Rows": 1227,
                                "Actual Loops": 1,
                                "Output": [
                                    "id",
                                    "flg_0",
                                    "flg_1",
                                    "flg_2",
                                    "flg_3",
                                    "flg_4",
                                    "flg_5",
                                    "flg_6",
                                    "flg_7",
                                    "flg_8",
                                    "flg_9",
                                    "flg_10",
                                    "flg_11",
                                    "flg_12",
                                    "flg_13",
                                    "flg_14",
                                    "flg_15"
                                ],
                                "Workers Planned": 2,
                                "Workers Launched": 2,
                                "Single Copy": false,
                                "Shared Hit Blocks": 6144,
                                "Shared Read Blocks": 503411,
                                "Shared Dirtied Blocks": 0,
                                "Shared Written Blocks": 0,
                                "Local Hit Blocks": 0,
                                "Local Read Blocks": 0,
                                "Local Dirtied Blocks": 0,
                                "Local Written Blocks": 0,
                                "Temp Read Blocks": 0,
                                "Temp Written Blocks": 0,
                                "WAL Records": 0,
                                "WAL FPI": 0,
                                "WAL Bytes": 0,
                                "Plans": [
                                    {
                                        "Node Type": "Seq Scan",
                                        "Parent Relationship": "Outer",
                                        "Parallel Aware": true,
                                        "Async Capable": false,
                                        "Relation Name": "tests_benchmark_booltester015",
                                        "Schema": "public",
                                        "Alias": "tests_benchmark_booltester015",
                                        "Startup Cost": 0.0,
                                        "Total Cost": 842888.33,
                                        "Plan Rows": 495,
                                        "Plan Width": 24,
                                        "Actual Startup Time": 80.2,
                                        "Actual Total Time": 6516.081,
                                        "Actual Rows": 409,
                                        "Actual Loops": 3,
                                        "Output": [
                                            "id",
                                            "flg_0",
                                            "flg_1",
                                            "flg_2",
                                            "flg_3",
                                            "flg_4",
                                            "flg_5",
                                            "flg_6",
                                            "flg_7",
                                            "flg_8",
                                            "flg_9",
                                            "flg_10",
                                            "flg_11",
                                            "flg_12",
                                            "flg_13",
                                            "flg_14",
                                            "flg_15"
                                        ],
                                        "Filter": "(tests_benchmark_booltester015.flg_0 AND tests_benchmark_booltester015.flg_1 AND tests_benchmark_booltester015.flg_2 AND tests_benchmark_booltester015.flg_3 AND (NOT tests_benchmark_booltester015.flg_4) AND tests_benchmark_booltester015.flg_5 AND tests_benchmark_booltester015.flg_6 AND tests_benchmark_booltester015.flg_7 AND (NOT tests_benchmark_booltester015.flg_8) AND tests_benchmark_booltester015.flg_9 AND (NOT tests_benchmark_booltester015.flg_10) AND (NOT tests_benchmark_booltester015.flg_11) AND tests_benchmark_booltester015.flg_12 AND tests_benchmark_booltester015.flg_13 AND (NOT tests_benchmark_booltester015.flg_14) AND tests_benchmark_booltester015.flg_15)",
                                        "Rows Removed by Filter": 26666258,
                                        "Shared Hit Blocks": 6144,
                                        "Shared Read Blocks": 503411,
                                        "Shared Dirtied Blocks": 0,
                                        "Shared Written Blocks": 0,
                                        "Local Hit Blocks": 0,
                                        "Local Read Blocks": 0,
                                        "Local Dirtied Blocks": 0,
                                        "Local Written Blocks": 0,
                                        "Temp Read Blocks": 0,
                                        "Temp Written Blocks": 0,
                                        "WAL Records": 0,
                                        "WAL FPI": 0,
                                        "WAL Bytes": 0,
                                        "Workers": [
                                            {
                                                "Worker Number": 0,
                                                "Actual Startup Time": 112.319,
                                                "Actual Total Time": 6519.315,
                                                "Actual Rows": 418,
                                                "Actual Loops": 1,
                                                "Shared Hit Blocks": 2089,
                                                "Shared Read Blocks": 168474,
                                                "Shared Dirtied Blocks": 0,
                                                "Shared Written Blocks": 0,
                                                "Local Hit Blocks": 0,
                                                "Local Read Blocks": 0,
                                                "Local Dirtied Blocks": 0,
                                                "Local Written Blocks": 0,
                                                "Temp Read Blocks": 0,
                                                "Temp Written Blocks": 0,
                                                "WAL Records": 0,
                                                "WAL FPI": 0,
                                                "WAL Bytes": 0
                                            },
                                            {
                                                "Worker Number": 1,
                                                "Actual Startup Time": 30.276,
                                                "Actual Total Time": 6507.31,
                                                "Actual Rows": 406,
                                                "Actual Loops": 1,
                                                "Shared Hit Blocks": 1748,
                                                "Shared Read Blocks": 168595,
                                                "Shared Dirtied Blocks": 0,
                                                "Shared Written Blocks": 0,
                                                "Local Hit Blocks": 0,
                                                "Local Read Blocks": 0,
                                                "Local Dirtied Blocks": 0,
                                                "Local Written Blocks": 0,
                                                "Temp Read Blocks": 0,
                                                "Temp Written Blocks": 0,
                                                "WAL Records": 0,
                                                "WAL FPI": 0,
                                                "WAL Bytes": 0
                                            }
                                        ]
                                    }
                                ]
                            },
                            "Settings": {},
                            "Planning": {
                                "Shared Hit Blocks": 0,
                                "Shared Read Blocks": 0,
                                "Shared Dirtied Blocks": 0,
                                "Shared Written Blocks": 0,
                                "Local Hit Blocks": 0,
                                "Local Read Blocks": 0,
                                "Local Dirtied Blocks": 0,
                                "Local Written Blocks": 0,
                                "Temp Read Blocks": 0,
                                "Temp Written Blocks": 0
                            },
                            "Planning Time": 0.168,
                            "Triggers": [],
                            "Execution Time": 6523.378
                        },
                        "all_ftr_time": 6.664668799999999,
                        "any_ftr_time": 8.8644821,
                        "exact_ftr_time": 5.947073599999999
                    },
                    "100000000": {
                        "all_time": 9.759589354298077,
                        "any_time": 20.999059220729396,
                        "exact_time": 8.677259958197828,
                        "table_size": 18253611008.0,
                        "index_time": 690.5478890829254,
                        "all_explanation": {
                            "Plan": {
                                "Node Type": "Gather",
                                "Parallel Aware": false,
                                "Async Capable": false,
                                "Startup Cost": 1000.0,
                                "Total Cost": 1064334.47,
                                "Plan Rows": 97248,
                                "Plan Width": 24,
                                "Actual Startup Time": 0.504,
                                "Actual Total Time": 9508.922,
                                "Actual Rows": 97659,
                                "Actual Loops": 1,
                                "Output": [
                                    "id",
                                    "flg_0",
                                    "flg_1",
                                    "flg_2",
                                    "flg_3",
                                    "flg_4",
                                    "flg_5",
                                    "flg_6",
                                    "flg_7",
                                    "flg_8",
                                    "flg_9",
                                    "flg_10",
                                    "flg_11",
                                    "flg_12",
                                    "flg_13",
                                    "flg_14",
                                    "flg_15"
                                ],
                                "Workers Planned": 2,
                                "Workers Launched": 2,
                                "Single Copy": false,
                                "Shared Hit Blocks": 5824,
                                "Shared Read Blocks": 631119,
                                "Shared Dirtied Blocks": 0,
                                "Shared Written Blocks": 0,
                                "Local Hit Blocks": 0,
                                "Local Read Blocks": 0,
                                "Local Dirtied Blocks": 0,
                                "Local Written Blocks": 0,
                                "Temp Read Blocks": 0,
                                "Temp Written Blocks": 0,
                                "WAL Records": 0,
                                "WAL FPI": 0,
                                "WAL Bytes": 0,
                                "Plans": [
                                    {
                                        "Node Type": "Seq Scan",
                                        "Parent Relationship": "Outer",
                                        "Parallel Aware": true,
                                        "Async Capable": false,
                                        "Relation Name": "tests_benchmark_booltester015",
                                        "Schema": "public",
                                        "Alias": "tests_benchmark_booltester015",
                                        "Startup Cost": 0.0,
                                        "Total Cost": 1053609.67,
                                        "Plan Rows": 40520,
                                        "Plan Width": 24,
                                        "Actual Startup Time": 0.833,
                                        "Actual Total Time": 9492.471,
                                        "Actual Rows": 32553,
                                        "Actual Loops": 3,
                                        "Output": [
                                            "id",
                                            "flg_0",
                                            "flg_1",
                                            "flg_2",
                                            "flg_3",
                                            "flg_4",
                                            "flg_5",
                                            "flg_6",
                                            "flg_7",
                                            "flg_8",
                                            "flg_9",
                                            "flg_10",
                                            "flg_11",
                                            "flg_12",
                                            "flg_13",
                                            "flg_14",
                                            "flg_15"
                                        ],
                                        "Filter": "(tests_benchmark_booltester015.flg_2 AND tests_benchmark_booltester015.flg_3 AND tests_benchmark_booltester015.flg_5 AND tests_benchmark_booltester015.flg_7 AND tests_benchmark_booltester015.flg_8 AND tests_benchmark_booltester015.flg_9 AND tests_benchmark_booltester015.flg_10 AND tests_benchmark_booltester015.flg_11 AND tests_benchmark_booltester015.flg_13 AND tests_benchmark_booltester015.flg_15)",
                                        "Rows Removed by Filter": 33300781,
                                        "Shared Hit Blocks": 5824,
                                        "Shared Read Blocks": 631119,
                                        "Shared Dirtied Blocks": 0,
                                        "Shared Written Blocks": 0,
                                        "Local Hit Blocks": 0,
                                        "Local Read Blocks": 0,
                                        "Local Dirtied Blocks": 0,
                                        "Local Written Blocks": 0,
                                        "Temp Read Blocks": 0,
                                        "Temp Written Blocks": 0,
                                        "WAL Records": 0,
                                        "WAL FPI": 0,
                                        "WAL Bytes": 0,
                                        "Workers": [
                                            {
                                                "Worker Number": 0,
                                                "Actual Startup Time": 0.6,
                                                "Actual Total Time": 9500.645,
                                                "Actual Rows": 31987,
                                                "Actual Loops": 1,
                                                "Shared Hit Blocks": 1926,
                                                "Shared Read Blocks": 209024,
                                                "Shared Dirtied Blocks": 0,
                                                "Shared Written Blocks": 0,
                                                "Local Hit Blocks": 0,
                                                "Local Read Blocks": 0,
                                                "Local Dirtied Blocks": 0,
                                                "Local Written Blocks": 0,
                                                "Temp Read Blocks": 0,
                                                "Temp Written Blocks": 0,
                                                "WAL Records": 0,
                                                "WAL FPI": 0,
                                                "WAL Bytes": 0
                                            },
                                            {
                                                "Worker Number": 1,
                                                "Actual Startup Time": 1.459,
                                                "Actual Total Time": 9478.509,
                                                "Actual Rows": 32821,
                                                "Actual Loops": 1,
                                                "Shared Hit Blocks": 1923,
                                                "Shared Read Blocks": 210240,
                                                "Shared Dirtied Blocks": 0,
                                                "Shared Written Blocks": 0,
                                                "Local Hit Blocks": 0,
                                                "Local Read Blocks": 0,
                                                "Local Dirtied Blocks": 0,
                                                "Local Written Blocks": 0,
                                                "Temp Read Blocks": 0,
                                                "Temp Written Blocks": 0,
                                                "WAL Records": 0,
                                                "WAL FPI": 0,
                                                "WAL Bytes": 0
                                            }
                                        ]
                                    }
                                ]
                            },
                            "Settings": {},
                            "Planning": {
                                "Shared Hit Blocks": 0,
                                "Shared Read Blocks": 0,
                                "Shared Dirtied Blocks": 0,
                                "Shared Written Blocks": 0,
                                "Local Hit Blocks": 0,
                                "Local Read Blocks": 0,
                                "Local Dirtied Blocks": 0,
                                "Local Written Blocks": 0,
                                "Temp Read Blocks": 0,
                                "Temp Written Blocks": 0
                            },
                            "Planning Time": 0.356,
                            "Triggers": [],
                            "Execution Time": 9512.13
                        },
                        "any_explanation": {
                            "Plan": {
                                "Node Type": "Seq Scan",
                                "Parallel Aware": false,
                                "Async Capable": false,
                                "Relation Name": "tests_benchmark_booltester015",
                                "Schema": "public",
                                "Alias": "tests_benchmark_booltester015",
                                "Startup Cost": 0.0,
                                "Total Cost": 1636943.0,
                                "Plan Rows": 99901944,
                                "Plan Width": 24,
                                "Actual Startup Time": 0.448,
                                "Actual Total Time": 9312.804,
                                "Actual Rows": 99901768,
                                "Actual Loops": 1,
                                "Output": [
                                    "id",
                                    "flg_0",
                                    "flg_1",
                                    "flg_2",
                                    "flg_3",
                                    "flg_4",
                                    "flg_5",
                                    "flg_6",
                                    "flg_7",
                                    "flg_8",
                                    "flg_9",
                                    "flg_10",
                                    "flg_11",
                                    "flg_12",
                                    "flg_13",
                                    "flg_14",
                                    "flg_15"
                                ],
                                "Filter": "(tests_benchmark_booltester015.flg_2 OR tests_benchmark_booltester015.flg_3 OR tests_benchmark_booltester015.flg_5 OR tests_benchmark_booltester015.flg_7 OR tests_benchmark_booltester015.flg_8 OR tests_benchmark_booltester015.flg_9 OR tests_benchmark_booltester015.flg_10 OR tests_benchmark_booltester015.flg_11 OR tests_benchmark_booltester015.flg_13 OR tests_benchmark_booltester015.flg_15)",
                                "Rows Removed by Filter": 98233,
                                "Shared Hit Blocks": 6016,
                                "Shared Read Blocks": 630927,
                                "Shared Dirtied Blocks": 0,
                                "Shared Written Blocks": 0,
                                "Local Hit Blocks": 0,
                                "Local Read Blocks": 0,
                                "Local Dirtied Blocks": 0,
                                "Local Written Blocks": 0,
                                "Temp Read Blocks": 0,
                                "Temp Written Blocks": 0,
                                "WAL Records": 0,
                                "WAL FPI": 0,
                                "WAL Bytes": 0
                            },
                            "Settings": {},
                            "Planning": {
                                "Shared Hit Blocks": 0,
                                "Shared Read Blocks": 0,
                                "Shared Dirtied Blocks": 0,
                                "Shared Written Blocks": 0,
                                "Local Hit Blocks": 0,
                                "Local Read Blocks": 0,
                                "Local Dirtied Blocks": 0,
                                "Local Written Blocks": 0,
                                "Temp Read Blocks": 0,
                                "Temp Written Blocks": 0
                            },
                            "Planning Time": 0.168,
                            "Triggers": [],
                            "Execution Time": 11351.272
                        },
                        "exact_explanation": {
                            "Plan": {
                                "Node Type": "Gather",
                                "Parallel Aware": false,
                                "Async Capable": false,
                                "Startup Cost": 1000.0,
                                "Total Cost": 1054761.67,
                                "Plan Rows": 1520,
                                "Plan Width": 24,
                                "Actual Startup Time": 6.303,
                                "Actual Total Time": 8877.094,
                                "Actual Rows": 1472,
                                "Actual Loops": 1,
                                "Output": [
                                    "id",
                                    "flg_0",
                                    "flg_1",
                                    "flg_2",
                                    "flg_3",
                                    "flg_4",
                                    "flg_5",
                                    "flg_6",
                                    "flg_7",
                                    "flg_8",
                                    "flg_9",
                                    "flg_10",
                                    "flg_11",
                                    "flg_12",
                                    "flg_13",
                                    "flg_14",
                                    "flg_15"
                                ],
                                "Workers Planned": 2,
                                "Workers Launched": 2,
                                "Single Copy": false,
                                "Shared Hit Blocks": 6145,
                                "Shared Read Blocks": 630798,
                                "Shared Dirtied Blocks": 0,
                                "Shared Written Blocks": 0,
                                "Local Hit Blocks": 0,
                                "Local Read Blocks": 0,
                                "Local Dirtied Blocks": 0,
                                "Local Written Blocks": 0,
                                "Temp Read Blocks": 0,
                                "Temp Written Blocks": 0,
                                "WAL Records": 0,
                                "WAL FPI": 0,
                                "WAL Bytes": 0,
                                "Plans": [
                                    {
                                        "Node Type": "Seq Scan",
                                        "Parent Relationship": "Outer",
                                        "Parallel Aware": true,
                                        "Async Capable": false,
                                        "Relation Name": "tests_benchmark_booltester015",
                                        "Schema": "public",
                                        "Alias": "tests_benchmark_booltester015",
                                        "Startup Cost": 0.0,
                                        "Total Cost": 1053609.67,
                                        "Plan Rows": 633,
                                        "Plan Width": 24,
                                        "Actual Startup Time": 10.949,
                                        "Actual Total Time": 8873.638,
                                        "Actual Rows": 491,
                                        "Actual Loops": 3,
                                        "Output": [
                                            "id",
                                            "flg_0",
                                            "flg_1",
                                            "flg_2",
                                            "flg_3",
                                            "flg_4",
                                            "flg_5",
                                            "flg_6",
                                            "flg_7",
                                            "flg_8",
                                            "flg_9",
                                            "flg_10",
                                            "flg_11",
                                            "flg_12",
                                            "flg_13",
                                            "flg_14",
                                            "flg_15"
                                        ],
                                        "Filter": "((NOT tests_benchmark_booltester015.flg_0) AND (NOT tests_benchmark_booltester015.flg_1) AND tests_benchmark_booltester015.flg_2 AND tests_benchmark_booltester015.flg_3 AND (NOT tests_benchmark_booltester015.flg_4) AND tests_benchmark_booltester015.flg_5 AND (NOT tests_benchmark_booltester015.flg_6) AND tests_benchmark_booltester015.flg_7 AND tests_benchmark_booltester015.flg_8 AND tests_benchmark_booltester015.flg_9 AND tests_benchmark_booltester015.flg_10 AND tests_benchmark_booltester015.flg_11 AND (NOT tests_benchmark_booltester015.flg_12) AND tests_benchmark_booltester015.flg_13 AND (NOT tests_benchmark_booltester015.flg_14) AND tests_benchmark_booltester015.flg_15)",
                                        "Rows Removed by Filter": 33332843,
                                        "Shared Hit Blocks": 6145,
                                        "Shared Read Blocks": 630798,
                                        "Shared Dirtied Blocks": 0,
                                        "Shared Written Blocks": 0,
                                        "Local Hit Blocks": 0,
                                        "Local Read Blocks": 0,
                                        "Local Dirtied Blocks": 0,
                                        "Local Written Blocks": 0,
                                        "Temp Read Blocks": 0,
                                        "Temp Written Blocks": 0,
                                        "WAL Records": 0,
                                        "WAL FPI": 0,
                                        "WAL Bytes": 0,
                                        "Workers": [
                                            {
                                                "Worker Number": 0,
                                                "Actual Startup Time": 19.623,
                                                "Actual Total Time": 8872.837,
                                                "Actual Rows": 486,
                                                "Actual Loops": 1,
                                                "Shared Hit Blocks": 1989,
                                                "Shared Read Blocks": 209632,
                                                "Shared Dirtied Blocks": 0,
                                                "Shared Written Blocks": 0,
                                                "Local Hit Blocks": 0,
                                                "Local Read Blocks": 0,
                                                "Local Dirtied Blocks": 0,
                                                "Local Written Blocks": 0,
                                                "Temp Read Blocks": 0,
                                                "Temp Written Blocks": 0,
                                                "WAL Records": 0,
                                                "WAL FPI": 0,
                                                "WAL Bytes": 0
                                            },
                                            {
                                                "Worker Number": 1,
                                                "Actual Startup Time": 6.997,
                                                "Actual Total Time": 8872.867,
                                                "Actual Rows": 488,
                                                "Actual Loops": 1,
                                                "Shared Hit Blocks": 2045,
                                                "Shared Read Blocks": 211200,
                                                "Shared Dirtied Blocks": 0,
                                                "Shared Written Blocks": 0,
                                                "Local Hit Blocks": 0,
                                                "Local Read Blocks": 0,
                                                "Local Dirtied Blocks": 0,
                                                "Local Written Blocks": 0,
                                                "Temp Read Blocks": 0,
                                                "Temp Written Blocks": 0,
                                                "WAL Records": 0,
                                                "WAL FPI": 0,
                                                "WAL Bytes": 0
                                            }
                                        ]
                                    }
                                ]
                            },
                            "Settings": {},
                            "Planning": {
                                "Shared Hit Blocks": 0,
                                "Shared Read Blocks": 0,
                                "Shared Dirtied Blocks": 0,
                                "Shared Written Blocks": 0,
                                "Local Hit Blocks": 0,
                                "Local Read Blocks": 0,
                                "Local Dirtied Blocks": 0,
                                "Local Written Blocks": 0,
                                "Temp Read Blocks": 0,
                                "Temp Written Blocks": 0
                            },
                            "Planning Time": 0.436,
                            "Triggers": [],
                            "Execution Time": 8877.202
                        },
                        "all_ftr_time": 9.9706877,
                        "any_ftr_time": 11.0251687,
                        "exact_ftr_time": 8.921539699999999
                    }
                }
            },
            "[BOOL] MultiCol Index": {
                "16": {
                    "10": {
                        "all_time": 0.0013484623050317168,
                        "any_time": 0.0015766456723213195,
                        "exact_time": 0.001037116558291018,
                        "table_size": 40960.0,
                        "index_time": 0.0011616670526564121,
                        "all_explanation": {
                            "Plan": {
                                "Node Type": "Seq Scan",
                                "Parallel Aware": false,
                                "Async Capable": false,
                                "Relation Name": "tests_benchmark_booltester015",
                                "Schema": "public",
                                "Alias": "tests_benchmark_booltester015",
                                "Startup Cost": 0.0,
                                "Total Cost": 1.27,
                                "Plan Rows": 1,
                                "Plan Width": 24,
                                "Actual Startup Time": 0.002,
                                "Actual Total Time": 0.002,
                                "Actual Rows": 0,
                                "Actual Loops": 1,
                                "Output": [
                                    "id",
                                    "flg_0",
                                    "flg_1",
                                    "flg_2",
                                    "flg_3",
                                    "flg_4",
                                    "flg_5",
                                    "flg_6",
                                    "flg_7",
                                    "flg_8",
                                    "flg_9",
                                    "flg_10",
                                    "flg_11",
                                    "flg_12",
                                    "flg_13",
                                    "flg_14",
                                    "flg_15"
                                ],
                                "Filter": "(tests_benchmark_booltester015.flg_0 AND tests_benchmark_booltester015.flg_2 AND tests_benchmark_booltester015.flg_3 AND tests_benchmark_booltester015.flg_4 AND tests_benchmark_booltester015.flg_6 AND tests_benchmark_booltester015.flg_7 AND tests_benchmark_booltester015.flg_9 AND tests_benchmark_booltester015.flg_11 AND tests_benchmark_booltester015.flg_14 AND tests_benchmark_booltester015.flg_15 AND (tests_benchmark_booltester015.flg_1 = ANY ('{t,f}'::boolean[])) AND (tests_benchmark_booltester015.flg_5 = ANY ('{t,f}'::boolean[])) AND (tests_benchmark_booltester015.flg_8 = ANY ('{t,f}'::boolean[])) AND (tests_benchmark_booltester015.flg_10 = ANY ('{t,f}'::boolean[])) AND (tests_benchmark_booltester015.flg_12 = ANY ('{t,f}'::boolean[])) AND (tests_benchmark_booltester015.flg_13 = ANY ('{t,f}'::boolean[])))",
                                "Rows Removed by Filter": 11,
                                "Shared Hit Blocks": 1,
                                "Shared Read Blocks": 0,
                                "Shared Dirtied Blocks": 0,
                                "Shared Written Blocks": 0,
                                "Local Hit Blocks": 0,
                                "Local Read Blocks": 0,
                                "Local Dirtied Blocks": 0,
                                "Local Written Blocks": 0,
                                "Temp Read Blocks": 0,
                                "Temp Written Blocks": 0,
                                "WAL Records": 0,
                                "WAL FPI": 0,
                                "WAL Bytes": 0
                            },
                            "Settings": {},
                            "Planning": {
                                "Shared Hit Blocks": 0,
                                "Shared Read Blocks": 0,
                                "Shared Dirtied Blocks": 0,
                                "Shared Written Blocks": 0,
                                "Local Hit Blocks": 0,
                                "Local Read Blocks": 0,
                                "Local Dirtied Blocks": 0,
                                "Local Written Blocks": 0,
                                "Temp Read Blocks": 0,
                                "Temp Written Blocks": 0
                            },
                            "Planning Time": 0.028,
                            "Triggers": [],
                            "Execution Time": 0.005
                        },
                        "any_explanation": {
                            "Plan": {
                                "Node Type": "Seq Scan",
                                "Parallel Aware": false,
                                "Async Capable": false,
                                "Relation Name": "tests_benchmark_booltester015",
                                "Schema": "public",
                                "Alias": "tests_benchmark_booltester015",
                                "Startup Cost": 0.0,
                                "Total Cost": 1.11,
                                "Plan Rows": 11,
                                "Plan Width": 24,
                                "Actual Startup Time": 0.001,
                                "Actual Total Time": 0.002,
                                "Actual Rows": 11,
                                "Actual Loops": 1,
                                "Output": [
                                    "id",
                                    "flg_0",
                                    "flg_1",
                                    "flg_2",
                                    "flg_3",
                                    "flg_4",
                                    "flg_5",
                                    "flg_6",
                                    "flg_7",
                                    "flg_8",
                                    "flg_9",
                                    "flg_10",
                                    "flg_11",
                                    "flg_12",
                                    "flg_13",
                                    "flg_14",
                                    "flg_15"
                                ],
                                "Filter": "(tests_benchmark_booltester015.flg_0 OR tests_benchmark_booltester015.flg_2 OR tests_benchmark_booltester015.flg_3 OR tests_benchmark_booltester015.flg_4 OR tests_benchmark_booltester015.flg_6 OR tests_benchmark_booltester015.flg_7 OR tests_benchmark_booltester015.flg_9 OR tests_benchmark_booltester015.flg_11 OR tests_benchmark_booltester015.flg_14 OR tests_benchmark_booltester015.flg_15)",
                                "Rows Removed by Filter": 0,
                                "Shared Hit Blocks": 1,
                                "Shared Read Blocks": 0,
                                "Shared Dirtied Blocks": 0,
                                "Shared Written Blocks": 0,
                                "Local Hit Blocks": 0,
                                "Local Read Blocks": 0,
                                "Local Dirtied Blocks": 0,
                                "Local Written Blocks": 0,
                                "Temp Read Blocks": 0,
                                "Temp Written Blocks": 0,
                                "WAL Records": 0,
                                "WAL FPI": 0,
                                "WAL Bytes": 0
                            },
                            "Settings": {},
                            "Planning": {
                                "Shared Hit Blocks": 0,
                                "Shared Read Blocks": 0,
                                "Shared Dirtied Blocks": 0,
                                "Shared Written Blocks": 0,
                                "Local Hit Blocks": 0,
                                "Local Read Blocks": 0,
                                "Local Dirtied Blocks": 0,
                                "Local Written Blocks": 0,
                                "Temp Read Blocks": 0,
                                "Temp Written Blocks": 0
                            },
                            "Planning Time": 0.016,
                            "Triggers": [],
                            "Execution Time": 0.005
                        },
                        "exact_explanation": {
                            "Plan": {
                                "Node Type": "Seq Scan",
                                "Parallel Aware": false,
                                "Async Capable": false,
                                "Relation Name": "tests_benchmark_booltester015",
                                "Schema": "public",
                                "Alias": "tests_benchmark_booltester015",
                                "Startup Cost": 0.0,
                                "Total Cost": 1.11,
                                "Plan Rows": 1,
                                "Plan Width": 24,
                                "Actual Startup Time": 0.002,
                                "Actual Total Time": 0.002,
                                "Actual Rows": 0,
                                "Actual Loops": 1,
                                "Output": [
                                    "id",
                                    "flg_0",
                                    "flg_1",
                                    "flg_2",
                                    "flg_3",
                                    "flg_4",
                                    "flg_5",
                                    "flg_6",
                                    "flg_7",
                                    "flg_8",
                                    "flg_9",
                                    "flg_10",
                                    "flg_11",
                                    "flg_12",
                                    "flg_13",
                                    "flg_14",
                                    "flg_15"
                                ],
                                "Filter": "(tests_benchmark_booltester015.flg_0 AND (NOT tests_benchmark_booltester015.flg_1) AND tests_benchmark_booltester015.flg_2 AND tests_benchmark_booltester015.flg_3 AND tests_benchmark_booltester015.flg_4 AND (NOT tests_benchmark_booltester015.flg_5) AND tests_benchmark_booltester015.flg_6 AND tests_benchmark_booltester015.flg_7 AND (NOT tests_benchmark_booltester015.flg_8) AND tests_benchmark_booltester015.flg_9 AND (NOT tests_benchmark_booltester015.flg_10) AND tests_benchmark_booltester015.flg_11 AND (NOT tests_benchmark_booltester015.flg_12) AND (NOT tests_benchmark_booltester015.flg_13) AND tests_benchmark_booltester015.flg_14 AND tests_benchmark_booltester015.flg_15)",
                                "Rows Removed by Filter": 11,
                                "Shared Hit Blocks": 1,
                                "Shared Read Blocks": 0,
                                "Shared Dirtied Blocks": 0,
                                "Shared Written Blocks": 0,
                                "Local Hit Blocks": 0,
                                "Local Read Blocks": 0,
                                "Local Dirtied Blocks": 0,
                                "Local Written Blocks": 0,
                                "Temp Read Blocks": 0,
                                "Temp Written Blocks": 0,
                                "WAL Records": 0,
                                "WAL FPI": 0,
                                "WAL Bytes": 0
                            },
                            "Settings": {},
                            "Planning": {
                                "Shared Hit Blocks": 0,
                                "Shared Read Blocks": 0,
                                "Shared Dirtied Blocks": 0,
                                "Shared Written Blocks": 0,
                                "Local Hit Blocks": 0,
                                "Local Read Blocks": 0,
                                "Local Dirtied Blocks": 0,
                                "Local Written Blocks": 0,
                                "Temp Read Blocks": 0,
                                "Temp Written Blocks": 0
                            },
                            "Planning Time": 0.02,
                            "Triggers": [],
                            "Execution Time": 0.005
                        },
                        "all_ftr_time": 6.099999999999999e-06,
                        "any_ftr_time": 5.1999999999999985e-06,
                        "exact_ftr_time": 5.999999999999999e-06
                    },
                    "100": {
                        "all_time": 0.0014809416141360998,
                        "any_time": 0.0014985583489760756,
                        "exact_time": 0.0010521584656089545,
                        "table_size": 40960.0,
                        "index_time": 0.0012166670057922602,
                        "all_explanation": {
                            "Plan": {
                                "Node Type": "Seq Scan",
                                "Parallel Aware": false,
                                "Async Capable": false,
                                "Relation Name": "tests_benchmark_booltester015",
                                "Schema": "public",
                                "Alias": "tests_benchmark_booltester015",
                                "Startup Cost": 0.0,
                                "Total Cost": 4.28,
                                "Plan Rows": 1,
                                "Plan Width": 24,
                                "Actual Startup Time": 0.008,
                                "Actual Total Time": 0.008,
                                "Actual Rows": 0,
                                "Actual Loops": 1,
                                "Output": [
                                    "id",
                                    "flg_0",
                                    "flg_1",
                                    "flg_2",
                                    "flg_3",
                                    "flg_4",
                                    "flg_5",
                                    "flg_6",
                                    "flg_7",
                                    "flg_8",
                                    "flg_9",
                                    "flg_10",
                                    "flg_11",
                                    "flg_12",
                                    "flg_13",
                                    "flg_14",
                                    "flg_15"
                                ],
                                "Filter": "(tests_benchmark_booltester015.flg_1 AND tests_benchmark_booltester015.flg_6 AND tests_benchmark_booltester015.flg_8 AND tests_benchmark_booltester015.flg_12 AND tests_benchmark_booltester015.flg_13 AND tests_benchmark_booltester015.flg_14 AND tests_benchmark_booltester015.flg_15 AND (tests_benchmark_booltester015.flg_0 = ANY ('{t,f}'::boolean[])) AND (tests_benchmark_booltester015.flg_2 = ANY ('{t,f}'::boolean[])) AND (tests_benchmark_booltester015.flg_3 = ANY ('{t,f}'::boolean[])) AND (tests_benchmark_booltester015.flg_4 = ANY ('{t,f}'::boolean[])) AND (tests_benchmark_booltester015.flg_5 = ANY ('{t,f}'::boolean[])) AND (tests_benchmark_booltester015.flg_7 = ANY ('{t,f}'::boolean[])) AND (tests_benchmark_booltester015.flg_9 = ANY ('{t,f}'::boolean[])) AND (tests_benchmark_booltester015.flg_10 = ANY ('{t,f}'::boolean[])) AND (tests_benchmark_booltester015.flg_11 = ANY ('{t,f}'::boolean[])))",
                                "Rows Removed by Filter": 101,
                                "Shared Hit Blocks": 1,
                                "Shared Read Blocks": 0,
                                "Shared Dirtied Blocks": 0,
                                "Shared Written Blocks": 0,
                                "Local Hit Blocks": 0,
                                "Local Read Blocks": 0,
                                "Local Dirtied Blocks": 0,
                                "Local Written Blocks": 0,
                                "Temp Read Blocks": 0,
                                "Temp Written Blocks": 0,
                                "WAL Records": 0,
                                "WAL FPI": 0,
                                "WAL Bytes": 0
                            },
                            "Settings": {},
                            "Planning": {
                                "Shared Hit Blocks": 0,
                                "Shared Read Blocks": 0,
                                "Shared Dirtied Blocks": 0,
                                "Shared Written Blocks": 0,
                                "Local Hit Blocks": 0,
                                "Local Read Blocks": 0,
                                "Local Dirtied Blocks": 0,
                                "Local Written Blocks": 0,
                                "Temp Read Blocks": 0,
                                "Temp Written Blocks": 0
                            },
                            "Planning Time": 0.031,
                            "Triggers": [],
                            "Execution Time": 0.011
                        },
                        "any_explanation": {
                            "Plan": {
                                "Node Type": "Seq Scan",
                                "Parallel Aware": false,
                                "Async Capable": false,
                                "Relation Name": "tests_benchmark_booltester015",
                                "Schema": "public",
                                "Alias": "tests_benchmark_booltester015",
                                "Startup Cost": 0.0,
                                "Total Cost": 2.01,
                                "Plan Rows": 100,
                                "Plan Width": 24,
                                "Actual Startup Time": 0.002,
                                "Actual Total Time": 0.009,
                                "Actual Rows": 100,
                                "Actual Loops": 1,
                                "Output": [
                                    "id",
                                    "flg_0",
                                    "flg_1",
                                    "flg_2",
                                    "flg_3",
                                    "flg_4",
                                    "flg_5",
                                    "flg_6",
                                    "flg_7",
                                    "flg_8",
                                    "flg_9",
                                    "flg_10",
                                    "flg_11",
                                    "flg_12",
                                    "flg_13",
                                    "flg_14",
                                    "flg_15"
                                ],
                                "Filter": "(tests_benchmark_booltester015.flg_1 OR tests_benchmark_booltester015.flg_6 OR tests_benchmark_booltester015.flg_8 OR tests_benchmark_booltester015.flg_12 OR tests_benchmark_booltester015.flg_13 OR tests_benchmark_booltester015.flg_14 OR tests_benchmark_booltester015.flg_15)",
                                "Rows Removed by Filter": 1,
                                "Shared Hit Blocks": 1,
                                "Shared Read Blocks": 0,
                                "Shared Dirtied Blocks": 0,
                                "Shared Written Blocks": 0,
                                "Local Hit Blocks": 0,
                                "Local Read Blocks": 0,
                                "Local Dirtied Blocks": 0,
                                "Local Written Blocks": 0,
                                "Temp Read Blocks": 0,
                                "Temp Written Blocks": 0,
                                "WAL Records": 0,
                                "WAL FPI": 0,
                                "WAL Bytes": 0
                            },
                            "Settings": {},
                            "Planning": {
                                "Shared Hit Blocks": 0,
                                "Shared Read Blocks": 0,
                                "Shared Dirtied Blocks": 0,
                                "Shared Written Blocks": 0,
                                "Local Hit Blocks": 0,
                                "Local Read Blocks": 0,
                                "Local Dirtied Blocks": 0,
                                "Local Written Blocks": 0,
                                "Temp Read Blocks": 0,
                                "Temp Written Blocks": 0
                            },
                            "Planning Time": 0.015,
                            "Triggers": [],
                            "Execution Time": 0.014
                        },
                        "exact_explanation": {
                            "Plan": {
                                "Node Type": "Seq Scan",
                                "Parallel Aware": false,
                                "Async Capable": false,
                                "Relation Name": "tests_benchmark_booltester015",
                                "Schema": "public",
                                "Alias": "tests_benchmark_booltester015",
                                "Startup Cost": 0.0,
                                "Total Cost": 2.01,
                                "Plan Rows": 1,
                                "Plan Width": 24,
                                "Actual Startup Time": 0.009,
                                "Actual Total Time": 0.009,
                                "Actual Rows": 0,
                                "Actual Loops": 1,
                                "Output": [
                                    "id",
                                    "flg_0",
                                    "flg_1",
                                    "flg_2",
                                    "flg_3",
                                    "flg_4",
                                    "flg_5",
                                    "flg_6",
                                    "flg_7",
                                    "flg_8",
                                    "flg_9",
                                    "flg_10",
                                    "flg_11",
                                    "flg_12",
                                    "flg_13",
                                    "flg_14",
                                    "flg_15"
                                ],
                                "Filter": "((NOT tests_benchmark_booltester015.flg_0) AND tests_benchmark_booltester015.flg_1 AND (NOT tests_benchmark_booltester015.flg_2) AND (NOT tests_benchmark_booltester015.flg_3) AND (NOT tests_benchmark_booltester015.flg_4) AND (NOT tests_benchmark_booltester015.flg_5) AND tests_benchmark_booltester015.flg_6 AND (NOT tests_benchmark_booltester015.flg_7) AND tests_benchmark_booltester015.flg_8 AND (NOT tests_benchmark_booltester015.flg_9) AND (NOT tests_benchmark_booltester015.flg_10) AND (NOT tests_benchmark_booltester015.flg_11) AND tests_benchmark_booltester015.flg_12 AND tests_benchmark_booltester015.flg_13 AND tests_benchmark_booltester015.flg_14 AND tests_benchmark_booltester015.flg_15)",
                                "Rows Removed by Filter": 101,
                                "Shared Hit Blocks": 1,
                                "Shared Read Blocks": 0,
                                "Shared Dirtied Blocks": 0,
                                "Shared Written Blocks": 0,
                                "Local Hit Blocks": 0,
                                "Local Read Blocks": 0,
                                "Local Dirtied Blocks": 0,
                                "Local Written Blocks": 0,
                                "Temp Read Blocks": 0,
                                "Temp Written Blocks": 0,
                                "WAL Records": 0,
                                "WAL FPI": 0,
                                "WAL Bytes": 0
                            },
                            "Settings": {},
                            "Planning": {
                                "Shared Hit Blocks": 0,
                                "Shared Read Blocks": 0,
                                "Shared Dirtied Blocks": 0,
                                "Shared Written Blocks": 0,
                                "Local Hit Blocks": 0,
                                "Local Read Blocks": 0,
                                "Local Dirtied Blocks": 0,
                                "Local Written Blocks": 0,
                                "Temp Read Blocks": 0,
                                "Temp Written Blocks": 0
                            },
                            "Planning Time": 0.022,
                            "Triggers": [],
                            "Execution Time": 0.012
                        },
                        "all_ftr_time": 1.39e-05,
                        "any_ftr_time": 1.3800000000000002e-05,
                        "exact_ftr_time": 1.2199999999999998e-05
                    },
                    "1000": {
                        "all_time": 0.0016758166486397386,
                        "any_time": 0.002070208196528256,
                        "exact_time": 0.001148145692422986,
                        "table_size": 147456.0,
                        "index_time": 0.0022214578930288553,
                        "all_explanation": {
                            "Plan": {
                                "Node Type": "Bitmap Heap Scan",
                                "Parallel Aware": false,
                                "Async Capable": false,
                                "Relation Name": "tests_benchmark_booltester015",
                                "Schema": "public",
                                "Alias": "tests_benchmark_booltester015",
                                "Startup Cost": 22.28,
                                "Total Cost": 29.84,
                                "Plan Rows": 16,
                                "Plan Width": 24,
                                "Actual Startup Time": 0.018,
                                "Actual Total Time": 0.025,
                                "Actual Rows": 18,
                                "Actual Loops": 1,
                                "Output": [
                                    "id",
                                    "flg_0",
                                    "flg_1",
                                    "flg_2",
                                    "flg_3",
                                    "flg_4",
                                    "flg_5",
                                    "flg_6",
                                    "flg_7",
                                    "flg_8",
                                    "flg_9",
                                    "flg_10",
                                    "flg_11",
                                    "flg_12",
                                    "flg_13",
                                    "flg_14",
                                    "flg_15"
                                ],
                                "Filter": "(tests_benchmark_booltester015.flg_0 AND tests_benchmark_booltester015.flg_2 AND tests_benchmark_booltester015.flg_6 AND tests_benchmark_booltester015.flg_8 AND tests_benchmark_booltester015.flg_9 AND tests_benchmark_booltester015.flg_15 AND (tests_benchmark_booltester015.flg_1 = ANY ('{t,f}'::boolean[])) AND (tests_benchmark_booltester015.flg_3 = ANY ('{t,f}'::boolean[])) AND (tests_benchmark_booltester015.flg_4 = ANY ('{t,f}'::boolean[])) AND (tests_benchmark_booltester015.flg_5 = ANY ('{t,f}'::boolean[])) AND (tests_benchmark_booltester015.flg_7 = ANY ('{t,f}'::boolean[])) AND (tests_benchmark_booltester015.flg_10 = ANY ('{t,f}'::boolean[])) AND (tests_benchmark_booltester015.flg_11 = ANY ('{t,f}'::boolean[])) AND (tests_benchmark_booltester015.flg_12 = ANY ('{t,f}'::boolean[])) AND (tests_benchmark_booltester015.flg_13 = ANY ('{t,f}'::boolean[])) AND (tests_benchmark_booltester015.flg_14 = ANY ('{t,f}'::boolean[])))",
                                "Rows Removed by Filter": 0,
                                "Exact Heap Blocks": 6,
                                "Lossy Heap Blocks": 0,
                                "Shared Hit Blocks": 10,
                                "Shared Read Blocks": 0,
                                "Shared Dirtied Blocks": 0,
                                "Shared Written Blocks": 0,
                                "Local Hit Blocks": 0,
                                "Local Read Blocks": 0,
                                "Local Dirtied Blocks": 0,
                                "Local Written Blocks": 0,
                                "Temp Read Blocks": 0,
                                "Temp Written Blocks": 0,
                                "WAL Records": 0,
                                "WAL FPI": 0,
                                "WAL Bytes": 0,
                                "Plans": [
                                    {
                                        "Node Type": "Bitmap Index Scan",
                                        "Parent Relationship": "Outer",
                                        "Parallel Aware": false,
                                        "Async Capable": false,
                                        "Index Name": "bool_multi",
                                        "Startup Cost": 0.0,
                                        "Total Cost": 22.27,
                                        "Plan Rows": 16,
                                        "Plan Width": 0,
                                        "Actual Startup Time": 0.015,
                                        "Actual Total Time": 0.015,
                                        "Actual Rows": 18,
                                        "Actual Loops": 1,
                                        "Index Cond": "((tests_benchmark_booltester015.flg_0 = true) AND (tests_benchmark_booltester015.flg_2 = true) AND (tests_benchmark_booltester015.flg_6 = true) AND (tests_benchmark_booltester015.flg_8 = true) AND (tests_benchmark_booltester015.flg_9 = true) AND (tests_benchmark_booltester015.flg_15 = true))",
                                        "Shared Hit Blocks": 4,
                                        "Shared Read Blocks": 0,
                                        "Shared Dirtied Blocks": 0,
                                        "Shared Written Blocks": 0,
                                        "Local Hit Blocks": 0,
                                        "Local Read Blocks": 0,
                                        "Local Dirtied Blocks": 0,
                                        "Local Written Blocks": 0,
                                        "Temp Read Blocks": 0,
                                        "Temp Written Blocks": 0,
                                        "WAL Records": 0,
                                        "WAL FPI": 0,
                                        "WAL Bytes": 0
                                    }
                                ]
                            },
                            "Settings": {},
                            "Planning": {
                                "Shared Hit Blocks": 0,
                                "Shared Read Blocks": 0,
                                "Shared Dirtied Blocks": 0,
                                "Shared Written Blocks": 0,
                                "Local Hit Blocks": 0,
                                "Local Read Blocks": 0,
                                "Local Dirtied Blocks": 0,
                                "Local Written Blocks": 0,
                                "Temp Read Blocks": 0,
                                "Temp Written Blocks": 0
                            },
                            "Planning Time": 0.068,
                            "Triggers": [],
                            "Execution Time": 0.039
                        },
                        "any_explanation": {
                            "Plan": {
                                "Node Type": "Seq Scan",
                                "Parallel Aware": false,
                                "Async Capable": false,
                                "Relation Name": "tests_benchmark_booltester015",
                                "Schema": "public",
                                "Alias": "tests_benchmark_booltester015",
                                "Startup Cost": 0.0,
                                "Total Cost": 17.01,
                                "Plan Rows": 985,
                                "Plan Width": 24,
                                "Actual Startup Time": 0.003,
                                "Actual Total Time": 0.08,
                                "Actual Rows": 978,
                                "Actual Loops": 1,
                                "Output": [
                                    "id",
                                    "flg_0",
                                    "flg_1",
                                    "flg_2",
                                    "flg_3",
                                    "flg_4",
                                    "flg_5",
                                    "flg_6",
                                    "flg_7",
                                    "flg_8",
                                    "flg_9",
                                    "flg_10",
                                    "flg_11",
                                    "flg_12",
                                    "flg_13",
                                    "flg_14",
                                    "flg_15"
                                ],
                                "Filter": "(tests_benchmark_booltester015.flg_0 OR tests_benchmark_booltester015.flg_2 OR tests_benchmark_booltester015.flg_6 OR tests_benchmark_booltester015.flg_8 OR tests_benchmark_booltester015.flg_9 OR tests_benchmark_booltester015.flg_15)",
                                "Rows Removed by Filter": 23,
                                "Shared Hit Blocks": 7,
                                "Shared Read Blocks": 0,
                                "Shared Dirtied Blocks": 0,
                                "Shared Written Blocks": 0,
                                "Local Hit Blocks": 0,
                                "Local Read Blocks": 0,
                                "Local Dirtied Blocks": 0,
                                "Local Written Blocks": 0,
                                "Temp Read Blocks": 0,
                                "Temp Written Blocks": 0,
                                "WAL Records": 0,
                                "WAL FPI": 0,
                                "WAL Bytes": 0
                            },
                            "Settings": {},
                            "Planning": {
                                "Shared Hit Blocks": 0,
                                "Shared Read Blocks": 0,
                                "Shared Dirtied Blocks": 0,
                                "Shared Written Blocks": 0,
                                "Local Hit Blocks": 0,
                                "Local Read Blocks": 0,
                                "Local Dirtied Blocks": 0,
                                "Local Written Blocks": 0,
                                "Temp Read Blocks": 0,
                                "Temp Written Blocks": 0
                            },
                            "Planning Time": 0.018,
                            "Triggers": [],
                            "Execution Time": 0.102
                        },
                        "exact_explanation": {
                            "Plan": {
                                "Node Type": "Index Scan",
                                "Parallel Aware": false,
                                "Async Capable": false,
                                "Scan Direction": "Forward",
                                "Index Name": "bool_multi",
                                "Relation Name": "tests_benchmark_booltester015",
                                "Schema": "public",
                                "Alias": "tests_benchmark_booltester015",
                                "Startup Cost": 0.28,
                                "Total Cost": 8.33,
                                "Plan Rows": 1,
                                "Plan Width": 24,
                                "Actual Startup Time": 0.002,
                                "Actual Total Time": 0.002,
                                "Actual Rows": 0,
                                "Actual Loops": 1,
                                "Output": [
                                    "id",
                                    "flg_0",
                                    "flg_1",
                                    "flg_2",
                                    "flg_3",
                                    "flg_4",
                                    "flg_5",
                                    "flg_6",
                                    "flg_7",
                                    "flg_8",
                                    "flg_9",
                                    "flg_10",
                                    "flg_11",
                                    "flg_12",
                                    "flg_13",
                                    "flg_14",
                                    "flg_15"
                                ],
                                "Index Cond": "((tests_benchmark_booltester015.flg_0 = true) AND (tests_benchmark_booltester015.flg_1 = false) AND (tests_benchmark_booltester015.flg_2 = true) AND (tests_benchmark_booltester015.flg_3 = false) AND (tests_benchmark_booltester015.flg_4 = false) AND (tests_benchmark_booltester015.flg_5 = false) AND (tests_benchmark_booltester015.flg_6 = true) AND (tests_benchmark_booltester015.flg_7 = false) AND (tests_benchmark_booltester015.flg_8 = true) AND (tests_benchmark_booltester015.flg_9 = true) AND (tests_benchmark_booltester015.flg_10 = false) AND (tests_benchmark_booltester015.flg_11 = false) AND (tests_benchmark_booltester015.flg_12 = false) AND (tests_benchmark_booltester015.flg_13 = false) AND (tests_benchmark_booltester015.flg_14 = false) AND (tests_benchmark_booltester015.flg_15 = true))",
                                "Rows Removed by Index Recheck": 0,
                                "Shared Hit Blocks": 2,
                                "Shared Read Blocks": 0,
                                "Shared Dirtied Blocks": 0,
                                "Shared Written Blocks": 0,
                                "Local Hit Blocks": 0,
                                "Local Read Blocks": 0,
                                "Local Dirtied Blocks": 0,
                                "Local Written Blocks": 0,
                                "Temp Read Blocks": 0,
                                "Temp Written Blocks": 0,
                                "WAL Records": 0,
                                "WAL FPI": 0,
                                "WAL Bytes": 0
                            },
                            "Settings": {},
                            "Planning": {
                                "Shared Hit Blocks": 0,
                                "Shared Read Blocks": 0,
                                "Shared Dirtied Blocks": 0,
                                "Shared Written Blocks": 0,
                                "Local Hit Blocks": 0,
                                "Local Read Blocks": 0,
                                "Local Dirtied Blocks": 0,
                                "Local Written Blocks": 0,
                                "Temp Read Blocks": 0,
                                "Temp Written Blocks": 0
                            },
                            "Planning Time": 0.023,
                            "Triggers": [],
                            "Execution Time": 0.006
                        },
                        "all_ftr_time": 4.19e-05,
                        "any_ftr_time": 0.00010600000000000002,
                        "exact_ftr_time": 1e-05
                    },
                    "10000": {
                        "all_time": 0.0020125875947996975,
                        "any_time": 0.003783650090917945,
                        "exact_time": 0.0013984624994918704,
                        "table_size": 1097728.0,
                        "index_time": 0.014986207941547036,
                        "all_explanation": {
                            "Plan": {
                                "Node Type": "Bitmap Heap Scan",
                                "Parallel Aware": false,
                                "Async Capable": false,
                                "Relation Name": "tests_benchmark_booltester015",
                                "Schema": "public",
                                "Alias": "tests_benchmark_booltester015",
                                "Startup Cost": 167.86,
                                "Total Cost": 243.6,
                                "Plan Rows": 313,
                                "Plan Width": 24,
                                "Actual Startup Time": 0.113,
                                "Actual Total Time": 0.254,
                                "Actual Rows": 346,
                                "Actual Loops": 1,
                                "Output": [
                                    "id",
                                    "flg_0",
                                    "flg_1",
                                    "flg_2",
                                    "flg_3",
                                    "flg_4",
                                    "flg_5",
                                    "flg_6",
                                    "flg_7",
                                    "flg_8",
                                    "flg_9",
                                    "flg_10",
                                    "flg_11",
                                    "flg_12",
                                    "flg_13",
                                    "flg_14",
                                    "flg_15"
                                ],
                                "Filter": "(tests_benchmark_booltester015.flg_0 AND tests_benchmark_booltester015.flg_4 AND tests_benchmark_booltester015.flg_7 AND tests_benchmark_booltester015.flg_9 AND tests_benchmark_booltester015.flg_10 AND (tests_benchmark_booltester015.flg_1 = ANY ('{t,f}'::boolean[])) AND (tests_benchmark_booltester015.flg_2 = ANY ('{t,f}'::boolean[])) AND (tests_benchmark_booltester015.flg_3 = ANY ('{t,f}'::boolean[])) AND (tests_benchmark_booltester015.flg_5 = ANY ('{t,f}'::boolean[])) AND (tests_benchmark_booltester015.flg_6 = ANY ('{t,f}'::boolean[])) AND (tests_benchmark_booltester015.flg_8 = ANY ('{t,f}'::boolean[])) AND (tests_benchmark_booltester015.flg_11 = ANY ('{t,f}'::boolean[])) AND (tests_benchmark_booltester015.flg_12 = ANY ('{t,f}'::boolean[])) AND (tests_benchmark_booltester015.flg_13 = ANY ('{t,f}'::boolean[])) AND (tests_benchmark_booltester015.flg_14 = ANY ('{t,f}'::boolean[])) AND (tests_benchmark_booltester015.flg_15 = ANY ('{t,f}'::boolean[])))",
                                "Rows Removed by Filter": 0,
                                "Exact Heap Blocks": 64,
                                "Lossy Heap Blocks": 0,
                                "Shared Hit Blocks": 85,
                                "Shared Read Blocks": 0,
                                "Shared Dirtied Blocks": 0,
                                "Shared Written Blocks": 0,
                                "Local Hit Blocks": 0,
                                "Local Read Blocks": 0,
                                "Local Dirtied Blocks": 0,
                                "Local Written Blocks": 0,
                                "Temp Read Blocks": 0,
                                "Temp Written Blocks": 0,
                                "WAL Records": 0,
                                "WAL FPI": 0,
                                "WAL Bytes": 0,
                                "Plans": [
                                    {
                                        "Node Type": "Bitmap Index Scan",
                                        "Parent Relationship": "Outer",
                                        "Parallel Aware": false,
                                        "Async Capable": false,
                                        "Index Name": "bool_multi",
                                        "Startup Cost": 0.0,
                                        "Total Cost": 167.78,
                                        "Plan Rows": 313,
                                        "Plan Width": 0,
                                        "Actual Startup Time": 0.105,
                                        "Actual Total Time": 0.105,
                                        "Actual Rows": 346,
                                        "Actual Loops": 1,
                                        "Index Cond": "((tests_benchmark_booltester015.flg_0 = true) AND (tests_benchmark_booltester015.flg_4 = true) AND (tests_benchmark_booltester015.flg_7 = true) AND (tests_benchmark_booltester015.flg_9 = true) AND (tests_benchmark_booltester015.flg_10 = true))",
                                        "Shared Hit Blocks": 21,
                                        "Shared Read Blocks": 0,
                                        "Shared Dirtied Blocks": 0,
                                        "Shared Written Blocks": 0,
                                        "Local Hit Blocks": 0,
                                        "Local Read Blocks": 0,
                                        "Local Dirtied Blocks": 0,
                                        "Local Written Blocks": 0,
                                        "Temp Read Blocks": 0,
                                        "Temp Written Blocks": 0,
                                        "WAL Records": 0,
                                        "WAL FPI": 0,
                                        "WAL Bytes": 0
                                    }
                                ]
                            },
                            "Settings": {},
                            "Planning": {
                                "Shared Hit Blocks": 0,
                                "Shared Read Blocks": 0,
                                "Shared Dirtied Blocks": 0,
                                "Shared Written Blocks": 0,
                                "Local Hit Blocks": 0,
                                "Local Read Blocks": 0,
                                "Local Dirtied Blocks": 0,
                                "Local Written Blocks": 0,
                                "Temp Read Blocks": 0,
                                "Temp Written Blocks": 0
                            },
                            "Planning Time": 0.067,
                            "Triggers": [],
                            "Execution Time": 0.271
                        },
                        "any_explanation": {
                            "Plan": {
                                "Node Type": "Seq Scan",
                                "Parallel Aware": false,
                                "Async Capable": false,
                                "Relation Name": "tests_benchmark_booltester015",
                                "Schema": "public",
                                "Alias": "tests_benchmark_booltester015",
                                "Startup Cost": 0.0,
                                "Total Cost": 164.01,
                                "Plan Rows": 9688,
                                "Plan Width": 24,
                                "Actual Startup Time": 0.003,
                                "Actual Total Time": 0.962,
                                "Actual Rows": 9669,
                                "Actual Loops": 1,
                                "Output": [
                                    "id",
                                    "flg_0",
                                    "flg_1",
                                    "flg_2",
                                    "flg_3",
                                    "flg_4",
                                    "flg_5",
                                    "flg_6",
                                    "flg_7",
                                    "flg_8",
                                    "flg_9",
                                    "flg_10",
                                    "flg_11",
                                    "flg_12",
                                    "flg_13",
                                    "flg_14",
                                    "flg_15"
                                ],
                                "Filter": "(tests_benchmark_booltester015.flg_0 OR tests_benchmark_booltester015.flg_4 OR tests_benchmark_booltester015.flg_7 OR tests_benchmark_booltester015.flg_9 OR tests_benchmark_booltester015.flg_10)",
                                "Rows Removed by Filter": 332,
                                "Shared Hit Blocks": 64,
                                "Shared Read Blocks": 0,
                                "Shared Dirtied Blocks": 0,
                                "Shared Written Blocks": 0,
                                "Local Hit Blocks": 0,
                                "Local Read Blocks": 0,
                                "Local Dirtied Blocks": 0,
                                "Local Written Blocks": 0,
                                "Temp Read Blocks": 0,
                                "Temp Written Blocks": 0,
                                "WAL Records": 0,
                                "WAL FPI": 0,
                                "WAL Bytes": 0
                            },
                            "Settings": {},
                            "Planning": {
                                "Shared Hit Blocks": 0,
                                "Shared Read Blocks": 0,
                                "Shared Dirtied Blocks": 0,
                                "Shared Written Blocks": 0,
                                "Local Hit Blocks": 0,
                                "Local Read Blocks": 0,
                                "Local Dirtied Blocks": 0,
                                "Local Written Blocks": 0,
                                "Temp Read Blocks": 0,
                                "Temp Written Blocks": 0
                            },
                            "Planning Time": 0.019,
                            "Triggers": [],
                            "Execution Time": 1.246
                        },
                        "exact_explanation": {
                            "Plan": {
                                "Node Type": "Index Scan",
                                "Parallel Aware": false,
                                "Async Capable": false,
                                "Scan Direction": "Forward",
                                "Index Name": "bool_multi",
                                "Relation Name": "tests_benchmark_booltester015",
                                "Schema": "public",
                                "Alias": "tests_benchmark_booltester015",
                                "Startup Cost": 0.29,
                                "Total Cost": 8.34,
                                "Plan Rows": 1,
                                "Plan Width": 24,
                                "Actual Startup Time": 0.003,
                                "Actual Total Time": 0.003,
                                "Actual Rows": 1,
                                "Actual Loops": 1,
                                "Output": [
                                    "id",
                                    "flg_0",
                                    "flg_1",
                                    "flg_2",
                                    "flg_3",
                                    "flg_4",
                                    "flg_5",
                                    "flg_6",
                                    "flg_7",
                                    "flg_8",
                                    "flg_9",
                                    "flg_10",
                                    "flg_11",
                                    "flg_12",
                                    "flg_13",
                                    "flg_14",
                                    "flg_15"
                                ],
                                "Index Cond": "((tests_benchmark_booltester015.flg_0 = true) AND (tests_benchmark_booltester015.flg_1 = false) AND (tests_benchmark_booltester015.flg_2 = false) AND (tests_benchmark_booltester015.flg_3 = false) AND (tests_benchmark_booltester015.flg_4 = true) AND (tests_benchmark_booltester015.flg_5 = false) AND (tests_benchmark_booltester015.flg_6 = false) AND (tests_benchmark_booltester015.flg_7 = true) AND (tests_benchmark_booltester015.flg_8 = false) AND (tests_benchmark_booltester015.flg_9 = true) AND (tests_benchmark_booltester015.flg_10 = true) AND (tests_benchmark_booltester015.flg_11 = false) AND (tests_benchmark_booltester015.flg_12 = false) AND (tests_benchmark_booltester015.flg_13 = false) AND (tests_benchmark_booltester015.flg_14 = false) AND (tests_benchmark_booltester015.flg_15 = false))",
                                "Rows Removed by Index Recheck": 0,
                                "Shared Hit Blocks": 3,
                                "Shared Read Blocks": 0,
                                "Shared Dirtied Blocks": 0,
                                "Shared Written Blocks": 0,
                                "Local Hit Blocks": 0,
                                "Local Read Blocks": 0,
                                "Local Dirtied Blocks": 0,
                                "Local Written Blocks": 0,
                                "Temp Read Blocks": 0,
                                "Temp Written Blocks": 0,
                                "WAL Records": 0,
                                "WAL FPI": 0,
                                "WAL Bytes": 0
                            },
                            "Settings": {},
                            "Planning": {
                                "Shared Hit Blocks": 0,
                                "Shared Read Blocks": 0,
                                "Shared Dirtied Blocks": 0,
                                "Shared Written Blocks": 0,
                                "Local Hit Blocks": 0,
                                "Local Read Blocks": 0,
                                "Local Dirtied Blocks": 0,
                                "Local Written Blocks": 0,
                                "Temp Read Blocks": 0,
                                "Temp Written Blocks": 0
                            },
                            "Planning Time": 0.033,
                            "Triggers": [],
                            "Execution Time": 0.01
                        },
                        "all_ftr_time": 0.0002543,
                        "any_ftr_time": 0.0011241,
                        "exact_ftr_time": 7.8e-06
                    },
                    "100000": {
                        "all_time": 0.002082925220020115,
                        "any_time": 0.021667737397365272,
                        "exact_time": 0.004279175098054111,
                        "table_size": 9781248.0,
                        "index_time": 0.11296824994497001,
                        "all_explanation": {
                            "Plan": {
                                "Node Type": "Bitmap Heap Scan",
                                "Parallel Aware": false,
                                "Async Capable": false,
                                "Relation Name": "tests_benchmark_booltester015",
                                "Schema": "public",
                                "Alias": "tests_benchmark_booltester015",
                                "Startup Cost": 834.02,
                                "Total Cost": 1428.11,
                                "Plan Rows": 391,
                                "Plan Width": 24,
                                "Actual Startup Time": 0.367,
                                "Actual Total Time": 0.435,
                                "Actual Rows": 384,
                                "Actual Loops": 1,
                                "Output": [
                                    "id",
                                    "flg_0",
                                    "flg_1",
                                    "flg_2",
                                    "flg_3",
                                    "flg_4",
                                    "flg_5",
                                    "flg_6",
                                    "flg_7",
                                    "flg_8",
                                    "flg_9",
                                    "flg_10",
                                    "flg_11",
                                    "flg_12",
                                    "flg_13",
                                    "flg_14",
                                    "flg_15"
                                ],
                                "Recheck Cond": "((tests_benchmark_booltester015.flg_2 = ANY ('{t,f}'::boolean[])) AND (tests_benchmark_booltester015.flg_3 = ANY ('{t,f}'::boolean[])) AND (tests_benchmark_booltester015.flg_4 = ANY ('{t,f}'::boolean[])) AND (tests_benchmark_booltester015.flg_6 = ANY ('{t,f}'::boolean[])) AND (tests_benchmark_booltester015.flg_8 = ANY ('{t,f}'::boolean[])) AND (tests_benchmark_booltester015.flg_9 = ANY ('{t,f}'::boolean[])) AND (tests_benchmark_booltester015.flg_10 = ANY ('{t,f}'::boolean[])) AND (tests_benchmark_booltester015.flg_12 = ANY ('{t,f}'::boolean[])))",
                                "Rows Removed by Index Recheck": 0,
                                "Filter": "(tests_benchmark_booltester015.flg_0 AND tests_benchmark_booltester015.flg_1 AND tests_benchmark_booltester015.flg_5 AND tests_benchmark_booltester015.flg_7 AND tests_benchmark_booltester015.flg_11 AND tests_benchmark_booltester015.flg_13 AND tests_benchmark_booltester015.flg_14 AND tests_benchmark_booltester015.flg_15)",
                                "Rows Removed by Filter": 0,
                                "Exact Heap Blocks": 279,
                                "Lossy Heap Blocks": 0,
                                "Shared Hit Blocks": 1047,
                                "Shared Read Blocks": 0,
                                "Shared Dirtied Blocks": 0,
                                "Shared Written Blocks": 0,
                                "Local Hit Blocks": 0,
                                "Local Read Blocks": 0,
                                "Local Dirtied Blocks": 0,
                                "Local Written Blocks": 0,
                                "Temp Read Blocks": 0,
                                "Temp Written Blocks": 0,
                                "WAL Records": 0,
                                "WAL FPI": 0,
                                "WAL Bytes": 0,
                                "Plans": [
                                    {
                                        "Node Type": "Bitmap Index Scan",
                                        "Parent Relationship": "Outer",
                                        "Parallel Aware": false,
                                        "Async Capable": false,
                                        "Index Name": "bool_multi",
                                        "Startup Cost": 0.0,
                                        "Total Cost": 833.92,
                                        "Plan Rows": 391,
                                        "Plan Width": 0,
                                        "Actual Startup Time": 0.351,
                                        "Actual Total Time": 0.351,
                                        "Actual Rows": 384,
                                        "Actual Loops": 1,
                                        "Index Cond": "((tests_benchmark_booltester015.flg_0 = true) AND (tests_benchmark_booltester015.flg_1 = true) AND (tests_benchmark_booltester015.flg_2 = ANY ('{t,f}'::boolean[])) AND (tests_benchmark_booltester015.flg_3 = ANY ('{t,f}'::boolean[])) AND (tests_benchmark_booltester015.flg_4 = ANY ('{t,f}'::boolean[])) AND (tests_benchmark_booltester015.flg_5 = true) AND (tests_benchmark_booltester015.flg_6 = ANY ('{t,f}'::boolean[])) AND (tests_benchmark_booltester015.flg_7 = true) AND (tests_benchmark_booltester015.flg_8 = ANY ('{t,f}'::boolean[])) AND (tests_benchmark_booltester015.flg_9 = ANY ('{t,f}'::boolean[])) AND (tests_benchmark_booltester015.flg_10 = ANY ('{t,f}'::boolean[])) AND (tests_benchmark_booltester015.flg_11 = true) AND (tests_benchmark_booltester015.flg_12 = ANY ('{t,f}'::boolean[])) AND (tests_benchmark_booltester015.flg_13 = true) AND (tests_benchmark_booltester015.flg_14 = true) AND (tests_benchmark_booltester015.flg_15 = true))",
                                        "Shared Hit Blocks": 768,
                                        "Shared Read Blocks": 0,
                                        "Shared Dirtied Blocks": 0,
                                        "Shared Written Blocks": 0,
                                        "Local Hit Blocks": 0,
                                        "Local Read Blocks": 0,
                                        "Local Dirtied Blocks": 0,
                                        "Local Written Blocks": 0,
                                        "Temp Read Blocks": 0,
                                        "Temp Written Blocks": 0,
                                        "WAL Records": 0,
                                        "WAL FPI": 0,
                                        "WAL Bytes": 0
                                    }
                                ]
                            },
                            "Settings": {},
                            "Planning": {
                                "Shared Hit Blocks": 0,
                                "Shared Read Blocks": 0,
                                "Shared Dirtied Blocks": 0,
                                "Shared Written Blocks": 0,
                                "Local Hit Blocks": 0,
                                "Local Read Blocks": 0,
                                "Local Dirtied Blocks": 0,
                                "Local Written Blocks": 0,
                                "Temp Read Blocks": 0,
                                "Temp Written Blocks": 0
                            },
                            "Planning Time": 0.042,
                            "Triggers": [],
                            "Execution Time": 0.449
                        },
                        "any_explanation": {
                            "Plan": {
                                "Node Type": "Seq Scan",
                                "Parallel Aware": false,
                                "Async Capable": false,
                                "Relation Name": "tests_benchmark_booltester015",
                                "Schema": "public",
                                "Alias": "tests_benchmark_booltester015",
                                "Startup Cost": 0.0,
                                "Total Cost": 1637.01,
                                "Plan Rows": 99610,
                                "Plan Width": 24,
                                "Actual Startup Time": 0.002,
                                "Actual Total Time": 7.685,
                                "Actual Rows": 99619,
                                "Actual Loops": 1,
                                "Output": [
                                    "id",
                                    "flg_0",
                                    "flg_1",
                                    "flg_2",
                                    "flg_3",
                                    "flg_4",
                                    "flg_5",
                                    "flg_6",
                                    "flg_7",
                                    "flg_8",
                                    "flg_9",
                                    "flg_10",
                                    "flg_11",
                                    "flg_12",
                                    "flg_13",
                                    "flg_14",
                                    "flg_15"
                                ],
                                "Filter": "(tests_benchmark_booltester015.flg_0 OR tests_benchmark_booltester015.flg_1 OR tests_benchmark_booltester015.flg_5 OR tests_benchmark_booltester015.flg_7 OR tests_benchmark_booltester015.flg_11 OR tests_benchmark_booltester015.flg_13 OR tests_benchmark_booltester015.flg_14 OR tests_benchmark_booltester015.flg_15)",
                                "Rows Removed by Filter": 382,
                                "Shared Hit Blocks": 637,
                                "Shared Read Blocks": 0,
                                "Shared Dirtied Blocks": 0,
                                "Shared Written Blocks": 0,
                                "Local Hit Blocks": 0,
                                "Local Read Blocks": 0,
                                "Local Dirtied Blocks": 0,
                                "Local Written Blocks": 0,
                                "Temp Read Blocks": 0,
                                "Temp Written Blocks": 0,
                                "WAL Records": 0,
                                "WAL FPI": 0,
                                "WAL Bytes": 0
                            },
                            "Settings": {},
                            "Planning": {
                                "Shared Hit Blocks": 0,
                                "Shared Read Blocks": 0,
                                "Shared Dirtied Blocks": 0,
                                "Shared Written Blocks": 0,
                                "Local Hit Blocks": 0,
                                "Local Read Blocks": 0,
                                "Local Dirtied Blocks": 0,
                                "Local Written Blocks": 0,
                                "Temp Read Blocks": 0,
                                "Temp Written Blocks": 0
                            },
                            "Planning Time": 0.021,
                            "Triggers": [],
                            "Execution Time": 9.7
                        },
                        "exact_explanation": {
                            "Plan": {
                                "Node Type": "Bitmap Heap Scan",
                                "Parallel Aware": false,
                                "Async Capable": false,
                                "Relation Name": "tests_benchmark_booltester015",
                                "Schema": "public",
                                "Alias": "tests_benchmark_booltester015",
                                "Startup Cost": 4.51,
                                "Total Cost": 12.19,
                                "Plan Rows": 2,
                                "Plan Width": 24,
                                "Actual Startup Time": 0.003,
                                "Actual Total Time": 0.003,
                                "Actual Rows": 1,
                                "Actual Loops": 1,
                                "Output": [
                                    "id",
                                    "flg_0",
                                    "flg_1",
                                    "flg_2",
                                    "flg_3",
                                    "flg_4",
                                    "flg_5",
                                    "flg_6",
                                    "flg_7",
                                    "flg_8",
                                    "flg_9",
                                    "flg_10",
                                    "flg_11",
                                    "flg_12",
                                    "flg_13",
                                    "flg_14",
                                    "flg_15"
                                ],
                                "Filter": "(tests_benchmark_booltester015.flg_0 AND tests_benchmark_booltester015.flg_1 AND (NOT tests_benchmark_booltester015.flg_2) AND (NOT tests_benchmark_booltester015.flg_3) AND (NOT tests_benchmark_booltester015.flg_4) AND tests_benchmark_booltester015.flg_5 AND (NOT tests_benchmark_booltester015.flg_6) AND tests_benchmark_booltester015.flg_7 AND (NOT tests_benchmark_booltester015.flg_8) AND (NOT tests_benchmark_booltester015.flg_9) AND (NOT tests_benchmark_booltester015.flg_10) AND tests_benchmark_booltester015.flg_11 AND (NOT tests_benchmark_booltester015.flg_12) AND tests_benchmark_booltester015.flg_13 AND tests_benchmark_booltester015.flg_14 AND tests_benchmark_booltester015.flg_15)",
                                "Rows Removed by Filter": 0,
                                "Exact Heap Blocks": 1,
                                "Lossy Heap Blocks": 0,
                                "Shared Hit Blocks": 4,
                                "Shared Read Blocks": 0,
                                "Shared Dirtied Blocks": 0,
                                "Shared Written Blocks": 0,
                                "Local Hit Blocks": 0,
                                "Local Read Blocks": 0,
                                "Local Dirtied Blocks": 0,
                                "Local Written Blocks": 0,
                                "Temp Read Blocks": 0,
                                "Temp Written Blocks": 0,
                                "WAL Records": 0,
                                "WAL FPI": 0,
                                "WAL Bytes": 0,
                                "Plans": [
                                    {
                                        "Node Type": "Bitmap Index Scan",
                                        "Parent Relationship": "Outer",
                                        "Parallel Aware": false,
                                        "Async Capable": false,
                                        "Index Name": "bool_multi",
                                        "Startup Cost": 0.0,
                                        "Total Cost": 4.51,
                                        "Plan Rows": 2,
                                        "Plan Width": 0,
                                        "Actual Startup Time": 0.002,
                                        "Actual Total Time": 0.002,
                                        "Actual Rows": 1,
                                        "Actual Loops": 1,
                                        "Index Cond": "((tests_benchmark_booltester015.flg_0 = true) AND (tests_benchmark_booltester015.flg_1 = true) AND (tests_benchmark_booltester015.flg_2 = false) AND (tests_benchmark_booltester015.flg_3 = false) AND (tests_benchmark_booltester015.flg_4 = false) AND (tests_benchmark_booltester015.flg_5 = true) AND (tests_benchmark_booltester015.flg_6 = false) AND (tests_benchmark_booltester015.flg_7 = true) AND (tests_benchmark_booltester015.flg_8 = false) AND (tests_benchmark_booltester015.flg_9 = false) AND (tests_benchmark_booltester015.flg_10 = false) AND (tests_benchmark_booltester015.flg_11 = true) AND (tests_benchmark_booltester015.flg_12 = false) AND (tests_benchmark_booltester015.flg_13 = true) AND (tests_benchmark_booltester015.flg_14 = true) AND (tests_benchmark_booltester015.flg_15 = true))",
                                        "Shared Hit Blocks": 3,
                                        "Shared Read Blocks": 0,
                                        "Shared Dirtied Blocks": 0,
                                        "Shared Written Blocks": 0,
                                        "Local Hit Blocks": 0,
                                        "Local Read Blocks": 0,
                                        "Local Dirtied Blocks": 0,
                                        "Local Written Blocks": 0,
                                        "Temp Read Blocks": 0,
                                        "Temp Written Blocks": 0,
                                        "WAL Records": 0,
                                        "WAL FPI": 0,
                                        "WAL Bytes": 0
                                    }
                                ]
                            },
                            "Settings": {},
                            "Planning": {
                                "Shared Hit Blocks": 0,
                                "Shared Read Blocks": 0,
                                "Shared Dirtied Blocks": 0,
                                "Shared Written Blocks": 0,
                                "Local Hit Blocks": 0,
                                "Local Read Blocks": 0,
                                "Local Dirtied Blocks": 0,
                                "Local Written Blocks": 0,
                                "Temp Read Blocks": 0,
                                "Temp Written Blocks": 0
                            },
                            "Planning Time": 0.026,
                            "Triggers": [],
                            "Execution Time": 0.008
                        },
                        "all_ftr_time": 0.0004704,
                        "any_ftr_time": 0.0096477,
                        "exact_ftr_time": 8.700000000000003e-06
                    },
                    "1000000": {
                        "all_time": 0.006583349639549851,
                        "any_time": 0.13337020818144082,
                        "exact_time": 0.004097854322753847,
                        "table_size": 83886080.0,
                        "index_time": 1.0068658338859677,
                        "all_explanation": {
                            "Plan": {
                                "Node Type": "Bitmap Heap Scan",
                                "Parallel Aware": false,
                                "Async Capable": false,
                                "Relation Name": "tests_benchmark_booltester015",
                                "Schema": "public",
                                "Alias": "tests_benchmark_booltester015",
                                "Startup Cost": 8917.23,
                                "Total Cost": 17787.22,
                                "Plan Rows": 62500,
                                "Plan Width": 24,
                                "Actual Startup Time": 8.157,
                                "Actual Total Time": 16.948,
                                "Actual Rows": 62391,
                                "Actual Loops": 1,
                                "Output": [
                                    "id",
                                    "flg_0",
                                    "flg_1",
                                    "flg_2",
                                    "flg_3",
                                    "flg_4",
                                    "flg_5",
                                    "flg_6",
                                    "flg_7",
                                    "flg_8",
                                    "flg_9",
                                    "flg_10",
                                    "flg_11",
                                    "flg_12",
                                    "flg_13",
                                    "flg_14",
                                    "flg_15"
                                ],
                                "Recheck Cond": "((tests_benchmark_booltester015.flg_0 = ANY ('{t,f}'::boolean[])) AND (tests_benchmark_booltester015.flg_2 = ANY ('{t,f}'::boolean[])) AND (tests_benchmark_booltester015.flg_3 = ANY ('{t,f}'::boolean[])) AND (tests_benchmark_booltester015.flg_5 = ANY ('{t,f}'::boolean[])) AND (tests_benchmark_booltester015.flg_6 = ANY ('{t,f}'::boolean[])) AND (tests_benchmark_booltester015.flg_7 = ANY ('{t,f}'::boolean[])) AND (tests_benchmark_booltester015.flg_8 = ANY ('{t,f}'::boolean[])) AND (tests_benchmark_booltester015.flg_9 = ANY ('{t,f}'::boolean[])) AND (tests_benchmark_booltester015.flg_10 = ANY ('{t,f}'::boolean[])) AND (tests_benchmark_booltester015.flg_12 = ANY ('{t,f}'::boolean[])) AND (tests_benchmark_booltester015.flg_13 = ANY ('{t,f}'::boolean[])) AND (tests_benchmark_booltester015.flg_14 = ANY ('{t,f}'::boolean[])))",
                                "Rows Removed by Index Recheck": 0,
                                "Filter": "(tests_benchmark_booltester015.flg_1 AND tests_benchmark_booltester015.flg_4 AND tests_benchmark_booltester015.flg_11 AND tests_benchmark_booltester015.flg_15)",
                                "Rows Removed by Filter": 0,
                                "Exact Heap Blocks": 6369,
                                "Lossy Heap Blocks": 0,
                                "Shared Hit Blocks": 18657,
                                "Shared Read Blocks": 0,
                                "Shared Dirtied Blocks": 0,
                                "Shared Written Blocks": 0,
                                "Local Hit Blocks": 0,
                                "Local Read Blocks": 0,
                                "Local Dirtied Blocks": 0,
                                "Local Written Blocks": 0,
                                "Temp Read Blocks": 0,
                                "Temp Written Blocks": 0,
                                "WAL Records": 0,
                                "WAL FPI": 0,
                                "WAL Bytes": 0,
                                "Plans": [
                                    {
                                        "Node Type": "Bitmap Index Scan",
                                        "Parent Relationship": "Outer",
                                        "Parallel Aware": false,
                                        "Async Capable": false,
                                        "Index Name": "bool_multi",
                                        "Startup Cost": 0.0,
                                        "Total Cost": 8901.6,
                                        "Plan Rows": 62500,
                                        "Plan Width": 0,
                                        "Actual Startup Time": 7.673,
                                        "Actual Total Time": 7.673,
                                        "Actual Rows": 62391,
                                        "Actual Loops": 1,
                                        "Index Cond": "((tests_benchmark_booltester015.flg_0 = ANY ('{t,f}'::boolean[])) AND (tests_benchmark_booltester015.flg_1 = true) AND (tests_benchmark_booltester015.flg_2 = ANY ('{t,f}'::boolean[])) AND (tests_benchmark_booltester015.flg_3 = ANY ('{t,f}'::boolean[])) AND (tests_benchmark_booltester015.flg_4 = true) AND (tests_benchmark_booltester015.flg_5 = ANY ('{t,f}'::boolean[])) AND (tests_benchmark_booltester015.flg_6 = ANY ('{t,f}'::boolean[])) AND (tests_benchmark_booltester015.flg_7 = ANY ('{t,f}'::boolean[])) AND (tests_benchmark_booltester015.flg_8 = ANY ('{t,f}'::boolean[])) AND (tests_benchmark_booltester015.flg_9 = ANY ('{t,f}'::boolean[])) AND (tests_benchmark_booltester015.flg_10 = ANY ('{t,f}'::boolean[])) AND (tests_benchmark_booltester015.flg_11 = true) AND (tests_benchmark_booltester015.flg_12 = ANY ('{t,f}'::boolean[])) AND (tests_benchmark_booltester015.flg_13 = ANY ('{t,f}'::boolean[])) AND (tests_benchmark_booltester015.flg_14 = ANY ('{t,f}'::boolean[])) AND (tests_benchmark_booltester015.flg_15 = true))",
                                        "Shared Hit Blocks": 12288,
                                        "Shared Read Blocks": 0,
                                        "Shared Dirtied Blocks": 0,
                                        "Shared Written Blocks": 0,
                                        "Local Hit Blocks": 0,
                                        "Local Read Blocks": 0,
                                        "Local Dirtied Blocks": 0,
                                        "Local Written Blocks": 0,
                                        "Temp Read Blocks": 0,
                                        "Temp Written Blocks": 0,
                                        "WAL Records": 0,
                                        "WAL FPI": 0,
                                        "WAL Bytes": 0
                                    }
                                ]
                            },
                            "Settings": {},
                            "Planning": {
                                "Shared Hit Blocks": 0,
                                "Shared Read Blocks": 0,
                                "Shared Dirtied Blocks": 0,
                                "Shared Written Blocks": 0,
                                "Local Hit Blocks": 0,
                                "Local Read Blocks": 0,
                                "Local Dirtied Blocks": 0,
                                "Local Written Blocks": 0,
                                "Temp Read Blocks": 0,
                                "Temp Written Blocks": 0
                            },
                            "Planning Time": 0.07,
                            "Triggers": [],
                            "Execution Time": 18.232
                        },
                        "any_explanation": {
                            "Plan": {
                                "Node Type": "Seq Scan",
                                "Parallel Aware": false,
                                "Async Capable": false,
                                "Relation Name": "tests_benchmark_booltester015",
                                "Schema": "public",
                                "Alias": "tests_benchmark_booltester015",
                                "Startup Cost": 0.0,
                                "Total Cost": 16370.01,
                                "Plan Rows": 937501,
                                "Plan Width": 24,
                                "Actual Startup Time": 0.004,
                                "Actual Total Time": 77.06,
                                "Actual Rows": 937526,
                                "Actual Loops": 1,
                                "Output": [
                                    "id",
                                    "flg_0",
                                    "flg_1",
                                    "flg_2",
                                    "flg_3",
                                    "flg_4",
                                    "flg_5",
                                    "flg_6",
                                    "flg_7",
                                    "flg_8",
                                    "flg_9",
                                    "flg_10",
                                    "flg_11",
                                    "flg_12",
                                    "flg_13",
                                    "flg_14",
                                    "flg_15"
                                ],
                                "Filter": "(tests_benchmark_booltester015.flg_1 OR tests_benchmark_booltester015.flg_4 OR tests_benchmark_booltester015.flg_11 OR tests_benchmark_booltester015.flg_15)",
                                "Rows Removed by Filter": 62475,
                                "Shared Hit Blocks": 6370,
                                "Shared Read Blocks": 0,
                                "Shared Dirtied Blocks": 0,
                                "Shared Written Blocks": 0,
                                "Local Hit Blocks": 0,
                                "Local Read Blocks": 0,
                                "Local Dirtied Blocks": 0,
                                "Local Written Blocks": 0,
                                "Temp Read Blocks": 0,
                                "Temp Written Blocks": 0,
                                "WAL Records": 0,
                                "WAL FPI": 0,
                                "WAL Bytes": 0
                            },
                            "Settings": {},
                            "Planning": {
                                "Shared Hit Blocks": 0,
                                "Shared Read Blocks": 0,
                                "Shared Dirtied Blocks": 0,
                                "Shared Written Blocks": 0,
                                "Local Hit Blocks": 0,
                                "Local Read Blocks": 0,
                                "Local Dirtied Blocks": 0,
                                "Local Written Blocks": 0,
                                "Temp Read Blocks": 0,
                                "Temp Written Blocks": 0
                            },
                            "Planning Time": 0.043,
                            "Triggers": [],
                            "Execution Time": 95.902
                        },
                        "exact_explanation": {
                            "Plan": {
                                "Node Type": "Bitmap Heap Scan",
                                "Parallel Aware": false,
                                "Async Capable": false,
                                "Relation Name": "tests_benchmark_booltester015",
                                "Schema": "public",
                                "Alias": "tests_benchmark_booltester015",
                                "Startup Cost": 5.1,
                                "Total Cost": 63.07,
                                "Plan Rows": 15,
                                "Plan Width": 24,
                                "Actual Startup Time": 0.006,
                                "Actual Total Time": 0.01,
                                "Actual Rows": 16,
                                "Actual Loops": 1,
                                "Output": [
                                    "id",
                                    "flg_0",
                                    "flg_1",
                                    "flg_2",
                                    "flg_3",
                                    "flg_4",
                                    "flg_5",
                                    "flg_6",
                                    "flg_7",
                                    "flg_8",
                                    "flg_9",
                                    "flg_10",
                                    "flg_11",
                                    "flg_12",
                                    "flg_13",
                                    "flg_14",
                                    "flg_15"
                                ],
                                "Filter": "((NOT tests_benchmark_booltester015.flg_0) AND tests_benchmark_booltester015.flg_1 AND (NOT tests_benchmark_booltester015.flg_2) AND (NOT tests_benchmark_booltester015.flg_3) AND tests_benchmark_booltester015.flg_4 AND (NOT tests_benchmark_booltester015.flg_5) AND (NOT tests_benchmark_booltester015.flg_6) AND (NOT tests_benchmark_booltester015.flg_7) AND (NOT tests_benchmark_booltester015.flg_8) AND (NOT tests_benchmark_booltester015.flg_9) AND (NOT tests_benchmark_booltester015.flg_10) AND tests_benchmark_booltester015.flg_11 AND (NOT tests_benchmark_booltester015.flg_12) AND (NOT tests_benchmark_booltester015.flg_13) AND (NOT tests_benchmark_booltester015.flg_14) AND tests_benchmark_booltester015.flg_15)",
                                "Rows Removed by Filter": 0,
                                "Exact Heap Blocks": 16,
                                "Lossy Heap Blocks": 0,
                                "Shared Hit Blocks": 19,
                                "Shared Read Blocks": 0,
                                "Shared Dirtied Blocks": 0,
                                "Shared Written Blocks": 0,
                                "Local Hit Blocks": 0,
                                "Local Read Blocks": 0,
                                "Local Dirtied Blocks": 0,
                                "Local Written Blocks": 0,
                                "Temp Read Blocks": 0,
                                "Temp Written Blocks": 0,
                                "WAL Records": 0,
                                "WAL FPI": 0,
                                "WAL Bytes": 0,
                                "Plans": [
                                    {
                                        "Node Type": "Bitmap Index Scan",
                                        "Parent Relationship": "Outer",
                                        "Parallel Aware": false,
                                        "Async Capable": false,
                                        "Index Name": "bool_multi",
                                        "Startup Cost": 0.0,
                                        "Total Cost": 5.1,
                                        "Plan Rows": 15,
                                        "Plan Width": 0,
                                        "Actual Startup Time": 0.003,
                                        "Actual Total Time": 0.003,
                                        "Actual Rows": 16,
                                        "Actual Loops": 1,
                                        "Index Cond": "((tests_benchmark_booltester015.flg_0 = false) AND (tests_benchmark_booltester015.flg_1 = true) AND (tests_benchmark_booltester015.flg_2 = false) AND (tests_benchmark_booltester015.flg_3 = false) AND (tests_benchmark_booltester015.flg_4 = true) AND (tests_benchmark_booltester015.flg_5 = false) AND (tests_benchmark_booltester015.flg_6 = false) AND (tests_benchmark_booltester015.flg_7 = false) AND (tests_benchmark_booltester015.flg_8 = false) AND (tests_benchmark_booltester015.flg_9 = false) AND (tests_benchmark_booltester015.flg_10 = false) AND (tests_benchmark_booltester015.flg_11 = true) AND (tests_benchmark_booltester015.flg_12 = false) AND (tests_benchmark_booltester015.flg_13 = false) AND (tests_benchmark_booltester015.flg_14 = false) AND (tests_benchmark_booltester015.flg_15 = true))",
                                        "Shared Hit Blocks": 3,
                                        "Shared Read Blocks": 0,
                                        "Shared Dirtied Blocks": 0,
                                        "Shared Written Blocks": 0,
                                        "Local Hit Blocks": 0,
                                        "Local Read Blocks": 0,
                                        "Local Dirtied Blocks": 0,
                                        "Local Written Blocks": 0,
                                        "Temp Read Blocks": 0,
                                        "Temp Written Blocks": 0,
                                        "WAL Records": 0,
                                        "WAL FPI": 0,
                                        "WAL Bytes": 0
                                    }
                                ]
                            },
                            "Settings": {},
                            "Planning": {
                                "Shared Hit Blocks": 0,
                                "Shared Read Blocks": 0,
                                "Shared Dirtied Blocks": 0,
                                "Shared Written Blocks": 0,
                                "Local Hit Blocks": 0,
                                "Local Read Blocks": 0,
                                "Local Dirtied Blocks": 0,
                                "Local Written Blocks": 0,
                                "Temp Read Blocks": 0,
                                "Temp Written Blocks": 0
                            },
                            "Planning Time": 0.031,
                            "Triggers": [],
                            "Execution Time": 0.016
                        },
                        "all_ftr_time": 0.0038797,
                        "any_ftr_time": 0.0962331,
                        "exact_ftr_time": 1.4999999999999995e-05
                    },
                    "2000000": {
                        "all_time": 0.02313674580072984,
                        "any_time": 0.26653674149420115,
                        "exact_time": 0.004390654014423489,
                        "table_size": 164626432.0,
                        "index_time": 2.1722122500650585,
                        "all_explanation": {
                            "Plan": {
                                "Node Type": "Bitmap Heap Scan",
                                "Parallel Aware": false,
                                "Async Capable": false,
                                "Relation Name": "tests_benchmark_booltester015",
                                "Schema": "public",
                                "Alias": "tests_benchmark_booltester015",
                                "Startup Cost": 30209.85,
                                "Total Cost": 65448.85,
                                "Plan Rows": 500000,
                                "Plan Width": 24,
                                "Actual Startup Time": 39.287,
                                "Actual Total Time": 188.269,
                                "Actual Rows": 499792,
                                "Actual Loops": 1,
                                "Output": [
                                    "id",
                                    "flg_0",
                                    "flg_1",
                                    "flg_2",
                                    "flg_3",
                                    "flg_4",
                                    "flg_5",
                                    "flg_6",
                                    "flg_7",
                                    "flg_8",
                                    "flg_9",
                                    "flg_10",
                                    "flg_11",
                                    "flg_12",
                                    "flg_13",
                                    "flg_14",
                                    "flg_15"
                                ],
                                "Recheck Cond": "(tests_benchmark_booltester015.flg_0 = ANY ('{t,f}'::boolean[]))",
                                "Rows Removed by Index Recheck": 0,
                                "Filter": "(tests_benchmark_booltester015.flg_2 AND tests_benchmark_booltester015.flg_14 AND (tests_benchmark_booltester015.flg_1 = ANY ('{t,f}'::boolean[])) AND (tests_benchmark_booltester015.flg_3 = ANY ('{t,f}'::boolean[])) AND (tests_benchmark_booltester015.flg_4 = ANY ('{t,f}'::boolean[])) AND (tests_benchmark_booltester015.flg_5 = ANY ('{t,f}'::boolean[])) AND (tests_benchmark_booltester015.flg_6 = ANY ('{t,f}'::boolean[])) AND (tests_benchmark_booltester015.flg_7 = ANY ('{t,f}'::boolean[])) AND (tests_benchmark_booltester015.flg_8 = ANY ('{t,f}'::boolean[])) AND (tests_benchmark_booltester015.flg_9 = ANY ('{t,f}'::boolean[])) AND (tests_benchmark_booltester015.flg_10 = ANY ('{t,f}'::boolean[])) AND (tests_benchmark_booltester015.flg_11 = ANY ('{t,f}'::boolean[])) AND (tests_benchmark_booltester015.flg_12 = ANY ('{t,f}'::boolean[])) AND (tests_benchmark_booltester015.flg_13 = ANY ('{t,f}'::boolean[])) AND (tests_benchmark_booltester015.flg_15 = ANY ('{t,f}'::boolean[])))",
                                "Rows Removed by Filter": 0,
                                "Exact Heap Blocks": 12739,
                                "Lossy Heap Blocks": 0,
                                "Shared Hit Blocks": 13492,
                                "Shared Read Blocks": 1146,
                                "Shared Dirtied Blocks": 0,
                                "Shared Written Blocks": 0,
                                "Local Hit Blocks": 0,
                                "Local Read Blocks": 0,
                                "Local Dirtied Blocks": 0,
                                "Local Written Blocks": 0,
                                "Temp Read Blocks": 0,
                                "Temp Written Blocks": 0,
                                "WAL Records": 0,
                                "WAL FPI": 0,
                                "WAL Bytes": 0,
                                "Plans": [
                                    {
                                        "Node Type": "Bitmap Index Scan",
                                        "Parent Relationship": "Outer",
                                        "Parallel Aware": false,
                                        "Async Capable": false,
                                        "Index Name": "bool_multi",
                                        "Startup Cost": 0.0,
                                        "Total Cost": 30084.85,
                                        "Plan Rows": 500000,
                                        "Plan Width": 0,
                                        "Actual Startup Time": 38.218,
                                        "Actual Total Time": 38.218,
                                        "Actual Rows": 499792,
                                        "Actual Loops": 1,
                                        "Index Cond": "((tests_benchmark_booltester015.flg_0 = ANY ('{t,f}'::boolean[])) AND (tests_benchmark_booltester015.flg_2 = true) AND (tests_benchmark_booltester015.flg_14 = true))",
                                        "Shared Hit Blocks": 753,
                                        "Shared Read Blocks": 1146,
                                        "Shared Dirtied Blocks": 0,
                                        "Shared Written Blocks": 0,
                                        "Local Hit Blocks": 0,
                                        "Local Read Blocks": 0,
                                        "Local Dirtied Blocks": 0,
                                        "Local Written Blocks": 0,
                                        "Temp Read Blocks": 0,
                                        "Temp Written Blocks": 0,
                                        "WAL Records": 0,
                                        "WAL FPI": 0,
                                        "WAL Bytes": 0
                                    }
                                ]
                            },
                            "Settings": {},
                            "Planning": {
                                "Shared Hit Blocks": 0,
                                "Shared Read Blocks": 0,
                                "Shared Dirtied Blocks": 0,
                                "Shared Written Blocks": 0,
                                "Local Hit Blocks": 0,
                                "Local Read Blocks": 0,
                                "Local Dirtied Blocks": 0,
                                "Local Written Blocks": 0,
                                "Temp Read Blocks": 0,
                                "Temp Written Blocks": 0
                            },
                            "Planning Time": 0.086,
                            "Triggers": [],
                            "Execution Time": 198.413
                        },
                        "any_explanation": {
                            "Plan": {
                                "Node Type": "Seq Scan",
                                "Parallel Aware": false,
                                "Async Capable": false,
                                "Relation Name": "tests_benchmark_booltester015",
                                "Schema": "public",
                                "Alias": "tests_benchmark_booltester015",
                                "Startup Cost": 0.0,
                                "Total Cost": 32739.01,
                                "Plan Rows": 1500001,
                                "Plan Width": 24,
                                "Actual Startup Time": 0.004,
                                "Actual Total Time": 147.802,
                                "Actual Rows": 1499195,
                                "Actual Loops": 1,
                                "Output": [
                                    "id",
                                    "flg_0",
                                    "flg_1",
                                    "flg_2",
                                    "flg_3",
                                    "flg_4",
                                    "flg_5",
                                    "flg_6",
                                    "flg_7",
                                    "flg_8",
                                    "flg_9",
                                    "flg_10",
                                    "flg_11",
                                    "flg_12",
                                    "flg_13",
                                    "flg_14",
                                    "flg_15"
                                ],
                                "Filter": "(tests_benchmark_booltester015.flg_2 OR tests_benchmark_booltester015.flg_14)",
                                "Rows Removed by Filter": 500806,
                                "Shared Hit Blocks": 12739,
                                "Shared Read Blocks": 0,
                                "Shared Dirtied Blocks": 0,
                                "Shared Written Blocks": 0,
                                "Local Hit Blocks": 0,
                                "Local Read Blocks": 0,
                                "Local Dirtied Blocks": 0,
                                "Local Written Blocks": 0,
                                "Temp Read Blocks": 0,
                                "Temp Written Blocks": 0,
                                "WAL Records": 0,
                                "WAL FPI": 0,
                                "WAL Bytes": 0
                            },
                            "Settings": {},
                            "Planning": {
                                "Shared Hit Blocks": 0,
                                "Shared Read Blocks": 0,
                                "Shared Dirtied Blocks": 0,
                                "Shared Written Blocks": 0,
                                "Local Hit Blocks": 0,
                                "Local Read Blocks": 0,
                                "Local Dirtied Blocks": 0,
                                "Local Written Blocks": 0,
                                "Temp Read Blocks": 0,
                                "Temp Written Blocks": 0
                            },
                            "Planning Time": 0.037,
                            "Triggers": [],
                            "Execution Time": 178.248
                        },
                        "exact_explanation": {
                            "Plan": {
                                "Node Type": "Bitmap Heap Scan",
                                "Parallel Aware": false,
                                "Async Capable": false,
                                "Relation Name": "tests_benchmark_booltester015",
                                "Schema": "public",
                                "Alias": "tests_benchmark_booltester015",
                                "Startup Cost": 5.83,
                                "Total Cost": 125.55,
                                "Plan Rows": 31,
                                "Plan Width": 24,
                                "Actual Startup Time": 0.007,
                                "Actual Total Time": 0.017,
                                "Actual Rows": 39,
                                "Actual Loops": 1,
                                "Output": [
                                    "id",
                                    "flg_0",
                                    "flg_1",
                                    "flg_2",
                                    "flg_3",
                                    "flg_4",
                                    "flg_5",
                                    "flg_6",
                                    "flg_7",
                                    "flg_8",
                                    "flg_9",
                                    "flg_10",
                                    "flg_11",
                                    "flg_12",
                                    "flg_13",
                                    "flg_14",
                                    "flg_15"
                                ],
                                "Filter": "((NOT tests_benchmark_booltester015.flg_0) AND (NOT tests_benchmark_booltester015.flg_1) AND tests_benchmark_booltester015.flg_2 AND (NOT tests_benchmark_booltester015.flg_3) AND (NOT tests_benchmark_booltester015.flg_4) AND (NOT tests_benchmark_booltester015.flg_5) AND (NOT tests_benchmark_booltester015.flg_6) AND (NOT tests_benchmark_booltester015.flg_7) AND (NOT tests_benchmark_booltester015.flg_8) AND (NOT tests_benchmark_booltester015.flg_9) AND (NOT tests_benchmark_booltester015.flg_10) AND (NOT tests_benchmark_booltester015.flg_11) AND (NOT tests_benchmark_booltester015.flg_12) AND (NOT tests_benchmark_booltester015.flg_13) AND tests_benchmark_booltester015.flg_14 AND (NOT tests_benchmark_booltester015.flg_15))",
                                "Rows Removed by Filter": 0,
                                "Exact Heap Blocks": 39,
                                "Lossy Heap Blocks": 0,
                                "Shared Hit Blocks": 42,
                                "Shared Read Blocks": 0,
                                "Shared Dirtied Blocks": 0,
                                "Shared Written Blocks": 0,
                                "Local Hit Blocks": 0,
                                "Local Read Blocks": 0,
                                "Local Dirtied Blocks": 0,
                                "Local Written Blocks": 0,
                                "Temp Read Blocks": 0,
                                "Temp Written Blocks": 0,
                                "WAL Records": 0,
                                "WAL FPI": 0,
                                "WAL Bytes": 0,
                                "Plans": [
                                    {
                                        "Node Type": "Bitmap Index Scan",
                                        "Parent Relationship": "Outer",
                                        "Parallel Aware": false,
                                        "Async Capable": false,
                                        "Index Name": "bool_multi",
                                        "Startup Cost": 0.0,
                                        "Total Cost": 5.82,
                                        "Plan Rows": 31,
                                        "Plan Width": 0,
                                        "Actual Startup Time": 0.004,
                                        "Actual Total Time": 0.004,
                                        "Actual Rows": 39,
                                        "Actual Loops": 1,
                                        "Index Cond": "((tests_benchmark_booltester015.flg_0 = false) AND (tests_benchmark_booltester015.flg_1 = false) AND (tests_benchmark_booltester015.flg_2 = true) AND (tests_benchmark_booltester015.flg_3 = false) AND (tests_benchmark_booltester015.flg_4 = false) AND (tests_benchmark_booltester015.flg_5 = false) AND (tests_benchmark_booltester015.flg_6 = false) AND (tests_benchmark_booltester015.flg_7 = false) AND (tests_benchmark_booltester015.flg_8 = false) AND (tests_benchmark_booltester015.flg_9 = false) AND (tests_benchmark_booltester015.flg_10 = false) AND (tests_benchmark_booltester015.flg_11 = false) AND (tests_benchmark_booltester015.flg_12 = false) AND (tests_benchmark_booltester015.flg_13 = false) AND (tests_benchmark_booltester015.flg_14 = true) AND (tests_benchmark_booltester015.flg_15 = false))",
                                        "Shared Hit Blocks": 3,
                                        "Shared Read Blocks": 0,
                                        "Shared Dirtied Blocks": 0,
                                        "Shared Written Blocks": 0,
                                        "Local Hit Blocks": 0,
                                        "Local Read Blocks": 0,
                                        "Local Dirtied Blocks": 0,
                                        "Local Written Blocks": 0,
                                        "Temp Read Blocks": 0,
                                        "Temp Written Blocks": 0,
                                        "WAL Records": 0,
                                        "WAL FPI": 0,
                                        "WAL Bytes": 0
                                    }
                                ]
                            },
                            "Settings": {},
                            "Planning": {
                                "Shared Hit Blocks": 0,
                                "Shared Read Blocks": 0,
                                "Shared Dirtied Blocks": 0,
                                "Shared Written Blocks": 0,
                                "Local Hit Blocks": 0,
                                "Local Read Blocks": 0,
                                "Local Dirtied Blocks": 0,
                                "Local Written Blocks": 0,
                                "Temp Read Blocks": 0,
                                "Temp Written Blocks": 0
                            },
                            "Planning Time": 0.032,
                            "Triggers": [],
                            "Execution Time": 0.023
                        },
                        "all_ftr_time": 0.029903600000000002,
                        "any_ftr_time": 0.1982894,
                        "exact_ftr_time": 3.0300000000000005e-05
                    },
                    "4000000": {
                        "all_time": 0.043277941609267144,
                        "any_time": 0.5376771125243976,
                        "exact_time": 0.004773700097575784,
                        "table_size": 327155712.0,
                        "index_time": 4.296845666016452,
                        "all_explanation": {
                            "Plan": {
                                "Node Type": "Bitmap Heap Scan",
                                "Parallel Aware": false,
                                "Async Capable": false,
                                "Relation Name": "tests_benchmark_booltester015",
                                "Schema": "public",
                                "Alias": "tests_benchmark_booltester015",
                                "Startup Cost": 12873.65,
                                "Total Cost": 43039.15,
                                "Plan Rows": 125000,
                                "Plan Width": 24,
                                "Actual Startup Time": 11.036,
                                "Actual Total Time": 66.653,
                                "Actual Rows": 125360,
                                "Actual Loops": 1,
                                "Output": [
                                    "id",
                                    "flg_0",
                                    "flg_1",
                                    "flg_2",
                                    "flg_3",
                                    "flg_4",
                                    "flg_5",
                                    "flg_6",
                                    "flg_7",
                                    "flg_8",
                                    "flg_9",
                                    "flg_10",
                                    "flg_11",
                                    "flg_12",
                                    "flg_13",
                                    "flg_14",
                                    "flg_15"
                                ],
                                "Recheck Cond": "((tests_benchmark_booltester015.flg_0 = ANY ('{t,f}'::boolean[])) AND (tests_benchmark_booltester015.flg_2 = ANY ('{t,f}'::boolean[])) AND (tests_benchmark_booltester015.flg_3 = ANY ('{t,f}'::boolean[])) AND (tests_benchmark_booltester015.flg_4 = ANY ('{t,f}'::boolean[])) AND (tests_benchmark_booltester015.flg_5 = ANY ('{t,f}'::boolean[])) AND (tests_benchmark_booltester015.flg_6 = ANY ('{t,f}'::boolean[])) AND (tests_benchmark_booltester015.flg_8 = ANY ('{t,f}'::boolean[])) AND (tests_benchmark_booltester015.flg_10 = ANY ('{t,f}'::boolean[])) AND (tests_benchmark_booltester015.flg_13 = ANY ('{t,f}'::boolean[])) AND (tests_benchmark_booltester015.flg_14 = ANY ('{t,f}'::boolean[])) AND (tests_benchmark_booltester015.flg_15 = ANY ('{t,f}'::boolean[])))",
                                "Rows Removed by Index Recheck": 0,
                                "Filter": "(tests_benchmark_booltester015.flg_1 AND tests_benchmark_booltester015.flg_7 AND tests_benchmark_booltester015.flg_9 AND tests_benchmark_booltester015.flg_11 AND tests_benchmark_booltester015.flg_12)",
                                "Rows Removed by Filter": 0,
                                "Exact Heap Blocks": 25288,
                                "Lossy Heap Blocks": 0,
                                "Shared Hit Blocks": 6131,
                                "Shared Read Blocks": 25301,
                                "Shared Dirtied Blocks": 0,
                                "Shared Written Blocks": 4,
                                "Local Hit Blocks": 0,
                                "Local Read Blocks": 0,
                                "Local Dirtied Blocks": 0,
                                "Local Written Blocks": 0,
                                "Temp Read Blocks": 0,
                                "Temp Written Blocks": 0,
                                "WAL Records": 0,
                                "WAL FPI": 0,
                                "WAL Bytes": 0,
                                "Plans": [
                                    {
                                        "Node Type": "Bitmap Index Scan",
                                        "Parent Relationship": "Outer",
                                        "Parallel Aware": false,
                                        "Async Capable": false,
                                        "Index Name": "bool_multi",
                                        "Startup Cost": 0.0,
                                        "Total Cost": 12842.4,
                                        "Plan Rows": 125000,
                                        "Plan Width": 0,
                                        "Actual Startup Time": 8.745,
                                        "Actual Total Time": 8.745,
                                        "Actual Rows": 125360,
                                        "Actual Loops": 1,
                                        "Index Cond": "((tests_benchmark_booltester015.flg_0 = ANY ('{t,f}'::boolean[])) AND (tests_benchmark_booltester015.flg_1 = true) AND (tests_benchmark_booltester015.flg_2 = ANY ('{t,f}'::boolean[])) AND (tests_benchmark_booltester015.flg_3 = ANY ('{t,f}'::boolean[])) AND (tests_benchmark_booltester015.flg_4 = ANY ('{t,f}'::boolean[])) AND (tests_benchmark_booltester015.flg_5 = ANY ('{t,f}'::boolean[])) AND (tests_benchmark_booltester015.flg_6 = ANY ('{t,f}'::boolean[])) AND (tests_benchmark_booltester015.flg_7 = true) AND (tests_benchmark_booltester015.flg_8 = ANY ('{t,f}'::boolean[])) AND (tests_benchmark_booltester015.flg_9 = true) AND (tests_benchmark_booltester015.flg_10 = ANY ('{t,f}'::boolean[])) AND (tests_benchmark_booltester015.flg_11 = true) AND (tests_benchmark_booltester015.flg_12 = true) AND (tests_benchmark_booltester015.flg_13 = ANY ('{t,f}'::boolean[])) AND (tests_benchmark_booltester015.flg_14 = ANY ('{t,f}'::boolean[])) AND (tests_benchmark_booltester015.flg_15 = ANY ('{t,f}'::boolean[])))",
                                        "Shared Hit Blocks": 6108,
                                        "Shared Read Blocks": 36,
                                        "Shared Dirtied Blocks": 0,
                                        "Shared Written Blocks": 0,
                                        "Local Hit Blocks": 0,
                                        "Local Read Blocks": 0,
                                        "Local Dirtied Blocks": 0,
                                        "Local Written Blocks": 0,
                                        "Temp Read Blocks": 0,
                                        "Temp Written Blocks": 0,
                                        "WAL Records": 0,
                                        "WAL FPI": 0,
                                        "WAL Bytes": 0
                                    }
                                ]
                            },
                            "Settings": {},
                            "Planning": {
                                "Shared Hit Blocks": 0,
                                "Shared Read Blocks": 0,
                                "Shared Dirtied Blocks": 0,
                                "Shared Written Blocks": 0,
                                "Local Hit Blocks": 0,
                                "Local Read Blocks": 0,
                                "Local Dirtied Blocks": 0,
                                "Local Written Blocks": 0,
                                "Temp Read Blocks": 0,
                                "Temp Written Blocks": 0
                            },
                            "Planning Time": 0.087,
                            "Triggers": [],
                            "Execution Time": 69.313
                        },
                        "any_explanation": {
                            "Plan": {
                                "Node Type": "Seq Scan",
                                "Parallel Aware": false,
                                "Async Capable": false,
                                "Relation Name": "tests_benchmark_booltester015",
                                "Schema": "public",
                                "Alias": "tests_benchmark_booltester015",
                                "Startup Cost": 0.0,
                                "Total Cost": 65478.01,
                                "Plan Rows": 3875001,
                                "Plan Width": 24,
                                "Actual Startup Time": 0.134,
                                "Actual Total Time": 305.307,
                                "Actual Rows": 3874971,
                                "Actual Loops": 1,
                                "Output": [
                                    "id",
                                    "flg_0",
                                    "flg_1",
                                    "flg_2",
                                    "flg_3",
                                    "flg_4",
                                    "flg_5",
                                    "flg_6",
                                    "flg_7",
                                    "flg_8",
                                    "flg_9",
                                    "flg_10",
                                    "flg_11",
                                    "flg_12",
                                    "flg_13",
                                    "flg_14",
                                    "flg_15"
                                ],
                                "Filter": "(tests_benchmark_booltester015.flg_1 OR tests_benchmark_booltester015.flg_7 OR tests_benchmark_booltester015.flg_9 OR tests_benchmark_booltester015.flg_11 OR tests_benchmark_booltester015.flg_12)",
                                "Rows Removed by Filter": 125030,
                                "Shared Hit Blocks": 15973,
                                "Shared Read Blocks": 9505,
                                "Shared Dirtied Blocks": 0,
                                "Shared Written Blocks": 0,
                                "Local Hit Blocks": 0,
                                "Local Read Blocks": 0,
                                "Local Dirtied Blocks": 0,
                                "Local Written Blocks": 0,
                                "Temp Read Blocks": 0,
                                "Temp Written Blocks": 0,
                                "WAL Records": 0,
                                "WAL FPI": 0,
                                "WAL Bytes": 0
                            },
                            "Settings": {},
                            "Planning": {
                                "Shared Hit Blocks": 0,
                                "Shared Read Blocks": 0,
                                "Shared Dirtied Blocks": 0,
                                "Shared Written Blocks": 0,
                                "Local Hit Blocks": 0,
                                "Local Read Blocks": 0,
                                "Local Dirtied Blocks": 0,
                                "Local Written Blocks": 0,
                                "Temp Read Blocks": 0,
                                "Temp Written Blocks": 0
                            },
                            "Planning Time": 0.041,
                            "Triggers": [],
                            "Execution Time": 384.29
                        },
                        "exact_explanation": {
                            "Plan": {
                                "Node Type": "Bitmap Heap Scan",
                                "Parallel Aware": false,
                                "Async Capable": false,
                                "Relation Name": "tests_benchmark_booltester015",
                                "Schema": "public",
                                "Alias": "tests_benchmark_booltester015",
                                "Startup Cost": 7.19,
                                "Total Cost": 242.85,
                                "Plan Rows": 61,
                                "Plan Width": 24,
                                "Actual Startup Time": 0.011,
                                "Actual Total Time": 0.026,
                                "Actual Rows": 64,
                                "Actual Loops": 1,
                                "Output": [
                                    "id",
                                    "flg_0",
                                    "flg_1",
                                    "flg_2",
                                    "flg_3",
                                    "flg_4",
                                    "flg_5",
                                    "flg_6",
                                    "flg_7",
                                    "flg_8",
                                    "flg_9",
                                    "flg_10",
                                    "flg_11",
                                    "flg_12",
                                    "flg_13",
                                    "flg_14",
                                    "flg_15"
                                ],
                                "Filter": "((NOT tests_benchmark_booltester015.flg_0) AND tests_benchmark_booltester015.flg_1 AND (NOT tests_benchmark_booltester015.flg_2) AND (NOT tests_benchmark_booltester015.flg_3) AND (NOT tests_benchmark_booltester015.flg_4) AND (NOT tests_benchmark_booltester015.flg_5) AND (NOT tests_benchmark_booltester015.flg_6) AND tests_benchmark_booltester015.flg_7 AND (NOT tests_benchmark_booltester015.flg_8) AND tests_benchmark_booltester015.flg_9 AND (NOT tests_benchmark_booltester015.flg_10) AND tests_benchmark_booltester015.flg_11 AND tests_benchmark_booltester015.flg_12 AND (NOT tests_benchmark_booltester015.flg_13) AND (NOT tests_benchmark_booltester015.flg_14) AND (NOT tests_benchmark_booltester015.flg_15))",
                                "Rows Removed by Filter": 0,
                                "Exact Heap Blocks": 64,
                                "Lossy Heap Blocks": 0,
                                "Shared Hit Blocks": 67,
                                "Shared Read Blocks": 0,
                                "Shared Dirtied Blocks": 0,
                                "Shared Written Blocks": 0,
                                "Local Hit Blocks": 0,
                                "Local Read Blocks": 0,
                                "Local Dirtied Blocks": 0,
                                "Local Written Blocks": 0,
                                "Temp Read Blocks": 0,
                                "Temp Written Blocks": 0,
                                "WAL Records": 0,
                                "WAL FPI": 0,
                                "WAL Bytes": 0,
                                "Plans": [
                                    {
                                        "Node Type": "Bitmap Index Scan",
                                        "Parent Relationship": "Outer",
                                        "Parallel Aware": false,
                                        "Async Capable": false,
                                        "Index Name": "bool_multi",
                                        "Startup Cost": 0.0,
                                        "Total Cost": 7.17,
                                        "Plan Rows": 61,
                                        "Plan Width": 0,
                                        "Actual Startup Time": 0.005,
                                        "Actual Total Time": 0.005,
                                        "Actual Rows": 64,
                                        "Actual Loops": 1,
                                        "Index Cond": "((tests_benchmark_booltester015.flg_0 = false) AND (tests_benchmark_booltester015.flg_1 = true) AND (tests_benchmark_booltester015.flg_2 = false) AND (tests_benchmark_booltester015.flg_3 = false) AND (tests_benchmark_booltester015.flg_4 = false) AND (tests_benchmark_booltester015.flg_5 = false) AND (tests_benchmark_booltester015.flg_6 = false) AND (tests_benchmark_booltester015.flg_7 = true) AND (tests_benchmark_booltester015.flg_8 = false) AND (tests_benchmark_booltester015.flg_9 = true) AND (tests_benchmark_booltester015.flg_10 = false) AND (tests_benchmark_booltester015.flg_11 = true) AND (tests_benchmark_booltester015.flg_12 = true) AND (tests_benchmark_booltester015.flg_13 = false) AND (tests_benchmark_booltester015.flg_14 = false) AND (tests_benchmark_booltester015.flg_15 = false))",
                                        "Shared Hit Blocks": 3,
                                        "Shared Read Blocks": 0,
                                        "Shared Dirtied Blocks": 0,
                                        "Shared Written Blocks": 0,
                                        "Local Hit Blocks": 0,
                                        "Local Read Blocks": 0,
                                        "Local Dirtied Blocks": 0,
                                        "Local Written Blocks": 0,
                                        "Temp Read Blocks": 0,
                                        "Temp Written Blocks": 0,
                                        "WAL Records": 0,
                                        "WAL FPI": 0,
                                        "WAL Bytes": 0
                                    }
                                ]
                            },
                            "Settings": {},
                            "Planning": {
                                "Shared Hit Blocks": 0,
                                "Shared Read Blocks": 0,
                                "Shared Dirtied Blocks": 0,
                                "Shared Written Blocks": 0,
                                "Local Hit Blocks": 0,
                                "Local Read Blocks": 0,
                                "Local Dirtied Blocks": 0,
                                "Local Written Blocks": 0,
                                "Temp Read Blocks": 0,
                                "Temp Written Blocks": 0
                            },
                            "Planning Time": 0.035,
                            "Triggers": [],
                            "Execution Time": 0.034
                        },
                        "all_ftr_time": 0.0312411,
                        "any_ftr_time": 0.40764249999999996,
                        "exact_ftr_time": 3.9e-05
                    },
                    "6000000": {
                        "all_time": 0.07612172488588839,
                        "any_time": 0.7976185793289915,
                        "exact_time": 0.005178629094734788,
                        "table_size": 490733568.0,
                        "index_time": 6.457487124949694,
                        "all_explanation": {
                            "Plan": {
                                "Node Type": "Bitmap Heap Scan",
                                "Parallel Aware": false,
                                "Async Capable": false,
                                "Relation Name": "tests_benchmark_booltester015",
                                "Schema": "public",
                                "Alias": "tests_benchmark_booltester015",
                                "Startup Cost": 1096.21,
                                "Total Cost": 26346.15,
                                "Plan Rows": 11719,
                                "Plan Width": 24,
                                "Actual Startup Time": 1.92,
                                "Actual Total Time": 7.36,
                                "Actual Rows": 11818,
                                "Actual Loops": 1,
                                "Output": [
                                    "id",
                                    "flg_0",
                                    "flg_1",
                                    "flg_2",
                                    "flg_3",
                                    "flg_4",
                                    "flg_5",
                                    "flg_6",
                                    "flg_7",
                                    "flg_8",
                                    "flg_9",
                                    "flg_10",
                                    "flg_11",
                                    "flg_12",
                                    "flg_13",
                                    "flg_14",
                                    "flg_15"
                                ],
                                "Recheck Cond": "((tests_benchmark_booltester015.flg_2 = ANY ('{t,f}'::boolean[])) AND (tests_benchmark_booltester015.flg_3 = ANY ('{t,f}'::boolean[])) AND (tests_benchmark_booltester015.flg_5 = ANY ('{t,f}'::boolean[])) AND (tests_benchmark_booltester015.flg_9 = ANY ('{t,f}'::boolean[])) AND (tests_benchmark_booltester015.flg_10 = ANY ('{t,f}'::boolean[])) AND (tests_benchmark_booltester015.flg_12 = ANY ('{t,f}'::boolean[])) AND (tests_benchmark_booltester015.flg_14 = ANY ('{t,f}'::boolean[])))",
                                "Rows Removed by Index Recheck": 0,
                                "Filter": "(tests_benchmark_booltester015.flg_0 AND tests_benchmark_booltester015.flg_1 AND tests_benchmark_booltester015.flg_4 AND tests_benchmark_booltester015.flg_6 AND tests_benchmark_booltester015.flg_7 AND tests_benchmark_booltester015.flg_8 AND tests_benchmark_booltester015.flg_11 AND tests_benchmark_booltester015.flg_13 AND tests_benchmark_booltester015.flg_15)",
                                "Rows Removed by Filter": 0,
                                "Exact Heap Blocks": 10135,
                                "Lossy Heap Blocks": 0,
                                "Shared Hit Blocks": 10519,
                                "Shared Read Blocks": 0,
                                "Shared Dirtied Blocks": 0,
                                "Shared Written Blocks": 0,
                                "Local Hit Blocks": 0,
                                "Local Read Blocks": 0,
                                "Local Dirtied Blocks": 0,
                                "Local Written Blocks": 0,
                                "Temp Read Blocks": 0,
                                "Temp Written Blocks": 0,
                                "WAL Records": 0,
                                "WAL FPI": 0,
                                "WAL Bytes": 0,
                                "Plans": [
                                    {
                                        "Node Type": "Bitmap Index Scan",
                                        "Parent Relationship": "Outer",
                                        "Parallel Aware": false,
                                        "Async Capable": false,
                                        "Index Name": "bool_multi",
                                        "Startup Cost": 0.0,
                                        "Total Cost": 1093.28,
                                        "Plan Rows": 11719,
                                        "Plan Width": 0,
                                        "Actual Startup Time": 1.08,
                                        "Actual Total Time": 1.08,
                                        "Actual Rows": 11818,
                                        "Actual Loops": 1,
                                        "Index Cond": "((tests_benchmark_booltester015.flg_0 = true) AND (tests_benchmark_booltester015.flg_1 = true) AND (tests_benchmark_booltester015.flg_2 = ANY ('{t,f}'::boolean[])) AND (tests_benchmark_booltester015.flg_3 = ANY ('{t,f}'::boolean[])) AND (tests_benchmark_booltester015.flg_4 = true) AND (tests_benchmark_booltester015.flg_5 = ANY ('{t,f}'::boolean[])) AND (tests_benchmark_booltester015.flg_6 = true) AND (tests_benchmark_booltester015.flg_7 = true) AND (tests_benchmark_booltester015.flg_8 = true) AND (tests_benchmark_booltester015.flg_9 = ANY ('{t,f}'::boolean[])) AND (tests_benchmark_booltester015.flg_10 = ANY ('{t,f}'::boolean[])) AND (tests_benchmark_booltester015.flg_11 = true) AND (tests_benchmark_booltester015.flg_12 = ANY ('{t,f}'::boolean[])) AND (tests_benchmark_booltester015.flg_13 = true) AND (tests_benchmark_booltester015.flg_14 = ANY ('{t,f}'::boolean[])) AND (tests_benchmark_booltester015.flg_15 = true))",
                                        "Shared Hit Blocks": 384,
                                        "Shared Read Blocks": 0,
                                        "Shared Dirtied Blocks": 0,
                                        "Shared Written Blocks": 0,
                                        "Local Hit Blocks": 0,
                                        "Local Read Blocks": 0,
                                        "Local Dirtied Blocks": 0,
                                        "Local Written Blocks": 0,
                                        "Temp Read Blocks": 0,
                                        "Temp Written Blocks": 0,
                                        "WAL Records": 0,
                                        "WAL FPI": 0,
                                        "WAL Bytes": 0
                                    }
                                ]
                            },
                            "Settings": {},
                            "Planning": {
                                "Shared Hit Blocks": 0,
                                "Shared Read Blocks": 0,
                                "Shared Dirtied Blocks": 0,
                                "Shared Written Blocks": 0,
                                "Local Hit Blocks": 0,
                                "Local Read Blocks": 0,
                                "Local Dirtied Blocks": 0,
                                "Local Written Blocks": 0,
                                "Temp Read Blocks": 0,
                                "Temp Written Blocks": 0
                            },
                            "Planning Time": 0.103,
                            "Triggers": [],
                            "Execution Time": 7.628
                        },
                        "any_explanation": {
                            "Plan": {
                                "Node Type": "Seq Scan",
                                "Parallel Aware": false,
                                "Async Capable": false,
                                "Relation Name": "tests_benchmark_booltester015",
                                "Schema": "public",
                                "Alias": "tests_benchmark_booltester015",
                                "Startup Cost": 0.0,
                                "Total Cost": 98217.01,
                                "Plan Rows": 5988282,
                                "Plan Width": 24,
                                "Actual Startup Time": 0.095,
                                "Actual Total Time": 517.006,
                                "Actual Rows": 5988184,
                                "Actual Loops": 1,
                                "Output": [
                                    "id",
                                    "flg_0",
                                    "flg_1",
                                    "flg_2",
                                    "flg_3",
                                    "flg_4",
                                    "flg_5",
                                    "flg_6",
                                    "flg_7",
                                    "flg_8",
                                    "flg_9",
                                    "flg_10",
                                    "flg_11",
                                    "flg_12",
                                    "flg_13",
                                    "flg_14",
                                    "flg_15"
                                ],
                                "Filter": "(tests_benchmark_booltester015.flg_0 OR tests_benchmark_booltester015.flg_1 OR tests_benchmark_booltester015.flg_4 OR tests_benchmark_booltester015.flg_6 OR tests_benchmark_booltester015.flg_7 OR tests_benchmark_booltester015.flg_8 OR tests_benchmark_booltester015.flg_11 OR tests_benchmark_booltester015.flg_13 OR tests_benchmark_booltester015.flg_15)",
                                "Rows Removed by Filter": 11817,
                                "Shared Hit Blocks": 16154,
                                "Shared Read Blocks": 22063,
                                "Shared Dirtied Blocks": 0,
                                "Shared Written Blocks": 0,
                                "Local Hit Blocks": 0,
                                "Local Read Blocks": 0,
                                "Local Dirtied Blocks": 0,
                                "Local Written Blocks": 0,
                                "Temp Read Blocks": 0,
                                "Temp Written Blocks": 0,
                                "WAL Records": 0,
                                "WAL FPI": 0,
                                "WAL Bytes": 0
                            },
                            "Settings": {},
                            "Planning": {
                                "Shared Hit Blocks": 0,
                                "Shared Read Blocks": 0,
                                "Shared Dirtied Blocks": 0,
                                "Shared Written Blocks": 0,
                                "Local Hit Blocks": 0,
                                "Local Read Blocks": 0,
                                "Local Dirtied Blocks": 0,
                                "Local Written Blocks": 0,
                                "Temp Read Blocks": 0,
                                "Temp Written Blocks": 0
                            },
                            "Planning Time": 0.046,
                            "Triggers": [],
                            "Execution Time": 638.614
                        },
                        "exact_explanation": {
                            "Plan": {
                                "Node Type": "Bitmap Heap Scan",
                                "Parallel Aware": false,
                                "Async Capable": false,
                                "Relation Name": "tests_benchmark_booltester015",
                                "Schema": "public",
                                "Alias": "tests_benchmark_booltester015",
                                "Startup Cost": 8.6,
                                "Total Cost": 363.97,
                                "Plan Rows": 92,
                                "Plan Width": 24,
                                "Actual Startup Time": 0.013,
                                "Actual Total Time": 0.034,
                                "Actual Rows": 88,
                                "Actual Loops": 1,
                                "Output": [
                                    "id",
                                    "flg_0",
                                    "flg_1",
                                    "flg_2",
                                    "flg_3",
                                    "flg_4",
                                    "flg_5",
                                    "flg_6",
                                    "flg_7",
                                    "flg_8",
                                    "flg_9",
                                    "flg_10",
                                    "flg_11",
                                    "flg_12",
                                    "flg_13",
                                    "flg_14",
                                    "flg_15"
                                ],
                                "Filter": "(tests_benchmark_booltester015.flg_0 AND tests_benchmark_booltester015.flg_1 AND (NOT tests_benchmark_booltester015.flg_2) AND (NOT tests_benchmark_booltester015.flg_3) AND tests_benchmark_booltester015.flg_4 AND (NOT tests_benchmark_booltester015.flg_5) AND tests_benchmark_booltester015.flg_6 AND tests_benchmark_booltester015.flg_7 AND tests_benchmark_booltester015.flg_8 AND (NOT tests_benchmark_booltester015.flg_9) AND (NOT tests_benchmark_booltester015.flg_10) AND tests_benchmark_booltester015.flg_11 AND (NOT tests_benchmark_booltester015.flg_12) AND tests_benchmark_booltester015.flg_13 AND (NOT tests_benchmark_booltester015.flg_14) AND tests_benchmark_booltester015.flg_15)",
                                "Rows Removed by Filter": 0,
                                "Exact Heap Blocks": 88,
                                "Lossy Heap Blocks": 0,
                                "Shared Hit Blocks": 91,
                                "Shared Read Blocks": 0,
                                "Shared Dirtied Blocks": 0,
                                "Shared Written Blocks": 0,
                                "Local Hit Blocks": 0,
                                "Local Read Blocks": 0,
                                "Local Dirtied Blocks": 0,
                                "Local Written Blocks": 0,
                                "Temp Read Blocks": 0,
                                "Temp Written Blocks": 0,
                                "WAL Records": 0,
                                "WAL FPI": 0,
                                "WAL Bytes": 0,
                                "Plans": [
                                    {
                                        "Node Type": "Bitmap Index Scan",
                                        "Parent Relationship": "Outer",
                                        "Parallel Aware": false,
                                        "Async Capable": false,
                                        "Index Name": "bool_multi",
                                        "Startup Cost": 0.0,
                                        "Total Cost": 8.57,
                                        "Plan Rows": 92,
                                        "Plan Width": 0,
                                        "Actual Startup Time": 0.005,
                                        "Actual Total Time": 0.005,
                                        "Actual Rows": 88,
                                        "Actual Loops": 1,
                                        "Index Cond": "((tests_benchmark_booltester015.flg_0 = true) AND (tests_benchmark_booltester015.flg_1 = true) AND (tests_benchmark_booltester015.flg_2 = false) AND (tests_benchmark_booltester015.flg_3 = false) AND (tests_benchmark_booltester015.flg_4 = true) AND (tests_benchmark_booltester015.flg_5 = false) AND (tests_benchmark_booltester015.flg_6 = true) AND (tests_benchmark_booltester015.flg_7 = true) AND (tests_benchmark_booltester015.flg_8 = true) AND (tests_benchmark_booltester015.flg_9 = false) AND (tests_benchmark_booltester015.flg_10 = false) AND (tests_benchmark_booltester015.flg_11 = true) AND (tests_benchmark_booltester015.flg_12 = false) AND (tests_benchmark_booltester015.flg_13 = true) AND (tests_benchmark_booltester015.flg_14 = false) AND (tests_benchmark_booltester015.flg_15 = true))",
                                        "Shared Hit Blocks": 3,
                                        "Shared Read Blocks": 0,
                                        "Shared Dirtied Blocks": 0,
                                        "Shared Written Blocks": 0,
                                        "Local Hit Blocks": 0,
                                        "Local Read Blocks": 0,
                                        "Local Dirtied Blocks": 0,
                                        "Local Written Blocks": 0,
                                        "Temp Read Blocks": 0,
                                        "Temp Written Blocks": 0,
                                        "WAL Records": 0,
                                        "WAL FPI": 0,
                                        "WAL Bytes": 0
                                    }
                                ]
                            },
                            "Settings": {},
                            "Planning": {
                                "Shared Hit Blocks": 0,
                                "Shared Read Blocks": 0,
                                "Shared Dirtied Blocks": 0,
                                "Shared Written Blocks": 0,
                                "Local Hit Blocks": 0,
                                "Local Read Blocks": 0,
                                "Local Dirtied Blocks": 0,
                                "Local Written Blocks": 0,
                                "Temp Read Blocks": 0,
                                "Temp Written Blocks": 0
                            },
                            "Planning Time": 0.036,
                            "Triggers": [],
                            "Execution Time": 0.043
                        },
                        "all_ftr_time": 0.07996439999999999,
                        "any_ftr_time": 0.6075664000000001,
                        "exact_ftr_time": 4.2699999999999994e-05
                    },
                    "8000000": {
                        "all_time": 0.07552335008513182,
                        "any_time": 1.1016766251181251,
                        "exact_time": 0.0050825293059460815,
                        "table_size": 655360000.0,
                        "index_time": 8.441550542018376,
                        "all_explanation": {
                            "Plan": {
                                "Node Type": "Bitmap Heap Scan",
                                "Parallel Aware": false,
                                "Async Capable": false,
                                "Relation Name": "tests_benchmark_booltester015",
                                "Schema": "public",
                                "Alias": "tests_benchmark_booltester015",
                                "Startup Cost": 318.5,
                                "Total Cost": 12387.82,
                                "Plan Rows": 3906,
                                "Plan Width": 24,
                                "Actual Startup Time": 0.705,
                                "Actual Total Time": 2.627,
                                "Actual Rows": 3895,
                                "Actual Loops": 1,
                                "Output": [
                                    "id",
                                    "flg_0",
                                    "flg_1",
                                    "flg_2",
                                    "flg_3",
                                    "flg_4",
                                    "flg_5",
                                    "flg_6",
                                    "flg_7",
                                    "flg_8",
                                    "flg_9",
                                    "flg_10",
                                    "flg_11",
                                    "flg_12",
                                    "flg_13",
                                    "flg_14",
                                    "flg_15"
                                ],
                                "Recheck Cond": "((tests_benchmark_booltester015.flg_0 = ANY ('{t,f}'::boolean[])) AND (tests_benchmark_booltester015.flg_9 = ANY ('{t,f}'::boolean[])) AND (tests_benchmark_booltester015.flg_10 = ANY ('{t,f}'::boolean[])) AND (tests_benchmark_booltester015.flg_12 = ANY ('{t,f}'::boolean[])) AND (tests_benchmark_booltester015.flg_13 = ANY ('{t,f}'::boolean[])))",
                                "Rows Removed by Index Recheck": 0,
                                "Filter": "(tests_benchmark_booltester015.flg_1 AND tests_benchmark_booltester015.flg_2 AND tests_benchmark_booltester015.flg_3 AND tests_benchmark_booltester015.flg_4 AND tests_benchmark_booltester015.flg_5 AND tests_benchmark_booltester015.flg_6 AND tests_benchmark_booltester015.flg_7 AND tests_benchmark_booltester015.flg_8 AND tests_benchmark_booltester015.flg_11 AND tests_benchmark_booltester015.flg_14 AND tests_benchmark_booltester015.flg_15)",
                                "Rows Removed by Filter": 0,
                                "Exact Heap Blocks": 3757,
                                "Lossy Heap Blocks": 0,
                                "Shared Hit Blocks": 3853,
                                "Shared Read Blocks": 0,
                                "Shared Dirtied Blocks": 0,
                                "Shared Written Blocks": 0,
                                "Local Hit Blocks": 0,
                                "Local Read Blocks": 0,
                                "Local Dirtied Blocks": 0,
                                "Local Written Blocks": 0,
                                "Temp Read Blocks": 0,
                                "Temp Written Blocks": 0,
                                "WAL Records": 0,
                                "WAL FPI": 0,
                                "WAL Bytes": 0,
                                "Plans": [
                                    {
                                        "Node Type": "Bitmap Index Scan",
                                        "Parent Relationship": "Outer",
                                        "Parallel Aware": false,
                                        "Async Capable": false,
                                        "Index Name": "bool_multi",
                                        "Startup Cost": 0.0,
                                        "Total Cost": 317.52,
                                        "Plan Rows": 3906,
                                        "Plan Width": 0,
                                        "Actual Startup Time": 0.389,
                                        "Actual Total Time": 0.389,
                                        "Actual Rows": 3895,
                                        "Actual Loops": 1,
                                        "Index Cond": "((tests_benchmark_booltester015.flg_0 = ANY ('{t,f}'::boolean[])) AND (tests_benchmark_booltester015.flg_1 = true) AND (tests_benchmark_booltester015.flg_2 = true) AND (tests_benchmark_booltester015.flg_3 = true) AND (tests_benchmark_booltester015.flg_4 = true) AND (tests_benchmark_booltester015.flg_5 = true) AND (tests_benchmark_booltester015.flg_6 = true) AND (tests_benchmark_booltester015.flg_7 = true) AND (tests_benchmark_booltester015.flg_8 = true) AND (tests_benchmark_booltester015.flg_9 = ANY ('{t,f}'::boolean[])) AND (tests_benchmark_booltester015.flg_10 = ANY ('{t,f}'::boolean[])) AND (tests_benchmark_booltester015.flg_11 = true) AND (tests_benchmark_booltester015.flg_12 = ANY ('{t,f}'::boolean[])) AND (tests_benchmark_booltester015.flg_13 = ANY ('{t,f}'::boolean[])) AND (tests_benchmark_booltester015.flg_14 = true) AND (tests_benchmark_booltester015.flg_15 = true))",
                                        "Shared Hit Blocks": 96,
                                        "Shared Read Blocks": 0,
                                        "Shared Dirtied Blocks": 0,
                                        "Shared Written Blocks": 0,
                                        "Local Hit Blocks": 0,
                                        "Local Read Blocks": 0,
                                        "Local Dirtied Blocks": 0,
                                        "Local Written Blocks": 0,
                                        "Temp Read Blocks": 0,
                                        "Temp Written Blocks": 0,
                                        "WAL Records": 0,
                                        "WAL FPI": 0,
                                        "WAL Bytes": 0
                                    }
                                ]
                            },
                            "Settings": {},
                            "Planning": {
                                "Shared Hit Blocks": 0,
                                "Shared Read Blocks": 0,
                                "Shared Dirtied Blocks": 0,
                                "Shared Written Blocks": 0,
                                "Local Hit Blocks": 0,
                                "Local Read Blocks": 0,
                                "Local Dirtied Blocks": 0,
                                "Local Written Blocks": 0,
                                "Temp Read Blocks": 0,
                                "Temp Written Blocks": 0
                            },
                            "Planning Time": 0.082,
                            "Triggers": [],
                            "Execution Time": 2.72
                        },
                        "any_explanation": {
                            "Plan": {
                                "Node Type": "Seq Scan",
                                "Parallel Aware": false,
                                "Async Capable": false,
                                "Relation Name": "tests_benchmark_booltester015",
                                "Schema": "public",
                                "Alias": "tests_benchmark_booltester015",
                                "Startup Cost": 0.0,
                                "Total Cost": 130956.01,
                                "Plan Rows": 7996095,
                                "Plan Width": 24,
                                "Actual Startup Time": 0.12,
                                "Actual Total Time": 695.59,
                                "Actual Rows": 7996065,
                                "Actual Loops": 1,
                                "Output": [
                                    "id",
                                    "flg_0",
                                    "flg_1",
                                    "flg_2",
                                    "flg_3",
                                    "flg_4",
                                    "flg_5",
                                    "flg_6",
                                    "flg_7",
                                    "flg_8",
                                    "flg_9",
                                    "flg_10",
                                    "flg_11",
                                    "flg_12",
                                    "flg_13",
                                    "flg_14",
                                    "flg_15"
                                ],
                                "Filter": "(tests_benchmark_booltester015.flg_1 OR tests_benchmark_booltester015.flg_2 OR tests_benchmark_booltester015.flg_3 OR tests_benchmark_booltester015.flg_4 OR tests_benchmark_booltester015.flg_5 OR tests_benchmark_booltester015.flg_6 OR tests_benchmark_booltester015.flg_7 OR tests_benchmark_booltester015.flg_8 OR tests_benchmark_booltester015.flg_11 OR tests_benchmark_booltester015.flg_14 OR tests_benchmark_booltester015.flg_15)",
                                "Rows Removed by Filter": 3936,
                                "Shared Hit Blocks": 16241,
                                "Shared Read Blocks": 34715,
                                "Shared Dirtied Blocks": 0,
                                "Shared Written Blocks": 0,
                                "Local Hit Blocks": 0,
                                "Local Read Blocks": 0,
                                "Local Dirtied Blocks": 0,
                                "Local Written Blocks": 0,
                                "Temp Read Blocks": 0,
                                "Temp Written Blocks": 0,
                                "WAL Records": 0,
                                "WAL FPI": 0,
                                "WAL Bytes": 0
                            },
                            "Settings": {},
                            "Planning": {
                                "Shared Hit Blocks": 0,
                                "Shared Read Blocks": 0,
                                "Shared Dirtied Blocks": 0,
                                "Shared Written Blocks": 0,
                                "Local Hit Blocks": 0,
                                "Local Read Blocks": 0,
                                "Local Dirtied Blocks": 0,
                                "Local Written Blocks": 0,
                                "Temp Read Blocks": 0,
                                "Temp Written Blocks": 0
                            },
                            "Planning Time": 0.054,
                            "Triggers": [],
                            "Execution Time": 858.241
                        },
                        "exact_explanation": {
                            "Plan": {
                                "Node Type": "Bitmap Heap Scan",
                                "Parallel Aware": false,
                                "Async Capable": false,
                                "Relation Name": "tests_benchmark_booltester015",
                                "Schema": "public",
                                "Alias": "tests_benchmark_booltester015",
                                "Startup Cost": 9.95,
                                "Total Cost": 481.26,
                                "Plan Rows": 122,
                                "Plan Width": 24,
                                "Actual Startup Time": 0.018,
                                "Actual Total Time": 0.077,
                                "Actual Rows": 121,
                                "Actual Loops": 1,
                                "Output": [
                                    "id",
                                    "flg_0",
                                    "flg_1",
                                    "flg_2",
                                    "flg_3",
                                    "flg_4",
                                    "flg_5",
                                    "flg_6",
                                    "flg_7",
                                    "flg_8",
                                    "flg_9",
                                    "flg_10",
                                    "flg_11",
                                    "flg_12",
                                    "flg_13",
                                    "flg_14",
                                    "flg_15"
                                ],
                                "Filter": "((NOT tests_benchmark_booltester015.flg_0) AND tests_benchmark_booltester015.flg_1 AND tests_benchmark_booltester015.flg_2 AND tests_benchmark_booltester015.flg_3 AND tests_benchmark_booltester015.flg_4 AND tests_benchmark_booltester015.flg_5 AND tests_benchmark_booltester015.flg_6 AND tests_benchmark_booltester015.flg_7 AND tests_benchmark_booltester015.flg_8 AND (NOT tests_benchmark_booltester015.flg_9) AND (NOT tests_benchmark_booltester015.flg_10) AND tests_benchmark_booltester015.flg_11 AND (NOT tests_benchmark_booltester015.flg_12) AND (NOT tests_benchmark_booltester015.flg_13) AND tests_benchmark_booltester015.flg_14 AND tests_benchmark_booltester015.flg_15)",
                                "Rows Removed by Filter": 0,
                                "Exact Heap Blocks": 121,
                                "Lossy Heap Blocks": 0,
                                "Shared Hit Blocks": 124,
                                "Shared Read Blocks": 0,
                                "Shared Dirtied Blocks": 0,
                                "Shared Written Blocks": 0,
                                "Local Hit Blocks": 0,
                                "Local Read Blocks": 0,
                                "Local Dirtied Blocks": 0,
                                "Local Written Blocks": 0,
                                "Temp Read Blocks": 0,
                                "Temp Written Blocks": 0,
                                "WAL Records": 0,
                                "WAL FPI": 0,
                                "WAL Bytes": 0,
                                "Plans": [
                                    {
                                        "Node Type": "Bitmap Index Scan",
                                        "Parent Relationship": "Outer",
                                        "Parallel Aware": false,
                                        "Async Capable": false,
                                        "Index Name": "bool_multi",
                                        "Startup Cost": 0.0,
                                        "Total Cost": 9.92,
                                        "Plan Rows": 122,
                                        "Plan Width": 0,
                                        "Actual Startup Time": 0.008,
                                        "Actual Total Time": 0.009,
                                        "Actual Rows": 121,
                                        "Actual Loops": 1,
                                        "Index Cond": "((tests_benchmark_booltester015.flg_0 = false) AND (tests_benchmark_booltester015.flg_1 = true) AND (tests_benchmark_booltester015.flg_2 = true) AND (tests_benchmark_booltester015.flg_3 = true) AND (tests_benchmark_booltester015.flg_4 = true) AND (tests_benchmark_booltester015.flg_5 = true) AND (tests_benchmark_booltester015.flg_6 = true) AND (tests_benchmark_booltester015.flg_7 = true) AND (tests_benchmark_booltester015.flg_8 = true) AND (tests_benchmark_booltester015.flg_9 = false) AND (tests_benchmark_booltester015.flg_10 = false) AND (tests_benchmark_booltester015.flg_11 = true) AND (tests_benchmark_booltester015.flg_12 = false) AND (tests_benchmark_booltester015.flg_13 = false) AND (tests_benchmark_booltester015.flg_14 = true) AND (tests_benchmark_booltester015.flg_15 = true))",
                                        "Shared Hit Blocks": 3,
                                        "Shared Read Blocks": 0,
                                        "Shared Dirtied Blocks": 0,
                                        "Shared Written Blocks": 0,
                                        "Local Hit Blocks": 0,
                                        "Local Read Blocks": 0,
                                        "Local Dirtied Blocks": 0,
                                        "Local Written Blocks": 0,
                                        "Temp Read Blocks": 0,
                                        "Temp Written Blocks": 0,
                                        "WAL Records": 0,
                                        "WAL FPI": 0,
                                        "WAL Bytes": 0
                                    }
                                ]
                            },
                            "Settings": {},
                            "Planning": {
                                "Shared Hit Blocks": 0,
                                "Shared Read Blocks": 0,
                                "Shared Dirtied Blocks": 0,
                                "Shared Written Blocks": 0,
                                "Local Hit Blocks": 0,
                                "Local Read Blocks": 0,
                                "Local Dirtied Blocks": 0,
                                "Local Written Blocks": 0,
                                "Temp Read Blocks": 0,
                                "Temp Written Blocks": 0
                            },
                            "Planning Time": 0.05,
                            "Triggers": [],
                            "Execution Time": 0.091
                        },
                        "all_ftr_time": 0.0425671,
                        "any_ftr_time": 0.8404329999999998,
                        "exact_ftr_time": 5.639999999999999e-05
                    },
                    "10000000": {
                        "all_time": 0.17415367920184507,
                        "any_time": 1.4135646375128998,
                        "exact_time": 0.004792462382465601,
                        "table_size": 815792128.0,
                        "index_time": 10.700449959025718,
                        "all_explanation": {
                            "Plan": {
                                "Node Type": "Bitmap Heap Scan",
                                "Parallel Aware": false,
                                "Async Capable": false,
                                "Relation Name": "tests_benchmark_booltester015",
                                "Schema": "public",
                                "Alias": "tests_benchmark_booltester015",
                                "Startup Cost": 5759.37,
                                "Total Cost": 75328.8,
                                "Plan Rows": 78125,
                                "Plan Width": 24,
                                "Actual Startup Time": 9.525,
                                "Actual Total Time": 102.761,
                                "Actual Rows": 78412,
                                "Actual Loops": 1,
                                "Output": [
                                    "id",
                                    "flg_0",
                                    "flg_1",
                                    "flg_2",
                                    "flg_3",
                                    "flg_4",
                                    "flg_5",
                                    "flg_6",
                                    "flg_7",
                                    "flg_8",
                                    "flg_9",
                                    "flg_10",
                                    "flg_11",
                                    "flg_12",
                                    "flg_13",
                                    "flg_14",
                                    "flg_15"
                                ],
                                "Recheck Cond": "((tests_benchmark_booltester015.flg_4 = ANY ('{t,f}'::boolean[])) AND (tests_benchmark_booltester015.flg_5 = ANY ('{t,f}'::boolean[])) AND (tests_benchmark_booltester015.flg_6 = ANY ('{t,f}'::boolean[])) AND (tests_benchmark_booltester015.flg_8 = ANY ('{t,f}'::boolean[])) AND (tests_benchmark_booltester015.flg_9 = ANY ('{t,f}'::boolean[])) AND (tests_benchmark_booltester015.flg_10 = ANY ('{t,f}'::boolean[])) AND (tests_benchmark_booltester015.flg_11 = ANY ('{t,f}'::boolean[])) AND (tests_benchmark_booltester015.flg_12 = ANY ('{t,f}'::boolean[])) AND (tests_benchmark_booltester015.flg_15 = ANY ('{t,f}'::boolean[])))",
                                "Rows Removed by Index Recheck": 0,
                                "Filter": "(tests_benchmark_booltester015.flg_0 AND tests_benchmark_booltester015.flg_1 AND tests_benchmark_booltester015.flg_2 AND tests_benchmark_booltester015.flg_3 AND tests_benchmark_booltester015.flg_7 AND tests_benchmark_booltester015.flg_13 AND tests_benchmark_booltester015.flg_14)",
                                "Rows Removed by Filter": 0,
                                "Exact Heap Blocks": 45283,
                                "Lossy Heap Blocks": 0,
                                "Shared Hit Blocks": 1341,
                                "Shared Read Blocks": 45525,
                                "Shared Dirtied Blocks": 0,
                                "Shared Written Blocks": 54,
                                "Local Hit Blocks": 0,
                                "Local Read Blocks": 0,
                                "Local Dirtied Blocks": 0,
                                "Local Written Blocks": 0,
                                "Temp Read Blocks": 0,
                                "Temp Written Blocks": 0,
                                "WAL Records": 0,
                                "WAL FPI": 0,
                                "WAL Bytes": 0,
                                "Plans": [
                                    {
                                        "Node Type": "Bitmap Index Scan",
                                        "Parent Relationship": "Outer",
                                        "Parallel Aware": false,
                                        "Async Capable": false,
                                        "Index Name": "bool_multi",
                                        "Startup Cost": 0.0,
                                        "Total Cost": 5739.84,
                                        "Plan Rows": 78125,
                                        "Plan Width": 0,
                                        "Actual Startup Time": 5.277,
                                        "Actual Total Time": 5.278,
                                        "Actual Rows": 78412,
                                        "Actual Loops": 1,
                                        "Index Cond": "((tests_benchmark_booltester015.flg_0 = true) AND (tests_benchmark_booltester015.flg_1 = true) AND (tests_benchmark_booltester015.flg_2 = true) AND (tests_benchmark_booltester015.flg_3 = true) AND (tests_benchmark_booltester015.flg_4 = ANY ('{t,f}'::boolean[])) AND (tests_benchmark_booltester015.flg_5 = ANY ('{t,f}'::boolean[])) AND (tests_benchmark_booltester015.flg_6 = ANY ('{t,f}'::boolean[])) AND (tests_benchmark_booltester015.flg_7 = true) AND (tests_benchmark_booltester015.flg_8 = ANY ('{t,f}'::boolean[])) AND (tests_benchmark_booltester015.flg_9 = ANY ('{t,f}'::boolean[])) AND (tests_benchmark_booltester015.flg_10 = ANY ('{t,f}'::boolean[])) AND (tests_benchmark_booltester015.flg_11 = ANY ('{t,f}'::boolean[])) AND (tests_benchmark_booltester015.flg_12 = ANY ('{t,f}'::boolean[])) AND (tests_benchmark_booltester015.flg_13 = true) AND (tests_benchmark_booltester015.flg_14 = true) AND (tests_benchmark_booltester015.flg_15 = ANY ('{t,f}'::boolean[])))",
                                        "Shared Hit Blocks": 1318,
                                        "Shared Read Blocks": 265,
                                        "Shared Dirtied Blocks": 0,
                                        "Shared Written Blocks": 0,
                                        "Local Hit Blocks": 0,
                                        "Local Read Blocks": 0,
                                        "Local Dirtied Blocks": 0,
                                        "Local Written Blocks": 0,
                                        "Temp Read Blocks": 0,
                                        "Temp Written Blocks": 0,
                                        "WAL Records": 0,
                                        "WAL FPI": 0,
                                        "WAL Bytes": 0
                                    }
                                ]
                            },
                            "Settings": {},
                            "Planning": {
                                "Shared Hit Blocks": 0,
                                "Shared Read Blocks": 0,
                                "Shared Dirtied Blocks": 0,
                                "Shared Written Blocks": 0,
                                "Local Hit Blocks": 0,
                                "Local Read Blocks": 0,
                                "Local Dirtied Blocks": 0,
                                "Local Written Blocks": 0,
                                "Temp Read Blocks": 0,
                                "Temp Written Blocks": 0
                            },
                            "Planning Time": 0.083,
                            "Triggers": [],
                            "Execution Time": 104.504
                        },
                        "any_explanation": {
                            "Plan": {
                                "Node Type": "Seq Scan",
                                "Parallel Aware": false,
                                "Async Capable": false,
                                "Relation Name": "tests_benchmark_booltester015",
                                "Schema": "public",
                                "Alias": "tests_benchmark_booltester015",
                                "Startup Cost": 0.0,
                                "Total Cost": 163695.01,
                                "Plan Rows": 9921876,
                                "Plan Width": 24,
                                "Actual Startup Time": 0.133,
                                "Actual Total Time": 860.098,
                                "Actual Rows": 9921949,
                                "Actual Loops": 1,
                                "Output": [
                                    "id",
                                    "flg_0",
                                    "flg_1",
                                    "flg_2",
                                    "flg_3",
                                    "flg_4",
                                    "flg_5",
                                    "flg_6",
                                    "flg_7",
                                    "flg_8",
                                    "flg_9",
                                    "flg_10",
                                    "flg_11",
                                    "flg_12",
                                    "flg_13",
                                    "flg_14",
                                    "flg_15"
                                ],
                                "Filter": "(tests_benchmark_booltester015.flg_0 OR tests_benchmark_booltester015.flg_1 OR tests_benchmark_booltester015.flg_2 OR tests_benchmark_booltester015.flg_3 OR tests_benchmark_booltester015.flg_7 OR tests_benchmark_booltester015.flg_13 OR tests_benchmark_booltester015.flg_14)",
                                "Rows Removed by Filter": 78052,
                                "Shared Hit Blocks": 16272,
                                "Shared Read Blocks": 47423,
                                "Shared Dirtied Blocks": 0,
                                "Shared Written Blocks": 0,
                                "Local Hit Blocks": 0,
                                "Local Read Blocks": 0,
                                "Local Dirtied Blocks": 0,
                                "Local Written Blocks": 0,
                                "Temp Read Blocks": 0,
                                "Temp Written Blocks": 0,
                                "WAL Records": 0,
                                "WAL FPI": 0,
                                "WAL Bytes": 0
                            },
                            "Settings": {},
                            "Planning": {
                                "Shared Hit Blocks": 0,
                                "Shared Read Blocks": 0,
                                "Shared Dirtied Blocks": 0,
                                "Shared Written Blocks": 0,
                                "Local Hit Blocks": 0,
                                "Local Read Blocks": 0,
                                "Local Dirtied Blocks": 0,
                                "Local Written Blocks": 0,
                                "Temp Read Blocks": 0,
                                "Temp Written Blocks": 0
                            },
                            "Planning Time": 0.049,
                            "Triggers": [],
                            "Execution Time": 1068.73
                        },
                        "exact_explanation": {
                            "Plan": {
                                "Node Type": "Bitmap Heap Scan",
                                "Parallel Aware": false,
                                "Async Capable": false,
                                "Relation Name": "tests_benchmark_booltester015",
                                "Schema": "public",
                                "Alias": "tests_benchmark_booltester015",
                                "Startup Cost": 11.36,
                                "Total Cost": 602.39,
                                "Plan Rows": 153,
                                "Plan Width": 24,
                                "Actual Startup Time": 0.017,
                                "Actual Total Time": 0.056,
                                "Actual Rows": 152,
                                "Actual Loops": 1,
                                "Output": [
                                    "id",
                                    "flg_0",
                                    "flg_1",
                                    "flg_2",
                                    "flg_3",
                                    "flg_4",
                                    "flg_5",
                                    "flg_6",
                                    "flg_7",
                                    "flg_8",
                                    "flg_9",
                                    "flg_10",
                                    "flg_11",
                                    "flg_12",
                                    "flg_13",
                                    "flg_14",
                                    "flg_15"
                                ],
                                "Filter": "(tests_benchmark_booltester015.flg_0 AND tests_benchmark_booltester015.flg_1 AND tests_benchmark_booltester015.flg_2 AND tests_benchmark_booltester015.flg_3 AND (NOT tests_benchmark_booltester015.flg_4) AND (NOT tests_benchmark_booltester015.flg_5) AND (NOT tests_benchmark_booltester015.flg_6) AND tests_benchmark_booltester015.flg_7 AND (NOT tests_benchmark_booltester015.flg_8) AND (NOT tests_benchmark_booltester015.flg_9) AND (NOT tests_benchmark_booltester015.flg_10) AND (NOT tests_benchmark_booltester015.flg_11) AND (NOT tests_benchmark_booltester015.flg_12) AND tests_benchmark_booltester015.flg_13 AND tests_benchmark_booltester015.flg_14 AND (NOT tests_benchmark_booltester015.flg_15))",
                                "Rows Removed by Filter": 0,
                                "Exact Heap Blocks": 151,
                                "Lossy Heap Blocks": 0,
                                "Shared Hit Blocks": 155,
                                "Shared Read Blocks": 0,
                                "Shared Dirtied Blocks": 0,
                                "Shared Written Blocks": 0,
                                "Local Hit Blocks": 0,
                                "Local Read Blocks": 0,
                                "Local Dirtied Blocks": 0,
                                "Local Written Blocks": 0,
                                "Temp Read Blocks": 0,
                                "Temp Written Blocks": 0,
                                "WAL Records": 0,
                                "WAL FPI": 0,
                                "WAL Bytes": 0,
                                "Plans": [
                                    {
                                        "Node Type": "Bitmap Index Scan",
                                        "Parent Relationship": "Outer",
                                        "Parallel Aware": false,
                                        "Async Capable": false,
                                        "Index Name": "bool_multi",
                                        "Startup Cost": 0.0,
                                        "Total Cost": 11.32,
                                        "Plan Rows": 153,
                                        "Plan Width": 0,
                                        "Actual Startup Time": 0.008,
                                        "Actual Total Time": 0.008,
                                        "Actual Rows": 152,
                                        "Actual Loops": 1,
                                        "Index Cond": "((tests_benchmark_booltester015.flg_0 = true) AND (tests_benchmark_booltester015.flg_1 = true) AND (tests_benchmark_booltester015.flg_2 = true) AND (tests_benchmark_booltester015.flg_3 = true) AND (tests_benchmark_booltester015.flg_4 = false) AND (tests_benchmark_booltester015.flg_5 = false) AND (tests_benchmark_booltester015.flg_6 = false) AND (tests_benchmark_booltester015.flg_7 = true) AND (tests_benchmark_booltester015.flg_8 = false) AND (tests_benchmark_booltester015.flg_9 = false) AND (tests_benchmark_booltester015.flg_10 = false) AND (tests_benchmark_booltester015.flg_11 = false) AND (tests_benchmark_booltester015.flg_12 = false) AND (tests_benchmark_booltester015.flg_13 = true) AND (tests_benchmark_booltester015.flg_14 = true) AND (tests_benchmark_booltester015.flg_15 = false))",
                                        "Shared Hit Blocks": 4,
                                        "Shared Read Blocks": 0,
                                        "Shared Dirtied Blocks": 0,
                                        "Shared Written Blocks": 0,
                                        "Local Hit Blocks": 0,
                                        "Local Read Blocks": 0,
                                        "Local Dirtied Blocks": 0,
                                        "Local Written Blocks": 0,
                                        "Temp Read Blocks": 0,
                                        "Temp Written Blocks": 0,
                                        "WAL Records": 0,
                                        "WAL FPI": 0,
                                        "WAL Bytes": 0
                                    }
                                ]
                            },
                            "Settings": {},
                            "Planning": {
                                "Shared Hit Blocks": 0,
                                "Shared Read Blocks": 0,
                                "Shared Dirtied Blocks": 0,
                                "Shared Written Blocks": 0,
                                "Local Hit Blocks": 0,
                                "Local Read Blocks": 0,
                                "Local Dirtied Blocks": 0,
                                "Local Written Blocks": 0,
                                "Temp Read Blocks": 0,
                                "Temp Written Blocks": 0
                            },
                            "Planning Time": 0.036,
                            "Triggers": [],
                            "Execution Time": 0.066
                        },
                        "all_ftr_time": 0.05999290000000001,
                        "any_ftr_time": 1.0525113,
                        "exact_ftr_time": 7.83e-05
                    },
                    "20000000": {
                        "all_time": 0.6806682125083171,
                        "any_time": 2.724173208489083,
                        "exact_time": 0.009836704295594245,
                        "table_size": 1633681408.0,
                        "index_time": 23.144961292040534,
                        "all_explanation": {
                            "Plan": {
                                "Node Type": "Gather",
                                "Parallel Aware": false,
                                "Async Capable": false,
                                "Startup Cost": 19560.52,
                                "Total Cost": 396013.65,
                                "Plan Rows": 312500,
                                "Plan Width": 24,
                                "Actual Startup Time": 32.948,
                                "Actual Total Time": 991.887,
                                "Actual Rows": 313061,
                                "Actual Loops": 1,
                                "Output": [
                                    "id",
                                    "flg_0",
                                    "flg_1",
                                    "flg_2",
                                    "flg_3",
                                    "flg_4",
                                    "flg_5",
                                    "flg_6",
                                    "flg_7",
                                    "flg_8",
                                    "flg_9",
                                    "flg_10",
                                    "flg_11",
                                    "flg_12",
                                    "flg_13",
                                    "flg_14",
                                    "flg_15"
                                ],
                                "Workers Planned": 2,
                                "Workers Launched": 2,
                                "Single Copy": false,
                                "Shared Hit Blocks": 2478,
                                "Shared Read Blocks": 117589,
                                "Shared Dirtied Blocks": 0,
                                "Shared Written Blocks": 0,
                                "Local Hit Blocks": 0,
                                "Local Read Blocks": 0,
                                "Local Dirtied Blocks": 0,
                                "Local Written Blocks": 0,
                                "Temp Read Blocks": 0,
                                "Temp Written Blocks": 0,
                                "WAL Records": 0,
                                "WAL FPI": 0,
                                "WAL Bytes": 0,
                                "Plans": [
                                    {
                                        "Node Type": "Bitmap Heap Scan",
                                        "Parent Relationship": "Outer",
                                        "Parallel Aware": true,
                                        "Async Capable": false,
                                        "Relation Name": "tests_benchmark_booltester015",
                                        "Schema": "public",
                                        "Alias": "tests_benchmark_booltester015",
                                        "Startup Cost": 18560.52,
                                        "Total Cost": 363763.65,
                                        "Plan Rows": 130208,
                                        "Plan Width": 24,
                                        "Actual Startup Time": 27.679,
                                        "Actual Total Time": 967.331,
                                        "Actual Rows": 104354,
                                        "Actual Loops": 3,
                                        "Output": [
                                            "id",
                                            "flg_0",
                                            "flg_1",
                                            "flg_2",
                                            "flg_3",
                                            "flg_4",
                                            "flg_5",
                                            "flg_6",
                                            "flg_7",
                                            "flg_8",
                                            "flg_9",
                                            "flg_10",
                                            "flg_11",
                                            "flg_12",
                                            "flg_13",
                                            "flg_14",
                                            "flg_15"
                                        ],
                                        "Recheck Cond": "((tests_benchmark_booltester015.flg_0 = ANY ('{t,f}'::boolean[])) AND (tests_benchmark_booltester015.flg_1 = ANY ('{t,f}'::boolean[])) AND (tests_benchmark_booltester015.flg_2 = ANY ('{t,f}'::boolean[])) AND (tests_benchmark_booltester015.flg_3 = ANY ('{t,f}'::boolean[])) AND (tests_benchmark_booltester015.flg_4 = ANY ('{t,f}'::boolean[])) AND (tests_benchmark_booltester015.flg_7 = ANY ('{t,f}'::boolean[])) AND (tests_benchmark_booltester015.flg_8 = ANY ('{t,f}'::boolean[])) AND (tests_benchmark_booltester015.flg_10 = ANY ('{t,f}'::boolean[])) AND (tests_benchmark_booltester015.flg_11 = ANY ('{t,f}'::boolean[])) AND (tests_benchmark_booltester015.flg_15 = ANY ('{t,f}'::boolean[])))",
                                        "Rows Removed by Index Recheck": 0,
                                        "Filter": "(tests_benchmark_booltester015.flg_5 AND tests_benchmark_booltester015.flg_6 AND tests_benchmark_booltester015.flg_9 AND tests_benchmark_booltester015.flg_12 AND tests_benchmark_booltester015.flg_13 AND tests_benchmark_booltester015.flg_14)",
                                        "Rows Removed by Filter": 3400895,
                                        "Exact Heap Blocks": 16607,
                                        "Lossy Heap Blocks": 22039,
                                        "Shared Hit Blocks": 2478,
                                        "Shared Read Blocks": 117589,
                                        "Shared Dirtied Blocks": 0,
                                        "Shared Written Blocks": 0,
                                        "Local Hit Blocks": 0,
                                        "Local Read Blocks": 0,
                                        "Local Dirtied Blocks": 0,
                                        "Local Written Blocks": 0,
                                        "Temp Read Blocks": 0,
                                        "Temp Written Blocks": 0,
                                        "WAL Records": 0,
                                        "WAL FPI": 0,
                                        "WAL Bytes": 0,
                                        "Workers": [
                                            {
                                                "Worker Number": 0,
                                                "Actual Startup Time": 27.217,
                                                "Actual Total Time": 970.619,
                                                "Actual Rows": 105111,
                                                "Actual Loops": 1,
                                                "Shared Hit Blocks": 0,
                                                "Shared Read Blocks": 39244,
                                                "Shared Dirtied Blocks": 0,
                                                "Shared Written Blocks": 0,
                                                "Local Hit Blocks": 0,
                                                "Local Read Blocks": 0,
                                                "Local Dirtied Blocks": 0,
                                                "Local Written Blocks": 0,
                                                "Temp Read Blocks": 0,
                                                "Temp Written Blocks": 0,
                                                "WAL Records": 0,
                                                "WAL FPI": 0,
                                                "WAL Bytes": 0
                                            },
                                            {
                                                "Worker Number": 1,
                                                "Actual Startup Time": 22.999,
                                                "Actual Total Time": 966.416,
                                                "Actual Rows": 104075,
                                                "Actual Loops": 1,
                                                "Shared Hit Blocks": 0,
                                                "Shared Read Blocks": 38889,
                                                "Shared Dirtied Blocks": 0,
                                                "Shared Written Blocks": 0,
                                                "Local Hit Blocks": 0,
                                                "Local Read Blocks": 0,
                                                "Local Dirtied Blocks": 0,
                                                "Local Written Blocks": 0,
                                                "Temp Read Blocks": 0,
                                                "Temp Written Blocks": 0,
                                                "WAL Records": 0,
                                                "WAL FPI": 0,
                                                "WAL Bytes": 0
                                            }
                                        ],
                                        "Plans": [
                                            {
                                                "Node Type": "Bitmap Index Scan",
                                                "Parent Relationship": "Outer",
                                                "Parallel Aware": false,
                                                "Async Capable": false,
                                                "Index Name": "bool_multi",
                                                "Startup Cost": 0.0,
                                                "Total Cost": 18482.4,
                                                "Plan Rows": 312500,
                                                "Plan Width": 0,
                                                "Actual Startup Time": 27.371,
                                                "Actual Total Time": 27.371,
                                                "Actual Rows": 313061,
                                                "Actual Loops": 1,
                                                "Index Cond": "((tests_benchmark_booltester015.flg_0 = ANY ('{t,f}'::boolean[])) AND (tests_benchmark_booltester015.flg_1 = ANY ('{t,f}'::boolean[])) AND (tests_benchmark_booltester015.flg_2 = ANY ('{t,f}'::boolean[])) AND (tests_benchmark_booltester015.flg_3 = ANY ('{t,f}'::boolean[])) AND (tests_benchmark_booltester015.flg_4 = ANY ('{t,f}'::boolean[])) AND (tests_benchmark_booltester015.flg_5 = true) AND (tests_benchmark_booltester015.flg_6 = true) AND (tests_benchmark_booltester015.flg_7 = ANY ('{t,f}'::boolean[])) AND (tests_benchmark_booltester015.flg_8 = ANY ('{t,f}'::boolean[])) AND (tests_benchmark_booltester015.flg_9 = true) AND (tests_benchmark_booltester015.flg_10 = ANY ('{t,f}'::boolean[])) AND (tests_benchmark_booltester015.flg_11 = ANY ('{t,f}'::boolean[])) AND (tests_benchmark_booltester015.flg_12 = true) AND (tests_benchmark_booltester015.flg_13 = true) AND (tests_benchmark_booltester015.flg_14 = true) AND (tests_benchmark_booltester015.flg_15 = ANY ('{t,f}'::boolean[])))",
                                                "Shared Hit Blocks": 2478,
                                                "Shared Read Blocks": 810,
                                                "Shared Dirtied Blocks": 0,
                                                "Shared Written Blocks": 0,
                                                "Local Hit Blocks": 0,
                                                "Local Read Blocks": 0,
                                                "Local Dirtied Blocks": 0,
                                                "Local Written Blocks": 0,
                                                "Temp Read Blocks": 0,
                                                "Temp Written Blocks": 0,
                                                "WAL Records": 0,
                                                "WAL FPI": 0,
                                                "WAL Bytes": 0,
                                                "Workers": []
                                            }
                                        ]
                                    }
                                ]
                            },
                            "Settings": {},
                            "Planning": {
                                "Shared Hit Blocks": 0,
                                "Shared Read Blocks": 0,
                                "Shared Dirtied Blocks": 0,
                                "Shared Written Blocks": 0,
                                "Local Hit Blocks": 0,
                                "Local Read Blocks": 0,
                                "Local Dirtied Blocks": 0,
                                "Local Written Blocks": 0,
                                "Temp Read Blocks": 0,
                                "Temp Written Blocks": 0
                            },
                            "Planning Time": 0.083,
                            "Triggers": [],
                            "Execution Time": 999.308
                        },
                        "any_explanation": {
                            "Plan": {
                                "Node Type": "Seq Scan",
                                "Parallel Aware": false,
                                "Async Capable": false,
                                "Relation Name": "tests_benchmark_booltester015",
                                "Schema": "public",
                                "Alias": "tests_benchmark_booltester015",
                                "Startup Cost": 0.0,
                                "Total Cost": 327389.0,
                                "Plan Rows": 19687500,
                                "Plan Width": 24,
                                "Actual Startup Time": 0.03,
                                "Actual Total Time": 1681.422,
                                "Actual Rows": 19687152,
                                "Actual Loops": 1,
                                "Output": [
                                    "id",
                                    "flg_0",
                                    "flg_1",
                                    "flg_2",
                                    "flg_3",
                                    "flg_4",
                                    "flg_5",
                                    "flg_6",
                                    "flg_7",
                                    "flg_8",
                                    "flg_9",
                                    "flg_10",
                                    "flg_11",
                                    "flg_12",
                                    "flg_13",
                                    "flg_14",
                                    "flg_15"
                                ],
                                "Filter": "(tests_benchmark_booltester015.flg_5 OR tests_benchmark_booltester015.flg_6 OR tests_benchmark_booltester015.flg_9 OR tests_benchmark_booltester015.flg_12 OR tests_benchmark_booltester015.flg_13 OR tests_benchmark_booltester015.flg_14)",
                                "Rows Removed by Filter": 312849,
                                "Shared Hit Blocks": 16242,
                                "Shared Read Blocks": 111147,
                                "Shared Dirtied Blocks": 0,
                                "Shared Written Blocks": 0,
                                "Local Hit Blocks": 0,
                                "Local Read Blocks": 0,
                                "Local Dirtied Blocks": 0,
                                "Local Written Blocks": 0,
                                "Temp Read Blocks": 0,
                                "Temp Written Blocks": 0,
                                "WAL Records": 0,
                                "WAL FPI": 0,
                                "WAL Bytes": 0
                            },
                            "Settings": {},
                            "Planning": {
                                "Shared Hit Blocks": 0,
                                "Shared Read Blocks": 0,
                                "Shared Dirtied Blocks": 0,
                                "Shared Written Blocks": 0,
                                "Local Hit Blocks": 0,
                                "Local Read Blocks": 0,
                                "Local Dirtied Blocks": 0,
                                "Local Written Blocks": 0,
                                "Temp Read Blocks": 0,
                                "Temp Written Blocks": 0
                            },
                            "Planning Time": 0.046,
                            "Triggers": [],
                            "Execution Time": 2080.842
                        },
                        "exact_explanation": {
                            "Plan": {
                                "Node Type": "Bitmap Heap Scan",
                                "Parallel Aware": false,
                                "Async Capable": false,
                                "Relation Name": "tests_benchmark_booltester015",
                                "Schema": "public",
                                "Alias": "tests_benchmark_booltester015",
                                "Startup Cost": 18.24,
                                "Total Cost": 1196.52,
                                "Plan Rows": 305,
                                "Plan Width": 24,
                                "Actual Startup Time": 0.054,
                                "Actual Total Time": 0.294,
                                "Actual Rows": 305,
                                "Actual Loops": 1,
                                "Output": [
                                    "id",
                                    "flg_0",
                                    "flg_1",
                                    "flg_2",
                                    "flg_3",
                                    "flg_4",
                                    "flg_5",
                                    "flg_6",
                                    "flg_7",
                                    "flg_8",
                                    "flg_9",
                                    "flg_10",
                                    "flg_11",
                                    "flg_12",
                                    "flg_13",
                                    "flg_14",
                                    "flg_15"
                                ],
                                "Filter": "((NOT tests_benchmark_booltester015.flg_0) AND (NOT tests_benchmark_booltester015.flg_1) AND (NOT tests_benchmark_booltester015.flg_2) AND (NOT tests_benchmark_booltester015.flg_3) AND (NOT tests_benchmark_booltester015.flg_4) AND tests_benchmark_booltester015.flg_5 AND tests_benchmark_booltester015.flg_6 AND (NOT tests_benchmark_booltester015.flg_7) AND (NOT tests_benchmark_booltester015.flg_8) AND tests_benchmark_booltester015.flg_9 AND (NOT tests_benchmark_booltester015.flg_10) AND (NOT tests_benchmark_booltester015.flg_11) AND tests_benchmark_booltester015.flg_12 AND tests_benchmark_booltester015.flg_13 AND tests_benchmark_booltester015.flg_14 AND (NOT tests_benchmark_booltester015.flg_15))",
                                "Rows Removed by Filter": 0,
                                "Exact Heap Blocks": 305,
                                "Lossy Heap Blocks": 0,
                                "Shared Hit Blocks": 308,
                                "Shared Read Blocks": 0,
                                "Shared Dirtied Blocks": 0,
                                "Shared Written Blocks": 0,
                                "Local Hit Blocks": 0,
                                "Local Read Blocks": 0,
                                "Local Dirtied Blocks": 0,
                                "Local Written Blocks": 0,
                                "Temp Read Blocks": 0,
                                "Temp Written Blocks": 0,
                                "WAL Records": 0,
                                "WAL FPI": 0,
                                "WAL Bytes": 0,
                                "Plans": [
                                    {
                                        "Node Type": "Bitmap Index Scan",
                                        "Parent Relationship": "Outer",
                                        "Parallel Aware": false,
                                        "Async Capable": false,
                                        "Index Name": "bool_multi",
                                        "Startup Cost": 0.0,
                                        "Total Cost": 18.16,
                                        "Plan Rows": 305,
                                        "Plan Width": 0,
                                        "Actual Startup Time": 0.028,
                                        "Actual Total Time": 0.028,
                                        "Actual Rows": 305,
                                        "Actual Loops": 1,
                                        "Index Cond": "((tests_benchmark_booltester015.flg_0 = false) AND (tests_benchmark_booltester015.flg_1 = false) AND (tests_benchmark_booltester015.flg_2 = false) AND (tests_benchmark_booltester015.flg_3 = false) AND (tests_benchmark_booltester015.flg_4 = false) AND (tests_benchmark_booltester015.flg_5 = true) AND (tests_benchmark_booltester015.flg_6 = true) AND (tests_benchmark_booltester015.flg_7 = false) AND (tests_benchmark_booltester015.flg_8 = false) AND (tests_benchmark_booltester015.flg_9 = true) AND (tests_benchmark_booltester015.flg_10 = false) AND (tests_benchmark_booltester015.flg_11 = false) AND (tests_benchmark_booltester015.flg_12 = true) AND (tests_benchmark_booltester015.flg_13 = true) AND (tests_benchmark_booltester015.flg_14 = true) AND (tests_benchmark_booltester015.flg_15 = false))",
                                        "Shared Hit Blocks": 3,
                                        "Shared Read Blocks": 0,
                                        "Shared Dirtied Blocks": 0,
                                        "Shared Written Blocks": 0,
                                        "Local Hit Blocks": 0,
                                        "Local Read Blocks": 0,
                                        "Local Dirtied Blocks": 0,
                                        "Local Written Blocks": 0,
                                        "Temp Read Blocks": 0,
                                        "Temp Written Blocks": 0,
                                        "WAL Records": 0,
                                        "WAL FPI": 0,
                                        "WAL Bytes": 0
                                    }
                                ]
                            },
                            "Settings": {},
                            "Planning": {
                                "Shared Hit Blocks": 0,
                                "Shared Read Blocks": 0,
                                "Shared Dirtied Blocks": 0,
                                "Shared Written Blocks": 0,
                                "Local Hit Blocks": 0,
                                "Local Read Blocks": 0,
                                "Local Dirtied Blocks": 0,
                                "Local Written Blocks": 0,
                                "Temp Read Blocks": 0,
                                "Temp Written Blocks": 0
                            },
                            "Planning Time": 0.083,
                            "Triggers": [],
                            "Execution Time": 0.314
                        },
                        "all_ftr_time": 0.5673872999999999,
                        "any_ftr_time": 2.0605502000000007,
                        "exact_ftr_time": 0.00016109999999999999
                    },
                    "40000000": {
                        "all_time": 2.342972612497397,
                        "any_time": 6.740292737621348,
                        "exact_time": 0.007417929254006595,
                        "table_size": 3279945728.0,
                        "index_time": 55.33392812497914,
                        "all_explanation": {
                            "Plan": {
                                "Node Type": "Bitmap Heap Scan",
                                "Parallel Aware": false,
                                "Async Capable": false,
                                "Relation Name": "tests_benchmark_booltester015",
                                "Schema": "public",
                                "Alias": "tests_benchmark_booltester015",
                                "Startup Cost": 1612.74,
                                "Total Cost": 85525.55,
                                "Plan Rows": 29196,
                                "Plan Width": 24,
                                "Actual Startup Time": 6.234,
                                "Actual Total Time": 254.366,
                                "Actual Rows": 38514,
                                "Actual Loops": 1,
                                "Output": [
                                    "id",
                                    "flg_0",
                                    "flg_1",
                                    "flg_2",
                                    "flg_3",
                                    "flg_4",
                                    "flg_5",
                                    "flg_6",
                                    "flg_7",
                                    "flg_8",
                                    "flg_9",
                                    "flg_10",
                                    "flg_11",
                                    "flg_12",
                                    "flg_13",
                                    "flg_14",
                                    "flg_15"
                                ],
                                "Recheck Cond": "((tests_benchmark_booltester015.flg_2 = ANY ('{t,f}'::boolean[])) AND (tests_benchmark_booltester015.flg_6 = ANY ('{t,f}'::boolean[])) AND (tests_benchmark_booltester015.flg_7 = ANY ('{t,f}'::boolean[])) AND (tests_benchmark_booltester015.flg_8 = ANY ('{t,f}'::boolean[])) AND (tests_benchmark_booltester015.flg_11 = ANY ('{t,f}'::boolean[])) AND (tests_benchmark_booltester015.flg_13 = ANY ('{t,f}'::boolean[])))",
                                "Rows Removed by Index Recheck": 0,
                                "Filter": "(tests_benchmark_booltester015.flg_0 AND tests_benchmark_booltester015.flg_1 AND tests_benchmark_booltester015.flg_3 AND tests_benchmark_booltester015.flg_4 AND tests_benchmark_booltester015.flg_5 AND tests_benchmark_booltester015.flg_9 AND tests_benchmark_booltester015.flg_10 AND tests_benchmark_booltester015.flg_12 AND tests_benchmark_booltester015.flg_14 AND tests_benchmark_booltester015.flg_15)",
                                "Rows Removed by Filter": 0,
                                "Exact Heap Blocks": 35821,
                                "Lossy Heap Blocks": 0,
                                "Shared Hit Blocks": 197,
                                "Shared Read Blocks": 35904,
                                "Shared Dirtied Blocks": 0,
                                "Shared Written Blocks": 56,
                                "Local Hit Blocks": 0,
                                "Local Read Blocks": 0,
                                "Local Dirtied Blocks": 0,
                                "Local Written Blocks": 0,
                                "Temp Read Blocks": 0,
                                "Temp Written Blocks": 0,
                                "WAL Records": 0,
                                "WAL FPI": 0,
                                "WAL Bytes": 0,
                                "Plans": [
                                    {
                                        "Node Type": "Bitmap Index Scan",
                                        "Parent Relationship": "Outer",
                                        "Parallel Aware": false,
                                        "Async Capable": false,
                                        "Index Name": "bool_multi",
                                        "Startup Cost": 0.0,
                                        "Total Cost": 1605.44,
                                        "Plan Rows": 29196,
                                        "Plan Width": 0,
                                        "Actual Startup Time": 2.81,
                                        "Actual Total Time": 2.81,
                                        "Actual Rows": 38514,
                                        "Actual Loops": 1,
                                        "Index Cond": "((tests_benchmark_booltester015.flg_0 = true) AND (tests_benchmark_booltester015.flg_1 = true) AND (tests_benchmark_booltester015.flg_2 = ANY ('{t,f}'::boolean[])) AND (tests_benchmark_booltester015.flg_3 = true) AND (tests_benchmark_booltester015.flg_4 = true) AND (tests_benchmark_booltester015.flg_5 = true) AND (tests_benchmark_booltester015.flg_6 = ANY ('{t,f}'::boolean[])) AND (tests_benchmark_booltester015.flg_7 = ANY ('{t,f}'::boolean[])) AND (tests_benchmark_booltester015.flg_8 = ANY ('{t,f}'::boolean[])) AND (tests_benchmark_booltester015.flg_9 = true) AND (tests_benchmark_booltester015.flg_10 = true) AND (tests_benchmark_booltester015.flg_11 = ANY ('{t,f}'::boolean[])) AND (tests_benchmark_booltester015.flg_12 = true) AND (tests_benchmark_booltester015.flg_13 = ANY ('{t,f}'::boolean[])) AND (tests_benchmark_booltester015.flg_14 = true) AND (tests_benchmark_booltester015.flg_15 = true))",
                                        "Shared Hit Blocks": 191,
                                        "Shared Read Blocks": 89,
                                        "Shared Dirtied Blocks": 0,
                                        "Shared Written Blocks": 0,
                                        "Local Hit Blocks": 0,
                                        "Local Read Blocks": 0,
                                        "Local Dirtied Blocks": 0,
                                        "Local Written Blocks": 0,
                                        "Temp Read Blocks": 0,
                                        "Temp Written Blocks": 0,
                                        "WAL Records": 0,
                                        "WAL FPI": 0,
                                        "WAL Bytes": 0
                                    }
                                ]
                            },
                            "Settings": {},
                            "Planning": {
                                "Shared Hit Blocks": 0,
                                "Shared Read Blocks": 0,
                                "Shared Dirtied Blocks": 0,
                                "Shared Written Blocks": 0,
                                "Local Hit Blocks": 0,
                                "Local Read Blocks": 0,
                                "Local Dirtied Blocks": 0,
                                "Local Written Blocks": 0,
                                "Temp Read Blocks": 0,
                                "Temp Written Blocks": 0
                            },
                            "Planning Time": 0.121,
                            "Triggers": [],
                            "Execution Time": 255.508
                        },
                        "any_explanation": {
                            "Plan": {
                                "Node Type": "Seq Scan",
                                "Parallel Aware": false,
                                "Async Capable": false,
                                "Relation Name": "tests_benchmark_booltester015",
                                "Schema": "public",
                                "Alias": "tests_benchmark_booltester015",
                                "Startup Cost": 0.0,
                                "Total Cost": 654778.0,
                                "Plan Rows": 39960811,
                                "Plan Width": 24,
                                "Actual Startup Time": 0.007,
                                "Actual Total Time": 3471.771,
                                "Actual Rows": 39960881,
                                "Actual Loops": 1,
                                "Output": [
                                    "id",
                                    "flg_0",
                                    "flg_1",
                                    "flg_2",
                                    "flg_3",
                                    "flg_4",
                                    "flg_5",
                                    "flg_6",
                                    "flg_7",
                                    "flg_8",
                                    "flg_9",
                                    "flg_10",
                                    "flg_11",
                                    "flg_12",
                                    "flg_13",
                                    "flg_14",
                                    "flg_15"
                                ],
                                "Filter": "(tests_benchmark_booltester015.flg_0 OR tests_benchmark_booltester015.flg_1 OR tests_benchmark_booltester015.flg_3 OR tests_benchmark_booltester015.flg_4 OR tests_benchmark_booltester015.flg_5 OR tests_benchmark_booltester015.flg_9 OR tests_benchmark_booltester015.flg_10 OR tests_benchmark_booltester015.flg_12 OR tests_benchmark_booltester015.flg_14 OR tests_benchmark_booltester015.flg_15)",
                                "Rows Removed by Filter": 39120,
                                "Shared Hit Blocks": 16218,
                                "Shared Read Blocks": 238560,
                                "Shared Dirtied Blocks": 0,
                                "Shared Written Blocks": 0,
                                "Local Hit Blocks": 0,
                                "Local Read Blocks": 0,
                                "Local Dirtied Blocks": 0,
                                "Local Written Blocks": 0,
                                "Temp Read Blocks": 0,
                                "Temp Written Blocks": 0,
                                "WAL Records": 0,
                                "WAL FPI": 0,
                                "WAL Bytes": 0
                            },
                            "Settings": {},
                            "Planning": {
                                "Shared Hit Blocks": 0,
                                "Shared Read Blocks": 0,
                                "Shared Dirtied Blocks": 0,
                                "Shared Written Blocks": 0,
                                "Local Hit Blocks": 0,
                                "Local Read Blocks": 0,
                                "Local Dirtied Blocks": 0,
                                "Local Written Blocks": 0,
                                "Temp Read Blocks": 0,
                                "Temp Written Blocks": 0
                            },
                            "Planning Time": 0.055,
                            "Triggers": [],
                            "Execution Time": 4289.714
                        },
                        "exact_explanation": {
                            "Plan": {
                                "Node Type": "Index Scan",
                                "Parallel Aware": false,
                                "Async Capable": false,
                                "Scan Direction": "Forward",
                                "Index Name": "bool_multi",
                                "Relation Name": "tests_benchmark_booltester015",
                                "Schema": "public",
                                "Alias": "tests_benchmark_booltester015",
                                "Startup Cost": 0.56,
                                "Total Cost": 2128.48,
                                "Plan Rows": 609,
                                "Plan Width": 24,
                                "Actual Startup Time": 0.009,
                                "Actual Total Time": 0.375,
                                "Actual Rows": 592,
                                "Actual Loops": 1,
                                "Output": [
                                    "id",
                                    "flg_0",
                                    "flg_1",
                                    "flg_2",
                                    "flg_3",
                                    "flg_4",
                                    "flg_5",
                                    "flg_6",
                                    "flg_7",
                                    "flg_8",
                                    "flg_9",
                                    "flg_10",
                                    "flg_11",
                                    "flg_12",
                                    "flg_13",
                                    "flg_14",
                                    "flg_15"
                                ],
                                "Index Cond": "((tests_benchmark_booltester015.flg_0 = true) AND (tests_benchmark_booltester015.flg_1 = true) AND (tests_benchmark_booltester015.flg_2 = false) AND (tests_benchmark_booltester015.flg_3 = true) AND (tests_benchmark_booltester015.flg_4 = true) AND (tests_benchmark_booltester015.flg_5 = true) AND (tests_benchmark_booltester015.flg_6 = false) AND (tests_benchmark_booltester015.flg_7 = false) AND (tests_benchmark_booltester015.flg_8 = false) AND (tests_benchmark_booltester015.flg_9 = true) AND (tests_benchmark_booltester015.flg_10 = true) AND (tests_benchmark_booltester015.flg_11 = false) AND (tests_benchmark_booltester015.flg_12 = true) AND (tests_benchmark_booltester015.flg_13 = false) AND (tests_benchmark_booltester015.flg_14 = true) AND (tests_benchmark_booltester015.flg_15 = true))",
                                "Rows Removed by Index Recheck": 0,
                                "Shared Hit Blocks": 454,
                                "Shared Read Blocks": 141,
                                "Shared Dirtied Blocks": 0,
                                "Shared Written Blocks": 0,
                                "Local Hit Blocks": 0,
                                "Local Read Blocks": 0,
                                "Local Dirtied Blocks": 0,
                                "Local Written Blocks": 0,
                                "Temp Read Blocks": 0,
                                "Temp Written Blocks": 0,
                                "WAL Records": 0,
                                "WAL FPI": 0,
                                "WAL Bytes": 0
                            },
                            "Settings": {},
                            "Planning": {
                                "Shared Hit Blocks": 0,
                                "Shared Read Blocks": 0,
                                "Shared Dirtied Blocks": 0,
                                "Shared Written Blocks": 0,
                                "Local Hit Blocks": 0,
                                "Local Read Blocks": 0,
                                "Local Dirtied Blocks": 0,
                                "Local Written Blocks": 0,
                                "Temp Read Blocks": 0,
                                "Temp Written Blocks": 0
                            },
                            "Planning Time": 0.047,
                            "Triggers": [],
                            "Execution Time": 0.397
                        },
                        "all_ftr_time": 3.0179932,
                        "any_ftr_time": 4.728858900000001,
                        "exact_ftr_time": 0.0010834
                    },
                    "60000000": {
                        "all_time": 3.532401487592142,
                        "any_time": 12.332606749900151,
                        "exact_time": 0.008160854293964803,
                        "table_size": 4923064320.0,
                        "index_time": 69.26575495803263,
                        "all_explanation": {
                            "Plan": {
                                "Node Type": "Index Scan",
                                "Parallel Aware": false,
                                "Async Capable": false,
                                "Scan Direction": "Forward",
                                "Index Name": "bool_multi",
                                "Relation Name": "tests_benchmark_booltester015",
                                "Schema": "public",
                                "Alias": "tests_benchmark_booltester015",
                                "Startup Cost": 0.56,
                                "Total Cost": 275640.06,
                                "Plan Rows": 87781,
                                "Plan Width": 24,
                                "Actual Startup Time": 0.216,
                                "Actual Total Time": 672.894,
                                "Actual Rows": 116915,
                                "Actual Loops": 1,
                                "Output": [
                                    "id",
                                    "flg_0",
                                    "flg_1",
                                    "flg_2",
                                    "flg_3",
                                    "flg_4",
                                    "flg_5",
                                    "flg_6",
                                    "flg_7",
                                    "flg_8",
                                    "flg_9",
                                    "flg_10",
                                    "flg_11",
                                    "flg_12",
                                    "flg_13",
                                    "flg_14",
                                    "flg_15"
                                ],
                                "Index Cond": "((tests_benchmark_booltester015.flg_0 = true) AND (tests_benchmark_booltester015.flg_1 = ANY ('{t,f}'::boolean[])) AND (tests_benchmark_booltester015.flg_2 = ANY ('{t,f}'::boolean[])) AND (tests_benchmark_booltester015.flg_3 = true) AND (tests_benchmark_booltester015.flg_4 = true) AND (tests_benchmark_booltester015.flg_5 = true) AND (tests_benchmark_booltester015.flg_6 = true) AND (tests_benchmark_booltester015.flg_7 = true) AND (tests_benchmark_booltester015.flg_8 = true) AND (tests_benchmark_booltester015.flg_9 = ANY ('{t,f}'::boolean[])) AND (tests_benchmark_booltester015.flg_10 = ANY ('{t,f}'::boolean[])) AND (tests_benchmark_booltester015.flg_11 = ANY ('{t,f}'::boolean[])) AND (tests_benchmark_booltester015.flg_12 = true) AND (tests_benchmark_booltester015.flg_13 = ANY ('{t,f}'::boolean[])) AND (tests_benchmark_booltester015.flg_14 = true) AND (tests_benchmark_booltester015.flg_15 = ANY ('{t,f}'::boolean[])))",
                                "Rows Removed by Index Recheck": 0,
                                "Shared Hit Blocks": 5291,
                                "Shared Read Blocks": 112094,
                                "Shared Dirtied Blocks": 0,
                                "Shared Written Blocks": 111,
                                "Local Hit Blocks": 0,
                                "Local Read Blocks": 0,
                                "Local Dirtied Blocks": 0,
                                "Local Written Blocks": 0,
                                "Temp Read Blocks": 0,
                                "Temp Written Blocks": 0,
                                "WAL Records": 0,
                                "WAL FPI": 0,
                                "WAL Bytes": 0
                            },
                            "Settings": {},
                            "Planning": {
                                "Shared Hit Blocks": 0,
                                "Shared Read Blocks": 0,
                                "Shared Dirtied Blocks": 0,
                                "Shared Written Blocks": 0,
                                "Local Hit Blocks": 0,
                                "Local Read Blocks": 0,
                                "Local Dirtied Blocks": 0,
                                "Local Written Blocks": 0,
                                "Temp Read Blocks": 0,
                                "Temp Written Blocks": 0
                            },
                            "Planning Time": 0.091,
                            "Triggers": [],
                            "Execution Time": 675.353
                        },
                        "any_explanation": {
                            "Plan": {
                                "Node Type": "Seq Scan",
                                "Parallel Aware": false,
                                "Async Capable": false,
                                "Relation Name": "tests_benchmark_booltester015",
                                "Schema": "public",
                                "Alias": "tests_benchmark_booltester015",
                                "Startup Cost": 0.0,
                                "Total Cost": 982166.0,
                                "Plan Rows": 59882694,
                                "Plan Width": 24,
                                "Actual Startup Time": 0.013,
                                "Actual Total Time": 7095.208,
                                "Actual Rows": 59883198,
                                "Actual Loops": 1,
                                "Output": [
                                    "id",
                                    "flg_0",
                                    "flg_1",
                                    "flg_2",
                                    "flg_3",
                                    "flg_4",
                                    "flg_5",
                                    "flg_6",
                                    "flg_7",
                                    "flg_8",
                                    "flg_9",
                                    "flg_10",
                                    "flg_11",
                                    "flg_12",
                                    "flg_13",
                                    "flg_14",
                                    "flg_15"
                                ],
                                "Filter": "(tests_benchmark_booltester015.flg_0 OR tests_benchmark_booltester015.flg_3 OR tests_benchmark_booltester015.flg_4 OR tests_benchmark_booltester015.flg_5 OR tests_benchmark_booltester015.flg_6 OR tests_benchmark_booltester015.flg_7 OR tests_benchmark_booltester015.flg_8 OR tests_benchmark_booltester015.flg_12 OR tests_benchmark_booltester015.flg_14)",
                                "Rows Removed by Filter": 116803,
                                "Shared Hit Blocks": 16158,
                                "Shared Read Blocks": 366008,
                                "Shared Dirtied Blocks": 0,
                                "Shared Written Blocks": 0,
                                "Local Hit Blocks": 0,
                                "Local Read Blocks": 0,
                                "Local Dirtied Blocks": 0,
                                "Local Written Blocks": 0,
                                "Temp Read Blocks": 0,
                                "Temp Written Blocks": 0,
                                "WAL Records": 0,
                                "WAL FPI": 0,
                                "WAL Bytes": 0
                            },
                            "Settings": {},
                            "Planning": {
                                "Shared Hit Blocks": 0,
                                "Shared Read Blocks": 0,
                                "Shared Dirtied Blocks": 0,
                                "Shared Written Blocks": 0,
                                "Local Hit Blocks": 0,
                                "Local Read Blocks": 0,
                                "Local Dirtied Blocks": 0,
                                "Local Written Blocks": 0,
                                "Temp Read Blocks": 0,
                                "Temp Written Blocks": 0
                            },
                            "Planning Time": 0.054,
                            "Triggers": [],
                            "Execution Time": 8304.602
                        },
                        "exact_explanation": {
                            "Plan": {
                                "Node Type": "Index Scan",
                                "Parallel Aware": false,
                                "Async Capable": false,
                                "Scan Direction": "Forward",
                                "Index Name": "bool_multi",
                                "Relation Name": "tests_benchmark_booltester015",
                                "Schema": "public",
                                "Alias": "tests_benchmark_booltester015",
                                "Startup Cost": 0.56,
                                "Total Cost": 3202.48,
                                "Plan Rows": 918,
                                "Plan Width": 24,
                                "Actual Startup Time": 0.208,
                                "Actual Total Time": 4.068,
                                "Actual Rows": 861,
                                "Actual Loops": 1,
                                "Output": [
                                    "id",
                                    "flg_0",
                                    "flg_1",
                                    "flg_2",
                                    "flg_3",
                                    "flg_4",
                                    "flg_5",
                                    "flg_6",
                                    "flg_7",
                                    "flg_8",
                                    "flg_9",
                                    "flg_10",
                                    "flg_11",
                                    "flg_12",
                                    "flg_13",
                                    "flg_14",
                                    "flg_15"
                                ],
                                "Index Cond": "((tests_benchmark_booltester015.flg_0 = true) AND (tests_benchmark_booltester015.flg_1 = false) AND (tests_benchmark_booltester015.flg_2 = false) AND (tests_benchmark_booltester015.flg_3 = true) AND (tests_benchmark_booltester015.flg_4 = true) AND (tests_benchmark_booltester015.flg_5 = true) AND (tests_benchmark_booltester015.flg_6 = true) AND (tests_benchmark_booltester015.flg_7 = true) AND (tests_benchmark_booltester015.flg_8 = true) AND (tests_benchmark_booltester015.flg_9 = false) AND (tests_benchmark_booltester015.flg_10 = false) AND (tests_benchmark_booltester015.flg_11 = false) AND (tests_benchmark_booltester015.flg_12 = true) AND (tests_benchmark_booltester015.flg_13 = false) AND (tests_benchmark_booltester015.flg_14 = true) AND (tests_benchmark_booltester015.flg_15 = false))",
                                "Rows Removed by Index Recheck": 0,
                                "Shared Hit Blocks": 531,
                                "Shared Read Blocks": 333,
                                "Shared Dirtied Blocks": 0,
                                "Shared Written Blocks": 0,
                                "Local Hit Blocks": 0,
                                "Local Read Blocks": 0,
                                "Local Dirtied Blocks": 0,
                                "Local Written Blocks": 0,
                                "Temp Read Blocks": 0,
                                "Temp Written Blocks": 0,
                                "WAL Records": 0,
                                "WAL FPI": 0,
                                "WAL Bytes": 0
                            },
                            "Settings": {},
                            "Planning": {
                                "Shared Hit Blocks": 0,
                                "Shared Read Blocks": 0,
                                "Shared Dirtied Blocks": 0,
                                "Shared Written Blocks": 0,
                                "Local Hit Blocks": 0,
                                "Local Read Blocks": 0,
                                "Local Dirtied Blocks": 0,
                                "Local Written Blocks": 0,
                                "Temp Read Blocks": 0,
                                "Temp Written Blocks": 0
                            },
                            "Planning Time": 0.044,
                            "Triggers": [],
                            "Execution Time": 4.092
                        },
                        "all_ftr_time": 6.1746837,
                        "any_ftr_time": 8.512038800000001,
                        "exact_ftr_time": 0.0099351
                    },
                    "80000000": {
                        "all_time": 6.140670787484851,
                        "any_time": 19.525492816604675,
                        "exact_time": 0.018954991793725638,
                        "table_size": 6556745728.0,
                        "index_time": 92.20767487492412,
                        "all_explanation": {
                            "Plan": {
                                "Node Type": "Index Scan",
                                "Parallel Aware": false,
                                "Async Capable": false,
                                "Scan Direction": "Forward",
                                "Index Name": "bool_multi",
                                "Relation Name": "tests_benchmark_booltester015",
                                "Schema": "public",
                                "Alias": "tests_benchmark_booltester015",
                                "Startup Cost": 0.57,
                                "Total Cost": 55845.35,
                                "Plan Rows": 16224,
                                "Plan Width": 24,
                                "Actual Startup Time": 0.174,
                                "Actual Total Time": 2334.434,
                                "Actual Rows": 38892,
                                "Actual Loops": 1,
                                "Output": [
                                    "id",
                                    "flg_0",
                                    "flg_1",
                                    "flg_2",
                                    "flg_3",
                                    "flg_4",
                                    "flg_5",
                                    "flg_6",
                                    "flg_7",
                                    "flg_8",
                                    "flg_9",
                                    "flg_10",
                                    "flg_11",
                                    "flg_12",
                                    "flg_13",
                                    "flg_14",
                                    "flg_15"
                                ],
                                "Index Cond": "((tests_benchmark_booltester015.flg_0 = true) AND (tests_benchmark_booltester015.flg_1 = true) AND (tests_benchmark_booltester015.flg_2 = true) AND (tests_benchmark_booltester015.flg_3 = true) AND (tests_benchmark_booltester015.flg_4 = ANY ('{t,f}'::boolean[])) AND (tests_benchmark_booltester015.flg_5 = true) AND (tests_benchmark_booltester015.flg_6 = true) AND (tests_benchmark_booltester015.flg_7 = true) AND (tests_benchmark_booltester015.flg_8 = ANY ('{t,f}'::boolean[])) AND (tests_benchmark_booltester015.flg_9 = true) AND (tests_benchmark_booltester015.flg_10 = ANY ('{t,f}'::boolean[])) AND (tests_benchmark_booltester015.flg_11 = ANY ('{t,f}'::boolean[])) AND (tests_benchmark_booltester015.flg_12 = true) AND (tests_benchmark_booltester015.flg_13 = true) AND (tests_benchmark_booltester015.flg_14 = ANY ('{t,f}'::boolean[])) AND (tests_benchmark_booltester015.flg_15 = true))",
                                "Rows Removed by Index Recheck": 0,
                                "Shared Hit Blocks": 2529,
                                "Shared Read Blocks": 36482,
                                "Shared Dirtied Blocks": 0,
                                "Shared Written Blocks": 1,
                                "Local Hit Blocks": 0,
                                "Local Read Blocks": 0,
                                "Local Dirtied Blocks": 0,
                                "Local Written Blocks": 0,
                                "Temp Read Blocks": 0,
                                "Temp Written Blocks": 0,
                                "WAL Records": 0,
                                "WAL FPI": 0,
                                "WAL Bytes": 0
                            },
                            "Settings": {},
                            "Planning": {
                                "Shared Hit Blocks": 0,
                                "Shared Read Blocks": 0,
                                "Shared Dirtied Blocks": 0,
                                "Shared Written Blocks": 0,
                                "Local Hit Blocks": 0,
                                "Local Read Blocks": 0,
                                "Local Dirtied Blocks": 0,
                                "Local Written Blocks": 0,
                                "Temp Read Blocks": 0,
                                "Temp Written Blocks": 0
                            },
                            "Planning Time": 0.075,
                            "Triggers": [],
                            "Execution Time": 2335.43
                        },
                        "any_explanation": {
                            "Plan": {
                                "Node Type": "Seq Scan",
                                "Parallel Aware": false,
                                "Async Capable": false,
                                "Relation Name": "tests_benchmark_booltester015",
                                "Schema": "public",
                                "Alias": "tests_benchmark_booltester015",
                                "Startup Cost": 0.0,
                                "Total Cost": 1309555.0,
                                "Plan Rows": 79960327,
                                "Plan Width": 24,
                                "Actual Startup Time": 0.355,
                                "Actual Total Time": 10441.742,
                                "Actual Rows": 79960999,
                                "Actual Loops": 1,
                                "Output": [
                                    "id",
                                    "flg_0",
                                    "flg_1",
                                    "flg_2",
                                    "flg_3",
                                    "flg_4",
                                    "flg_5",
                                    "flg_6",
                                    "flg_7",
                                    "flg_8",
                                    "flg_9",
                                    "flg_10",
                                    "flg_11",
                                    "flg_12",
                                    "flg_13",
                                    "flg_14",
                                    "flg_15"
                                ],
                                "Filter": "(tests_benchmark_booltester015.flg_0 OR tests_benchmark_booltester015.flg_1 OR tests_benchmark_booltester015.flg_2 OR tests_benchmark_booltester015.flg_3 OR tests_benchmark_booltester015.flg_5 OR tests_benchmark_booltester015.flg_6 OR tests_benchmark_booltester015.flg_7 OR tests_benchmark_booltester015.flg_9 OR tests_benchmark_booltester015.flg_12 OR tests_benchmark_booltester015.flg_13 OR tests_benchmark_booltester015.flg_15)",
                                "Rows Removed by Filter": 39002,
                                "Shared Hit Blocks": 16165,
                                "Shared Read Blocks": 493390,
                                "Shared Dirtied Blocks": 0,
                                "Shared Written Blocks": 0,
                                "Local Hit Blocks": 0,
                                "Local Read Blocks": 0,
                                "Local Dirtied Blocks": 0,
                                "Local Written Blocks": 0,
                                "Temp Read Blocks": 0,
                                "Temp Written Blocks": 0,
                                "WAL Records": 0,
                                "WAL FPI": 0,
                                "WAL Bytes": 0
                            },
                            "Settings": {},
                            "Planning": {
                                "Shared Hit Blocks": 0,
                                "Shared Read Blocks": 0,
                                "Shared Dirtied Blocks": 0,
                                "Shared Written Blocks": 0,
                                "Local Hit Blocks": 0,
                                "Local Read Blocks": 0,
                                "Local Dirtied Blocks": 0,
                                "Local Written Blocks": 0,
                                "Temp Read Blocks": 0,
                                "Temp Written Blocks": 0
                            },
                            "Planning Time": 0.065,
                            "Triggers": [],
                            "Execution Time": 12075.026
                        },
                        "exact_explanation": {
                            "Plan": {
                                "Node Type": "Index Scan",
                                "Parallel Aware": false,
                                "Async Capable": false,
                                "Scan Direction": "Forward",
                                "Index Name": "bool_multi",
                                "Relation Name": "tests_benchmark_booltester015",
                                "Schema": "public",
                                "Alias": "tests_benchmark_booltester015",
                                "Startup Cost": 0.57,
                                "Total Cost": 4147.96,
                                "Plan Rows": 1188,
                                "Plan Width": 24,
                                "Actual Startup Time": 0.162,
                                "Actual Total Time": 46.585,
                                "Actual Rows": 1227,
                                "Actual Loops": 1,
                                "Output": [
                                    "id",
                                    "flg_0",
                                    "flg_1",
                                    "flg_2",
                                    "flg_3",
                                    "flg_4",
                                    "flg_5",
                                    "flg_6",
                                    "flg_7",
                                    "flg_8",
                                    "flg_9",
                                    "flg_10",
                                    "flg_11",
                                    "flg_12",
                                    "flg_13",
                                    "flg_14",
                                    "flg_15"
                                ],
                                "Index Cond": "((tests_benchmark_booltester015.flg_0 = true) AND (tests_benchmark_booltester015.flg_1 = true) AND (tests_benchmark_booltester015.flg_2 = true) AND (tests_benchmark_booltester015.flg_3 = true) AND (tests_benchmark_booltester015.flg_4 = false) AND (tests_benchmark_booltester015.flg_5 = true) AND (tests_benchmark_booltester015.flg_6 = true) AND (tests_benchmark_booltester015.flg_7 = true) AND (tests_benchmark_booltester015.flg_8 = false) AND (tests_benchmark_booltester015.flg_9 = true) AND (tests_benchmark_booltester015.flg_10 = false) AND (tests_benchmark_booltester015.flg_11 = false) AND (tests_benchmark_booltester015.flg_12 = true) AND (tests_benchmark_booltester015.flg_13 = true) AND (tests_benchmark_booltester015.flg_14 = false) AND (tests_benchmark_booltester015.flg_15 = true))",
                                "Rows Removed by Index Recheck": 0,
                                "Shared Hit Blocks": 477,
                                "Shared Read Blocks": 752,
                                "Shared Dirtied Blocks": 0,
                                "Shared Written Blocks": 0,
                                "Local Hit Blocks": 0,
                                "Local Read Blocks": 0,
                                "Local Dirtied Blocks": 0,
                                "Local Written Blocks": 0,
                                "Temp Read Blocks": 0,
                                "Temp Written Blocks": 0,
                                "WAL Records": 0,
                                "WAL FPI": 0,
                                "WAL Bytes": 0
                            },
                            "Settings": {},
                            "Planning": {
                                "Shared Hit Blocks": 0,
                                "Shared Read Blocks": 0,
                                "Shared Dirtied Blocks": 0,
                                "Shared Written Blocks": 0,
                                "Local Hit Blocks": 0,
                                "Local Read Blocks": 0,
                                "Local Dirtied Blocks": 0,
                                "Local Written Blocks": 0,
                                "Temp Read Blocks": 0,
                                "Temp Written Blocks": 0
                            },
                            "Planning Time": 0.04,
                            "Triggers": [],
                            "Execution Time": 46.623
                        },
                        "all_ftr_time": 20.220204900000002,
                        "any_ftr_time": 11.660490900000001,
                        "exact_ftr_time": 0.05461350000000001
                    },
                    "100000000": {
                        "all_time": 21.978452812333124,
                        "any_time": 25.347917337389664,
                        "exact_time": 0.01743171669077128,
                        "table_size": 8196718592.0,
                        "index_time": 189.46293183299713,
                        "all_explanation": {
                            "Plan": {
                                "Node Type": "Bitmap Heap Scan",
                                "Parallel Aware": false,
                                "Async Capable": false,
                                "Relation Name": "tests_benchmark_booltester015",
                                "Schema": "public",
                                "Alias": "tests_benchmark_booltester015",
                                "Startup Cost": 2782.88,
                                "Total Cost": 169614.63,
                                "Plan Rows": 55027,
                                "Plan Width": 24,
                                "Actual Startup Time": 25.784,
                                "Actual Total Time": 7099.124,
                                "Actual Rows": 97659,
                                "Actual Loops": 1,
                                "Output": [
                                    "id",
                                    "flg_0",
                                    "flg_1",
                                    "flg_2",
                                    "flg_3",
                                    "flg_4",
                                    "flg_5",
                                    "flg_6",
                                    "flg_7",
                                    "flg_8",
                                    "flg_9",
                                    "flg_10",
                                    "flg_11",
                                    "flg_12",
                                    "flg_13",
                                    "flg_14",
                                    "flg_15"
                                ],
                                "Recheck Cond": "((tests_benchmark_booltester015.flg_0 = ANY ('{t,f}'::boolean[])) AND (tests_benchmark_booltester015.flg_1 = ANY ('{t,f}'::boolean[])) AND (tests_benchmark_booltester015.flg_4 = ANY ('{t,f}'::boolean[])) AND (tests_benchmark_booltester015.flg_6 = ANY ('{t,f}'::boolean[])) AND (tests_benchmark_booltester015.flg_12 = ANY ('{t,f}'::boolean[])) AND (tests_benchmark_booltester015.flg_14 = ANY ('{t,f}'::boolean[])))",
                                "Rows Removed by Index Recheck": 0,
                                "Filter": "(tests_benchmark_booltester015.flg_2 AND tests_benchmark_booltester015.flg_3 AND tests_benchmark_booltester015.flg_5 AND tests_benchmark_booltester015.flg_7 AND tests_benchmark_booltester015.flg_8 AND tests_benchmark_booltester015.flg_9 AND tests_benchmark_booltester015.flg_10 AND tests_benchmark_booltester015.flg_11 AND tests_benchmark_booltester015.flg_13 AND tests_benchmark_booltester015.flg_15)",
                                "Rows Removed by Filter": 5512329,
                                "Exact Heap Blocks": 55224,
                                "Lossy Heap Blocks": 35358,
                                "Shared Hit Blocks": 994,
                                "Shared Read Blocks": 89926,
                                "Shared Dirtied Blocks": 0,
                                "Shared Written Blocks": 0,
                                "Local Hit Blocks": 0,
                                "Local Read Blocks": 0,
                                "Local Dirtied Blocks": 0,
                                "Local Written Blocks": 0,
                                "Temp Read Blocks": 0,
                                "Temp Written Blocks": 0,
                                "WAL Records": 0,
                                "WAL FPI": 0,
                                "WAL Bytes": 0,
                                "Plans": [
                                    {
                                        "Node Type": "Bitmap Index Scan",
                                        "Parent Relationship": "Outer",
                                        "Parallel Aware": false,
                                        "Async Capable": false,
                                        "Index Name": "bool_multi",
                                        "Startup Cost": 0.0,
                                        "Total Cost": 2769.12,
                                        "Plan Rows": 55027,
                                        "Plan Width": 0,
                                        "Actual Startup Time": 19.578,
                                        "Actual Total Time": 19.578,
                                        "Actual Rows": 97659,
                                        "Actual Loops": 1,
                                        "Index Cond": "((tests_benchmark_booltester015.flg_0 = ANY ('{t,f}'::boolean[])) AND (tests_benchmark_booltester015.flg_1 = ANY ('{t,f}'::boolean[])) AND (tests_benchmark_booltester015.flg_2 = true) AND (tests_benchmark_booltester015.flg_3 = true) AND (tests_benchmark_booltester015.flg_4 = ANY ('{t,f}'::boolean[])) AND (tests_benchmark_booltester015.flg_5 = true) AND (tests_benchmark_booltester015.flg_6 = ANY ('{t,f}'::boolean[])) AND (tests_benchmark_booltester015.flg_7 = true) AND (tests_benchmark_booltester015.flg_8 = true) AND (tests_benchmark_booltester015.flg_9 = true) AND (tests_benchmark_booltester015.flg_10 = true) AND (tests_benchmark_booltester015.flg_11 = true) AND (tests_benchmark_booltester015.flg_12 = ANY ('{t,f}'::boolean[])) AND (tests_benchmark_booltester015.flg_13 = true) AND (tests_benchmark_booltester015.flg_14 = ANY ('{t,f}'::boolean[])) AND (tests_benchmark_booltester015.flg_15 = true))",
                                        "Shared Hit Blocks": 338,
                                        "Shared Read Blocks": 0,
                                        "Shared Dirtied Blocks": 0,
                                        "Shared Written Blocks": 0,
                                        "Local Hit Blocks": 0,
                                        "Local Read Blocks": 0,
                                        "Local Dirtied Blocks": 0,
                                        "Local Written Blocks": 0,
                                        "Temp Read Blocks": 0,
                                        "Temp Written Blocks": 0,
                                        "WAL Records": 0,
                                        "WAL FPI": 0,
                                        "WAL Bytes": 0
                                    }
                                ]
                            },
                            "Settings": {},
                            "Planning": {
                                "Shared Hit Blocks": 0,
                                "Shared Read Blocks": 0,
                                "Shared Dirtied Blocks": 0,
                                "Shared Written Blocks": 0,
                                "Local Hit Blocks": 0,
                                "Local Read Blocks": 0,
                                "Local Dirtied Blocks": 0,
                                "Local Written Blocks": 0,
                                "Temp Read Blocks": 0,
                                "Temp Written Blocks": 0
                            },
                            "Planning Time": 0.049,
                            "Triggers": [],
                            "Execution Time": 7103.113
                        },
                        "any_explanation": {
                            "Plan": {
                                "Node Type": "Seq Scan",
                                "Parallel Aware": false,
                                "Async Capable": false,
                                "Relation Name": "tests_benchmark_booltester015",
                                "Schema": "public",
                                "Alias": "tests_benchmark_booltester015",
                                "Startup Cost": 0.0,
                                "Total Cost": 1636943.48,
                                "Plan Rows": 99902608,
                                "Plan Width": 24,
                                "Actual Startup Time": 0.323,
                                "Actual Total Time": 10633.802,
                                "Actual Rows": 99901768,
                                "Actual Loops": 1,
                                "Output": [
                                    "id",
                                    "flg_0",
                                    "flg_1",
                                    "flg_2",
                                    "flg_3",
                                    "flg_4",
                                    "flg_5",
                                    "flg_6",
                                    "flg_7",
                                    "flg_8",
                                    "flg_9",
                                    "flg_10",
                                    "flg_11",
                                    "flg_12",
                                    "flg_13",
                                    "flg_14",
                                    "flg_15"
                                ],
                                "Filter": "(tests_benchmark_booltester015.flg_2 OR tests_benchmark_booltester015.flg_3 OR tests_benchmark_booltester015.flg_5 OR tests_benchmark_booltester015.flg_7 OR tests_benchmark_booltester015.flg_8 OR tests_benchmark_booltester015.flg_9 OR tests_benchmark_booltester015.flg_10 OR tests_benchmark_booltester015.flg_11 OR tests_benchmark_booltester015.flg_13 OR tests_benchmark_booltester015.flg_15)",
                                "Rows Removed by Filter": 98233,
                                "Shared Hit Blocks": 16116,
                                "Shared Read Blocks": 620827,
                                "Shared Dirtied Blocks": 0,
                                "Shared Written Blocks": 0,
                                "Local Hit Blocks": 0,
                                "Local Read Blocks": 0,
                                "Local Dirtied Blocks": 0,
                                "Local Written Blocks": 0,
                                "Temp Read Blocks": 0,
                                "Temp Written Blocks": 0,
                                "WAL Records": 0,
                                "WAL FPI": 0,
                                "WAL Bytes": 0
                            },
                            "Settings": {},
                            "Planning": {
                                "Shared Hit Blocks": 0,
                                "Shared Read Blocks": 0,
                                "Shared Dirtied Blocks": 0,
                                "Shared Written Blocks": 0,
                                "Local Hit Blocks": 0,
                                "Local Read Blocks": 0,
                                "Local Dirtied Blocks": 0,
                                "Local Written Blocks": 0,
                                "Temp Read Blocks": 0,
                                "Temp Written Blocks": 0
                            },
                            "Planning Time": 0.078,
                            "Triggers": [],
                            "Execution Time": 12659.187
                        },
                        "exact_explanation": {
                            "Plan": {
                                "Node Type": "Index Scan",
                                "Parallel Aware": false,
                                "Async Capable": false,
                                "Scan Direction": "Forward",
                                "Index Name": "bool_multi",
                                "Relation Name": "tests_benchmark_booltester015",
                                "Schema": "public",
                                "Alias": "tests_benchmark_booltester015",
                                "Startup Cost": 0.57,
                                "Total Cost": 5182.87,
                                "Plan Rows": 1480,
                                "Plan Width": 24,
                                "Actual Startup Time": 0.155,
                                "Actual Total Time": 87.032,
                                "Actual Rows": 1472,
                                "Actual Loops": 1,
                                "Output": [
                                    "id",
                                    "flg_0",
                                    "flg_1",
                                    "flg_2",
                                    "flg_3",
                                    "flg_4",
                                    "flg_5",
                                    "flg_6",
                                    "flg_7",
                                    "flg_8",
                                    "flg_9",
                                    "flg_10",
                                    "flg_11",
                                    "flg_12",
                                    "flg_13",
                                    "flg_14",
                                    "flg_15"
                                ],
                                "Index Cond": "((tests_benchmark_booltester015.flg_0 = false) AND (tests_benchmark_booltester015.flg_1 = false) AND (tests_benchmark_booltester015.flg_2 = true) AND (tests_benchmark_booltester015.flg_3 = true) AND (tests_benchmark_booltester015.flg_4 = false) AND (tests_benchmark_booltester015.flg_5 = true) AND (tests_benchmark_booltester015.flg_6 = false) AND (tests_benchmark_booltester015.flg_7 = true) AND (tests_benchmark_booltester015.flg_8 = true) AND (tests_benchmark_booltester015.flg_9 = true) AND (tests_benchmark_booltester015.flg_10 = true) AND (tests_benchmark_booltester015.flg_11 = true) AND (tests_benchmark_booltester015.flg_12 = false) AND (tests_benchmark_booltester015.flg_13 = true) AND (tests_benchmark_booltester015.flg_14 = false) AND (tests_benchmark_booltester015.flg_15 = true))",
                                "Rows Removed by Index Recheck": 0,
                                "Shared Hit Blocks": 225,
                                "Shared Read Blocks": 1251,
                                "Shared Dirtied Blocks": 0,
                                "Shared Written Blocks": 0,
                                "Local Hit Blocks": 0,
                                "Local Read Blocks": 0,
                                "Local Dirtied Blocks": 0,
                                "Local Written Blocks": 0,
                                "Temp Read Blocks": 0,
                                "Temp Written Blocks": 0,
                                "WAL Records": 0,
                                "WAL FPI": 0,
                                "WAL Bytes": 0
                            },
                            "Settings": {},
                            "Planning": {
                                "Shared Hit Blocks": 0,
                                "Shared Read Blocks": 0,
                                "Shared Dirtied Blocks": 0,
                                "Shared Written Blocks": 0,
                                "Local Hit Blocks": 0,
                                "Local Read Blocks": 0,
                                "Local Dirtied Blocks": 0,
                                "Local Written Blocks": 0,
                                "Temp Read Blocks": 0,
                                "Temp Written Blocks": 0
                            },
                            "Planning Time": 0.037,
                            "Triggers": [],
                            "Execution Time": 87.083
                        },
                        "all_ftr_time": 100.01377729999999,
                        "any_ftr_time": 14.477321900000002,
                        "exact_ftr_time": 0.09045419999999998
                    }
                }
            }
        }
    },
    "size": {
        "size": {
            "postgresql 32GB RAM": {
                "flags": {
                    "total": [
                        180224.0,
                        180224.0,
                        180224.0,
                        180224.0,
                        180224.0,
                        180224.0,
                        180224.0,
                        180224.0,
                        180224.0,
                        180224.0,
                        180224.0,
                        180224.0,
                        180224.0,
                        180224.0,
                        180224.0,
                        180224.0,
                        180224.0,
                        180224.0,
                        180224.0,
                        180224.0,
                        180224.0,
                        180224.0,
                        180224.0,
                        180224.0,
                        180224.0,
                        180224.0,
                        180224.0,
                        180224.0,
                        180224.0,
                        180224.0,
                        180224.0,
                        180224.0,
                        180224.0,
                        180224.0,
                        180224.0,
                        180224.0,
                        180224.0,
                        180224.0,
                        180224.0,
                        180224.0,
                        180224.0,
                        180224.0,
                        180224.0,
                        180224.0,
                        180224.0,
                        180224.0,
                        180224.0,
                        180224.0,
                        180224.0,
                        180224.0,
                        180224.0,
                        180224.0,
                        180224.0,
                        180224.0,
                        180224.0,
                        180224.0,
                        180224.0,
                        180224.0,
                        180224.0,
                        180224.0,
                        180224.0,
                        180224.0,
                        180224.0
                    ],
                    "table": [
                        90112.0,
                        90112.0,
                        90112.0,
                        90112.0,
                        90112.0,
                        90112.0,
                        90112.0,
                        90112.0,
                        90112.0,
                        90112.0,
                        90112.0,
                        90112.0,
                        90112.0,
                        90112.0,
                        90112.0,
                        90112.0,
                        90112.0,
                        90112.0,
                        90112.0,
                        90112.0,
                        90112.0,
                        90112.0,
                        90112.0,
                        90112.0,
                        90112.0,
                        90112.0,
                        90112.0,
                        90112.0,
                        90112.0,
                        90112.0,
                        90112.0,
                        90112.0,
                        90112.0,
                        90112.0,
                        90112.0,
                        90112.0,
                        90112.0,
                        90112.0,
                        90112.0,
                        90112.0,
                        90112.0,
                        90112.0,
                        90112.0,
                        90112.0,
                        90112.0,
                        90112.0,
                        90112.0,
                        90112.0,
                        90112.0,
                        90112.0,
                        90112.0,
                        90112.0,
                        90112.0,
                        90112.0,
                        90112.0,
                        90112.0,
                        90112.0,
                        90112.0,
                        90112.0,
                        90112.0,
                        90112.0,
                        90112.0,
                        90112.0
                    ],
                    "column": [
                        2000,
                        2000,
                        2000,
                        2000,
                        2000,
                        2000,
                        2000,
                        2000,
                        2000,
                        2000,
                        2000,
                        2000,
                        2000,
                        2000,
                        2000,
                        4000,
                        4000,
                        4000,
                        4000,
                        4000,
                        4000,
                        4000,
                        4000,
                        4000,
                        4000,
                        4000,
                        4000,
                        4000,
                        4000,
                        4000,
                        4000,
                        8000,
                        8000,
                        8000,
                        8000,
                        8000,
                        8000,
                        8000,
                        8000,
                        8000,
                        8000,
                        8000,
                        8000,
                        8000,
                        8000,
                        8000,
                        8000,
                        8000,
                        8000,
                        8000,
                        8000,
                        8000,
                        8000,
                        8000,
                        8000,
                        8000,
                        8000,
                        8000,
                        8000,
                        8000,
                        8000,
                        8000,
                        8000
                    ]
                },
                "bools": {
                    "total": [
                        180224.0,
                        180224.0,
                        180224.0,
                        180224.0,
                        180224.0,
                        180224.0,
                        180224.0,
                        180224.0,
                        196608.0,
                        196608.0,
                        196608.0,
                        196608.0,
                        196608.0,
                        196608.0,
                        196608.0,
                        196608.0,
                        212992.0,
                        212992.0,
                        212992.0,
                        212992.0,
                        212992.0,
                        212992.0,
                        212992.0,
                        212992.0,
                        229376.0,
                        229376.0,
                        229376.0,
                        229376.0,
                        229376.0,
                        229376.0,
                        229376.0,
                        229376.0,
                        245760.0,
                        245760.0,
                        245760.0,
                        245760.0,
                        245760.0,
                        245760.0,
                        245760.0,
                        245760.0,
                        262144.0,
                        262144.0,
                        262144.0,
                        262144.0,
                        262144.0,
                        262144.0,
                        262144.0,
                        262144.0,
                        278528.0,
                        278528.0,
                        278528.0,
                        278528.0,
                        278528.0,
                        278528.0,
                        278528.0,
                        278528.0,
                        294912.0,
                        294912.0,
                        294912.0,
                        294912.0,
                        294912.0,
                        294912.0,
                        294912.0
                    ],
                    "table": [
                        90112.0,
                        90112.0,
                        90112.0,
                        90112.0,
                        90112.0,
                        90112.0,
                        90112.0,
                        90112.0,
                        106496.0,
                        106496.0,
                        106496.0,
                        106496.0,
                        106496.0,
                        106496.0,
                        106496.0,
                        106496.0,
                        122880.0,
                        122880.0,
                        122880.0,
                        122880.0,
                        122880.0,
                        122880.0,
                        122880.0,
                        122880.0,
                        139264.0,
                        139264.0,
                        139264.0,
                        139264.0,
                        139264.0,
                        139264.0,
                        139264.0,
                        139264.0,
                        155648.0,
                        155648.0,
                        155648.0,
                        155648.0,
                        155648.0,
                        155648.0,
                        155648.0,
                        155648.0,
                        172032.0,
                        172032.0,
                        172032.0,
                        172032.0,
                        172032.0,
                        172032.0,
                        172032.0,
                        172032.0,
                        188416.0,
                        188416.0,
                        188416.0,
                        188416.0,
                        188416.0,
                        188416.0,
                        188416.0,
                        188416.0,
                        204800.0,
                        204800.0,
                        204800.0,
                        204800.0,
                        204800.0,
                        204800.0,
                        204800.0
                    ],
                    "column": [
                        1000,
                        2000,
                        3000,
                        4000,
                        5000,
                        6000,
                        7000,
                        8000,
                        9000,
                        10000,
                        11000,
                        12000,
                        13000,
                        14000,
                        15000,
                        16000,
                        17000,
                        18000,
                        19000,
                        20000,
                        21000,
                        22000,
                        23000,
                        24000,
                        25000,
                        26000,
                        27000,
                        28000,
                        29000,
                        30000,
                        31000,
                        32000,
                        33000,
                        34000,
                        35000,
                        36000,
                        37000,
                        38000,
                        39000,
                        40000,
                        41000,
                        42000,
                        43000,
                        44000,
                        45000,
                        46000,
                        47000,
                        48000,
                        49000,
                        50000,
                        51000,
                        52000,
                        53000,
                        54000,
                        55000,
                        56000,
                        57000,
                        58000,
                        59000,
                        60000,
                        61000,
                        62000,
                        63000
                    ]
                }
            },
            "count": 1000
        },
        "postgresql": {
            "flags": {
                "total": [
                    180224.0,
                    180224.0,
                    180224.0,
                    180224.0,
                    180224.0,
                    180224.0,
                    180224.0,
                    180224.0,
                    180224.0,
                    180224.0,
                    180224.0,
                    180224.0,
                    180224.0,
                    180224.0,
                    180224.0,
                    180224.0,
                    180224.0,
                    180224.0,
                    180224.0,
                    180224.0,
                    180224.0,
                    180224.0,
                    180224.0,
                    180224.0,
                    180224.0,
                    180224.0,
                    180224.0,
                    180224.0,
                    180224.0,
                    180224.0,
                    180224.0,
                    180224.0,
                    180224.0,
                    180224.0,
                    180224.0,
                    180224.0,
                    180224.0,
                    180224.0,
                    180224.0,
                    180224.0,
                    180224.0,
                    180224.0,
                    180224.0,
                    180224.0,
                    180224.0,
                    180224.0,
                    180224.0,
                    180224.0,
                    180224.0,
                    180224.0,
                    180224.0,
                    180224.0,
                    180224.0,
                    180224.0,
                    180224.0,
                    180224.0,
                    180224.0,
                    180224.0,
                    180224.0,
                    180224.0,
                    180224.0,
                    180224.0,
                    180224.0
                ],
                "table": [
                    90112.0,
                    90112.0,
                    90112.0,
                    90112.0,
                    90112.0,
                    90112.0,
                    90112.0,
                    90112.0,
                    90112.0,
                    90112.0,
                    90112.0,
                    90112.0,
                    90112.0,
                    90112.0,
                    90112.0,
                    90112.0,
                    90112.0,
                    90112.0,
                    90112.0,
                    90112.0,
                    90112.0,
                    90112.0,
                    90112.0,
                    90112.0,
                    90112.0,
                    90112.0,
                    90112.0,
                    90112.0,
                    90112.0,
                    90112.0,
                    90112.0,
                    90112.0,
                    90112.0,
                    90112.0,
                    90112.0,
                    90112.0,
                    90112.0,
                    90112.0,
                    90112.0,
                    90112.0,
                    90112.0,
                    90112.0,
                    90112.0,
                    90112.0,
                    90112.0,
                    90112.0,
                    90112.0,
                    90112.0,
                    90112.0,
                    90112.0,
                    90112.0,
                    90112.0,
                    90112.0,
                    90112.0,
                    90112.0,
                    90112.0,
                    90112.0,
                    90112.0,
                    90112.0,
                    90112.0,
                    90112.0,
                    90112.0,
                    90112.0
                ],
                "column": [
                    2000,
                    2000,
                    2000,
                    2000,
                    2000,
                    2000,
                    2000,
                    2000,
                    2000,
                    2000,
                    2000,
                    2000,
                    2000,
                    2000,
                    2000,
                    4000,
                    4000,
                    4000,
                    4000,
                    4000,
                    4000,
                    4000,
                    4000,
                    4000,
                    4000,
                    4000,
                    4000,
                    4000,
                    4000,
                    4000,
                    4000,
                    8000,
                    8000,
                    8000,
                    8000,
                    8000,
                    8000,
                    8000,
                    8000,
                    8000,
                    8000,
                    8000,
                    8000,
                    8000,
                    8000,
                    8000,
                    8000,
                    8000,
                    8000,
                    8000,
                    8000,
                    8000,
                    8000,
                    8000,
                    8000,
                    8000,
                    8000,
                    8000,
                    8000,
                    8000,
                    8000,
                    8000,
                    8000
                ]
            },
            "bools": {
                "total": [
                    180224.0,
                    180224.0,
                    180224.0,
                    180224.0,
                    180224.0,
                    180224.0,
                    180224.0,
                    180224.0,
                    196608.0,
                    196608.0,
                    196608.0,
                    196608.0,
                    196608.0,
                    196608.0,
                    196608.0,
                    196608.0,
                    212992.0,
                    212992.0,
                    212992.0,
                    212992.0,
                    212992.0,
                    212992.0,
                    212992.0,
                    212992.0,
                    229376.0,
                    229376.0,
                    229376.0,
                    229376.0,
                    229376.0,
                    229376.0,
                    229376.0,
                    229376.0,
                    245760.0,
                    245760.0,
                    245760.0,
                    245760.0,
                    245760.0,
                    245760.0,
                    245760.0,
                    245760.0,
                    262144.0,
                    262144.0,
                    262144.0,
                    262144.0,
                    262144.0,
                    262144.0,
                    262144.0,
                    262144.0,
                    278528.0,
                    278528.0,
                    278528.0,
                    278528.0,
                    278528.0,
                    278528.0,
                    278528.0,
                    278528.0,
                    294912.0,
                    294912.0,
                    294912.0,
                    294912.0,
                    294912.0,
                    294912.0,
                    294912.0
                ],
                "table": [
                    90112.0,
                    90112.0,
                    90112.0,
                    90112.0,
                    90112.0,
                    90112.0,
                    90112.0,
                    90112.0,
                    106496.0,
                    106496.0,
                    106496.0,
                    106496.0,
                    106496.0,
                    106496.0,
                    106496.0,
                    106496.0,
                    122880.0,
                    122880.0,
                    122880.0,
                    122880.0,
                    122880.0,
                    122880.0,
                    122880.0,
                    122880.0,
                    139264.0,
                    139264.0,
                    139264.0,
                    139264.0,
                    139264.0,
                    139264.0,
                    139264.0,
                    139264.0,
                    155648.0,
                    155648.0,
                    155648.0,
                    155648.0,
                    155648.0,
                    155648.0,
                    155648.0,
                    155648.0,
                    172032.0,
                    172032.0,
                    172032.0,
                    172032.0,
                    172032.0,
                    172032.0,
                    172032.0,
                    172032.0,
                    188416.0,
                    188416.0,
                    188416.0,
                    188416.0,
                    188416.0,
                    188416.0,
                    188416.0,
                    188416.0,
                    204800.0,
                    204800.0,
                    204800.0,
                    204800.0,
                    204800.0,
                    204800.0,
                    204800.0
                ],
                "column": [
                    1000,
                    2000,
                    3000,
                    4000,
                    5000,
                    6000,
                    7000,
                    8000,
                    9000,
                    10000,
                    11000,
                    12000,
                    13000,
                    14000,
                    15000,
                    16000,
                    17000,
                    18000,
                    19000,
                    20000,
                    21000,
                    22000,
                    23000,
                    24000,
                    25000,
                    26000,
                    27000,
                    28000,
                    29000,
                    30000,
                    31000,
                    32000,
                    33000,
                    34000,
                    35000,
                    36000,
                    37000,
                    38000,
                    39000,
                    40000,
                    41000,
                    42000,
                    43000,
                    44000,
                    45000,
                    46000,
                    47000,
                    48000,
                    49000,
                    50000,
                    51000,
                    52000,
                    53000,
                    54000,
                    55000,
                    56000,
                    57000,
                    58000,
                    59000,
                    60000,
                    61000,
                    62000,
                    63000
                ]
            }
        },
        "count": 1000
    }
}