{
    "size": {
        "postgresql": {
            "flags": {
                "total": [
                    180224.0,
                    180224.0,
                    180224.0,
                    180224.0,
                    180224.0,
                    180224.0,
                    180224.0,
                    180224.0,
                    180224.0,
                    180224.0,
                    180224.0,
                    180224.0,
                    180224.0,
                    180224.0,
                    180224.0,
                    180224.0,
                    180224.0,
                    180224.0,
                    180224.0,
                    180224.0,
                    180224.0,
                    180224.0,
                    180224.0,
                    180224.0,
                    180224.0,
                    180224.0,
                    180224.0,
                    180224.0,
                    180224.0,
                    180224.0,
                    180224.0,
                    180224.0,
                    180224.0,
                    180224.0,
                    180224.0,
                    180224.0,
                    180224.0,
                    180224.0,
                    180224.0,
                    180224.0,
                    180224.0,
                    180224.0,
                    180224.0,
                    180224.0,
                    180224.0,
                    180224.0,
                    180224.0,
                    180224.0,
                    180224.0,
                    180224.0,
                    180224.0,
                    180224.0,
                    180224.0,
                    180224.0,
                    180224.0,
                    180224.0,
                    180224.0,
                    180224.0,
                    180224.0,
                    180224.0,
                    180224.0,
                    180224.0,
                    180224.0
                ],
                "table": [
                    90112.0,
                    90112.0,
                    90112.0,
                    90112.0,
                    90112.0,
                    90112.0,
                    90112.0,
                    90112.0,
                    90112.0,
                    90112.0,
                    90112.0,
                    90112.0,
                    90112.0,
                    90112.0,
                    90112.0,
                    90112.0,
                    90112.0,
                    90112.0,
                    90112.0,
                    90112.0,
                    90112.0,
                    90112.0,
                    90112.0,
                    90112.0,
                    90112.0,
                    90112.0,
                    90112.0,
                    90112.0,
                    90112.0,
                    90112.0,
                    90112.0,
                    90112.0,
                    90112.0,
                    90112.0,
                    90112.0,
                    90112.0,
                    90112.0,
                    90112.0,
                    90112.0,
                    90112.0,
                    90112.0,
                    90112.0,
                    90112.0,
                    90112.0,
                    90112.0,
                    90112.0,
                    90112.0,
                    90112.0,
                    90112.0,
                    90112.0,
                    90112.0,
                    90112.0,
                    90112.0,
                    90112.0,
                    90112.0,
                    90112.0,
                    90112.0,
                    90112.0,
                    90112.0,
                    90112.0,
                    90112.0,
                    90112.0,
                    90112.0
                ],
                "column": [
                    2000,
                    2000,
                    2000,
                    2000,
                    2000,
                    2000,
                    2000,
                    2000,
                    2000,
                    2000,
                    2000,
                    2000,
                    2000,
                    2000,
                    2000,
                    4000,
                    4000,
                    4000,
                    4000,
                    4000,
                    4000,
                    4000,
                    4000,
                    4000,
                    4000,
                    4000,
                    4000,
                    4000,
                    4000,
                    4000,
                    4000,
                    8000,
                    8000,
                    8000,
                    8000,
                    8000,
                    8000,
                    8000,
                    8000,
                    8000,
                    8000,
                    8000,
                    8000,
                    8000,
                    8000,
                    8000,
                    8000,
                    8000,
                    8000,
                    8000,
                    8000,
                    8000,
                    8000,
                    8000,
                    8000,
                    8000,
                    8000,
                    8000,
                    8000,
                    8000,
                    8000,
                    8000,
                    8000
                ]
            },
            "bools": {
                "total": [
                    180224.0,
                    180224.0,
                    180224.0,
                    180224.0,
                    180224.0,
                    180224.0,
                    180224.0,
                    180224.0,
                    196608.0,
                    196608.0,
                    196608.0,
                    196608.0,
                    196608.0,
                    196608.0,
                    196608.0,
                    196608.0,
                    212992.0,
                    212992.0,
                    212992.0,
                    212992.0,
                    212992.0,
                    212992.0,
                    212992.0,
                    212992.0,
                    229376.0,
                    229376.0,
                    229376.0,
                    229376.0,
                    229376.0,
                    229376.0,
                    229376.0,
                    229376.0,
                    245760.0,
                    245760.0,
                    245760.0,
                    245760.0,
                    245760.0,
                    245760.0,
                    245760.0,
                    245760.0,
                    262144.0,
                    262144.0,
                    262144.0,
                    262144.0,
                    262144.0,
                    262144.0,
                    262144.0,
                    262144.0,
                    278528.0,
                    278528.0,
                    278528.0,
                    278528.0,
                    278528.0,
                    278528.0,
                    278528.0,
                    278528.0,
                    294912.0,
                    294912.0,
                    294912.0,
                    294912.0,
                    294912.0,
                    294912.0,
                    294912.0
                ],
                "table": [
                    90112.0,
                    90112.0,
                    90112.0,
                    90112.0,
                    90112.0,
                    90112.0,
                    90112.0,
                    90112.0,
                    106496.0,
                    106496.0,
                    106496.0,
                    106496.0,
                    106496.0,
                    106496.0,
                    106496.0,
                    106496.0,
                    122880.0,
                    122880.0,
                    122880.0,
                    122880.0,
                    122880.0,
                    122880.0,
                    122880.0,
                    122880.0,
                    139264.0,
                    139264.0,
                    139264.0,
                    139264.0,
                    139264.0,
                    139264.0,
                    139264.0,
                    139264.0,
                    155648.0,
                    155648.0,
                    155648.0,
                    155648.0,
                    155648.0,
                    155648.0,
                    155648.0,
                    155648.0,
                    172032.0,
                    172032.0,
                    172032.0,
                    172032.0,
                    172032.0,
                    172032.0,
                    172032.0,
                    172032.0,
                    188416.0,
                    188416.0,
                    188416.0,
                    188416.0,
                    188416.0,
                    188416.0,
                    188416.0,
                    188416.0,
                    204800.0,
                    204800.0,
                    204800.0,
                    204800.0,
                    204800.0,
                    204800.0,
                    204800.0
                ],
                "column": [
                    1000,
                    2000,
                    3000,
                    4000,
                    5000,
                    6000,
                    7000,
                    8000,
                    9000,
                    10000,
                    11000,
                    12000,
                    13000,
                    14000,
                    15000,
                    16000,
                    17000,
                    18000,
                    19000,
                    20000,
                    21000,
                    22000,
                    23000,
                    24000,
                    25000,
                    26000,
                    27000,
                    28000,
                    29000,
                    30000,
                    31000,
                    32000,
                    33000,
                    34000,
                    35000,
                    36000,
                    37000,
                    38000,
                    39000,
                    40000,
                    41000,
                    42000,
                    43000,
                    44000,
                    45000,
                    46000,
                    47000,
                    48000,
                    49000,
                    50000,
                    51000,
                    52000,
                    53000,
                    54000,
                    55000,
                    56000,
                    57000,
                    58000,
                    59000,
                    60000,
                    61000,
                    62000,
                    63000
                ]
            }
        },
        "count": 1000
    },
    "queries": {
        "postgresql": {
            "[FLAG] No Index": {
                "16": {
                    "10": {
                        "all_time": 0.00064709580183262,
                        "any_time": 0.0004380583995953202,
                        "exact_time": 0.00040070410032058137,
                        "table_size": 24576.0,
                        "index_time": 8.749921107664704e-07,
                        "all_explanation": {
                            "Plan": {
                                "Node Type": "Seq Scan",
                                "Parallel Aware": false,
                                "Async Capable": false,
                                "Relation Name": "tests_benchmark_flagtester015",
                                "Schema": "public",
                                "Alias": "tests_benchmark_flagtester015",
                                "Startup Cost": 0.0,
                                "Total Cost": 1.17,
                                "Plan Rows": 1,
                                "Plan Width": 12,
                                "Actual Startup Time": 0.001,
                                "Actual Total Time": 0.001,
                                "Actual Rows": 0,
                                "Actual Loops": 1,
                                "Output": [
                                    "id",
                                    "flags"
                                ],
                                "Filter": "((tests_benchmark_flagtester015.flags & 22512) = 22512)",
                                "Rows Removed by Filter": 11,
                                "Shared Hit Blocks": 1,
                                "Shared Read Blocks": 0,
                                "Shared Dirtied Blocks": 0,
                                "Shared Written Blocks": 0,
                                "Local Hit Blocks": 0,
                                "Local Read Blocks": 0,
                                "Local Dirtied Blocks": 0,
                                "Local Written Blocks": 0,
                                "Temp Read Blocks": 0,
                                "Temp Written Blocks": 0,
                                "WAL Records": 0,
                                "WAL FPI": 0,
                                "WAL Bytes": 0
                            },
                            "Settings": {},
                            "Planning": {
                                "Shared Hit Blocks": 0,
                                "Shared Read Blocks": 0,
                                "Shared Dirtied Blocks": 0,
                                "Shared Written Blocks": 0,
                                "Local Hit Blocks": 0,
                                "Local Read Blocks": 0,
                                "Local Dirtied Blocks": 0,
                                "Local Written Blocks": 0,
                                "Temp Read Blocks": 0,
                                "Temp Written Blocks": 0
                            },
                            "Planning Time": 0.006,
                            "Triggers": [],
                            "Execution Time": 0.003
                        },
                        "any_explanation": {
                            "Plan": {
                                "Node Type": "Seq Scan",
                                "Parallel Aware": false,
                                "Async Capable": false,
                                "Relation Name": "tests_benchmark_flagtester015",
                                "Schema": "public",
                                "Alias": "tests_benchmark_flagtester015",
                                "Startup Cost": 0.0,
                                "Total Cost": 1.17,
                                "Plan Rows": 4,
                                "Plan Width": 12,
                                "Actual Startup Time": 0.001,
                                "Actual Total Time": 0.002,
                                "Actual Rows": 11,
                                "Actual Loops": 1,
                                "Output": [
                                    "id",
                                    "flags"
                                ],
                                "Filter": "((tests_benchmark_flagtester015.flags & 22512) > 0)",
                                "Rows Removed by Filter": 0,
                                "Shared Hit Blocks": 1,
                                "Shared Read Blocks": 0,
                                "Shared Dirtied Blocks": 0,
                                "Shared Written Blocks": 0,
                                "Local Hit Blocks": 0,
                                "Local Read Blocks": 0,
                                "Local Dirtied Blocks": 0,
                                "Local Written Blocks": 0,
                                "Temp Read Blocks": 0,
                                "Temp Written Blocks": 0,
                                "WAL Records": 0,
                                "WAL FPI": 0,
                                "WAL Bytes": 0
                            },
                            "Settings": {},
                            "Planning": {
                                "Shared Hit Blocks": 0,
                                "Shared Read Blocks": 0,
                                "Shared Dirtied Blocks": 0,
                                "Shared Written Blocks": 0,
                                "Local Hit Blocks": 0,
                                "Local Read Blocks": 0,
                                "Local Dirtied Blocks": 0,
                                "Local Written Blocks": 0,
                                "Temp Read Blocks": 0,
                                "Temp Written Blocks": 0
                            },
                            "Planning Time": 0.005,
                            "Triggers": [],
                            "Execution Time": 0.003
                        },
                        "exact_explanation": {
                            "Plan": {
                                "Node Type": "Seq Scan",
                                "Parallel Aware": false,
                                "Async Capable": false,
                                "Relation Name": "tests_benchmark_flagtester015",
                                "Schema": "public",
                                "Alias": "tests_benchmark_flagtester015",
                                "Startup Cost": 0.0,
                                "Total Cost": 1.14,
                                "Plan Rows": 1,
                                "Plan Width": 12,
                                "Actual Startup Time": 0.001,
                                "Actual Total Time": 0.001,
                                "Actual Rows": 0,
                                "Actual Loops": 1,
                                "Output": [
                                    "id",
                                    "flags"
                                ],
                                "Filter": "(tests_benchmark_flagtester015.flags = 22512)",
                                "Rows Removed by Filter": 11,
                                "Shared Hit Blocks": 1,
                                "Shared Read Blocks": 0,
                                "Shared Dirtied Blocks": 0,
                                "Shared Written Blocks": 0,
                                "Local Hit Blocks": 0,
                                "Local Read Blocks": 0,
                                "Local Dirtied Blocks": 0,
                                "Local Written Blocks": 0,
                                "Temp Read Blocks": 0,
                                "Temp Written Blocks": 0,
                                "WAL Records": 0,
                                "WAL FPI": 0,
                                "WAL Bytes": 0
                            },
                            "Settings": {},
                            "Planning": {
                                "Shared Hit Blocks": 0,
                                "Shared Read Blocks": 0,
                                "Shared Dirtied Blocks": 0,
                                "Shared Written Blocks": 0,
                                "Local Hit Blocks": 0,
                                "Local Read Blocks": 0,
                                "Local Dirtied Blocks": 0,
                                "Local Written Blocks": 0,
                                "Temp Read Blocks": 0,
                                "Temp Written Blocks": 0
                            },
                            "Planning Time": 0.005,
                            "Triggers": [],
                            "Execution Time": 0.002
                        },
                        "all_ftr_time": 2.9999999999999997e-06,
                        "any_ftr_time": 3.2999999999999997e-06,
                        "exact_ftr_time": 2.8999999999999998e-06
                    },
                    "100": {
                        "all_time": 0.000582016701810062,
                        "any_time": 0.0004962959006661549,
                        "exact_time": 0.0004410708992509171,
                        "table_size": 24576.0,
                        "index_time": 7.090129656717181e-07,
                        "all_explanation": {
                            "Plan": {
                                "Node Type": "Seq Scan",
                                "Parallel Aware": false,
                                "Async Capable": false,
                                "Relation Name": "tests_benchmark_flagtester015",
                                "Schema": "public",
                                "Alias": "tests_benchmark_flagtester015",
                                "Startup Cost": 0.0,
                                "Total Cost": 2.51,
                                "Plan Rows": 1,
                                "Plan Width": 12,
                                "Actual Startup Time": 0.003,
                                "Actual Total Time": 0.005,
                                "Actual Rows": 1,
                                "Actual Loops": 1,
                                "Output": [
                                    "id",
                                    "flags"
                                ],
                                "Filter": "((tests_benchmark_flagtester015.flags & 47204) = 47204)",
                                "Rows Removed by Filter": 100,
                                "Shared Hit Blocks": 1,
                                "Shared Read Blocks": 0,
                                "Shared Dirtied Blocks": 0,
                                "Shared Written Blocks": 0,
                                "Local Hit Blocks": 0,
                                "Local Read Blocks": 0,
                                "Local Dirtied Blocks": 0,
                                "Local Written Blocks": 0,
                                "Temp Read Blocks": 0,
                                "Temp Written Blocks": 0,
                                "WAL Records": 0,
                                "WAL FPI": 0,
                                "WAL Bytes": 0
                            },
                            "Settings": {},
                            "Planning": {
                                "Shared Hit Blocks": 0,
                                "Shared Read Blocks": 0,
                                "Shared Dirtied Blocks": 0,
                                "Shared Written Blocks": 0,
                                "Local Hit Blocks": 0,
                                "Local Read Blocks": 0,
                                "Local Dirtied Blocks": 0,
                                "Local Written Blocks": 0,
                                "Temp Read Blocks": 0,
                                "Temp Written Blocks": 0
                            },
                            "Planning Time": 0.006,
                            "Triggers": [],
                            "Execution Time": 0.006
                        },
                        "any_explanation": {
                            "Plan": {
                                "Node Type": "Seq Scan",
                                "Parallel Aware": false,
                                "Async Capable": false,
                                "Relation Name": "tests_benchmark_flagtester015",
                                "Schema": "public",
                                "Alias": "tests_benchmark_flagtester015",
                                "Startup Cost": 0.0,
                                "Total Cost": 2.51,
                                "Plan Rows": 34,
                                "Plan Width": 12,
                                "Actual Startup Time": 0.002,
                                "Actual Total Time": 0.006,
                                "Actual Rows": 100,
                                "Actual Loops": 1,
                                "Output": [
                                    "id",
                                    "flags"
                                ],
                                "Filter": "((tests_benchmark_flagtester015.flags & 47204) > 0)",
                                "Rows Removed by Filter": 1,
                                "Shared Hit Blocks": 1,
                                "Shared Read Blocks": 0,
                                "Shared Dirtied Blocks": 0,
                                "Shared Written Blocks": 0,
                                "Local Hit Blocks": 0,
                                "Local Read Blocks": 0,
                                "Local Dirtied Blocks": 0,
                                "Local Written Blocks": 0,
                                "Temp Read Blocks": 0,
                                "Temp Written Blocks": 0,
                                "WAL Records": 0,
                                "WAL FPI": 0,
                                "WAL Bytes": 0
                            },
                            "Settings": {},
                            "Planning": {
                                "Shared Hit Blocks": 0,
                                "Shared Read Blocks": 0,
                                "Shared Dirtied Blocks": 0,
                                "Shared Written Blocks": 0,
                                "Local Hit Blocks": 0,
                                "Local Read Blocks": 0,
                                "Local Dirtied Blocks": 0,
                                "Local Written Blocks": 0,
                                "Temp Read Blocks": 0,
                                "Temp Written Blocks": 0
                            },
                            "Planning Time": 0.005,
                            "Triggers": [],
                            "Execution Time": 0.01
                        },
                        "exact_explanation": {
                            "Plan": {
                                "Node Type": "Seq Scan",
                                "Parallel Aware": false,
                                "Async Capable": false,
                                "Relation Name": "tests_benchmark_flagtester015",
                                "Schema": "public",
                                "Alias": "tests_benchmark_flagtester015",
                                "Startup Cost": 0.0,
                                "Total Cost": 2.26,
                                "Plan Rows": 1,
                                "Plan Width": 12,
                                "Actual Startup Time": 0.005,
                                "Actual Total Time": 0.005,
                                "Actual Rows": 0,
                                "Actual Loops": 1,
                                "Output": [
                                    "id",
                                    "flags"
                                ],
                                "Filter": "(tests_benchmark_flagtester015.flags = 47204)",
                                "Rows Removed by Filter": 101,
                                "Shared Hit Blocks": 1,
                                "Shared Read Blocks": 0,
                                "Shared Dirtied Blocks": 0,
                                "Shared Written Blocks": 0,
                                "Local Hit Blocks": 0,
                                "Local Read Blocks": 0,
                                "Local Dirtied Blocks": 0,
                                "Local Written Blocks": 0,
                                "Temp Read Blocks": 0,
                                "Temp Written Blocks": 0,
                                "WAL Records": 0,
                                "WAL FPI": 0,
                                "WAL Bytes": 0
                            },
                            "Settings": {},
                            "Planning": {
                                "Shared Hit Blocks": 0,
                                "Shared Read Blocks": 0,
                                "Shared Dirtied Blocks": 0,
                                "Shared Written Blocks": 0,
                                "Local Hit Blocks": 0,
                                "Local Read Blocks": 0,
                                "Local Dirtied Blocks": 0,
                                "Local Written Blocks": 0,
                                "Temp Read Blocks": 0,
                                "Temp Written Blocks": 0
                            },
                            "Planning Time": 0.006,
                            "Triggers": [],
                            "Execution Time": 0.006
                        },
                        "all_ftr_time": 6.099999999999999e-06,
                        "any_ftr_time": 9.6e-06,
                        "exact_ftr_time": 5.799999999999999e-06
                    },
                    "1000": {
                        "all_time": 0.0006177623989060521,
                        "any_time": 0.0005504915970959701,
                        "exact_time": 0.0004741835000459105,
                        "table_size": 90112.0,
                        "index_time": 6.250047590583563e-07,
                        "all_explanation": {
                            "Plan": {
                                "Node Type": "Seq Scan",
                                "Parallel Aware": false,
                                "Async Capable": false,
                                "Relation Name": "tests_benchmark_flagtester015",
                                "Schema": "public",
                                "Alias": "tests_benchmark_flagtester015",
                                "Startup Cost": 0.0,
                                "Total Cost": 21.02,
                                "Plan Rows": 5,
                                "Plan Width": 12,
                                "Actual Startup Time": 0.01,
                                "Actual Total Time": 0.037,
                                "Actual Rows": 1,
                                "Actual Loops": 1,
                                "Output": [
                                    "id",
                                    "flags"
                                ],
                                "Filter": "((tests_benchmark_flagtester015.flags & 27095) = 27095)",
                                "Rows Removed by Filter": 1000,
                                "Shared Hit Blocks": 6,
                                "Shared Read Blocks": 0,
                                "Shared Dirtied Blocks": 0,
                                "Shared Written Blocks": 0,
                                "Local Hit Blocks": 0,
                                "Local Read Blocks": 0,
                                "Local Dirtied Blocks": 0,
                                "Local Written Blocks": 0,
                                "Temp Read Blocks": 0,
                                "Temp Written Blocks": 0,
                                "WAL Records": 0,
                                "WAL FPI": 0,
                                "WAL Bytes": 0
                            },
                            "Settings": {},
                            "Planning": {
                                "Shared Hit Blocks": 0,
                                "Shared Read Blocks": 0,
                                "Shared Dirtied Blocks": 0,
                                "Shared Written Blocks": 0,
                                "Local Hit Blocks": 0,
                                "Local Read Blocks": 0,
                                "Local Dirtied Blocks": 0,
                                "Local Written Blocks": 0,
                                "Temp Read Blocks": 0,
                                "Temp Written Blocks": 0
                            },
                            "Planning Time": 0.007,
                            "Triggers": [],
                            "Execution Time": 0.039
                        },
                        "any_explanation": {
                            "Plan": {
                                "Node Type": "Seq Scan",
                                "Parallel Aware": false,
                                "Async Capable": false,
                                "Relation Name": "tests_benchmark_flagtester015",
                                "Schema": "public",
                                "Alias": "tests_benchmark_flagtester015",
                                "Startup Cost": 0.0,
                                "Total Cost": 21.02,
                                "Plan Rows": 334,
                                "Plan Width": 12,
                                "Actual Startup Time": 0.002,
                                "Actual Total Time": 0.052,
                                "Actual Rows": 998,
                                "Actual Loops": 1,
                                "Output": [
                                    "id",
                                    "flags"
                                ],
                                "Filter": "((tests_benchmark_flagtester015.flags & 27095) > 0)",
                                "Rows Removed by Filter": 3,
                                "Shared Hit Blocks": 6,
                                "Shared Read Blocks": 0,
                                "Shared Dirtied Blocks": 0,
                                "Shared Written Blocks": 0,
                                "Local Hit Blocks": 0,
                                "Local Read Blocks": 0,
                                "Local Dirtied Blocks": 0,
                                "Local Written Blocks": 0,
                                "Temp Read Blocks": 0,
                                "Temp Written Blocks": 0,
                                "WAL Records": 0,
                                "WAL FPI": 0,
                                "WAL Bytes": 0
                            },
                            "Settings": {},
                            "Planning": {
                                "Shared Hit Blocks": 0,
                                "Shared Read Blocks": 0,
                                "Shared Dirtied Blocks": 0,
                                "Shared Written Blocks": 0,
                                "Local Hit Blocks": 0,
                                "Local Read Blocks": 0,
                                "Local Dirtied Blocks": 0,
                                "Local Written Blocks": 0,
                                "Temp Read Blocks": 0,
                                "Temp Written Blocks": 0
                            },
                            "Planning Time": 0.007,
                            "Triggers": [],
                            "Execution Time": 0.075
                        },
                        "exact_explanation": {
                            "Plan": {
                                "Node Type": "Seq Scan",
                                "Parallel Aware": false,
                                "Async Capable": false,
                                "Relation Name": "tests_benchmark_flagtester015",
                                "Schema": "public",
                                "Alias": "tests_benchmark_flagtester015",
                                "Startup Cost": 0.0,
                                "Total Cost": 18.51,
                                "Plan Rows": 5,
                                "Plan Width": 12,
                                "Actual Startup Time": 0.036,
                                "Actual Total Time": 0.036,
                                "Actual Rows": 0,
                                "Actual Loops": 1,
                                "Output": [
                                    "id",
                                    "flags"
                                ],
                                "Filter": "(tests_benchmark_flagtester015.flags = 27095)",
                                "Rows Removed by Filter": 1001,
                                "Shared Hit Blocks": 6,
                                "Shared Read Blocks": 0,
                                "Shared Dirtied Blocks": 0,
                                "Shared Written Blocks": 0,
                                "Local Hit Blocks": 0,
                                "Local Read Blocks": 0,
                                "Local Dirtied Blocks": 0,
                                "Local Written Blocks": 0,
                                "Temp Read Blocks": 0,
                                "Temp Written Blocks": 0,
                                "WAL Records": 0,
                                "WAL FPI": 0,
                                "WAL Bytes": 0
                            },
                            "Settings": {},
                            "Planning": {
                                "Shared Hit Blocks": 0,
                                "Shared Read Blocks": 0,
                                "Shared Dirtied Blocks": 0,
                                "Shared Written Blocks": 0,
                                "Local Hit Blocks": 0,
                                "Local Read Blocks": 0,
                                "Local Dirtied Blocks": 0,
                                "Local Written Blocks": 0,
                                "Temp Read Blocks": 0,
                                "Temp Written Blocks": 0
                            },
                            "Planning Time": 0.006,
                            "Triggers": [],
                            "Execution Time": 0.037
                        },
                        "all_ftr_time": 3.779999999999999e-05,
                        "any_ftr_time": 7.319999999999999e-05,
                        "exact_ftr_time": 3.579999999999999e-05
                    },
                    "10000": {
                        "all_time": 0.00186764999962179,
                        "any_time": 0.0018784209969453514,
                        "exact_time": 0.0017518248976557515,
                        "table_size": 696320.0,
                        "index_time": 6.67001586407423e-07,
                        "all_explanation": {
                            "Plan": {
                                "Node Type": "Seq Scan",
                                "Parallel Aware": false,
                                "Async Capable": false,
                                "Relation Name": "tests_benchmark_flagtester015",
                                "Schema": "public",
                                "Alias": "tests_benchmark_flagtester015",
                                "Startup Cost": 0.0,
                                "Total Cost": 205.01,
                                "Plan Rows": 50,
                                "Plan Width": 12,
                                "Actual Startup Time": 0.005,
                                "Actual Total Time": 0.447,
                                "Actual Rows": 77,
                                "Actual Loops": 1,
                                "Output": [
                                    "id",
                                    "flags"
                                ],
                                "Filter": "((tests_benchmark_flagtester015.flags & 26950) = 26950)",
                                "Rows Removed by Filter": 9924,
                                "Shared Hit Blocks": 55,
                                "Shared Read Blocks": 0,
                                "Shared Dirtied Blocks": 0,
                                "Shared Written Blocks": 0,
                                "Local Hit Blocks": 0,
                                "Local Read Blocks": 0,
                                "Local Dirtied Blocks": 0,
                                "Local Written Blocks": 0,
                                "Temp Read Blocks": 0,
                                "Temp Written Blocks": 0,
                                "WAL Records": 0,
                                "WAL FPI": 0,
                                "WAL Bytes": 0
                            },
                            "Settings": {},
                            "Planning": {
                                "Shared Hit Blocks": 0,
                                "Shared Read Blocks": 0,
                                "Shared Dirtied Blocks": 0,
                                "Shared Written Blocks": 0,
                                "Local Hit Blocks": 0,
                                "Local Read Blocks": 0,
                                "Local Dirtied Blocks": 0,
                                "Local Written Blocks": 0,
                                "Temp Read Blocks": 0,
                                "Temp Written Blocks": 0
                            },
                            "Planning Time": 0.006,
                            "Triggers": [],
                            "Execution Time": 0.45
                        },
                        "any_explanation": {
                            "Plan": {
                                "Node Type": "Seq Scan",
                                "Parallel Aware": false,
                                "Async Capable": false,
                                "Relation Name": "tests_benchmark_flagtester015",
                                "Schema": "public",
                                "Alias": "tests_benchmark_flagtester015",
                                "Startup Cost": 0.0,
                                "Total Cost": 205.01,
                                "Plan Rows": 3334,
                                "Plan Width": 12,
                                "Actual Startup Time": 0.002,
                                "Actual Total Time": 0.629,
                                "Actual Rows": 9919,
                                "Actual Loops": 1,
                                "Output": [
                                    "id",
                                    "flags"
                                ],
                                "Filter": "((tests_benchmark_flagtester015.flags & 26950) > 0)",
                                "Rows Removed by Filter": 82,
                                "Shared Hit Blocks": 55,
                                "Shared Read Blocks": 0,
                                "Shared Dirtied Blocks": 0,
                                "Shared Written Blocks": 0,
                                "Local Hit Blocks": 0,
                                "Local Read Blocks": 0,
                                "Local Dirtied Blocks": 0,
                                "Local Written Blocks": 0,
                                "Temp Read Blocks": 0,
                                "Temp Written Blocks": 0,
                                "WAL Records": 0,
                                "WAL FPI": 0,
                                "WAL Bytes": 0
                            },
                            "Settings": {},
                            "Planning": {
                                "Shared Hit Blocks": 0,
                                "Shared Read Blocks": 0,
                                "Shared Dirtied Blocks": 0,
                                "Shared Written Blocks": 0,
                                "Local Hit Blocks": 0,
                                "Local Read Blocks": 0,
                                "Local Dirtied Blocks": 0,
                                "Local Written Blocks": 0,
                                "Temp Read Blocks": 0,
                                "Temp Written Blocks": 0
                            },
                            "Planning Time": 0.006,
                            "Triggers": [],
                            "Execution Time": 0.896
                        },
                        "exact_explanation": {
                            "Plan": {
                                "Node Type": "Seq Scan",
                                "Parallel Aware": false,
                                "Async Capable": false,
                                "Relation Name": "tests_benchmark_flagtester015",
                                "Schema": "public",
                                "Alias": "tests_benchmark_flagtester015",
                                "Startup Cost": 0.0,
                                "Total Cost": 180.01,
                                "Plan Rows": 50,
                                "Plan Width": 12,
                                "Actual Startup Time": 0.054,
                                "Actual Total Time": 0.422,
                                "Actual Rows": 1,
                                "Actual Loops": 1,
                                "Output": [
                                    "id",
                                    "flags"
                                ],
                                "Filter": "(tests_benchmark_flagtester015.flags = 26950)",
                                "Rows Removed by Filter": 10000,
                                "Shared Hit Blocks": 55,
                                "Shared Read Blocks": 0,
                                "Shared Dirtied Blocks": 0,
                                "Shared Written Blocks": 0,
                                "Local Hit Blocks": 0,
                                "Local Read Blocks": 0,
                                "Local Dirtied Blocks": 0,
                                "Local Written Blocks": 0,
                                "Temp Read Blocks": 0,
                                "Temp Written Blocks": 0,
                                "WAL Records": 0,
                                "WAL FPI": 0,
                                "WAL Bytes": 0
                            },
                            "Settings": {},
                            "Planning": {
                                "Shared Hit Blocks": 0,
                                "Shared Read Blocks": 0,
                                "Shared Dirtied Blocks": 0,
                                "Shared Written Blocks": 0,
                                "Local Hit Blocks": 0,
                                "Local Read Blocks": 0,
                                "Local Dirtied Blocks": 0,
                                "Local Written Blocks": 0,
                                "Temp Read Blocks": 0,
                                "Temp Written Blocks": 0
                            },
                            "Planning Time": 0.007,
                            "Triggers": [],
                            "Execution Time": 0.423
                        },
                        "all_ftr_time": 0.0003963,
                        "any_ftr_time": 0.0007899999999999998,
                        "exact_ftr_time": 0.0003788
                    },
                    "100000": {
                        "all_time": 0.004864087801252026,
                        "any_time": 0.005615021001722198,
                        "exact_time": 0.004417600101442076,
                        "table_size": 6692864.0,
                        "index_time": 2.0839943317696452e-06,
                        "all_explanation": {
                            "Plan": {
                                "Node Type": "Seq Scan",
                                "Parallel Aware": false,
                                "Async Capable": false,
                                "Relation Name": "tests_benchmark_flagtester015",
                                "Schema": "public",
                                "Alias": "tests_benchmark_flagtester015",
                                "Startup Cost": 0.0,
                                "Total Cost": 2041.01,
                                "Plan Rows": 500,
                                "Plan Width": 12,
                                "Actual Startup Time": 0.009,
                                "Actual Total Time": 3.393,
                                "Actual Rows": 794,
                                "Actual Loops": 1,
                                "Output": [
                                    "id",
                                    "flags"
                                ],
                                "Filter": "((tests_benchmark_flagtester015.flags & 26737) = 26737)",
                                "Rows Removed by Filter": 99207,
                                "Shared Hit Blocks": 541,
                                "Shared Read Blocks": 0,
                                "Shared Dirtied Blocks": 0,
                                "Shared Written Blocks": 0,
                                "Local Hit Blocks": 0,
                                "Local Read Blocks": 0,
                                "Local Dirtied Blocks": 0,
                                "Local Written Blocks": 0,
                                "Temp Read Blocks": 0,
                                "Temp Written Blocks": 0,
                                "WAL Records": 0,
                                "WAL FPI": 0,
                                "WAL Bytes": 0
                            },
                            "Settings": {},
                            "Planning": {
                                "Shared Hit Blocks": 0,
                                "Shared Read Blocks": 0,
                                "Shared Dirtied Blocks": 0,
                                "Shared Written Blocks": 0,
                                "Local Hit Blocks": 0,
                                "Local Read Blocks": 0,
                                "Local Dirtied Blocks": 0,
                                "Local Written Blocks": 0,
                                "Temp Read Blocks": 0,
                                "Temp Written Blocks": 0
                            },
                            "Planning Time": 0.007,
                            "Triggers": [],
                            "Execution Time": 3.411
                        },
                        "any_explanation": {
                            "Plan": {
                                "Node Type": "Seq Scan",
                                "Parallel Aware": false,
                                "Async Capable": false,
                                "Relation Name": "tests_benchmark_flagtester015",
                                "Schema": "public",
                                "Alias": "tests_benchmark_flagtester015",
                                "Startup Cost": 0.0,
                                "Total Cost": 2041.01,
                                "Plan Rows": 33334,
                                "Plan Width": 12,
                                "Actual Startup Time": 0.002,
                                "Actual Total Time": 4.787,
                                "Actual Rows": 99294,
                                "Actual Loops": 1,
                                "Output": [
                                    "id",
                                    "flags"
                                ],
                                "Filter": "((tests_benchmark_flagtester015.flags & 26737) > 0)",
                                "Rows Removed by Filter": 707,
                                "Shared Hit Blocks": 541,
                                "Shared Read Blocks": 0,
                                "Shared Dirtied Blocks": 0,
                                "Shared Written Blocks": 0,
                                "Local Hit Blocks": 0,
                                "Local Read Blocks": 0,
                                "Local Dirtied Blocks": 0,
                                "Local Written Blocks": 0,
                                "Temp Read Blocks": 0,
                                "Temp Written Blocks": 0,
                                "WAL Records": 0,
                                "WAL FPI": 0,
                                "WAL Bytes": 0
                            },
                            "Settings": {},
                            "Planning": {
                                "Shared Hit Blocks": 0,
                                "Shared Read Blocks": 0,
                                "Shared Dirtied Blocks": 0,
                                "Shared Written Blocks": 0,
                                "Local Hit Blocks": 0,
                                "Local Read Blocks": 0,
                                "Local Dirtied Blocks": 0,
                                "Local Written Blocks": 0,
                                "Temp Read Blocks": 0,
                                "Temp Written Blocks": 0
                            },
                            "Planning Time": 0.006,
                            "Triggers": [],
                            "Execution Time": 6.825
                        },
                        "exact_explanation": {
                            "Plan": {
                                "Node Type": "Seq Scan",
                                "Parallel Aware": false,
                                "Async Capable": false,
                                "Relation Name": "tests_benchmark_flagtester015",
                                "Schema": "public",
                                "Alias": "tests_benchmark_flagtester015",
                                "Startup Cost": 0.0,
                                "Total Cost": 1791.01,
                                "Plan Rows": 500,
                                "Plan Width": 12,
                                "Actual Startup Time": 2.21,
                                "Actual Total Time": 3.187,
                                "Actual Rows": 1,
                                "Actual Loops": 1,
                                "Output": [
                                    "id",
                                    "flags"
                                ],
                                "Filter": "(tests_benchmark_flagtester015.flags = 26737)",
                                "Rows Removed by Filter": 100000,
                                "Shared Hit Blocks": 541,
                                "Shared Read Blocks": 0,
                                "Shared Dirtied Blocks": 0,
                                "Shared Written Blocks": 0,
                                "Local Hit Blocks": 0,
                                "Local Read Blocks": 0,
                                "Local Dirtied Blocks": 0,
                                "Local Written Blocks": 0,
                                "Temp Read Blocks": 0,
                                "Temp Written Blocks": 0,
                                "WAL Records": 0,
                                "WAL FPI": 0,
                                "WAL Bytes": 0
                            },
                            "Settings": {},
                            "Planning": {
                                "Shared Hit Blocks": 0,
                                "Shared Read Blocks": 0,
                                "Shared Dirtied Blocks": 0,
                                "Shared Written Blocks": 0,
                                "Local Hit Blocks": 0,
                                "Local Read Blocks": 0,
                                "Local Dirtied Blocks": 0,
                                "Local Written Blocks": 0,
                                "Temp Read Blocks": 0,
                                "Temp Written Blocks": 0
                            },
                            "Planning Time": 0.006,
                            "Triggers": [],
                            "Execution Time": 3.188
                        },
                        "all_ftr_time": 0.003481,
                        "any_ftr_time": 0.0069589,
                        "exact_ftr_time": 0.0032188000000000004
                    },
                    "1000000": {
                        "all_time": 0.01888027490058448,
                        "any_time": 0.022357616799126845,
                        "exact_time": 0.018234854300681037,
                        "table_size": 67108864.0,
                        "index_time": 2.0000006770715117e-06,
                        "all_explanation": {
                            "Plan": {
                                "Node Type": "Gather",
                                "Parallel Aware": false,
                                "Async Capable": false,
                                "Startup Cost": 1000.0,
                                "Total Cost": 13156.01,
                                "Plan Rows": 5000,
                                "Plan Width": 12,
                                "Actual Startup Time": 0.056,
                                "Actual Total Time": 16.712,
                                "Actual Rows": 7803,
                                "Actual Loops": 1,
                                "Output": [
                                    "id",
                                    "flags"
                                ],
                                "Workers Planned": 2,
                                "Workers Launched": 2,
                                "Single Copy": false,
                                "Shared Hit Blocks": 4768,
                                "Shared Read Blocks": 638,
                                "Shared Dirtied Blocks": 0,
                                "Shared Written Blocks": 0,
                                "Local Hit Blocks": 0,
                                "Local Read Blocks": 0,
                                "Local Dirtied Blocks": 0,
                                "Local Written Blocks": 0,
                                "Temp Read Blocks": 0,
                                "Temp Written Blocks": 0,
                                "WAL Records": 0,
                                "WAL FPI": 0,
                                "WAL Bytes": 0,
                                "Plans": [
                                    {
                                        "Node Type": "Seq Scan",
                                        "Parent Relationship": "Outer",
                                        "Parallel Aware": true,
                                        "Async Capable": false,
                                        "Relation Name": "tests_benchmark_flagtester015",
                                        "Schema": "public",
                                        "Alias": "tests_benchmark_flagtester015",
                                        "Startup Cost": 0.0,
                                        "Total Cost": 11656.01,
                                        "Plan Rows": 2083,
                                        "Plan Width": 12,
                                        "Actual Startup Time": 0.031,
                                        "Actual Total Time": 14.424,
                                        "Actual Rows": 2601,
                                        "Actual Loops": 3,
                                        "Output": [
                                            "id",
                                            "flags"
                                        ],
                                        "Filter": "((tests_benchmark_flagtester015.flags & 10357) = 10357)",
                                        "Rows Removed by Filter": 330733,
                                        "Shared Hit Blocks": 4768,
                                        "Shared Read Blocks": 638,
                                        "Shared Dirtied Blocks": 0,
                                        "Shared Written Blocks": 0,
                                        "Local Hit Blocks": 0,
                                        "Local Read Blocks": 0,
                                        "Local Dirtied Blocks": 0,
                                        "Local Written Blocks": 0,
                                        "Temp Read Blocks": 0,
                                        "Temp Written Blocks": 0,
                                        "WAL Records": 0,
                                        "WAL FPI": 0,
                                        "WAL Bytes": 0,
                                        "Workers": [
                                            {
                                                "Worker Number": 0,
                                                "Actual Startup Time": 0.031,
                                                "Actual Total Time": 13.836,
                                                "Actual Rows": 2535,
                                                "Actual Loops": 1,
                                                "Shared Hit Blocks": 1570,
                                                "Shared Read Blocks": 132,
                                                "Shared Dirtied Blocks": 0,
                                                "Shared Written Blocks": 0,
                                                "Local Hit Blocks": 0,
                                                "Local Read Blocks": 0,
                                                "Local Dirtied Blocks": 0,
                                                "Local Written Blocks": 0,
                                                "Temp Read Blocks": 0,
                                                "Temp Written Blocks": 0,
                                                "WAL Records": 0,
                                                "WAL FPI": 0,
                                                "WAL Bytes": 0
                                            },
                                            {
                                                "Worker Number": 1,
                                                "Actual Startup Time": 0.049,
                                                "Actual Total Time": 13.839,
                                                "Actual Rows": 2434,
                                                "Actual Loops": 1,
                                                "Shared Hit Blocks": 1567,
                                                "Shared Read Blocks": 130,
                                                "Shared Dirtied Blocks": 0,
                                                "Shared Written Blocks": 0,
                                                "Local Hit Blocks": 0,
                                                "Local Read Blocks": 0,
                                                "Local Dirtied Blocks": 0,
                                                "Local Written Blocks": 0,
                                                "Temp Read Blocks": 0,
                                                "Temp Written Blocks": 0,
                                                "WAL Records": 0,
                                                "WAL FPI": 0,
                                                "WAL Bytes": 0
                                            }
                                        ]
                                    }
                                ]
                            },
                            "Settings": {},
                            "Planning": {
                                "Shared Hit Blocks": 0,
                                "Shared Read Blocks": 0,
                                "Shared Dirtied Blocks": 0,
                                "Shared Written Blocks": 0,
                                "Local Hit Blocks": 0,
                                "Local Read Blocks": 0,
                                "Local Dirtied Blocks": 0,
                                "Local Written Blocks": 0,
                                "Temp Read Blocks": 0,
                                "Temp Written Blocks": 0
                            },
                            "Planning Time": 0.024,
                            "Triggers": [],
                            "Execution Time": 16.89
                        },
                        "any_explanation": {
                            "Plan": {
                                "Node Type": "Seq Scan",
                                "Parallel Aware": false,
                                "Async Capable": false,
                                "Relation Name": "tests_benchmark_flagtester015",
                                "Schema": "public",
                                "Alias": "tests_benchmark_flagtester015",
                                "Startup Cost": 0.0,
                                "Total Cost": 20406.01,
                                "Plan Rows": 333334,
                                "Plan Width": 12,
                                "Actual Startup Time": 0.008,
                                "Actual Total Time": 50.657,
                                "Actual Rows": 992183,
                                "Actual Loops": 1,
                                "Output": [
                                    "id",
                                    "flags"
                                ],
                                "Filter": "((tests_benchmark_flagtester015.flags & 10357) > 0)",
                                "Rows Removed by Filter": 7818,
                                "Shared Hit Blocks": 4960,
                                "Shared Read Blocks": 446,
                                "Shared Dirtied Blocks": 0,
                                "Shared Written Blocks": 0,
                                "Local Hit Blocks": 0,
                                "Local Read Blocks": 0,
                                "Local Dirtied Blocks": 0,
                                "Local Written Blocks": 0,
                                "Temp Read Blocks": 0,
                                "Temp Written Blocks": 0,
                                "WAL Records": 0,
                                "WAL FPI": 0,
                                "WAL Bytes": 0
                            },
                            "Settings": {},
                            "Planning": {
                                "Shared Hit Blocks": 0,
                                "Shared Read Blocks": 0,
                                "Shared Dirtied Blocks": 0,
                                "Shared Written Blocks": 0,
                                "Local Hit Blocks": 0,
                                "Local Read Blocks": 0,
                                "Local Dirtied Blocks": 0,
                                "Local Written Blocks": 0,
                                "Temp Read Blocks": 0,
                                "Temp Written Blocks": 0
                            },
                            "Planning Time": 0.021,
                            "Triggers": [],
                            "Execution Time": 70.921
                        },
                        "exact_explanation": {
                            "Plan": {
                                "Node Type": "Gather",
                                "Parallel Aware": false,
                                "Async Capable": false,
                                "Startup Cost": 1000.0,
                                "Total Cost": 12114.34,
                                "Plan Rows": 5000,
                                "Plan Width": 12,
                                "Actual Startup Time": 0.263,
                                "Actual Total Time": 15.493,
                                "Actual Rows": 13,
                                "Actual Loops": 1,
                                "Output": [
                                    "id",
                                    "flags"
                                ],
                                "Workers Planned": 2,
                                "Workers Launched": 2,
                                "Single Copy": false,
                                "Shared Hit Blocks": 5088,
                                "Shared Read Blocks": 318,
                                "Shared Dirtied Blocks": 0,
                                "Shared Written Blocks": 0,
                                "Local Hit Blocks": 0,
                                "Local Read Blocks": 0,
                                "Local Dirtied Blocks": 0,
                                "Local Written Blocks": 0,
                                "Temp Read Blocks": 0,
                                "Temp Written Blocks": 0,
                                "WAL Records": 0,
                                "WAL FPI": 0,
                                "WAL Bytes": 0,
                                "Plans": [
                                    {
                                        "Node Type": "Seq Scan",
                                        "Parent Relationship": "Outer",
                                        "Parallel Aware": true,
                                        "Async Capable": false,
                                        "Relation Name": "tests_benchmark_flagtester015",
                                        "Schema": "public",
                                        "Alias": "tests_benchmark_flagtester015",
                                        "Startup Cost": 0.0,
                                        "Total Cost": 10614.34,
                                        "Plan Rows": 2083,
                                        "Plan Width": 12,
                                        "Actual Startup Time": 0.97,
                                        "Actual Total Time": 13.169,
                                        "Actual Rows": 4,
                                        "Actual Loops": 3,
                                        "Output": [
                                            "id",
                                            "flags"
                                        ],
                                        "Filter": "(tests_benchmark_flagtester015.flags = 10357)",
                                        "Rows Removed by Filter": 333329,
                                        "Shared Hit Blocks": 5088,
                                        "Shared Read Blocks": 318,
                                        "Shared Dirtied Blocks": 0,
                                        "Shared Written Blocks": 0,
                                        "Local Hit Blocks": 0,
                                        "Local Read Blocks": 0,
                                        "Local Dirtied Blocks": 0,
                                        "Local Written Blocks": 0,
                                        "Temp Read Blocks": 0,
                                        "Temp Written Blocks": 0,
                                        "WAL Records": 0,
                                        "WAL FPI": 0,
                                        "WAL Bytes": 0,
                                        "Workers": [
                                            {
                                                "Worker Number": 0,
                                                "Actual Startup Time": 0.598,
                                                "Actual Total Time": 12.453,
                                                "Actual Rows": 3,
                                                "Actual Loops": 1,
                                                "Shared Hit Blocks": 1639,
                                                "Shared Read Blocks": 14,
                                                "Shared Dirtied Blocks": 0,
                                                "Shared Written Blocks": 0,
                                                "Local Hit Blocks": 0,
                                                "Local Read Blocks": 0,
                                                "Local Dirtied Blocks": 0,
                                                "Local Written Blocks": 0,
                                                "Temp Read Blocks": 0,
                                                "Temp Written Blocks": 0,
                                                "WAL Records": 0,
                                                "WAL FPI": 0,
                                                "WAL Bytes": 0
                                            },
                                            {
                                                "Worker Number": 1,
                                                "Actual Startup Time": 2.101,
                                                "Actual Total Time": 12.455,
                                                "Actual Rows": 4,
                                                "Actual Loops": 1,
                                                "Shared Hit Blocks": 1642,
                                                "Shared Read Blocks": 14,
                                                "Shared Dirtied Blocks": 0,
                                                "Shared Written Blocks": 0,
                                                "Local Hit Blocks": 0,
                                                "Local Read Blocks": 0,
                                                "Local Dirtied Blocks": 0,
                                                "Local Written Blocks": 0,
                                                "Temp Read Blocks": 0,
                                                "Temp Written Blocks": 0,
                                                "WAL Records": 0,
                                                "WAL FPI": 0,
                                                "WAL Bytes": 0
                                            }
                                        ]
                                    }
                                ]
                            },
                            "Settings": {},
                            "Planning": {
                                "Shared Hit Blocks": 0,
                                "Shared Read Blocks": 0,
                                "Shared Dirtied Blocks": 0,
                                "Shared Written Blocks": 0,
                                "Local Hit Blocks": 0,
                                "Local Read Blocks": 0,
                                "Local Dirtied Blocks": 0,
                                "Local Written Blocks": 0,
                                "Temp Read Blocks": 0,
                                "Temp Written Blocks": 0
                            },
                            "Planning Time": 0.029,
                            "Triggers": [],
                            "Execution Time": 15.498
                        },
                        "all_ftr_time": 0.0170685,
                        "any_ftr_time": 0.0732209,
                        "exact_ftr_time": 0.015962
                    },
                    "2000000": {
                        "all_time": 0.03509129170270171,
                        "any_time": 0.04209015829837881,
                        "exact_time": 0.03514225829858333,
                        "table_size": 133169152.0,
                        "index_time": 7.920025382190943e-07,
                        "all_explanation": {
                            "Plan": {
                                "Node Type": "Gather",
                                "Parallel Aware": false,
                                "Async Capable": false,
                                "Startup Cost": 1000.0,
                                "Total Cost": 25311.01,
                                "Plan Rows": 10000,
                                "Plan Width": 12,
                                "Actual Startup Time": 0.074,
                                "Actual Total Time": 32.615,
                                "Actual Rows": 62546,
                                "Actual Loops": 1,
                                "Output": [
                                    "id",
                                    "flags"
                                ],
                                "Workers Planned": 2,
                                "Workers Launched": 2,
                                "Single Copy": false,
                                "Shared Hit Blocks": 4768,
                                "Shared Read Blocks": 6043,
                                "Shared Dirtied Blocks": 0,
                                "Shared Written Blocks": 0,
                                "Local Hit Blocks": 0,
                                "Local Read Blocks": 0,
                                "Local Dirtied Blocks": 0,
                                "Local Written Blocks": 0,
                                "Temp Read Blocks": 0,
                                "Temp Written Blocks": 0,
                                "WAL Records": 0,
                                "WAL FPI": 0,
                                "WAL Bytes": 0,
                                "Plans": [
                                    {
                                        "Node Type": "Seq Scan",
                                        "Parent Relationship": "Outer",
                                        "Parallel Aware": true,
                                        "Async Capable": false,
                                        "Relation Name": "tests_benchmark_flagtester015",
                                        "Schema": "public",
                                        "Alias": "tests_benchmark_flagtester015",
                                        "Startup Cost": 0.0,
                                        "Total Cost": 23311.01,
                                        "Plan Rows": 4167,
                                        "Plan Width": 12,
                                        "Actual Startup Time": 0.023,
                                        "Actual Total Time": 29.747,
                                        "Actual Rows": 20849,
                                        "Actual Loops": 3,
                                        "Output": [
                                            "id",
                                            "flags"
                                        ],
                                        "Filter": "((tests_benchmark_flagtester015.flags & 26116) = 26116)",
                                        "Rows Removed by Filter": 645818,
                                        "Shared Hit Blocks": 4768,
                                        "Shared Read Blocks": 6043,
                                        "Shared Dirtied Blocks": 0,
                                        "Shared Written Blocks": 0,
                                        "Local Hit Blocks": 0,
                                        "Local Read Blocks": 0,
                                        "Local Dirtied Blocks": 0,
                                        "Local Written Blocks": 0,
                                        "Temp Read Blocks": 0,
                                        "Temp Written Blocks": 0,
                                        "WAL Records": 0,
                                        "WAL FPI": 0,
                                        "WAL Bytes": 0,
                                        "Workers": [
                                            {
                                                "Worker Number": 0,
                                                "Actual Startup Time": 0.032,
                                                "Actual Total Time": 29.926,
                                                "Actual Rows": 20439,
                                                "Actual Loops": 1,
                                                "Shared Hit Blocks": 1570,
                                                "Shared Read Blocks": 1976,
                                                "Shared Dirtied Blocks": 0,
                                                "Shared Written Blocks": 0,
                                                "Local Hit Blocks": 0,
                                                "Local Read Blocks": 0,
                                                "Local Dirtied Blocks": 0,
                                                "Local Written Blocks": 0,
                                                "Temp Read Blocks": 0,
                                                "Temp Written Blocks": 0,
                                                "WAL Records": 0,
                                                "WAL FPI": 0,
                                                "WAL Bytes": 0
                                            },
                                            {
                                                "Worker Number": 1,
                                                "Actual Startup Time": 0.028,
                                                "Actual Total Time": 29.923,
                                                "Actual Rows": 20524,
                                                "Actual Loops": 1,
                                                "Shared Hit Blocks": 1573,
                                                "Shared Read Blocks": 1976,
                                                "Shared Dirtied Blocks": 0,
                                                "Shared Written Blocks": 0,
                                                "Local Hit Blocks": 0,
                                                "Local Read Blocks": 0,
                                                "Local Dirtied Blocks": 0,
                                                "Local Written Blocks": 0,
                                                "Temp Read Blocks": 0,
                                                "Temp Written Blocks": 0,
                                                "WAL Records": 0,
                                                "WAL FPI": 0,
                                                "WAL Bytes": 0
                                            }
                                        ]
                                    }
                                ]
                            },
                            "Settings": {},
                            "Planning": {
                                "Shared Hit Blocks": 0,
                                "Shared Read Blocks": 0,
                                "Shared Dirtied Blocks": 0,
                                "Shared Written Blocks": 0,
                                "Local Hit Blocks": 0,
                                "Local Read Blocks": 0,
                                "Local Dirtied Blocks": 0,
                                "Local Written Blocks": 0,
                                "Temp Read Blocks": 0,
                                "Temp Written Blocks": 0
                            },
                            "Planning Time": 0.037,
                            "Triggers": [],
                            "Execution Time": 34.0
                        },
                        "any_explanation": {
                            "Plan": {
                                "Node Type": "Seq Scan",
                                "Parallel Aware": false,
                                "Async Capable": false,
                                "Relation Name": "tests_benchmark_flagtester015",
                                "Schema": "public",
                                "Alias": "tests_benchmark_flagtester015",
                                "Startup Cost": 0.0,
                                "Total Cost": 40811.01,
                                "Plan Rows": 666667,
                                "Plan Width": 12,
                                "Actual Startup Time": 0.01,
                                "Actual Total Time": 110.664,
                                "Actual Rows": 1937051,
                                "Actual Loops": 1,
                                "Output": [
                                    "id",
                                    "flags"
                                ],
                                "Filter": "((tests_benchmark_flagtester015.flags & 26116) > 0)",
                                "Rows Removed by Filter": 62950,
                                "Shared Hit Blocks": 4960,
                                "Shared Read Blocks": 5851,
                                "Shared Dirtied Blocks": 0,
                                "Shared Written Blocks": 0,
                                "Local Hit Blocks": 0,
                                "Local Read Blocks": 0,
                                "Local Dirtied Blocks": 0,
                                "Local Written Blocks": 0,
                                "Temp Read Blocks": 0,
                                "Temp Written Blocks": 0,
                                "WAL Records": 0,
                                "WAL FPI": 0,
                                "WAL Bytes": 0
                            },
                            "Settings": {},
                            "Planning": {
                                "Shared Hit Blocks": 0,
                                "Shared Read Blocks": 0,
                                "Shared Dirtied Blocks": 0,
                                "Shared Written Blocks": 0,
                                "Local Hit Blocks": 0,
                                "Local Read Blocks": 0,
                                "Local Dirtied Blocks": 0,
                                "Local Written Blocks": 0,
                                "Temp Read Blocks": 0,
                                "Temp Written Blocks": 0
                            },
                            "Planning Time": 0.032,
                            "Triggers": [],
                            "Execution Time": 151.109
                        },
                        "exact_explanation": {
                            "Plan": {
                                "Node Type": "Gather",
                                "Parallel Aware": false,
                                "Async Capable": false,
                                "Startup Cost": 1000.0,
                                "Total Cost": 23227.67,
                                "Plan Rows": 10000,
                                "Plan Width": 12,
                                "Actual Startup Time": 0.851,
                                "Actual Total Time": 31.332,
                                "Actual Rows": 37,
                                "Actual Loops": 1,
                                "Output": [
                                    "id",
                                    "flags"
                                ],
                                "Workers Planned": 2,
                                "Workers Launched": 2,
                                "Single Copy": false,
                                "Shared Hit Blocks": 5088,
                                "Shared Read Blocks": 5723,
                                "Shared Dirtied Blocks": 0,
                                "Shared Written Blocks": 0,
                                "Local Hit Blocks": 0,
                                "Local Read Blocks": 0,
                                "Local Dirtied Blocks": 0,
                                "Local Written Blocks": 0,
                                "Temp Read Blocks": 0,
                                "Temp Written Blocks": 0,
                                "WAL Records": 0,
                                "WAL FPI": 0,
                                "WAL Bytes": 0,
                                "Plans": [
                                    {
                                        "Node Type": "Seq Scan",
                                        "Parent Relationship": "Outer",
                                        "Parallel Aware": true,
                                        "Async Capable": false,
                                        "Relation Name": "tests_benchmark_flagtester015",
                                        "Schema": "public",
                                        "Alias": "tests_benchmark_flagtester015",
                                        "Startup Cost": 0.0,
                                        "Total Cost": 21227.67,
                                        "Plan Rows": 4167,
                                        "Plan Width": 12,
                                        "Actual Startup Time": 1.618,
                                        "Actual Total Time": 28.558,
                                        "Actual Rows": 12,
                                        "Actual Loops": 3,
                                        "Output": [
                                            "id",
                                            "flags"
                                        ],
                                        "Filter": "(tests_benchmark_flagtester015.flags = 26116)",
                                        "Rows Removed by Filter": 666655,
                                        "Shared Hit Blocks": 5088,
                                        "Shared Read Blocks": 5723,
                                        "Shared Dirtied Blocks": 0,
                                        "Shared Written Blocks": 0,
                                        "Local Hit Blocks": 0,
                                        "Local Read Blocks": 0,
                                        "Local Dirtied Blocks": 0,
                                        "Local Written Blocks": 0,
                                        "Temp Read Blocks": 0,
                                        "Temp Written Blocks": 0,
                                        "WAL Records": 0,
                                        "WAL FPI": 0,
                                        "WAL Bytes": 0,
                                        "Workers": [
                                            {
                                                "Worker Number": 0,
                                                "Actual Startup Time": 3.091,
                                                "Actual Total Time": 27.565,
                                                "Actual Rows": 12,
                                                "Actual Loops": 1,
                                                "Shared Hit Blocks": 1602,
                                                "Shared Read Blocks": 1779,
                                                "Shared Dirtied Blocks": 0,
                                                "Shared Written Blocks": 0,
                                                "Local Hit Blocks": 0,
                                                "Local Read Blocks": 0,
                                                "Local Dirtied Blocks": 0,
                                                "Local Written Blocks": 0,
                                                "Temp Read Blocks": 0,
                                                "Temp Written Blocks": 0,
                                                "WAL Records": 0,
                                                "WAL FPI": 0,
                                                "WAL Bytes": 0
                                            },
                                            {
                                                "Worker Number": 1,
                                                "Actual Startup Time": 0.972,
                                                "Actual Total Time": 27.785,
                                                "Actual Rows": 11,
                                                "Actual Loops": 1,
                                                "Shared Hit Blocks": 1606,
                                                "Shared Read Blocks": 1800,
                                                "Shared Dirtied Blocks": 0,
                                                "Shared Written Blocks": 0,
                                                "Local Hit Blocks": 0,
                                                "Local Read Blocks": 0,
                                                "Local Dirtied Blocks": 0,
                                                "Local Written Blocks": 0,
                                                "Temp Read Blocks": 0,
                                                "Temp Written Blocks": 0,
                                                "WAL Records": 0,
                                                "WAL FPI": 0,
                                                "WAL Bytes": 0
                                            }
                                        ]
                                    }
                                ]
                            },
                            "Settings": {},
                            "Planning": {
                                "Shared Hit Blocks": 0,
                                "Shared Read Blocks": 0,
                                "Shared Dirtied Blocks": 0,
                                "Shared Written Blocks": 0,
                                "Local Hit Blocks": 0,
                                "Local Read Blocks": 0,
                                "Local Dirtied Blocks": 0,
                                "Local Written Blocks": 0,
                                "Temp Read Blocks": 0,
                                "Temp Written Blocks": 0
                            },
                            "Planning Time": 0.034,
                            "Triggers": [],
                            "Execution Time": 31.343
                        },
                        "all_ftr_time": 0.0334145,
                        "any_ftr_time": 0.1517552,
                        "exact_ftr_time": 0.031820600000000004
                    },
                    "4000000": {
                        "all_time": 0.06508365839836187,
                        "any_time": 0.07917235000204528,
                        "exact_time": 0.06285451240109978,
                        "table_size": 267386880.0,
                        "index_time": 7.90998456068337e-07,
                        "all_explanation": {
                            "Plan": {
                                "Node Type": "Gather",
                                "Parallel Aware": false,
                                "Async Capable": false,
                                "Startup Cost": 1000.0,
                                "Total Cost": 49622.01,
                                "Plan Rows": 20000,
                                "Plan Width": 12,
                                "Actual Startup Time": 0.082,
                                "Actual Total Time": 62.118,
                                "Actual Rows": 7790,
                                "Actual Loops": 1,
                                "Output": [
                                    "id",
                                    "flags"
                                ],
                                "Workers Planned": 2,
                                "Workers Launched": 2,
                                "Single Copy": false,
                                "Shared Hit Blocks": 4768,
                                "Shared Read Blocks": 16854,
                                "Shared Dirtied Blocks": 0,
                                "Shared Written Blocks": 0,
                                "Local Hit Blocks": 0,
                                "Local Read Blocks": 0,
                                "Local Dirtied Blocks": 0,
                                "Local Written Blocks": 0,
                                "Temp Read Blocks": 0,
                                "Temp Written Blocks": 0,
                                "WAL Records": 0,
                                "WAL FPI": 0,
                                "WAL Bytes": 0,
                                "Plans": [
                                    {
                                        "Node Type": "Seq Scan",
                                        "Parent Relationship": "Outer",
                                        "Parallel Aware": true,
                                        "Async Capable": false,
                                        "Relation Name": "tests_benchmark_flagtester015",
                                        "Schema": "public",
                                        "Alias": "tests_benchmark_flagtester015",
                                        "Startup Cost": 0.0,
                                        "Total Cost": 46622.01,
                                        "Plan Rows": 8333,
                                        "Plan Width": 12,
                                        "Actual Startup Time": 0.068,
                                        "Actual Total Time": 59.798,
                                        "Actual Rows": 2597,
                                        "Actual Loops": 3,
                                        "Output": [
                                            "id",
                                            "flags"
                                        ],
                                        "Filter": "((tests_benchmark_flagtester015.flags & 56077) = 56077)",
                                        "Rows Removed by Filter": 1330737,
                                        "Shared Hit Blocks": 4768,
                                        "Shared Read Blocks": 16854,
                                        "Shared Dirtied Blocks": 0,
                                        "Shared Written Blocks": 0,
                                        "Local Hit Blocks": 0,
                                        "Local Read Blocks": 0,
                                        "Local Dirtied Blocks": 0,
                                        "Local Written Blocks": 0,
                                        "Temp Read Blocks": 0,
                                        "Temp Written Blocks": 0,
                                        "WAL Records": 0,
                                        "WAL FPI": 0,
                                        "WAL Bytes": 0,
                                        "Workers": [
                                            {
                                                "Worker Number": 0,
                                                "Actual Startup Time": 0.131,
                                                "Actual Total Time": 59.238,
                                                "Actual Rows": 2631,
                                                "Actual Loops": 1,
                                                "Shared Hit Blocks": 1529,
                                                "Shared Read Blocks": 5536,
                                                "Shared Dirtied Blocks": 0,
                                                "Shared Written Blocks": 0,
                                                "Local Hit Blocks": 0,
                                                "Local Read Blocks": 0,
                                                "Local Dirtied Blocks": 0,
                                                "Local Written Blocks": 0,
                                                "Temp Read Blocks": 0,
                                                "Temp Written Blocks": 0,
                                                "WAL Records": 0,
                                                "WAL FPI": 0,
                                                "WAL Bytes": 0
                                            },
                                            {
                                                "Worker Number": 1,
                                                "Actual Startup Time": 0.047,
                                                "Actual Total Time": 59.308,
                                                "Actual Rows": 2496,
                                                "Actual Loops": 1,
                                                "Shared Hit Blocks": 1515,
                                                "Shared Read Blocks": 5536,
                                                "Shared Dirtied Blocks": 0,
                                                "Shared Written Blocks": 0,
                                                "Local Hit Blocks": 0,
                                                "Local Read Blocks": 0,
                                                "Local Dirtied Blocks": 0,
                                                "Local Written Blocks": 0,
                                                "Temp Read Blocks": 0,
                                                "Temp Written Blocks": 0,
                                                "WAL Records": 0,
                                                "WAL FPI": 0,
                                                "WAL Bytes": 0
                                            }
                                        ]
                                    }
                                ]
                            },
                            "Settings": {},
                            "Planning": {
                                "Shared Hit Blocks": 0,
                                "Shared Read Blocks": 0,
                                "Shared Dirtied Blocks": 0,
                                "Shared Written Blocks": 0,
                                "Local Hit Blocks": 0,
                                "Local Read Blocks": 0,
                                "Local Dirtied Blocks": 0,
                                "Local Written Blocks": 0,
                                "Temp Read Blocks": 0,
                                "Temp Written Blocks": 0
                            },
                            "Planning Time": 0.027,
                            "Triggers": [],
                            "Execution Time": 62.305
                        },
                        "any_explanation": {
                            "Plan": {
                                "Node Type": "Seq Scan",
                                "Parallel Aware": false,
                                "Async Capable": false,
                                "Relation Name": "tests_benchmark_flagtester015",
                                "Schema": "public",
                                "Alias": "tests_benchmark_flagtester015",
                                "Startup Cost": 0.0,
                                "Total Cost": 81622.01,
                                "Plan Rows": 1333334,
                                "Plan Width": 12,
                                "Actual Startup Time": 0.012,
                                "Actual Total Time": 216.269,
                                "Actual Rows": 3992309,
                                "Actual Loops": 1,
                                "Output": [
                                    "id",
                                    "flags"
                                ],
                                "Filter": "((tests_benchmark_flagtester015.flags & 56077) > 0)",
                                "Rows Removed by Filter": 7692,
                                "Shared Hit Blocks": 4960,
                                "Shared Read Blocks": 16662,
                                "Shared Dirtied Blocks": 0,
                                "Shared Written Blocks": 0,
                                "Local Hit Blocks": 0,
                                "Local Read Blocks": 0,
                                "Local Dirtied Blocks": 0,
                                "Local Written Blocks": 0,
                                "Temp Read Blocks": 0,
                                "Temp Written Blocks": 0,
                                "WAL Records": 0,
                                "WAL FPI": 0,
                                "WAL Bytes": 0
                            },
                            "Settings": {},
                            "Planning": {
                                "Shared Hit Blocks": 0,
                                "Shared Read Blocks": 0,
                                "Shared Dirtied Blocks": 0,
                                "Shared Written Blocks": 0,
                                "Local Hit Blocks": 0,
                                "Local Read Blocks": 0,
                                "Local Dirtied Blocks": 0,
                                "Local Written Blocks": 0,
                                "Temp Read Blocks": 0,
                                "Temp Written Blocks": 0
                            },
                            "Planning Time": 0.028,
                            "Triggers": [],
                            "Execution Time": 297.674
                        },
                        "exact_explanation": {
                            "Plan": {
                                "Node Type": "Gather",
                                "Parallel Aware": false,
                                "Async Capable": false,
                                "Startup Cost": 1000.0,
                                "Total Cost": 43461.64,
                                "Plan Rows": 63,
                                "Plan Width": 12,
                                "Actual Startup Time": 6.333,
                                "Actual Total Time": 59.303,
                                "Actual Rows": 49,
                                "Actual Loops": 1,
                                "Output": [
                                    "id",
                                    "flags"
                                ],
                                "Workers Planned": 2,
                                "Workers Launched": 2,
                                "Single Copy": false,
                                "Shared Hit Blocks": 5088,
                                "Shared Read Blocks": 16534,
                                "Shared Dirtied Blocks": 0,
                                "Shared Written Blocks": 0,
                                "Local Hit Blocks": 0,
                                "Local Read Blocks": 0,
                                "Local Dirtied Blocks": 0,
                                "Local Written Blocks": 0,
                                "Temp Read Blocks": 0,
                                "Temp Written Blocks": 0,
                                "WAL Records": 0,
                                "WAL FPI": 0,
                                "WAL Bytes": 0,
                                "Plans": [
                                    {
                                        "Node Type": "Seq Scan",
                                        "Parent Relationship": "Outer",
                                        "Parallel Aware": true,
                                        "Async Capable": false,
                                        "Relation Name": "tests_benchmark_flagtester015",
                                        "Schema": "public",
                                        "Alias": "tests_benchmark_flagtester015",
                                        "Startup Cost": 0.0,
                                        "Total Cost": 42455.34,
                                        "Plan Rows": 26,
                                        "Plan Width": 12,
                                        "Actual Startup Time": 2.762,
                                        "Actual Total Time": 57.01,
                                        "Actual Rows": 16,
                                        "Actual Loops": 3,
                                        "Output": [
                                            "id",
                                            "flags"
                                        ],
                                        "Filter": "(tests_benchmark_flagtester015.flags = 56077)",
                                        "Rows Removed by Filter": 1333317,
                                        "Shared Hit Blocks": 5088,
                                        "Shared Read Blocks": 16534,
                                        "Shared Dirtied Blocks": 0,
                                        "Shared Written Blocks": 0,
                                        "Local Hit Blocks": 0,
                                        "Local Read Blocks": 0,
                                        "Local Dirtied Blocks": 0,
                                        "Local Written Blocks": 0,
                                        "Temp Read Blocks": 0,
                                        "Temp Written Blocks": 0,
                                        "WAL Records": 0,
                                        "WAL FPI": 0,
                                        "WAL Bytes": 0,
                                        "Workers": [
                                            {
                                                "Worker Number": 0,
                                                "Actual Startup Time": 1.309,
                                                "Actual Total Time": 56.348,
                                                "Actual Rows": 22,
                                                "Actual Loops": 1,
                                                "Shared Hit Blocks": 1635,
                                                "Shared Read Blocks": 5414,
                                                "Shared Dirtied Blocks": 0,
                                                "Shared Written Blocks": 0,
                                                "Local Hit Blocks": 0,
                                                "Local Read Blocks": 0,
                                                "Local Dirtied Blocks": 0,
                                                "Local Written Blocks": 0,
                                                "Temp Read Blocks": 0,
                                                "Temp Written Blocks": 0,
                                                "WAL Records": 0,
                                                "WAL FPI": 0,
                                                "WAL Bytes": 0
                                            },
                                            {
                                                "Worker Number": 1,
                                                "Actual Startup Time": 0.693,
                                                "Actual Total Time": 56.304,
                                                "Actual Rows": 21,
                                                "Actual Loops": 1,
                                                "Shared Hit Blocks": 1619,
                                                "Shared Read Blocks": 5424,
                                                "Shared Dirtied Blocks": 0,
                                                "Shared Written Blocks": 0,
                                                "Local Hit Blocks": 0,
                                                "Local Read Blocks": 0,
                                                "Local Dirtied Blocks": 0,
                                                "Local Written Blocks": 0,
                                                "Temp Read Blocks": 0,
                                                "Temp Written Blocks": 0,
                                                "WAL Records": 0,
                                                "WAL FPI": 0,
                                                "WAL Bytes": 0
                                            }
                                        ]
                                    }
                                ]
                            },
                            "Settings": {},
                            "Planning": {
                                "Shared Hit Blocks": 0,
                                "Shared Read Blocks": 0,
                                "Shared Dirtied Blocks": 0,
                                "Shared Written Blocks": 0,
                                "Local Hit Blocks": 0,
                                "Local Read Blocks": 0,
                                "Local Dirtied Blocks": 0,
                                "Local Written Blocks": 0,
                                "Temp Read Blocks": 0,
                                "Temp Written Blocks": 0
                            },
                            "Planning Time": 0.027,
                            "Triggers": [],
                            "Execution Time": 59.311
                        },
                        "all_ftr_time": 0.06310889999999998,
                        "any_ftr_time": 0.2994344,
                        "exact_ftr_time": 0.06170860000000001
                    },
                    "6000000": {
                        "all_time": 0.0961811998000485,
                        "any_time": 0.11588403769856086,
                        "exact_time": 0.09139837909751805,
                        "table_size": 400556032.0,
                        "index_time": 7.90998456068337e-07,
                        "all_explanation": {
                            "Plan": {
                                "Node Type": "Gather",
                                "Parallel Aware": false,
                                "Async Capable": false,
                                "Startup Cost": 1000.0,
                                "Total Cost": 73933.01,
                                "Plan Rows": 30000,
                                "Plan Width": 12,
                                "Actual Startup Time": 0.058,
                                "Actual Total Time": 93.684,
                                "Actual Rows": 23669,
                                "Actual Loops": 1,
                                "Output": [
                                    "id",
                                    "flags"
                                ],
                                "Workers Planned": 2,
                                "Workers Launched": 2,
                                "Single Copy": false,
                                "Shared Hit Blocks": 4768,
                                "Shared Read Blocks": 27665,
                                "Shared Dirtied Blocks": 0,
                                "Shared Written Blocks": 0,
                                "Local Hit Blocks": 0,
                                "Local Read Blocks": 0,
                                "Local Dirtied Blocks": 0,
                                "Local Written Blocks": 0,
                                "Temp Read Blocks": 0,
                                "Temp Written Blocks": 0,
                                "WAL Records": 0,
                                "WAL FPI": 0,
                                "WAL Bytes": 0,
                                "Plans": [
                                    {
                                        "Node Type": "Seq Scan",
                                        "Parent Relationship": "Outer",
                                        "Parallel Aware": true,
                                        "Async Capable": false,
                                        "Relation Name": "tests_benchmark_flagtester015",
                                        "Schema": "public",
                                        "Alias": "tests_benchmark_flagtester015",
                                        "Startup Cost": 0.0,
                                        "Total Cost": 69933.01,
                                        "Plan Rows": 12500,
                                        "Plan Width": 12,
                                        "Actual Startup Time": 0.021,
                                        "Actual Total Time": 91.315,
                                        "Actual Rows": 7890,
                                        "Actual Loops": 3,
                                        "Output": [
                                            "id",
                                            "flags"
                                        ],
                                        "Filter": "((tests_benchmark_flagtester015.flags & 36412) = 36412)",
                                        "Rows Removed by Filter": 1992111,
                                        "Shared Hit Blocks": 4768,
                                        "Shared Read Blocks": 27665,
                                        "Shared Dirtied Blocks": 0,
                                        "Shared Written Blocks": 0,
                                        "Local Hit Blocks": 0,
                                        "Local Read Blocks": 0,
                                        "Local Dirtied Blocks": 0,
                                        "Local Written Blocks": 0,
                                        "Temp Read Blocks": 0,
                                        "Temp Written Blocks": 0,
                                        "WAL Records": 0,
                                        "WAL FPI": 0,
                                        "WAL Bytes": 0,
                                        "Workers": [
                                            {
                                                "Worker Number": 0,
                                                "Actual Startup Time": 0.029,
                                                "Actual Total Time": 91.035,
                                                "Actual Rows": 7785,
                                                "Actual Loops": 1,
                                                "Shared Hit Blocks": 1534,
                                                "Shared Read Blocks": 9153,
                                                "Shared Dirtied Blocks": 0,
                                                "Shared Written Blocks": 0,
                                                "Local Hit Blocks": 0,
                                                "Local Read Blocks": 0,
                                                "Local Dirtied Blocks": 0,
                                                "Local Written Blocks": 0,
                                                "Temp Read Blocks": 0,
                                                "Temp Written Blocks": 0,
                                                "WAL Records": 0,
                                                "WAL FPI": 0,
                                                "WAL Bytes": 0
                                            },
                                            {
                                                "Worker Number": 1,
                                                "Actual Startup Time": 0.023,
                                                "Actual Total Time": 90.988,
                                                "Actual Rows": 7791,
                                                "Actual Loops": 1,
                                                "Shared Hit Blocks": 1530,
                                                "Shared Read Blocks": 9152,
                                                "Shared Dirtied Blocks": 0,
                                                "Shared Written Blocks": 0,
                                                "Local Hit Blocks": 0,
                                                "Local Read Blocks": 0,
                                                "Local Dirtied Blocks": 0,
                                                "Local Written Blocks": 0,
                                                "Temp Read Blocks": 0,
                                                "Temp Written Blocks": 0,
                                                "WAL Records": 0,
                                                "WAL FPI": 0,
                                                "WAL Bytes": 0
                                            }
                                        ]
                                    }
                                ]
                            },
                            "Settings": {},
                            "Planning": {
                                "Shared Hit Blocks": 0,
                                "Shared Read Blocks": 0,
                                "Shared Dirtied Blocks": 0,
                                "Shared Written Blocks": 0,
                                "Local Hit Blocks": 0,
                                "Local Read Blocks": 0,
                                "Local Dirtied Blocks": 0,
                                "Local Written Blocks": 0,
                                "Temp Read Blocks": 0,
                                "Temp Written Blocks": 0
                            },
                            "Planning Time": 0.025,
                            "Triggers": [],
                            "Execution Time": 94.225
                        },
                        "any_explanation": {
                            "Plan": {
                                "Node Type": "Seq Scan",
                                "Parallel Aware": false,
                                "Async Capable": false,
                                "Relation Name": "tests_benchmark_flagtester015",
                                "Schema": "public",
                                "Alias": "tests_benchmark_flagtester015",
                                "Startup Cost": 0.0,
                                "Total Cost": 122433.01,
                                "Plan Rows": 2000000,
                                "Plan Width": 12,
                                "Actual Startup Time": 0.008,
                                "Actual Total Time": 322.461,
                                "Actual Rows": 5976516,
                                "Actual Loops": 1,
                                "Output": [
                                    "id",
                                    "flags"
                                ],
                                "Filter": "((tests_benchmark_flagtester015.flags & 36412) > 0)",
                                "Rows Removed by Filter": 23485,
                                "Shared Hit Blocks": 4960,
                                "Shared Read Blocks": 27473,
                                "Shared Dirtied Blocks": 0,
                                "Shared Written Blocks": 0,
                                "Local Hit Blocks": 0,
                                "Local Read Blocks": 0,
                                "Local Dirtied Blocks": 0,
                                "Local Written Blocks": 0,
                                "Temp Read Blocks": 0,
                                "Temp Written Blocks": 0,
                                "WAL Records": 0,
                                "WAL FPI": 0,
                                "WAL Bytes": 0
                            },
                            "Settings": {},
                            "Planning": {
                                "Shared Hit Blocks": 0,
                                "Shared Read Blocks": 0,
                                "Shared Dirtied Blocks": 0,
                                "Shared Written Blocks": 0,
                                "Local Hit Blocks": 0,
                                "Local Read Blocks": 0,
                                "Local Dirtied Blocks": 0,
                                "Local Written Blocks": 0,
                                "Temp Read Blocks": 0,
                                "Temp Written Blocks": 0
                            },
                            "Planning Time": 0.025,
                            "Triggers": [],
                            "Execution Time": 444.288
                        },
                        "exact_explanation": {
                            "Plan": {
                                "Node Type": "Gather",
                                "Parallel Aware": false,
                                "Async Capable": false,
                                "Startup Cost": 1000.0,
                                "Total Cost": 64692.21,
                                "Plan Rows": 92,
                                "Plan Width": 12,
                                "Actual Startup Time": 1.071,
                                "Actual Total Time": 88.16,
                                "Actual Rows": 122,
                                "Actual Loops": 1,
                                "Output": [
                                    "id",
                                    "flags"
                                ],
                                "Workers Planned": 2,
                                "Workers Launched": 2,
                                "Single Copy": false,
                                "Shared Hit Blocks": 5088,
                                "Shared Read Blocks": 27345,
                                "Shared Dirtied Blocks": 0,
                                "Shared Written Blocks": 0,
                                "Local Hit Blocks": 0,
                                "Local Read Blocks": 0,
                                "Local Dirtied Blocks": 0,
                                "Local Written Blocks": 0,
                                "Temp Read Blocks": 0,
                                "Temp Written Blocks": 0,
                                "WAL Records": 0,
                                "WAL FPI": 0,
                                "WAL Bytes": 0,
                                "Plans": [
                                    {
                                        "Node Type": "Seq Scan",
                                        "Parent Relationship": "Outer",
                                        "Parallel Aware": true,
                                        "Async Capable": false,
                                        "Relation Name": "tests_benchmark_flagtester015",
                                        "Schema": "public",
                                        "Alias": "tests_benchmark_flagtester015",
                                        "Startup Cost": 0.0,
                                        "Total Cost": 63683.01,
                                        "Plan Rows": 38,
                                        "Plan Width": 12,
                                        "Actual Startup Time": 2.122,
                                        "Actual Total Time": 85.957,
                                        "Actual Rows": 41,
                                        "Actual Loops": 3,
                                        "Output": [
                                            "id",
                                            "flags"
                                        ],
                                        "Filter": "(tests_benchmark_flagtester015.flags = 36412)",
                                        "Rows Removed by Filter": 1999960,
                                        "Shared Hit Blocks": 5088,
                                        "Shared Read Blocks": 27345,
                                        "Shared Dirtied Blocks": 0,
                                        "Shared Written Blocks": 0,
                                        "Local Hit Blocks": 0,
                                        "Local Read Blocks": 0,
                                        "Local Dirtied Blocks": 0,
                                        "Local Written Blocks": 0,
                                        "Temp Read Blocks": 0,
                                        "Temp Written Blocks": 0,
                                        "WAL Records": 0,
                                        "WAL FPI": 0,
                                        "WAL Bytes": 0,
                                        "Workers": [
                                            {
                                                "Worker Number": 0,
                                                "Actual Startup Time": 3.373,
                                                "Actual Total Time": 85.257,
                                                "Actual Rows": 35,
                                                "Actual Loops": 1,
                                                "Shared Hit Blocks": 1623,
                                                "Shared Read Blocks": 9024,
                                                "Shared Dirtied Blocks": 0,
                                                "Shared Written Blocks": 0,
                                                "Local Hit Blocks": 0,
                                                "Local Read Blocks": 0,
                                                "Local Dirtied Blocks": 0,
                                                "Local Written Blocks": 0,
                                                "Temp Read Blocks": 0,
                                                "Temp Written Blocks": 0,
                                                "WAL Records": 0,
                                                "WAL FPI": 0,
                                                "WAL Bytes": 0
                                            },
                                            {
                                                "Worker Number": 1,
                                                "Actual Startup Time": 1.972,
                                                "Actual Total Time": 85.304,
                                                "Actual Rows": 43,
                                                "Actual Loops": 1,
                                                "Shared Hit Blocks": 1641,
                                                "Shared Read Blocks": 9040,
                                                "Shared Dirtied Blocks": 0,
                                                "Shared Written Blocks": 0,
                                                "Local Hit Blocks": 0,
                                                "Local Read Blocks": 0,
                                                "Local Dirtied Blocks": 0,
                                                "Local Written Blocks": 0,
                                                "Temp Read Blocks": 0,
                                                "Temp Written Blocks": 0,
                                                "WAL Records": 0,
                                                "WAL FPI": 0,
                                                "WAL Bytes": 0
                                            }
                                        ]
                                    }
                                ]
                            },
                            "Settings": {},
                            "Planning": {
                                "Shared Hit Blocks": 0,
                                "Shared Read Blocks": 0,
                                "Shared Dirtied Blocks": 0,
                                "Shared Written Blocks": 0,
                                "Local Hit Blocks": 0,
                                "Local Read Blocks": 0,
                                "Local Dirtied Blocks": 0,
                                "Local Written Blocks": 0,
                                "Temp Read Blocks": 0,
                                "Temp Written Blocks": 0
                            },
                            "Planning Time": 0.027,
                            "Triggers": [],
                            "Execution Time": 88.17
                        },
                        "all_ftr_time": 0.0964907,
                        "any_ftr_time": 0.4446746999999999,
                        "exact_ftr_time": 0.0881129
                    },
                    "8000000": {
                        "all_time": 0.12336001669755206,
                        "any_time": 0.15057316660095238,
                        "exact_time": 0.11809685819753213,
                        "table_size": 533725184.0,
                        "index_time": 2.1669984562322497e-06,
                        "all_explanation": {
                            "Plan": {
                                "Node Type": "Gather",
                                "Parallel Aware": false,
                                "Async Capable": false,
                                "Startup Cost": 1000.0,
                                "Total Cost": 98244.01,
                                "Plan Rows": 40000,
                                "Plan Width": 12,
                                "Actual Startup Time": 0.057,
                                "Actual Total Time": 120.9,
                                "Actual Rows": 62953,
                                "Actual Loops": 1,
                                "Output": [
                                    "id",
                                    "flags"
                                ],
                                "Workers Planned": 2,
                                "Workers Launched": 2,
                                "Single Copy": false,
                                "Shared Hit Blocks": 4768,
                                "Shared Read Blocks": 38476,
                                "Shared Dirtied Blocks": 0,
                                "Shared Written Blocks": 0,
                                "Local Hit Blocks": 0,
                                "Local Read Blocks": 0,
                                "Local Dirtied Blocks": 0,
                                "Local Written Blocks": 0,
                                "Temp Read Blocks": 0,
                                "Temp Written Blocks": 0,
                                "WAL Records": 0,
                                "WAL FPI": 0,
                                "WAL Bytes": 0,
                                "Plans": [
                                    {
                                        "Node Type": "Seq Scan",
                                        "Parent Relationship": "Outer",
                                        "Parallel Aware": true,
                                        "Async Capable": false,
                                        "Relation Name": "tests_benchmark_flagtester015",
                                        "Schema": "public",
                                        "Alias": "tests_benchmark_flagtester015",
                                        "Startup Cost": 0.0,
                                        "Total Cost": 93244.01,
                                        "Plan Rows": 16667,
                                        "Plan Width": 12,
                                        "Actual Startup Time": 0.022,
                                        "Actual Total Time": 118.285,
                                        "Actual Rows": 20984,
                                        "Actual Loops": 3,
                                        "Output": [
                                            "id",
                                            "flags"
                                        ],
                                        "Filter": "((tests_benchmark_flagtester015.flags & 9464) = 9464)",
                                        "Rows Removed by Filter": 2645683,
                                        "Shared Hit Blocks": 4768,
                                        "Shared Read Blocks": 38476,
                                        "Shared Dirtied Blocks": 0,
                                        "Shared Written Blocks": 0,
                                        "Local Hit Blocks": 0,
                                        "Local Read Blocks": 0,
                                        "Local Dirtied Blocks": 0,
                                        "Local Written Blocks": 0,
                                        "Temp Read Blocks": 0,
                                        "Temp Written Blocks": 0,
                                        "WAL Records": 0,
                                        "WAL FPI": 0,
                                        "WAL Bytes": 0,
                                        "Workers": [
                                            {
                                                "Worker Number": 0,
                                                "Actual Startup Time": 0.033,
                                                "Actual Total Time": 118.577,
                                                "Actual Rows": 20840,
                                                "Actual Loops": 1,
                                                "Shared Hit Blocks": 1539,
                                                "Shared Read Blocks": 12832,
                                                "Shared Dirtied Blocks": 0,
                                                "Shared Written Blocks": 0,
                                                "Local Hit Blocks": 0,
                                                "Local Read Blocks": 0,
                                                "Local Dirtied Blocks": 0,
                                                "Local Written Blocks": 0,
                                                "Temp Read Blocks": 0,
                                                "Temp Written Blocks": 0,
                                                "WAL Records": 0,
                                                "WAL FPI": 0,
                                                "WAL Bytes": 0
                                            },
                                            {
                                                "Worker Number": 1,
                                                "Actual Startup Time": 0.021,
                                                "Actual Total Time": 118.523,
                                                "Actual Rows": 20906,
                                                "Actual Loops": 1,
                                                "Shared Hit Blocks": 1536,
                                                "Shared Read Blocks": 12812,
                                                "Shared Dirtied Blocks": 0,
                                                "Shared Written Blocks": 0,
                                                "Local Hit Blocks": 0,
                                                "Local Read Blocks": 0,
                                                "Local Dirtied Blocks": 0,
                                                "Local Written Blocks": 0,
                                                "Temp Read Blocks": 0,
                                                "Temp Written Blocks": 0,
                                                "WAL Records": 0,
                                                "WAL FPI": 0,
                                                "WAL Bytes": 0
                                            }
                                        ]
                                    }
                                ]
                            },
                            "Settings": {},
                            "Planning": {
                                "Shared Hit Blocks": 0,
                                "Shared Read Blocks": 0,
                                "Shared Dirtied Blocks": 0,
                                "Shared Written Blocks": 0,
                                "Local Hit Blocks": 0,
                                "Local Read Blocks": 0,
                                "Local Dirtied Blocks": 0,
                                "Local Written Blocks": 0,
                                "Temp Read Blocks": 0,
                                "Temp Written Blocks": 0
                            },
                            "Planning Time": 0.024,
                            "Triggers": [],
                            "Execution Time": 122.308
                        },
                        "any_explanation": {
                            "Plan": {
                                "Node Type": "Seq Scan",
                                "Parallel Aware": false,
                                "Async Capable": false,
                                "Relation Name": "tests_benchmark_flagtester015",
                                "Schema": "public",
                                "Alias": "tests_benchmark_flagtester015",
                                "Startup Cost": 0.0,
                                "Total Cost": 163244.02,
                                "Plan Rows": 2666667,
                                "Plan Width": 12,
                                "Actual Startup Time": 0.009,
                                "Actual Total Time": 426.496,
                                "Actual Rows": 7937010,
                                "Actual Loops": 1,
                                "Output": [
                                    "id",
                                    "flags"
                                ],
                                "Filter": "((tests_benchmark_flagtester015.flags & 9464) > 0)",
                                "Rows Removed by Filter": 62991,
                                "Shared Hit Blocks": 4960,
                                "Shared Read Blocks": 38284,
                                "Shared Dirtied Blocks": 0,
                                "Shared Written Blocks": 0,
                                "Local Hit Blocks": 0,
                                "Local Read Blocks": 0,
                                "Local Dirtied Blocks": 0,
                                "Local Written Blocks": 0,
                                "Temp Read Blocks": 0,
                                "Temp Written Blocks": 0,
                                "WAL Records": 0,
                                "WAL FPI": 0,
                                "WAL Bytes": 0
                            },
                            "Settings": {},
                            "Planning": {
                                "Shared Hit Blocks": 0,
                                "Shared Read Blocks": 0,
                                "Shared Dirtied Blocks": 0,
                                "Shared Written Blocks": 0,
                                "Local Hit Blocks": 0,
                                "Local Read Blocks": 0,
                                "Local Dirtied Blocks": 0,
                                "Local Written Blocks": 0,
                                "Temp Read Blocks": 0,
                                "Temp Written Blocks": 0
                            },
                            "Planning Time": 0.023,
                            "Triggers": [],
                            "Execution Time": 588.854
                        },
                        "exact_explanation": {
                            "Plan": {
                                "Node Type": "Gather",
                                "Parallel Aware": false,
                                "Async Capable": false,
                                "Startup Cost": 1000.0,
                                "Total Cost": 85922.97,
                                "Plan Rows": 123,
                                "Plan Width": 12,
                                "Actual Startup Time": 1.631,
                                "Actual Total Time": 114.24,
                                "Actual Rows": 122,
                                "Actual Loops": 1,
                                "Output": [
                                    "id",
                                    "flags"
                                ],
                                "Workers Planned": 2,
                                "Workers Launched": 2,
                                "Single Copy": false,
                                "Shared Hit Blocks": 5088,
                                "Shared Read Blocks": 38156,
                                "Shared Dirtied Blocks": 0,
                                "Shared Written Blocks": 0,
                                "Local Hit Blocks": 0,
                                "Local Read Blocks": 0,
                                "Local Dirtied Blocks": 0,
                                "Local Written Blocks": 0,
                                "Temp Read Blocks": 0,
                                "Temp Written Blocks": 0,
                                "WAL Records": 0,
                                "WAL FPI": 0,
                                "WAL Bytes": 0,
                                "Plans": [
                                    {
                                        "Node Type": "Seq Scan",
                                        "Parent Relationship": "Outer",
                                        "Parallel Aware": true,
                                        "Async Capable": false,
                                        "Relation Name": "tests_benchmark_flagtester015",
                                        "Schema": "public",
                                        "Alias": "tests_benchmark_flagtester015",
                                        "Startup Cost": 0.0,
                                        "Total Cost": 84910.67,
                                        "Plan Rows": 51,
                                        "Plan Width": 12,
                                        "Actual Startup Time": 1.097,
                                        "Actual Total Time": 112.133,
                                        "Actual Rows": 41,
                                        "Actual Loops": 3,
                                        "Output": [
                                            "id",
                                            "flags"
                                        ],
                                        "Filter": "(tests_benchmark_flagtester015.flags = 9464)",
                                        "Rows Removed by Filter": 2666626,
                                        "Shared Hit Blocks": 5088,
                                        "Shared Read Blocks": 38156,
                                        "Shared Dirtied Blocks": 0,
                                        "Shared Written Blocks": 0,
                                        "Local Hit Blocks": 0,
                                        "Local Read Blocks": 0,
                                        "Local Dirtied Blocks": 0,
                                        "Local Written Blocks": 0,
                                        "Temp Read Blocks": 0,
                                        "Temp Written Blocks": 0,
                                        "WAL Records": 0,
                                        "WAL FPI": 0,
                                        "WAL Bytes": 0,
                                        "Workers": [
                                            {
                                                "Worker Number": 0,
                                                "Actual Startup Time": 1.334,
                                                "Actual Total Time": 111.508,
                                                "Actual Rows": 38,
                                                "Actual Loops": 1,
                                                "Shared Hit Blocks": 1628,
                                                "Shared Read Blocks": 12640,
                                                "Shared Dirtied Blocks": 0,
                                                "Shared Written Blocks": 0,
                                                "Local Hit Blocks": 0,
                                                "Local Read Blocks": 0,
                                                "Local Dirtied Blocks": 0,
                                                "Local Written Blocks": 0,
                                                "Temp Read Blocks": 0,
                                                "Temp Written Blocks": 0,
                                                "WAL Records": 0,
                                                "WAL FPI": 0,
                                                "WAL Bytes": 0
                                            },
                                            {
                                                "Worker Number": 1,
                                                "Actual Startup Time": 0.37,
                                                "Actual Total Time": 111.483,
                                                "Actual Rows": 45,
                                                "Actual Loops": 1,
                                                "Shared Hit Blocks": 1629,
                                                "Shared Read Blocks": 12640,
                                                "Shared Dirtied Blocks": 0,
                                                "Shared Written Blocks": 0,
                                                "Local Hit Blocks": 0,
                                                "Local Read Blocks": 0,
                                                "Local Dirtied Blocks": 0,
                                                "Local Written Blocks": 0,
                                                "Temp Read Blocks": 0,
                                                "Temp Written Blocks": 0,
                                                "WAL Records": 0,
                                                "WAL FPI": 0,
                                                "WAL Bytes": 0
                                            }
                                        ]
                                    }
                                ]
                            },
                            "Settings": {},
                            "Planning": {
                                "Shared Hit Blocks": 0,
                                "Shared Read Blocks": 0,
                                "Shared Dirtied Blocks": 0,
                                "Shared Written Blocks": 0,
                                "Local Hit Blocks": 0,
                                "Local Read Blocks": 0,
                                "Local Dirtied Blocks": 0,
                                "Local Written Blocks": 0,
                                "Temp Read Blocks": 0,
                                "Temp Written Blocks": 0
                            },
                            "Planning Time": 0.024,
                            "Triggers": [],
                            "Execution Time": 114.25
                        },
                        "all_ftr_time": 0.1224435,
                        "any_ftr_time": 0.5917627,
                        "exact_ftr_time": 0.11524039999999999
                    },
                    "10000000": {
                        "all_time": 0.1556162043023505,
                        "any_time": 0.1903815873025451,
                        "exact_time": 0.15014634169638158,
                        "table_size": 667942912.0,
                        "index_time": 2.291999408043921e-06,
                        "all_explanation": {
                            "Plan": {
                                "Node Type": "Gather",
                                "Parallel Aware": false,
                                "Async Capable": false,
                                "Startup Cost": 1000.0,
                                "Total Cost": 122555.01,
                                "Plan Rows": 50000,
                                "Plan Width": 12,
                                "Actual Startup Time": 0.119,
                                "Actual Total Time": 153.85,
                                "Actual Rows": 19595,
                                "Actual Loops": 1,
                                "Output": [
                                    "id",
                                    "flags"
                                ],
                                "Workers Planned": 2,
                                "Workers Launched": 2,
                                "Single Copy": false,
                                "Shared Hit Blocks": 4768,
                                "Shared Read Blocks": 49287,
                                "Shared Dirtied Blocks": 0,
                                "Shared Written Blocks": 0,
                                "Local Hit Blocks": 0,
                                "Local Read Blocks": 0,
                                "Local Dirtied Blocks": 0,
                                "Local Written Blocks": 0,
                                "Temp Read Blocks": 0,
                                "Temp Written Blocks": 0,
                                "WAL Records": 0,
                                "WAL FPI": 0,
                                "WAL Bytes": 0,
                                "Plans": [
                                    {
                                        "Node Type": "Seq Scan",
                                        "Parent Relationship": "Outer",
                                        "Parallel Aware": true,
                                        "Async Capable": false,
                                        "Relation Name": "tests_benchmark_flagtester015",
                                        "Schema": "public",
                                        "Alias": "tests_benchmark_flagtester015",
                                        "Startup Cost": 0.0,
                                        "Total Cost": 116555.01,
                                        "Plan Rows": 20833,
                                        "Plan Width": 12,
                                        "Actual Startup Time": 0.049,
                                        "Actual Total Time": 151.275,
                                        "Actual Rows": 6532,
                                        "Actual Loops": 3,
                                        "Output": [
                                            "id",
                                            "flags"
                                        ],
                                        "Filter": "((tests_benchmark_flagtester015.flags & 21821) = 21821)",
                                        "Rows Removed by Filter": 3326802,
                                        "Shared Hit Blocks": 4768,
                                        "Shared Read Blocks": 49287,
                                        "Shared Dirtied Blocks": 0,
                                        "Shared Written Blocks": 0,
                                        "Local Hit Blocks": 0,
                                        "Local Read Blocks": 0,
                                        "Local Dirtied Blocks": 0,
                                        "Local Written Blocks": 0,
                                        "Temp Read Blocks": 0,
                                        "Temp Written Blocks": 0,
                                        "WAL Records": 0,
                                        "WAL FPI": 0,
                                        "WAL Bytes": 0,
                                        "Workers": [
                                            {
                                                "Worker Number": 0,
                                                "Actual Startup Time": 0.034,
                                                "Actual Total Time": 150.942,
                                                "Actual Rows": 6482,
                                                "Actual Loops": 1,
                                                "Shared Hit Blocks": 1523,
                                                "Shared Read Blocks": 16352,
                                                "Shared Dirtied Blocks": 0,
                                                "Shared Written Blocks": 0,
                                                "Local Hit Blocks": 0,
                                                "Local Read Blocks": 0,
                                                "Local Dirtied Blocks": 0,
                                                "Local Written Blocks": 0,
                                                "Temp Read Blocks": 0,
                                                "Temp Written Blocks": 0,
                                                "WAL Records": 0,
                                                "WAL FPI": 0,
                                                "WAL Bytes": 0
                                            },
                                            {
                                                "Worker Number": 1,
                                                "Actual Startup Time": 0.045,
                                                "Actual Total Time": 150.827,
                                                "Actual Rows": 6464,
                                                "Actual Loops": 1,
                                                "Shared Hit Blocks": 1520,
                                                "Shared Read Blocks": 16320,
                                                "Shared Dirtied Blocks": 0,
                                                "Shared Written Blocks": 0,
                                                "Local Hit Blocks": 0,
                                                "Local Read Blocks": 0,
                                                "Local Dirtied Blocks": 0,
                                                "Local Written Blocks": 0,
                                                "Temp Read Blocks": 0,
                                                "Temp Written Blocks": 0,
                                                "WAL Records": 0,
                                                "WAL FPI": 0,
                                                "WAL Bytes": 0
                                            }
                                        ]
                                    }
                                ]
                            },
                            "Settings": {},
                            "Planning": {
                                "Shared Hit Blocks": 0,
                                "Shared Read Blocks": 0,
                                "Shared Dirtied Blocks": 0,
                                "Shared Written Blocks": 0,
                                "Local Hit Blocks": 0,
                                "Local Read Blocks": 0,
                                "Local Dirtied Blocks": 0,
                                "Local Written Blocks": 0,
                                "Temp Read Blocks": 0,
                                "Temp Written Blocks": 0
                            },
                            "Planning Time": 0.027,
                            "Triggers": [],
                            "Execution Time": 154.311
                        },
                        "any_explanation": {
                            "Plan": {
                                "Node Type": "Seq Scan",
                                "Parallel Aware": false,
                                "Async Capable": false,
                                "Relation Name": "tests_benchmark_flagtester015",
                                "Schema": "public",
                                "Alias": "tests_benchmark_flagtester015",
                                "Startup Cost": 0.0,
                                "Total Cost": 204055.01,
                                "Plan Rows": 3333334,
                                "Plan Width": 12,
                                "Actual Startup Time": 0.009,
                                "Actual Total Time": 550.321,
                                "Actual Rows": 9980586,
                                "Actual Loops": 1,
                                "Output": [
                                    "id",
                                    "flags"
                                ],
                                "Filter": "((tests_benchmark_flagtester015.flags & 21821) > 0)",
                                "Rows Removed by Filter": 19415,
                                "Shared Hit Blocks": 4960,
                                "Shared Read Blocks": 49095,
                                "Shared Dirtied Blocks": 0,
                                "Shared Written Blocks": 0,
                                "Local Hit Blocks": 0,
                                "Local Read Blocks": 0,
                                "Local Dirtied Blocks": 0,
                                "Local Written Blocks": 0,
                                "Temp Read Blocks": 0,
                                "Temp Written Blocks": 0,
                                "WAL Records": 0,
                                "WAL FPI": 0,
                                "WAL Bytes": 0
                            },
                            "Settings": {},
                            "Planning": {
                                "Shared Hit Blocks": 0,
                                "Shared Read Blocks": 0,
                                "Shared Dirtied Blocks": 0,
                                "Shared Written Blocks": 0,
                                "Local Hit Blocks": 0,
                                "Local Read Blocks": 0,
                                "Local Dirtied Blocks": 0,
                                "Local Written Blocks": 0,
                                "Temp Read Blocks": 0,
                                "Temp Written Blocks": 0
                            },
                            "Planning Time": 0.026,
                            "Triggers": [],
                            "Execution Time": 756.866
                        },
                        "exact_explanation": {
                            "Plan": {
                                "Node Type": "Gather",
                                "Parallel Aware": false,
                                "Async Capable": false,
                                "Startup Cost": 1000.0,
                                "Total Cost": 107153.74,
                                "Plan Rows": 154,
                                "Plan Width": 12,
                                "Actual Startup Time": 0.642,
                                "Actual Total Time": 148.907,
                                "Actual Rows": 131,
                                "Actual Loops": 1,
                                "Output": [
                                    "id",
                                    "flags"
                                ],
                                "Workers Planned": 2,
                                "Workers Launched": 2,
                                "Single Copy": false,
                                "Shared Hit Blocks": 5088,
                                "Shared Read Blocks": 48967,
                                "Shared Dirtied Blocks": 0,
                                "Shared Written Blocks": 0,
                                "Local Hit Blocks": 0,
                                "Local Read Blocks": 0,
                                "Local Dirtied Blocks": 0,
                                "Local Written Blocks": 0,
                                "Temp Read Blocks": 0,
                                "Temp Written Blocks": 0,
                                "WAL Records": 0,
                                "WAL FPI": 0,
                                "WAL Bytes": 0,
                                "Plans": [
                                    {
                                        "Node Type": "Seq Scan",
                                        "Parent Relationship": "Outer",
                                        "Parallel Aware": true,
                                        "Async Capable": false,
                                        "Relation Name": "tests_benchmark_flagtester015",
                                        "Schema": "public",
                                        "Alias": "tests_benchmark_flagtester015",
                                        "Startup Cost": 0.0,
                                        "Total Cost": 106138.34,
                                        "Plan Rows": 64,
                                        "Plan Width": 12,
                                        "Actual Startup Time": 1.306,
                                        "Actual Total Time": 146.506,
                                        "Actual Rows": 44,
                                        "Actual Loops": 3,
                                        "Output": [
                                            "id",
                                            "flags"
                                        ],
                                        "Filter": "(tests_benchmark_flagtester015.flags = 21821)",
                                        "Rows Removed by Filter": 3333290,
                                        "Shared Hit Blocks": 5088,
                                        "Shared Read Blocks": 48967,
                                        "Shared Dirtied Blocks": 0,
                                        "Shared Written Blocks": 0,
                                        "Local Hit Blocks": 0,
                                        "Local Read Blocks": 0,
                                        "Local Dirtied Blocks": 0,
                                        "Local Written Blocks": 0,
                                        "Temp Read Blocks": 0,
                                        "Temp Written Blocks": 0,
                                        "WAL Records": 0,
                                        "WAL FPI": 0,
                                        "WAL Bytes": 0,
                                        "Workers": [
                                            {
                                                "Worker Number": 0,
                                                "Actual Startup Time": 2.199,
                                                "Actual Total Time": 145.64,
                                                "Actual Rows": 46,
                                                "Actual Loops": 1,
                                                "Shared Hit Blocks": 1620,
                                                "Shared Read Blocks": 16199,
                                                "Shared Dirtied Blocks": 0,
                                                "Shared Written Blocks": 0,
                                                "Local Hit Blocks": 0,
                                                "Local Read Blocks": 0,
                                                "Local Dirtied Blocks": 0,
                                                "Local Written Blocks": 0,
                                                "Temp Read Blocks": 0,
                                                "Temp Written Blocks": 0,
                                                "WAL Records": 0,
                                                "WAL FPI": 0,
                                                "WAL Bytes": 0
                                            },
                                            {
                                                "Worker Number": 1,
                                                "Actual Startup Time": 1.136,
                                                "Actual Total Time": 145.948,
                                                "Actual Rows": 41,
                                                "Actual Loops": 1,
                                                "Shared Hit Blocks": 1610,
                                                "Shared Read Blocks": 16256,
                                                "Shared Dirtied Blocks": 0,
                                                "Shared Written Blocks": 0,
                                                "Local Hit Blocks": 0,
                                                "Local Read Blocks": 0,
                                                "Local Dirtied Blocks": 0,
                                                "Local Written Blocks": 0,
                                                "Temp Read Blocks": 0,
                                                "Temp Written Blocks": 0,
                                                "WAL Records": 0,
                                                "WAL FPI": 0,
                                                "WAL Bytes": 0
                                            }
                                        ]
                                    }
                                ]
                            },
                            "Settings": {},
                            "Planning": {
                                "Shared Hit Blocks": 0,
                                "Shared Read Blocks": 0,
                                "Shared Dirtied Blocks": 0,
                                "Shared Written Blocks": 0,
                                "Local Hit Blocks": 0,
                                "Local Read Blocks": 0,
                                "Local Dirtied Blocks": 0,
                                "Local Written Blocks": 0,
                                "Temp Read Blocks": 0,
                                "Temp Written Blocks": 0
                            },
                            "Planning Time": 0.025,
                            "Triggers": [],
                            "Execution Time": 148.919
                        },
                        "all_ftr_time": 0.1567003,
                        "any_ftr_time": 0.7501388,
                        "exact_ftr_time": 0.14772210000000002
                    },
                    "20000000": {
                        "all_time": 0.3431340209004702,
                        "any_time": 0.3668108125013532,
                        "exact_time": 0.28328233349893706,
                        "table_size": 1334837248.0,
                        "index_time": 5.409965524449944e-07,
                        "all_explanation": {
                            "Plan": {
                                "Node Type": "Gather",
                                "Parallel Aware": false,
                                "Async Capable": false,
                                "Startup Cost": 1000.0,
                                "Total Cost": 244109.0,
                                "Plan Rows": 100000,
                                "Plan Width": 12,
                                "Actual Startup Time": 0.118,
                                "Actual Total Time": 298.01,
                                "Actual Rows": 625261,
                                "Actual Loops": 1,
                                "Output": [
                                    "id",
                                    "flags"
                                ],
                                "Workers Planned": 2,
                                "Workers Launched": 2,
                                "Single Copy": false,
                                "Shared Hit Blocks": 4768,
                                "Shared Read Blocks": 103341,
                                "Shared Dirtied Blocks": 0,
                                "Shared Written Blocks": 0,
                                "Local Hit Blocks": 0,
                                "Local Read Blocks": 0,
                                "Local Dirtied Blocks": 0,
                                "Local Written Blocks": 0,
                                "Temp Read Blocks": 0,
                                "Temp Written Blocks": 0,
                                "WAL Records": 0,
                                "WAL FPI": 0,
                                "WAL Bytes": 0,
                                "Plans": [
                                    {
                                        "Node Type": "Seq Scan",
                                        "Parent Relationship": "Outer",
                                        "Parallel Aware": true,
                                        "Async Capable": false,
                                        "Relation Name": "tests_benchmark_flagtester015",
                                        "Schema": "public",
                                        "Alias": "tests_benchmark_flagtester015",
                                        "Startup Cost": 0.0,
                                        "Total Cost": 233109.0,
                                        "Plan Rows": 41667,
                                        "Plan Width": 12,
                                        "Actual Startup Time": 0.024,
                                        "Actual Total Time": 290.464,
                                        "Actual Rows": 208420,
                                        "Actual Loops": 3,
                                        "Output": [
                                            "id",
                                            "flags"
                                        ],
                                        "Filter": "((tests_benchmark_flagtester015.flags & 16808) = 16808)",
                                        "Rows Removed by Filter": 6458247,
                                        "Shared Hit Blocks": 4768,
                                        "Shared Read Blocks": 103341,
                                        "Shared Dirtied Blocks": 0,
                                        "Shared Written Blocks": 0,
                                        "Local Hit Blocks": 0,
                                        "Local Read Blocks": 0,
                                        "Local Dirtied Blocks": 0,
                                        "Local Written Blocks": 0,
                                        "Temp Read Blocks": 0,
                                        "Temp Written Blocks": 0,
                                        "WAL Records": 0,
                                        "WAL FPI": 0,
                                        "WAL Bytes": 0,
                                        "Workers": [
                                            {
                                                "Worker Number": 0,
                                                "Actual Startup Time": 0.03,
                                                "Actual Total Time": 298.739,
                                                "Actual Rows": 213100,
                                                "Actual Loops": 1,
                                                "Shared Hit Blocks": 1593,
                                                "Shared Read Blocks": 35277,
                                                "Shared Dirtied Blocks": 0,
                                                "Shared Written Blocks": 0,
                                                "Local Hit Blocks": 0,
                                                "Local Read Blocks": 0,
                                                "Local Dirtied Blocks": 0,
                                                "Local Written Blocks": 0,
                                                "Temp Read Blocks": 0,
                                                "Temp Written Blocks": 0,
                                                "WAL Records": 0,
                                                "WAL FPI": 0,
                                                "WAL Bytes": 0
                                            },
                                            {
                                                "Worker Number": 1,
                                                "Actual Startup Time": 0.03,
                                                "Actual Total Time": 298.666,
                                                "Actual Rows": 214045,
                                                "Actual Loops": 1,
                                                "Shared Hit Blocks": 1599,
                                                "Shared Read Blocks": 35315,
                                                "Shared Dirtied Blocks": 0,
                                                "Shared Written Blocks": 0,
                                                "Local Hit Blocks": 0,
                                                "Local Read Blocks": 0,
                                                "Local Dirtied Blocks": 0,
                                                "Local Written Blocks": 0,
                                                "Temp Read Blocks": 0,
                                                "Temp Written Blocks": 0,
                                                "WAL Records": 0,
                                                "WAL FPI": 0,
                                                "WAL Bytes": 0
                                            }
                                        ]
                                    }
                                ]
                            },
                            "Settings": {},
                            "Planning": {
                                "Shared Hit Blocks": 0,
                                "Shared Read Blocks": 0,
                                "Shared Dirtied Blocks": 0,
                                "Shared Written Blocks": 0,
                                "Local Hit Blocks": 0,
                                "Local Read Blocks": 0,
                                "Local Dirtied Blocks": 0,
                                "Local Written Blocks": 0,
                                "Temp Read Blocks": 0,
                                "Temp Written Blocks": 0
                            },
                            "Planning Time": 0.042,
                            "Triggers": [],
                            "Execution Time": 311.759
                        },
                        "any_explanation": {
                            "Plan": {
                                "Node Type": "Seq Scan",
                                "Parallel Aware": false,
                                "Async Capable": false,
                                "Relation Name": "tests_benchmark_flagtester015",
                                "Schema": "public",
                                "Alias": "tests_benchmark_flagtester015",
                                "Startup Cost": 0.0,
                                "Total Cost": 408111.46,
                                "Plan Rows": 6666721,
                                "Plan Width": 12,
                                "Actual Startup Time": 0.006,
                                "Actual Total Time": 1049.34,
                                "Actual Rows": 19374263,
                                "Actual Loops": 1,
                                "Output": [
                                    "id",
                                    "flags"
                                ],
                                "Filter": "((tests_benchmark_flagtester015.flags & 16808) > 0)",
                                "Rows Removed by Filter": 625738,
                                "Shared Hit Blocks": 4960,
                                "Shared Read Blocks": 103149,
                                "Shared Dirtied Blocks": 0,
                                "Shared Written Blocks": 0,
                                "Local Hit Blocks": 0,
                                "Local Read Blocks": 0,
                                "Local Dirtied Blocks": 0,
                                "Local Written Blocks": 0,
                                "Temp Read Blocks": 0,
                                "Temp Written Blocks": 0,
                                "WAL Records": 0,
                                "WAL FPI": 0,
                                "WAL Bytes": 0
                            },
                            "Settings": {},
                            "Planning": {
                                "Shared Hit Blocks": 10,
                                "Shared Read Blocks": 0,
                                "Shared Dirtied Blocks": 0,
                                "Shared Written Blocks": 0,
                                "Local Hit Blocks": 0,
                                "Local Read Blocks": 0,
                                "Local Dirtied Blocks": 0,
                                "Local Written Blocks": 0,
                                "Temp Read Blocks": 0,
                                "Temp Written Blocks": 0
                            },
                            "Planning Time": 0.043,
                            "Triggers": [],
                            "Execution Time": 1445.25
                        },
                        "exact_explanation": {
                            "Plan": {
                                "Node Type": "Gather",
                                "Parallel Aware": false,
                                "Async Capable": false,
                                "Startup Cost": 1000.0,
                                "Total Cost": 213306.22,
                                "Plan Rows": 297,
                                "Plan Width": 12,
                                "Actual Startup Time": 4.489,
                                "Actual Total Time": 276.004,
                                "Actual Rows": 325,
                                "Actual Loops": 1,
                                "Output": [
                                    "id",
                                    "flags"
                                ],
                                "Workers Planned": 2,
                                "Workers Launched": 2,
                                "Single Copy": false,
                                "Shared Hit Blocks": 5088,
                                "Shared Read Blocks": 103021,
                                "Shared Dirtied Blocks": 0,
                                "Shared Written Blocks": 0,
                                "Local Hit Blocks": 0,
                                "Local Read Blocks": 0,
                                "Local Dirtied Blocks": 0,
                                "Local Written Blocks": 0,
                                "Temp Read Blocks": 0,
                                "Temp Written Blocks": 0,
                                "WAL Records": 0,
                                "WAL FPI": 0,
                                "WAL Bytes": 0,
                                "Plans": [
                                    {
                                        "Node Type": "Seq Scan",
                                        "Parent Relationship": "Outer",
                                        "Parallel Aware": true,
                                        "Async Capable": false,
                                        "Relation Name": "tests_benchmark_flagtester015",
                                        "Schema": "public",
                                        "Alias": "tests_benchmark_flagtester015",
                                        "Startup Cost": 0.0,
                                        "Total Cost": 212276.52,
                                        "Plan Rows": 124,
                                        "Plan Width": 12,
                                        "Actual Startup Time": 1.794,
                                        "Actual Total Time": 273.555,
                                        "Actual Rows": 108,
                                        "Actual Loops": 3,
                                        "Output": [
                                            "id",
                                            "flags"
                                        ],
                                        "Filter": "(tests_benchmark_flagtester015.flags = 16808)",
                                        "Rows Removed by Filter": 6666559,
                                        "Shared Hit Blocks": 5088,
                                        "Shared Read Blocks": 103021,
                                        "Shared Dirtied Blocks": 0,
                                        "Shared Written Blocks": 0,
                                        "Local Hit Blocks": 0,
                                        "Local Read Blocks": 0,
                                        "Local Dirtied Blocks": 0,
                                        "Local Written Blocks": 0,
                                        "Temp Read Blocks": 0,
                                        "Temp Written Blocks": 0,
                                        "WAL Records": 0,
                                        "WAL FPI": 0,
                                        "WAL Bytes": 0,
                                        "Workers": [
                                            {
                                                "Worker Number": 0,
                                                "Actual Startup Time": 0.416,
                                                "Actual Total Time": 272.767,
                                                "Actual Rows": 104,
                                                "Actual Loops": 1,
                                                "Shared Hit Blocks": 1615,
                                                "Shared Read Blocks": 34272,
                                                "Shared Dirtied Blocks": 0,
                                                "Shared Written Blocks": 0,
                                                "Local Hit Blocks": 0,
                                                "Local Read Blocks": 0,
                                                "Local Dirtied Blocks": 0,
                                                "Local Written Blocks": 0,
                                                "Temp Read Blocks": 0,
                                                "Temp Written Blocks": 0,
                                                "WAL Records": 0,
                                                "WAL FPI": 0,
                                                "WAL Bytes": 0
                                            },
                                            {
                                                "Worker Number": 1,
                                                "Actual Startup Time": 0.551,
                                                "Actual Total Time": 272.869,
                                                "Actual Rows": 101,
                                                "Actual Loops": 1,
                                                "Shared Hit Blocks": 1627,
                                                "Shared Read Blocks": 34259,
                                                "Shared Dirtied Blocks": 0,
                                                "Shared Written Blocks": 0,
                                                "Local Hit Blocks": 0,
                                                "Local Read Blocks": 0,
                                                "Local Dirtied Blocks": 0,
                                                "Local Written Blocks": 0,
                                                "Temp Read Blocks": 0,
                                                "Temp Written Blocks": 0,
                                                "WAL Records": 0,
                                                "WAL FPI": 0,
                                                "WAL Bytes": 0
                                            }
                                        ]
                                    }
                                ]
                            },
                            "Settings": {},
                            "Planning": {
                                "Shared Hit Blocks": 0,
                                "Shared Read Blocks": 0,
                                "Shared Dirtied Blocks": 0,
                                "Shared Written Blocks": 0,
                                "Local Hit Blocks": 0,
                                "Local Read Blocks": 0,
                                "Local Dirtied Blocks": 0,
                                "Local Written Blocks": 0,
                                "Temp Read Blocks": 0,
                                "Temp Written Blocks": 0
                            },
                            "Planning Time": 0.047,
                            "Triggers": [],
                            "Execution Time": 276.024
                        },
                        "all_ftr_time": 0.3019944,
                        "any_ftr_time": 1.4832263000000003,
                        "exact_ftr_time": 0.2822389
                    },
                    "40000000": {
                        "all_time": 0.6742149585028528,
                        "any_time": 0.7381973249997827,
                        "exact_time": 0.5652474000977236,
                        "table_size": 2670723072.0,
                        "index_time": 7.089984137564898e-07,
                        "all_explanation": {
                            "Plan": {
                                "Node Type": "Gather",
                                "Parallel Aware": false,
                                "Async Capable": false,
                                "Startup Cost": 1000.0,
                                "Total Cost": 487217.0,
                                "Plan Rows": 200000,
                                "Plan Width": 12,
                                "Actual Startup Time": 0.075,
                                "Actual Total Time": 583.136,
                                "Actual Rows": 156336,
                                "Actual Loops": 1,
                                "Output": [
                                    "id",
                                    "flags"
                                ],
                                "Workers Planned": 2,
                                "Workers Launched": 2,
                                "Single Copy": false,
                                "Shared Hit Blocks": 4800,
                                "Shared Read Blocks": 211417,
                                "Shared Dirtied Blocks": 0,
                                "Shared Written Blocks": 0,
                                "Local Hit Blocks": 0,
                                "Local Read Blocks": 0,
                                "Local Dirtied Blocks": 0,
                                "Local Written Blocks": 0,
                                "Temp Read Blocks": 0,
                                "Temp Written Blocks": 0,
                                "WAL Records": 0,
                                "WAL FPI": 0,
                                "WAL Bytes": 0,
                                "Plans": [
                                    {
                                        "Node Type": "Seq Scan",
                                        "Parent Relationship": "Outer",
                                        "Parallel Aware": true,
                                        "Async Capable": false,
                                        "Relation Name": "tests_benchmark_flagtester015",
                                        "Schema": "public",
                                        "Alias": "tests_benchmark_flagtester015",
                                        "Startup Cost": 0.0,
                                        "Total Cost": 466217.0,
                                        "Plan Rows": 83333,
                                        "Plan Width": 12,
                                        "Actual Startup Time": 0.034,
                                        "Actual Total Time": 579.259,
                                        "Actual Rows": 52112,
                                        "Actual Loops": 3,
                                        "Output": [
                                            "id",
                                            "flags"
                                        ],
                                        "Filter": "((tests_benchmark_flagtester015.flags & 4042) = 4042)",
                                        "Rows Removed by Filter": 13281222,
                                        "Shared Hit Blocks": 4800,
                                        "Shared Read Blocks": 211417,
                                        "Shared Dirtied Blocks": 0,
                                        "Shared Written Blocks": 0,
                                        "Local Hit Blocks": 0,
                                        "Local Read Blocks": 0,
                                        "Local Dirtied Blocks": 0,
                                        "Local Written Blocks": 0,
                                        "Temp Read Blocks": 0,
                                        "Temp Written Blocks": 0,
                                        "WAL Records": 0,
                                        "WAL FPI": 0,
                                        "WAL Bytes": 0,
                                        "Workers": [
                                            {
                                                "Worker Number": 0,
                                                "Actual Startup Time": 0.037,
                                                "Actual Total Time": 580.819,
                                                "Actual Rows": 52144,
                                                "Actual Loops": 1,
                                                "Shared Hit Blocks": 1537,
                                                "Shared Read Blocks": 70489,
                                                "Shared Dirtied Blocks": 0,
                                                "Shared Written Blocks": 0,
                                                "Local Hit Blocks": 0,
                                                "Local Read Blocks": 0,
                                                "Local Dirtied Blocks": 0,
                                                "Local Written Blocks": 0,
                                                "Temp Read Blocks": 0,
                                                "Temp Written Blocks": 0,
                                                "WAL Records": 0,
                                                "WAL FPI": 0,
                                                "WAL Bytes": 0
                                            },
                                            {
                                                "Worker Number": 1,
                                                "Actual Startup Time": 0.057,
                                                "Actual Total Time": 580.779,
                                                "Actual Rows": 52035,
                                                "Actual Loops": 1,
                                                "Shared Hit Blocks": 1565,
                                                "Shared Read Blocks": 70402,
                                                "Shared Dirtied Blocks": 0,
                                                "Shared Written Blocks": 0,
                                                "Local Hit Blocks": 0,
                                                "Local Read Blocks": 0,
                                                "Local Dirtied Blocks": 0,
                                                "Local Written Blocks": 0,
                                                "Temp Read Blocks": 0,
                                                "Temp Written Blocks": 0,
                                                "WAL Records": 0,
                                                "WAL FPI": 0,
                                                "WAL Bytes": 0
                                            }
                                        ]
                                    }
                                ]
                            },
                            "Settings": {},
                            "Planning": {
                                "Shared Hit Blocks": 0,
                                "Shared Read Blocks": 0,
                                "Shared Dirtied Blocks": 0,
                                "Shared Written Blocks": 0,
                                "Local Hit Blocks": 0,
                                "Local Read Blocks": 0,
                                "Local Dirtied Blocks": 0,
                                "Local Written Blocks": 0,
                                "Temp Read Blocks": 0,
                                "Temp Written Blocks": 0
                            },
                            "Planning Time": 0.099,
                            "Triggers": [],
                            "Execution Time": 586.687
                        },
                        "any_explanation": {
                            "Plan": {
                                "Node Type": "Seq Scan",
                                "Parallel Aware": false,
                                "Async Capable": false,
                                "Relation Name": "tests_benchmark_flagtester015",
                                "Schema": "public",
                                "Alias": "tests_benchmark_flagtester015",
                                "Startup Cost": 0.0,
                                "Total Cost": 816217.0,
                                "Plan Rows": 13333333,
                                "Plan Width": 12,
                                "Actual Startup Time": 0.019,
                                "Actual Total Time": 2117.308,
                                "Actual Rows": 39843505,
                                "Actual Loops": 1,
                                "Output": [
                                    "id",
                                    "flags"
                                ],
                                "Filter": "((tests_benchmark_flagtester015.flags & 4042) > 0)",
                                "Rows Removed by Filter": 156496,
                                "Shared Hit Blocks": 4992,
                                "Shared Read Blocks": 211225,
                                "Shared Dirtied Blocks": 0,
                                "Shared Written Blocks": 0,
                                "Local Hit Blocks": 0,
                                "Local Read Blocks": 0,
                                "Local Dirtied Blocks": 0,
                                "Local Written Blocks": 0,
                                "Temp Read Blocks": 0,
                                "Temp Written Blocks": 0,
                                "WAL Records": 0,
                                "WAL FPI": 0,
                                "WAL Bytes": 0
                            },
                            "Settings": {},
                            "Planning": {
                                "Shared Hit Blocks": 0,
                                "Shared Read Blocks": 0,
                                "Shared Dirtied Blocks": 0,
                                "Shared Written Blocks": 0,
                                "Local Hit Blocks": 0,
                                "Local Read Blocks": 0,
                                "Local Dirtied Blocks": 0,
                                "Local Written Blocks": 0,
                                "Temp Read Blocks": 0,
                                "Temp Written Blocks": 0
                            },
                            "Planning Time": 0.028,
                            "Triggers": [],
                            "Execution Time": 2932.056
                        },
                        "exact_explanation": {
                            "Plan": {
                                "Node Type": "Gather",
                                "Parallel Aware": false,
                                "Async Capable": false,
                                "Startup Cost": 1000.0,
                                "Total Cost": 425609.63,
                                "Plan Rows": 593,
                                "Plan Width": 12,
                                "Actual Startup Time": 0.805,
                                "Actual Total Time": 583.09,
                                "Actual Rows": 575,
                                "Actual Loops": 1,
                                "Output": [
                                    "id",
                                    "flags"
                                ],
                                "Workers Planned": 2,
                                "Workers Launched": 2,
                                "Single Copy": false,
                                "Shared Hit Blocks": 5120,
                                "Shared Read Blocks": 211097,
                                "Shared Dirtied Blocks": 0,
                                "Shared Written Blocks": 0,
                                "Local Hit Blocks": 0,
                                "Local Read Blocks": 0,
                                "Local Dirtied Blocks": 0,
                                "Local Written Blocks": 0,
                                "Temp Read Blocks": 0,
                                "Temp Written Blocks": 0,
                                "WAL Records": 0,
                                "WAL FPI": 0,
                                "WAL Bytes": 0,
                                "Plans": [
                                    {
                                        "Node Type": "Seq Scan",
                                        "Parent Relationship": "Outer",
                                        "Parallel Aware": true,
                                        "Async Capable": false,
                                        "Relation Name": "tests_benchmark_flagtester015",
                                        "Schema": "public",
                                        "Alias": "tests_benchmark_flagtester015",
                                        "Startup Cost": 0.0,
                                        "Total Cost": 424550.33,
                                        "Plan Rows": 247,
                                        "Plan Width": 12,
                                        "Actual Startup Time": 2.367,
                                        "Actual Total Time": 580.819,
                                        "Actual Rows": 192,
                                        "Actual Loops": 3,
                                        "Output": [
                                            "id",
                                            "flags"
                                        ],
                                        "Filter": "(tests_benchmark_flagtester015.flags = 4042)",
                                        "Rows Removed by Filter": 13333142,
                                        "Shared Hit Blocks": 5120,
                                        "Shared Read Blocks": 211097,
                                        "Shared Dirtied Blocks": 0,
                                        "Shared Written Blocks": 0,
                                        "Local Hit Blocks": 0,
                                        "Local Read Blocks": 0,
                                        "Local Dirtied Blocks": 0,
                                        "Local Written Blocks": 0,
                                        "Temp Read Blocks": 0,
                                        "Temp Written Blocks": 0,
                                        "WAL Records": 0,
                                        "WAL FPI": 0,
                                        "WAL Bytes": 0,
                                        "Workers": [
                                            {
                                                "Worker Number": 0,
                                                "Actual Startup Time": 2.781,
                                                "Actual Total Time": 580.147,
                                                "Actual Rows": 176,
                                                "Actual Loops": 1,
                                                "Shared Hit Blocks": 1663,
                                                "Shared Read Blocks": 70233,
                                                "Shared Dirtied Blocks": 0,
                                                "Shared Written Blocks": 0,
                                                "Local Hit Blocks": 0,
                                                "Local Read Blocks": 0,
                                                "Local Dirtied Blocks": 0,
                                                "Local Written Blocks": 0,
                                                "Temp Read Blocks": 0,
                                                "Temp Written Blocks": 0,
                                                "WAL Records": 0,
                                                "WAL FPI": 0,
                                                "WAL Bytes": 0
                                            },
                                            {
                                                "Worker Number": 1,
                                                "Actual Startup Time": 3.575,
                                                "Actual Total Time": 580.179,
                                                "Actual Rows": 203,
                                                "Actual Loops": 1,
                                                "Shared Hit Blocks": 1611,
                                                "Shared Read Blocks": 70304,
                                                "Shared Dirtied Blocks": 0,
                                                "Shared Written Blocks": 0,
                                                "Local Hit Blocks": 0,
                                                "Local Read Blocks": 0,
                                                "Local Dirtied Blocks": 0,
                                                "Local Written Blocks": 0,
                                                "Temp Read Blocks": 0,
                                                "Temp Written Blocks": 0,
                                                "WAL Records": 0,
                                                "WAL FPI": 0,
                                                "WAL Bytes": 0
                                            }
                                        ]
                                    }
                                ]
                            },
                            "Settings": {},
                            "Planning": {
                                "Shared Hit Blocks": 0,
                                "Shared Read Blocks": 0,
                                "Shared Dirtied Blocks": 0,
                                "Shared Written Blocks": 0,
                                "Local Hit Blocks": 0,
                                "Local Read Blocks": 0,
                                "Local Dirtied Blocks": 0,
                                "Local Written Blocks": 0,
                                "Temp Read Blocks": 0,
                                "Temp Written Blocks": 0
                            },
                            "Planning Time": 0.029,
                            "Triggers": [],
                            "Execution Time": 583.132
                        },
                        "all_ftr_time": 0.6087784999999999,
                        "any_ftr_time": 2.9597731,
                        "exact_ftr_time": 0.5657133999999998
                    },
                    "60000000": {
                        "all_time": 1.071615816600388,
                        "any_time": 1.0930325833978713,
                        "exact_time": 0.8413215459018829,
                        "table_size": 4005560320.0,
                        "index_time": 8.329952834174037e-07,
                        "all_explanation": {
                            "Plan": {
                                "Node Type": "Gather",
                                "Parallel Aware": false,
                                "Async Capable": false,
                                "Startup Cost": 1000.0,
                                "Total Cost": 730325.0,
                                "Plan Rows": 300000,
                                "Plan Width": 12,
                                "Actual Startup Time": 0.111,
                                "Actual Total Time": 881.948,
                                "Actual Rows": 117151,
                                "Actual Loops": 1,
                                "Output": [
                                    "id",
                                    "flags"
                                ],
                                "Workers Planned": 2,
                                "Workers Launched": 2,
                                "Single Copy": false,
                                "Shared Hit Blocks": 4801,
                                "Shared Read Blocks": 319524,
                                "Shared Dirtied Blocks": 0,
                                "Shared Written Blocks": 5,
                                "Local Hit Blocks": 0,
                                "Local Read Blocks": 0,
                                "Local Dirtied Blocks": 0,
                                "Local Written Blocks": 0,
                                "Temp Read Blocks": 0,
                                "Temp Written Blocks": 0,
                                "WAL Records": 0,
                                "WAL FPI": 0,
                                "WAL Bytes": 0,
                                "Plans": [
                                    {
                                        "Node Type": "Seq Scan",
                                        "Parent Relationship": "Outer",
                                        "Parallel Aware": true,
                                        "Async Capable": false,
                                        "Relation Name": "tests_benchmark_flagtester015",
                                        "Schema": "public",
                                        "Alias": "tests_benchmark_flagtester015",
                                        "Startup Cost": 0.0,
                                        "Total Cost": 699325.0,
                                        "Plan Rows": 125000,
                                        "Plan Width": 12,
                                        "Actual Startup Time": 0.043,
                                        "Actual Total Time": 878.642,
                                        "Actual Rows": 39050,
                                        "Actual Loops": 3,
                                        "Output": [
                                            "id",
                                            "flags"
                                        ],
                                        "Filter": "((tests_benchmark_flagtester015.flags & 62882) = 62882)",
                                        "Rows Removed by Filter": 19960950,
                                        "Shared Hit Blocks": 4801,
                                        "Shared Read Blocks": 319524,
                                        "Shared Dirtied Blocks": 0,
                                        "Shared Written Blocks": 5,
                                        "Local Hit Blocks": 0,
                                        "Local Read Blocks": 0,
                                        "Local Dirtied Blocks": 0,
                                        "Local Written Blocks": 0,
                                        "Temp Read Blocks": 0,
                                        "Temp Written Blocks": 0,
                                        "WAL Records": 0,
                                        "WAL FPI": 0,
                                        "WAL Bytes": 0,
                                        "Workers": [
                                            {
                                                "Worker Number": 0,
                                                "Actual Startup Time": 0.026,
                                                "Actual Total Time": 879.725,
                                                "Actual Rows": 38928,
                                                "Actual Loops": 1,
                                                "Shared Hit Blocks": 1545,
                                                "Shared Read Blocks": 106408,
                                                "Shared Dirtied Blocks": 0,
                                                "Shared Written Blocks": 5,
                                                "Local Hit Blocks": 0,
                                                "Local Read Blocks": 0,
                                                "Local Dirtied Blocks": 0,
                                                "Local Written Blocks": 0,
                                                "Temp Read Blocks": 0,
                                                "Temp Written Blocks": 0,
                                                "WAL Records": 0,
                                                "WAL FPI": 0,
                                                "WAL Bytes": 0
                                            },
                                            {
                                                "Worker Number": 1,
                                                "Actual Startup Time": 0.047,
                                                "Actual Total Time": 879.727,
                                                "Actual Rows": 39049,
                                                "Actual Loops": 1,
                                                "Shared Hit Blocks": 1538,
                                                "Shared Read Blocks": 106332,
                                                "Shared Dirtied Blocks": 0,
                                                "Shared Written Blocks": 0,
                                                "Local Hit Blocks": 0,
                                                "Local Read Blocks": 0,
                                                "Local Dirtied Blocks": 0,
                                                "Local Written Blocks": 0,
                                                "Temp Read Blocks": 0,
                                                "Temp Written Blocks": 0,
                                                "WAL Records": 0,
                                                "WAL FPI": 0,
                                                "WAL Bytes": 0
                                            }
                                        ]
                                    }
                                ]
                            },
                            "Settings": {},
                            "Planning": {
                                "Shared Hit Blocks": 0,
                                "Shared Read Blocks": 0,
                                "Shared Dirtied Blocks": 0,
                                "Shared Written Blocks": 0,
                                "Local Hit Blocks": 0,
                                "Local Read Blocks": 0,
                                "Local Dirtied Blocks": 0,
                                "Local Written Blocks": 0,
                                "Temp Read Blocks": 0,
                                "Temp Written Blocks": 0
                            },
                            "Planning Time": 0.026,
                            "Triggers": [],
                            "Execution Time": 884.712
                        },
                        "any_explanation": {
                            "Plan": {
                                "Node Type": "Seq Scan",
                                "Parallel Aware": false,
                                "Async Capable": false,
                                "Relation Name": "tests_benchmark_flagtester015",
                                "Schema": "public",
                                "Alias": "tests_benchmark_flagtester015",
                                "Startup Cost": 0.0,
                                "Total Cost": 1224325.0,
                                "Plan Rows": 20000000,
                                "Plan Width": 12,
                                "Actual Startup Time": 0.02,
                                "Actual Total Time": 3226.012,
                                "Actual Rows": 59882827,
                                "Actual Loops": 1,
                                "Output": [
                                    "id",
                                    "flags"
                                ],
                                "Filter": "((tests_benchmark_flagtester015.flags & 62882) > 0)",
                                "Rows Removed by Filter": 117174,
                                "Shared Hit Blocks": 4993,
                                "Shared Read Blocks": 319332,
                                "Shared Dirtied Blocks": 0,
                                "Shared Written Blocks": 0,
                                "Local Hit Blocks": 0,
                                "Local Read Blocks": 0,
                                "Local Dirtied Blocks": 0,
                                "Local Written Blocks": 0,
                                "Temp Read Blocks": 0,
                                "Temp Written Blocks": 0,
                                "WAL Records": 0,
                                "WAL FPI": 0,
                                "WAL Bytes": 0
                            },
                            "Settings": {},
                            "Planning": {
                                "Shared Hit Blocks": 0,
                                "Shared Read Blocks": 0,
                                "Shared Dirtied Blocks": 0,
                                "Shared Written Blocks": 0,
                                "Local Hit Blocks": 0,
                                "Local Read Blocks": 0,
                                "Local Dirtied Blocks": 0,
                                "Local Written Blocks": 0,
                                "Temp Read Blocks": 0,
                                "Temp Written Blocks": 0
                            },
                            "Planning Time": 0.05,
                            "Triggers": [],
                            "Execution Time": 4462.929
                        },
                        "exact_explanation": {
                            "Plan": {
                                "Node Type": "Gather",
                                "Parallel Aware": false,
                                "Async Capable": false,
                                "Startup Cost": 1000.0,
                                "Total Cost": 637916.7,
                                "Plan Rows": 917,
                                "Plan Width": 12,
                                "Actual Startup Time": 11.346,
                                "Actual Total Time": 824.084,
                                "Actual Rows": 913,
                                "Actual Loops": 1,
                                "Output": [
                                    "id",
                                    "flags"
                                ],
                                "Workers Planned": 2,
                                "Workers Launched": 2,
                                "Single Copy": false,
                                "Shared Hit Blocks": 5121,
                                "Shared Read Blocks": 319204,
                                "Shared Dirtied Blocks": 0,
                                "Shared Written Blocks": 0,
                                "Local Hit Blocks": 0,
                                "Local Read Blocks": 0,
                                "Local Dirtied Blocks": 0,
                                "Local Written Blocks": 0,
                                "Temp Read Blocks": 0,
                                "Temp Written Blocks": 0,
                                "WAL Records": 0,
                                "WAL FPI": 0,
                                "WAL Bytes": 0,
                                "Plans": [
                                    {
                                        "Node Type": "Seq Scan",
                                        "Parent Relationship": "Outer",
                                        "Parallel Aware": true,
                                        "Async Capable": false,
                                        "Relation Name": "tests_benchmark_flagtester015",
                                        "Schema": "public",
                                        "Alias": "tests_benchmark_flagtester015",
                                        "Startup Cost": 0.0,
                                        "Total Cost": 636825.0,
                                        "Plan Rows": 382,
                                        "Plan Width": 12,
                                        "Actual Startup Time": 5.812,
                                        "Actual Total Time": 821.704,
                                        "Actual Rows": 304,
                                        "Actual Loops": 3,
                                        "Output": [
                                            "id",
                                            "flags"
                                        ],
                                        "Filter": "(tests_benchmark_flagtester015.flags = 62882)",
                                        "Rows Removed by Filter": 19999696,
                                        "Shared Hit Blocks": 5121,
                                        "Shared Read Blocks": 319204,
                                        "Shared Dirtied Blocks": 0,
                                        "Shared Written Blocks": 0,
                                        "Local Hit Blocks": 0,
                                        "Local Read Blocks": 0,
                                        "Local Dirtied Blocks": 0,
                                        "Local Written Blocks": 0,
                                        "Temp Read Blocks": 0,
                                        "Temp Written Blocks": 0,
                                        "WAL Records": 0,
                                        "WAL FPI": 0,
                                        "WAL Bytes": 0,
                                        "Workers": [
                                            {
                                                "Worker Number": 0,
                                                "Actual Startup Time": 6.055,
                                                "Actual Total Time": 821.055,
                                                "Actual Rows": 316,
                                                "Actual Loops": 1,
                                                "Shared Hit Blocks": 1638,
                                                "Shared Read Blocks": 106208,
                                                "Shared Dirtied Blocks": 0,
                                                "Shared Written Blocks": 0,
                                                "Local Hit Blocks": 0,
                                                "Local Read Blocks": 0,
                                                "Local Dirtied Blocks": 0,
                                                "Local Written Blocks": 0,
                                                "Temp Read Blocks": 0,
                                                "Temp Written Blocks": 0,
                                                "WAL Records": 0,
                                                "WAL FPI": 0,
                                                "WAL Bytes": 0
                                            },
                                            {
                                                "Worker Number": 1,
                                                "Actual Startup Time": 0.103,
                                                "Actual Total Time": 821.001,
                                                "Actual Rows": 287,
                                                "Actual Loops": 1,
                                                "Shared Hit Blocks": 1643,
                                                "Shared Read Blocks": 106276,
                                                "Shared Dirtied Blocks": 0,
                                                "Shared Written Blocks": 0,
                                                "Local Hit Blocks": 0,
                                                "Local Read Blocks": 0,
                                                "Local Dirtied Blocks": 0,
                                                "Local Written Blocks": 0,
                                                "Temp Read Blocks": 0,
                                                "Temp Written Blocks": 0,
                                                "WAL Records": 0,
                                                "WAL FPI": 0,
                                                "WAL Bytes": 0
                                            }
                                        ]
                                    }
                                ]
                            },
                            "Settings": {},
                            "Planning": {
                                "Shared Hit Blocks": 0,
                                "Shared Read Blocks": 0,
                                "Shared Dirtied Blocks": 0,
                                "Shared Written Blocks": 0,
                                "Local Hit Blocks": 0,
                                "Local Read Blocks": 0,
                                "Local Dirtied Blocks": 0,
                                "Local Written Blocks": 0,
                                "Temp Read Blocks": 0,
                                "Temp Written Blocks": 0
                            },
                            "Planning Time": 0.042,
                            "Triggers": [],
                            "Execution Time": 824.13
                        },
                        "all_ftr_time": 0.9422265999999999,
                        "any_ftr_time": 4.405738400000001,
                        "exact_ftr_time": 0.8464377999999999
                    },
                    "80000000": {
                        "all_time": 1.3710243378009181,
                        "any_time": 1.4486215375014582,
                        "exact_time": 1.1012439916012227,
                        "table_size": 5340397568.0,
                        "index_time": 6.67001586407423e-07,
                        "all_explanation": {
                            "Plan": {
                                "Node Type": "Gather",
                                "Parallel Aware": false,
                                "Async Capable": false,
                                "Startup Cost": 1000.0,
                                "Total Cost": 973433.75,
                                "Plan Rows": 400001,
                                "Plan Width": 12,
                                "Actual Startup Time": 0.102,
                                "Actual Total Time": 1152.41,
                                "Actual Rows": 78531,
                                "Actual Loops": 1,
                                "Output": [
                                    "id",
                                    "flags"
                                ],
                                "Workers Planned": 2,
                                "Workers Launched": 2,
                                "Single Copy": false,
                                "Shared Hit Blocks": 4800,
                                "Shared Read Blocks": 427633,
                                "Shared Dirtied Blocks": 0,
                                "Shared Written Blocks": 0,
                                "Local Hit Blocks": 0,
                                "Local Read Blocks": 0,
                                "Local Dirtied Blocks": 0,
                                "Local Written Blocks": 0,
                                "Temp Read Blocks": 0,
                                "Temp Written Blocks": 0,
                                "WAL Records": 0,
                                "WAL FPI": 0,
                                "WAL Bytes": 0,
                                "Plans": [
                                    {
                                        "Node Type": "Seq Scan",
                                        "Parent Relationship": "Outer",
                                        "Parallel Aware": true,
                                        "Async Capable": false,
                                        "Relation Name": "tests_benchmark_flagtester015",
                                        "Schema": "public",
                                        "Alias": "tests_benchmark_flagtester015",
                                        "Startup Cost": 0.0,
                                        "Total Cost": 932433.65,
                                        "Plan Rows": 166667,
                                        "Plan Width": 12,
                                        "Actual Startup Time": 0.04,
                                        "Actual Total Time": 1149.303,
                                        "Actual Rows": 26177,
                                        "Actual Loops": 3,
                                        "Output": [
                                            "id",
                                            "flags"
                                        ],
                                        "Filter": "((tests_benchmark_flagtester015.flags & 30407) = 30407)",
                                        "Rows Removed by Filter": 26640490,
                                        "Shared Hit Blocks": 4800,
                                        "Shared Read Blocks": 427633,
                                        "Shared Dirtied Blocks": 0,
                                        "Shared Written Blocks": 0,
                                        "Local Hit Blocks": 0,
                                        "Local Read Blocks": 0,
                                        "Local Dirtied Blocks": 0,
                                        "Local Written Blocks": 0,
                                        "Temp Read Blocks": 0,
                                        "Temp Written Blocks": 0,
                                        "WAL Records": 0,
                                        "WAL FPI": 0,
                                        "WAL Bytes": 0,
                                        "Workers": [
                                            {
                                                "Worker Number": 0,
                                                "Actual Startup Time": 0.039,
                                                "Actual Total Time": 1149.786,
                                                "Actual Rows": 26063,
                                                "Actual Loops": 1,
                                                "Shared Hit Blocks": 1517,
                                                "Shared Read Blocks": 142225,
                                                "Shared Dirtied Blocks": 0,
                                                "Shared Written Blocks": 0,
                                                "Local Hit Blocks": 0,
                                                "Local Read Blocks": 0,
                                                "Local Dirtied Blocks": 0,
                                                "Local Written Blocks": 0,
                                                "Temp Read Blocks": 0,
                                                "Temp Written Blocks": 0,
                                                "WAL Records": 0,
                                                "WAL FPI": 0,
                                                "WAL Bytes": 0
                                            },
                                            {
                                                "Worker Number": 1,
                                                "Actual Startup Time": 0.038,
                                                "Actual Total Time": 1149.764,
                                                "Actual Rows": 26176,
                                                "Actual Loops": 1,
                                                "Shared Hit Blocks": 1544,
                                                "Shared Read Blocks": 142400,
                                                "Shared Dirtied Blocks": 0,
                                                "Shared Written Blocks": 0,
                                                "Local Hit Blocks": 0,
                                                "Local Read Blocks": 0,
                                                "Local Dirtied Blocks": 0,
                                                "Local Written Blocks": 0,
                                                "Temp Read Blocks": 0,
                                                "Temp Written Blocks": 0,
                                                "WAL Records": 0,
                                                "WAL FPI": 0,
                                                "WAL Bytes": 0
                                            }
                                        ]
                                    }
                                ]
                            },
                            "Settings": {},
                            "Planning": {
                                "Shared Hit Blocks": 0,
                                "Shared Read Blocks": 0,
                                "Shared Dirtied Blocks": 0,
                                "Shared Written Blocks": 0,
                                "Local Hit Blocks": 0,
                                "Local Read Blocks": 0,
                                "Local Dirtied Blocks": 0,
                                "Local Written Blocks": 0,
                                "Temp Read Blocks": 0,
                                "Temp Written Blocks": 0
                            },
                            "Planning Time": 0.029,
                            "Triggers": [],
                            "Execution Time": 1154.28
                        },
                        "any_explanation": {
                            "Plan": {
                                "Node Type": "Seq Scan",
                                "Parallel Aware": false,
                                "Async Capable": false,
                                "Relation Name": "tests_benchmark_flagtester015",
                                "Schema": "public",
                                "Alias": "tests_benchmark_flagtester015",
                                "Startup Cost": 0.0,
                                "Total Cost": 1632434.56,
                                "Plan Rows": 26666701,
                                "Plan Width": 12,
                                "Actual Startup Time": 0.009,
                                "Actual Total Time": 4254.51,
                                "Actual Rows": 79921917,
                                "Actual Loops": 1,
                                "Output": [
                                    "id",
                                    "flags"
                                ],
                                "Filter": "((tests_benchmark_flagtester015.flags & 30407) > 0)",
                                "Rows Removed by Filter": 78084,
                                "Shared Hit Blocks": 4992,
                                "Shared Read Blocks": 427441,
                                "Shared Dirtied Blocks": 0,
                                "Shared Written Blocks": 0,
                                "Local Hit Blocks": 0,
                                "Local Read Blocks": 0,
                                "Local Dirtied Blocks": 0,
                                "Local Written Blocks": 0,
                                "Temp Read Blocks": 0,
                                "Temp Written Blocks": 0,
                                "WAL Records": 0,
                                "WAL FPI": 0,
                                "WAL Bytes": 0
                            },
                            "Settings": {},
                            "Planning": {
                                "Shared Hit Blocks": 0,
                                "Shared Read Blocks": 0,
                                "Shared Dirtied Blocks": 0,
                                "Shared Written Blocks": 0,
                                "Local Hit Blocks": 0,
                                "Local Read Blocks": 0,
                                "Local Dirtied Blocks": 0,
                                "Local Written Blocks": 0,
                                "Temp Read Blocks": 0,
                                "Temp Written Blocks": 0
                            },
                            "Planning Time": 0.028,
                            "Triggers": [],
                            "Execution Time": 5904.964
                        },
                        "exact_explanation": {
                            "Plan": {
                                "Node Type": "Gather",
                                "Parallel Aware": false,
                                "Async Capable": false,
                                "Startup Cost": 1000.0,
                                "Total Cost": 850224.71,
                                "Plan Rows": 1245,
                                "Plan Width": 12,
                                "Actual Startup Time": 1.801,
                                "Actual Total Time": 1091.469,
                                "Actual Rows": 1230,
                                "Actual Loops": 1,
                                "Output": [
                                    "id",
                                    "flags"
                                ],
                                "Workers Planned": 2,
                                "Workers Launched": 2,
                                "Single Copy": false,
                                "Shared Hit Blocks": 5120,
                                "Shared Read Blocks": 427313,
                                "Shared Dirtied Blocks": 0,
                                "Shared Written Blocks": 0,
                                "Local Hit Blocks": 0,
                                "Local Read Blocks": 0,
                                "Local Dirtied Blocks": 0,
                                "Local Written Blocks": 0,
                                "Temp Read Blocks": 0,
                                "Temp Written Blocks": 0,
                                "WAL Records": 0,
                                "WAL FPI": 0,
                                "WAL Bytes": 0,
                                "Plans": [
                                    {
                                        "Node Type": "Seq Scan",
                                        "Parent Relationship": "Outer",
                                        "Parallel Aware": true,
                                        "Async Capable": false,
                                        "Relation Name": "tests_benchmark_flagtester015",
                                        "Schema": "public",
                                        "Alias": "tests_benchmark_flagtester015",
                                        "Startup Cost": 0.0,
                                        "Total Cost": 849100.21,
                                        "Plan Rows": 519,
                                        "Plan Width": 12,
                                        "Actual Startup Time": 1.187,
                                        "Actual Total Time": 1089.15,
                                        "Actual Rows": 410,
                                        "Actual Loops": 3,
                                        "Output": [
                                            "id",
                                            "flags"
                                        ],
                                        "Filter": "(tests_benchmark_flagtester015.flags = 30407)",
                                        "Rows Removed by Filter": 26666257,
                                        "Shared Hit Blocks": 5120,
                                        "Shared Read Blocks": 427313,
                                        "Shared Dirtied Blocks": 0,
                                        "Shared Written Blocks": 0,
                                        "Local Hit Blocks": 0,
                                        "Local Read Blocks": 0,
                                        "Local Dirtied Blocks": 0,
                                        "Local Written Blocks": 0,
                                        "Temp Read Blocks": 0,
                                        "Temp Written Blocks": 0,
                                        "WAL Records": 0,
                                        "WAL FPI": 0,
                                        "WAL Bytes": 0,
                                        "Workers": [
                                            {
                                                "Worker Number": 0,
                                                "Actual Startup Time": 1.517,
                                                "Actual Total Time": 1088.495,
                                                "Actual Rows": 373,
                                                "Actual Loops": 1,
                                                "Shared Hit Blocks": 1638,
                                                "Shared Read Blocks": 142304,
                                                "Shared Dirtied Blocks": 0,
                                                "Shared Written Blocks": 0,
                                                "Local Hit Blocks": 0,
                                                "Local Read Blocks": 0,
                                                "Local Dirtied Blocks": 0,
                                                "Local Written Blocks": 0,
                                                "Temp Read Blocks": 0,
                                                "Temp Written Blocks": 0,
                                                "WAL Records": 0,
                                                "WAL FPI": 0,
                                                "WAL Bytes": 0
                                            },
                                            {
                                                "Worker Number": 1,
                                                "Actual Startup Time": 0.309,
                                                "Actual Total Time": 1088.523,
                                                "Actual Rows": 426,
                                                "Actual Loops": 1,
                                                "Shared Hit Blocks": 1638,
                                                "Shared Read Blocks": 142321,
                                                "Shared Dirtied Blocks": 0,
                                                "Shared Written Blocks": 0,
                                                "Local Hit Blocks": 0,
                                                "Local Read Blocks": 0,
                                                "Local Dirtied Blocks": 0,
                                                "Local Written Blocks": 0,
                                                "Temp Read Blocks": 0,
                                                "Temp Written Blocks": 0,
                                                "WAL Records": 0,
                                                "WAL FPI": 0,
                                                "WAL Bytes": 0
                                            }
                                        ]
                                    }
                                ]
                            },
                            "Settings": {},
                            "Planning": {
                                "Shared Hit Blocks": 0,
                                "Shared Read Blocks": 0,
                                "Shared Dirtied Blocks": 0,
                                "Shared Written Blocks": 0,
                                "Local Hit Blocks": 0,
                                "Local Read Blocks": 0,
                                "Local Dirtied Blocks": 0,
                                "Local Written Blocks": 0,
                                "Temp Read Blocks": 0,
                                "Temp Written Blocks": 0
                            },
                            "Planning Time": 0.033,
                            "Triggers": [],
                            "Execution Time": 1091.524
                        },
                        "all_ftr_time": 1.1842518,
                        "any_ftr_time": 5.8820551,
                        "exact_ftr_time": 1.1070901
                    },
                    "100000000": {
                        "all_time": 2.025690774898976,
                        "any_time": 1.8894662000006064,
                        "exact_time": 1.467794583099021,
                        "table_size": 6674186240.0,
                        "index_time": 7.919879863038659e-07,
                        "all_explanation": {
                            "Plan": {
                                "Node Type": "Gather",
                                "Parallel Aware": false,
                                "Async Capable": false,
                                "Startup Cost": 1000.0,
                                "Total Cost": 1216541.55,
                                "Plan Rows": 500000,
                                "Plan Width": 12,
                                "Actual Startup Time": 0.092,
                                "Actual Total Time": 1532.589,
                                "Actual Rows": 97608,
                                "Actual Loops": 1,
                                "Output": [
                                    "id",
                                    "flags"
                                ],
                                "Workers Planned": 2,
                                "Workers Launched": 2,
                                "Single Copy": false,
                                "Shared Hit Blocks": 4800,
                                "Shared Read Blocks": 535741,
                                "Shared Dirtied Blocks": 0,
                                "Shared Written Blocks": 0,
                                "Local Hit Blocks": 0,
                                "Local Read Blocks": 0,
                                "Local Dirtied Blocks": 0,
                                "Local Written Blocks": 0,
                                "Temp Read Blocks": 0,
                                "Temp Written Blocks": 0,
                                "WAL Records": 0,
                                "WAL FPI": 0,
                                "WAL Bytes": 0,
                                "Plans": [
                                    {
                                        "Node Type": "Seq Scan",
                                        "Parent Relationship": "Outer",
                                        "Parallel Aware": true,
                                        "Async Capable": false,
                                        "Relation Name": "tests_benchmark_flagtester015",
                                        "Schema": "public",
                                        "Alias": "tests_benchmark_flagtester015",
                                        "Startup Cost": 0.0,
                                        "Total Cost": 1165541.55,
                                        "Plan Rows": 208333,
                                        "Plan Width": 12,
                                        "Actual Startup Time": 0.119,
                                        "Actual Total Time": 1529.11,
                                        "Actual Rows": 32536,
                                        "Actual Loops": 3,
                                        "Output": [
                                            "id",
                                            "flags"
                                        ],
                                        "Filter": "((tests_benchmark_flagtester015.flags & 44972) = 44972)",
                                        "Rows Removed by Filter": 33300798,
                                        "Shared Hit Blocks": 4800,
                                        "Shared Read Blocks": 535741,
                                        "Shared Dirtied Blocks": 0,
                                        "Shared Written Blocks": 0,
                                        "Local Hit Blocks": 0,
                                        "Local Read Blocks": 0,
                                        "Local Dirtied Blocks": 0,
                                        "Local Written Blocks": 0,
                                        "Temp Read Blocks": 0,
                                        "Temp Written Blocks": 0,
                                        "WAL Records": 0,
                                        "WAL FPI": 0,
                                        "WAL Bytes": 0,
                                        "Workers": [
                                            {
                                                "Worker Number": 0,
                                                "Actual Startup Time": 0.235,
                                                "Actual Total Time": 1529.806,
                                                "Actual Rows": 32833,
                                                "Actual Loops": 1,
                                                "Shared Hit Blocks": 1533,
                                                "Shared Read Blocks": 178365,
                                                "Shared Dirtied Blocks": 0,
                                                "Shared Written Blocks": 0,
                                                "Local Hit Blocks": 0,
                                                "Local Read Blocks": 0,
                                                "Local Dirtied Blocks": 0,
                                                "Local Written Blocks": 0,
                                                "Temp Read Blocks": 0,
                                                "Temp Written Blocks": 0,
                                                "WAL Records": 0,
                                                "WAL FPI": 0,
                                                "WAL Bytes": 0
                                            },
                                            {
                                                "Worker Number": 1,
                                                "Actual Startup Time": 0.085,
                                                "Actual Total Time": 1529.767,
                                                "Actual Rows": 32226,
                                                "Actual Loops": 1,
                                                "Shared Hit Blocks": 1526,
                                                "Shared Read Blocks": 178336,
                                                "Shared Dirtied Blocks": 0,
                                                "Shared Written Blocks": 0,
                                                "Local Hit Blocks": 0,
                                                "Local Read Blocks": 0,
                                                "Local Dirtied Blocks": 0,
                                                "Local Written Blocks": 0,
                                                "Temp Read Blocks": 0,
                                                "Temp Written Blocks": 0,
                                                "WAL Records": 0,
                                                "WAL FPI": 0,
                                                "WAL Bytes": 0
                                            }
                                        ]
                                    }
                                ]
                            },
                            "Settings": {},
                            "Planning": {
                                "Shared Hit Blocks": 0,
                                "Shared Read Blocks": 0,
                                "Shared Dirtied Blocks": 0,
                                "Shared Written Blocks": 0,
                                "Local Hit Blocks": 0,
                                "Local Read Blocks": 0,
                                "Local Dirtied Blocks": 0,
                                "Local Written Blocks": 0,
                                "Temp Read Blocks": 0,
                                "Temp Written Blocks": 0
                            },
                            "Planning Time": 0.042,
                            "Triggers": [],
                            "Execution Time": 1534.943
                        },
                        "any_explanation": {
                            "Plan": {
                                "Node Type": "Seq Scan",
                                "Parallel Aware": false,
                                "Async Capable": false,
                                "Relation Name": "tests_benchmark_flagtester015",
                                "Schema": "public",
                                "Alias": "tests_benchmark_flagtester015",
                                "Startup Cost": 0.0,
                                "Total Cost": 2040542.32,
                                "Plan Rows": 33333363,
                                "Plan Width": 12,
                                "Actual Startup Time": 0.029,
                                "Actual Total Time": 5549.292,
                                "Actual Rows": 99902596,
                                "Actual Loops": 1,
                                "Output": [
                                    "id",
                                    "flags"
                                ],
                                "Filter": "((tests_benchmark_flagtester015.flags & 44972) > 0)",
                                "Rows Removed by Filter": 97405,
                                "Shared Hit Blocks": 4992,
                                "Shared Read Blocks": 535549,
                                "Shared Dirtied Blocks": 0,
                                "Shared Written Blocks": 0,
                                "Local Hit Blocks": 0,
                                "Local Read Blocks": 0,
                                "Local Dirtied Blocks": 0,
                                "Local Written Blocks": 0,
                                "Temp Read Blocks": 0,
                                "Temp Written Blocks": 0,
                                "WAL Records": 0,
                                "WAL FPI": 0,
                                "WAL Bytes": 0
                            },
                            "Settings": {},
                            "Planning": {
                                "Shared Hit Blocks": 0,
                                "Shared Read Blocks": 0,
                                "Shared Dirtied Blocks": 0,
                                "Shared Written Blocks": 0,
                                "Local Hit Blocks": 0,
                                "Local Read Blocks": 0,
                                "Local Dirtied Blocks": 0,
                                "Local Written Blocks": 0,
                                "Temp Read Blocks": 0,
                                "Temp Written Blocks": 0
                            },
                            "Planning Time": 0.037,
                            "Triggers": [],
                            "Execution Time": 7593.492
                        },
                        "exact_explanation": {
                            "Plan": {
                                "Node Type": "Gather",
                                "Parallel Aware": false,
                                "Async Capable": false,
                                "Startup Cost": 1000.0,
                                "Total Cost": 1062525.79,
                                "Plan Rows": 1510,
                                "Plan Width": 12,
                                "Actual Startup Time": 1.113,
                                "Actual Total Time": 1470.35,
                                "Actual Rows": 1561,
                                "Actual Loops": 1,
                                "Output": [
                                    "id",
                                    "flags"
                                ],
                                "Workers Planned": 2,
                                "Workers Launched": 2,
                                "Single Copy": false,
                                "Shared Hit Blocks": 5120,
                                "Shared Read Blocks": 535421,
                                "Shared Dirtied Blocks": 0,
                                "Shared Written Blocks": 0,
                                "Local Hit Blocks": 0,
                                "Local Read Blocks": 0,
                                "Local Dirtied Blocks": 0,
                                "Local Written Blocks": 0,
                                "Temp Read Blocks": 0,
                                "Temp Written Blocks": 0,
                                "WAL Records": 0,
                                "WAL FPI": 0,
                                "WAL Bytes": 0,
                                "Plans": [
                                    {
                                        "Node Type": "Seq Scan",
                                        "Parent Relationship": "Outer",
                                        "Parallel Aware": true,
                                        "Async Capable": false,
                                        "Relation Name": "tests_benchmark_flagtester015",
                                        "Schema": "public",
                                        "Alias": "tests_benchmark_flagtester015",
                                        "Startup Cost": 0.0,
                                        "Total Cost": 1061374.79,
                                        "Plan Rows": 629,
                                        "Plan Width": 12,
                                        "Actual Startup Time": 3.398,
                                        "Actual Total Time": 1467.835,
                                        "Actual Rows": 520,
                                        "Actual Loops": 3,
                                        "Output": [
                                            "id",
                                            "flags"
                                        ],
                                        "Filter": "(tests_benchmark_flagtester015.flags = 44972)",
                                        "Rows Removed by Filter": 33332813,
                                        "Shared Hit Blocks": 5120,
                                        "Shared Read Blocks": 535421,
                                        "Shared Dirtied Blocks": 0,
                                        "Shared Written Blocks": 0,
                                        "Local Hit Blocks": 0,
                                        "Local Read Blocks": 0,
                                        "Local Dirtied Blocks": 0,
                                        "Local Written Blocks": 0,
                                        "Temp Read Blocks": 0,
                                        "Temp Written Blocks": 0,
                                        "WAL Records": 0,
                                        "WAL FPI": 0,
                                        "WAL Bytes": 0,
                                        "Workers": [
                                            {
                                                "Worker Number": 0,
                                                "Actual Startup Time": 5.029,
                                                "Actual Total Time": 1467.176,
                                                "Actual Rows": 524,
                                                "Actual Loops": 1,
                                                "Shared Hit Blocks": 1625,
                                                "Shared Read Blocks": 178269,
                                                "Shared Dirtied Blocks": 0,
                                                "Shared Written Blocks": 0,
                                                "Local Hit Blocks": 0,
                                                "Local Read Blocks": 0,
                                                "Local Dirtied Blocks": 0,
                                                "Local Written Blocks": 0,
                                                "Temp Read Blocks": 0,
                                                "Temp Written Blocks": 0,
                                                "WAL Records": 0,
                                                "WAL FPI": 0,
                                                "WAL Bytes": 0
                                            },
                                            {
                                                "Worker Number": 1,
                                                "Actual Startup Time": 4.123,
                                                "Actual Total Time": 1467.13,
                                                "Actual Rows": 505,
                                                "Actual Loops": 1,
                                                "Shared Hit Blocks": 1627,
                                                "Shared Read Blocks": 178272,
                                                "Shared Dirtied Blocks": 0,
                                                "Shared Written Blocks": 0,
                                                "Local Hit Blocks": 0,
                                                "Local Read Blocks": 0,
                                                "Local Dirtied Blocks": 0,
                                                "Local Written Blocks": 0,
                                                "Temp Read Blocks": 0,
                                                "Temp Written Blocks": 0,
                                                "WAL Records": 0,
                                                "WAL FPI": 0,
                                                "WAL Bytes": 0
                                            }
                                        ]
                                    }
                                ]
                            },
                            "Settings": {},
                            "Planning": {
                                "Shared Hit Blocks": 0,
                                "Shared Read Blocks": 0,
                                "Shared Dirtied Blocks": 0,
                                "Shared Written Blocks": 0,
                                "Local Hit Blocks": 0,
                                "Local Read Blocks": 0,
                                "Local Dirtied Blocks": 0,
                                "Local Written Blocks": 0,
                                "Temp Read Blocks": 0,
                                "Temp Written Blocks": 0
                            },
                            "Planning Time": 0.038,
                            "Triggers": [],
                            "Execution Time": 1470.421
                        },
                        "all_ftr_time": 1.5730028999999999,
                        "any_ftr_time": 7.572815799999999,
                        "exact_ftr_time": 1.4723301000000002
                    }
                }
            },
            "[FLAG] Single Index": {
                "16": {
                    "10": {
                        "all_time": 0.0005712582991691306,
                        "any_time": 0.000480650101962965,
                        "exact_time": 0.0005279331031488255,
                        "table_size": 40960.0,
                        "index_time": 0.0005400420050136745,
                        "all_explanation": {
                            "Plan": {
                                "Node Type": "Seq Scan",
                                "Parallel Aware": false,
                                "Async Capable": false,
                                "Relation Name": "tests_benchmark_flagtester015",
                                "Schema": "public",
                                "Alias": "tests_benchmark_flagtester015",
                                "Startup Cost": 0.0,
                                "Total Cost": 1.17,
                                "Plan Rows": 1,
                                "Plan Width": 12,
                                "Actual Startup Time": 0.002,
                                "Actual Total Time": 0.002,
                                "Actual Rows": 0,
                                "Actual Loops": 1,
                                "Output": [
                                    "id",
                                    "flags"
                                ],
                                "Filter": "((tests_benchmark_flagtester015.flags & 22512) = 22512)",
                                "Rows Removed by Filter": 11,
                                "Shared Hit Blocks": 1,
                                "Shared Read Blocks": 0,
                                "Shared Dirtied Blocks": 0,
                                "Shared Written Blocks": 0,
                                "Local Hit Blocks": 0,
                                "Local Read Blocks": 0,
                                "Local Dirtied Blocks": 0,
                                "Local Written Blocks": 0,
                                "Temp Read Blocks": 0,
                                "Temp Written Blocks": 0,
                                "WAL Records": 0,
                                "WAL FPI": 0,
                                "WAL Bytes": 0
                            },
                            "Settings": {},
                            "Planning": {
                                "Shared Hit Blocks": 0,
                                "Shared Read Blocks": 0,
                                "Shared Dirtied Blocks": 0,
                                "Shared Written Blocks": 0,
                                "Local Hit Blocks": 0,
                                "Local Read Blocks": 0,
                                "Local Dirtied Blocks": 0,
                                "Local Written Blocks": 0,
                                "Temp Read Blocks": 0,
                                "Temp Written Blocks": 0
                            },
                            "Planning Time": 0.007,
                            "Triggers": [],
                            "Execution Time": 0.003
                        },
                        "any_explanation": {
                            "Plan": {
                                "Node Type": "Seq Scan",
                                "Parallel Aware": false,
                                "Async Capable": false,
                                "Relation Name": "tests_benchmark_flagtester015",
                                "Schema": "public",
                                "Alias": "tests_benchmark_flagtester015",
                                "Startup Cost": 0.0,
                                "Total Cost": 1.17,
                                "Plan Rows": 4,
                                "Plan Width": 12,
                                "Actual Startup Time": 0.001,
                                "Actual Total Time": 0.002,
                                "Actual Rows": 11,
                                "Actual Loops": 1,
                                "Output": [
                                    "id",
                                    "flags"
                                ],
                                "Filter": "((tests_benchmark_flagtester015.flags & 22512) > 0)",
                                "Rows Removed by Filter": 0,
                                "Shared Hit Blocks": 1,
                                "Shared Read Blocks": 0,
                                "Shared Dirtied Blocks": 0,
                                "Shared Written Blocks": 0,
                                "Local Hit Blocks": 0,
                                "Local Read Blocks": 0,
                                "Local Dirtied Blocks": 0,
                                "Local Written Blocks": 0,
                                "Temp Read Blocks": 0,
                                "Temp Written Blocks": 0,
                                "WAL Records": 0,
                                "WAL FPI": 0,
                                "WAL Bytes": 0
                            },
                            "Settings": {},
                            "Planning": {
                                "Shared Hit Blocks": 0,
                                "Shared Read Blocks": 0,
                                "Shared Dirtied Blocks": 0,
                                "Shared Written Blocks": 0,
                                "Local Hit Blocks": 0,
                                "Local Read Blocks": 0,
                                "Local Dirtied Blocks": 0,
                                "Local Written Blocks": 0,
                                "Temp Read Blocks": 0,
                                "Temp Written Blocks": 0
                            },
                            "Planning Time": 0.006,
                            "Triggers": [],
                            "Execution Time": 0.003
                        },
                        "exact_explanation": {
                            "Plan": {
                                "Node Type": "Seq Scan",
                                "Parallel Aware": false,
                                "Async Capable": false,
                                "Relation Name": "tests_benchmark_flagtester015",
                                "Schema": "public",
                                "Alias": "tests_benchmark_flagtester015",
                                "Startup Cost": 0.0,
                                "Total Cost": 1.14,
                                "Plan Rows": 1,
                                "Plan Width": 12,
                                "Actual Startup Time": 0.002,
                                "Actual Total Time": 0.002,
                                "Actual Rows": 0,
                                "Actual Loops": 1,
                                "Output": [
                                    "id",
                                    "flags"
                                ],
                                "Filter": "(tests_benchmark_flagtester015.flags = 22512)",
                                "Rows Removed by Filter": 11,
                                "Shared Hit Blocks": 1,
                                "Shared Read Blocks": 0,
                                "Shared Dirtied Blocks": 0,
                                "Shared Written Blocks": 0,
                                "Local Hit Blocks": 0,
                                "Local Read Blocks": 0,
                                "Local Dirtied Blocks": 0,
                                "Local Written Blocks": 0,
                                "Temp Read Blocks": 0,
                                "Temp Written Blocks": 0,
                                "WAL Records": 0,
                                "WAL FPI": 0,
                                "WAL Bytes": 0
                            },
                            "Settings": {},
                            "Planning": {
                                "Shared Hit Blocks": 0,
                                "Shared Read Blocks": 0,
                                "Shared Dirtied Blocks": 0,
                                "Shared Written Blocks": 0,
                                "Local Hit Blocks": 0,
                                "Local Read Blocks": 0,
                                "Local Dirtied Blocks": 0,
                                "Local Written Blocks": 0,
                                "Temp Read Blocks": 0,
                                "Temp Written Blocks": 0
                            },
                            "Planning Time": 0.007,
                            "Triggers": [],
                            "Execution Time": 0.003
                        },
                        "all_ftr_time": 3.0999999999999995e-06,
                        "any_ftr_time": 3.0999999999999995e-06,
                        "exact_ftr_time": 2.9999999999999997e-06
                    },
                    "100": {
                        "all_time": 0.0005761124019045382,
                        "any_time": 0.0004876665989286266,
                        "exact_time": 0.0004282668014639057,
                        "table_size": 40960.0,
                        "index_time": 0.0006594579899683595,
                        "all_explanation": {
                            "Plan": {
                                "Node Type": "Seq Scan",
                                "Parallel Aware": false,
                                "Async Capable": false,
                                "Relation Name": "tests_benchmark_flagtester015",
                                "Schema": "public",
                                "Alias": "tests_benchmark_flagtester015",
                                "Startup Cost": 0.0,
                                "Total Cost": 2.51,
                                "Plan Rows": 1,
                                "Plan Width": 12,
                                "Actual Startup Time": 0.002,
                                "Actual Total Time": 0.005,
                                "Actual Rows": 1,
                                "Actual Loops": 1,
                                "Output": [
                                    "id",
                                    "flags"
                                ],
                                "Filter": "((tests_benchmark_flagtester015.flags & 47204) = 47204)",
                                "Rows Removed by Filter": 100,
                                "Shared Hit Blocks": 1,
                                "Shared Read Blocks": 0,
                                "Shared Dirtied Blocks": 0,
                                "Shared Written Blocks": 0,
                                "Local Hit Blocks": 0,
                                "Local Read Blocks": 0,
                                "Local Dirtied Blocks": 0,
                                "Local Written Blocks": 0,
                                "Temp Read Blocks": 0,
                                "Temp Written Blocks": 0,
                                "WAL Records": 0,
                                "WAL FPI": 0,
                                "WAL Bytes": 0
                            },
                            "Settings": {},
                            "Planning": {
                                "Shared Hit Blocks": 0,
                                "Shared Read Blocks": 0,
                                "Shared Dirtied Blocks": 0,
                                "Shared Written Blocks": 0,
                                "Local Hit Blocks": 0,
                                "Local Read Blocks": 0,
                                "Local Dirtied Blocks": 0,
                                "Local Written Blocks": 0,
                                "Temp Read Blocks": 0,
                                "Temp Written Blocks": 0
                            },
                            "Planning Time": 0.006,
                            "Triggers": [],
                            "Execution Time": 0.006
                        },
                        "any_explanation": {
                            "Plan": {
                                "Node Type": "Seq Scan",
                                "Parallel Aware": false,
                                "Async Capable": false,
                                "Relation Name": "tests_benchmark_flagtester015",
                                "Schema": "public",
                                "Alias": "tests_benchmark_flagtester015",
                                "Startup Cost": 0.0,
                                "Total Cost": 2.51,
                                "Plan Rows": 34,
                                "Plan Width": 12,
                                "Actual Startup Time": 0.002,
                                "Actual Total Time": 0.006,
                                "Actual Rows": 100,
                                "Actual Loops": 1,
                                "Output": [
                                    "id",
                                    "flags"
                                ],
                                "Filter": "((tests_benchmark_flagtester015.flags & 47204) > 0)",
                                "Rows Removed by Filter": 1,
                                "Shared Hit Blocks": 1,
                                "Shared Read Blocks": 0,
                                "Shared Dirtied Blocks": 0,
                                "Shared Written Blocks": 0,
                                "Local Hit Blocks": 0,
                                "Local Read Blocks": 0,
                                "Local Dirtied Blocks": 0,
                                "Local Written Blocks": 0,
                                "Temp Read Blocks": 0,
                                "Temp Written Blocks": 0,
                                "WAL Records": 0,
                                "WAL FPI": 0,
                                "WAL Bytes": 0
                            },
                            "Settings": {},
                            "Planning": {
                                "Shared Hit Blocks": 0,
                                "Shared Read Blocks": 0,
                                "Shared Dirtied Blocks": 0,
                                "Shared Written Blocks": 0,
                                "Local Hit Blocks": 0,
                                "Local Read Blocks": 0,
                                "Local Dirtied Blocks": 0,
                                "Local Written Blocks": 0,
                                "Temp Read Blocks": 0,
                                "Temp Written Blocks": 0
                            },
                            "Planning Time": 0.006,
                            "Triggers": [],
                            "Execution Time": 0.01
                        },
                        "exact_explanation": {
                            "Plan": {
                                "Node Type": "Seq Scan",
                                "Parallel Aware": false,
                                "Async Capable": false,
                                "Relation Name": "tests_benchmark_flagtester015",
                                "Schema": "public",
                                "Alias": "tests_benchmark_flagtester015",
                                "Startup Cost": 0.0,
                                "Total Cost": 2.26,
                                "Plan Rows": 1,
                                "Plan Width": 12,
                                "Actual Startup Time": 0.004,
                                "Actual Total Time": 0.004,
                                "Actual Rows": 0,
                                "Actual Loops": 1,
                                "Output": [
                                    "id",
                                    "flags"
                                ],
                                "Filter": "(tests_benchmark_flagtester015.flags = 47204)",
                                "Rows Removed by Filter": 101,
                                "Shared Hit Blocks": 1,
                                "Shared Read Blocks": 0,
                                "Shared Dirtied Blocks": 0,
                                "Shared Written Blocks": 0,
                                "Local Hit Blocks": 0,
                                "Local Read Blocks": 0,
                                "Local Dirtied Blocks": 0,
                                "Local Written Blocks": 0,
                                "Temp Read Blocks": 0,
                                "Temp Written Blocks": 0,
                                "WAL Records": 0,
                                "WAL FPI": 0,
                                "WAL Bytes": 0
                            },
                            "Settings": {},
                            "Planning": {
                                "Shared Hit Blocks": 0,
                                "Shared Read Blocks": 0,
                                "Shared Dirtied Blocks": 0,
                                "Shared Written Blocks": 0,
                                "Local Hit Blocks": 0,
                                "Local Read Blocks": 0,
                                "Local Dirtied Blocks": 0,
                                "Local Written Blocks": 0,
                                "Temp Read Blocks": 0,
                                "Temp Written Blocks": 0
                            },
                            "Planning Time": 0.007,
                            "Triggers": [],
                            "Execution Time": 0.006
                        },
                        "all_ftr_time": 5.999999999999999e-06,
                        "any_ftr_time": 9.399999999999998e-06,
                        "exact_ftr_time": 5.799999999999999e-06
                    },
                    "1000": {
                        "all_time": 0.0006183874007547274,
                        "any_time": 0.0005344957011402584,
                        "exact_time": 0.0004736042013973929,
                        "table_size": 131072.0,
                        "index_time": 0.0009783750138012692,
                        "all_explanation": {
                            "Plan": {
                                "Node Type": "Seq Scan",
                                "Parallel Aware": false,
                                "Async Capable": false,
                                "Relation Name": "tests_benchmark_flagtester015",
                                "Schema": "public",
                                "Alias": "tests_benchmark_flagtester015",
                                "Startup Cost": 0.0,
                                "Total Cost": 21.02,
                                "Plan Rows": 5,
                                "Plan Width": 12,
                                "Actual Startup Time": 0.01,
                                "Actual Total Time": 0.037,
                                "Actual Rows": 1,
                                "Actual Loops": 1,
                                "Output": [
                                    "id",
                                    "flags"
                                ],
                                "Filter": "((tests_benchmark_flagtester015.flags & 27095) = 27095)",
                                "Rows Removed by Filter": 1000,
                                "Shared Hit Blocks": 6,
                                "Shared Read Blocks": 0,
                                "Shared Dirtied Blocks": 0,
                                "Shared Written Blocks": 0,
                                "Local Hit Blocks": 0,
                                "Local Read Blocks": 0,
                                "Local Dirtied Blocks": 0,
                                "Local Written Blocks": 0,
                                "Temp Read Blocks": 0,
                                "Temp Written Blocks": 0,
                                "WAL Records": 0,
                                "WAL FPI": 0,
                                "WAL Bytes": 0
                            },
                            "Settings": {},
                            "Planning": {
                                "Shared Hit Blocks": 0,
                                "Shared Read Blocks": 0,
                                "Shared Dirtied Blocks": 0,
                                "Shared Written Blocks": 0,
                                "Local Hit Blocks": 0,
                                "Local Read Blocks": 0,
                                "Local Dirtied Blocks": 0,
                                "Local Written Blocks": 0,
                                "Temp Read Blocks": 0,
                                "Temp Written Blocks": 0
                            },
                            "Planning Time": 0.006,
                            "Triggers": [],
                            "Execution Time": 0.038
                        },
                        "any_explanation": {
                            "Plan": {
                                "Node Type": "Seq Scan",
                                "Parallel Aware": false,
                                "Async Capable": false,
                                "Relation Name": "tests_benchmark_flagtester015",
                                "Schema": "public",
                                "Alias": "tests_benchmark_flagtester015",
                                "Startup Cost": 0.0,
                                "Total Cost": 21.02,
                                "Plan Rows": 334,
                                "Plan Width": 12,
                                "Actual Startup Time": 0.003,
                                "Actual Total Time": 0.052,
                                "Actual Rows": 998,
                                "Actual Loops": 1,
                                "Output": [
                                    "id",
                                    "flags"
                                ],
                                "Filter": "((tests_benchmark_flagtester015.flags & 27095) > 0)",
                                "Rows Removed by Filter": 3,
                                "Shared Hit Blocks": 6,
                                "Shared Read Blocks": 0,
                                "Shared Dirtied Blocks": 0,
                                "Shared Written Blocks": 0,
                                "Local Hit Blocks": 0,
                                "Local Read Blocks": 0,
                                "Local Dirtied Blocks": 0,
                                "Local Written Blocks": 0,
                                "Temp Read Blocks": 0,
                                "Temp Written Blocks": 0,
                                "WAL Records": 0,
                                "WAL FPI": 0,
                                "WAL Bytes": 0
                            },
                            "Settings": {},
                            "Planning": {
                                "Shared Hit Blocks": 0,
                                "Shared Read Blocks": 0,
                                "Shared Dirtied Blocks": 0,
                                "Shared Written Blocks": 0,
                                "Local Hit Blocks": 0,
                                "Local Read Blocks": 0,
                                "Local Dirtied Blocks": 0,
                                "Local Written Blocks": 0,
                                "Temp Read Blocks": 0,
                                "Temp Written Blocks": 0
                            },
                            "Planning Time": 0.006,
                            "Triggers": [],
                            "Execution Time": 0.076
                        },
                        "exact_explanation": {
                            "Plan": {
                                "Node Type": "Bitmap Heap Scan",
                                "Parallel Aware": false,
                                "Async Capable": false,
                                "Relation Name": "tests_benchmark_flagtester015",
                                "Schema": "public",
                                "Alias": "tests_benchmark_flagtester015",
                                "Startup Cost": 4.31,
                                "Total Cost": 10.58,
                                "Plan Rows": 5,
                                "Plan Width": 12,
                                "Actual Startup Time": 0.001,
                                "Actual Total Time": 0.001,
                                "Actual Rows": 0,
                                "Actual Loops": 1,
                                "Output": [
                                    "id",
                                    "flags"
                                ],
                                "Recheck Cond": "(tests_benchmark_flagtester015.flags = 27095)",
                                "Rows Removed by Index Recheck": 0,
                                "Exact Heap Blocks": 0,
                                "Lossy Heap Blocks": 0,
                                "Shared Hit Blocks": 2,
                                "Shared Read Blocks": 0,
                                "Shared Dirtied Blocks": 0,
                                "Shared Written Blocks": 0,
                                "Local Hit Blocks": 0,
                                "Local Read Blocks": 0,
                                "Local Dirtied Blocks": 0,
                                "Local Written Blocks": 0,
                                "Temp Read Blocks": 0,
                                "Temp Written Blocks": 0,
                                "WAL Records": 0,
                                "WAL FPI": 0,
                                "WAL Bytes": 0,
                                "Plans": [
                                    {
                                        "Node Type": "Bitmap Index Scan",
                                        "Parent Relationship": "Outer",
                                        "Parallel Aware": false,
                                        "Async Capable": false,
                                        "Index Name": "flag_idx",
                                        "Startup Cost": 0.0,
                                        "Total Cost": 4.31,
                                        "Plan Rows": 5,
                                        "Plan Width": 0,
                                        "Actual Startup Time": 0.001,
                                        "Actual Total Time": 0.001,
                                        "Actual Rows": 0,
                                        "Actual Loops": 1,
                                        "Index Cond": "(tests_benchmark_flagtester015.flags = 27095)",
                                        "Shared Hit Blocks": 2,
                                        "Shared Read Blocks": 0,
                                        "Shared Dirtied Blocks": 0,
                                        "Shared Written Blocks": 0,
                                        "Local Hit Blocks": 0,
                                        "Local Read Blocks": 0,
                                        "Local Dirtied Blocks": 0,
                                        "Local Written Blocks": 0,
                                        "Temp Read Blocks": 0,
                                        "Temp Written Blocks": 0,
                                        "WAL Records": 0,
                                        "WAL FPI": 0,
                                        "WAL Bytes": 0
                                    }
                                ]
                            },
                            "Settings": {},
                            "Planning": {
                                "Shared Hit Blocks": 0,
                                "Shared Read Blocks": 0,
                                "Shared Dirtied Blocks": 0,
                                "Shared Written Blocks": 0,
                                "Local Hit Blocks": 0,
                                "Local Read Blocks": 0,
                                "Local Dirtied Blocks": 0,
                                "Local Written Blocks": 0,
                                "Temp Read Blocks": 0,
                                "Temp Written Blocks": 0
                            },
                            "Planning Time": 0.008,
                            "Triggers": [],
                            "Execution Time": 0.003
                        },
                        "all_ftr_time": 3.7999999999999995e-05,
                        "any_ftr_time": 7.329999999999999e-05,
                        "exact_ftr_time": 3.399999999999999e-06
                    },
                    "10000": {
                        "all_time": 0.0012178915974800475,
                        "any_time": 0.001291795598808676,
                        "exact_time": 0.0007126250988221727,
                        "table_size": 933888.0,
                        "index_time": 0.004192499996861443,
                        "all_explanation": {
                            "Plan": {
                                "Node Type": "Seq Scan",
                                "Parallel Aware": false,
                                "Async Capable": false,
                                "Relation Name": "tests_benchmark_flagtester015",
                                "Schema": "public",
                                "Alias": "tests_benchmark_flagtester015",
                                "Startup Cost": 0.0,
                                "Total Cost": 205.01,
                                "Plan Rows": 50,
                                "Plan Width": 12,
                                "Actual Startup Time": 0.005,
                                "Actual Total Time": 0.377,
                                "Actual Rows": 77,
                                "Actual Loops": 1,
                                "Output": [
                                    "id",
                                    "flags"
                                ],
                                "Filter": "((tests_benchmark_flagtester015.flags & 26950) = 26950)",
                                "Rows Removed by Filter": 9924,
                                "Shared Hit Blocks": 55,
                                "Shared Read Blocks": 0,
                                "Shared Dirtied Blocks": 0,
                                "Shared Written Blocks": 0,
                                "Local Hit Blocks": 0,
                                "Local Read Blocks": 0,
                                "Local Dirtied Blocks": 0,
                                "Local Written Blocks": 0,
                                "Temp Read Blocks": 0,
                                "Temp Written Blocks": 0,
                                "WAL Records": 0,
                                "WAL FPI": 0,
                                "WAL Bytes": 0
                            },
                            "Settings": {},
                            "Planning": {
                                "Shared Hit Blocks": 0,
                                "Shared Read Blocks": 0,
                                "Shared Dirtied Blocks": 0,
                                "Shared Written Blocks": 0,
                                "Local Hit Blocks": 0,
                                "Local Read Blocks": 0,
                                "Local Dirtied Blocks": 0,
                                "Local Written Blocks": 0,
                                "Temp Read Blocks": 0,
                                "Temp Written Blocks": 0
                            },
                            "Planning Time": 0.007,
                            "Triggers": [],
                            "Execution Time": 0.38
                        },
                        "any_explanation": {
                            "Plan": {
                                "Node Type": "Seq Scan",
                                "Parallel Aware": false,
                                "Async Capable": false,
                                "Relation Name": "tests_benchmark_flagtester015",
                                "Schema": "public",
                                "Alias": "tests_benchmark_flagtester015",
                                "Startup Cost": 0.0,
                                "Total Cost": 205.01,
                                "Plan Rows": 3334,
                                "Plan Width": 12,
                                "Actual Startup Time": 0.002,
                                "Actual Total Time": 0.531,
                                "Actual Rows": 9919,
                                "Actual Loops": 1,
                                "Output": [
                                    "id",
                                    "flags"
                                ],
                                "Filter": "((tests_benchmark_flagtester015.flags & 26950) > 0)",
                                "Rows Removed by Filter": 82,
                                "Shared Hit Blocks": 55,
                                "Shared Read Blocks": 0,
                                "Shared Dirtied Blocks": 0,
                                "Shared Written Blocks": 0,
                                "Local Hit Blocks": 0,
                                "Local Read Blocks": 0,
                                "Local Dirtied Blocks": 0,
                                "Local Written Blocks": 0,
                                "Temp Read Blocks": 0,
                                "Temp Written Blocks": 0,
                                "WAL Records": 0,
                                "WAL FPI": 0,
                                "WAL Bytes": 0
                            },
                            "Settings": {},
                            "Planning": {
                                "Shared Hit Blocks": 0,
                                "Shared Read Blocks": 0,
                                "Shared Dirtied Blocks": 0,
                                "Shared Written Blocks": 0,
                                "Local Hit Blocks": 0,
                                "Local Read Blocks": 0,
                                "Local Dirtied Blocks": 0,
                                "Local Written Blocks": 0,
                                "Temp Read Blocks": 0,
                                "Temp Written Blocks": 0
                            },
                            "Planning Time": 0.006,
                            "Triggers": [],
                            "Execution Time": 0.758
                        },
                        "exact_explanation": {
                            "Plan": {
                                "Node Type": "Bitmap Heap Scan",
                                "Parallel Aware": false,
                                "Async Capable": false,
                                "Relation Name": "tests_benchmark_flagtester015",
                                "Schema": "public",
                                "Alias": "tests_benchmark_flagtester015",
                                "Startup Cost": 4.67,
                                "Total Cost": 61.54,
                                "Plan Rows": 50,
                                "Plan Width": 12,
                                "Actual Startup Time": 0.001,
                                "Actual Total Time": 0.002,
                                "Actual Rows": 1,
                                "Actual Loops": 1,
                                "Output": [
                                    "id",
                                    "flags"
                                ],
                                "Recheck Cond": "(tests_benchmark_flagtester015.flags = 26950)",
                                "Rows Removed by Index Recheck": 0,
                                "Exact Heap Blocks": 1,
                                "Lossy Heap Blocks": 0,
                                "Shared Hit Blocks": 3,
                                "Shared Read Blocks": 0,
                                "Shared Dirtied Blocks": 0,
                                "Shared Written Blocks": 0,
                                "Local Hit Blocks": 0,
                                "Local Read Blocks": 0,
                                "Local Dirtied Blocks": 0,
                                "Local Written Blocks": 0,
                                "Temp Read Blocks": 0,
                                "Temp Written Blocks": 0,
                                "WAL Records": 0,
                                "WAL FPI": 0,
                                "WAL Bytes": 0,
                                "Plans": [
                                    {
                                        "Node Type": "Bitmap Index Scan",
                                        "Parent Relationship": "Outer",
                                        "Parallel Aware": false,
                                        "Async Capable": false,
                                        "Index Name": "flag_idx",
                                        "Startup Cost": 0.0,
                                        "Total Cost": 4.66,
                                        "Plan Rows": 50,
                                        "Plan Width": 0,
                                        "Actual Startup Time": 0.001,
                                        "Actual Total Time": 0.001,
                                        "Actual Rows": 1,
                                        "Actual Loops": 1,
                                        "Index Cond": "(tests_benchmark_flagtester015.flags = 26950)",
                                        "Shared Hit Blocks": 2,
                                        "Shared Read Blocks": 0,
                                        "Shared Dirtied Blocks": 0,
                                        "Shared Written Blocks": 0,
                                        "Local Hit Blocks": 0,
                                        "Local Read Blocks": 0,
                                        "Local Dirtied Blocks": 0,
                                        "Local Written Blocks": 0,
                                        "Temp Read Blocks": 0,
                                        "Temp Written Blocks": 0,
                                        "WAL Records": 0,
                                        "WAL FPI": 0,
                                        "WAL Bytes": 0
                                    }
                                ]
                            },
                            "Settings": {},
                            "Planning": {
                                "Shared Hit Blocks": 0,
                                "Shared Read Blocks": 0,
                                "Shared Dirtied Blocks": 0,
                                "Shared Written Blocks": 0,
                                "Local Hit Blocks": 0,
                                "Local Read Blocks": 0,
                                "Local Dirtied Blocks": 0,
                                "Local Written Blocks": 0,
                                "Temp Read Blocks": 0,
                                "Temp Written Blocks": 0
                            },
                            "Planning Time": 0.008,
                            "Triggers": [],
                            "Execution Time": 0.004
                        },
                        "all_ftr_time": 0.0003706,
                        "any_ftr_time": 0.00074,
                        "exact_ftr_time": 3.6000000000000003e-06
                    },
                    "100000": {
                        "all_time": 0.004817958298372105,
                        "any_time": 0.005840316599642392,
                        "exact_time": 0.0018065874988678842,
                        "table_size": 8519680.0,
                        "index_time": 0.02527324999391567,
                        "all_explanation": {
                            "Plan": {
                                "Node Type": "Seq Scan",
                                "Parallel Aware": false,
                                "Async Capable": false,
                                "Relation Name": "tests_benchmark_flagtester015",
                                "Schema": "public",
                                "Alias": "tests_benchmark_flagtester015",
                                "Startup Cost": 0.0,
                                "Total Cost": 2041.01,
                                "Plan Rows": 500,
                                "Plan Width": 12,
                                "Actual Startup Time": 0.009,
                                "Actual Total Time": 3.44,
                                "Actual Rows": 794,
                                "Actual Loops": 1,
                                "Output": [
                                    "id",
                                    "flags"
                                ],
                                "Filter": "((tests_benchmark_flagtester015.flags & 26737) = 26737)",
                                "Rows Removed by Filter": 99207,
                                "Shared Hit Blocks": 541,
                                "Shared Read Blocks": 0,
                                "Shared Dirtied Blocks": 0,
                                "Shared Written Blocks": 0,
                                "Local Hit Blocks": 0,
                                "Local Read Blocks": 0,
                                "Local Dirtied Blocks": 0,
                                "Local Written Blocks": 0,
                                "Temp Read Blocks": 0,
                                "Temp Written Blocks": 0,
                                "WAL Records": 0,
                                "WAL FPI": 0,
                                "WAL Bytes": 0
                            },
                            "Settings": {},
                            "Planning": {
                                "Shared Hit Blocks": 0,
                                "Shared Read Blocks": 0,
                                "Shared Dirtied Blocks": 0,
                                "Shared Written Blocks": 0,
                                "Local Hit Blocks": 0,
                                "Local Read Blocks": 0,
                                "Local Dirtied Blocks": 0,
                                "Local Written Blocks": 0,
                                "Temp Read Blocks": 0,
                                "Temp Written Blocks": 0
                            },
                            "Planning Time": 0.006,
                            "Triggers": [],
                            "Execution Time": 3.459
                        },
                        "any_explanation": {
                            "Plan": {
                                "Node Type": "Seq Scan",
                                "Parallel Aware": false,
                                "Async Capable": false,
                                "Relation Name": "tests_benchmark_flagtester015",
                                "Schema": "public",
                                "Alias": "tests_benchmark_flagtester015",
                                "Startup Cost": 0.0,
                                "Total Cost": 2041.01,
                                "Plan Rows": 33334,
                                "Plan Width": 12,
                                "Actual Startup Time": 0.002,
                                "Actual Total Time": 4.87,
                                "Actual Rows": 99294,
                                "Actual Loops": 1,
                                "Output": [
                                    "id",
                                    "flags"
                                ],
                                "Filter": "((tests_benchmark_flagtester015.flags & 26737) > 0)",
                                "Rows Removed by Filter": 707,
                                "Shared Hit Blocks": 541,
                                "Shared Read Blocks": 0,
                                "Shared Dirtied Blocks": 0,
                                "Shared Written Blocks": 0,
                                "Local Hit Blocks": 0,
                                "Local Read Blocks": 0,
                                "Local Dirtied Blocks": 0,
                                "Local Written Blocks": 0,
                                "Temp Read Blocks": 0,
                                "Temp Written Blocks": 0,
                                "WAL Records": 0,
                                "WAL FPI": 0,
                                "WAL Bytes": 0
                            },
                            "Settings": {},
                            "Planning": {
                                "Shared Hit Blocks": 0,
                                "Shared Read Blocks": 0,
                                "Shared Dirtied Blocks": 0,
                                "Shared Written Blocks": 0,
                                "Local Hit Blocks": 0,
                                "Local Read Blocks": 0,
                                "Local Dirtied Blocks": 0,
                                "Local Written Blocks": 0,
                                "Temp Read Blocks": 0,
                                "Temp Written Blocks": 0
                            },
                            "Planning Time": 0.006,
                            "Triggers": [],
                            "Execution Time": 6.942
                        },
                        "exact_explanation": {
                            "Plan": {
                                "Node Type": "Bitmap Heap Scan",
                                "Parallel Aware": false,
                                "Async Capable": false,
                                "Relation Name": "tests_benchmark_flagtester015",
                                "Schema": "public",
                                "Alias": "tests_benchmark_flagtester015",
                                "Startup Cost": 12.17,
                                "Total Cost": 570.66,
                                "Plan Rows": 500,
                                "Plan Width": 12,
                                "Actual Startup Time": 0.001,
                                "Actual Total Time": 0.001,
                                "Actual Rows": 1,
                                "Actual Loops": 1,
                                "Output": [
                                    "id",
                                    "flags"
                                ],
                                "Recheck Cond": "(tests_benchmark_flagtester015.flags = 26737)",
                                "Rows Removed by Index Recheck": 0,
                                "Exact Heap Blocks": 1,
                                "Lossy Heap Blocks": 0,
                                "Shared Hit Blocks": 3,
                                "Shared Read Blocks": 0,
                                "Shared Dirtied Blocks": 0,
                                "Shared Written Blocks": 0,
                                "Local Hit Blocks": 0,
                                "Local Read Blocks": 0,
                                "Local Dirtied Blocks": 0,
                                "Local Written Blocks": 0,
                                "Temp Read Blocks": 0,
                                "Temp Written Blocks": 0,
                                "WAL Records": 0,
                                "WAL FPI": 0,
                                "WAL Bytes": 0,
                                "Plans": [
                                    {
                                        "Node Type": "Bitmap Index Scan",
                                        "Parent Relationship": "Outer",
                                        "Parallel Aware": false,
                                        "Async Capable": false,
                                        "Index Name": "flag_idx",
                                        "Startup Cost": 0.0,
                                        "Total Cost": 12.04,
                                        "Plan Rows": 500,
                                        "Plan Width": 0,
                                        "Actual Startup Time": 0.001,
                                        "Actual Total Time": 0.001,
                                        "Actual Rows": 1,
                                        "Actual Loops": 1,
                                        "Index Cond": "(tests_benchmark_flagtester015.flags = 26737)",
                                        "Shared Hit Blocks": 2,
                                        "Shared Read Blocks": 0,
                                        "Shared Dirtied Blocks": 0,
                                        "Shared Written Blocks": 0,
                                        "Local Hit Blocks": 0,
                                        "Local Read Blocks": 0,
                                        "Local Dirtied Blocks": 0,
                                        "Local Written Blocks": 0,
                                        "Temp Read Blocks": 0,
                                        "Temp Written Blocks": 0,
                                        "WAL Records": 0,
                                        "WAL FPI": 0,
                                        "WAL Bytes": 0
                                    }
                                ]
                            },
                            "Settings": {},
                            "Planning": {
                                "Shared Hit Blocks": 0,
                                "Shared Read Blocks": 0,
                                "Shared Dirtied Blocks": 0,
                                "Shared Written Blocks": 0,
                                "Local Hit Blocks": 0,
                                "Local Read Blocks": 0,
                                "Local Dirtied Blocks": 0,
                                "Local Written Blocks": 0,
                                "Temp Read Blocks": 0,
                                "Temp Written Blocks": 0
                            },
                            "Planning Time": 0.007,
                            "Triggers": [],
                            "Execution Time": 0.004
                        },
                        "all_ftr_time": 0.0035450000000000004,
                        "any_ftr_time": 0.0070063999999999994,
                        "exact_ftr_time": 4.7e-06
                    },
                    "1000000": {
                        "all_time": 0.018816733099811245,
                        "any_time": 0.023284058697754517,
                        "exact_time": 0.0024963707983260974,
                        "table_size": 75497472.0,
                        "index_time": 0.20297699999355245,
                        "all_explanation": {
                            "Plan": {
                                "Node Type": "Gather",
                                "Parallel Aware": false,
                                "Async Capable": false,
                                "Startup Cost": 1000.0,
                                "Total Cost": 13156.01,
                                "Plan Rows": 5000,
                                "Plan Width": 12,
                                "Actual Startup Time": 0.074,
                                "Actual Total Time": 18.227,
                                "Actual Rows": 7803,
                                "Actual Loops": 1,
                                "Output": [
                                    "id",
                                    "flags"
                                ],
                                "Workers Planned": 2,
                                "Workers Launched": 2,
                                "Single Copy": false,
                                "Shared Hit Blocks": 3200,
                                "Shared Read Blocks": 2206,
                                "Shared Dirtied Blocks": 0,
                                "Shared Written Blocks": 0,
                                "Local Hit Blocks": 0,
                                "Local Read Blocks": 0,
                                "Local Dirtied Blocks": 0,
                                "Local Written Blocks": 0,
                                "Temp Read Blocks": 0,
                                "Temp Written Blocks": 0,
                                "WAL Records": 0,
                                "WAL FPI": 0,
                                "WAL Bytes": 0,
                                "Plans": [
                                    {
                                        "Node Type": "Seq Scan",
                                        "Parent Relationship": "Outer",
                                        "Parallel Aware": true,
                                        "Async Capable": false,
                                        "Relation Name": "tests_benchmark_flagtester015",
                                        "Schema": "public",
                                        "Alias": "tests_benchmark_flagtester015",
                                        "Startup Cost": 0.0,
                                        "Total Cost": 11656.01,
                                        "Plan Rows": 2083,
                                        "Plan Width": 12,
                                        "Actual Startup Time": 0.031,
                                        "Actual Total Time": 15.724,
                                        "Actual Rows": 2601,
                                        "Actual Loops": 3,
                                        "Output": [
                                            "id",
                                            "flags"
                                        ],
                                        "Filter": "((tests_benchmark_flagtester015.flags & 10357) = 10357)",
                                        "Rows Removed by Filter": 330733,
                                        "Shared Hit Blocks": 3200,
                                        "Shared Read Blocks": 2206,
                                        "Shared Dirtied Blocks": 0,
                                        "Shared Written Blocks": 0,
                                        "Local Hit Blocks": 0,
                                        "Local Read Blocks": 0,
                                        "Local Dirtied Blocks": 0,
                                        "Local Written Blocks": 0,
                                        "Temp Read Blocks": 0,
                                        "Temp Written Blocks": 0,
                                        "WAL Records": 0,
                                        "WAL FPI": 0,
                                        "WAL Bytes": 0,
                                        "Workers": [
                                            {
                                                "Worker Number": 0,
                                                "Actual Startup Time": 0.037,
                                                "Actual Total Time": 14.909,
                                                "Actual Rows": 2451,
                                                "Actual Loops": 1,
                                                "Shared Hit Blocks": 1023,
                                                "Shared Read Blocks": 649,
                                                "Shared Dirtied Blocks": 0,
                                                "Shared Written Blocks": 0,
                                                "Local Hit Blocks": 0,
                                                "Local Read Blocks": 0,
                                                "Local Dirtied Blocks": 0,
                                                "Local Written Blocks": 0,
                                                "Temp Read Blocks": 0,
                                                "Temp Written Blocks": 0,
                                                "WAL Records": 0,
                                                "WAL FPI": 0,
                                                "WAL Bytes": 0
                                            },
                                            {
                                                "Worker Number": 1,
                                                "Actual Startup Time": 0.043,
                                                "Actual Total Time": 15.173,
                                                "Actual Rows": 2422,
                                                "Actual Loops": 1,
                                                "Shared Hit Blocks": 1019,
                                                "Shared Read Blocks": 646,
                                                "Shared Dirtied Blocks": 0,
                                                "Shared Written Blocks": 0,
                                                "Local Hit Blocks": 0,
                                                "Local Read Blocks": 0,
                                                "Local Dirtied Blocks": 0,
                                                "Local Written Blocks": 0,
                                                "Temp Read Blocks": 0,
                                                "Temp Written Blocks": 0,
                                                "WAL Records": 0,
                                                "WAL FPI": 0,
                                                "WAL Bytes": 0
                                            }
                                        ]
                                    }
                                ]
                            },
                            "Settings": {},
                            "Planning": {
                                "Shared Hit Blocks": 0,
                                "Shared Read Blocks": 0,
                                "Shared Dirtied Blocks": 0,
                                "Shared Written Blocks": 0,
                                "Local Hit Blocks": 0,
                                "Local Read Blocks": 0,
                                "Local Dirtied Blocks": 0,
                                "Local Written Blocks": 0,
                                "Temp Read Blocks": 0,
                                "Temp Written Blocks": 0
                            },
                            "Planning Time": 0.029,
                            "Triggers": [],
                            "Execution Time": 18.404
                        },
                        "any_explanation": {
                            "Plan": {
                                "Node Type": "Seq Scan",
                                "Parallel Aware": false,
                                "Async Capable": false,
                                "Relation Name": "tests_benchmark_flagtester015",
                                "Schema": "public",
                                "Alias": "tests_benchmark_flagtester015",
                                "Startup Cost": 0.0,
                                "Total Cost": 20406.01,
                                "Plan Rows": 333334,
                                "Plan Width": 12,
                                "Actual Startup Time": 0.009,
                                "Actual Total Time": 56.466,
                                "Actual Rows": 992183,
                                "Actual Loops": 1,
                                "Output": [
                                    "id",
                                    "flags"
                                ],
                                "Filter": "((tests_benchmark_flagtester015.flags & 10357) > 0)",
                                "Rows Removed by Filter": 7818,
                                "Shared Hit Blocks": 3392,
                                "Shared Read Blocks": 2014,
                                "Shared Dirtied Blocks": 0,
                                "Shared Written Blocks": 0,
                                "Local Hit Blocks": 0,
                                "Local Read Blocks": 0,
                                "Local Dirtied Blocks": 0,
                                "Local Written Blocks": 0,
                                "Temp Read Blocks": 0,
                                "Temp Written Blocks": 0,
                                "WAL Records": 0,
                                "WAL FPI": 0,
                                "WAL Bytes": 0
                            },
                            "Settings": {},
                            "Planning": {
                                "Shared Hit Blocks": 0,
                                "Shared Read Blocks": 0,
                                "Shared Dirtied Blocks": 0,
                                "Shared Written Blocks": 0,
                                "Local Hit Blocks": 0,
                                "Local Read Blocks": 0,
                                "Local Dirtied Blocks": 0,
                                "Local Written Blocks": 0,
                                "Temp Read Blocks": 0,
                                "Temp Written Blocks": 0
                            },
                            "Planning Time": 0.025,
                            "Triggers": [],
                            "Execution Time": 77.311
                        },
                        "exact_explanation": {
                            "Plan": {
                                "Node Type": "Bitmap Heap Scan",
                                "Parallel Aware": false,
                                "Async Capable": false,
                                "Relation Name": "tests_benchmark_flagtester015",
                                "Schema": "public",
                                "Alias": "tests_benchmark_flagtester015",
                                "Startup Cost": 63.17,
                                "Total Cost": 5644.65,
                                "Plan Rows": 5000,
                                "Plan Width": 12,
                                "Actual Startup Time": 0.003,
                                "Actual Total Time": 0.005,
                                "Actual Rows": 13,
                                "Actual Loops": 1,
                                "Output": [
                                    "id",
                                    "flags"
                                ],
                                "Recheck Cond": "(tests_benchmark_flagtester015.flags = 10357)",
                                "Rows Removed by Index Recheck": 0,
                                "Exact Heap Blocks": 13,
                                "Lossy Heap Blocks": 0,
                                "Shared Hit Blocks": 16,
                                "Shared Read Blocks": 0,
                                "Shared Dirtied Blocks": 0,
                                "Shared Written Blocks": 0,
                                "Local Hit Blocks": 0,
                                "Local Read Blocks": 0,
                                "Local Dirtied Blocks": 0,
                                "Local Written Blocks": 0,
                                "Temp Read Blocks": 0,
                                "Temp Written Blocks": 0,
                                "WAL Records": 0,
                                "WAL FPI": 0,
                                "WAL Bytes": 0,
                                "Plans": [
                                    {
                                        "Node Type": "Bitmap Index Scan",
                                        "Parent Relationship": "Outer",
                                        "Parallel Aware": false,
                                        "Async Capable": false,
                                        "Index Name": "flag_idx",
                                        "Startup Cost": 0.0,
                                        "Total Cost": 61.92,
                                        "Plan Rows": 5000,
                                        "Plan Width": 0,
                                        "Actual Startup Time": 0.002,
                                        "Actual Total Time": 0.002,
                                        "Actual Rows": 13,
                                        "Actual Loops": 1,
                                        "Index Cond": "(tests_benchmark_flagtester015.flags = 10357)",
                                        "Shared Hit Blocks": 3,
                                        "Shared Read Blocks": 0,
                                        "Shared Dirtied Blocks": 0,
                                        "Shared Written Blocks": 0,
                                        "Local Hit Blocks": 0,
                                        "Local Read Blocks": 0,
                                        "Local Dirtied Blocks": 0,
                                        "Local Written Blocks": 0,
                                        "Temp Read Blocks": 0,
                                        "Temp Written Blocks": 0,
                                        "WAL Records": 0,
                                        "WAL FPI": 0,
                                        "WAL Bytes": 0
                                    }
                                ]
                            },
                            "Settings": {},
                            "Planning": {
                                "Shared Hit Blocks": 0,
                                "Shared Read Blocks": 0,
                                "Shared Dirtied Blocks": 0,
                                "Shared Written Blocks": 0,
                                "Local Hit Blocks": 0,
                                "Local Read Blocks": 0,
                                "Local Dirtied Blocks": 0,
                                "Local Written Blocks": 0,
                                "Temp Read Blocks": 0,
                                "Temp Written Blocks": 0
                            },
                            "Planning Time": 0.017,
                            "Triggers": [],
                            "Execution Time": 0.009
                        },
                        "all_ftr_time": 0.017401299999999998,
                        "any_ftr_time": 0.07440000000000001,
                        "exact_ftr_time": 9.399999999999998e-06
                    },
                    "2000000": {
                        "all_time": 0.034787175098608715,
                        "any_time": 0.04234342900017509,
                        "exact_time": 0.0031741752012749203,
                        "table_size": 148897792.0,
                        "index_time": 0.4887563329975819,
                        "all_explanation": {
                            "Plan": {
                                "Node Type": "Gather",
                                "Parallel Aware": false,
                                "Async Capable": false,
                                "Startup Cost": 1000.0,
                                "Total Cost": 25311.01,
                                "Plan Rows": 10000,
                                "Plan Width": 12,
                                "Actual Startup Time": 0.085,
                                "Actual Total Time": 33.264,
                                "Actual Rows": 62546,
                                "Actual Loops": 1,
                                "Output": [
                                    "id",
                                    "flags"
                                ],
                                "Workers Planned": 2,
                                "Workers Launched": 2,
                                "Single Copy": false,
                                "Shared Hit Blocks": 3326,
                                "Shared Read Blocks": 7485,
                                "Shared Dirtied Blocks": 0,
                                "Shared Written Blocks": 0,
                                "Local Hit Blocks": 0,
                                "Local Read Blocks": 0,
                                "Local Dirtied Blocks": 0,
                                "Local Written Blocks": 0,
                                "Temp Read Blocks": 0,
                                "Temp Written Blocks": 0,
                                "WAL Records": 0,
                                "WAL FPI": 0,
                                "WAL Bytes": 0,
                                "Plans": [
                                    {
                                        "Node Type": "Seq Scan",
                                        "Parent Relationship": "Outer",
                                        "Parallel Aware": true,
                                        "Async Capable": false,
                                        "Relation Name": "tests_benchmark_flagtester015",
                                        "Schema": "public",
                                        "Alias": "tests_benchmark_flagtester015",
                                        "Startup Cost": 0.0,
                                        "Total Cost": 23311.01,
                                        "Plan Rows": 4167,
                                        "Plan Width": 12,
                                        "Actual Startup Time": 0.024,
                                        "Actual Total Time": 30.308,
                                        "Actual Rows": 20849,
                                        "Actual Loops": 3,
                                        "Output": [
                                            "id",
                                            "flags"
                                        ],
                                        "Filter": "((tests_benchmark_flagtester015.flags & 26116) = 26116)",
                                        "Rows Removed by Filter": 645818,
                                        "Shared Hit Blocks": 3326,
                                        "Shared Read Blocks": 7485,
                                        "Shared Dirtied Blocks": 0,
                                        "Shared Written Blocks": 0,
                                        "Local Hit Blocks": 0,
                                        "Local Read Blocks": 0,
                                        "Local Dirtied Blocks": 0,
                                        "Local Written Blocks": 0,
                                        "Temp Read Blocks": 0,
                                        "Temp Written Blocks": 0,
                                        "WAL Records": 0,
                                        "WAL FPI": 0,
                                        "WAL Bytes": 0,
                                        "Workers": [
                                            {
                                                "Worker Number": 0,
                                                "Actual Startup Time": 0.033,
                                                "Actual Total Time": 30.497,
                                                "Actual Rows": 20625,
                                                "Actual Loops": 1,
                                                "Shared Hit Blocks": 1101,
                                                "Shared Read Blocks": 2471,
                                                "Shared Dirtied Blocks": 0,
                                                "Shared Written Blocks": 0,
                                                "Local Hit Blocks": 0,
                                                "Local Read Blocks": 0,
                                                "Local Dirtied Blocks": 0,
                                                "Local Written Blocks": 0,
                                                "Temp Read Blocks": 0,
                                                "Temp Written Blocks": 0,
                                                "WAL Records": 0,
                                                "WAL FPI": 0,
                                                "WAL Bytes": 0
                                            },
                                            {
                                                "Worker Number": 1,
                                                "Actual Startup Time": 0.03,
                                                "Actual Total Time": 30.492,
                                                "Actual Rows": 20683,
                                                "Actual Loops": 1,
                                                "Shared Hit Blocks": 1096,
                                                "Shared Read Blocks": 2471,
                                                "Shared Dirtied Blocks": 0,
                                                "Shared Written Blocks": 0,
                                                "Local Hit Blocks": 0,
                                                "Local Read Blocks": 0,
                                                "Local Dirtied Blocks": 0,
                                                "Local Written Blocks": 0,
                                                "Temp Read Blocks": 0,
                                                "Temp Written Blocks": 0,
                                                "WAL Records": 0,
                                                "WAL FPI": 0,
                                                "WAL Bytes": 0
                                            }
                                        ]
                                    }
                                ]
                            },
                            "Settings": {},
                            "Planning": {
                                "Shared Hit Blocks": 0,
                                "Shared Read Blocks": 0,
                                "Shared Dirtied Blocks": 0,
                                "Shared Written Blocks": 0,
                                "Local Hit Blocks": 0,
                                "Local Read Blocks": 0,
                                "Local Dirtied Blocks": 0,
                                "Local Written Blocks": 0,
                                "Temp Read Blocks": 0,
                                "Temp Written Blocks": 0
                            },
                            "Planning Time": 0.048,
                            "Triggers": [],
                            "Execution Time": 34.64
                        },
                        "any_explanation": {
                            "Plan": {
                                "Node Type": "Seq Scan",
                                "Parallel Aware": false,
                                "Async Capable": false,
                                "Relation Name": "tests_benchmark_flagtester015",
                                "Schema": "public",
                                "Alias": "tests_benchmark_flagtester015",
                                "Startup Cost": 0.0,
                                "Total Cost": 40811.01,
                                "Plan Rows": 666667,
                                "Plan Width": 12,
                                "Actual Startup Time": 0.009,
                                "Actual Total Time": 107.318,
                                "Actual Rows": 1937051,
                                "Actual Loops": 1,
                                "Output": [
                                    "id",
                                    "flags"
                                ],
                                "Filter": "((tests_benchmark_flagtester015.flags & 26116) > 0)",
                                "Rows Removed by Filter": 62950,
                                "Shared Hit Blocks": 3518,
                                "Shared Read Blocks": 7293,
                                "Shared Dirtied Blocks": 0,
                                "Shared Written Blocks": 0,
                                "Local Hit Blocks": 0,
                                "Local Read Blocks": 0,
                                "Local Dirtied Blocks": 0,
                                "Local Written Blocks": 0,
                                "Temp Read Blocks": 0,
                                "Temp Written Blocks": 0,
                                "WAL Records": 0,
                                "WAL FPI": 0,
                                "WAL Bytes": 0
                            },
                            "Settings": {},
                            "Planning": {
                                "Shared Hit Blocks": 0,
                                "Shared Read Blocks": 0,
                                "Shared Dirtied Blocks": 0,
                                "Shared Written Blocks": 0,
                                "Local Hit Blocks": 0,
                                "Local Read Blocks": 0,
                                "Local Dirtied Blocks": 0,
                                "Local Written Blocks": 0,
                                "Temp Read Blocks": 0,
                                "Temp Written Blocks": 0
                            },
                            "Planning Time": 0.026,
                            "Triggers": [],
                            "Execution Time": 146.9
                        },
                        "exact_explanation": {
                            "Plan": {
                                "Node Type": "Bitmap Heap Scan",
                                "Parallel Aware": false,
                                "Async Capable": false,
                                "Relation Name": "tests_benchmark_flagtester015",
                                "Schema": "public",
                                "Alias": "tests_benchmark_flagtester015",
                                "Startup Cost": 117.93,
                                "Total Cost": 11280.12,
                                "Plan Rows": 10000,
                                "Plan Width": 12,
                                "Actual Startup Time": 0.004,
                                "Actual Total Time": 0.01,
                                "Actual Rows": 37,
                                "Actual Loops": 1,
                                "Output": [
                                    "id",
                                    "flags"
                                ],
                                "Recheck Cond": "(tests_benchmark_flagtester015.flags = 26116)",
                                "Rows Removed by Index Recheck": 0,
                                "Exact Heap Blocks": 37,
                                "Lossy Heap Blocks": 0,
                                "Shared Hit Blocks": 40,
                                "Shared Read Blocks": 0,
                                "Shared Dirtied Blocks": 0,
                                "Shared Written Blocks": 0,
                                "Local Hit Blocks": 0,
                                "Local Read Blocks": 0,
                                "Local Dirtied Blocks": 0,
                                "Local Written Blocks": 0,
                                "Temp Read Blocks": 0,
                                "Temp Written Blocks": 0,
                                "WAL Records": 0,
                                "WAL FPI": 0,
                                "WAL Bytes": 0,
                                "Plans": [
                                    {
                                        "Node Type": "Bitmap Index Scan",
                                        "Parent Relationship": "Outer",
                                        "Parallel Aware": false,
                                        "Async Capable": false,
                                        "Index Name": "flag_idx",
                                        "Startup Cost": 0.0,
                                        "Total Cost": 115.43,
                                        "Plan Rows": 10000,
                                        "Plan Width": 0,
                                        "Actual Startup Time": 0.002,
                                        "Actual Total Time": 0.002,
                                        "Actual Rows": 37,
                                        "Actual Loops": 1,
                                        "Index Cond": "(tests_benchmark_flagtester015.flags = 26116)",
                                        "Shared Hit Blocks": 3,
                                        "Shared Read Blocks": 0,
                                        "Shared Dirtied Blocks": 0,
                                        "Shared Written Blocks": 0,
                                        "Local Hit Blocks": 0,
                                        "Local Read Blocks": 0,
                                        "Local Dirtied Blocks": 0,
                                        "Local Written Blocks": 0,
                                        "Temp Read Blocks": 0,
                                        "Temp Written Blocks": 0,
                                        "WAL Records": 0,
                                        "WAL FPI": 0,
                                        "WAL Bytes": 0
                                    }
                                ]
                            },
                            "Settings": {},
                            "Planning": {
                                "Shared Hit Blocks": 0,
                                "Shared Read Blocks": 0,
                                "Shared Dirtied Blocks": 0,
                                "Shared Written Blocks": 0,
                                "Local Hit Blocks": 0,
                                "Local Read Blocks": 0,
                                "Local Dirtied Blocks": 0,
                                "Local Written Blocks": 0,
                                "Temp Read Blocks": 0,
                                "Temp Written Blocks": 0
                            },
                            "Planning Time": 0.008,
                            "Triggers": [],
                            "Execution Time": 0.013
                        },
                        "all_ftr_time": 0.033228400000000005,
                        "any_ftr_time": 0.15035130000000005,
                        "exact_ftr_time": 1.2699999999999997e-05
                    },
                    "4000000": {
                        "all_time": 0.06499524600221776,
                        "any_time": 0.07994803749897983,
                        "exact_time": 0.0031263707045582124,
                        "table_size": 294649856.0,
                        "index_time": 0.8970414159994107,
                        "all_explanation": {
                            "Plan": {
                                "Node Type": "Gather",
                                "Parallel Aware": false,
                                "Async Capable": false,
                                "Startup Cost": 1000.0,
                                "Total Cost": 49622.01,
                                "Plan Rows": 20000,
                                "Plan Width": 12,
                                "Actual Startup Time": 0.086,
                                "Actual Total Time": 62.538,
                                "Actual Rows": 7790,
                                "Actual Loops": 1,
                                "Output": [
                                    "id",
                                    "flags"
                                ],
                                "Workers Planned": 2,
                                "Workers Launched": 2,
                                "Single Copy": false,
                                "Shared Hit Blocks": 3623,
                                "Shared Read Blocks": 17999,
                                "Shared Dirtied Blocks": 0,
                                "Shared Written Blocks": 0,
                                "Local Hit Blocks": 0,
                                "Local Read Blocks": 0,
                                "Local Dirtied Blocks": 0,
                                "Local Written Blocks": 0,
                                "Temp Read Blocks": 0,
                                "Temp Written Blocks": 0,
                                "WAL Records": 0,
                                "WAL FPI": 0,
                                "WAL Bytes": 0,
                                "Plans": [
                                    {
                                        "Node Type": "Seq Scan",
                                        "Parent Relationship": "Outer",
                                        "Parallel Aware": true,
                                        "Async Capable": false,
                                        "Relation Name": "tests_benchmark_flagtester015",
                                        "Schema": "public",
                                        "Alias": "tests_benchmark_flagtester015",
                                        "Startup Cost": 0.0,
                                        "Total Cost": 46622.01,
                                        "Plan Rows": 8333,
                                        "Plan Width": 12,
                                        "Actual Startup Time": 0.085,
                                        "Actual Total Time": 60.204,
                                        "Actual Rows": 2597,
                                        "Actual Loops": 3,
                                        "Output": [
                                            "id",
                                            "flags"
                                        ],
                                        "Filter": "((tests_benchmark_flagtester015.flags & 56077) = 56077)",
                                        "Rows Removed by Filter": 1330737,
                                        "Shared Hit Blocks": 3623,
                                        "Shared Read Blocks": 17999,
                                        "Shared Dirtied Blocks": 0,
                                        "Shared Written Blocks": 0,
                                        "Local Hit Blocks": 0,
                                        "Local Read Blocks": 0,
                                        "Local Dirtied Blocks": 0,
                                        "Local Written Blocks": 0,
                                        "Temp Read Blocks": 0,
                                        "Temp Written Blocks": 0,
                                        "WAL Records": 0,
                                        "WAL FPI": 0,
                                        "WAL Bytes": 0,
                                        "Workers": [
                                            {
                                                "Worker Number": 0,
                                                "Actual Startup Time": 0.147,
                                                "Actual Total Time": 59.649,
                                                "Actual Rows": 2506,
                                                "Actual Loops": 1,
                                                "Shared Hit Blocks": 1166,
                                                "Shared Read Blocks": 5904,
                                                "Shared Dirtied Blocks": 0,
                                                "Shared Written Blocks": 0,
                                                "Local Hit Blocks": 0,
                                                "Local Read Blocks": 0,
                                                "Local Dirtied Blocks": 0,
                                                "Local Written Blocks": 0,
                                                "Temp Read Blocks": 0,
                                                "Temp Written Blocks": 0,
                                                "WAL Records": 0,
                                                "WAL FPI": 0,
                                                "WAL Bytes": 0
                                            },
                                            {
                                                "Worker Number": 1,
                                                "Actual Startup Time": 0.08,
                                                "Actual Total Time": 59.649,
                                                "Actual Rows": 2600,
                                                "Actual Loops": 1,
                                                "Shared Hit Blocks": 1183,
                                                "Shared Read Blocks": 5892,
                                                "Shared Dirtied Blocks": 0,
                                                "Shared Written Blocks": 0,
                                                "Local Hit Blocks": 0,
                                                "Local Read Blocks": 0,
                                                "Local Dirtied Blocks": 0,
                                                "Local Written Blocks": 0,
                                                "Temp Read Blocks": 0,
                                                "Temp Written Blocks": 0,
                                                "WAL Records": 0,
                                                "WAL FPI": 0,
                                                "WAL Bytes": 0
                                            }
                                        ]
                                    }
                                ]
                            },
                            "Settings": {},
                            "Planning": {
                                "Shared Hit Blocks": 0,
                                "Shared Read Blocks": 0,
                                "Shared Dirtied Blocks": 0,
                                "Shared Written Blocks": 0,
                                "Local Hit Blocks": 0,
                                "Local Read Blocks": 0,
                                "Local Dirtied Blocks": 0,
                                "Local Written Blocks": 0,
                                "Temp Read Blocks": 0,
                                "Temp Written Blocks": 0
                            },
                            "Planning Time": 0.029,
                            "Triggers": [],
                            "Execution Time": 62.723
                        },
                        "any_explanation": {
                            "Plan": {
                                "Node Type": "Seq Scan",
                                "Parallel Aware": false,
                                "Async Capable": false,
                                "Relation Name": "tests_benchmark_flagtester015",
                                "Schema": "public",
                                "Alias": "tests_benchmark_flagtester015",
                                "Startup Cost": 0.0,
                                "Total Cost": 81622.01,
                                "Plan Rows": 1333334,
                                "Plan Width": 12,
                                "Actual Startup Time": 0.009,
                                "Actual Total Time": 222.989,
                                "Actual Rows": 3992309,
                                "Actual Loops": 1,
                                "Output": [
                                    "id",
                                    "flags"
                                ],
                                "Filter": "((tests_benchmark_flagtester015.flags & 56077) > 0)",
                                "Rows Removed by Filter": 7692,
                                "Shared Hit Blocks": 3815,
                                "Shared Read Blocks": 17807,
                                "Shared Dirtied Blocks": 0,
                                "Shared Written Blocks": 0,
                                "Local Hit Blocks": 0,
                                "Local Read Blocks": 0,
                                "Local Dirtied Blocks": 0,
                                "Local Written Blocks": 0,
                                "Temp Read Blocks": 0,
                                "Temp Written Blocks": 0,
                                "WAL Records": 0,
                                "WAL FPI": 0,
                                "WAL Bytes": 0
                            },
                            "Settings": {},
                            "Planning": {
                                "Shared Hit Blocks": 0,
                                "Shared Read Blocks": 0,
                                "Shared Dirtied Blocks": 0,
                                "Shared Written Blocks": 0,
                                "Local Hit Blocks": 0,
                                "Local Read Blocks": 0,
                                "Local Dirtied Blocks": 0,
                                "Local Written Blocks": 0,
                                "Temp Read Blocks": 0,
                                "Temp Written Blocks": 0
                            },
                            "Planning Time": 0.027,
                            "Triggers": [],
                            "Execution Time": 304.514
                        },
                        "exact_explanation": {
                            "Plan": {
                                "Node Type": "Bitmap Heap Scan",
                                "Parallel Aware": false,
                                "Async Capable": false,
                                "Relation Name": "tests_benchmark_flagtester015",
                                "Schema": "public",
                                "Alias": "tests_benchmark_flagtester015",
                                "Startup Cost": 4.92,
                                "Total Cost": 247.5,
                                "Plan Rows": 63,
                                "Plan Width": 12,
                                "Actual Startup Time": 0.005,
                                "Actual Total Time": 0.013,
                                "Actual Rows": 49,
                                "Actual Loops": 1,
                                "Output": [
                                    "id",
                                    "flags"
                                ],
                                "Recheck Cond": "(tests_benchmark_flagtester015.flags = 56077)",
                                "Rows Removed by Index Recheck": 0,
                                "Exact Heap Blocks": 49,
                                "Lossy Heap Blocks": 0,
                                "Shared Hit Blocks": 52,
                                "Shared Read Blocks": 0,
                                "Shared Dirtied Blocks": 0,
                                "Shared Written Blocks": 0,
                                "Local Hit Blocks": 0,
                                "Local Read Blocks": 0,
                                "Local Dirtied Blocks": 0,
                                "Local Written Blocks": 0,
                                "Temp Read Blocks": 0,
                                "Temp Written Blocks": 0,
                                "WAL Records": 0,
                                "WAL FPI": 0,
                                "WAL Bytes": 0,
                                "Plans": [
                                    {
                                        "Node Type": "Bitmap Index Scan",
                                        "Parent Relationship": "Outer",
                                        "Parallel Aware": false,
                                        "Async Capable": false,
                                        "Index Name": "flag_idx",
                                        "Startup Cost": 0.0,
                                        "Total Cost": 4.9,
                                        "Plan Rows": 63,
                                        "Plan Width": 0,
                                        "Actual Startup Time": 0.003,
                                        "Actual Total Time": 0.003,
                                        "Actual Rows": 49,
                                        "Actual Loops": 1,
                                        "Index Cond": "(tests_benchmark_flagtester015.flags = 56077)",
                                        "Shared Hit Blocks": 3,
                                        "Shared Read Blocks": 0,
                                        "Shared Dirtied Blocks": 0,
                                        "Shared Written Blocks": 0,
                                        "Local Hit Blocks": 0,
                                        "Local Read Blocks": 0,
                                        "Local Dirtied Blocks": 0,
                                        "Local Written Blocks": 0,
                                        "Temp Read Blocks": 0,
                                        "Temp Written Blocks": 0,
                                        "WAL Records": 0,
                                        "WAL FPI": 0,
                                        "WAL Bytes": 0
                                    }
                                ]
                            },
                            "Settings": {},
                            "Planning": {
                                "Shared Hit Blocks": 0,
                                "Shared Read Blocks": 0,
                                "Shared Dirtied Blocks": 0,
                                "Shared Written Blocks": 0,
                                "Local Hit Blocks": 0,
                                "Local Read Blocks": 0,
                                "Local Dirtied Blocks": 0,
                                "Local Written Blocks": 0,
                                "Temp Read Blocks": 0,
                                "Temp Written Blocks": 0
                            },
                            "Planning Time": 0.009,
                            "Triggers": [],
                            "Execution Time": 0.018
                        },
                        "all_ftr_time": 0.06322889999999999,
                        "any_ftr_time": 0.3006376,
                        "exact_ftr_time": 2.01e-05
                    },
                    "6000000": {
                        "all_time": 0.09409703760175034,
                        "any_time": 0.1153195045000757,
                        "exact_time": 0.0035326998971868307,
                        "table_size": 442499072.0,
                        "index_time": 1.3402566250006203,
                        "all_explanation": {
                            "Plan": {
                                "Node Type": "Gather",
                                "Parallel Aware": false,
                                "Async Capable": false,
                                "Startup Cost": 1000.0,
                                "Total Cost": 73933.01,
                                "Plan Rows": 30000,
                                "Plan Width": 12,
                                "Actual Startup Time": 0.057,
                                "Actual Total Time": 100.26,
                                "Actual Rows": 23669,
                                "Actual Loops": 1,
                                "Output": [
                                    "id",
                                    "flags"
                                ],
                                "Workers Planned": 2,
                                "Workers Launched": 2,
                                "Single Copy": false,
                                "Shared Hit Blocks": 3904,
                                "Shared Read Blocks": 28529,
                                "Shared Dirtied Blocks": 0,
                                "Shared Written Blocks": 0,
                                "Local Hit Blocks": 0,
                                "Local Read Blocks": 0,
                                "Local Dirtied Blocks": 0,
                                "Local Written Blocks": 0,
                                "Temp Read Blocks": 0,
                                "Temp Written Blocks": 0,
                                "WAL Records": 0,
                                "WAL FPI": 0,
                                "WAL Bytes": 0,
                                "Plans": [
                                    {
                                        "Node Type": "Seq Scan",
                                        "Parent Relationship": "Outer",
                                        "Parallel Aware": true,
                                        "Async Capable": false,
                                        "Relation Name": "tests_benchmark_flagtester015",
                                        "Schema": "public",
                                        "Alias": "tests_benchmark_flagtester015",
                                        "Startup Cost": 0.0,
                                        "Total Cost": 69933.01,
                                        "Plan Rows": 12500,
                                        "Plan Width": 12,
                                        "Actual Startup Time": 0.021,
                                        "Actual Total Time": 97.852,
                                        "Actual Rows": 7890,
                                        "Actual Loops": 3,
                                        "Output": [
                                            "id",
                                            "flags"
                                        ],
                                        "Filter": "((tests_benchmark_flagtester015.flags & 36412) = 36412)",
                                        "Rows Removed by Filter": 1992111,
                                        "Shared Hit Blocks": 3904,
                                        "Shared Read Blocks": 28529,
                                        "Shared Dirtied Blocks": 0,
                                        "Shared Written Blocks": 0,
                                        "Local Hit Blocks": 0,
                                        "Local Read Blocks": 0,
                                        "Local Dirtied Blocks": 0,
                                        "Local Written Blocks": 0,
                                        "Temp Read Blocks": 0,
                                        "Temp Written Blocks": 0,
                                        "WAL Records": 0,
                                        "WAL FPI": 0,
                                        "WAL Bytes": 0,
                                        "Workers": [
                                            {
                                                "Worker Number": 0,
                                                "Actual Startup Time": 0.025,
                                                "Actual Total Time": 97.519,
                                                "Actual Rows": 7836,
                                                "Actual Loops": 1,
                                                "Shared Hit Blocks": 1256,
                                                "Shared Read Blocks": 9438,
                                                "Shared Dirtied Blocks": 0,
                                                "Shared Written Blocks": 0,
                                                "Local Hit Blocks": 0,
                                                "Local Read Blocks": 0,
                                                "Local Dirtied Blocks": 0,
                                                "Local Written Blocks": 0,
                                                "Temp Read Blocks": 0,
                                                "Temp Written Blocks": 0,
                                                "WAL Records": 0,
                                                "WAL FPI": 0,
                                                "WAL Bytes": 0
                                            },
                                            {
                                                "Worker Number": 1,
                                                "Actual Startup Time": 0.027,
                                                "Actual Total Time": 97.576,
                                                "Actual Rows": 7791,
                                                "Actual Loops": 1,
                                                "Shared Hit Blocks": 1282,
                                                "Shared Read Blocks": 9405,
                                                "Shared Dirtied Blocks": 0,
                                                "Shared Written Blocks": 0,
                                                "Local Hit Blocks": 0,
                                                "Local Read Blocks": 0,
                                                "Local Dirtied Blocks": 0,
                                                "Local Written Blocks": 0,
                                                "Temp Read Blocks": 0,
                                                "Temp Written Blocks": 0,
                                                "WAL Records": 0,
                                                "WAL FPI": 0,
                                                "WAL Bytes": 0
                                            }
                                        ]
                                    }
                                ]
                            },
                            "Settings": {},
                            "Planning": {
                                "Shared Hit Blocks": 0,
                                "Shared Read Blocks": 0,
                                "Shared Dirtied Blocks": 0,
                                "Shared Written Blocks": 0,
                                "Local Hit Blocks": 0,
                                "Local Read Blocks": 0,
                                "Local Dirtied Blocks": 0,
                                "Local Written Blocks": 0,
                                "Temp Read Blocks": 0,
                                "Temp Written Blocks": 0
                            },
                            "Planning Time": 0.026,
                            "Triggers": [],
                            "Execution Time": 100.799
                        },
                        "any_explanation": {
                            "Plan": {
                                "Node Type": "Seq Scan",
                                "Parallel Aware": false,
                                "Async Capable": false,
                                "Relation Name": "tests_benchmark_flagtester015",
                                "Schema": "public",
                                "Alias": "tests_benchmark_flagtester015",
                                "Startup Cost": 0.0,
                                "Total Cost": 122433.01,
                                "Plan Rows": 2000000,
                                "Plan Width": 12,
                                "Actual Startup Time": 0.01,
                                "Actual Total Time": 330.547,
                                "Actual Rows": 5976516,
                                "Actual Loops": 1,
                                "Output": [
                                    "id",
                                    "flags"
                                ],
                                "Filter": "((tests_benchmark_flagtester015.flags & 36412) > 0)",
                                "Rows Removed by Filter": 23485,
                                "Shared Hit Blocks": 4096,
                                "Shared Read Blocks": 28337,
                                "Shared Dirtied Blocks": 0,
                                "Shared Written Blocks": 0,
                                "Local Hit Blocks": 0,
                                "Local Read Blocks": 0,
                                "Local Dirtied Blocks": 0,
                                "Local Written Blocks": 0,
                                "Temp Read Blocks": 0,
                                "Temp Written Blocks": 0,
                                "WAL Records": 0,
                                "WAL FPI": 0,
                                "WAL Bytes": 0
                            },
                            "Settings": {},
                            "Planning": {
                                "Shared Hit Blocks": 0,
                                "Shared Read Blocks": 0,
                                "Shared Dirtied Blocks": 0,
                                "Shared Written Blocks": 0,
                                "Local Hit Blocks": 0,
                                "Local Read Blocks": 0,
                                "Local Dirtied Blocks": 0,
                                "Local Written Blocks": 0,
                                "Temp Read Blocks": 0,
                                "Temp Written Blocks": 0
                            },
                            "Planning Time": 0.038,
                            "Triggers": [],
                            "Execution Time": 452.667
                        },
                        "exact_explanation": {
                            "Plan": {
                                "Node Type": "Bitmap Heap Scan",
                                "Parallel Aware": false,
                                "Async Capable": false,
                                "Relation Name": "tests_benchmark_flagtester015",
                                "Schema": "public",
                                "Alias": "tests_benchmark_flagtester015",
                                "Startup Cost": 5.15,
                                "Total Cost": 359.6,
                                "Plan Rows": 92,
                                "Plan Width": 12,
                                "Actual Startup Time": 0.009,
                                "Actual Total Time": 0.03,
                                "Actual Rows": 122,
                                "Actual Loops": 1,
                                "Output": [
                                    "id",
                                    "flags"
                                ],
                                "Recheck Cond": "(tests_benchmark_flagtester015.flags = 36412)",
                                "Rows Removed by Index Recheck": 0,
                                "Exact Heap Blocks": 122,
                                "Lossy Heap Blocks": 0,
                                "Shared Hit Blocks": 125,
                                "Shared Read Blocks": 0,
                                "Shared Dirtied Blocks": 0,
                                "Shared Written Blocks": 0,
                                "Local Hit Blocks": 0,
                                "Local Read Blocks": 0,
                                "Local Dirtied Blocks": 0,
                                "Local Written Blocks": 0,
                                "Temp Read Blocks": 0,
                                "Temp Written Blocks": 0,
                                "WAL Records": 0,
                                "WAL FPI": 0,
                                "WAL Bytes": 0,
                                "Plans": [
                                    {
                                        "Node Type": "Bitmap Index Scan",
                                        "Parent Relationship": "Outer",
                                        "Parallel Aware": false,
                                        "Async Capable": false,
                                        "Index Name": "flag_idx",
                                        "Startup Cost": 0.0,
                                        "Total Cost": 5.12,
                                        "Plan Rows": 92,
                                        "Plan Width": 0,
                                        "Actual Startup Time": 0.004,
                                        "Actual Total Time": 0.004,
                                        "Actual Rows": 122,
                                        "Actual Loops": 1,
                                        "Index Cond": "(tests_benchmark_flagtester015.flags = 36412)",
                                        "Shared Hit Blocks": 3,
                                        "Shared Read Blocks": 0,
                                        "Shared Dirtied Blocks": 0,
                                        "Shared Written Blocks": 0,
                                        "Local Hit Blocks": 0,
                                        "Local Read Blocks": 0,
                                        "Local Dirtied Blocks": 0,
                                        "Local Written Blocks": 0,
                                        "Temp Read Blocks": 0,
                                        "Temp Written Blocks": 0,
                                        "WAL Records": 0,
                                        "WAL FPI": 0,
                                        "WAL Bytes": 0
                                    }
                                ]
                            },
                            "Settings": {},
                            "Planning": {
                                "Shared Hit Blocks": 0,
                                "Shared Read Blocks": 0,
                                "Shared Dirtied Blocks": 0,
                                "Shared Written Blocks": 0,
                                "Local Hit Blocks": 0,
                                "Local Read Blocks": 0,
                                "Local Dirtied Blocks": 0,
                                "Local Written Blocks": 0,
                                "Temp Read Blocks": 0,
                                "Temp Written Blocks": 0
                            },
                            "Planning Time": 0.01,
                            "Triggers": [],
                            "Execution Time": 0.036
                        },
                        "all_ftr_time": 0.0954324,
                        "any_ftr_time": 0.4442586,
                        "exact_ftr_time": 2.8099999999999995e-05
                    },
                    "8000000": {
                        "all_time": 0.12346317100018496,
                        "any_time": 0.15245375000085915,
                        "exact_time": 0.003146483103046194,
                        "table_size": 591396864.0,
                        "index_time": 1.7696371669881046,
                        "all_explanation": {
                            "Plan": {
                                "Node Type": "Gather",
                                "Parallel Aware": false,
                                "Async Capable": false,
                                "Startup Cost": 1000.0,
                                "Total Cost": 98244.01,
                                "Plan Rows": 40000,
                                "Plan Width": 12,
                                "Actual Startup Time": 0.058,
                                "Actual Total Time": 122.729,
                                "Actual Rows": 62953,
                                "Actual Loops": 1,
                                "Output": [
                                    "id",
                                    "flags"
                                ],
                                "Workers Planned": 2,
                                "Workers Launched": 2,
                                "Single Copy": false,
                                "Shared Hit Blocks": 4138,
                                "Shared Read Blocks": 39106,
                                "Shared Dirtied Blocks": 0,
                                "Shared Written Blocks": 0,
                                "Local Hit Blocks": 0,
                                "Local Read Blocks": 0,
                                "Local Dirtied Blocks": 0,
                                "Local Written Blocks": 0,
                                "Temp Read Blocks": 0,
                                "Temp Written Blocks": 0,
                                "WAL Records": 0,
                                "WAL FPI": 0,
                                "WAL Bytes": 0,
                                "Plans": [
                                    {
                                        "Node Type": "Seq Scan",
                                        "Parent Relationship": "Outer",
                                        "Parallel Aware": true,
                                        "Async Capable": false,
                                        "Relation Name": "tests_benchmark_flagtester015",
                                        "Schema": "public",
                                        "Alias": "tests_benchmark_flagtester015",
                                        "Startup Cost": 0.0,
                                        "Total Cost": 93244.01,
                                        "Plan Rows": 16667,
                                        "Plan Width": 12,
                                        "Actual Startup Time": 0.025,
                                        "Actual Total Time": 119.92,
                                        "Actual Rows": 20984,
                                        "Actual Loops": 3,
                                        "Output": [
                                            "id",
                                            "flags"
                                        ],
                                        "Filter": "((tests_benchmark_flagtester015.flags & 9464) = 9464)",
                                        "Rows Removed by Filter": 2645683,
                                        "Shared Hit Blocks": 4138,
                                        "Shared Read Blocks": 39106,
                                        "Shared Dirtied Blocks": 0,
                                        "Shared Written Blocks": 0,
                                        "Local Hit Blocks": 0,
                                        "Local Read Blocks": 0,
                                        "Local Dirtied Blocks": 0,
                                        "Local Written Blocks": 0,
                                        "Temp Read Blocks": 0,
                                        "Temp Written Blocks": 0,
                                        "WAL Records": 0,
                                        "WAL FPI": 0,
                                        "WAL Bytes": 0,
                                        "Workers": [
                                            {
                                                "Worker Number": 0,
                                                "Actual Startup Time": 0.04,
                                                "Actual Total Time": 120.139,
                                                "Actual Rows": 20998,
                                                "Actual Loops": 1,
                                                "Shared Hit Blocks": 1346,
                                                "Shared Read Blocks": 13013,
                                                "Shared Dirtied Blocks": 0,
                                                "Shared Written Blocks": 0,
                                                "Local Hit Blocks": 0,
                                                "Local Read Blocks": 0,
                                                "Local Dirtied Blocks": 0,
                                                "Local Written Blocks": 0,
                                                "Temp Read Blocks": 0,
                                                "Temp Written Blocks": 0,
                                                "WAL Records": 0,
                                                "WAL FPI": 0,
                                                "WAL Bytes": 0
                                            },
                                            {
                                                "Worker Number": 1,
                                                "Actual Startup Time": 0.026,
                                                "Actual Total Time": 120.13,
                                                "Actual Rows": 20780,
                                                "Actual Loops": 1,
                                                "Shared Hit Blocks": 1345,
                                                "Shared Read Blocks": 13004,
                                                "Shared Dirtied Blocks": 0,
                                                "Shared Written Blocks": 0,
                                                "Local Hit Blocks": 0,
                                                "Local Read Blocks": 0,
                                                "Local Dirtied Blocks": 0,
                                                "Local Written Blocks": 0,
                                                "Temp Read Blocks": 0,
                                                "Temp Written Blocks": 0,
                                                "WAL Records": 0,
                                                "WAL FPI": 0,
                                                "WAL Bytes": 0
                                            }
                                        ]
                                    }
                                ]
                            },
                            "Settings": {},
                            "Planning": {
                                "Shared Hit Blocks": 0,
                                "Shared Read Blocks": 0,
                                "Shared Dirtied Blocks": 0,
                                "Shared Written Blocks": 0,
                                "Local Hit Blocks": 0,
                                "Local Read Blocks": 0,
                                "Local Dirtied Blocks": 0,
                                "Local Written Blocks": 0,
                                "Temp Read Blocks": 0,
                                "Temp Written Blocks": 0
                            },
                            "Planning Time": 0.027,
                            "Triggers": [],
                            "Execution Time": 124.131
                        },
                        "any_explanation": {
                            "Plan": {
                                "Node Type": "Seq Scan",
                                "Parallel Aware": false,
                                "Async Capable": false,
                                "Relation Name": "tests_benchmark_flagtester015",
                                "Schema": "public",
                                "Alias": "tests_benchmark_flagtester015",
                                "Startup Cost": 0.0,
                                "Total Cost": 163244.02,
                                "Plan Rows": 2666667,
                                "Plan Width": 12,
                                "Actual Startup Time": 0.006,
                                "Actual Total Time": 438.45,
                                "Actual Rows": 7937010,
                                "Actual Loops": 1,
                                "Output": [
                                    "id",
                                    "flags"
                                ],
                                "Filter": "((tests_benchmark_flagtester015.flags & 9464) > 0)",
                                "Rows Removed by Filter": 62991,
                                "Shared Hit Blocks": 4330,
                                "Shared Read Blocks": 38914,
                                "Shared Dirtied Blocks": 0,
                                "Shared Written Blocks": 0,
                                "Local Hit Blocks": 0,
                                "Local Read Blocks": 0,
                                "Local Dirtied Blocks": 0,
                                "Local Written Blocks": 0,
                                "Temp Read Blocks": 0,
                                "Temp Written Blocks": 0,
                                "WAL Records": 0,
                                "WAL FPI": 0,
                                "WAL Bytes": 0
                            },
                            "Settings": {},
                            "Planning": {
                                "Shared Hit Blocks": 0,
                                "Shared Read Blocks": 0,
                                "Shared Dirtied Blocks": 0,
                                "Shared Written Blocks": 0,
                                "Local Hit Blocks": 0,
                                "Local Read Blocks": 0,
                                "Local Dirtied Blocks": 0,
                                "Local Written Blocks": 0,
                                "Temp Read Blocks": 0,
                                "Temp Written Blocks": 0
                            },
                            "Planning Time": 0.027,
                            "Triggers": [],
                            "Execution Time": 601.265
                        },
                        "exact_explanation": {
                            "Plan": {
                                "Node Type": "Bitmap Heap Scan",
                                "Parallel Aware": false,
                                "Async Capable": false,
                                "Relation Name": "tests_benchmark_flagtester015",
                                "Schema": "public",
                                "Alias": "tests_benchmark_flagtester015",
                                "Startup Cost": 5.39,
                                "Total Cost": 479.24,
                                "Plan Rows": 123,
                                "Plan Width": 12,
                                "Actual Startup Time": 0.009,
                                "Actual Total Time": 0.028,
                                "Actual Rows": 122,
                                "Actual Loops": 1,
                                "Output": [
                                    "id",
                                    "flags"
                                ],
                                "Recheck Cond": "(tests_benchmark_flagtester015.flags = 9464)",
                                "Rows Removed by Index Recheck": 0,
                                "Exact Heap Blocks": 121,
                                "Lossy Heap Blocks": 0,
                                "Shared Hit Blocks": 124,
                                "Shared Read Blocks": 0,
                                "Shared Dirtied Blocks": 0,
                                "Shared Written Blocks": 0,
                                "Local Hit Blocks": 0,
                                "Local Read Blocks": 0,
                                "Local Dirtied Blocks": 0,
                                "Local Written Blocks": 0,
                                "Temp Read Blocks": 0,
                                "Temp Written Blocks": 0,
                                "WAL Records": 0,
                                "WAL FPI": 0,
                                "WAL Bytes": 0,
                                "Plans": [
                                    {
                                        "Node Type": "Bitmap Index Scan",
                                        "Parent Relationship": "Outer",
                                        "Parallel Aware": false,
                                        "Async Capable": false,
                                        "Index Name": "flag_idx",
                                        "Startup Cost": 0.0,
                                        "Total Cost": 5.36,
                                        "Plan Rows": 123,
                                        "Plan Width": 0,
                                        "Actual Startup Time": 0.004,
                                        "Actual Total Time": 0.004,
                                        "Actual Rows": 122,
                                        "Actual Loops": 1,
                                        "Index Cond": "(tests_benchmark_flagtester015.flags = 9464)",
                                        "Shared Hit Blocks": 3,
                                        "Shared Read Blocks": 0,
                                        "Shared Dirtied Blocks": 0,
                                        "Shared Written Blocks": 0,
                                        "Local Hit Blocks": 0,
                                        "Local Read Blocks": 0,
                                        "Local Dirtied Blocks": 0,
                                        "Local Written Blocks": 0,
                                        "Temp Read Blocks": 0,
                                        "Temp Written Blocks": 0,
                                        "WAL Records": 0,
                                        "WAL FPI": 0,
                                        "WAL Bytes": 0
                                    }
                                ]
                            },
                            "Settings": {},
                            "Planning": {
                                "Shared Hit Blocks": 0,
                                "Shared Read Blocks": 0,
                                "Shared Dirtied Blocks": 0,
                                "Shared Written Blocks": 0,
                                "Local Hit Blocks": 0,
                                "Local Read Blocks": 0,
                                "Local Dirtied Blocks": 0,
                                "Local Written Blocks": 0,
                                "Temp Read Blocks": 0,
                                "Temp Written Blocks": 0
                            },
                            "Planning Time": 0.009,
                            "Triggers": [],
                            "Execution Time": 0.033
                        },
                        "all_ftr_time": 0.1243572,
                        "any_ftr_time": 0.5962845,
                        "exact_ftr_time": 3.3600000000000004e-05
                    },
                    "10000000": {
                        "all_time": 0.1559212205989752,
                        "any_time": 0.19811121270031434,
                        "exact_time": 0.003160325199132785,
                        "table_size": 736100352.0,
                        "index_time": 2.2250699589931173,
                        "all_explanation": {
                            "Plan": {
                                "Node Type": "Gather",
                                "Parallel Aware": false,
                                "Async Capable": false,
                                "Startup Cost": 1000.0,
                                "Total Cost": 122555.01,
                                "Plan Rows": 50000,
                                "Plan Width": 12,
                                "Actual Startup Time": 0.14,
                                "Actual Total Time": 154.887,
                                "Actual Rows": 19595,
                                "Actual Loops": 1,
                                "Output": [
                                    "id",
                                    "flags"
                                ],
                                "Workers Planned": 2,
                                "Workers Launched": 2,
                                "Single Copy": false,
                                "Shared Hit Blocks": 4372,
                                "Shared Read Blocks": 49683,
                                "Shared Dirtied Blocks": 0,
                                "Shared Written Blocks": 0,
                                "Local Hit Blocks": 0,
                                "Local Read Blocks": 0,
                                "Local Dirtied Blocks": 0,
                                "Local Written Blocks": 0,
                                "Temp Read Blocks": 0,
                                "Temp Written Blocks": 0,
                                "WAL Records": 0,
                                "WAL FPI": 0,
                                "WAL Bytes": 0,
                                "Plans": [
                                    {
                                        "Node Type": "Seq Scan",
                                        "Parent Relationship": "Outer",
                                        "Parallel Aware": true,
                                        "Async Capable": false,
                                        "Relation Name": "tests_benchmark_flagtester015",
                                        "Schema": "public",
                                        "Alias": "tests_benchmark_flagtester015",
                                        "Startup Cost": 0.0,
                                        "Total Cost": 116555.01,
                                        "Plan Rows": 20833,
                                        "Plan Width": 12,
                                        "Actual Startup Time": 0.051,
                                        "Actual Total Time": 152.156,
                                        "Actual Rows": 6532,
                                        "Actual Loops": 3,
                                        "Output": [
                                            "id",
                                            "flags"
                                        ],
                                        "Filter": "((tests_benchmark_flagtester015.flags & 21821) = 21821)",
                                        "Rows Removed by Filter": 3326802,
                                        "Shared Hit Blocks": 4372,
                                        "Shared Read Blocks": 49683,
                                        "Shared Dirtied Blocks": 0,
                                        "Shared Written Blocks": 0,
                                        "Local Hit Blocks": 0,
                                        "Local Read Blocks": 0,
                                        "Local Dirtied Blocks": 0,
                                        "Local Written Blocks": 0,
                                        "Temp Read Blocks": 0,
                                        "Temp Written Blocks": 0,
                                        "WAL Records": 0,
                                        "WAL FPI": 0,
                                        "WAL Bytes": 0,
                                        "Workers": [
                                            {
                                                "Worker Number": 0,
                                                "Actual Startup Time": 0.05,
                                                "Actual Total Time": 151.704,
                                                "Actual Rows": 6499,
                                                "Actual Loops": 1,
                                                "Shared Hit Blocks": 1401,
                                                "Shared Read Blocks": 16481,
                                                "Shared Dirtied Blocks": 0,
                                                "Shared Written Blocks": 0,
                                                "Local Hit Blocks": 0,
                                                "Local Read Blocks": 0,
                                                "Local Dirtied Blocks": 0,
                                                "Local Written Blocks": 0,
                                                "Temp Read Blocks": 0,
                                                "Temp Written Blocks": 0,
                                                "WAL Records": 0,
                                                "WAL FPI": 0,
                                                "WAL Bytes": 0
                                            },
                                            {
                                                "Worker Number": 1,
                                                "Actual Startup Time": 0.031,
                                                "Actual Total Time": 151.706,
                                                "Actual Rows": 6448,
                                                "Actual Loops": 1,
                                                "Shared Hit Blocks": 1411,
                                                "Shared Read Blocks": 16439,
                                                "Shared Dirtied Blocks": 0,
                                                "Shared Written Blocks": 0,
                                                "Local Hit Blocks": 0,
                                                "Local Read Blocks": 0,
                                                "Local Dirtied Blocks": 0,
                                                "Local Written Blocks": 0,
                                                "Temp Read Blocks": 0,
                                                "Temp Written Blocks": 0,
                                                "WAL Records": 0,
                                                "WAL FPI": 0,
                                                "WAL Bytes": 0
                                            }
                                        ]
                                    }
                                ]
                            },
                            "Settings": {},
                            "Planning": {
                                "Shared Hit Blocks": 0,
                                "Shared Read Blocks": 0,
                                "Shared Dirtied Blocks": 0,
                                "Shared Written Blocks": 0,
                                "Local Hit Blocks": 0,
                                "Local Read Blocks": 0,
                                "Local Dirtied Blocks": 0,
                                "Local Written Blocks": 0,
                                "Temp Read Blocks": 0,
                                "Temp Written Blocks": 0
                            },
                            "Planning Time": 0.036,
                            "Triggers": [],
                            "Execution Time": 155.349
                        },
                        "any_explanation": {
                            "Plan": {
                                "Node Type": "Seq Scan",
                                "Parallel Aware": false,
                                "Async Capable": false,
                                "Relation Name": "tests_benchmark_flagtester015",
                                "Schema": "public",
                                "Alias": "tests_benchmark_flagtester015",
                                "Startup Cost": 0.0,
                                "Total Cost": 204055.01,
                                "Plan Rows": 3333334,
                                "Plan Width": 12,
                                "Actual Startup Time": 0.014,
                                "Actual Total Time": 554.711,
                                "Actual Rows": 9980586,
                                "Actual Loops": 1,
                                "Output": [
                                    "id",
                                    "flags"
                                ],
                                "Filter": "((tests_benchmark_flagtester015.flags & 21821) > 0)",
                                "Rows Removed by Filter": 19415,
                                "Shared Hit Blocks": 4564,
                                "Shared Read Blocks": 49491,
                                "Shared Dirtied Blocks": 0,
                                "Shared Written Blocks": 0,
                                "Local Hit Blocks": 0,
                                "Local Read Blocks": 0,
                                "Local Dirtied Blocks": 0,
                                "Local Written Blocks": 0,
                                "Temp Read Blocks": 0,
                                "Temp Written Blocks": 0,
                                "WAL Records": 0,
                                "WAL FPI": 0,
                                "WAL Bytes": 0
                            },
                            "Settings": {},
                            "Planning": {
                                "Shared Hit Blocks": 0,
                                "Shared Read Blocks": 0,
                                "Shared Dirtied Blocks": 0,
                                "Shared Written Blocks": 0,
                                "Local Hit Blocks": 0,
                                "Local Read Blocks": 0,
                                "Local Dirtied Blocks": 0,
                                "Local Written Blocks": 0,
                                "Temp Read Blocks": 0,
                                "Temp Written Blocks": 0
                            },
                            "Planning Time": 0.034,
                            "Triggers": [],
                            "Execution Time": 759.172
                        },
                        "exact_explanation": {
                            "Plan": {
                                "Node Type": "Bitmap Heap Scan",
                                "Parallel Aware": false,
                                "Async Capable": false,
                                "Relation Name": "tests_benchmark_flagtester015",
                                "Schema": "public",
                                "Alias": "tests_benchmark_flagtester015",
                                "Startup Cost": 5.64,
                                "Total Cost": 602.67,
                                "Plan Rows": 155,
                                "Plan Width": 12,
                                "Actual Startup Time": 0.009,
                                "Actual Total Time": 0.03,
                                "Actual Rows": 131,
                                "Actual Loops": 1,
                                "Output": [
                                    "id",
                                    "flags"
                                ],
                                "Recheck Cond": "(tests_benchmark_flagtester015.flags = 21821)",
                                "Rows Removed by Index Recheck": 0,
                                "Exact Heap Blocks": 131,
                                "Lossy Heap Blocks": 0,
                                "Shared Hit Blocks": 134,
                                "Shared Read Blocks": 0,
                                "Shared Dirtied Blocks": 0,
                                "Shared Written Blocks": 0,
                                "Local Hit Blocks": 0,
                                "Local Read Blocks": 0,
                                "Local Dirtied Blocks": 0,
                                "Local Written Blocks": 0,
                                "Temp Read Blocks": 0,
                                "Temp Written Blocks": 0,
                                "WAL Records": 0,
                                "WAL FPI": 0,
                                "WAL Bytes": 0,
                                "Plans": [
                                    {
                                        "Node Type": "Bitmap Index Scan",
                                        "Parent Relationship": "Outer",
                                        "Parallel Aware": false,
                                        "Async Capable": false,
                                        "Index Name": "flag_idx",
                                        "Startup Cost": 0.0,
                                        "Total Cost": 5.6,
                                        "Plan Rows": 155,
                                        "Plan Width": 0,
                                        "Actual Startup Time": 0.004,
                                        "Actual Total Time": 0.004,
                                        "Actual Rows": 131,
                                        "Actual Loops": 1,
                                        "Index Cond": "(tests_benchmark_flagtester015.flags = 21821)",
                                        "Shared Hit Blocks": 3,
                                        "Shared Read Blocks": 0,
                                        "Shared Dirtied Blocks": 0,
                                        "Shared Written Blocks": 0,
                                        "Local Hit Blocks": 0,
                                        "Local Read Blocks": 0,
                                        "Local Dirtied Blocks": 0,
                                        "Local Written Blocks": 0,
                                        "Temp Read Blocks": 0,
                                        "Temp Written Blocks": 0,
                                        "WAL Records": 0,
                                        "WAL FPI": 0,
                                        "WAL Bytes": 0
                                    }
                                ]
                            },
                            "Settings": {},
                            "Planning": {
                                "Shared Hit Blocks": 0,
                                "Shared Read Blocks": 0,
                                "Shared Dirtied Blocks": 0,
                                "Shared Written Blocks": 0,
                                "Local Hit Blocks": 0,
                                "Local Read Blocks": 0,
                                "Local Dirtied Blocks": 0,
                                "Local Written Blocks": 0,
                                "Temp Read Blocks": 0,
                                "Temp Written Blocks": 0
                            },
                            "Planning Time": 0.008,
                            "Triggers": [],
                            "Execution Time": 0.035
                        },
                        "all_ftr_time": 0.15878409999999996,
                        "any_ftr_time": 0.7584268,
                        "exact_ftr_time": 4.009999999999999e-05
                    },
                    "20000000": {
                        "all_time": 0.31052264570462285,
                        "any_time": 0.37904394599900115,
                        "exact_time": 0.004283641499932855,
                        "table_size": 1472200704.0,
                        "index_time": 5.70989675000601,
                        "all_explanation": {
                            "Plan": {
                                "Node Type": "Gather",
                                "Parallel Aware": false,
                                "Async Capable": false,
                                "Startup Cost": 1000.0,
                                "Total Cost": 244109.0,
                                "Plan Rows": 100000,
                                "Plan Width": 12,
                                "Actual Startup Time": 0.132,
                                "Actual Total Time": 364.621,
                                "Actual Rows": 625261,
                                "Actual Loops": 1,
                                "Output": [
                                    "id",
                                    "flags"
                                ],
                                "Workers Planned": 2,
                                "Workers Launched": 2,
                                "Single Copy": false,
                                "Shared Hit Blocks": 5742,
                                "Shared Read Blocks": 102367,
                                "Shared Dirtied Blocks": 0,
                                "Shared Written Blocks": 0,
                                "Local Hit Blocks": 0,
                                "Local Read Blocks": 0,
                                "Local Dirtied Blocks": 0,
                                "Local Written Blocks": 0,
                                "Temp Read Blocks": 0,
                                "Temp Written Blocks": 0,
                                "WAL Records": 0,
                                "WAL FPI": 0,
                                "WAL Bytes": 0,
                                "Plans": [
                                    {
                                        "Node Type": "Seq Scan",
                                        "Parent Relationship": "Outer",
                                        "Parallel Aware": true,
                                        "Async Capable": false,
                                        "Relation Name": "tests_benchmark_flagtester015",
                                        "Schema": "public",
                                        "Alias": "tests_benchmark_flagtester015",
                                        "Startup Cost": 0.0,
                                        "Total Cost": 233109.0,
                                        "Plan Rows": 41667,
                                        "Plan Width": 12,
                                        "Actual Startup Time": 0.015,
                                        "Actual Total Time": 356.693,
                                        "Actual Rows": 208420,
                                        "Actual Loops": 3,
                                        "Output": [
                                            "id",
                                            "flags"
                                        ],
                                        "Filter": "((tests_benchmark_flagtester015.flags & 16808) = 16808)",
                                        "Rows Removed by Filter": 6458247,
                                        "Shared Hit Blocks": 5742,
                                        "Shared Read Blocks": 102367,
                                        "Shared Dirtied Blocks": 0,
                                        "Shared Written Blocks": 0,
                                        "Local Hit Blocks": 0,
                                        "Local Read Blocks": 0,
                                        "Local Dirtied Blocks": 0,
                                        "Local Written Blocks": 0,
                                        "Temp Read Blocks": 0,
                                        "Temp Written Blocks": 0,
                                        "WAL Records": 0,
                                        "WAL FPI": 0,
                                        "WAL Bytes": 0,
                                        "Workers": [
                                            {
                                                "Worker Number": 0,
                                                "Actual Startup Time": 0.031,
                                                "Actual Total Time": 364.938,
                                                "Actual Rows": 211960,
                                                "Actual Loops": 1,
                                                "Shared Hit Blocks": 1901,
                                                "Shared Read Blocks": 34771,
                                                "Shared Dirtied Blocks": 0,
                                                "Shared Written Blocks": 0,
                                                "Local Hit Blocks": 0,
                                                "Local Read Blocks": 0,
                                                "Local Dirtied Blocks": 0,
                                                "Local Written Blocks": 0,
                                                "Temp Read Blocks": 0,
                                                "Temp Written Blocks": 0,
                                                "WAL Records": 0,
                                                "WAL FPI": 0,
                                                "WAL Bytes": 0
                                            },
                                            {
                                                "Worker Number": 1,
                                                "Actual Startup Time": 0.006,
                                                "Actual Total Time": 365.007,
                                                "Actual Rows": 211867,
                                                "Actual Loops": 1,
                                                "Shared Hit Blocks": 1946,
                                                "Shared Read Blocks": 34699,
                                                "Shared Dirtied Blocks": 0,
                                                "Shared Written Blocks": 0,
                                                "Local Hit Blocks": 0,
                                                "Local Read Blocks": 0,
                                                "Local Dirtied Blocks": 0,
                                                "Local Written Blocks": 0,
                                                "Temp Read Blocks": 0,
                                                "Temp Written Blocks": 0,
                                                "WAL Records": 0,
                                                "WAL FPI": 0,
                                                "WAL Bytes": 0
                                            }
                                        ]
                                    }
                                ]
                            },
                            "Settings": {},
                            "Planning": {
                                "Shared Hit Blocks": 0,
                                "Shared Read Blocks": 0,
                                "Shared Dirtied Blocks": 0,
                                "Shared Written Blocks": 0,
                                "Local Hit Blocks": 0,
                                "Local Read Blocks": 0,
                                "Local Dirtied Blocks": 0,
                                "Local Written Blocks": 0,
                                "Temp Read Blocks": 0,
                                "Temp Written Blocks": 0
                            },
                            "Planning Time": 0.038,
                            "Triggers": [],
                            "Execution Time": 378.43
                        },
                        "any_explanation": {
                            "Plan": {
                                "Node Type": "Seq Scan",
                                "Parallel Aware": false,
                                "Async Capable": false,
                                "Relation Name": "tests_benchmark_flagtester015",
                                "Schema": "public",
                                "Alias": "tests_benchmark_flagtester015",
                                "Startup Cost": 0.0,
                                "Total Cost": 408109.0,
                                "Plan Rows": 6666667,
                                "Plan Width": 12,
                                "Actual Startup Time": 0.008,
                                "Actual Total Time": 1188.392,
                                "Actual Rows": 19374263,
                                "Actual Loops": 1,
                                "Output": [
                                    "id",
                                    "flags"
                                ],
                                "Filter": "((tests_benchmark_flagtester015.flags & 16808) > 0)",
                                "Rows Removed by Filter": 625738,
                                "Shared Hit Blocks": 5934,
                                "Shared Read Blocks": 102175,
                                "Shared Dirtied Blocks": 0,
                                "Shared Written Blocks": 0,
                                "Local Hit Blocks": 0,
                                "Local Read Blocks": 0,
                                "Local Dirtied Blocks": 0,
                                "Local Written Blocks": 0,
                                "Temp Read Blocks": 0,
                                "Temp Written Blocks": 0,
                                "WAL Records": 0,
                                "WAL FPI": 0,
                                "WAL Bytes": 0
                            },
                            "Settings": {},
                            "Planning": {
                                "Shared Hit Blocks": 0,
                                "Shared Read Blocks": 0,
                                "Shared Dirtied Blocks": 0,
                                "Shared Written Blocks": 0,
                                "Local Hit Blocks": 0,
                                "Local Read Blocks": 0,
                                "Local Dirtied Blocks": 0,
                                "Local Written Blocks": 0,
                                "Temp Read Blocks": 0,
                                "Temp Written Blocks": 0
                            },
                            "Planning Time": 0.037,
                            "Triggers": [],
                            "Execution Time": 1608.154
                        },
                        "exact_explanation": {
                            "Plan": {
                                "Node Type": "Bitmap Heap Scan",
                                "Parallel Aware": false,
                                "Async Capable": false,
                                "Relation Name": "tests_benchmark_flagtester015",
                                "Schema": "public",
                                "Alias": "tests_benchmark_flagtester015",
                                "Startup Cost": 6.74,
                                "Total Cost": 1151.75,
                                "Plan Rows": 297,
                                "Plan Width": 12,
                                "Actual Startup Time": 0.036,
                                "Actual Total Time": 0.1,
                                "Actual Rows": 325,
                                "Actual Loops": 1,
                                "Output": [
                                    "id",
                                    "flags"
                                ],
                                "Recheck Cond": "(tests_benchmark_flagtester015.flags = 16808)",
                                "Rows Removed by Index Recheck": 0,
                                "Exact Heap Blocks": 325,
                                "Lossy Heap Blocks": 0,
                                "Shared Hit Blocks": 328,
                                "Shared Read Blocks": 0,
                                "Shared Dirtied Blocks": 0,
                                "Shared Written Blocks": 0,
                                "Local Hit Blocks": 0,
                                "Local Read Blocks": 0,
                                "Local Dirtied Blocks": 0,
                                "Local Written Blocks": 0,
                                "Temp Read Blocks": 0,
                                "Temp Written Blocks": 0,
                                "WAL Records": 0,
                                "WAL FPI": 0,
                                "WAL Bytes": 0,
                                "Plans": [
                                    {
                                        "Node Type": "Bitmap Index Scan",
                                        "Parent Relationship": "Outer",
                                        "Parallel Aware": false,
                                        "Async Capable": false,
                                        "Index Name": "flag_idx",
                                        "Startup Cost": 0.0,
                                        "Total Cost": 6.67,
                                        "Plan Rows": 297,
                                        "Plan Width": 0,
                                        "Actual Startup Time": 0.016,
                                        "Actual Total Time": 0.016,
                                        "Actual Rows": 325,
                                        "Actual Loops": 1,
                                        "Index Cond": "(tests_benchmark_flagtester015.flags = 16808)",
                                        "Shared Hit Blocks": 3,
                                        "Shared Read Blocks": 0,
                                        "Shared Dirtied Blocks": 0,
                                        "Shared Written Blocks": 0,
                                        "Local Hit Blocks": 0,
                                        "Local Read Blocks": 0,
                                        "Local Dirtied Blocks": 0,
                                        "Local Written Blocks": 0,
                                        "Temp Read Blocks": 0,
                                        "Temp Written Blocks": 0,
                                        "WAL Records": 0,
                                        "WAL FPI": 0,
                                        "WAL Bytes": 0
                                    }
                                ]
                            },
                            "Settings": {},
                            "Planning": {
                                "Shared Hit Blocks": 0,
                                "Shared Read Blocks": 0,
                                "Shared Dirtied Blocks": 0,
                                "Shared Written Blocks": 0,
                                "Local Hit Blocks": 0,
                                "Local Read Blocks": 0,
                                "Local Dirtied Blocks": 0,
                                "Local Written Blocks": 0,
                                "Temp Read Blocks": 0,
                                "Temp Written Blocks": 0
                            },
                            "Planning Time": 0.017,
                            "Triggers": [],
                            "Execution Time": 0.112
                        },
                        "all_ftr_time": 0.3149142,
                        "any_ftr_time": 480.80206610000005,
                        "exact_ftr_time": 9.96e-05
                    },
                    "40000000": {
                        "all_time": 0.6126735042023939,
                        "any_time": 0.7206302580991177,
                        "exact_time": 0.0042957207013387235,
                        "table_size": 2958032896.0,
                        "index_time": 16.25915204100602,
                        "all_explanation": {
                            "Plan": {
                                "Node Type": "Gather",
                                "Parallel Aware": false,
                                "Async Capable": false,
                                "Startup Cost": 1000.0,
                                "Total Cost": 487217.0,
                                "Plan Rows": 200000,
                                "Plan Width": 12,
                                "Actual Startup Time": 0.062,
                                "Actual Total Time": 569.85,
                                "Actual Rows": 156336,
                                "Actual Loops": 1,
                                "Output": [
                                    "id",
                                    "flags"
                                ],
                                "Workers Planned": 2,
                                "Workers Launched": 2,
                                "Single Copy": false,
                                "Shared Hit Blocks": 8560,
                                "Shared Read Blocks": 207657,
                                "Shared Dirtied Blocks": 0,
                                "Shared Written Blocks": 0,
                                "Local Hit Blocks": 0,
                                "Local Read Blocks": 0,
                                "Local Dirtied Blocks": 0,
                                "Local Written Blocks": 0,
                                "Temp Read Blocks": 0,
                                "Temp Written Blocks": 0,
                                "WAL Records": 0,
                                "WAL FPI": 0,
                                "WAL Bytes": 0,
                                "Plans": [
                                    {
                                        "Node Type": "Seq Scan",
                                        "Parent Relationship": "Outer",
                                        "Parallel Aware": true,
                                        "Async Capable": false,
                                        "Relation Name": "tests_benchmark_flagtester015",
                                        "Schema": "public",
                                        "Alias": "tests_benchmark_flagtester015",
                                        "Startup Cost": 0.0,
                                        "Total Cost": 466217.0,
                                        "Plan Rows": 83333,
                                        "Plan Width": 12,
                                        "Actual Startup Time": 0.031,
                                        "Actual Total Time": 566.123,
                                        "Actual Rows": 52112,
                                        "Actual Loops": 3,
                                        "Output": [
                                            "id",
                                            "flags"
                                        ],
                                        "Filter": "((tests_benchmark_flagtester015.flags & 4042) = 4042)",
                                        "Rows Removed by Filter": 13281222,
                                        "Shared Hit Blocks": 8560,
                                        "Shared Read Blocks": 207657,
                                        "Shared Dirtied Blocks": 0,
                                        "Shared Written Blocks": 0,
                                        "Local Hit Blocks": 0,
                                        "Local Read Blocks": 0,
                                        "Local Dirtied Blocks": 0,
                                        "Local Written Blocks": 0,
                                        "Temp Read Blocks": 0,
                                        "Temp Written Blocks": 0,
                                        "WAL Records": 0,
                                        "WAL FPI": 0,
                                        "WAL Bytes": 0,
                                        "Workers": [
                                            {
                                                "Worker Number": 0,
                                                "Actual Startup Time": 0.034,
                                                "Actual Total Time": 567.708,
                                                "Actual Rows": 52136,
                                                "Actual Loops": 1,
                                                "Shared Hit Blocks": 2794,
                                                "Shared Read Blocks": 69192,
                                                "Shared Dirtied Blocks": 0,
                                                "Shared Written Blocks": 0,
                                                "Local Hit Blocks": 0,
                                                "Local Read Blocks": 0,
                                                "Local Dirtied Blocks": 0,
                                                "Local Written Blocks": 0,
                                                "Temp Read Blocks": 0,
                                                "Temp Written Blocks": 0,
                                                "WAL Records": 0,
                                                "WAL FPI": 0,
                                                "WAL Bytes": 0
                                            },
                                            {
                                                "Worker Number": 1,
                                                "Actual Startup Time": 0.051,
                                                "Actual Total Time": 567.749,
                                                "Actual Rows": 51855,
                                                "Actual Loops": 1,
                                                "Shared Hit Blocks": 2867,
                                                "Shared Read Blocks": 69037,
                                                "Shared Dirtied Blocks": 0,
                                                "Shared Written Blocks": 0,
                                                "Local Hit Blocks": 0,
                                                "Local Read Blocks": 0,
                                                "Local Dirtied Blocks": 0,
                                                "Local Written Blocks": 0,
                                                "Temp Read Blocks": 0,
                                                "Temp Written Blocks": 0,
                                                "WAL Records": 0,
                                                "WAL FPI": 0,
                                                "WAL Bytes": 0
                                            }
                                        ]
                                    }
                                ]
                            },
                            "Settings": {},
                            "Planning": {
                                "Shared Hit Blocks": 0,
                                "Shared Read Blocks": 0,
                                "Shared Dirtied Blocks": 0,
                                "Shared Written Blocks": 0,
                                "Local Hit Blocks": 0,
                                "Local Read Blocks": 0,
                                "Local Dirtied Blocks": 0,
                                "Local Written Blocks": 0,
                                "Temp Read Blocks": 0,
                                "Temp Written Blocks": 0
                            },
                            "Planning Time": 0.03,
                            "Triggers": [],
                            "Execution Time": 573.404
                        },
                        "any_explanation": {
                            "Plan": {
                                "Node Type": "Seq Scan",
                                "Parallel Aware": false,
                                "Async Capable": false,
                                "Relation Name": "tests_benchmark_flagtester015",
                                "Schema": "public",
                                "Alias": "tests_benchmark_flagtester015",
                                "Startup Cost": 0.0,
                                "Total Cost": 816217.0,
                                "Plan Rows": 13333333,
                                "Plan Width": 12,
                                "Actual Startup Time": 0.007,
                                "Actual Total Time": 2078.7,
                                "Actual Rows": 39843505,
                                "Actual Loops": 1,
                                "Output": [
                                    "id",
                                    "flags"
                                ],
                                "Filter": "((tests_benchmark_flagtester015.flags & 4042) > 0)",
                                "Rows Removed by Filter": 156496,
                                "Shared Hit Blocks": 8757,
                                "Shared Read Blocks": 207460,
                                "Shared Dirtied Blocks": 0,
                                "Shared Written Blocks": 0,
                                "Local Hit Blocks": 0,
                                "Local Read Blocks": 0,
                                "Local Dirtied Blocks": 0,
                                "Local Written Blocks": 0,
                                "Temp Read Blocks": 0,
                                "Temp Written Blocks": 0,
                                "WAL Records": 0,
                                "WAL FPI": 0,
                                "WAL Bytes": 0
                            },
                            "Settings": {},
                            "Planning": {
                                "Shared Hit Blocks": 0,
                                "Shared Read Blocks": 0,
                                "Shared Dirtied Blocks": 0,
                                "Shared Written Blocks": 0,
                                "Local Hit Blocks": 0,
                                "Local Read Blocks": 0,
                                "Local Dirtied Blocks": 0,
                                "Local Written Blocks": 0,
                                "Temp Read Blocks": 0,
                                "Temp Written Blocks": 0
                            },
                            "Planning Time": 0.03,
                            "Triggers": [],
                            "Execution Time": 2894.275
                        },
                        "exact_explanation": {
                            "Plan": {
                                "Node Type": "Bitmap Heap Scan",
                                "Parallel Aware": false,
                                "Async Capable": false,
                                "Relation Name": "tests_benchmark_flagtester015",
                                "Schema": "public",
                                "Alias": "tests_benchmark_flagtester015",
                                "Startup Cost": 9.04,
                                "Total Cost": 2295.28,
                                "Plan Rows": 593,
                                "Plan Width": 12,
                                "Actual Startup Time": 0.069,
                                "Actual Total Time": 1.013,
                                "Actual Rows": 575,
                                "Actual Loops": 1,
                                "Output": [
                                    "id",
                                    "flags"
                                ],
                                "Recheck Cond": "(tests_benchmark_flagtester015.flags = 4042)",
                                "Rows Removed by Index Recheck": 0,
                                "Exact Heap Blocks": 575,
                                "Lossy Heap Blocks": 0,
                                "Shared Hit Blocks": 64,
                                "Shared Read Blocks": 514,
                                "Shared Dirtied Blocks": 0,
                                "Shared Written Blocks": 0,
                                "Local Hit Blocks": 0,
                                "Local Read Blocks": 0,
                                "Local Dirtied Blocks": 0,
                                "Local Written Blocks": 0,
                                "Temp Read Blocks": 0,
                                "Temp Written Blocks": 0,
                                "WAL Records": 0,
                                "WAL FPI": 0,
                                "WAL Bytes": 0,
                                "Plans": [
                                    {
                                        "Node Type": "Bitmap Index Scan",
                                        "Parent Relationship": "Outer",
                                        "Parallel Aware": false,
                                        "Async Capable": false,
                                        "Index Name": "flag_idx",
                                        "Startup Cost": 0.0,
                                        "Total Cost": 8.89,
                                        "Plan Rows": 593,
                                        "Plan Width": 0,
                                        "Actual Startup Time": 0.03,
                                        "Actual Total Time": 0.03,
                                        "Actual Rows": 575,
                                        "Actual Loops": 1,
                                        "Index Cond": "(tests_benchmark_flagtester015.flags = 4042)",
                                        "Shared Hit Blocks": 3,
                                        "Shared Read Blocks": 0,
                                        "Shared Dirtied Blocks": 0,
                                        "Shared Written Blocks": 0,
                                        "Local Hit Blocks": 0,
                                        "Local Read Blocks": 0,
                                        "Local Dirtied Blocks": 0,
                                        "Local Written Blocks": 0,
                                        "Temp Read Blocks": 0,
                                        "Temp Written Blocks": 0,
                                        "WAL Records": 0,
                                        "WAL FPI": 0,
                                        "WAL Bytes": 0
                                    }
                                ]
                            },
                            "Settings": {},
                            "Planning": {
                                "Shared Hit Blocks": 0,
                                "Shared Read Blocks": 0,
                                "Shared Dirtied Blocks": 0,
                                "Shared Written Blocks": 0,
                                "Local Hit Blocks": 0,
                                "Local Read Blocks": 0,
                                "Local Dirtied Blocks": 0,
                                "Local Written Blocks": 0,
                                "Temp Read Blocks": 0,
                                "Temp Written Blocks": 0
                            },
                            "Planning Time": 0.009,
                            "Triggers": [],
                            "Execution Time": 1.029
                        },
                        "all_ftr_time": 0.5960997000000001,
                        "any_ftr_time": 2.9337402000000004,
                        "exact_ftr_time": 0.0007508
                    },
                    "60000000": {
                        "all_time": 1.0463101958011976,
                        "any_time": 1.1311084539978764,
                        "exact_time": 0.006627400196157396,
                        "table_size": 4438622208.0,
                        "index_time": 24.056869082996855,
                        "all_explanation": {
                            "Plan": {
                                "Node Type": "Gather",
                                "Parallel Aware": false,
                                "Async Capable": false,
                                "Startup Cost": 1000.0,
                                "Total Cost": 730316.8,
                                "Plan Rows": 299994,
                                "Plan Width": 12,
                                "Actual Startup Time": 0.135,
                                "Actual Total Time": 927.823,
                                "Actual Rows": 117151,
                                "Actual Loops": 1,
                                "Output": [
                                    "id",
                                    "flags"
                                ],
                                "Workers Planned": 2,
                                "Workers Launched": 2,
                                "Single Copy": false,
                                "Shared Hit Blocks": 11338,
                                "Shared Read Blocks": 312987,
                                "Shared Dirtied Blocks": 0,
                                "Shared Written Blocks": 0,
                                "Local Hit Blocks": 0,
                                "Local Read Blocks": 0,
                                "Local Dirtied Blocks": 0,
                                "Local Written Blocks": 0,
                                "Temp Read Blocks": 0,
                                "Temp Written Blocks": 0,
                                "WAL Records": 0,
                                "WAL FPI": 0,
                                "WAL Bytes": 0,
                                "Plans": [
                                    {
                                        "Node Type": "Seq Scan",
                                        "Parent Relationship": "Outer",
                                        "Parallel Aware": true,
                                        "Async Capable": false,
                                        "Relation Name": "tests_benchmark_flagtester015",
                                        "Schema": "public",
                                        "Alias": "tests_benchmark_flagtester015",
                                        "Startup Cost": 0.0,
                                        "Total Cost": 699317.4,
                                        "Plan Rows": 124998,
                                        "Plan Width": 12,
                                        "Actual Startup Time": 0.048,
                                        "Actual Total Time": 924.165,
                                        "Actual Rows": 39050,
                                        "Actual Loops": 3,
                                        "Output": [
                                            "id",
                                            "flags"
                                        ],
                                        "Filter": "((tests_benchmark_flagtester015.flags & 62882) = 62882)",
                                        "Rows Removed by Filter": 19960950,
                                        "Shared Hit Blocks": 11338,
                                        "Shared Read Blocks": 312987,
                                        "Shared Dirtied Blocks": 0,
                                        "Shared Written Blocks": 0,
                                        "Local Hit Blocks": 0,
                                        "Local Read Blocks": 0,
                                        "Local Dirtied Blocks": 0,
                                        "Local Written Blocks": 0,
                                        "Temp Read Blocks": 0,
                                        "Temp Written Blocks": 0,
                                        "WAL Records": 0,
                                        "WAL FPI": 0,
                                        "WAL Bytes": 0,
                                        "Workers": [
                                            {
                                                "Worker Number": 0,
                                                "Actual Startup Time": 0.045,
                                                "Actual Total Time": 925.215,
                                                "Actual Rows": 38608,
                                                "Actual Loops": 1,
                                                "Shared Hit Blocks": 3734,
                                                "Shared Read Blocks": 103989,
                                                "Shared Dirtied Blocks": 0,
                                                "Shared Written Blocks": 0,
                                                "Local Hit Blocks": 0,
                                                "Local Read Blocks": 0,
                                                "Local Dirtied Blocks": 0,
                                                "Local Written Blocks": 0,
                                                "Temp Read Blocks": 0,
                                                "Temp Written Blocks": 0,
                                                "WAL Records": 0,
                                                "WAL FPI": 0,
                                                "WAL Bytes": 0
                                            },
                                            {
                                                "Worker Number": 1,
                                                "Actual Startup Time": 0.027,
                                                "Actual Total Time": 925.154,
                                                "Actual Rows": 39012,
                                                "Actual Loops": 1,
                                                "Shared Hit Blocks": 3735,
                                                "Shared Read Blocks": 103959,
                                                "Shared Dirtied Blocks": 0,
                                                "Shared Written Blocks": 0,
                                                "Local Hit Blocks": 0,
                                                "Local Read Blocks": 0,
                                                "Local Dirtied Blocks": 0,
                                                "Local Written Blocks": 0,
                                                "Temp Read Blocks": 0,
                                                "Temp Written Blocks": 0,
                                                "WAL Records": 0,
                                                "WAL FPI": 0,
                                                "WAL Bytes": 0
                                            }
                                        ]
                                    }
                                ]
                            },
                            "Settings": {},
                            "Planning": {
                                "Shared Hit Blocks": 0,
                                "Shared Read Blocks": 0,
                                "Shared Dirtied Blocks": 0,
                                "Shared Written Blocks": 0,
                                "Local Hit Blocks": 0,
                                "Local Read Blocks": 0,
                                "Local Dirtied Blocks": 0,
                                "Local Written Blocks": 0,
                                "Temp Read Blocks": 0,
                                "Temp Written Blocks": 0
                            },
                            "Planning Time": 0.035,
                            "Triggers": [],
                            "Execution Time": 930.572
                        },
                        "any_explanation": {
                            "Plan": {
                                "Node Type": "Seq Scan",
                                "Parallel Aware": false,
                                "Async Capable": false,
                                "Relation Name": "tests_benchmark_flagtester015",
                                "Schema": "public",
                                "Alias": "tests_benchmark_flagtester015",
                                "Startup Cost": 0.0,
                                "Total Cost": 1224306.76,
                                "Plan Rows": 19999595,
                                "Plan Width": 12,
                                "Actual Startup Time": 0.021,
                                "Actual Total Time": 3325.336,
                                "Actual Rows": 59882827,
                                "Actual Loops": 1,
                                "Output": [
                                    "id",
                                    "flags"
                                ],
                                "Filter": "((tests_benchmark_flagtester015.flags & 62882) > 0)",
                                "Rows Removed by Filter": 117174,
                                "Shared Hit Blocks": 11530,
                                "Shared Read Blocks": 312795,
                                "Shared Dirtied Blocks": 0,
                                "Shared Written Blocks": 0,
                                "Local Hit Blocks": 0,
                                "Local Read Blocks": 0,
                                "Local Dirtied Blocks": 0,
                                "Local Written Blocks": 0,
                                "Temp Read Blocks": 0,
                                "Temp Written Blocks": 0,
                                "WAL Records": 0,
                                "WAL FPI": 0,
                                "WAL Bytes": 0
                            },
                            "Settings": {},
                            "Planning": {
                                "Shared Hit Blocks": 0,
                                "Shared Read Blocks": 0,
                                "Shared Dirtied Blocks": 0,
                                "Shared Written Blocks": 0,
                                "Local Hit Blocks": 0,
                                "Local Read Blocks": 0,
                                "Local Dirtied Blocks": 0,
                                "Local Written Blocks": 0,
                                "Temp Read Blocks": 0,
                                "Temp Written Blocks": 0
                            },
                            "Planning Time": 0.035,
                            "Triggers": [],
                            "Execution Time": 4550.458
                        },
                        "exact_explanation": {
                            "Plan": {
                                "Node Type": "Bitmap Heap Scan",
                                "Parallel Aware": false,
                                "Async Capable": false,
                                "Relation Name": "tests_benchmark_flagtester015",
                                "Schema": "public",
                                "Alias": "tests_benchmark_flagtester015",
                                "Startup Cost": 11.57,
                                "Total Cost": 3491.93,
                                "Plan Rows": 904,
                                "Plan Width": 12,
                                "Actual Startup Time": 0.112,
                                "Actual Total Time": 0.321,
                                "Actual Rows": 913,
                                "Actual Loops": 1,
                                "Output": [
                                    "id",
                                    "flags"
                                ],
                                "Recheck Cond": "(tests_benchmark_flagtester015.flags = 62882)",
                                "Rows Removed by Index Recheck": 0,
                                "Exact Heap Blocks": 912,
                                "Lossy Heap Blocks": 0,
                                "Shared Hit Blocks": 917,
                                "Shared Read Blocks": 0,
                                "Shared Dirtied Blocks": 0,
                                "Shared Written Blocks": 0,
                                "Local Hit Blocks": 0,
                                "Local Read Blocks": 0,
                                "Local Dirtied Blocks": 0,
                                "Local Written Blocks": 0,
                                "Temp Read Blocks": 0,
                                "Temp Written Blocks": 0,
                                "WAL Records": 0,
                                "WAL FPI": 0,
                                "WAL Bytes": 0,
                                "Plans": [
                                    {
                                        "Node Type": "Bitmap Index Scan",
                                        "Parent Relationship": "Outer",
                                        "Parallel Aware": false,
                                        "Async Capable": false,
                                        "Index Name": "flag_idx",
                                        "Startup Cost": 0.0,
                                        "Total Cost": 11.34,
                                        "Plan Rows": 904,
                                        "Plan Width": 0,
                                        "Actual Startup Time": 0.055,
                                        "Actual Total Time": 0.055,
                                        "Actual Rows": 913,
                                        "Actual Loops": 1,
                                        "Index Cond": "(tests_benchmark_flagtester015.flags = 62882)",
                                        "Shared Hit Blocks": 5,
                                        "Shared Read Blocks": 0,
                                        "Shared Dirtied Blocks": 0,
                                        "Shared Written Blocks": 0,
                                        "Local Hit Blocks": 0,
                                        "Local Read Blocks": 0,
                                        "Local Dirtied Blocks": 0,
                                        "Local Written Blocks": 0,
                                        "Temp Read Blocks": 0,
                                        "Temp Written Blocks": 0,
                                        "WAL Records": 0,
                                        "WAL FPI": 0,
                                        "WAL Bytes": 0
                                    }
                                ]
                            },
                            "Settings": {},
                            "Planning": {
                                "Shared Hit Blocks": 0,
                                "Shared Read Blocks": 0,
                                "Shared Dirtied Blocks": 0,
                                "Shared Written Blocks": 0,
                                "Local Hit Blocks": 0,
                                "Local Read Blocks": 0,
                                "Local Dirtied Blocks": 0,
                                "Local Written Blocks": 0,
                                "Temp Read Blocks": 0,
                                "Temp Written Blocks": 0
                            },
                            "Planning Time": 0.022,
                            "Triggers": [],
                            "Execution Time": 0.343
                        },
                        "all_ftr_time": 0.9763345999999999,
                        "any_ftr_time": 4.5192688,
                        "exact_ftr_time": 0.0003403
                    },
                    "80000000": {
                        "all_time": 1.2255999582004733,
                        "any_time": 1.4995061209978302,
                        "exact_time": 0.007406103996618185,
                        "table_size": 5912920064.0,
                        "index_time": 31.559880000000703,
                        "all_explanation": {
                            "Plan": {
                                "Node Type": "Gather",
                                "Parallel Aware": false,
                                "Async Capable": false,
                                "Startup Cost": 1000.0,
                                "Total Cost": 973433.0,
                                "Plan Rows": 400000,
                                "Plan Width": 12,
                                "Actual Startup Time": 0.123,
                                "Actual Total Time": 1302.43,
                                "Actual Rows": 78531,
                                "Actual Loops": 1,
                                "Output": [
                                    "id",
                                    "flags"
                                ],
                                "Workers Planned": 2,
                                "Workers Launched": 2,
                                "Single Copy": false,
                                "Shared Hit Blocks": 13906,
                                "Shared Read Blocks": 418527,
                                "Shared Dirtied Blocks": 0,
                                "Shared Written Blocks": 0,
                                "Local Hit Blocks": 0,
                                "Local Read Blocks": 0,
                                "Local Dirtied Blocks": 0,
                                "Local Written Blocks": 0,
                                "Temp Read Blocks": 0,
                                "Temp Written Blocks": 0,
                                "WAL Records": 0,
                                "WAL FPI": 0,
                                "WAL Bytes": 0,
                                "Plans": [
                                    {
                                        "Node Type": "Seq Scan",
                                        "Parent Relationship": "Outer",
                                        "Parallel Aware": true,
                                        "Async Capable": false,
                                        "Relation Name": "tests_benchmark_flagtester015",
                                        "Schema": "public",
                                        "Alias": "tests_benchmark_flagtester015",
                                        "Startup Cost": 0.0,
                                        "Total Cost": 932433.0,
                                        "Plan Rows": 166667,
                                        "Plan Width": 12,
                                        "Actual Startup Time": 0.04,
                                        "Actual Total Time": 1298.731,
                                        "Actual Rows": 26177,
                                        "Actual Loops": 3,
                                        "Output": [
                                            "id",
                                            "flags"
                                        ],
                                        "Filter": "((tests_benchmark_flagtester015.flags & 30407) = 30407)",
                                        "Rows Removed by Filter": 26640490,
                                        "Shared Hit Blocks": 13906,
                                        "Shared Read Blocks": 418527,
                                        "Shared Dirtied Blocks": 0,
                                        "Shared Written Blocks": 0,
                                        "Local Hit Blocks": 0,
                                        "Local Read Blocks": 0,
                                        "Local Dirtied Blocks": 0,
                                        "Local Written Blocks": 0,
                                        "Temp Read Blocks": 0,
                                        "Temp Written Blocks": 0,
                                        "WAL Records": 0,
                                        "WAL FPI": 0,
                                        "WAL Bytes": 0,
                                        "Workers": [
                                            {
                                                "Worker Number": 0,
                                                "Actual Startup Time": 0.033,
                                                "Actual Total Time": 1299.152,
                                                "Actual Rows": 26028,
                                                "Actual Loops": 1,
                                                "Shared Hit Blocks": 4452,
                                                "Shared Read Blocks": 139060,
                                                "Shared Dirtied Blocks": 0,
                                                "Shared Written Blocks": 0,
                                                "Local Hit Blocks": 0,
                                                "Local Read Blocks": 0,
                                                "Local Dirtied Blocks": 0,
                                                "Local Written Blocks": 0,
                                                "Temp Read Blocks": 0,
                                                "Temp Written Blocks": 0,
                                                "WAL Records": 0,
                                                "WAL FPI": 0,
                                                "WAL Bytes": 0
                                            },
                                            {
                                                "Worker Number": 1,
                                                "Actual Startup Time": 0.029,
                                                "Actual Total Time": 1299.254,
                                                "Actual Rows": 26028,
                                                "Actual Loops": 1,
                                                "Shared Hit Blocks": 4638,
                                                "Shared Read Blocks": 138913,
                                                "Shared Dirtied Blocks": 0,
                                                "Shared Written Blocks": 0,
                                                "Local Hit Blocks": 0,
                                                "Local Read Blocks": 0,
                                                "Local Dirtied Blocks": 0,
                                                "Local Written Blocks": 0,
                                                "Temp Read Blocks": 0,
                                                "Temp Written Blocks": 0,
                                                "WAL Records": 0,
                                                "WAL FPI": 0,
                                                "WAL Bytes": 0
                                            }
                                        ]
                                    }
                                ]
                            },
                            "Settings": {},
                            "Planning": {
                                "Shared Hit Blocks": 0,
                                "Shared Read Blocks": 0,
                                "Shared Dirtied Blocks": 0,
                                "Shared Written Blocks": 0,
                                "Local Hit Blocks": 0,
                                "Local Read Blocks": 0,
                                "Local Dirtied Blocks": 0,
                                "Local Written Blocks": 0,
                                "Temp Read Blocks": 0,
                                "Temp Written Blocks": 0
                            },
                            "Planning Time": 0.04,
                            "Triggers": [],
                            "Execution Time": 1304.329
                        },
                        "any_explanation": {
                            "Plan": {
                                "Node Type": "Seq Scan",
                                "Parallel Aware": false,
                                "Async Capable": false,
                                "Relation Name": "tests_benchmark_flagtester015",
                                "Schema": "public",
                                "Alias": "tests_benchmark_flagtester015",
                                "Startup Cost": 0.0,
                                "Total Cost": 1632433.0,
                                "Plan Rows": 26666667,
                                "Plan Width": 12,
                                "Actual Startup Time": 0.022,
                                "Actual Total Time": 4428.447,
                                "Actual Rows": 79921917,
                                "Actual Loops": 1,
                                "Output": [
                                    "id",
                                    "flags"
                                ],
                                "Filter": "((tests_benchmark_flagtester015.flags & 30407) > 0)",
                                "Rows Removed by Filter": 78084,
                                "Shared Hit Blocks": 14098,
                                "Shared Read Blocks": 418335,
                                "Shared Dirtied Blocks": 0,
                                "Shared Written Blocks": 0,
                                "Local Hit Blocks": 0,
                                "Local Read Blocks": 0,
                                "Local Dirtied Blocks": 0,
                                "Local Written Blocks": 0,
                                "Temp Read Blocks": 0,
                                "Temp Written Blocks": 0,
                                "WAL Records": 0,
                                "WAL FPI": 0,
                                "WAL Bytes": 0
                            },
                            "Settings": {},
                            "Planning": {
                                "Shared Hit Blocks": 0,
                                "Shared Read Blocks": 0,
                                "Shared Dirtied Blocks": 0,
                                "Shared Written Blocks": 0,
                                "Local Hit Blocks": 0,
                                "Local Read Blocks": 0,
                                "Local Dirtied Blocks": 0,
                                "Local Written Blocks": 0,
                                "Temp Read Blocks": 0,
                                "Temp Written Blocks": 0
                            },
                            "Planning Time": 0.042,
                            "Triggers": [],
                            "Execution Time": 6059.612
                        },
                        "exact_explanation": {
                            "Plan": {
                                "Node Type": "Bitmap Heap Scan",
                                "Parallel Aware": false,
                                "Async Capable": false,
                                "Relation Name": "tests_benchmark_flagtester015",
                                "Schema": "public",
                                "Alias": "tests_benchmark_flagtester015",
                                "Startup Cost": 18.22,
                                "Total Cost": 4809.61,
                                "Plan Rows": 1245,
                                "Plan Width": 12,
                                "Actual Startup Time": 0.145,
                                "Actual Total Time": 0.455,
                                "Actual Rows": 1230,
                                "Actual Loops": 1,
                                "Output": [
                                    "id",
                                    "flags"
                                ],
                                "Recheck Cond": "(tests_benchmark_flagtester015.flags = 30407)",
                                "Rows Removed by Index Recheck": 0,
                                "Exact Heap Blocks": 1229,
                                "Lossy Heap Blocks": 0,
                                "Shared Hit Blocks": 1234,
                                "Shared Read Blocks": 0,
                                "Shared Dirtied Blocks": 0,
                                "Shared Written Blocks": 0,
                                "Local Hit Blocks": 0,
                                "Local Read Blocks": 0,
                                "Local Dirtied Blocks": 0,
                                "Local Written Blocks": 0,
                                "Temp Read Blocks": 0,
                                "Temp Written Blocks": 0,
                                "WAL Records": 0,
                                "WAL FPI": 0,
                                "WAL Bytes": 0,
                                "Plans": [
                                    {
                                        "Node Type": "Bitmap Index Scan",
                                        "Parent Relationship": "Outer",
                                        "Parallel Aware": false,
                                        "Async Capable": false,
                                        "Index Name": "flag_idx",
                                        "Startup Cost": 0.0,
                                        "Total Cost": 17.9,
                                        "Plan Rows": 1245,
                                        "Plan Width": 0,
                                        "Actual Startup Time": 0.065,
                                        "Actual Total Time": 0.065,
                                        "Actual Rows": 1230,
                                        "Actual Loops": 1,
                                        "Index Cond": "(tests_benchmark_flagtester015.flags = 30407)",
                                        "Shared Hit Blocks": 5,
                                        "Shared Read Blocks": 0,
                                        "Shared Dirtied Blocks": 0,
                                        "Shared Written Blocks": 0,
                                        "Local Hit Blocks": 0,
                                        "Local Read Blocks": 0,
                                        "Local Dirtied Blocks": 0,
                                        "Local Written Blocks": 0,
                                        "Temp Read Blocks": 0,
                                        "Temp Written Blocks": 0,
                                        "WAL Records": 0,
                                        "WAL FPI": 0,
                                        "WAL Bytes": 0
                                    }
                                ]
                            },
                            "Settings": {},
                            "Planning": {
                                "Shared Hit Blocks": 0,
                                "Shared Read Blocks": 0,
                                "Shared Dirtied Blocks": 0,
                                "Shared Written Blocks": 0,
                                "Local Hit Blocks": 0,
                                "Local Read Blocks": 0,
                                "Local Dirtied Blocks": 0,
                                "Local Written Blocks": 0,
                                "Temp Read Blocks": 0,
                                "Temp Written Blocks": 0
                            },
                            "Planning Time": 0.022,
                            "Triggers": [],
                            "Execution Time": 0.485
                        },
                        "all_ftr_time": 1.2531453,
                        "any_ftr_time": 6.0466793,
                        "exact_ftr_time": 0.0004659000000000001
                    },
                    "100000000": {
                        "all_time": 1.7506350666008075,
                        "any_time": 1.8760347292001824,
                        "exact_time": 0.007852933202229906,
                        "table_size": 7395606528.0,
                        "index_time": 30.119173375001992,
                        "all_explanation": {
                            "Plan": {
                                "Node Type": "Gather",
                                "Parallel Aware": false,
                                "Async Capable": false,
                                "Startup Cost": 1000.0,
                                "Total Cost": 1216541.0,
                                "Plan Rows": 500000,
                                "Plan Width": 12,
                                "Actual Startup Time": 0.085,
                                "Actual Total Time": 1535.515,
                                "Actual Rows": 97608,
                                "Actual Loops": 1,
                                "Output": [
                                    "id",
                                    "flags"
                                ],
                                "Workers Planned": 2,
                                "Workers Launched": 2,
                                "Single Copy": false,
                                "Shared Hit Blocks": 15151,
                                "Shared Read Blocks": 525390,
                                "Shared Dirtied Blocks": 0,
                                "Shared Written Blocks": 0,
                                "Local Hit Blocks": 0,
                                "Local Read Blocks": 0,
                                "Local Dirtied Blocks": 0,
                                "Local Written Blocks": 0,
                                "Temp Read Blocks": 0,
                                "Temp Written Blocks": 0,
                                "WAL Records": 0,
                                "WAL FPI": 0,
                                "WAL Bytes": 0,
                                "Plans": [
                                    {
                                        "Node Type": "Seq Scan",
                                        "Parent Relationship": "Outer",
                                        "Parallel Aware": true,
                                        "Async Capable": false,
                                        "Relation Name": "tests_benchmark_flagtester015",
                                        "Schema": "public",
                                        "Alias": "tests_benchmark_flagtester015",
                                        "Startup Cost": 0.0,
                                        "Total Cost": 1165541.0,
                                        "Plan Rows": 208333,
                                        "Plan Width": 12,
                                        "Actual Startup Time": 0.168,
                                        "Actual Total Time": 1531.569,
                                        "Actual Rows": 32536,
                                        "Actual Loops": 3,
                                        "Output": [
                                            "id",
                                            "flags"
                                        ],
                                        "Filter": "((tests_benchmark_flagtester015.flags & 44972) = 44972)",
                                        "Rows Removed by Filter": 33300798,
                                        "Shared Hit Blocks": 15151,
                                        "Shared Read Blocks": 525390,
                                        "Shared Dirtied Blocks": 0,
                                        "Shared Written Blocks": 0,
                                        "Local Hit Blocks": 0,
                                        "Local Read Blocks": 0,
                                        "Local Dirtied Blocks": 0,
                                        "Local Written Blocks": 0,
                                        "Temp Read Blocks": 0,
                                        "Temp Written Blocks": 0,
                                        "WAL Records": 0,
                                        "WAL FPI": 0,
                                        "WAL Bytes": 0,
                                        "Workers": [
                                            {
                                                "Worker Number": 0,
                                                "Actual Startup Time": 0.146,
                                                "Actual Total Time": 1532.288,
                                                "Actual Rows": 32338,
                                                "Actual Loops": 1,
                                                "Shared Hit Blocks": 5040,
                                                "Shared Read Blocks": 174734,
                                                "Shared Dirtied Blocks": 0,
                                                "Shared Written Blocks": 0,
                                                "Local Hit Blocks": 0,
                                                "Local Read Blocks": 0,
                                                "Local Dirtied Blocks": 0,
                                                "Local Written Blocks": 0,
                                                "Temp Read Blocks": 0,
                                                "Temp Written Blocks": 0,
                                                "WAL Records": 0,
                                                "WAL FPI": 0,
                                                "WAL Bytes": 0
                                            },
                                            {
                                                "Worker Number": 1,
                                                "Actual Startup Time": 0.338,
                                                "Actual Total Time": 1532.246,
                                                "Actual Rows": 32541,
                                                "Actual Loops": 1,
                                                "Shared Hit Blocks": 5013,
                                                "Shared Read Blocks": 174460,
                                                "Shared Dirtied Blocks": 0,
                                                "Shared Written Blocks": 0,
                                                "Local Hit Blocks": 0,
                                                "Local Read Blocks": 0,
                                                "Local Dirtied Blocks": 0,
                                                "Local Written Blocks": 0,
                                                "Temp Read Blocks": 0,
                                                "Temp Written Blocks": 0,
                                                "WAL Records": 0,
                                                "WAL FPI": 0,
                                                "WAL Bytes": 0
                                            }
                                        ]
                                    }
                                ]
                            },
                            "Settings": {},
                            "Planning": {
                                "Shared Hit Blocks": 0,
                                "Shared Read Blocks": 0,
                                "Shared Dirtied Blocks": 0,
                                "Shared Written Blocks": 0,
                                "Local Hit Blocks": 0,
                                "Local Read Blocks": 0,
                                "Local Dirtied Blocks": 0,
                                "Local Written Blocks": 0,
                                "Temp Read Blocks": 0,
                                "Temp Written Blocks": 0
                            },
                            "Planning Time": 0.037,
                            "Triggers": [],
                            "Execution Time": 1537.846
                        },
                        "any_explanation": {
                            "Plan": {
                                "Node Type": "Seq Scan",
                                "Parallel Aware": false,
                                "Async Capable": false,
                                "Relation Name": "tests_benchmark_flagtester015",
                                "Schema": "public",
                                "Alias": "tests_benchmark_flagtester015",
                                "Startup Cost": 0.0,
                                "Total Cost": 2040541.0,
                                "Plan Rows": 33333333,
                                "Plan Width": 12,
                                "Actual Startup Time": 0.012,
                                "Actual Total Time": 5538.185,
                                "Actual Rows": 99902596,
                                "Actual Loops": 1,
                                "Output": [
                                    "id",
                                    "flags"
                                ],
                                "Filter": "((tests_benchmark_flagtester015.flags & 44972) > 0)",
                                "Rows Removed by Filter": 97405,
                                "Shared Hit Blocks": 15343,
                                "Shared Read Blocks": 525198,
                                "Shared Dirtied Blocks": 0,
                                "Shared Written Blocks": 0,
                                "Local Hit Blocks": 0,
                                "Local Read Blocks": 0,
                                "Local Dirtied Blocks": 0,
                                "Local Written Blocks": 0,
                                "Temp Read Blocks": 0,
                                "Temp Written Blocks": 0,
                                "WAL Records": 0,
                                "WAL FPI": 0,
                                "WAL Bytes": 0
                            },
                            "Settings": {},
                            "Planning": {
                                "Shared Hit Blocks": 0,
                                "Shared Read Blocks": 0,
                                "Shared Dirtied Blocks": 0,
                                "Shared Written Blocks": 0,
                                "Local Hit Blocks": 0,
                                "Local Read Blocks": 0,
                                "Local Dirtied Blocks": 0,
                                "Local Written Blocks": 0,
                                "Temp Read Blocks": 0,
                                "Temp Written Blocks": 0
                            },
                            "Planning Time": 0.031,
                            "Triggers": [],
                            "Execution Time": 7577.781
                        },
                        "exact_explanation": {
                            "Plan": {
                                "Node Type": "Bitmap Heap Scan",
                                "Parallel Aware": false,
                                "Async Capable": false,
                                "Relation Name": "tests_benchmark_flagtester015",
                                "Schema": "public",
                                "Alias": "tests_benchmark_flagtester015",
                                "Startup Cost": 20.27,
                                "Total Cost": 5832.19,
                                "Plan Rows": 1510,
                                "Plan Width": 12,
                                "Actual Startup Time": 0.176,
                                "Actual Total Time": 0.573,
                                "Actual Rows": 1561,
                                "Actual Loops": 1,
                                "Output": [
                                    "id",
                                    "flags"
                                ],
                                "Recheck Cond": "(tests_benchmark_flagtester015.flags = 44972)",
                                "Rows Removed by Index Recheck": 0,
                                "Exact Heap Blocks": 1559,
                                "Lossy Heap Blocks": 0,
                                "Shared Hit Blocks": 1564,
                                "Shared Read Blocks": 0,
                                "Shared Dirtied Blocks": 0,
                                "Shared Written Blocks": 0,
                                "Local Hit Blocks": 0,
                                "Local Read Blocks": 0,
                                "Local Dirtied Blocks": 0,
                                "Local Written Blocks": 0,
                                "Temp Read Blocks": 0,
                                "Temp Written Blocks": 0,
                                "WAL Records": 0,
                                "WAL FPI": 0,
                                "WAL Bytes": 0,
                                "Plans": [
                                    {
                                        "Node Type": "Bitmap Index Scan",
                                        "Parent Relationship": "Outer",
                                        "Parallel Aware": false,
                                        "Async Capable": false,
                                        "Index Name": "flag_idx",
                                        "Startup Cost": 0.0,
                                        "Total Cost": 19.89,
                                        "Plan Rows": 1510,
                                        "Plan Width": 0,
                                        "Actual Startup Time": 0.078,
                                        "Actual Total Time": 0.078,
                                        "Actual Rows": 1561,
                                        "Actual Loops": 1,
                                        "Index Cond": "(tests_benchmark_flagtester015.flags = 44972)",
                                        "Shared Hit Blocks": 5,
                                        "Shared Read Blocks": 0,
                                        "Shared Dirtied Blocks": 0,
                                        "Shared Written Blocks": 0,
                                        "Local Hit Blocks": 0,
                                        "Local Read Blocks": 0,
                                        "Local Dirtied Blocks": 0,
                                        "Local Written Blocks": 0,
                                        "Temp Read Blocks": 0,
                                        "Temp Written Blocks": 0,
                                        "WAL Records": 0,
                                        "WAL FPI": 0,
                                        "WAL Bytes": 0
                                    }
                                ]
                            },
                            "Settings": {},
                            "Planning": {
                                "Shared Hit Blocks": 0,
                                "Shared Read Blocks": 0,
                                "Shared Dirtied Blocks": 0,
                                "Shared Written Blocks": 0,
                                "Local Hit Blocks": 0,
                                "Local Read Blocks": 0,
                                "Local Dirtied Blocks": 0,
                                "Local Written Blocks": 0,
                                "Temp Read Blocks": 0,
                                "Temp Written Blocks": 0
                            },
                            "Planning Time": 0.026,
                            "Triggers": [],
                            "Execution Time": 0.609
                        },
                        "all_ftr_time": 1.5514132,
                        "any_ftr_time": 7.5700476,
                        "exact_ftr_time": 0.0005906
                    }
                }
            },
            "[BOOL] No Index": {
                "16": {
                    "10": {
                        "all_time": 0.0008894291007891297,
                        "any_time": 0.0016952207995927892,
                        "exact_time": 0.0012104417008231394,
                        "table_size": 24576.0,
                        "index_time": 5.00003807246685e-07,
                        "all_explanation": {
                            "Plan": {
                                "Node Type": "Seq Scan",
                                "Parallel Aware": false,
                                "Async Capable": false,
                                "Relation Name": "tests_benchmark_booltester015",
                                "Schema": "public",
                                "Alias": "tests_benchmark_booltester015",
                                "Startup Cost": 0.0,
                                "Total Cost": 1.11,
                                "Plan Rows": 1,
                                "Plan Width": 24,
                                "Actual Startup Time": 0.002,
                                "Actual Total Time": 0.002,
                                "Actual Rows": 0,
                                "Actual Loops": 1,
                                "Output": [
                                    "id",
                                    "flg_0",
                                    "flg_1",
                                    "flg_2",
                                    "flg_3",
                                    "flg_4",
                                    "flg_5",
                                    "flg_6",
                                    "flg_7",
                                    "flg_8",
                                    "flg_9",
                                    "flg_10",
                                    "flg_11",
                                    "flg_12",
                                    "flg_13",
                                    "flg_14",
                                    "flg_15"
                                ],
                                "Filter": "(tests_benchmark_booltester015.flg_4 AND tests_benchmark_booltester015.flg_5 AND tests_benchmark_booltester015.flg_6 AND tests_benchmark_booltester015.flg_7 AND tests_benchmark_booltester015.flg_8 AND tests_benchmark_booltester015.flg_9 AND tests_benchmark_booltester015.flg_10 AND tests_benchmark_booltester015.flg_12 AND tests_benchmark_booltester015.flg_14)",
                                "Rows Removed by Filter": 11,
                                "Shared Hit Blocks": 1,
                                "Shared Read Blocks": 0,
                                "Shared Dirtied Blocks": 0,
                                "Shared Written Blocks": 0,
                                "Local Hit Blocks": 0,
                                "Local Read Blocks": 0,
                                "Local Dirtied Blocks": 0,
                                "Local Written Blocks": 0,
                                "Temp Read Blocks": 0,
                                "Temp Written Blocks": 0,
                                "WAL Records": 0,
                                "WAL FPI": 0,
                                "WAL Bytes": 0
                            },
                            "Settings": {},
                            "Planning": {
                                "Shared Hit Blocks": 0,
                                "Shared Read Blocks": 0,
                                "Shared Dirtied Blocks": 0,
                                "Shared Written Blocks": 0,
                                "Local Hit Blocks": 0,
                                "Local Read Blocks": 0,
                                "Local Dirtied Blocks": 0,
                                "Local Written Blocks": 0,
                                "Temp Read Blocks": 0,
                                "Temp Written Blocks": 0
                            },
                            "Planning Time": 0.009,
                            "Triggers": [],
                            "Execution Time": 0.004
                        },
                        "any_explanation": {
                            "Plan": {
                                "Node Type": "Seq Scan",
                                "Parallel Aware": false,
                                "Async Capable": false,
                                "Relation Name": "tests_benchmark_booltester015",
                                "Schema": "public",
                                "Alias": "tests_benchmark_booltester015",
                                "Startup Cost": 0.0,
                                "Total Cost": 1.11,
                                "Plan Rows": 11,
                                "Plan Width": 24,
                                "Actual Startup Time": 0.002,
                                "Actual Total Time": 0.003,
                                "Actual Rows": 11,
                                "Actual Loops": 1,
                                "Output": [
                                    "id",
                                    "flg_0",
                                    "flg_1",
                                    "flg_2",
                                    "flg_3",
                                    "flg_4",
                                    "flg_5",
                                    "flg_6",
                                    "flg_7",
                                    "flg_8",
                                    "flg_9",
                                    "flg_10",
                                    "flg_11",
                                    "flg_12",
                                    "flg_13",
                                    "flg_14",
                                    "flg_15"
                                ],
                                "Filter": "(tests_benchmark_booltester015.flg_4 OR tests_benchmark_booltester015.flg_5 OR tests_benchmark_booltester015.flg_6 OR tests_benchmark_booltester015.flg_7 OR tests_benchmark_booltester015.flg_8 OR tests_benchmark_booltester015.flg_9 OR tests_benchmark_booltester015.flg_10 OR tests_benchmark_booltester015.flg_12 OR tests_benchmark_booltester015.flg_14)",
                                "Rows Removed by Filter": 0,
                                "Shared Hit Blocks": 1,
                                "Shared Read Blocks": 0,
                                "Shared Dirtied Blocks": 0,
                                "Shared Written Blocks": 0,
                                "Local Hit Blocks": 0,
                                "Local Read Blocks": 0,
                                "Local Dirtied Blocks": 0,
                                "Local Written Blocks": 0,
                                "Temp Read Blocks": 0,
                                "Temp Written Blocks": 0,
                                "WAL Records": 0,
                                "WAL FPI": 0,
                                "WAL Bytes": 0
                            },
                            "Settings": {},
                            "Planning": {
                                "Shared Hit Blocks": 0,
                                "Shared Read Blocks": 0,
                                "Shared Dirtied Blocks": 0,
                                "Shared Written Blocks": 0,
                                "Local Hit Blocks": 0,
                                "Local Read Blocks": 0,
                                "Local Dirtied Blocks": 0,
                                "Local Written Blocks": 0,
                                "Temp Read Blocks": 0,
                                "Temp Written Blocks": 0
                            },
                            "Planning Time": 0.011,
                            "Triggers": [],
                            "Execution Time": 0.006
                        },
                        "exact_explanation": {
                            "Plan": {
                                "Node Type": "Seq Scan",
                                "Parallel Aware": false,
                                "Async Capable": false,
                                "Relation Name": "tests_benchmark_booltester015",
                                "Schema": "public",
                                "Alias": "tests_benchmark_booltester015",
                                "Startup Cost": 0.0,
                                "Total Cost": 1.11,
                                "Plan Rows": 1,
                                "Plan Width": 24,
                                "Actual Startup Time": 0.003,
                                "Actual Total Time": 0.003,
                                "Actual Rows": 0,
                                "Actual Loops": 1,
                                "Output": [
                                    "id",
                                    "flg_0",
                                    "flg_1",
                                    "flg_2",
                                    "flg_3",
                                    "flg_4",
                                    "flg_5",
                                    "flg_6",
                                    "flg_7",
                                    "flg_8",
                                    "flg_9",
                                    "flg_10",
                                    "flg_11",
                                    "flg_12",
                                    "flg_13",
                                    "flg_14",
                                    "flg_15"
                                ],
                                "Filter": "((NOT tests_benchmark_booltester015.flg_0) AND (NOT tests_benchmark_booltester015.flg_1) AND (NOT tests_benchmark_booltester015.flg_2) AND (NOT tests_benchmark_booltester015.flg_3) AND tests_benchmark_booltester015.flg_4 AND tests_benchmark_booltester015.flg_5 AND tests_benchmark_booltester015.flg_6 AND tests_benchmark_booltester015.flg_7 AND tests_benchmark_booltester015.flg_8 AND tests_benchmark_booltester015.flg_9 AND tests_benchmark_booltester015.flg_10 AND (NOT tests_benchmark_booltester015.flg_11) AND tests_benchmark_booltester015.flg_12 AND (NOT tests_benchmark_booltester015.flg_13) AND tests_benchmark_booltester015.flg_14 AND (NOT tests_benchmark_booltester015.flg_15))",
                                "Rows Removed by Filter": 11,
                                "Shared Hit Blocks": 1,
                                "Shared Read Blocks": 0,
                                "Shared Dirtied Blocks": 0,
                                "Shared Written Blocks": 0,
                                "Local Hit Blocks": 0,
                                "Local Read Blocks": 0,
                                "Local Dirtied Blocks": 0,
                                "Local Written Blocks": 0,
                                "Temp Read Blocks": 0,
                                "Temp Written Blocks": 0,
                                "WAL Records": 0,
                                "WAL FPI": 0,
                                "WAL Bytes": 0
                            },
                            "Settings": {},
                            "Planning": {
                                "Shared Hit Blocks": 0,
                                "Shared Read Blocks": 0,
                                "Shared Dirtied Blocks": 0,
                                "Shared Written Blocks": 0,
                                "Local Hit Blocks": 0,
                                "Local Read Blocks": 0,
                                "Local Dirtied Blocks": 0,
                                "Local Written Blocks": 0,
                                "Temp Read Blocks": 0,
                                "Temp Written Blocks": 0
                            },
                            "Planning Time": 0.012,
                            "Triggers": [],
                            "Execution Time": 0.005
                        },
                        "all_ftr_time": 5.7e-06,
                        "any_ftr_time": 7.2000000000000005e-06,
                        "exact_ftr_time": 6.900000000000001e-06
                    },
                    "100": {
                        "all_time": 0.0010365958005422726,
                        "any_time": 0.0015909624999039806,
                        "exact_time": 0.001132916600909084,
                        "table_size": 24576.0,
                        "index_time": 7.079943316057324e-07,
                        "all_explanation": {
                            "Plan": {
                                "Node Type": "Seq Scan",
                                "Parallel Aware": false,
                                "Async Capable": false,
                                "Relation Name": "tests_benchmark_booltester015",
                                "Schema": "public",
                                "Alias": "tests_benchmark_booltester015",
                                "Startup Cost": 0.0,
                                "Total Cost": 2.01,
                                "Plan Rows": 1,
                                "Plan Width": 24,
                                "Actual Startup Time": 0.005,
                                "Actual Total Time": 0.011,
                                "Actual Rows": 1,
                                "Actual Loops": 1,
                                "Output": [
                                    "id",
                                    "flg_0",
                                    "flg_1",
                                    "flg_2",
                                    "flg_3",
                                    "flg_4",
                                    "flg_5",
                                    "flg_6",
                                    "flg_7",
                                    "flg_8",
                                    "flg_9",
                                    "flg_10",
                                    "flg_11",
                                    "flg_12",
                                    "flg_13",
                                    "flg_14",
                                    "flg_15"
                                ],
                                "Filter": "(tests_benchmark_booltester015.flg_2 AND tests_benchmark_booltester015.flg_5 AND tests_benchmark_booltester015.flg_6 AND tests_benchmark_booltester015.flg_11 AND tests_benchmark_booltester015.flg_12 AND tests_benchmark_booltester015.flg_13 AND tests_benchmark_booltester015.flg_15)",
                                "Rows Removed by Filter": 100,
                                "Shared Hit Blocks": 1,
                                "Shared Read Blocks": 0,
                                "Shared Dirtied Blocks": 0,
                                "Shared Written Blocks": 0,
                                "Local Hit Blocks": 0,
                                "Local Read Blocks": 0,
                                "Local Dirtied Blocks": 0,
                                "Local Written Blocks": 0,
                                "Temp Read Blocks": 0,
                                "Temp Written Blocks": 0,
                                "WAL Records": 0,
                                "WAL FPI": 0,
                                "WAL Bytes": 0
                            },
                            "Settings": {},
                            "Planning": {
                                "Shared Hit Blocks": 0,
                                "Shared Read Blocks": 0,
                                "Shared Dirtied Blocks": 0,
                                "Shared Written Blocks": 0,
                                "Local Hit Blocks": 0,
                                "Local Read Blocks": 0,
                                "Local Dirtied Blocks": 0,
                                "Local Written Blocks": 0,
                                "Temp Read Blocks": 0,
                                "Temp Written Blocks": 0
                            },
                            "Planning Time": 0.01,
                            "Triggers": [],
                            "Execution Time": 0.013
                        },
                        "any_explanation": {
                            "Plan": {
                                "Node Type": "Seq Scan",
                                "Parallel Aware": false,
                                "Async Capable": false,
                                "Relation Name": "tests_benchmark_booltester015",
                                "Schema": "public",
                                "Alias": "tests_benchmark_booltester015",
                                "Startup Cost": 0.0,
                                "Total Cost": 2.01,
                                "Plan Rows": 100,
                                "Plan Width": 24,
                                "Actual Startup Time": 0.003,
                                "Actual Total Time": 0.012,
                                "Actual Rows": 100,
                                "Actual Loops": 1,
                                "Output": [
                                    "id",
                                    "flg_0",
                                    "flg_1",
                                    "flg_2",
                                    "flg_3",
                                    "flg_4",
                                    "flg_5",
                                    "flg_6",
                                    "flg_7",
                                    "flg_8",
                                    "flg_9",
                                    "flg_10",
                                    "flg_11",
                                    "flg_12",
                                    "flg_13",
                                    "flg_14",
                                    "flg_15"
                                ],
                                "Filter": "(tests_benchmark_booltester015.flg_2 OR tests_benchmark_booltester015.flg_5 OR tests_benchmark_booltester015.flg_6 OR tests_benchmark_booltester015.flg_11 OR tests_benchmark_booltester015.flg_12 OR tests_benchmark_booltester015.flg_13 OR tests_benchmark_booltester015.flg_15)",
                                "Rows Removed by Filter": 1,
                                "Shared Hit Blocks": 1,
                                "Shared Read Blocks": 0,
                                "Shared Dirtied Blocks": 0,
                                "Shared Written Blocks": 0,
                                "Local Hit Blocks": 0,
                                "Local Read Blocks": 0,
                                "Local Dirtied Blocks": 0,
                                "Local Written Blocks": 0,
                                "Temp Read Blocks": 0,
                                "Temp Written Blocks": 0,
                                "WAL Records": 0,
                                "WAL FPI": 0,
                                "WAL Bytes": 0
                            },
                            "Settings": {},
                            "Planning": {
                                "Shared Hit Blocks": 0,
                                "Shared Read Blocks": 0,
                                "Shared Dirtied Blocks": 0,
                                "Shared Written Blocks": 0,
                                "Local Hit Blocks": 0,
                                "Local Read Blocks": 0,
                                "Local Dirtied Blocks": 0,
                                "Local Written Blocks": 0,
                                "Temp Read Blocks": 0,
                                "Temp Written Blocks": 0
                            },
                            "Planning Time": 0.01,
                            "Triggers": [],
                            "Execution Time": 0.017
                        },
                        "exact_explanation": {
                            "Plan": {
                                "Node Type": "Seq Scan",
                                "Parallel Aware": false,
                                "Async Capable": false,
                                "Relation Name": "tests_benchmark_booltester015",
                                "Schema": "public",
                                "Alias": "tests_benchmark_booltester015",
                                "Startup Cost": 0.0,
                                "Total Cost": 2.01,
                                "Plan Rows": 1,
                                "Plan Width": 24,
                                "Actual Startup Time": 0.011,
                                "Actual Total Time": 0.011,
                                "Actual Rows": 0,
                                "Actual Loops": 1,
                                "Output": [
                                    "id",
                                    "flg_0",
                                    "flg_1",
                                    "flg_2",
                                    "flg_3",
                                    "flg_4",
                                    "flg_5",
                                    "flg_6",
                                    "flg_7",
                                    "flg_8",
                                    "flg_9",
                                    "flg_10",
                                    "flg_11",
                                    "flg_12",
                                    "flg_13",
                                    "flg_14",
                                    "flg_15"
                                ],
                                "Filter": "((NOT tests_benchmark_booltester015.flg_0) AND (NOT tests_benchmark_booltester015.flg_1) AND tests_benchmark_booltester015.flg_2 AND (NOT tests_benchmark_booltester015.flg_3) AND (NOT tests_benchmark_booltester015.flg_4) AND tests_benchmark_booltester015.flg_5 AND tests_benchmark_booltester015.flg_6 AND (NOT tests_benchmark_booltester015.flg_7) AND (NOT tests_benchmark_booltester015.flg_8) AND (NOT tests_benchmark_booltester015.flg_9) AND (NOT tests_benchmark_booltester015.flg_10) AND tests_benchmark_booltester015.flg_11 AND tests_benchmark_booltester015.flg_12 AND tests_benchmark_booltester015.flg_13 AND (NOT tests_benchmark_booltester015.flg_14) AND tests_benchmark_booltester015.flg_15)",
                                "Rows Removed by Filter": 101,
                                "Shared Hit Blocks": 1,
                                "Shared Read Blocks": 0,
                                "Shared Dirtied Blocks": 0,
                                "Shared Written Blocks": 0,
                                "Local Hit Blocks": 0,
                                "Local Read Blocks": 0,
                                "Local Dirtied Blocks": 0,
                                "Local Written Blocks": 0,
                                "Temp Read Blocks": 0,
                                "Temp Written Blocks": 0,
                                "WAL Records": 0,
                                "WAL FPI": 0,
                                "WAL Bytes": 0
                            },
                            "Settings": {},
                            "Planning": {
                                "Shared Hit Blocks": 0,
                                "Shared Read Blocks": 0,
                                "Shared Dirtied Blocks": 0,
                                "Shared Written Blocks": 0,
                                "Local Hit Blocks": 0,
                                "Local Read Blocks": 0,
                                "Local Dirtied Blocks": 0,
                                "Local Written Blocks": 0,
                                "Temp Read Blocks": 0,
                                "Temp Written Blocks": 0
                            },
                            "Planning Time": 0.014,
                            "Triggers": [],
                            "Execution Time": 0.014
                        },
                        "all_ftr_time": 1.1599999999999997e-05,
                        "any_ftr_time": 1.5500000000000004e-05,
                        "exact_ftr_time": 1.34e-05
                    },
                    "1000": {
                        "all_time": 0.001013800103100948,
                        "any_time": 0.001694758198573254,
                        "exact_time": 0.001180474901048001,
                        "table_size": 98304.0,
                        "index_time": 7.920025382190943e-07,
                        "all_explanation": {
                            "Plan": {
                                "Node Type": "Seq Scan",
                                "Parallel Aware": false,
                                "Async Capable": false,
                                "Relation Name": "tests_benchmark_booltester015",
                                "Schema": "public",
                                "Alias": "tests_benchmark_booltester015",
                                "Startup Cost": 0.0,
                                "Total Cost": 17.01,
                                "Plan Rows": 1,
                                "Plan Width": 24,
                                "Actual Startup Time": 0.019,
                                "Actual Total Time": 0.082,
                                "Actual Rows": 1,
                                "Actual Loops": 1,
                                "Output": [
                                    "id",
                                    "flg_0",
                                    "flg_1",
                                    "flg_2",
                                    "flg_3",
                                    "flg_4",
                                    "flg_5",
                                    "flg_6",
                                    "flg_7",
                                    "flg_8",
                                    "flg_9",
                                    "flg_10",
                                    "flg_11",
                                    "flg_12",
                                    "flg_13",
                                    "flg_14",
                                    "flg_15"
                                ],
                                "Filter": "(tests_benchmark_booltester015.flg_0 AND tests_benchmark_booltester015.flg_1 AND tests_benchmark_booltester015.flg_2 AND tests_benchmark_booltester015.flg_4 AND tests_benchmark_booltester015.flg_6 AND tests_benchmark_booltester015.flg_7 AND tests_benchmark_booltester015.flg_8 AND tests_benchmark_booltester015.flg_11 AND tests_benchmark_booltester015.flg_13 AND tests_benchmark_booltester015.flg_14)",
                                "Rows Removed by Filter": 1000,
                                "Shared Hit Blocks": 7,
                                "Shared Read Blocks": 0,
                                "Shared Dirtied Blocks": 0,
                                "Shared Written Blocks": 0,
                                "Local Hit Blocks": 0,
                                "Local Read Blocks": 0,
                                "Local Dirtied Blocks": 0,
                                "Local Written Blocks": 0,
                                "Temp Read Blocks": 0,
                                "Temp Written Blocks": 0,
                                "WAL Records": 0,
                                "WAL FPI": 0,
                                "WAL Bytes": 0
                            },
                            "Settings": {},
                            "Planning": {
                                "Shared Hit Blocks": 0,
                                "Shared Read Blocks": 0,
                                "Shared Dirtied Blocks": 0,
                                "Shared Written Blocks": 0,
                                "Local Hit Blocks": 0,
                                "Local Read Blocks": 0,
                                "Local Dirtied Blocks": 0,
                                "Local Written Blocks": 0,
                                "Temp Read Blocks": 0,
                                "Temp Written Blocks": 0
                            },
                            "Planning Time": 0.01,
                            "Triggers": [],
                            "Execution Time": 0.084
                        },
                        "any_explanation": {
                            "Plan": {
                                "Node Type": "Seq Scan",
                                "Parallel Aware": false,
                                "Async Capable": false,
                                "Relation Name": "tests_benchmark_booltester015",
                                "Schema": "public",
                                "Alias": "tests_benchmark_booltester015",
                                "Startup Cost": 0.0,
                                "Total Cost": 17.01,
                                "Plan Rows": 1000,
                                "Plan Width": 24,
                                "Actual Startup Time": 0.003,
                                "Actual Total Time": 0.095,
                                "Actual Rows": 998,
                                "Actual Loops": 1,
                                "Output": [
                                    "id",
                                    "flg_0",
                                    "flg_1",
                                    "flg_2",
                                    "flg_3",
                                    "flg_4",
                                    "flg_5",
                                    "flg_6",
                                    "flg_7",
                                    "flg_8",
                                    "flg_9",
                                    "flg_10",
                                    "flg_11",
                                    "flg_12",
                                    "flg_13",
                                    "flg_14",
                                    "flg_15"
                                ],
                                "Filter": "(tests_benchmark_booltester015.flg_0 OR tests_benchmark_booltester015.flg_1 OR tests_benchmark_booltester015.flg_2 OR tests_benchmark_booltester015.flg_4 OR tests_benchmark_booltester015.flg_6 OR tests_benchmark_booltester015.flg_7 OR tests_benchmark_booltester015.flg_8 OR tests_benchmark_booltester015.flg_11 OR tests_benchmark_booltester015.flg_13 OR tests_benchmark_booltester015.flg_14)",
                                "Rows Removed by Filter": 3,
                                "Shared Hit Blocks": 7,
                                "Shared Read Blocks": 0,
                                "Shared Dirtied Blocks": 0,
                                "Shared Written Blocks": 0,
                                "Local Hit Blocks": 0,
                                "Local Read Blocks": 0,
                                "Local Dirtied Blocks": 0,
                                "Local Written Blocks": 0,
                                "Temp Read Blocks": 0,
                                "Temp Written Blocks": 0,
                                "WAL Records": 0,
                                "WAL FPI": 0,
                                "WAL Bytes": 0
                            },
                            "Settings": {},
                            "Planning": {
                                "Shared Hit Blocks": 0,
                                "Shared Read Blocks": 0,
                                "Shared Dirtied Blocks": 0,
                                "Shared Written Blocks": 0,
                                "Local Hit Blocks": 0,
                                "Local Read Blocks": 0,
                                "Local Dirtied Blocks": 0,
                                "Local Written Blocks": 0,
                                "Temp Read Blocks": 0,
                                "Temp Written Blocks": 0
                            },
                            "Planning Time": 0.011,
                            "Triggers": [],
                            "Execution Time": 0.122
                        },
                        "exact_explanation": {
                            "Plan": {
                                "Node Type": "Seq Scan",
                                "Parallel Aware": false,
                                "Async Capable": false,
                                "Relation Name": "tests_benchmark_booltester015",
                                "Schema": "public",
                                "Alias": "tests_benchmark_booltester015",
                                "Startup Cost": 0.0,
                                "Total Cost": 17.01,
                                "Plan Rows": 1,
                                "Plan Width": 24,
                                "Actual Startup Time": 0.094,
                                "Actual Total Time": 0.094,
                                "Actual Rows": 0,
                                "Actual Loops": 1,
                                "Output": [
                                    "id",
                                    "flg_0",
                                    "flg_1",
                                    "flg_2",
                                    "flg_3",
                                    "flg_4",
                                    "flg_5",
                                    "flg_6",
                                    "flg_7",
                                    "flg_8",
                                    "flg_9",
                                    "flg_10",
                                    "flg_11",
                                    "flg_12",
                                    "flg_13",
                                    "flg_14",
                                    "flg_15"
                                ],
                                "Filter": "(tests_benchmark_booltester015.flg_0 AND tests_benchmark_booltester015.flg_1 AND tests_benchmark_booltester015.flg_2 AND (NOT tests_benchmark_booltester015.flg_3) AND tests_benchmark_booltester015.flg_4 AND (NOT tests_benchmark_booltester015.flg_5) AND tests_benchmark_booltester015.flg_6 AND tests_benchmark_booltester015.flg_7 AND tests_benchmark_booltester015.flg_8 AND (NOT tests_benchmark_booltester015.flg_9) AND (NOT tests_benchmark_booltester015.flg_10) AND tests_benchmark_booltester015.flg_11 AND (NOT tests_benchmark_booltester015.flg_12) AND tests_benchmark_booltester015.flg_13 AND tests_benchmark_booltester015.flg_14 AND (NOT tests_benchmark_booltester015.flg_15))",
                                "Rows Removed by Filter": 1001,
                                "Shared Hit Blocks": 7,
                                "Shared Read Blocks": 0,
                                "Shared Dirtied Blocks": 0,
                                "Shared Written Blocks": 0,
                                "Local Hit Blocks": 0,
                                "Local Read Blocks": 0,
                                "Local Dirtied Blocks": 0,
                                "Local Written Blocks": 0,
                                "Temp Read Blocks": 0,
                                "Temp Written Blocks": 0,
                                "WAL Records": 0,
                                "WAL FPI": 0,
                                "WAL Bytes": 0
                            },
                            "Settings": {},
                            "Planning": {
                                "Shared Hit Blocks": 0,
                                "Shared Read Blocks": 0,
                                "Shared Dirtied Blocks": 0,
                                "Shared Written Blocks": 0,
                                "Local Hit Blocks": 0,
                                "Local Read Blocks": 0,
                                "Local Dirtied Blocks": 0,
                                "Local Written Blocks": 0,
                                "Temp Read Blocks": 0,
                                "Temp Written Blocks": 0
                            },
                            "Planning Time": 0.013,
                            "Triggers": [],
                            "Execution Time": 0.097
                        },
                        "all_ftr_time": 7.979999999999999e-05,
                        "any_ftr_time": 0.00011469999999999998,
                        "exact_ftr_time": 8.959999999999998e-05
                    },
                    "10000": {
                        "all_time": 0.00245617499895161,
                        "any_time": 0.00834478750184644,
                        "exact_time": 0.0035253292036941273,
                        "table_size": 770048.0,
                        "index_time": 6.290996680036187e-06,
                        "all_explanation": {
                            "Plan": {
                                "Node Type": "Seq Scan",
                                "Parallel Aware": false,
                                "Async Capable": false,
                                "Relation Name": "tests_benchmark_booltester015",
                                "Schema": "public",
                                "Alias": "tests_benchmark_booltester015",
                                "Startup Cost": 0.0,
                                "Total Cost": 164.01,
                                "Plan Rows": 78,
                                "Plan Width": 24,
                                "Actual Startup Time": 0.01,
                                "Actual Total Time": 0.897,
                                "Actual Rows": 77,
                                "Actual Loops": 1,
                                "Output": [
                                    "id",
                                    "flg_0",
                                    "flg_1",
                                    "flg_2",
                                    "flg_3",
                                    "flg_4",
                                    "flg_5",
                                    "flg_6",
                                    "flg_7",
                                    "flg_8",
                                    "flg_9",
                                    "flg_10",
                                    "flg_11",
                                    "flg_12",
                                    "flg_13",
                                    "flg_14",
                                    "flg_15"
                                ],
                                "Filter": "(tests_benchmark_booltester015.flg_1 AND tests_benchmark_booltester015.flg_2 AND tests_benchmark_booltester015.flg_6 AND tests_benchmark_booltester015.flg_8 AND tests_benchmark_booltester015.flg_11 AND tests_benchmark_booltester015.flg_13 AND tests_benchmark_booltester015.flg_14)",
                                "Rows Removed by Filter": 9924,
                                "Shared Hit Blocks": 64,
                                "Shared Read Blocks": 0,
                                "Shared Dirtied Blocks": 0,
                                "Shared Written Blocks": 0,
                                "Local Hit Blocks": 0,
                                "Local Read Blocks": 0,
                                "Local Dirtied Blocks": 0,
                                "Local Written Blocks": 0,
                                "Temp Read Blocks": 0,
                                "Temp Written Blocks": 0,
                                "WAL Records": 0,
                                "WAL FPI": 0,
                                "WAL Bytes": 0
                            },
                            "Settings": {},
                            "Planning": {
                                "Shared Hit Blocks": 0,
                                "Shared Read Blocks": 0,
                                "Shared Dirtied Blocks": 0,
                                "Shared Written Blocks": 0,
                                "Local Hit Blocks": 0,
                                "Local Read Blocks": 0,
                                "Local Dirtied Blocks": 0,
                                "Local Written Blocks": 0,
                                "Temp Read Blocks": 0,
                                "Temp Written Blocks": 0
                            },
                            "Planning Time": 0.018,
                            "Triggers": [],
                            "Execution Time": 0.904
                        },
                        "any_explanation": {
                            "Plan": {
                                "Node Type": "Seq Scan",
                                "Parallel Aware": false,
                                "Async Capable": false,
                                "Relation Name": "tests_benchmark_booltester015",
                                "Schema": "public",
                                "Alias": "tests_benchmark_booltester015",
                                "Startup Cost": 0.0,
                                "Total Cost": 164.01,
                                "Plan Rows": 9923,
                                "Plan Width": 24,
                                "Actual Startup Time": 0.003,
                                "Actual Total Time": 1.024,
                                "Actual Rows": 9919,
                                "Actual Loops": 1,
                                "Output": [
                                    "id",
                                    "flg_0",
                                    "flg_1",
                                    "flg_2",
                                    "flg_3",
                                    "flg_4",
                                    "flg_5",
                                    "flg_6",
                                    "flg_7",
                                    "flg_8",
                                    "flg_9",
                                    "flg_10",
                                    "flg_11",
                                    "flg_12",
                                    "flg_13",
                                    "flg_14",
                                    "flg_15"
                                ],
                                "Filter": "(tests_benchmark_booltester015.flg_1 OR tests_benchmark_booltester015.flg_2 OR tests_benchmark_booltester015.flg_6 OR tests_benchmark_booltester015.flg_8 OR tests_benchmark_booltester015.flg_11 OR tests_benchmark_booltester015.flg_13 OR tests_benchmark_booltester015.flg_14)",
                                "Rows Removed by Filter": 82,
                                "Shared Hit Blocks": 64,
                                "Shared Read Blocks": 0,
                                "Shared Dirtied Blocks": 0,
                                "Shared Written Blocks": 0,
                                "Local Hit Blocks": 0,
                                "Local Read Blocks": 0,
                                "Local Dirtied Blocks": 0,
                                "Local Written Blocks": 0,
                                "Temp Read Blocks": 0,
                                "Temp Written Blocks": 0,
                                "WAL Records": 0,
                                "WAL FPI": 0,
                                "WAL Bytes": 0
                            },
                            "Settings": {},
                            "Planning": {
                                "Shared Hit Blocks": 0,
                                "Shared Read Blocks": 0,
                                "Shared Dirtied Blocks": 0,
                                "Shared Written Blocks": 0,
                                "Local Hit Blocks": 0,
                                "Local Read Blocks": 0,
                                "Local Dirtied Blocks": 0,
                                "Local Written Blocks": 0,
                                "Temp Read Blocks": 0,
                                "Temp Written Blocks": 0
                            },
                            "Planning Time": 0.012,
                            "Triggers": [],
                            "Execution Time": 1.293
                        },
                        "exact_explanation": {
                            "Plan": {
                                "Node Type": "Seq Scan",
                                "Parallel Aware": false,
                                "Async Capable": false,
                                "Relation Name": "tests_benchmark_booltester015",
                                "Schema": "public",
                                "Alias": "tests_benchmark_booltester015",
                                "Startup Cost": 0.0,
                                "Total Cost": 164.01,
                                "Plan Rows": 1,
                                "Plan Width": 24,
                                "Actual Startup Time": 0.127,
                                "Actual Total Time": 1.004,
                                "Actual Rows": 1,
                                "Actual Loops": 1,
                                "Output": [
                                    "id",
                                    "flg_0",
                                    "flg_1",
                                    "flg_2",
                                    "flg_3",
                                    "flg_4",
                                    "flg_5",
                                    "flg_6",
                                    "flg_7",
                                    "flg_8",
                                    "flg_9",
                                    "flg_10",
                                    "flg_11",
                                    "flg_12",
                                    "flg_13",
                                    "flg_14",
                                    "flg_15"
                                ],
                                "Filter": "((NOT tests_benchmark_booltester015.flg_0) AND tests_benchmark_booltester015.flg_1 AND tests_benchmark_booltester015.flg_2 AND (NOT tests_benchmark_booltester015.flg_3) AND (NOT tests_benchmark_booltester015.flg_4) AND (NOT tests_benchmark_booltester015.flg_5) AND tests_benchmark_booltester015.flg_6 AND (NOT tests_benchmark_booltester015.flg_7) AND tests_benchmark_booltester015.flg_8 AND (NOT tests_benchmark_booltester015.flg_9) AND (NOT tests_benchmark_booltester015.flg_10) AND tests_benchmark_booltester015.flg_11 AND (NOT tests_benchmark_booltester015.flg_12) AND tests_benchmark_booltester015.flg_13 AND tests_benchmark_booltester015.flg_14 AND (NOT tests_benchmark_booltester015.flg_15))",
                                "Rows Removed by Filter": 10000,
                                "Shared Hit Blocks": 64,
                                "Shared Read Blocks": 0,
                                "Shared Dirtied Blocks": 0,
                                "Shared Written Blocks": 0,
                                "Local Hit Blocks": 0,
                                "Local Read Blocks": 0,
                                "Local Dirtied Blocks": 0,
                                "Local Written Blocks": 0,
                                "Temp Read Blocks": 0,
                                "Temp Written Blocks": 0,
                                "WAL Records": 0,
                                "WAL FPI": 0,
                                "WAL Bytes": 0
                            },
                            "Settings": {},
                            "Planning": {
                                "Shared Hit Blocks": 0,
                                "Shared Read Blocks": 0,
                                "Shared Dirtied Blocks": 0,
                                "Shared Written Blocks": 0,
                                "Local Hit Blocks": 0,
                                "Local Read Blocks": 0,
                                "Local Dirtied Blocks": 0,
                                "Local Written Blocks": 0,
                                "Temp Read Blocks": 0,
                                "Temp Written Blocks": 0
                            },
                            "Planning Time": 0.014,
                            "Triggers": [],
                            "Execution Time": 1.008
                        },
                        "all_ftr_time": 0.0009184000000000001,
                        "any_ftr_time": 0.0013108,
                        "exact_ftr_time": 0.0010224
                    },
                    "100000": {
                        "all_time": 0.009421504200145137,
                        "any_time": 0.023262166799395346,
                        "exact_time": 0.01228510439832462,
                        "table_size": 7479296.0,
                        "index_time": 2.125001628883183e-06,
                        "all_explanation": {
                            "Plan": {
                                "Node Type": "Seq Scan",
                                "Parallel Aware": false,
                                "Async Capable": false,
                                "Relation Name": "tests_benchmark_booltester015",
                                "Schema": "public",
                                "Alias": "tests_benchmark_booltester015",
                                "Startup Cost": 0.0,
                                "Total Cost": 1637.01,
                                "Plan Rows": 781,
                                "Plan Width": 24,
                                "Actual Startup Time": 0.016,
                                "Actual Total Time": 6.765,
                                "Actual Rows": 794,
                                "Actual Loops": 1,
                                "Output": [
                                    "id",
                                    "flg_0",
                                    "flg_1",
                                    "flg_2",
                                    "flg_3",
                                    "flg_4",
                                    "flg_5",
                                    "flg_6",
                                    "flg_7",
                                    "flg_8",
                                    "flg_9",
                                    "flg_10",
                                    "flg_11",
                                    "flg_12",
                                    "flg_13",
                                    "flg_14",
                                    "flg_15"
                                ],
                                "Filter": "(tests_benchmark_booltester015.flg_0 AND tests_benchmark_booltester015.flg_4 AND tests_benchmark_booltester015.flg_5 AND tests_benchmark_booltester015.flg_6 AND tests_benchmark_booltester015.flg_11 AND tests_benchmark_booltester015.flg_13 AND tests_benchmark_booltester015.flg_14)",
                                "Rows Removed by Filter": 99207,
                                "Shared Hit Blocks": 637,
                                "Shared Read Blocks": 0,
                                "Shared Dirtied Blocks": 0,
                                "Shared Written Blocks": 0,
                                "Local Hit Blocks": 0,
                                "Local Read Blocks": 0,
                                "Local Dirtied Blocks": 0,
                                "Local Written Blocks": 0,
                                "Temp Read Blocks": 0,
                                "Temp Written Blocks": 0,
                                "WAL Records": 0,
                                "WAL FPI": 0,
                                "WAL Bytes": 0
                            },
                            "Settings": {},
                            "Planning": {
                                "Shared Hit Blocks": 0,
                                "Shared Read Blocks": 0,
                                "Shared Dirtied Blocks": 0,
                                "Shared Written Blocks": 0,
                                "Local Hit Blocks": 0,
                                "Local Read Blocks": 0,
                                "Local Dirtied Blocks": 0,
                                "Local Written Blocks": 0,
                                "Temp Read Blocks": 0,
                                "Temp Written Blocks": 0
                            },
                            "Planning Time": 0.009,
                            "Triggers": [],
                            "Execution Time": 6.783
                        },
                        "any_explanation": {
                            "Plan": {
                                "Node Type": "Seq Scan",
                                "Parallel Aware": false,
                                "Async Capable": false,
                                "Relation Name": "tests_benchmark_booltester015",
                                "Schema": "public",
                                "Alias": "tests_benchmark_booltester015",
                                "Startup Cost": 0.0,
                                "Total Cost": 1637.01,
                                "Plan Rows": 99220,
                                "Plan Width": 24,
                                "Actual Startup Time": 0.004,
                                "Actual Total Time": 8.344,
                                "Actual Rows": 99294,
                                "Actual Loops": 1,
                                "Output": [
                                    "id",
                                    "flg_0",
                                    "flg_1",
                                    "flg_2",
                                    "flg_3",
                                    "flg_4",
                                    "flg_5",
                                    "flg_6",
                                    "flg_7",
                                    "flg_8",
                                    "flg_9",
                                    "flg_10",
                                    "flg_11",
                                    "flg_12",
                                    "flg_13",
                                    "flg_14",
                                    "flg_15"
                                ],
                                "Filter": "(tests_benchmark_booltester015.flg_0 OR tests_benchmark_booltester015.flg_4 OR tests_benchmark_booltester015.flg_5 OR tests_benchmark_booltester015.flg_6 OR tests_benchmark_booltester015.flg_11 OR tests_benchmark_booltester015.flg_13 OR tests_benchmark_booltester015.flg_14)",
                                "Rows Removed by Filter": 707,
                                "Shared Hit Blocks": 637,
                                "Shared Read Blocks": 0,
                                "Shared Dirtied Blocks": 0,
                                "Shared Written Blocks": 0,
                                "Local Hit Blocks": 0,
                                "Local Read Blocks": 0,
                                "Local Dirtied Blocks": 0,
                                "Local Written Blocks": 0,
                                "Temp Read Blocks": 0,
                                "Temp Written Blocks": 0,
                                "WAL Records": 0,
                                "WAL FPI": 0,
                                "WAL Bytes": 0
                            },
                            "Settings": {},
                            "Planning": {
                                "Shared Hit Blocks": 0,
                                "Shared Read Blocks": 0,
                                "Shared Dirtied Blocks": 0,
                                "Shared Written Blocks": 0,
                                "Local Hit Blocks": 0,
                                "Local Read Blocks": 0,
                                "Local Dirtied Blocks": 0,
                                "Local Written Blocks": 0,
                                "Temp Read Blocks": 0,
                                "Temp Written Blocks": 0
                            },
                            "Planning Time": 0.029,
                            "Triggers": [],
                            "Execution Time": 10.441
                        },
                        "exact_explanation": {
                            "Plan": {
                                "Node Type": "Seq Scan",
                                "Parallel Aware": false,
                                "Async Capable": false,
                                "Relation Name": "tests_benchmark_booltester015",
                                "Schema": "public",
                                "Alias": "tests_benchmark_booltester015",
                                "Startup Cost": 0.0,
                                "Total Cost": 1637.01,
                                "Plan Rows": 2,
                                "Plan Width": 24,
                                "Actual Startup Time": 5.624,
                                "Actual Total Time": 8.106,
                                "Actual Rows": 1,
                                "Actual Loops": 1,
                                "Output": [
                                    "id",
                                    "flg_0",
                                    "flg_1",
                                    "flg_2",
                                    "flg_3",
                                    "flg_4",
                                    "flg_5",
                                    "flg_6",
                                    "flg_7",
                                    "flg_8",
                                    "flg_9",
                                    "flg_10",
                                    "flg_11",
                                    "flg_12",
                                    "flg_13",
                                    "flg_14",
                                    "flg_15"
                                ],
                                "Filter": "(tests_benchmark_booltester015.flg_0 AND (NOT tests_benchmark_booltester015.flg_1) AND (NOT tests_benchmark_booltester015.flg_2) AND (NOT tests_benchmark_booltester015.flg_3) AND tests_benchmark_booltester015.flg_4 AND tests_benchmark_booltester015.flg_5 AND tests_benchmark_booltester015.flg_6 AND (NOT tests_benchmark_booltester015.flg_7) AND (NOT tests_benchmark_booltester015.flg_8) AND (NOT tests_benchmark_booltester015.flg_9) AND (NOT tests_benchmark_booltester015.flg_10) AND tests_benchmark_booltester015.flg_11 AND (NOT tests_benchmark_booltester015.flg_12) AND tests_benchmark_booltester015.flg_13 AND tests_benchmark_booltester015.flg_14 AND (NOT tests_benchmark_booltester015.flg_15))",
                                "Rows Removed by Filter": 100000,
                                "Shared Hit Blocks": 637,
                                "Shared Read Blocks": 0,
                                "Shared Dirtied Blocks": 0,
                                "Shared Written Blocks": 0,
                                "Local Hit Blocks": 0,
                                "Local Read Blocks": 0,
                                "Local Dirtied Blocks": 0,
                                "Local Written Blocks": 0,
                                "Temp Read Blocks": 0,
                                "Temp Written Blocks": 0,
                                "WAL Records": 0,
                                "WAL FPI": 0,
                                "WAL Bytes": 0
                            },
                            "Settings": {},
                            "Planning": {
                                "Shared Hit Blocks": 0,
                                "Shared Read Blocks": 0,
                                "Shared Dirtied Blocks": 0,
                                "Shared Written Blocks": 0,
                                "Local Hit Blocks": 0,
                                "Local Read Blocks": 0,
                                "Local Dirtied Blocks": 0,
                                "Local Written Blocks": 0,
                                "Temp Read Blocks": 0,
                                "Temp Written Blocks": 0
                            },
                            "Planning Time": 0.032,
                            "Triggers": [],
                            "Execution Time": 8.114
                        },
                        "all_ftr_time": 0.007086299999999999,
                        "any_ftr_time": 0.0102136,
                        "exact_ftr_time": 0.007656799999999999
                    },
                    "1000000": {
                        "all_time": 0.03440397080266848,
                        "any_time": 0.15008417919889325,
                        "exact_time": 0.03755465000140248,
                        "table_size": 74448896.0,
                        "index_time": 2.125001628883183e-06,
                        "all_explanation": {
                            "Plan": {
                                "Node Type": "Gather",
                                "Parallel Aware": false,
                                "Async Capable": false,
                                "Startup Cost": 1000.0,
                                "Total Cost": 12317.97,
                                "Plan Rows": 7813,
                                "Plan Width": 24,
                                "Actual Startup Time": 0.082,
                                "Actual Total Time": 28.001,
                                "Actual Rows": 7803,
                                "Actual Loops": 1,
                                "Output": [
                                    "id",
                                    "flg_0",
                                    "flg_1",
                                    "flg_2",
                                    "flg_3",
                                    "flg_4",
                                    "flg_5",
                                    "flg_6",
                                    "flg_7",
                                    "flg_8",
                                    "flg_9",
                                    "flg_10",
                                    "flg_11",
                                    "flg_12",
                                    "flg_13",
                                    "flg_14",
                                    "flg_15"
                                ],
                                "Workers Planned": 2,
                                "Workers Launched": 2,
                                "Single Copy": false,
                                "Shared Hit Blocks": 4768,
                                "Shared Read Blocks": 1602,
                                "Shared Dirtied Blocks": 0,
                                "Shared Written Blocks": 0,
                                "Local Hit Blocks": 0,
                                "Local Read Blocks": 0,
                                "Local Dirtied Blocks": 0,
                                "Local Written Blocks": 0,
                                "Temp Read Blocks": 0,
                                "Temp Written Blocks": 0,
                                "WAL Records": 0,
                                "WAL FPI": 0,
                                "WAL Bytes": 0,
                                "Plans": [
                                    {
                                        "Node Type": "Seq Scan",
                                        "Parent Relationship": "Outer",
                                        "Parallel Aware": true,
                                        "Async Capable": false,
                                        "Relation Name": "tests_benchmark_booltester015",
                                        "Schema": "public",
                                        "Alias": "tests_benchmark_booltester015",
                                        "Startup Cost": 0.0,
                                        "Total Cost": 10536.67,
                                        "Plan Rows": 3255,
                                        "Plan Width": 24,
                                        "Actual Startup Time": 0.03,
                                        "Actual Total Time": 25.668,
                                        "Actual Rows": 2601,
                                        "Actual Loops": 3,
                                        "Output": [
                                            "id",
                                            "flg_0",
                                            "flg_1",
                                            "flg_2",
                                            "flg_3",
                                            "flg_4",
                                            "flg_5",
                                            "flg_6",
                                            "flg_7",
                                            "flg_8",
                                            "flg_9",
                                            "flg_10",
                                            "flg_11",
                                            "flg_12",
                                            "flg_13",
                                            "flg_14",
                                            "flg_15"
                                        ],
                                        "Filter": "(tests_benchmark_booltester015.flg_0 AND tests_benchmark_booltester015.flg_2 AND tests_benchmark_booltester015.flg_4 AND tests_benchmark_booltester015.flg_5 AND tests_benchmark_booltester015.flg_6 AND tests_benchmark_booltester015.flg_11 AND tests_benchmark_booltester015.flg_13)",
                                        "Rows Removed by Filter": 330733,
                                        "Shared Hit Blocks": 4768,
                                        "Shared Read Blocks": 1602,
                                        "Shared Dirtied Blocks": 0,
                                        "Shared Written Blocks": 0,
                                        "Local Hit Blocks": 0,
                                        "Local Read Blocks": 0,
                                        "Local Dirtied Blocks": 0,
                                        "Local Written Blocks": 0,
                                        "Temp Read Blocks": 0,
                                        "Temp Written Blocks": 0,
                                        "WAL Records": 0,
                                        "WAL FPI": 0,
                                        "WAL Bytes": 0,
                                        "Workers": [
                                            {
                                                "Worker Number": 0,
                                                "Actual Startup Time": 0.03,
                                                "Actual Total Time": 25.095,
                                                "Actual Rows": 2527,
                                                "Actual Loops": 1,
                                                "Shared Hit Blocks": 1557,
                                                "Shared Read Blocks": 482,
                                                "Shared Dirtied Blocks": 0,
                                                "Shared Written Blocks": 0,
                                                "Local Hit Blocks": 0,
                                                "Local Read Blocks": 0,
                                                "Local Dirtied Blocks": 0,
                                                "Local Written Blocks": 0,
                                                "Temp Read Blocks": 0,
                                                "Temp Written Blocks": 0,
                                                "WAL Records": 0,
                                                "WAL FPI": 0,
                                                "WAL Bytes": 0
                                            },
                                            {
                                                "Worker Number": 1,
                                                "Actual Startup Time": 0.037,
                                                "Actual Total Time": 25.097,
                                                "Actual Rows": 2522,
                                                "Actual Loops": 1,
                                                "Shared Hit Blocks": 1555,
                                                "Shared Read Blocks": 480,
                                                "Shared Dirtied Blocks": 0,
                                                "Shared Written Blocks": 0,
                                                "Local Hit Blocks": 0,
                                                "Local Read Blocks": 0,
                                                "Local Dirtied Blocks": 0,
                                                "Local Written Blocks": 0,
                                                "Temp Read Blocks": 0,
                                                "Temp Written Blocks": 0,
                                                "WAL Records": 0,
                                                "WAL FPI": 0,
                                                "WAL Bytes": 0
                                            }
                                        ]
                                    }
                                ]
                            },
                            "Settings": {},
                            "Planning": {
                                "Shared Hit Blocks": 0,
                                "Shared Read Blocks": 0,
                                "Shared Dirtied Blocks": 0,
                                "Shared Written Blocks": 0,
                                "Local Hit Blocks": 0,
                                "Local Read Blocks": 0,
                                "Local Dirtied Blocks": 0,
                                "Local Written Blocks": 0,
                                "Temp Read Blocks": 0,
                                "Temp Written Blocks": 0
                            },
                            "Planning Time": 0.03,
                            "Triggers": [],
                            "Execution Time": 28.18
                        },
                        "any_explanation": {
                            "Plan": {
                                "Node Type": "Seq Scan",
                                "Parallel Aware": false,
                                "Async Capable": false,
                                "Relation Name": "tests_benchmark_booltester015",
                                "Schema": "public",
                                "Alias": "tests_benchmark_booltester015",
                                "Startup Cost": 0.0,
                                "Total Cost": 16370.01,
                                "Plan Rows": 992188,
                                "Plan Width": 24,
                                "Actual Startup Time": 0.008,
                                "Actual Total Time": 80.286,
                                "Actual Rows": 992183,
                                "Actual Loops": 1,
                                "Output": [
                                    "id",
                                    "flg_0",
                                    "flg_1",
                                    "flg_2",
                                    "flg_3",
                                    "flg_4",
                                    "flg_5",
                                    "flg_6",
                                    "flg_7",
                                    "flg_8",
                                    "flg_9",
                                    "flg_10",
                                    "flg_11",
                                    "flg_12",
                                    "flg_13",
                                    "flg_14",
                                    "flg_15"
                                ],
                                "Filter": "(tests_benchmark_booltester015.flg_0 OR tests_benchmark_booltester015.flg_2 OR tests_benchmark_booltester015.flg_4 OR tests_benchmark_booltester015.flg_5 OR tests_benchmark_booltester015.flg_6 OR tests_benchmark_booltester015.flg_11 OR tests_benchmark_booltester015.flg_13)",
                                "Rows Removed by Filter": 7818,
                                "Shared Hit Blocks": 4960,
                                "Shared Read Blocks": 1410,
                                "Shared Dirtied Blocks": 0,
                                "Shared Written Blocks": 0,
                                "Local Hit Blocks": 0,
                                "Local Read Blocks": 0,
                                "Local Dirtied Blocks": 0,
                                "Local Written Blocks": 0,
                                "Temp Read Blocks": 0,
                                "Temp Written Blocks": 0,
                                "WAL Records": 0,
                                "WAL FPI": 0,
                                "WAL Bytes": 0
                            },
                            "Settings": {},
                            "Planning": {
                                "Shared Hit Blocks": 0,
                                "Shared Read Blocks": 0,
                                "Shared Dirtied Blocks": 0,
                                "Shared Written Blocks": 0,
                                "Local Hit Blocks": 0,
                                "Local Read Blocks": 0,
                                "Local Dirtied Blocks": 0,
                                "Local Written Blocks": 0,
                                "Temp Read Blocks": 0,
                                "Temp Written Blocks": 0
                            },
                            "Planning Time": 0.028,
                            "Triggers": [],
                            "Execution Time": 100.455
                        },
                        "exact_explanation": {
                            "Plan": {
                                "Node Type": "Gather",
                                "Parallel Aware": false,
                                "Async Capable": false,
                                "Startup Cost": 1000.0,
                                "Total Cost": 11538.17,
                                "Plan Rows": 15,
                                "Plan Width": 24,
                                "Actual Startup Time": 0.497,
                                "Actual Total Time": 30.87,
                                "Actual Rows": 13,
                                "Actual Loops": 1,
                                "Output": [
                                    "id",
                                    "flg_0",
                                    "flg_1",
                                    "flg_2",
                                    "flg_3",
                                    "flg_4",
                                    "flg_5",
                                    "flg_6",
                                    "flg_7",
                                    "flg_8",
                                    "flg_9",
                                    "flg_10",
                                    "flg_11",
                                    "flg_12",
                                    "flg_13",
                                    "flg_14",
                                    "flg_15"
                                ],
                                "Workers Planned": 2,
                                "Workers Launched": 2,
                                "Single Copy": false,
                                "Shared Hit Blocks": 5088,
                                "Shared Read Blocks": 1282,
                                "Shared Dirtied Blocks": 0,
                                "Shared Written Blocks": 0,
                                "Local Hit Blocks": 0,
                                "Local Read Blocks": 0,
                                "Local Dirtied Blocks": 0,
                                "Local Written Blocks": 0,
                                "Temp Read Blocks": 0,
                                "Temp Written Blocks": 0,
                                "WAL Records": 0,
                                "WAL FPI": 0,
                                "WAL Bytes": 0,
                                "Plans": [
                                    {
                                        "Node Type": "Seq Scan",
                                        "Parent Relationship": "Outer",
                                        "Parallel Aware": true,
                                        "Async Capable": false,
                                        "Relation Name": "tests_benchmark_booltester015",
                                        "Schema": "public",
                                        "Alias": "tests_benchmark_booltester015",
                                        "Startup Cost": 0.0,
                                        "Total Cost": 10536.67,
                                        "Plan Rows": 6,
                                        "Plan Width": 24,
                                        "Actual Startup Time": 1.147,
                                        "Actual Total Time": 28.814,
                                        "Actual Rows": 4,
                                        "Actual Loops": 3,
                                        "Output": [
                                            "id",
                                            "flg_0",
                                            "flg_1",
                                            "flg_2",
                                            "flg_3",
                                            "flg_4",
                                            "flg_5",
                                            "flg_6",
                                            "flg_7",
                                            "flg_8",
                                            "flg_9",
                                            "flg_10",
                                            "flg_11",
                                            "flg_12",
                                            "flg_13",
                                            "flg_14",
                                            "flg_15"
                                        ],
                                        "Filter": "(tests_benchmark_booltester015.flg_0 AND (NOT tests_benchmark_booltester015.flg_1) AND tests_benchmark_booltester015.flg_2 AND (NOT tests_benchmark_booltester015.flg_3) AND tests_benchmark_booltester015.flg_4 AND tests_benchmark_booltester015.flg_5 AND tests_benchmark_booltester015.flg_6 AND (NOT tests_benchmark_booltester015.flg_7) AND (NOT tests_benchmark_booltester015.flg_8) AND (NOT tests_benchmark_booltester015.flg_9) AND (NOT tests_benchmark_booltester015.flg_10) AND tests_benchmark_booltester015.flg_11 AND (NOT tests_benchmark_booltester015.flg_12) AND tests_benchmark_booltester015.flg_13 AND (NOT tests_benchmark_booltester015.flg_14) AND (NOT tests_benchmark_booltester015.flg_15))",
                                        "Rows Removed by Filter": 333329,
                                        "Shared Hit Blocks": 5088,
                                        "Shared Read Blocks": 1282,
                                        "Shared Dirtied Blocks": 0,
                                        "Shared Written Blocks": 0,
                                        "Local Hit Blocks": 0,
                                        "Local Read Blocks": 0,
                                        "Local Dirtied Blocks": 0,
                                        "Local Written Blocks": 0,
                                        "Temp Read Blocks": 0,
                                        "Temp Written Blocks": 0,
                                        "WAL Records": 0,
                                        "WAL FPI": 0,
                                        "WAL Bytes": 0,
                                        "Workers": [
                                            {
                                                "Worker Number": 0,
                                                "Actual Startup Time": 0.812,
                                                "Actual Total Time": 28.211,
                                                "Actual Rows": 5,
                                                "Actual Loops": 1,
                                                "Shared Hit Blocks": 1662,
                                                "Shared Read Blocks": 384,
                                                "Shared Dirtied Blocks": 0,
                                                "Shared Written Blocks": 0,
                                                "Local Hit Blocks": 0,
                                                "Local Read Blocks": 0,
                                                "Local Dirtied Blocks": 0,
                                                "Local Written Blocks": 0,
                                                "Temp Read Blocks": 0,
                                                "Temp Written Blocks": 0,
                                                "WAL Records": 0,
                                                "WAL FPI": 0,
                                                "WAL Bytes": 0
                                            },
                                            {
                                                "Worker Number": 1,
                                                "Actual Startup Time": 2.193,
                                                "Actual Total Time": 28.183,
                                                "Actual Rows": 4,
                                                "Actual Loops": 1,
                                                "Shared Hit Blocks": 1663,
                                                "Shared Read Blocks": 380,
                                                "Shared Dirtied Blocks": 0,
                                                "Shared Written Blocks": 0,
                                                "Local Hit Blocks": 0,
                                                "Local Read Blocks": 0,
                                                "Local Dirtied Blocks": 0,
                                                "Local Written Blocks": 0,
                                                "Temp Read Blocks": 0,
                                                "Temp Written Blocks": 0,
                                                "WAL Records": 0,
                                                "WAL FPI": 0,
                                                "WAL Bytes": 0
                                            }
                                        ]
                                    }
                                ]
                            },
                            "Settings": {},
                            "Planning": {
                                "Shared Hit Blocks": 0,
                                "Shared Read Blocks": 0,
                                "Shared Dirtied Blocks": 0,
                                "Shared Written Blocks": 0,
                                "Local Hit Blocks": 0,
                                "Local Read Blocks": 0,
                                "Local Dirtied Blocks": 0,
                                "Local Written Blocks": 0,
                                "Temp Read Blocks": 0,
                                "Temp Written Blocks": 0
                            },
                            "Planning Time": 0.029,
                            "Triggers": [],
                            "Execution Time": 30.878
                        },
                        "all_ftr_time": 0.030655300000000003,
                        "any_ftr_time": 0.10800439999999999,
                        "exact_ftr_time": 0.0322854
                    },
                    "2000000": {
                        "all_time": 0.06422337929689093,
                        "any_time": 0.3009648126011598,
                        "exact_time": 0.06927336660155561,
                        "table_size": 148897792.0,
                        "index_time": 3.6249984987080097e-06,
                        "all_explanation": {
                            "Plan": {
                                "Node Type": "Gather",
                                "Parallel Aware": false,
                                "Async Capable": false,
                                "Startup Cost": 1000.0,
                                "Total Cost": 28322.34,
                                "Plan Rows": 62500,
                                "Plan Width": 24,
                                "Actual Startup Time": 0.067,
                                "Actual Total Time": 56.154,
                                "Actual Rows": 62546,
                                "Actual Loops": 1,
                                "Output": [
                                    "id",
                                    "flg_0",
                                    "flg_1",
                                    "flg_2",
                                    "flg_3",
                                    "flg_4",
                                    "flg_5",
                                    "flg_6",
                                    "flg_7",
                                    "flg_8",
                                    "flg_9",
                                    "flg_10",
                                    "flg_11",
                                    "flg_12",
                                    "flg_13",
                                    "flg_14",
                                    "flg_15"
                                ],
                                "Workers Planned": 2,
                                "Workers Launched": 2,
                                "Single Copy": false,
                                "Shared Hit Blocks": 4768,
                                "Shared Read Blocks": 7971,
                                "Shared Dirtied Blocks": 0,
                                "Shared Written Blocks": 0,
                                "Local Hit Blocks": 0,
                                "Local Read Blocks": 0,
                                "Local Dirtied Blocks": 0,
                                "Local Written Blocks": 0,
                                "Temp Read Blocks": 0,
                                "Temp Written Blocks": 0,
                                "WAL Records": 0,
                                "WAL FPI": 0,
                                "WAL Bytes": 0,
                                "Plans": [
                                    {
                                        "Node Type": "Seq Scan",
                                        "Parent Relationship": "Outer",
                                        "Parallel Aware": true,
                                        "Async Capable": false,
                                        "Relation Name": "tests_benchmark_booltester015",
                                        "Schema": "public",
                                        "Alias": "tests_benchmark_booltester015",
                                        "Startup Cost": 0.0,
                                        "Total Cost": 21072.34,
                                        "Plan Rows": 26042,
                                        "Plan Width": 24,
                                        "Actual Startup Time": 0.019,
                                        "Actual Total Time": 53.478,
                                        "Actual Rows": 20849,
                                        "Actual Loops": 3,
                                        "Output": [
                                            "id",
                                            "flg_0",
                                            "flg_1",
                                            "flg_2",
                                            "flg_3",
                                            "flg_4",
                                            "flg_5",
                                            "flg_6",
                                            "flg_7",
                                            "flg_8",
                                            "flg_9",
                                            "flg_10",
                                            "flg_11",
                                            "flg_12",
                                            "flg_13",
                                            "flg_14",
                                            "flg_15"
                                        ],
                                        "Filter": "(tests_benchmark_booltester015.flg_2 AND tests_benchmark_booltester015.flg_9 AND tests_benchmark_booltester015.flg_10 AND tests_benchmark_booltester015.flg_13 AND tests_benchmark_booltester015.flg_14)",
                                        "Rows Removed by Filter": 645818,
                                        "Shared Hit Blocks": 4768,
                                        "Shared Read Blocks": 7971,
                                        "Shared Dirtied Blocks": 0,
                                        "Shared Written Blocks": 0,
                                        "Local Hit Blocks": 0,
                                        "Local Read Blocks": 0,
                                        "Local Dirtied Blocks": 0,
                                        "Local Written Blocks": 0,
                                        "Temp Read Blocks": 0,
                                        "Temp Written Blocks": 0,
                                        "WAL Records": 0,
                                        "WAL FPI": 0,
                                        "WAL Bytes": 0,
                                        "Workers": [
                                            {
                                                "Worker Number": 0,
                                                "Actual Startup Time": 0.025,
                                                "Actual Total Time": 53.754,
                                                "Actual Rows": 20880,
                                                "Actual Loops": 1,
                                                "Shared Hit Blocks": 1576,
                                                "Shared Read Blocks": 2651,
                                                "Shared Dirtied Blocks": 0,
                                                "Shared Written Blocks": 0,
                                                "Local Hit Blocks": 0,
                                                "Local Read Blocks": 0,
                                                "Local Dirtied Blocks": 0,
                                                "Local Written Blocks": 0,
                                                "Temp Read Blocks": 0,
                                                "Temp Written Blocks": 0,
                                                "WAL Records": 0,
                                                "WAL FPI": 0,
                                                "WAL Bytes": 0
                                            },
                                            {
                                                "Worker Number": 1,
                                                "Actual Startup Time": 0.026,
                                                "Actual Total Time": 53.749,
                                                "Actual Rows": 20811,
                                                "Actual Loops": 1,
                                                "Shared Hit Blocks": 1577,
                                                "Shared Read Blocks": 2648,
                                                "Shared Dirtied Blocks": 0,
                                                "Shared Written Blocks": 0,
                                                "Local Hit Blocks": 0,
                                                "Local Read Blocks": 0,
                                                "Local Dirtied Blocks": 0,
                                                "Local Written Blocks": 0,
                                                "Temp Read Blocks": 0,
                                                "Temp Written Blocks": 0,
                                                "WAL Records": 0,
                                                "WAL FPI": 0,
                                                "WAL Bytes": 0
                                            }
                                        ]
                                    }
                                ]
                            },
                            "Settings": {},
                            "Planning": {
                                "Shared Hit Blocks": 0,
                                "Shared Read Blocks": 0,
                                "Shared Dirtied Blocks": 0,
                                "Shared Written Blocks": 0,
                                "Local Hit Blocks": 0,
                                "Local Read Blocks": 0,
                                "Local Dirtied Blocks": 0,
                                "Local Written Blocks": 0,
                                "Temp Read Blocks": 0,
                                "Temp Written Blocks": 0
                            },
                            "Planning Time": 0.03,
                            "Triggers": [],
                            "Execution Time": 57.536
                        },
                        "any_explanation": {
                            "Plan": {
                                "Node Type": "Seq Scan",
                                "Parallel Aware": false,
                                "Async Capable": false,
                                "Relation Name": "tests_benchmark_booltester015",
                                "Schema": "public",
                                "Alias": "tests_benchmark_booltester015",
                                "Startup Cost": 0.0,
                                "Total Cost": 32739.01,
                                "Plan Rows": 1937501,
                                "Plan Width": 24,
                                "Actual Startup Time": 0.008,
                                "Actual Total Time": 167.565,
                                "Actual Rows": 1937051,
                                "Actual Loops": 1,
                                "Output": [
                                    "id",
                                    "flg_0",
                                    "flg_1",
                                    "flg_2",
                                    "flg_3",
                                    "flg_4",
                                    "flg_5",
                                    "flg_6",
                                    "flg_7",
                                    "flg_8",
                                    "flg_9",
                                    "flg_10",
                                    "flg_11",
                                    "flg_12",
                                    "flg_13",
                                    "flg_14",
                                    "flg_15"
                                ],
                                "Filter": "(tests_benchmark_booltester015.flg_2 OR tests_benchmark_booltester015.flg_9 OR tests_benchmark_booltester015.flg_10 OR tests_benchmark_booltester015.flg_13 OR tests_benchmark_booltester015.flg_14)",
                                "Rows Removed by Filter": 62950,
                                "Shared Hit Blocks": 4960,
                                "Shared Read Blocks": 7779,
                                "Shared Dirtied Blocks": 0,
                                "Shared Written Blocks": 0,
                                "Local Hit Blocks": 0,
                                "Local Read Blocks": 0,
                                "Local Dirtied Blocks": 0,
                                "Local Written Blocks": 0,
                                "Temp Read Blocks": 0,
                                "Temp Written Blocks": 0,
                                "WAL Records": 0,
                                "WAL FPI": 0,
                                "WAL Bytes": 0
                            },
                            "Settings": {},
                            "Planning": {
                                "Shared Hit Blocks": 0,
                                "Shared Read Blocks": 0,
                                "Shared Dirtied Blocks": 0,
                                "Shared Written Blocks": 0,
                                "Local Hit Blocks": 0,
                                "Local Read Blocks": 0,
                                "Local Dirtied Blocks": 0,
                                "Local Written Blocks": 0,
                                "Temp Read Blocks": 0,
                                "Temp Written Blocks": 0
                            },
                            "Planning Time": 0.037,
                            "Triggers": [],
                            "Execution Time": 207.133
                        },
                        "exact_explanation": {
                            "Plan": {
                                "Node Type": "Gather",
                                "Parallel Aware": false,
                                "Async Capable": false,
                                "Startup Cost": 1000.0,
                                "Total Cost": 22075.44,
                                "Plan Rows": 31,
                                "Plan Width": 24,
                                "Actual Startup Time": 1.651,
                                "Actual Total Time": 62.302,
                                "Actual Rows": 37,
                                "Actual Loops": 1,
                                "Output": [
                                    "id",
                                    "flg_0",
                                    "flg_1",
                                    "flg_2",
                                    "flg_3",
                                    "flg_4",
                                    "flg_5",
                                    "flg_6",
                                    "flg_7",
                                    "flg_8",
                                    "flg_9",
                                    "flg_10",
                                    "flg_11",
                                    "flg_12",
                                    "flg_13",
                                    "flg_14",
                                    "flg_15"
                                ],
                                "Workers Planned": 2,
                                "Workers Launched": 2,
                                "Single Copy": false,
                                "Shared Hit Blocks": 5088,
                                "Shared Read Blocks": 7651,
                                "Shared Dirtied Blocks": 0,
                                "Shared Written Blocks": 0,
                                "Local Hit Blocks": 0,
                                "Local Read Blocks": 0,
                                "Local Dirtied Blocks": 0,
                                "Local Written Blocks": 0,
                                "Temp Read Blocks": 0,
                                "Temp Written Blocks": 0,
                                "WAL Records": 0,
                                "WAL FPI": 0,
                                "WAL Bytes": 0,
                                "Plans": [
                                    {
                                        "Node Type": "Seq Scan",
                                        "Parent Relationship": "Outer",
                                        "Parallel Aware": true,
                                        "Async Capable": false,
                                        "Relation Name": "tests_benchmark_booltester015",
                                        "Schema": "public",
                                        "Alias": "tests_benchmark_booltester015",
                                        "Startup Cost": 0.0,
                                        "Total Cost": 21072.34,
                                        "Plan Rows": 13,
                                        "Plan Width": 24,
                                        "Actual Startup Time": 2.114,
                                        "Actual Total Time": 60.1,
                                        "Actual Rows": 12,
                                        "Actual Loops": 3,
                                        "Output": [
                                            "id",
                                            "flg_0",
                                            "flg_1",
                                            "flg_2",
                                            "flg_3",
                                            "flg_4",
                                            "flg_5",
                                            "flg_6",
                                            "flg_7",
                                            "flg_8",
                                            "flg_9",
                                            "flg_10",
                                            "flg_11",
                                            "flg_12",
                                            "flg_13",
                                            "flg_14",
                                            "flg_15"
                                        ],
                                        "Filter": "((NOT tests_benchmark_booltester015.flg_0) AND (NOT tests_benchmark_booltester015.flg_1) AND tests_benchmark_booltester015.flg_2 AND (NOT tests_benchmark_booltester015.flg_3) AND (NOT tests_benchmark_booltester015.flg_4) AND (NOT tests_benchmark_booltester015.flg_5) AND (NOT tests_benchmark_booltester015.flg_6) AND (NOT tests_benchmark_booltester015.flg_7) AND (NOT tests_benchmark_booltester015.flg_8) AND tests_benchmark_booltester015.flg_9 AND tests_benchmark_booltester015.flg_10 AND (NOT tests_benchmark_booltester015.flg_11) AND (NOT tests_benchmark_booltester015.flg_12) AND tests_benchmark_booltester015.flg_13 AND tests_benchmark_booltester015.flg_14 AND (NOT tests_benchmark_booltester015.flg_15))",
                                        "Rows Removed by Filter": 666655,
                                        "Shared Hit Blocks": 5088,
                                        "Shared Read Blocks": 7651,
                                        "Shared Dirtied Blocks": 0,
                                        "Shared Written Blocks": 0,
                                        "Local Hit Blocks": 0,
                                        "Local Read Blocks": 0,
                                        "Local Dirtied Blocks": 0,
                                        "Local Written Blocks": 0,
                                        "Temp Read Blocks": 0,
                                        "Temp Written Blocks": 0,
                                        "WAL Records": 0,
                                        "WAL FPI": 0,
                                        "WAL Bytes": 0,
                                        "Workers": [
                                            {
                                                "Worker Number": 0,
                                                "Actual Startup Time": 1.813,
                                                "Actual Total Time": 59.429,
                                                "Actual Rows": 11,
                                                "Actual Loops": 1,
                                                "Shared Hit Blocks": 1663,
                                                "Shared Read Blocks": 2504,
                                                "Shared Dirtied Blocks": 0,
                                                "Shared Written Blocks": 0,
                                                "Local Hit Blocks": 0,
                                                "Local Read Blocks": 0,
                                                "Local Dirtied Blocks": 0,
                                                "Local Written Blocks": 0,
                                                "Temp Read Blocks": 0,
                                                "Temp Written Blocks": 0,
                                                "WAL Records": 0,
                                                "WAL FPI": 0,
                                                "WAL Bytes": 0
                                            },
                                            {
                                                "Worker Number": 1,
                                                "Actual Startup Time": 2.947,
                                                "Actual Total Time": 59.487,
                                                "Actual Rows": 12,
                                                "Actual Loops": 1,
                                                "Shared Hit Blocks": 1663,
                                                "Shared Read Blocks": 2512,
                                                "Shared Dirtied Blocks": 0,
                                                "Shared Written Blocks": 0,
                                                "Local Hit Blocks": 0,
                                                "Local Read Blocks": 0,
                                                "Local Dirtied Blocks": 0,
                                                "Local Written Blocks": 0,
                                                "Temp Read Blocks": 0,
                                                "Temp Written Blocks": 0,
                                                "WAL Records": 0,
                                                "WAL FPI": 0,
                                                "WAL Bytes": 0
                                            }
                                        ]
                                    }
                                ]
                            },
                            "Settings": {},
                            "Planning": {
                                "Shared Hit Blocks": 0,
                                "Shared Read Blocks": 0,
                                "Shared Dirtied Blocks": 0,
                                "Shared Written Blocks": 0,
                                "Local Hit Blocks": 0,
                                "Local Read Blocks": 0,
                                "Local Dirtied Blocks": 0,
                                "Local Written Blocks": 0,
                                "Temp Read Blocks": 0,
                                "Temp Written Blocks": 0
                            },
                            "Planning Time": 0.032,
                            "Triggers": [],
                            "Execution Time": 62.311
                        },
                        "all_ftr_time": 0.0608762,
                        "any_ftr_time": 0.2232183,
                        "exact_ftr_time": 0.0633839
                    },
                    "4000000": {
                        "all_time": 0.12506297919753706,
                        "any_time": 0.6010049250995507,
                        "exact_time": 0.129489862601622,
                        "table_size": 298844160.0,
                        "index_time": 3.000008291564882e-06,
                        "all_explanation": {
                            "Plan": {
                                "Node Type": "Gather",
                                "Parallel Aware": false,
                                "Async Capable": false,
                                "Startup Cost": 1000.0,
                                "Total Cost": 43925.97,
                                "Plan Rows": 7813,
                                "Plan Width": 24,
                                "Actual Startup Time": 0.11,
                                "Actual Total Time": 121.821,
                                "Actual Rows": 7790,
                                "Actual Loops": 1,
                                "Output": [
                                    "id",
                                    "flg_0",
                                    "flg_1",
                                    "flg_2",
                                    "flg_3",
                                    "flg_4",
                                    "flg_5",
                                    "flg_6",
                                    "flg_7",
                                    "flg_8",
                                    "flg_9",
                                    "flg_10",
                                    "flg_11",
                                    "flg_12",
                                    "flg_13",
                                    "flg_14",
                                    "flg_15"
                                ],
                                "Workers Planned": 2,
                                "Workers Launched": 2,
                                "Single Copy": false,
                                "Shared Hit Blocks": 4768,
                                "Shared Read Blocks": 20710,
                                "Shared Dirtied Blocks": 0,
                                "Shared Written Blocks": 0,
                                "Local Hit Blocks": 0,
                                "Local Read Blocks": 0,
                                "Local Dirtied Blocks": 0,
                                "Local Written Blocks": 0,
                                "Temp Read Blocks": 0,
                                "Temp Written Blocks": 0,
                                "WAL Records": 0,
                                "WAL FPI": 0,
                                "WAL Bytes": 0,
                                "Plans": [
                                    {
                                        "Node Type": "Seq Scan",
                                        "Parent Relationship": "Outer",
                                        "Parallel Aware": true,
                                        "Async Capable": false,
                                        "Relation Name": "tests_benchmark_booltester015",
                                        "Schema": "public",
                                        "Alias": "tests_benchmark_booltester015",
                                        "Startup Cost": 0.0,
                                        "Total Cost": 42144.67,
                                        "Plan Rows": 3255,
                                        "Plan Width": 24,
                                        "Actual Startup Time": 0.08,
                                        "Actual Total Time": 119.463,
                                        "Actual Rows": 2597,
                                        "Actual Loops": 3,
                                        "Output": [
                                            "id",
                                            "flg_0",
                                            "flg_1",
                                            "flg_2",
                                            "flg_3",
                                            "flg_4",
                                            "flg_5",
                                            "flg_6",
                                            "flg_7",
                                            "flg_8",
                                            "flg_9",
                                            "flg_10",
                                            "flg_11",
                                            "flg_12",
                                            "flg_13",
                                            "flg_14",
                                            "flg_15"
                                        ],
                                        "Filter": "(tests_benchmark_booltester015.flg_0 AND tests_benchmark_booltester015.flg_2 AND tests_benchmark_booltester015.flg_3 AND tests_benchmark_booltester015.flg_8 AND tests_benchmark_booltester015.flg_9 AND tests_benchmark_booltester015.flg_11 AND tests_benchmark_booltester015.flg_12 AND tests_benchmark_booltester015.flg_14 AND tests_benchmark_booltester015.flg_15)",
                                        "Rows Removed by Filter": 1330737,
                                        "Shared Hit Blocks": 4768,
                                        "Shared Read Blocks": 20710,
                                        "Shared Dirtied Blocks": 0,
                                        "Shared Written Blocks": 0,
                                        "Local Hit Blocks": 0,
                                        "Local Read Blocks": 0,
                                        "Local Dirtied Blocks": 0,
                                        "Local Written Blocks": 0,
                                        "Temp Read Blocks": 0,
                                        "Temp Written Blocks": 0,
                                        "WAL Records": 0,
                                        "WAL FPI": 0,
                                        "WAL Bytes": 0,
                                        "Workers": [
                                            {
                                                "Worker Number": 0,
                                                "Actual Startup Time": 0.064,
                                                "Actual Total Time": 118.872,
                                                "Actual Rows": 2564,
                                                "Actual Loops": 1,
                                                "Shared Hit Blocks": 1553,
                                                "Shared Read Blocks": 6848,
                                                "Shared Dirtied Blocks": 0,
                                                "Shared Written Blocks": 0,
                                                "Local Hit Blocks": 0,
                                                "Local Read Blocks": 0,
                                                "Local Dirtied Blocks": 0,
                                                "Local Written Blocks": 0,
                                                "Temp Read Blocks": 0,
                                                "Temp Written Blocks": 0,
                                                "WAL Records": 0,
                                                "WAL FPI": 0,
                                                "WAL Bytes": 0
                                            },
                                            {
                                                "Worker Number": 1,
                                                "Actual Startup Time": 0.129,
                                                "Actual Total Time": 118.961,
                                                "Actual Rows": 2557,
                                                "Actual Loops": 1,
                                                "Shared Hit Blocks": 1557,
                                                "Shared Read Blocks": 6870,
                                                "Shared Dirtied Blocks": 0,
                                                "Shared Written Blocks": 0,
                                                "Local Hit Blocks": 0,
                                                "Local Read Blocks": 0,
                                                "Local Dirtied Blocks": 0,
                                                "Local Written Blocks": 0,
                                                "Temp Read Blocks": 0,
                                                "Temp Written Blocks": 0,
                                                "WAL Records": 0,
                                                "WAL FPI": 0,
                                                "WAL Bytes": 0
                                            }
                                        ]
                                    }
                                ]
                            },
                            "Settings": {},
                            "Planning": {
                                "Shared Hit Blocks": 0,
                                "Shared Read Blocks": 0,
                                "Shared Dirtied Blocks": 0,
                                "Shared Written Blocks": 0,
                                "Local Hit Blocks": 0,
                                "Local Read Blocks": 0,
                                "Local Dirtied Blocks": 0,
                                "Local Written Blocks": 0,
                                "Temp Read Blocks": 0,
                                "Temp Written Blocks": 0
                            },
                            "Planning Time": 0.031,
                            "Triggers": [],
                            "Execution Time": 122.009
                        },
                        "any_explanation": {
                            "Plan": {
                                "Node Type": "Seq Scan",
                                "Parallel Aware": false,
                                "Async Capable": false,
                                "Relation Name": "tests_benchmark_booltester015",
                                "Schema": "public",
                                "Alias": "tests_benchmark_booltester015",
                                "Startup Cost": 0.0,
                                "Total Cost": 65478.01,
                                "Plan Rows": 3992188,
                                "Plan Width": 24,
                                "Actual Startup Time": 0.009,
                                "Actual Total Time": 373.625,
                                "Actual Rows": 3992309,
                                "Actual Loops": 1,
                                "Output": [
                                    "id",
                                    "flg_0",
                                    "flg_1",
                                    "flg_2",
                                    "flg_3",
                                    "flg_4",
                                    "flg_5",
                                    "flg_6",
                                    "flg_7",
                                    "flg_8",
                                    "flg_9",
                                    "flg_10",
                                    "flg_11",
                                    "flg_12",
                                    "flg_13",
                                    "flg_14",
                                    "flg_15"
                                ],
                                "Filter": "(tests_benchmark_booltester015.flg_0 OR tests_benchmark_booltester015.flg_2 OR tests_benchmark_booltester015.flg_3 OR tests_benchmark_booltester015.flg_8 OR tests_benchmark_booltester015.flg_9 OR tests_benchmark_booltester015.flg_11 OR tests_benchmark_booltester015.flg_12 OR tests_benchmark_booltester015.flg_14 OR tests_benchmark_booltester015.flg_15)",
                                "Rows Removed by Filter": 7692,
                                "Shared Hit Blocks": 4960,
                                "Shared Read Blocks": 20518,
                                "Shared Dirtied Blocks": 0,
                                "Shared Written Blocks": 0,
                                "Local Hit Blocks": 0,
                                "Local Read Blocks": 0,
                                "Local Dirtied Blocks": 0,
                                "Local Written Blocks": 0,
                                "Temp Read Blocks": 0,
                                "Temp Written Blocks": 0,
                                "WAL Records": 0,
                                "WAL FPI": 0,
                                "WAL Bytes": 0
                            },
                            "Settings": {},
                            "Planning": {
                                "Shared Hit Blocks": 0,
                                "Shared Read Blocks": 0,
                                "Shared Dirtied Blocks": 0,
                                "Shared Written Blocks": 0,
                                "Local Hit Blocks": 0,
                                "Local Read Blocks": 0,
                                "Local Dirtied Blocks": 0,
                                "Local Written Blocks": 0,
                                "Temp Read Blocks": 0,
                                "Temp Written Blocks": 0
                            },
                            "Planning Time": 0.026,
                            "Triggers": [],
                            "Execution Time": 454.964
                        },
                        "exact_explanation": {
                            "Plan": {
                                "Node Type": "Gather",
                                "Parallel Aware": false,
                                "Async Capable": false,
                                "Startup Cost": 1000.0,
                                "Total Cost": 43150.77,
                                "Plan Rows": 61,
                                "Plan Width": 24,
                                "Actual Startup Time": 11.215,
                                "Actual Total Time": 123.805,
                                "Actual Rows": 49,
                                "Actual Loops": 1,
                                "Output": [
                                    "id",
                                    "flg_0",
                                    "flg_1",
                                    "flg_2",
                                    "flg_3",
                                    "flg_4",
                                    "flg_5",
                                    "flg_6",
                                    "flg_7",
                                    "flg_8",
                                    "flg_9",
                                    "flg_10",
                                    "flg_11",
                                    "flg_12",
                                    "flg_13",
                                    "flg_14",
                                    "flg_15"
                                ],
                                "Workers Planned": 2,
                                "Workers Launched": 2,
                                "Single Copy": false,
                                "Shared Hit Blocks": 5088,
                                "Shared Read Blocks": 20390,
                                "Shared Dirtied Blocks": 0,
                                "Shared Written Blocks": 0,
                                "Local Hit Blocks": 0,
                                "Local Read Blocks": 0,
                                "Local Dirtied Blocks": 0,
                                "Local Written Blocks": 0,
                                "Temp Read Blocks": 0,
                                "Temp Written Blocks": 0,
                                "WAL Records": 0,
                                "WAL FPI": 0,
                                "WAL Bytes": 0,
                                "Plans": [
                                    {
                                        "Node Type": "Seq Scan",
                                        "Parent Relationship": "Outer",
                                        "Parallel Aware": true,
                                        "Async Capable": false,
                                        "Relation Name": "tests_benchmark_booltester015",
                                        "Schema": "public",
                                        "Alias": "tests_benchmark_booltester015",
                                        "Startup Cost": 0.0,
                                        "Total Cost": 42144.67,
                                        "Plan Rows": 25,
                                        "Plan Width": 24,
                                        "Actual Startup Time": 5.631,
                                        "Actual Total Time": 121.514,
                                        "Actual Rows": 16,
                                        "Actual Loops": 3,
                                        "Output": [
                                            "id",
                                            "flg_0",
                                            "flg_1",
                                            "flg_2",
                                            "flg_3",
                                            "flg_4",
                                            "flg_5",
                                            "flg_6",
                                            "flg_7",
                                            "flg_8",
                                            "flg_9",
                                            "flg_10",
                                            "flg_11",
                                            "flg_12",
                                            "flg_13",
                                            "flg_14",
                                            "flg_15"
                                        ],
                                        "Filter": "(tests_benchmark_booltester015.flg_0 AND (NOT tests_benchmark_booltester015.flg_1) AND tests_benchmark_booltester015.flg_2 AND tests_benchmark_booltester015.flg_3 AND (NOT tests_benchmark_booltester015.flg_4) AND (NOT tests_benchmark_booltester015.flg_5) AND (NOT tests_benchmark_booltester015.flg_6) AND (NOT tests_benchmark_booltester015.flg_7) AND tests_benchmark_booltester015.flg_8 AND tests_benchmark_booltester015.flg_9 AND (NOT tests_benchmark_booltester015.flg_10) AND tests_benchmark_booltester015.flg_11 AND tests_benchmark_booltester015.flg_12 AND (NOT tests_benchmark_booltester015.flg_13) AND tests_benchmark_booltester015.flg_14 AND tests_benchmark_booltester015.flg_15)",
                                        "Rows Removed by Filter": 1333317,
                                        "Shared Hit Blocks": 5088,
                                        "Shared Read Blocks": 20390,
                                        "Shared Dirtied Blocks": 0,
                                        "Shared Written Blocks": 0,
                                        "Local Hit Blocks": 0,
                                        "Local Read Blocks": 0,
                                        "Local Dirtied Blocks": 0,
                                        "Local Written Blocks": 0,
                                        "Temp Read Blocks": 0,
                                        "Temp Written Blocks": 0,
                                        "WAL Records": 0,
                                        "WAL FPI": 0,
                                        "WAL Bytes": 0,
                                        "Workers": [
                                            {
                                                "Worker Number": 0,
                                                "Actual Startup Time": 2.275,
                                                "Actual Total Time": 120.826,
                                                "Actual Rows": 16,
                                                "Actual Loops": 1,
                                                "Shared Hit Blocks": 1659,
                                                "Shared Read Blocks": 6742,
                                                "Shared Dirtied Blocks": 0,
                                                "Shared Written Blocks": 0,
                                                "Local Hit Blocks": 0,
                                                "Local Read Blocks": 0,
                                                "Local Dirtied Blocks": 0,
                                                "Local Written Blocks": 0,
                                                "Temp Read Blocks": 0,
                                                "Temp Written Blocks": 0,
                                                "WAL Records": 0,
                                                "WAL FPI": 0,
                                                "WAL Bytes": 0
                                            },
                                            {
                                                "Worker Number": 1,
                                                "Actual Startup Time": 3.467,
                                                "Actual Total Time": 120.824,
                                                "Actual Rows": 16,
                                                "Actual Loops": 1,
                                                "Shared Hit Blocks": 1660,
                                                "Shared Read Blocks": 6752,
                                                "Shared Dirtied Blocks": 0,
                                                "Shared Written Blocks": 0,
                                                "Local Hit Blocks": 0,
                                                "Local Read Blocks": 0,
                                                "Local Dirtied Blocks": 0,
                                                "Local Written Blocks": 0,
                                                "Temp Read Blocks": 0,
                                                "Temp Written Blocks": 0,
                                                "WAL Records": 0,
                                                "WAL FPI": 0,
                                                "WAL Bytes": 0
                                            }
                                        ]
                                    }
                                ]
                            },
                            "Settings": {},
                            "Planning": {
                                "Shared Hit Blocks": 0,
                                "Shared Read Blocks": 0,
                                "Shared Dirtied Blocks": 0,
                                "Shared Written Blocks": 0,
                                "Local Hit Blocks": 0,
                                "Local Read Blocks": 0,
                                "Local Dirtied Blocks": 0,
                                "Local Written Blocks": 0,
                                "Temp Read Blocks": 0,
                                "Temp Written Blocks": 0
                            },
                            "Planning Time": 0.03,
                            "Triggers": [],
                            "Execution Time": 123.817
                        },
                        "all_ftr_time": 0.1208143,
                        "any_ftr_time": 0.4543371,
                        "exact_ftr_time": 0.12376329999999999
                    },
                    "6000000": {
                        "all_time": 0.1753530125017278,
                        "any_time": 0.8622225291008363,
                        "exact_time": 0.19154931680095616,
                        "table_size": 447741952.0,
                        "index_time": 1.0420044418424368e-06,
                        "all_explanation": {
                            "Plan": {
                                "Node Type": "Gather",
                                "Parallel Aware": false,
                                "Async Capable": false,
                                "Startup Cost": 1000.0,
                                "Total Cost": 66520.3,
                                "Plan Rows": 23033,
                                "Plan Width": 24,
                                "Actual Startup Time": 0.076,
                                "Actual Total Time": 179.558,
                                "Actual Rows": 23669,
                                "Actual Loops": 1,
                                "Output": [
                                    "id",
                                    "flg_0",
                                    "flg_1",
                                    "flg_2",
                                    "flg_3",
                                    "flg_4",
                                    "flg_5",
                                    "flg_6",
                                    "flg_7",
                                    "flg_8",
                                    "flg_9",
                                    "flg_10",
                                    "flg_11",
                                    "flg_12",
                                    "flg_13",
                                    "flg_14",
                                    "flg_15"
                                ],
                                "Workers Planned": 2,
                                "Workers Launched": 2,
                                "Single Copy": false,
                                "Shared Hit Blocks": 4704,
                                "Shared Read Blocks": 33513,
                                "Shared Dirtied Blocks": 0,
                                "Shared Written Blocks": 0,
                                "Local Hit Blocks": 0,
                                "Local Read Blocks": 0,
                                "Local Dirtied Blocks": 0,
                                "Local Written Blocks": 0,
                                "Temp Read Blocks": 0,
                                "Temp Written Blocks": 0,
                                "WAL Records": 0,
                                "WAL FPI": 0,
                                "WAL Bytes": 0,
                                "Plans": [
                                    {
                                        "Node Type": "Seq Scan",
                                        "Parent Relationship": "Outer",
                                        "Parallel Aware": true,
                                        "Async Capable": false,
                                        "Relation Name": "tests_benchmark_booltester015",
                                        "Schema": "public",
                                        "Alias": "tests_benchmark_booltester015",
                                        "Startup Cost": 0.0,
                                        "Total Cost": 63217.0,
                                        "Plan Rows": 9597,
                                        "Plan Width": 24,
                                        "Actual Startup Time": 0.033,
                                        "Actual Total Time": 177.087,
                                        "Actual Rows": 7890,
                                        "Actual Loops": 3,
                                        "Output": [
                                            "id",
                                            "flg_0",
                                            "flg_1",
                                            "flg_2",
                                            "flg_3",
                                            "flg_4",
                                            "flg_5",
                                            "flg_6",
                                            "flg_7",
                                            "flg_8",
                                            "flg_9",
                                            "flg_10",
                                            "flg_11",
                                            "flg_12",
                                            "flg_13",
                                            "flg_14",
                                            "flg_15"
                                        ],
                                        "Filter": "(tests_benchmark_booltester015.flg_2 AND tests_benchmark_booltester015.flg_3 AND tests_benchmark_booltester015.flg_4 AND tests_benchmark_booltester015.flg_5 AND tests_benchmark_booltester015.flg_9 AND tests_benchmark_booltester015.flg_10 AND tests_benchmark_booltester015.flg_11 AND tests_benchmark_booltester015.flg_15)",
                                        "Rows Removed by Filter": 1992111,
                                        "Shared Hit Blocks": 4704,
                                        "Shared Read Blocks": 33513,
                                        "Shared Dirtied Blocks": 0,
                                        "Shared Written Blocks": 0,
                                        "Local Hit Blocks": 0,
                                        "Local Read Blocks": 0,
                                        "Local Dirtied Blocks": 0,
                                        "Local Written Blocks": 0,
                                        "Temp Read Blocks": 0,
                                        "Temp Written Blocks": 0,
                                        "WAL Records": 0,
                                        "WAL FPI": 0,
                                        "WAL Bytes": 0,
                                        "Workers": [
                                            {
                                                "Worker Number": 0,
                                                "Actual Startup Time": 0.045,
                                                "Actual Total Time": 176.757,
                                                "Actual Rows": 7661,
                                                "Actual Loops": 1,
                                                "Shared Hit Blocks": 1536,
                                                "Shared Read Blocks": 11136,
                                                "Shared Dirtied Blocks": 0,
                                                "Shared Written Blocks": 0,
                                                "Local Hit Blocks": 0,
                                                "Local Read Blocks": 0,
                                                "Local Dirtied Blocks": 0,
                                                "Local Written Blocks": 0,
                                                "Temp Read Blocks": 0,
                                                "Temp Written Blocks": 0,
                                                "WAL Records": 0,
                                                "WAL FPI": 0,
                                                "WAL Bytes": 0
                                            },
                                            {
                                                "Worker Number": 1,
                                                "Actual Startup Time": 0.045,
                                                "Actual Total Time": 176.735,
                                                "Actual Rows": 7995,
                                                "Actual Loops": 1,
                                                "Shared Hit Blocks": 1542,
                                                "Shared Read Blocks": 11136,
                                                "Shared Dirtied Blocks": 0,
                                                "Shared Written Blocks": 0,
                                                "Local Hit Blocks": 0,
                                                "Local Read Blocks": 0,
                                                "Local Dirtied Blocks": 0,
                                                "Local Written Blocks": 0,
                                                "Temp Read Blocks": 0,
                                                "Temp Written Blocks": 0,
                                                "WAL Records": 0,
                                                "WAL FPI": 0,
                                                "WAL Bytes": 0
                                            }
                                        ]
                                    }
                                ]
                            },
                            "Settings": {},
                            "Planning": {
                                "Shared Hit Blocks": 0,
                                "Shared Read Blocks": 0,
                                "Shared Dirtied Blocks": 0,
                                "Shared Written Blocks": 0,
                                "Local Hit Blocks": 0,
                                "Local Read Blocks": 0,
                                "Local Dirtied Blocks": 0,
                                "Local Written Blocks": 0,
                                "Temp Read Blocks": 0,
                                "Temp Written Blocks": 0
                            },
                            "Planning Time": 0.037,
                            "Triggers": [],
                            "Execution Time": 180.096
                        },
                        "any_explanation": {
                            "Plan": {
                                "Node Type": "Seq Scan",
                                "Parallel Aware": false,
                                "Async Capable": false,
                                "Relation Name": "tests_benchmark_booltester015",
                                "Schema": "public",
                                "Alias": "tests_benchmark_booltester015",
                                "Startup Cost": 0.0,
                                "Total Cost": 98217.01,
                                "Plan Rows": 5976162,
                                "Plan Width": 24,
                                "Actual Startup Time": 0.007,
                                "Actual Total Time": 557.113,
                                "Actual Rows": 5976516,
                                "Actual Loops": 1,
                                "Output": [
                                    "id",
                                    "flg_0",
                                    "flg_1",
                                    "flg_2",
                                    "flg_3",
                                    "flg_4",
                                    "flg_5",
                                    "flg_6",
                                    "flg_7",
                                    "flg_8",
                                    "flg_9",
                                    "flg_10",
                                    "flg_11",
                                    "flg_12",
                                    "flg_13",
                                    "flg_14",
                                    "flg_15"
                                ],
                                "Filter": "(tests_benchmark_booltester015.flg_2 OR tests_benchmark_booltester015.flg_3 OR tests_benchmark_booltester015.flg_4 OR tests_benchmark_booltester015.flg_5 OR tests_benchmark_booltester015.flg_9 OR tests_benchmark_booltester015.flg_10 OR tests_benchmark_booltester015.flg_11 OR tests_benchmark_booltester015.flg_15)",
                                "Rows Removed by Filter": 23485,
                                "Shared Hit Blocks": 4896,
                                "Shared Read Blocks": 33321,
                                "Shared Dirtied Blocks": 0,
                                "Shared Written Blocks": 0,
                                "Local Hit Blocks": 0,
                                "Local Read Blocks": 0,
                                "Local Dirtied Blocks": 0,
                                "Local Written Blocks": 0,
                                "Temp Read Blocks": 0,
                                "Temp Written Blocks": 0,
                                "WAL Records": 0,
                                "WAL FPI": 0,
                                "WAL Bytes": 0
                            },
                            "Settings": {},
                            "Planning": {
                                "Shared Hit Blocks": 0,
                                "Shared Read Blocks": 0,
                                "Shared Dirtied Blocks": 0,
                                "Shared Written Blocks": 0,
                                "Local Hit Blocks": 0,
                                "Local Read Blocks": 0,
                                "Local Dirtied Blocks": 0,
                                "Local Written Blocks": 0,
                                "Temp Read Blocks": 0,
                                "Temp Written Blocks": 0
                            },
                            "Planning Time": 0.034,
                            "Triggers": [],
                            "Execution Time": 679.241
                        },
                        "exact_explanation": {
                            "Plan": {
                                "Node Type": "Gather",
                                "Parallel Aware": false,
                                "Async Capable": false,
                                "Startup Cost": 1000.0,
                                "Total Cost": 64225.8,
                                "Plan Rows": 88,
                                "Plan Width": 24,
                                "Actual Startup Time": 2.215,
                                "Actual Total Time": 192.692,
                                "Actual Rows": 122,
                                "Actual Loops": 1,
                                "Output": [
                                    "id",
                                    "flg_0",
                                    "flg_1",
                                    "flg_2",
                                    "flg_3",
                                    "flg_4",
                                    "flg_5",
                                    "flg_6",
                                    "flg_7",
                                    "flg_8",
                                    "flg_9",
                                    "flg_10",
                                    "flg_11",
                                    "flg_12",
                                    "flg_13",
                                    "flg_14",
                                    "flg_15"
                                ],
                                "Workers Planned": 2,
                                "Workers Launched": 2,
                                "Single Copy": false,
                                "Shared Hit Blocks": 5024,
                                "Shared Read Blocks": 33193,
                                "Shared Dirtied Blocks": 0,
                                "Shared Written Blocks": 0,
                                "Local Hit Blocks": 0,
                                "Local Read Blocks": 0,
                                "Local Dirtied Blocks": 0,
                                "Local Written Blocks": 0,
                                "Temp Read Blocks": 0,
                                "Temp Written Blocks": 0,
                                "WAL Records": 0,
                                "WAL FPI": 0,
                                "WAL Bytes": 0,
                                "Plans": [
                                    {
                                        "Node Type": "Seq Scan",
                                        "Parent Relationship": "Outer",
                                        "Parallel Aware": true,
                                        "Async Capable": false,
                                        "Relation Name": "tests_benchmark_booltester015",
                                        "Schema": "public",
                                        "Alias": "tests_benchmark_booltester015",
                                        "Startup Cost": 0.0,
                                        "Total Cost": 63217.0,
                                        "Plan Rows": 37,
                                        "Plan Width": 24,
                                        "Actual Startup Time": 4.164,
                                        "Actual Total Time": 190.327,
                                        "Actual Rows": 41,
                                        "Actual Loops": 3,
                                        "Output": [
                                            "id",
                                            "flg_0",
                                            "flg_1",
                                            "flg_2",
                                            "flg_3",
                                            "flg_4",
                                            "flg_5",
                                            "flg_6",
                                            "flg_7",
                                            "flg_8",
                                            "flg_9",
                                            "flg_10",
                                            "flg_11",
                                            "flg_12",
                                            "flg_13",
                                            "flg_14",
                                            "flg_15"
                                        ],
                                        "Filter": "((NOT tests_benchmark_booltester015.flg_0) AND (NOT tests_benchmark_booltester015.flg_1) AND tests_benchmark_booltester015.flg_2 AND tests_benchmark_booltester015.flg_3 AND tests_benchmark_booltester015.flg_4 AND tests_benchmark_booltester015.flg_5 AND (NOT tests_benchmark_booltester015.flg_6) AND (NOT tests_benchmark_booltester015.flg_7) AND (NOT tests_benchmark_booltester015.flg_8) AND tests_benchmark_booltester015.flg_9 AND tests_benchmark_booltester015.flg_10 AND tests_benchmark_booltester015.flg_11 AND (NOT tests_benchmark_booltester015.flg_12) AND (NOT tests_benchmark_booltester015.flg_13) AND (NOT tests_benchmark_booltester015.flg_14) AND tests_benchmark_booltester015.flg_15)",
                                        "Rows Removed by Filter": 1999960,
                                        "Shared Hit Blocks": 5024,
                                        "Shared Read Blocks": 33193,
                                        "Shared Dirtied Blocks": 0,
                                        "Shared Written Blocks": 0,
                                        "Local Hit Blocks": 0,
                                        "Local Read Blocks": 0,
                                        "Local Dirtied Blocks": 0,
                                        "Local Written Blocks": 0,
                                        "Temp Read Blocks": 0,
                                        "Temp Written Blocks": 0,
                                        "WAL Records": 0,
                                        "WAL FPI": 0,
                                        "WAL Bytes": 0,
                                        "Workers": [
                                            {
                                                "Worker Number": 0,
                                                "Actual Startup Time": 5.515,
                                                "Actual Total Time": 189.625,
                                                "Actual Rows": 39,
                                                "Actual Loops": 1,
                                                "Shared Hit Blocks": 1614,
                                                "Shared Read Blocks": 11040,
                                                "Shared Dirtied Blocks": 0,
                                                "Shared Written Blocks": 0,
                                                "Local Hit Blocks": 0,
                                                "Local Read Blocks": 0,
                                                "Local Dirtied Blocks": 0,
                                                "Local Written Blocks": 0,
                                                "Temp Read Blocks": 0,
                                                "Temp Written Blocks": 0,
                                                "WAL Records": 0,
                                                "WAL FPI": 0,
                                                "WAL Bytes": 0
                                            },
                                            {
                                                "Worker Number": 1,
                                                "Actual Startup Time": 4.832,
                                                "Actual Total Time": 189.654,
                                                "Actual Rows": 32,
                                                "Actual Loops": 1,
                                                "Shared Hit Blocks": 1617,
                                                "Shared Read Blocks": 10976,
                                                "Shared Dirtied Blocks": 0,
                                                "Shared Written Blocks": 0,
                                                "Local Hit Blocks": 0,
                                                "Local Read Blocks": 0,
                                                "Local Dirtied Blocks": 0,
                                                "Local Written Blocks": 0,
                                                "Temp Read Blocks": 0,
                                                "Temp Written Blocks": 0,
                                                "WAL Records": 0,
                                                "WAL FPI": 0,
                                                "WAL Bytes": 0
                                            }
                                        ]
                                    }
                                ]
                            },
                            "Settings": {},
                            "Planning": {
                                "Shared Hit Blocks": 0,
                                "Shared Read Blocks": 0,
                                "Shared Dirtied Blocks": 0,
                                "Shared Written Blocks": 0,
                                "Local Hit Blocks": 0,
                                "Local Read Blocks": 0,
                                "Local Dirtied Blocks": 0,
                                "Local Written Blocks": 0,
                                "Temp Read Blocks": 0,
                                "Temp Written Blocks": 0
                            },
                            "Planning Time": 0.049,
                            "Triggers": [],
                            "Execution Time": 192.707
                        },
                        "all_ftr_time": 0.203225,
                        "any_ftr_time": 0.6551423999999999,
                        "exact_ftr_time": 0.18625390000000003
                    },
                    "8000000": {
                        "all_time": 0.23872980829764856,
                        "any_time": 1.1758107542002108,
                        "exact_time": 0.25419259179907383,
                        "table_size": 596639744.0,
                        "index_time": 2.291999408043921e-06,
                        "all_explanation": {
                            "Plan": {
                                "Node Type": "Gather",
                                "Parallel Aware": false,
                                "Async Capable": false,
                                "Startup Cost": 1000.0,
                                "Total Cost": 91611.14,
                                "Plan Rows": 63218,
                                "Plan Width": 24,
                                "Actual Startup Time": 0.07,
                                "Actual Total Time": 214.041,
                                "Actual Rows": 62953,
                                "Actual Loops": 1,
                                "Output": [
                                    "id",
                                    "flg_0",
                                    "flg_1",
                                    "flg_2",
                                    "flg_3",
                                    "flg_4",
                                    "flg_5",
                                    "flg_6",
                                    "flg_7",
                                    "flg_8",
                                    "flg_9",
                                    "flg_10",
                                    "flg_11",
                                    "flg_12",
                                    "flg_13",
                                    "flg_14",
                                    "flg_15"
                                ],
                                "Workers Planned": 2,
                                "Workers Launched": 2,
                                "Single Copy": false,
                                "Shared Hit Blocks": 4768,
                                "Shared Read Blocks": 46188,
                                "Shared Dirtied Blocks": 0,
                                "Shared Written Blocks": 0,
                                "Local Hit Blocks": 0,
                                "Local Read Blocks": 0,
                                "Local Dirtied Blocks": 0,
                                "Local Written Blocks": 0,
                                "Temp Read Blocks": 0,
                                "Temp Written Blocks": 0,
                                "WAL Records": 0,
                                "WAL FPI": 0,
                                "WAL Bytes": 0,
                                "Plans": [
                                    {
                                        "Node Type": "Seq Scan",
                                        "Parent Relationship": "Outer",
                                        "Parallel Aware": true,
                                        "Async Capable": false,
                                        "Relation Name": "tests_benchmark_booltester015",
                                        "Schema": "public",
                                        "Alias": "tests_benchmark_booltester015",
                                        "Startup Cost": 0.0,
                                        "Total Cost": 84289.34,
                                        "Plan Rows": 26341,
                                        "Plan Width": 24,
                                        "Actual Startup Time": 0.024,
                                        "Actual Total Time": 211.446,
                                        "Actual Rows": 20984,
                                        "Actual Loops": 3,
                                        "Output": [
                                            "id",
                                            "flg_0",
                                            "flg_1",
                                            "flg_2",
                                            "flg_3",
                                            "flg_4",
                                            "flg_5",
                                            "flg_6",
                                            "flg_7",
                                            "flg_8",
                                            "flg_9",
                                            "flg_10",
                                            "flg_11",
                                            "flg_12",
                                            "flg_13",
                                            "flg_14",
                                            "flg_15"
                                        ],
                                        "Filter": "(tests_benchmark_booltester015.flg_3 AND tests_benchmark_booltester015.flg_4 AND tests_benchmark_booltester015.flg_5 AND tests_benchmark_booltester015.flg_6 AND tests_benchmark_booltester015.flg_7 AND tests_benchmark_booltester015.flg_10 AND tests_benchmark_booltester015.flg_13)",
                                        "Rows Removed by Filter": 2645683,
                                        "Shared Hit Blocks": 4768,
                                        "Shared Read Blocks": 46188,
                                        "Shared Dirtied Blocks": 0,
                                        "Shared Written Blocks": 0,
                                        "Local Hit Blocks": 0,
                                        "Local Read Blocks": 0,
                                        "Local Dirtied Blocks": 0,
                                        "Local Written Blocks": 0,
                                        "Temp Read Blocks": 0,
                                        "Temp Written Blocks": 0,
                                        "WAL Records": 0,
                                        "WAL FPI": 0,
                                        "WAL Bytes": 0,
                                        "Workers": [
                                            {
                                                "Worker Number": 0,
                                                "Actual Startup Time": 0.03,
                                                "Actual Total Time": 211.678,
                                                "Actual Rows": 20933,
                                                "Actual Loops": 1,
                                                "Shared Hit Blocks": 1552,
                                                "Shared Read Blocks": 15392,
                                                "Shared Dirtied Blocks": 0,
                                                "Shared Written Blocks": 0,
                                                "Local Hit Blocks": 0,
                                                "Local Read Blocks": 0,
                                                "Local Dirtied Blocks": 0,
                                                "Local Written Blocks": 0,
                                                "Temp Read Blocks": 0,
                                                "Temp Written Blocks": 0,
                                                "WAL Records": 0,
                                                "WAL FPI": 0,
                                                "WAL Bytes": 0
                                            },
                                            {
                                                "Worker Number": 1,
                                                "Actual Startup Time": 0.026,
                                                "Actual Total Time": 211.744,
                                                "Actual Rows": 21084,
                                                "Actual Loops": 1,
                                                "Shared Hit Blocks": 1555,
                                                "Shared Read Blocks": 15392,
                                                "Shared Dirtied Blocks": 0,
                                                "Shared Written Blocks": 0,
                                                "Local Hit Blocks": 0,
                                                "Local Read Blocks": 0,
                                                "Local Dirtied Blocks": 0,
                                                "Local Written Blocks": 0,
                                                "Temp Read Blocks": 0,
                                                "Temp Written Blocks": 0,
                                                "WAL Records": 0,
                                                "WAL FPI": 0,
                                                "WAL Bytes": 0
                                            }
                                        ]
                                    }
                                ]
                            },
                            "Settings": {},
                            "Planning": {
                                "Shared Hit Blocks": 0,
                                "Shared Read Blocks": 0,
                                "Shared Dirtied Blocks": 0,
                                "Shared Written Blocks": 0,
                                "Local Hit Blocks": 0,
                                "Local Read Blocks": 0,
                                "Local Dirtied Blocks": 0,
                                "Local Written Blocks": 0,
                                "Temp Read Blocks": 0,
                                "Temp Written Blocks": 0
                            },
                            "Planning Time": 0.03,
                            "Triggers": [],
                            "Execution Time": 215.442
                        },
                        "any_explanation": {
                            "Plan": {
                                "Node Type": "Seq Scan",
                                "Parallel Aware": false,
                                "Async Capable": false,
                                "Relation Name": "tests_benchmark_booltester015",
                                "Schema": "public",
                                "Alias": "tests_benchmark_booltester015",
                                "Startup Cost": 0.0,
                                "Total Cost": 130956.01,
                                "Plan Rows": 7938225,
                                "Plan Width": 24,
                                "Actual Startup Time": 0.01,
                                "Actual Total Time": 738.003,
                                "Actual Rows": 7937010,
                                "Actual Loops": 1,
                                "Output": [
                                    "id",
                                    "flg_0",
                                    "flg_1",
                                    "flg_2",
                                    "flg_3",
                                    "flg_4",
                                    "flg_5",
                                    "flg_6",
                                    "flg_7",
                                    "flg_8",
                                    "flg_9",
                                    "flg_10",
                                    "flg_11",
                                    "flg_12",
                                    "flg_13",
                                    "flg_14",
                                    "flg_15"
                                ],
                                "Filter": "(tests_benchmark_booltester015.flg_3 OR tests_benchmark_booltester015.flg_4 OR tests_benchmark_booltester015.flg_5 OR tests_benchmark_booltester015.flg_6 OR tests_benchmark_booltester015.flg_7 OR tests_benchmark_booltester015.flg_10 OR tests_benchmark_booltester015.flg_13)",
                                "Rows Removed by Filter": 62991,
                                "Shared Hit Blocks": 4960,
                                "Shared Read Blocks": 45996,
                                "Shared Dirtied Blocks": 0,
                                "Shared Written Blocks": 0,
                                "Local Hit Blocks": 0,
                                "Local Read Blocks": 0,
                                "Local Dirtied Blocks": 0,
                                "Local Written Blocks": 0,
                                "Temp Read Blocks": 0,
                                "Temp Written Blocks": 0,
                                "WAL Records": 0,
                                "WAL FPI": 0,
                                "WAL Bytes": 0
                            },
                            "Settings": {},
                            "Planning": {
                                "Shared Hit Blocks": 0,
                                "Shared Read Blocks": 0,
                                "Shared Dirtied Blocks": 0,
                                "Shared Written Blocks": 0,
                                "Local Hit Blocks": 0,
                                "Local Read Blocks": 0,
                                "Local Dirtied Blocks": 0,
                                "Local Written Blocks": 0,
                                "Temp Read Blocks": 0,
                                "Temp Written Blocks": 0
                            },
                            "Planning Time": 0.029,
                            "Triggers": [],
                            "Execution Time": 931.353
                        },
                        "exact_explanation": {
                            "Plan": {
                                "Node Type": "Gather",
                                "Parallel Aware": false,
                                "Async Capable": false,
                                "Startup Cost": 1000.0,
                                "Total Cost": 85301.74,
                                "Plan Rows": 124,
                                "Plan Width": 24,
                                "Actual Startup Time": 2.598,
                                "Actual Total Time": 249.16,
                                "Actual Rows": 122,
                                "Actual Loops": 1,
                                "Output": [
                                    "id",
                                    "flg_0",
                                    "flg_1",
                                    "flg_2",
                                    "flg_3",
                                    "flg_4",
                                    "flg_5",
                                    "flg_6",
                                    "flg_7",
                                    "flg_8",
                                    "flg_9",
                                    "flg_10",
                                    "flg_11",
                                    "flg_12",
                                    "flg_13",
                                    "flg_14",
                                    "flg_15"
                                ],
                                "Workers Planned": 2,
                                "Workers Launched": 2,
                                "Single Copy": false,
                                "Shared Hit Blocks": 5088,
                                "Shared Read Blocks": 45868,
                                "Shared Dirtied Blocks": 0,
                                "Shared Written Blocks": 0,
                                "Local Hit Blocks": 0,
                                "Local Read Blocks": 0,
                                "Local Dirtied Blocks": 0,
                                "Local Written Blocks": 0,
                                "Temp Read Blocks": 0,
                                "Temp Written Blocks": 0,
                                "WAL Records": 0,
                                "WAL FPI": 0,
                                "WAL Bytes": 0,
                                "Plans": [
                                    {
                                        "Node Type": "Seq Scan",
                                        "Parent Relationship": "Outer",
                                        "Parallel Aware": true,
                                        "Async Capable": false,
                                        "Relation Name": "tests_benchmark_booltester015",
                                        "Schema": "public",
                                        "Alias": "tests_benchmark_booltester015",
                                        "Startup Cost": 0.0,
                                        "Total Cost": 84289.34,
                                        "Plan Rows": 52,
                                        "Plan Width": 24,
                                        "Actual Startup Time": 2.508,
                                        "Actual Total Time": 246.809,
                                        "Actual Rows": 41,
                                        "Actual Loops": 3,
                                        "Output": [
                                            "id",
                                            "flg_0",
                                            "flg_1",
                                            "flg_2",
                                            "flg_3",
                                            "flg_4",
                                            "flg_5",
                                            "flg_6",
                                            "flg_7",
                                            "flg_8",
                                            "flg_9",
                                            "flg_10",
                                            "flg_11",
                                            "flg_12",
                                            "flg_13",
                                            "flg_14",
                                            "flg_15"
                                        ],
                                        "Filter": "((NOT tests_benchmark_booltester015.flg_0) AND (NOT tests_benchmark_booltester015.flg_1) AND (NOT tests_benchmark_booltester015.flg_2) AND tests_benchmark_booltester015.flg_3 AND tests_benchmark_booltester015.flg_4 AND tests_benchmark_booltester015.flg_5 AND tests_benchmark_booltester015.flg_6 AND tests_benchmark_booltester015.flg_7 AND (NOT tests_benchmark_booltester015.flg_8) AND (NOT tests_benchmark_booltester015.flg_9) AND tests_benchmark_booltester015.flg_10 AND (NOT tests_benchmark_booltester015.flg_11) AND (NOT tests_benchmark_booltester015.flg_12) AND tests_benchmark_booltester015.flg_13 AND (NOT tests_benchmark_booltester015.flg_14) AND (NOT tests_benchmark_booltester015.flg_15))",
                                        "Rows Removed by Filter": 2666626,
                                        "Shared Hit Blocks": 5088,
                                        "Shared Read Blocks": 45868,
                                        "Shared Dirtied Blocks": 0,
                                        "Shared Written Blocks": 0,
                                        "Local Hit Blocks": 0,
                                        "Local Read Blocks": 0,
                                        "Local Dirtied Blocks": 0,
                                        "Local Written Blocks": 0,
                                        "Temp Read Blocks": 0,
                                        "Temp Written Blocks": 0,
                                        "WAL Records": 0,
                                        "WAL FPI": 0,
                                        "WAL Bytes": 0,
                                        "Workers": [
                                            {
                                                "Worker Number": 0,
                                                "Actual Startup Time": 3.357,
                                                "Actual Total Time": 246.122,
                                                "Actual Rows": 39,
                                                "Actual Loops": 1,
                                                "Shared Hit Blocks": 1651,
                                                "Shared Read Blocks": 15232,
                                                "Shared Dirtied Blocks": 0,
                                                "Shared Written Blocks": 0,
                                                "Local Hit Blocks": 0,
                                                "Local Read Blocks": 0,
                                                "Local Dirtied Blocks": 0,
                                                "Local Written Blocks": 0,
                                                "Temp Read Blocks": 0,
                                                "Temp Written Blocks": 0,
                                                "WAL Records": 0,
                                                "WAL FPI": 0,
                                                "WAL Bytes": 0
                                            },
                                            {
                                                "Worker Number": 1,
                                                "Actual Startup Time": 1.644,
                                                "Actual Total Time": 246.181,
                                                "Actual Rows": 39,
                                                "Actual Loops": 1,
                                                "Shared Hit Blocks": 1664,
                                                "Shared Read Blocks": 15276,
                                                "Shared Dirtied Blocks": 0,
                                                "Shared Written Blocks": 0,
                                                "Local Hit Blocks": 0,
                                                "Local Read Blocks": 0,
                                                "Local Dirtied Blocks": 0,
                                                "Local Written Blocks": 0,
                                                "Temp Read Blocks": 0,
                                                "Temp Written Blocks": 0,
                                                "WAL Records": 0,
                                                "WAL FPI": 0,
                                                "WAL Bytes": 0
                                            }
                                        ]
                                    }
                                ]
                            },
                            "Settings": {},
                            "Planning": {
                                "Shared Hit Blocks": 0,
                                "Shared Read Blocks": 0,
                                "Shared Dirtied Blocks": 0,
                                "Shared Written Blocks": 0,
                                "Local Hit Blocks": 0,
                                "Local Read Blocks": 0,
                                "Local Dirtied Blocks": 0,
                                "Local Written Blocks": 0,
                                "Temp Read Blocks": 0,
                                "Temp Written Blocks": 0
                            },
                            "Planning Time": 0.045,
                            "Triggers": [],
                            "Execution Time": 249.175
                        },
                        "all_ftr_time": 0.2342638,
                        "any_ftr_time": 0.9002190999999999,
                        "exact_ftr_time": 0.24726800000000002
                    },
                    "10000000": {
                        "all_time": 0.29821460820094214,
                        "any_time": 1.4563579333989765,
                        "exact_time": 0.3164143457004684,
                        "table_size": 746586112.0,
                        "index_time": 3.4159893402829766e-06,
                        "all_explanation": {
                            "Plan": {
                                "Node Type": "Gather",
                                "Parallel Aware": false,
                                "Async Capable": false,
                                "Startup Cost": 1000.0,
                                "Total Cost": 108317.77,
                                "Plan Rows": 19561,
                                "Plan Width": 24,
                                "Actual Startup Time": 0.205,
                                "Actual Total Time": 276.503,
                                "Actual Rows": 19595,
                                "Actual Loops": 1,
                                "Output": [
                                    "id",
                                    "flg_0",
                                    "flg_1",
                                    "flg_2",
                                    "flg_3",
                                    "flg_4",
                                    "flg_5",
                                    "flg_6",
                                    "flg_7",
                                    "flg_8",
                                    "flg_9",
                                    "flg_10",
                                    "flg_11",
                                    "flg_12",
                                    "flg_13",
                                    "flg_14",
                                    "flg_15"
                                ],
                                "Workers Planned": 2,
                                "Workers Launched": 2,
                                "Single Copy": false,
                                "Shared Hit Blocks": 4704,
                                "Shared Read Blocks": 58991,
                                "Shared Dirtied Blocks": 0,
                                "Shared Written Blocks": 0,
                                "Local Hit Blocks": 0,
                                "Local Read Blocks": 0,
                                "Local Dirtied Blocks": 0,
                                "Local Written Blocks": 0,
                                "Temp Read Blocks": 0,
                                "Temp Written Blocks": 0,
                                "WAL Records": 0,
                                "WAL FPI": 0,
                                "WAL Bytes": 0,
                                "Plans": [
                                    {
                                        "Node Type": "Seq Scan",
                                        "Parent Relationship": "Outer",
                                        "Parallel Aware": true,
                                        "Async Capable": false,
                                        "Relation Name": "tests_benchmark_booltester015",
                                        "Schema": "public",
                                        "Alias": "tests_benchmark_booltester015",
                                        "Startup Cost": 0.0,
                                        "Total Cost": 105361.67,
                                        "Plan Rows": 8150,
                                        "Plan Width": 24,
                                        "Actual Startup Time": 0.083,
                                        "Actual Total Time": 273.978,
                                        "Actual Rows": 6532,
                                        "Actual Loops": 3,
                                        "Output": [
                                            "id",
                                            "flg_0",
                                            "flg_1",
                                            "flg_2",
                                            "flg_3",
                                            "flg_4",
                                            "flg_5",
                                            "flg_6",
                                            "flg_7",
                                            "flg_8",
                                            "flg_9",
                                            "flg_10",
                                            "flg_11",
                                            "flg_12",
                                            "flg_13",
                                            "flg_14",
                                            "flg_15"
                                        ],
                                        "Filter": "(tests_benchmark_booltester015.flg_0 AND tests_benchmark_booltester015.flg_2 AND tests_benchmark_booltester015.flg_3 AND tests_benchmark_booltester015.flg_4 AND tests_benchmark_booltester015.flg_5 AND tests_benchmark_booltester015.flg_8 AND tests_benchmark_booltester015.flg_10 AND tests_benchmark_booltester015.flg_12 AND tests_benchmark_booltester015.flg_14)",
                                        "Rows Removed by Filter": 3326802,
                                        "Shared Hit Blocks": 4704,
                                        "Shared Read Blocks": 58991,
                                        "Shared Dirtied Blocks": 0,
                                        "Shared Written Blocks": 0,
                                        "Local Hit Blocks": 0,
                                        "Local Read Blocks": 0,
                                        "Local Dirtied Blocks": 0,
                                        "Local Written Blocks": 0,
                                        "Temp Read Blocks": 0,
                                        "Temp Written Blocks": 0,
                                        "WAL Records": 0,
                                        "WAL FPI": 0,
                                        "WAL Bytes": 0,
                                        "Workers": [
                                            {
                                                "Worker Number": 0,
                                                "Actual Startup Time": 0.056,
                                                "Actual Total Time": 273.553,
                                                "Actual Rows": 6544,
                                                "Actual Loops": 1,
                                                "Shared Hit Blocks": 1527,
                                                "Shared Read Blocks": 19616,
                                                "Shared Dirtied Blocks": 0,
                                                "Shared Written Blocks": 0,
                                                "Local Hit Blocks": 0,
                                                "Local Read Blocks": 0,
                                                "Local Dirtied Blocks": 0,
                                                "Local Written Blocks": 0,
                                                "Temp Read Blocks": 0,
                                                "Temp Written Blocks": 0,
                                                "WAL Records": 0,
                                                "WAL FPI": 0,
                                                "WAL Bytes": 0
                                            },
                                            {
                                                "Worker Number": 1,
                                                "Actual Startup Time": 0.062,
                                                "Actual Total Time": 273.57,
                                                "Actual Rows": 6504,
                                                "Actual Loops": 1,
                                                "Shared Hit Blocks": 1532,
                                                "Shared Read Blocks": 19631,
                                                "Shared Dirtied Blocks": 0,
                                                "Shared Written Blocks": 0,
                                                "Local Hit Blocks": 0,
                                                "Local Read Blocks": 0,
                                                "Local Dirtied Blocks": 0,
                                                "Local Written Blocks": 0,
                                                "Temp Read Blocks": 0,
                                                "Temp Written Blocks": 0,
                                                "WAL Records": 0,
                                                "WAL FPI": 0,
                                                "WAL Bytes": 0
                                            }
                                        ]
                                    }
                                ]
                            },
                            "Settings": {},
                            "Planning": {
                                "Shared Hit Blocks": 0,
                                "Shared Read Blocks": 0,
                                "Shared Dirtied Blocks": 0,
                                "Shared Written Blocks": 0,
                                "Local Hit Blocks": 0,
                                "Local Read Blocks": 0,
                                "Local Dirtied Blocks": 0,
                                "Local Written Blocks": 0,
                                "Temp Read Blocks": 0,
                                "Temp Written Blocks": 0
                            },
                            "Planning Time": 0.039,
                            "Triggers": [],
                            "Execution Time": 276.967
                        },
                        "any_explanation": {
                            "Plan": {
                                "Node Type": "Seq Scan",
                                "Parallel Aware": false,
                                "Async Capable": false,
                                "Relation Name": "tests_benchmark_booltester015",
                                "Schema": "public",
                                "Alias": "tests_benchmark_booltester015",
                                "Startup Cost": 0.0,
                                "Total Cost": 163695.01,
                                "Plan Rows": 9980508,
                                "Plan Width": 24,
                                "Actual Startup Time": 0.014,
                                "Actual Total Time": 878.977,
                                "Actual Rows": 9980586,
                                "Actual Loops": 1,
                                "Output": [
                                    "id",
                                    "flg_0",
                                    "flg_1",
                                    "flg_2",
                                    "flg_3",
                                    "flg_4",
                                    "flg_5",
                                    "flg_6",
                                    "flg_7",
                                    "flg_8",
                                    "flg_9",
                                    "flg_10",
                                    "flg_11",
                                    "flg_12",
                                    "flg_13",
                                    "flg_14",
                                    "flg_15"
                                ],
                                "Filter": "(tests_benchmark_booltester015.flg_0 OR tests_benchmark_booltester015.flg_2 OR tests_benchmark_booltester015.flg_3 OR tests_benchmark_booltester015.flg_4 OR tests_benchmark_booltester015.flg_5 OR tests_benchmark_booltester015.flg_8 OR tests_benchmark_booltester015.flg_10 OR tests_benchmark_booltester015.flg_12 OR tests_benchmark_booltester015.flg_14)",
                                "Rows Removed by Filter": 19415,
                                "Shared Hit Blocks": 4896,
                                "Shared Read Blocks": 58799,
                                "Shared Dirtied Blocks": 0,
                                "Shared Written Blocks": 0,
                                "Local Hit Blocks": 0,
                                "Local Read Blocks": 0,
                                "Local Dirtied Blocks": 0,
                                "Local Written Blocks": 0,
                                "Temp Read Blocks": 0,
                                "Temp Written Blocks": 0,
                                "WAL Records": 0,
                                "WAL FPI": 0,
                                "WAL Bytes": 0
                            },
                            "Settings": {},
                            "Planning": {
                                "Shared Hit Blocks": 0,
                                "Shared Read Blocks": 0,
                                "Shared Dirtied Blocks": 0,
                                "Shared Written Blocks": 0,
                                "Local Hit Blocks": 0,
                                "Local Read Blocks": 0,
                                "Local Dirtied Blocks": 0,
                                "Local Written Blocks": 0,
                                "Temp Read Blocks": 0,
                                "Temp Written Blocks": 0
                            },
                            "Planning Time": 0.038,
                            "Triggers": [],
                            "Execution Time": 1085.94
                        },
                        "exact_explanation": {
                            "Plan": {
                                "Node Type": "Gather",
                                "Parallel Aware": false,
                                "Async Capable": false,
                                "Startup Cost": 1000.0,
                                "Total Cost": 106376.67,
                                "Plan Rows": 150,
                                "Plan Width": 24,
                                "Actual Startup Time": 1.323,
                                "Actual Total Time": 307.735,
                                "Actual Rows": 131,
                                "Actual Loops": 1,
                                "Output": [
                                    "id",
                                    "flg_0",
                                    "flg_1",
                                    "flg_2",
                                    "flg_3",
                                    "flg_4",
                                    "flg_5",
                                    "flg_6",
                                    "flg_7",
                                    "flg_8",
                                    "flg_9",
                                    "flg_10",
                                    "flg_11",
                                    "flg_12",
                                    "flg_13",
                                    "flg_14",
                                    "flg_15"
                                ],
                                "Workers Planned": 2,
                                "Workers Launched": 2,
                                "Single Copy": false,
                                "Shared Hit Blocks": 5024,
                                "Shared Read Blocks": 58671,
                                "Shared Dirtied Blocks": 0,
                                "Shared Written Blocks": 0,
                                "Local Hit Blocks": 0,
                                "Local Read Blocks": 0,
                                "Local Dirtied Blocks": 0,
                                "Local Written Blocks": 0,
                                "Temp Read Blocks": 0,
                                "Temp Written Blocks": 0,
                                "WAL Records": 0,
                                "WAL FPI": 0,
                                "WAL Bytes": 0,
                                "Plans": [
                                    {
                                        "Node Type": "Seq Scan",
                                        "Parent Relationship": "Outer",
                                        "Parallel Aware": true,
                                        "Async Capable": false,
                                        "Relation Name": "tests_benchmark_booltester015",
                                        "Schema": "public",
                                        "Alias": "tests_benchmark_booltester015",
                                        "Startup Cost": 0.0,
                                        "Total Cost": 105361.67,
                                        "Plan Rows": 62,
                                        "Plan Width": 24,
                                        "Actual Startup Time": 2.36,
                                        "Actual Total Time": 305.419,
                                        "Actual Rows": 44,
                                        "Actual Loops": 3,
                                        "Output": [
                                            "id",
                                            "flg_0",
                                            "flg_1",
                                            "flg_2",
                                            "flg_3",
                                            "flg_4",
                                            "flg_5",
                                            "flg_6",
                                            "flg_7",
                                            "flg_8",
                                            "flg_9",
                                            "flg_10",
                                            "flg_11",
                                            "flg_12",
                                            "flg_13",
                                            "flg_14",
                                            "flg_15"
                                        ],
                                        "Filter": "(tests_benchmark_booltester015.flg_0 AND (NOT tests_benchmark_booltester015.flg_1) AND tests_benchmark_booltester015.flg_2 AND tests_benchmark_booltester015.flg_3 AND tests_benchmark_booltester015.flg_4 AND tests_benchmark_booltester015.flg_5 AND (NOT tests_benchmark_booltester015.flg_6) AND (NOT tests_benchmark_booltester015.flg_7) AND tests_benchmark_booltester015.flg_8 AND (NOT tests_benchmark_booltester015.flg_9) AND tests_benchmark_booltester015.flg_10 AND (NOT tests_benchmark_booltester015.flg_11) AND tests_benchmark_booltester015.flg_12 AND (NOT tests_benchmark_booltester015.flg_13) AND tests_benchmark_booltester015.flg_14 AND (NOT tests_benchmark_booltester015.flg_15))",
                                        "Rows Removed by Filter": 3333290,
                                        "Shared Hit Blocks": 5024,
                                        "Shared Read Blocks": 58671,
                                        "Shared Dirtied Blocks": 0,
                                        "Shared Written Blocks": 0,
                                        "Local Hit Blocks": 0,
                                        "Local Read Blocks": 0,
                                        "Local Dirtied Blocks": 0,
                                        "Local Written Blocks": 0,
                                        "Temp Read Blocks": 0,
                                        "Temp Written Blocks": 0,
                                        "WAL Records": 0,
                                        "WAL FPI": 0,
                                        "WAL Bytes": 0,
                                        "Workers": [
                                            {
                                                "Worker Number": 0,
                                                "Actual Startup Time": 2.777,
                                                "Actual Total Time": 304.707,
                                                "Actual Rows": 37,
                                                "Actual Loops": 1,
                                                "Shared Hit Blocks": 1638,
                                                "Shared Read Blocks": 19488,
                                                "Shared Dirtied Blocks": 0,
                                                "Shared Written Blocks": 0,
                                                "Local Hit Blocks": 0,
                                                "Local Read Blocks": 0,
                                                "Local Dirtied Blocks": 0,
                                                "Local Written Blocks": 0,
                                                "Temp Read Blocks": 0,
                                                "Temp Written Blocks": 0,
                                                "WAL Records": 0,
                                                "WAL FPI": 0,
                                                "WAL Bytes": 0
                                            },
                                            {
                                                "Worker Number": 1,
                                                "Actual Startup Time": 3.057,
                                                "Actual Total Time": 304.705,
                                                "Actual Rows": 45,
                                                "Actual Loops": 1,
                                                "Shared Hit Blocks": 1633,
                                                "Shared Read Blocks": 19456,
                                                "Shared Dirtied Blocks": 0,
                                                "Shared Written Blocks": 0,
                                                "Local Hit Blocks": 0,
                                                "Local Read Blocks": 0,
                                                "Local Dirtied Blocks": 0,
                                                "Local Written Blocks": 0,
                                                "Temp Read Blocks": 0,
                                                "Temp Written Blocks": 0,
                                                "WAL Records": 0,
                                                "WAL FPI": 0,
                                                "WAL Bytes": 0
                                            }
                                        ]
                                    }
                                ]
                            },
                            "Settings": {},
                            "Planning": {
                                "Shared Hit Blocks": 0,
                                "Shared Read Blocks": 0,
                                "Shared Dirtied Blocks": 0,
                                "Shared Written Blocks": 0,
                                "Local Hit Blocks": 0,
                                "Local Read Blocks": 0,
                                "Local Dirtied Blocks": 0,
                                "Local Written Blocks": 0,
                                "Temp Read Blocks": 0,
                                "Temp Written Blocks": 0
                            },
                            "Planning Time": 0.051,
                            "Triggers": [],
                            "Execution Time": 307.755
                        },
                        "all_ftr_time": 0.34657730000000003,
                        "any_ftr_time": 1.1134896,
                        "exact_ftr_time": 0.309942
                    },
                    "20000000": {
                        "all_time": 0.5856745833982131,
                        "any_time": 2.892438870899787,
                        "exact_time": 0.6241711875976762,
                        "table_size": 1493172224.0,
                        "index_time": 2.2080057533457875e-06,
                        "all_explanation": {
                            "Plan": {
                                "Node Type": "Gather",
                                "Parallel Aware": false,
                                "Async Capable": false,
                                "Startup Cost": 1000.0,
                                "Total Cost": 276057.93,
                                "Plan Rows": 643356,
                                "Plan Width": 24,
                                "Actual Startup Time": 0.081,
                                "Actual Total Time": 555.475,
                                "Actual Rows": 625261,
                                "Actual Loops": 1,
                                "Output": [
                                    "id",
                                    "flg_0",
                                    "flg_1",
                                    "flg_2",
                                    "flg_3",
                                    "flg_4",
                                    "flg_5",
                                    "flg_6",
                                    "flg_7",
                                    "flg_8",
                                    "flg_9",
                                    "flg_10",
                                    "flg_11",
                                    "flg_12",
                                    "flg_13",
                                    "flg_14",
                                    "flg_15"
                                ],
                                "Workers Planned": 2,
                                "Workers Launched": 2,
                                "Single Copy": false,
                                "Shared Hit Blocks": 4768,
                                "Shared Read Blocks": 122621,
                                "Shared Dirtied Blocks": 0,
                                "Shared Written Blocks": 0,
                                "Local Hit Blocks": 0,
                                "Local Read Blocks": 0,
                                "Local Dirtied Blocks": 0,
                                "Local Written Blocks": 0,
                                "Temp Read Blocks": 0,
                                "Temp Written Blocks": 0,
                                "WAL Records": 0,
                                "WAL FPI": 0,
                                "WAL Bytes": 0,
                                "Plans": [
                                    {
                                        "Node Type": "Seq Scan",
                                        "Parent Relationship": "Outer",
                                        "Parallel Aware": true,
                                        "Async Capable": false,
                                        "Relation Name": "tests_benchmark_booltester015",
                                        "Schema": "public",
                                        "Alias": "tests_benchmark_booltester015",
                                        "Startup Cost": 0.0,
                                        "Total Cost": 210722.33,
                                        "Plan Rows": 268065,
                                        "Plan Width": 24,
                                        "Actual Startup Time": 0.021,
                                        "Actual Total Time": 548.675,
                                        "Actual Rows": 208420,
                                        "Actual Loops": 3,
                                        "Output": [
                                            "id",
                                            "flg_0",
                                            "flg_1",
                                            "flg_2",
                                            "flg_3",
                                            "flg_4",
                                            "flg_5",
                                            "flg_6",
                                            "flg_7",
                                            "flg_8",
                                            "flg_9",
                                            "flg_10",
                                            "flg_11",
                                            "flg_12",
                                            "flg_13",
                                            "flg_14",
                                            "flg_15"
                                        ],
                                        "Filter": "(tests_benchmark_booltester015.flg_3 AND tests_benchmark_booltester015.flg_5 AND tests_benchmark_booltester015.flg_7 AND tests_benchmark_booltester015.flg_8 AND tests_benchmark_booltester015.flg_14)",
                                        "Rows Removed by Filter": 6458247,
                                        "Shared Hit Blocks": 4768,
                                        "Shared Read Blocks": 122621,
                                        "Shared Dirtied Blocks": 0,
                                        "Shared Written Blocks": 0,
                                        "Local Hit Blocks": 0,
                                        "Local Read Blocks": 0,
                                        "Local Dirtied Blocks": 0,
                                        "Local Written Blocks": 0,
                                        "Temp Read Blocks": 0,
                                        "Temp Written Blocks": 0,
                                        "WAL Records": 0,
                                        "WAL FPI": 0,
                                        "WAL Bytes": 0,
                                        "Workers": [
                                            {
                                                "Worker Number": 0,
                                                "Actual Startup Time": 0.022,
                                                "Actual Total Time": 557.011,
                                                "Actual Rows": 210985,
                                                "Actual Loops": 1,
                                                "Shared Hit Blocks": 1586,
                                                "Shared Read Blocks": 41376,
                                                "Shared Dirtied Blocks": 0,
                                                "Shared Written Blocks": 0,
                                                "Local Hit Blocks": 0,
                                                "Local Read Blocks": 0,
                                                "Local Dirtied Blocks": 0,
                                                "Local Written Blocks": 0,
                                                "Temp Read Blocks": 0,
                                                "Temp Written Blocks": 0,
                                                "WAL Records": 0,
                                                "WAL FPI": 0,
                                                "WAL Bytes": 0
                                            },
                                            {
                                                "Worker Number": 1,
                                                "Actual Startup Time": 0.031,
                                                "Actual Total Time": 557.041,
                                                "Actual Rows": 210957,
                                                "Actual Loops": 1,
                                                "Shared Hit Blocks": 1558,
                                                "Shared Read Blocks": 41437,
                                                "Shared Dirtied Blocks": 0,
                                                "Shared Written Blocks": 0,
                                                "Local Hit Blocks": 0,
                                                "Local Read Blocks": 0,
                                                "Local Dirtied Blocks": 0,
                                                "Local Written Blocks": 0,
                                                "Temp Read Blocks": 0,
                                                "Temp Written Blocks": 0,
                                                "WAL Records": 0,
                                                "WAL FPI": 0,
                                                "WAL Bytes": 0
                                            }
                                        ]
                                    }
                                ]
                            },
                            "Settings": {},
                            "Planning": {
                                "Shared Hit Blocks": 0,
                                "Shared Read Blocks": 0,
                                "Shared Dirtied Blocks": 0,
                                "Shared Written Blocks": 0,
                                "Local Hit Blocks": 0,
                                "Local Read Blocks": 0,
                                "Local Dirtied Blocks": 0,
                                "Local Written Blocks": 0,
                                "Temp Read Blocks": 0,
                                "Temp Written Blocks": 0
                            },
                            "Planning Time": 0.034,
                            "Triggers": [],
                            "Execution Time": 569.206
                        },
                        "any_explanation": {
                            "Plan": {
                                "Node Type": "Seq Scan",
                                "Parallel Aware": false,
                                "Async Capable": false,
                                "Relation Name": "tests_benchmark_booltester015",
                                "Schema": "public",
                                "Alias": "tests_benchmark_booltester015",
                                "Startup Cost": 0.0,
                                "Total Cost": 327389.0,
                                "Plan Rows": 19392979,
                                "Plan Width": 24,
                                "Actual Startup Time": 0.023,
                                "Actual Total Time": 1731.922,
                                "Actual Rows": 19374263,
                                "Actual Loops": 1,
                                "Output": [
                                    "id",
                                    "flg_0",
                                    "flg_1",
                                    "flg_2",
                                    "flg_3",
                                    "flg_4",
                                    "flg_5",
                                    "flg_6",
                                    "flg_7",
                                    "flg_8",
                                    "flg_9",
                                    "flg_10",
                                    "flg_11",
                                    "flg_12",
                                    "flg_13",
                                    "flg_14",
                                    "flg_15"
                                ],
                                "Filter": "(tests_benchmark_booltester015.flg_3 OR tests_benchmark_booltester015.flg_5 OR tests_benchmark_booltester015.flg_7 OR tests_benchmark_booltester015.flg_8 OR tests_benchmark_booltester015.flg_14)",
                                "Rows Removed by Filter": 625738,
                                "Shared Hit Blocks": 4960,
                                "Shared Read Blocks": 122429,
                                "Shared Dirtied Blocks": 0,
                                "Shared Written Blocks": 0,
                                "Local Hit Blocks": 0,
                                "Local Read Blocks": 0,
                                "Local Dirtied Blocks": 0,
                                "Local Written Blocks": 0,
                                "Temp Read Blocks": 0,
                                "Temp Written Blocks": 0,
                                "WAL Records": 0,
                                "WAL FPI": 0,
                                "WAL Bytes": 0
                            },
                            "Settings": {},
                            "Planning": {
                                "Shared Hit Blocks": 0,
                                "Shared Read Blocks": 0,
                                "Shared Dirtied Blocks": 0,
                                "Shared Written Blocks": 0,
                                "Local Hit Blocks": 0,
                                "Local Read Blocks": 0,
                                "Local Dirtied Blocks": 0,
                                "Local Written Blocks": 0,
                                "Temp Read Blocks": 0,
                                "Temp Written Blocks": 0
                            },
                            "Planning Time": 0.037,
                            "Triggers": [],
                            "Execution Time": 2126.597
                        },
                        "exact_explanation": {
                            "Plan": {
                                "Node Type": "Gather",
                                "Parallel Aware": false,
                                "Async Capable": false,
                                "Startup Cost": 1000.0,
                                "Total Cost": 211752.93,
                                "Plan Rows": 306,
                                "Plan Width": 24,
                                "Actual Startup Time": 33.625,
                                "Actual Total Time": 625.076,
                                "Actual Rows": 325,
                                "Actual Loops": 1,
                                "Output": [
                                    "id",
                                    "flg_0",
                                    "flg_1",
                                    "flg_2",
                                    "flg_3",
                                    "flg_4",
                                    "flg_5",
                                    "flg_6",
                                    "flg_7",
                                    "flg_8",
                                    "flg_9",
                                    "flg_10",
                                    "flg_11",
                                    "flg_12",
                                    "flg_13",
                                    "flg_14",
                                    "flg_15"
                                ],
                                "Workers Planned": 2,
                                "Workers Launched": 2,
                                "Single Copy": false,
                                "Shared Hit Blocks": 5088,
                                "Shared Read Blocks": 122301,
                                "Shared Dirtied Blocks": 0,
                                "Shared Written Blocks": 0,
                                "Local Hit Blocks": 0,
                                "Local Read Blocks": 0,
                                "Local Dirtied Blocks": 0,
                                "Local Written Blocks": 0,
                                "Temp Read Blocks": 0,
                                "Temp Written Blocks": 0,
                                "WAL Records": 0,
                                "WAL FPI": 0,
                                "WAL Bytes": 0,
                                "Plans": [
                                    {
                                        "Node Type": "Seq Scan",
                                        "Parent Relationship": "Outer",
                                        "Parallel Aware": true,
                                        "Async Capable": false,
                                        "Relation Name": "tests_benchmark_booltester015",
                                        "Schema": "public",
                                        "Alias": "tests_benchmark_booltester015",
                                        "Startup Cost": 0.0,
                                        "Total Cost": 210722.33,
                                        "Plan Rows": 128,
                                        "Plan Width": 24,
                                        "Actual Startup Time": 18.325,
                                        "Actual Total Time": 622.675,
                                        "Actual Rows": 108,
                                        "Actual Loops": 3,
                                        "Output": [
                                            "id",
                                            "flg_0",
                                            "flg_1",
                                            "flg_2",
                                            "flg_3",
                                            "flg_4",
                                            "flg_5",
                                            "flg_6",
                                            "flg_7",
                                            "flg_8",
                                            "flg_9",
                                            "flg_10",
                                            "flg_11",
                                            "flg_12",
                                            "flg_13",
                                            "flg_14",
                                            "flg_15"
                                        ],
                                        "Filter": "((NOT tests_benchmark_booltester015.flg_0) AND (NOT tests_benchmark_booltester015.flg_1) AND (NOT tests_benchmark_booltester015.flg_2) AND tests_benchmark_booltester015.flg_3 AND (NOT tests_benchmark_booltester015.flg_4) AND tests_benchmark_booltester015.flg_5 AND (NOT tests_benchmark_booltester015.flg_6) AND tests_benchmark_booltester015.flg_7 AND tests_benchmark_booltester015.flg_8 AND (NOT tests_benchmark_booltester015.flg_9) AND (NOT tests_benchmark_booltester015.flg_10) AND (NOT tests_benchmark_booltester015.flg_11) AND (NOT tests_benchmark_booltester015.flg_12) AND (NOT tests_benchmark_booltester015.flg_13) AND tests_benchmark_booltester015.flg_14 AND (NOT tests_benchmark_booltester015.flg_15))",
                                        "Rows Removed by Filter": 6666559,
                                        "Shared Hit Blocks": 5088,
                                        "Shared Read Blocks": 122301,
                                        "Shared Dirtied Blocks": 0,
                                        "Shared Written Blocks": 0,
                                        "Local Hit Blocks": 0,
                                        "Local Read Blocks": 0,
                                        "Local Dirtied Blocks": 0,
                                        "Local Written Blocks": 0,
                                        "Temp Read Blocks": 0,
                                        "Temp Written Blocks": 0,
                                        "WAL Records": 0,
                                        "WAL FPI": 0,
                                        "WAL Bytes": 0,
                                        "Workers": [
                                            {
                                                "Worker Number": 0,
                                                "Actual Startup Time": 20.407,
                                                "Actual Total Time": 622.003,
                                                "Actual Rows": 103,
                                                "Actual Loops": 1,
                                                "Shared Hit Blocks": 1630,
                                                "Shared Read Blocks": 40736,
                                                "Shared Dirtied Blocks": 0,
                                                "Shared Written Blocks": 0,
                                                "Local Hit Blocks": 0,
                                                "Local Read Blocks": 0,
                                                "Local Dirtied Blocks": 0,
                                                "Local Written Blocks": 0,
                                                "Temp Read Blocks": 0,
                                                "Temp Written Blocks": 0,
                                                "WAL Records": 0,
                                                "WAL FPI": 0,
                                                "WAL Bytes": 0
                                            },
                                            {
                                                "Worker Number": 1,
                                                "Actual Startup Time": 1.034,
                                                "Actual Total Time": 621.955,
                                                "Actual Rows": 112,
                                                "Actual Loops": 1,
                                                "Shared Hit Blocks": 1676,
                                                "Shared Read Blocks": 40672,
                                                "Shared Dirtied Blocks": 0,
                                                "Shared Written Blocks": 0,
                                                "Local Hit Blocks": 0,
                                                "Local Read Blocks": 0,
                                                "Local Dirtied Blocks": 0,
                                                "Local Written Blocks": 0,
                                                "Temp Read Blocks": 0,
                                                "Temp Written Blocks": 0,
                                                "WAL Records": 0,
                                                "WAL FPI": 0,
                                                "WAL Bytes": 0
                                            }
                                        ]
                                    }
                                ]
                            },
                            "Settings": {},
                            "Planning": {
                                "Shared Hit Blocks": 0,
                                "Shared Read Blocks": 0,
                                "Shared Dirtied Blocks": 0,
                                "Shared Written Blocks": 0,
                                "Local Hit Blocks": 0,
                                "Local Read Blocks": 0,
                                "Local Dirtied Blocks": 0,
                                "Local Written Blocks": 0,
                                "Temp Read Blocks": 0,
                                "Temp Written Blocks": 0
                            },
                            "Planning Time": 0.049,
                            "Triggers": [],
                            "Execution Time": 625.101
                        },
                        "all_ftr_time": 0.5837184999999999,
                        "any_ftr_time": 2.2202616,
                        "exact_ftr_time": 0.6183426999999999
                    },
                    "40000000": {
                        "all_time": 1.3307807334000246,
                        "any_time": 5.632634929096094,
                        "exact_time": 1.22500872080127,
                        "table_size": 2986344448.0,
                        "index_time": 6.791000487282872e-06,
                        "all_explanation": {
                            "Plan": {
                                "Node Type": "Gather",
                                "Parallel Aware": false,
                                "Async Capable": false,
                                "Startup Cost": 1000.0,
                                "Total Cost": 438892.57,
                                "Plan Rows": 164479,
                                "Plan Width": 24,
                                "Actual Startup Time": 0.111,
                                "Actual Total Time": 974.712,
                                "Actual Rows": 156336,
                                "Actual Loops": 1,
                                "Output": [
                                    "id",
                                    "flg_0",
                                    "flg_1",
                                    "flg_2",
                                    "flg_3",
                                    "flg_4",
                                    "flg_5",
                                    "flg_6",
                                    "flg_7",
                                    "flg_8",
                                    "flg_9",
                                    "flg_10",
                                    "flg_11",
                                    "flg_12",
                                    "flg_13",
                                    "flg_14",
                                    "flg_15"
                                ],
                                "Workers Planned": 2,
                                "Workers Launched": 2,
                                "Single Copy": false,
                                "Shared Hit Blocks": 4801,
                                "Shared Read Blocks": 249977,
                                "Shared Dirtied Blocks": 0,
                                "Shared Written Blocks": 0,
                                "Local Hit Blocks": 0,
                                "Local Read Blocks": 0,
                                "Local Dirtied Blocks": 0,
                                "Local Written Blocks": 0,
                                "Temp Read Blocks": 0,
                                "Temp Written Blocks": 0,
                                "WAL Records": 0,
                                "WAL FPI": 0,
                                "WAL Bytes": 0,
                                "Plans": [
                                    {
                                        "Node Type": "Seq Scan",
                                        "Parent Relationship": "Outer",
                                        "Parallel Aware": true,
                                        "Async Capable": false,
                                        "Relation Name": "tests_benchmark_booltester015",
                                        "Schema": "public",
                                        "Alias": "tests_benchmark_booltester015",
                                        "Startup Cost": 0.0,
                                        "Total Cost": 421444.67,
                                        "Plan Rows": 68533,
                                        "Plan Width": 24,
                                        "Actual Startup Time": 0.032,
                                        "Actual Total Time": 970.976,
                                        "Actual Rows": 52112,
                                        "Actual Loops": 3,
                                        "Output": [
                                            "id",
                                            "flg_0",
                                            "flg_1",
                                            "flg_2",
                                            "flg_3",
                                            "flg_4",
                                            "flg_5",
                                            "flg_6",
                                            "flg_7",
                                            "flg_8",
                                            "flg_9",
                                            "flg_10",
                                            "flg_11",
                                            "flg_12",
                                            "flg_13",
                                            "flg_14",
                                            "flg_15"
                                        ],
                                        "Filter": "(tests_benchmark_booltester015.flg_1 AND tests_benchmark_booltester015.flg_3 AND tests_benchmark_booltester015.flg_6 AND tests_benchmark_booltester015.flg_7 AND tests_benchmark_booltester015.flg_8 AND tests_benchmark_booltester015.flg_9 AND tests_benchmark_booltester015.flg_10 AND tests_benchmark_booltester015.flg_11)",
                                        "Rows Removed by Filter": 13281222,
                                        "Shared Hit Blocks": 4801,
                                        "Shared Read Blocks": 249977,
                                        "Shared Dirtied Blocks": 0,
                                        "Shared Written Blocks": 0,
                                        "Local Hit Blocks": 0,
                                        "Local Read Blocks": 0,
                                        "Local Dirtied Blocks": 0,
                                        "Local Written Blocks": 0,
                                        "Temp Read Blocks": 0,
                                        "Temp Written Blocks": 0,
                                        "WAL Records": 0,
                                        "WAL FPI": 0,
                                        "WAL Bytes": 0,
                                        "Workers": [
                                            {
                                                "Worker Number": 0,
                                                "Actual Startup Time": 0.035,
                                                "Actual Total Time": 972.468,
                                                "Actual Rows": 52047,
                                                "Actual Loops": 1,
                                                "Shared Hit Blocks": 1568,
                                                "Shared Read Blocks": 83488,
                                                "Shared Dirtied Blocks": 0,
                                                "Shared Written Blocks": 0,
                                                "Local Hit Blocks": 0,
                                                "Local Read Blocks": 0,
                                                "Local Dirtied Blocks": 0,
                                                "Local Written Blocks": 0,
                                                "Temp Read Blocks": 0,
                                                "Temp Written Blocks": 0,
                                                "WAL Records": 0,
                                                "WAL FPI": 0,
                                                "WAL Bytes": 0
                                            },
                                            {
                                                "Worker Number": 1,
                                                "Actual Startup Time": 0.038,
                                                "Actual Total Time": 972.474,
                                                "Actual Rows": 52048,
                                                "Actual Loops": 1,
                                                "Shared Hit Blocks": 1572,
                                                "Shared Read Blocks": 83513,
                                                "Shared Dirtied Blocks": 0,
                                                "Shared Written Blocks": 0,
                                                "Local Hit Blocks": 0,
                                                "Local Read Blocks": 0,
                                                "Local Dirtied Blocks": 0,
                                                "Local Written Blocks": 0,
                                                "Temp Read Blocks": 0,
                                                "Temp Written Blocks": 0,
                                                "WAL Records": 0,
                                                "WAL FPI": 0,
                                                "WAL Bytes": 0
                                            }
                                        ]
                                    }
                                ]
                            },
                            "Settings": {},
                            "Planning": {
                                "Shared Hit Blocks": 0,
                                "Shared Read Blocks": 0,
                                "Shared Dirtied Blocks": 0,
                                "Shared Written Blocks": 0,
                                "Local Hit Blocks": 0,
                                "Local Read Blocks": 0,
                                "Local Dirtied Blocks": 0,
                                "Local Written Blocks": 0,
                                "Temp Read Blocks": 0,
                                "Temp Written Blocks": 0
                            },
                            "Planning Time": 0.051,
                            "Triggers": [],
                            "Execution Time": 978.258
                        },
                        "any_explanation": {
                            "Plan": {
                                "Node Type": "Seq Scan",
                                "Parallel Aware": false,
                                "Async Capable": false,
                                "Relation Name": "tests_benchmark_booltester015",
                                "Schema": "public",
                                "Alias": "tests_benchmark_booltester015",
                                "Startup Cost": 0.0,
                                "Total Cost": 654779.44,
                                "Plan Rows": 39845783,
                                "Plan Width": 24,
                                "Actual Startup Time": 0.014,
                                "Actual Total Time": 3148.513,
                                "Actual Rows": 39843505,
                                "Actual Loops": 1,
                                "Output": [
                                    "id",
                                    "flg_0",
                                    "flg_1",
                                    "flg_2",
                                    "flg_3",
                                    "flg_4",
                                    "flg_5",
                                    "flg_6",
                                    "flg_7",
                                    "flg_8",
                                    "flg_9",
                                    "flg_10",
                                    "flg_11",
                                    "flg_12",
                                    "flg_13",
                                    "flg_14",
                                    "flg_15"
                                ],
                                "Filter": "(tests_benchmark_booltester015.flg_1 OR tests_benchmark_booltester015.flg_3 OR tests_benchmark_booltester015.flg_6 OR tests_benchmark_booltester015.flg_7 OR tests_benchmark_booltester015.flg_8 OR tests_benchmark_booltester015.flg_9 OR tests_benchmark_booltester015.flg_10 OR tests_benchmark_booltester015.flg_11)",
                                "Rows Removed by Filter": 156496,
                                "Shared Hit Blocks": 4999,
                                "Shared Read Blocks": 249779,
                                "Shared Dirtied Blocks": 0,
                                "Shared Written Blocks": 0,
                                "Local Hit Blocks": 0,
                                "Local Read Blocks": 0,
                                "Local Dirtied Blocks": 0,
                                "Local Written Blocks": 0,
                                "Temp Read Blocks": 0,
                                "Temp Written Blocks": 0,
                                "WAL Records": 0,
                                "WAL FPI": 0,
                                "WAL Bytes": 0
                            },
                            "Settings": {},
                            "Planning": {
                                "Shared Hit Blocks": 74,
                                "Shared Read Blocks": 0,
                                "Shared Dirtied Blocks": 0,
                                "Shared Written Blocks": 0,
                                "Local Hit Blocks": 0,
                                "Local Read Blocks": 0,
                                "Local Dirtied Blocks": 0,
                                "Local Written Blocks": 0,
                                "Temp Read Blocks": 0,
                                "Temp Written Blocks": 0
                            },
                            "Planning Time": 0.125,
                            "Triggers": [],
                            "Execution Time": 3967.925
                        },
                        "exact_explanation": {
                            "Plan": {
                                "Node Type": "Gather",
                                "Parallel Aware": false,
                                "Async Capable": false,
                                "Startup Cost": 1000.0,
                                "Total Cost": 422506.37,
                                "Plan Rows": 611,
                                "Plan Width": 24,
                                "Actual Startup Time": 1.602,
                                "Actual Total Time": 1213.688,
                                "Actual Rows": 575,
                                "Actual Loops": 1,
                                "Output": [
                                    "id",
                                    "flg_0",
                                    "flg_1",
                                    "flg_2",
                                    "flg_3",
                                    "flg_4",
                                    "flg_5",
                                    "flg_6",
                                    "flg_7",
                                    "flg_8",
                                    "flg_9",
                                    "flg_10",
                                    "flg_11",
                                    "flg_12",
                                    "flg_13",
                                    "flg_14",
                                    "flg_15"
                                ],
                                "Workers Planned": 2,
                                "Workers Launched": 2,
                                "Single Copy": false,
                                "Shared Hit Blocks": 5127,
                                "Shared Read Blocks": 249651,
                                "Shared Dirtied Blocks": 0,
                                "Shared Written Blocks": 0,
                                "Local Hit Blocks": 0,
                                "Local Read Blocks": 0,
                                "Local Dirtied Blocks": 0,
                                "Local Written Blocks": 0,
                                "Temp Read Blocks": 0,
                                "Temp Written Blocks": 0,
                                "WAL Records": 0,
                                "WAL FPI": 0,
                                "WAL Bytes": 0,
                                "Plans": [
                                    {
                                        "Node Type": "Seq Scan",
                                        "Parent Relationship": "Outer",
                                        "Parallel Aware": true,
                                        "Async Capable": false,
                                        "Relation Name": "tests_benchmark_booltester015",
                                        "Schema": "public",
                                        "Alias": "tests_benchmark_booltester015",
                                        "Startup Cost": 0.0,
                                        "Total Cost": 421445.27,
                                        "Plan Rows": 255,
                                        "Plan Width": 24,
                                        "Actual Startup Time": 5.758,
                                        "Actual Total Time": 1211.203,
                                        "Actual Rows": 192,
                                        "Actual Loops": 3,
                                        "Output": [
                                            "id",
                                            "flg_0",
                                            "flg_1",
                                            "flg_2",
                                            "flg_3",
                                            "flg_4",
                                            "flg_5",
                                            "flg_6",
                                            "flg_7",
                                            "flg_8",
                                            "flg_9",
                                            "flg_10",
                                            "flg_11",
                                            "flg_12",
                                            "flg_13",
                                            "flg_14",
                                            "flg_15"
                                        ],
                                        "Filter": "((NOT tests_benchmark_booltester015.flg_0) AND tests_benchmark_booltester015.flg_1 AND (NOT tests_benchmark_booltester015.flg_2) AND tests_benchmark_booltester015.flg_3 AND (NOT tests_benchmark_booltester015.flg_4) AND (NOT tests_benchmark_booltester015.flg_5) AND tests_benchmark_booltester015.flg_6 AND tests_benchmark_booltester015.flg_7 AND tests_benchmark_booltester015.flg_8 AND tests_benchmark_booltester015.flg_9 AND tests_benchmark_booltester015.flg_10 AND tests_benchmark_booltester015.flg_11 AND (NOT tests_benchmark_booltester015.flg_12) AND (NOT tests_benchmark_booltester015.flg_13) AND (NOT tests_benchmark_booltester015.flg_14) AND (NOT tests_benchmark_booltester015.flg_15))",
                                        "Rows Removed by Filter": 13333142,
                                        "Shared Hit Blocks": 5127,
                                        "Shared Read Blocks": 249651,
                                        "Shared Dirtied Blocks": 0,
                                        "Shared Written Blocks": 0,
                                        "Local Hit Blocks": 0,
                                        "Local Read Blocks": 0,
                                        "Local Dirtied Blocks": 0,
                                        "Local Written Blocks": 0,
                                        "Temp Read Blocks": 0,
                                        "Temp Written Blocks": 0,
                                        "WAL Records": 0,
                                        "WAL FPI": 0,
                                        "WAL Bytes": 0,
                                        "Workers": [
                                            {
                                                "Worker Number": 0,
                                                "Actual Startup Time": 8.924,
                                                "Actual Total Time": 1210.492,
                                                "Actual Rows": 195,
                                                "Actual Loops": 1,
                                                "Shared Hit Blocks": 1683,
                                                "Shared Read Blocks": 83108,
                                                "Shared Dirtied Blocks": 0,
                                                "Shared Written Blocks": 0,
                                                "Local Hit Blocks": 0,
                                                "Local Read Blocks": 0,
                                                "Local Dirtied Blocks": 0,
                                                "Local Written Blocks": 0,
                                                "Temp Read Blocks": 0,
                                                "Temp Written Blocks": 0,
                                                "WAL Records": 0,
                                                "WAL FPI": 0,
                                                "WAL Bytes": 0
                                            },
                                            {
                                                "Worker Number": 1,
                                                "Actual Startup Time": 6.822,
                                                "Actual Total Time": 1210.48,
                                                "Actual Rows": 200,
                                                "Actual Loops": 1,
                                                "Shared Hit Blocks": 1662,
                                                "Shared Read Blocks": 83152,
                                                "Shared Dirtied Blocks": 0,
                                                "Shared Written Blocks": 0,
                                                "Local Hit Blocks": 0,
                                                "Local Read Blocks": 0,
                                                "Local Dirtied Blocks": 0,
                                                "Local Written Blocks": 0,
                                                "Temp Read Blocks": 0,
                                                "Temp Written Blocks": 0,
                                                "WAL Records": 0,
                                                "WAL FPI": 0,
                                                "WAL Bytes": 0
                                            }
                                        ]
                                    }
                                ]
                            },
                            "Settings": {},
                            "Planning": {
                                "Shared Hit Blocks": 0,
                                "Shared Read Blocks": 0,
                                "Shared Dirtied Blocks": 0,
                                "Shared Written Blocks": 0,
                                "Local Hit Blocks": 0,
                                "Local Read Blocks": 0,
                                "Local Dirtied Blocks": 0,
                                "Local Written Blocks": 0,
                                "Temp Read Blocks": 0,
                                "Temp Written Blocks": 0
                            },
                            "Planning Time": 0.044,
                            "Triggers": [],
                            "Execution Time": 1213.726
                        },
                        "all_ftr_time": 1.1307505999999998,
                        "any_ftr_time": 4.3363056,
                        "exact_ftr_time": 1.2152832000000002
                    },
                    "60000000": {
                        "all_time": 1.7936937541031512,
                        "any_time": 8.476626533300442,
                        "exact_time": 1.8735516291024397,
                        "table_size": 4478468096.0,
                        "index_time": 3.541994374245405e-06,
                        "all_explanation": {
                            "Plan": {
                                "Node Type": "Gather",
                                "Parallel Aware": false,
                                "Async Capable": false,
                                "Startup Cost": 1000.0,
                                "Total Cost": 645000.5,
                                "Plan Rows": 118345,
                                "Plan Width": 24,
                                "Actual Startup Time": 0.231,
                                "Actual Total Time": 1824.287,
                                "Actual Rows": 117151,
                                "Actual Loops": 1,
                                "Output": [
                                    "id",
                                    "flg_0",
                                    "flg_1",
                                    "flg_2",
                                    "flg_3",
                                    "flg_4",
                                    "flg_5",
                                    "flg_6",
                                    "flg_7",
                                    "flg_8",
                                    "flg_9",
                                    "flg_10",
                                    "flg_11",
                                    "flg_12",
                                    "flg_13",
                                    "flg_14",
                                    "flg_15"
                                ],
                                "Workers Planned": 2,
                                "Workers Launched": 2,
                                "Single Copy": false,
                                "Shared Hit Blocks": 4640,
                                "Shared Read Blocks": 377526,
                                "Shared Dirtied Blocks": 0,
                                "Shared Written Blocks": 0,
                                "Local Hit Blocks": 0,
                                "Local Read Blocks": 0,
                                "Local Dirtied Blocks": 0,
                                "Local Written Blocks": 0,
                                "Temp Read Blocks": 0,
                                "Temp Written Blocks": 0,
                                "WAL Records": 0,
                                "WAL FPI": 0,
                                "WAL Bytes": 0,
                                "Plans": [
                                    {
                                        "Node Type": "Seq Scan",
                                        "Parent Relationship": "Outer",
                                        "Parallel Aware": true,
                                        "Async Capable": false,
                                        "Relation Name": "tests_benchmark_booltester015",
                                        "Schema": "public",
                                        "Alias": "tests_benchmark_booltester015",
                                        "Startup Cost": 0.0,
                                        "Total Cost": 632166.0,
                                        "Plan Rows": 49310,
                                        "Plan Width": 24,
                                        "Actual Startup Time": 0.125,
                                        "Actual Total Time": 1820.855,
                                        "Actual Rows": 39050,
                                        "Actual Loops": 3,
                                        "Output": [
                                            "id",
                                            "flg_0",
                                            "flg_1",
                                            "flg_2",
                                            "flg_3",
                                            "flg_4",
                                            "flg_5",
                                            "flg_6",
                                            "flg_7",
                                            "flg_8",
                                            "flg_9",
                                            "flg_10",
                                            "flg_11",
                                            "flg_12",
                                            "flg_13",
                                            "flg_14",
                                            "flg_15"
                                        ],
                                        "Filter": "(tests_benchmark_booltester015.flg_1 AND tests_benchmark_booltester015.flg_5 AND tests_benchmark_booltester015.flg_7 AND tests_benchmark_booltester015.flg_8 AND tests_benchmark_booltester015.flg_10 AND tests_benchmark_booltester015.flg_12 AND tests_benchmark_booltester015.flg_13 AND tests_benchmark_booltester015.flg_14 AND tests_benchmark_booltester015.flg_15)",
                                        "Rows Removed by Filter": 19960950,
                                        "Shared Hit Blocks": 4640,
                                        "Shared Read Blocks": 377526,
                                        "Shared Dirtied Blocks": 0,
                                        "Shared Written Blocks": 0,
                                        "Local Hit Blocks": 0,
                                        "Local Read Blocks": 0,
                                        "Local Dirtied Blocks": 0,
                                        "Local Written Blocks": 0,
                                        "Temp Read Blocks": 0,
                                        "Temp Written Blocks": 0,
                                        "WAL Records": 0,
                                        "WAL FPI": 0,
                                        "WAL Bytes": 0,
                                        "Workers": [
                                            {
                                                "Worker Number": 0,
                                                "Actual Startup Time": 0.142,
                                                "Actual Total Time": 1821.83,
                                                "Actual Rows": 39101,
                                                "Actual Loops": 1,
                                                "Shared Hit Blocks": 1498,
                                                "Shared Read Blocks": 126176,
                                                "Shared Dirtied Blocks": 0,
                                                "Shared Written Blocks": 0,
                                                "Local Hit Blocks": 0,
                                                "Local Read Blocks": 0,
                                                "Local Dirtied Blocks": 0,
                                                "Local Written Blocks": 0,
                                                "Temp Read Blocks": 0,
                                                "Temp Written Blocks": 0,
                                                "WAL Records": 0,
                                                "WAL FPI": 0,
                                                "WAL Bytes": 0
                                            },
                                            {
                                                "Worker Number": 1,
                                                "Actual Startup Time": 0.115,
                                                "Actual Total Time": 1821.927,
                                                "Actual Rows": 38996,
                                                "Actual Loops": 1,
                                                "Shared Hit Blocks": 1502,
                                                "Shared Read Blocks": 125984,
                                                "Shared Dirtied Blocks": 0,
                                                "Shared Written Blocks": 0,
                                                "Local Hit Blocks": 0,
                                                "Local Read Blocks": 0,
                                                "Local Dirtied Blocks": 0,
                                                "Local Written Blocks": 0,
                                                "Temp Read Blocks": 0,
                                                "Temp Written Blocks": 0,
                                                "WAL Records": 0,
                                                "WAL FPI": 0,
                                                "WAL Bytes": 0
                                            }
                                        ]
                                    }
                                ]
                            },
                            "Settings": {},
                            "Planning": {
                                "Shared Hit Blocks": 0,
                                "Shared Read Blocks": 0,
                                "Shared Dirtied Blocks": 0,
                                "Shared Written Blocks": 0,
                                "Local Hit Blocks": 0,
                                "Local Read Blocks": 0,
                                "Local Dirtied Blocks": 0,
                                "Local Written Blocks": 0,
                                "Temp Read Blocks": 0,
                                "Temp Written Blocks": 0
                            },
                            "Planning Time": 0.106,
                            "Triggers": [],
                            "Execution Time": 1827.036
                        },
                        "any_explanation": {
                            "Plan": {
                                "Node Type": "Seq Scan",
                                "Parallel Aware": false,
                                "Async Capable": false,
                                "Relation Name": "tests_benchmark_booltester015",
                                "Schema": "public",
                                "Alias": "tests_benchmark_booltester015",
                                "Startup Cost": 0.0,
                                "Total Cost": 982166.0,
                                "Plan Rows": 59883983,
                                "Plan Width": 24,
                                "Actual Startup Time": 0.025,
                                "Actual Total Time": 5693.554,
                                "Actual Rows": 59882827,
                                "Actual Loops": 1,
                                "Output": [
                                    "id",
                                    "flg_0",
                                    "flg_1",
                                    "flg_2",
                                    "flg_3",
                                    "flg_4",
                                    "flg_5",
                                    "flg_6",
                                    "flg_7",
                                    "flg_8",
                                    "flg_9",
                                    "flg_10",
                                    "flg_11",
                                    "flg_12",
                                    "flg_13",
                                    "flg_14",
                                    "flg_15"
                                ],
                                "Filter": "(tests_benchmark_booltester015.flg_1 OR tests_benchmark_booltester015.flg_5 OR tests_benchmark_booltester015.flg_7 OR tests_benchmark_booltester015.flg_8 OR tests_benchmark_booltester015.flg_10 OR tests_benchmark_booltester015.flg_12 OR tests_benchmark_booltester015.flg_13 OR tests_benchmark_booltester015.flg_14 OR tests_benchmark_booltester015.flg_15)",
                                "Rows Removed by Filter": 117174,
                                "Shared Hit Blocks": 4832,
                                "Shared Read Blocks": 377334,
                                "Shared Dirtied Blocks": 0,
                                "Shared Written Blocks": 0,
                                "Local Hit Blocks": 0,
                                "Local Read Blocks": 0,
                                "Local Dirtied Blocks": 0,
                                "Local Written Blocks": 0,
                                "Temp Read Blocks": 0,
                                "Temp Written Blocks": 0,
                                "WAL Records": 0,
                                "WAL FPI": 0,
                                "WAL Bytes": 0
                            },
                            "Settings": {},
                            "Planning": {
                                "Shared Hit Blocks": 0,
                                "Shared Read Blocks": 0,
                                "Shared Dirtied Blocks": 0,
                                "Shared Written Blocks": 0,
                                "Local Hit Blocks": 0,
                                "Local Read Blocks": 0,
                                "Local Dirtied Blocks": 0,
                                "Local Written Blocks": 0,
                                "Temp Read Blocks": 0,
                                "Temp Written Blocks": 0
                            },
                            "Planning Time": 0.05,
                            "Triggers": [],
                            "Execution Time": 6915.381
                        },
                        "exact_explanation": {
                            "Plan": {
                                "Node Type": "Gather",
                                "Parallel Aware": false,
                                "Async Capable": false,
                                "Startup Cost": 1000.0,
                                "Total Cost": 633260.0,
                                "Plan Rows": 940,
                                "Plan Width": 24,
                                "Actual Startup Time": 5.954,
                                "Actual Total Time": 1874.448,
                                "Actual Rows": 913,
                                "Actual Loops": 1,
                                "Output": [
                                    "id",
                                    "flg_0",
                                    "flg_1",
                                    "flg_2",
                                    "flg_3",
                                    "flg_4",
                                    "flg_5",
                                    "flg_6",
                                    "flg_7",
                                    "flg_8",
                                    "flg_9",
                                    "flg_10",
                                    "flg_11",
                                    "flg_12",
                                    "flg_13",
                                    "flg_14",
                                    "flg_15"
                                ],
                                "Workers Planned": 2,
                                "Workers Launched": 2,
                                "Single Copy": false,
                                "Shared Hit Blocks": 4960,
                                "Shared Read Blocks": 377206,
                                "Shared Dirtied Blocks": 0,
                                "Shared Written Blocks": 0,
                                "Local Hit Blocks": 0,
                                "Local Read Blocks": 0,
                                "Local Dirtied Blocks": 0,
                                "Local Written Blocks": 0,
                                "Temp Read Blocks": 0,
                                "Temp Written Blocks": 0,
                                "WAL Records": 0,
                                "WAL FPI": 0,
                                "WAL Bytes": 0,
                                "Plans": [
                                    {
                                        "Node Type": "Seq Scan",
                                        "Parent Relationship": "Outer",
                                        "Parallel Aware": true,
                                        "Async Capable": false,
                                        "Relation Name": "tests_benchmark_booltester015",
                                        "Schema": "public",
                                        "Alias": "tests_benchmark_booltester015",
                                        "Startup Cost": 0.0,
                                        "Total Cost": 632166.0,
                                        "Plan Rows": 392,
                                        "Plan Width": 24,
                                        "Actual Startup Time": 11.048,
                                        "Actual Total Time": 1872.076,
                                        "Actual Rows": 304,
                                        "Actual Loops": 3,
                                        "Output": [
                                            "id",
                                            "flg_0",
                                            "flg_1",
                                            "flg_2",
                                            "flg_3",
                                            "flg_4",
                                            "flg_5",
                                            "flg_6",
                                            "flg_7",
                                            "flg_8",
                                            "flg_9",
                                            "flg_10",
                                            "flg_11",
                                            "flg_12",
                                            "flg_13",
                                            "flg_14",
                                            "flg_15"
                                        ],
                                        "Filter": "((NOT tests_benchmark_booltester015.flg_0) AND tests_benchmark_booltester015.flg_1 AND (NOT tests_benchmark_booltester015.flg_2) AND (NOT tests_benchmark_booltester015.flg_3) AND (NOT tests_benchmark_booltester015.flg_4) AND tests_benchmark_booltester015.flg_5 AND (NOT tests_benchmark_booltester015.flg_6) AND tests_benchmark_booltester015.flg_7 AND tests_benchmark_booltester015.flg_8 AND (NOT tests_benchmark_booltester015.flg_9) AND tests_benchmark_booltester015.flg_10 AND (NOT tests_benchmark_booltester015.flg_11) AND tests_benchmark_booltester015.flg_12 AND tests_benchmark_booltester015.flg_13 AND tests_benchmark_booltester015.flg_14 AND tests_benchmark_booltester015.flg_15)",
                                        "Rows Removed by Filter": 19999696,
                                        "Shared Hit Blocks": 4960,
                                        "Shared Read Blocks": 377206,
                                        "Shared Dirtied Blocks": 0,
                                        "Shared Written Blocks": 0,
                                        "Local Hit Blocks": 0,
                                        "Local Read Blocks": 0,
                                        "Local Dirtied Blocks": 0,
                                        "Local Written Blocks": 0,
                                        "Temp Read Blocks": 0,
                                        "Temp Written Blocks": 0,
                                        "WAL Records": 0,
                                        "WAL FPI": 0,
                                        "WAL Bytes": 0,
                                        "Workers": [
                                            {
                                                "Worker Number": 0,
                                                "Actual Startup Time": 8.31,
                                                "Actual Total Time": 1871.415,
                                                "Actual Rows": 317,
                                                "Actual Loops": 1,
                                                "Shared Hit Blocks": 1611,
                                                "Shared Read Blocks": 125632,
                                                "Shared Dirtied Blocks": 0,
                                                "Shared Written Blocks": 0,
                                                "Local Hit Blocks": 0,
                                                "Local Read Blocks": 0,
                                                "Local Dirtied Blocks": 0,
                                                "Local Written Blocks": 0,
                                                "Temp Read Blocks": 0,
                                                "Temp Written Blocks": 0,
                                                "WAL Records": 0,
                                                "WAL FPI": 0,
                                                "WAL Bytes": 0
                                            },
                                            {
                                                "Worker Number": 1,
                                                "Actual Startup Time": 18.959,
                                                "Actual Total Time": 1871.327,
                                                "Actual Rows": 311,
                                                "Actual Loops": 1,
                                                "Shared Hit Blocks": 1631,
                                                "Shared Read Blocks": 125664,
                                                "Shared Dirtied Blocks": 0,
                                                "Shared Written Blocks": 0,
                                                "Local Hit Blocks": 0,
                                                "Local Read Blocks": 0,
                                                "Local Dirtied Blocks": 0,
                                                "Local Written Blocks": 0,
                                                "Temp Read Blocks": 0,
                                                "Temp Written Blocks": 0,
                                                "WAL Records": 0,
                                                "WAL FPI": 0,
                                                "WAL Bytes": 0
                                            }
                                        ]
                                    }
                                ]
                            },
                            "Settings": {},
                            "Planning": {
                                "Shared Hit Blocks": 0,
                                "Shared Read Blocks": 0,
                                "Shared Dirtied Blocks": 0,
                                "Shared Written Blocks": 0,
                                "Local Hit Blocks": 0,
                                "Local Read Blocks": 0,
                                "Local Dirtied Blocks": 0,
                                "Local Written Blocks": 0,
                                "Temp Read Blocks": 0,
                                "Temp Written Blocks": 0
                            },
                            "Planning Time": 0.04,
                            "Triggers": [],
                            "Execution Time": 1874.513
                        },
                        "all_ftr_time": 2.2365737999999995,
                        "any_ftr_time": 6.534826099999999,
                        "exact_ftr_time": 1.8641944
                    },
                    "80000000": {
                        "all_time": 2.707191250096366,
                        "any_time": 11.372522433300038,
                        "exact_time": 2.4824054290991624,
                        "table_size": 5971640320.0,
                        "index_time": 3.874985850416124e-06,
                        "all_explanation": {
                            "Plan": {
                                "Node Type": "Gather",
                                "Parallel Aware": false,
                                "Async Capable": false,
                                "Startup Cost": 1000.0,
                                "Total Cost": 851615.33,
                                "Plan Rows": 77270,
                                "Plan Width": 24,
                                "Actual Startup Time": 0.146,
                                "Actual Total Time": 2217.322,
                                "Actual Rows": 78531,
                                "Actual Loops": 1,
                                "Output": [
                                    "id",
                                    "flg_0",
                                    "flg_1",
                                    "flg_2",
                                    "flg_3",
                                    "flg_4",
                                    "flg_5",
                                    "flg_6",
                                    "flg_7",
                                    "flg_8",
                                    "flg_9",
                                    "flg_10",
                                    "flg_11",
                                    "flg_12",
                                    "flg_13",
                                    "flg_14",
                                    "flg_15"
                                ],
                                "Workers Planned": 2,
                                "Workers Launched": 2,
                                "Single Copy": false,
                                "Shared Hit Blocks": 4768,
                                "Shared Read Blocks": 504787,
                                "Shared Dirtied Blocks": 0,
                                "Shared Written Blocks": 0,
                                "Local Hit Blocks": 0,
                                "Local Read Blocks": 0,
                                "Local Dirtied Blocks": 0,
                                "Local Written Blocks": 0,
                                "Temp Read Blocks": 0,
                                "Temp Written Blocks": 0,
                                "WAL Records": 0,
                                "WAL FPI": 0,
                                "WAL Bytes": 0,
                                "Plans": [
                                    {
                                        "Node Type": "Seq Scan",
                                        "Parent Relationship": "Outer",
                                        "Parallel Aware": true,
                                        "Async Capable": false,
                                        "Relation Name": "tests_benchmark_booltester015",
                                        "Schema": "public",
                                        "Alias": "tests_benchmark_booltester015",
                                        "Startup Cost": 0.0,
                                        "Total Cost": 842888.33,
                                        "Plan Rows": 32196,
                                        "Plan Width": 24,
                                        "Actual Startup Time": 0.088,
                                        "Actual Total Time": 2214.095,
                                        "Actual Rows": 26177,
                                        "Actual Loops": 3,
                                        "Output": [
                                            "id",
                                            "flg_0",
                                            "flg_1",
                                            "flg_2",
                                            "flg_3",
                                            "flg_4",
                                            "flg_5",
                                            "flg_6",
                                            "flg_7",
                                            "flg_8",
                                            "flg_9",
                                            "flg_10",
                                            "flg_11",
                                            "flg_12",
                                            "flg_13",
                                            "flg_14",
                                            "flg_15"
                                        ],
                                        "Filter": "(tests_benchmark_booltester015.flg_0 AND tests_benchmark_booltester015.flg_1 AND tests_benchmark_booltester015.flg_2 AND tests_benchmark_booltester015.flg_6 AND tests_benchmark_booltester015.flg_7 AND tests_benchmark_booltester015.flg_9 AND tests_benchmark_booltester015.flg_10 AND tests_benchmark_booltester015.flg_12 AND tests_benchmark_booltester015.flg_13 AND tests_benchmark_booltester015.flg_14)",
                                        "Rows Removed by Filter": 26640490,
                                        "Shared Hit Blocks": 4768,
                                        "Shared Read Blocks": 504787,
                                        "Shared Dirtied Blocks": 0,
                                        "Shared Written Blocks": 0,
                                        "Local Hit Blocks": 0,
                                        "Local Read Blocks": 0,
                                        "Local Dirtied Blocks": 0,
                                        "Local Written Blocks": 0,
                                        "Temp Read Blocks": 0,
                                        "Temp Written Blocks": 0,
                                        "WAL Records": 0,
                                        "WAL FPI": 0,
                                        "WAL Bytes": 0,
                                        "Workers": [
                                            {
                                                "Worker Number": 0,
                                                "Actual Startup Time": 0.097,
                                                "Actual Total Time": 2214.638,
                                                "Actual Rows": 26168,
                                                "Actual Loops": 1,
                                                "Shared Hit Blocks": 1555,
                                                "Shared Read Blocks": 168096,
                                                "Shared Dirtied Blocks": 0,
                                                "Shared Written Blocks": 0,
                                                "Local Hit Blocks": 0,
                                                "Local Read Blocks": 0,
                                                "Local Dirtied Blocks": 0,
                                                "Local Written Blocks": 0,
                                                "Temp Read Blocks": 0,
                                                "Temp Written Blocks": 0,
                                                "WAL Records": 0,
                                                "WAL FPI": 0,
                                                "WAL Bytes": 0
                                            },
                                            {
                                                "Worker Number": 1,
                                                "Actual Startup Time": 0.085,
                                                "Actual Total Time": 2214.523,
                                                "Actual Rows": 26165,
                                                "Actual Loops": 1,
                                                "Shared Hit Blocks": 1568,
                                                "Shared Read Blocks": 168256,
                                                "Shared Dirtied Blocks": 0,
                                                "Shared Written Blocks": 0,
                                                "Local Hit Blocks": 0,
                                                "Local Read Blocks": 0,
                                                "Local Dirtied Blocks": 0,
                                                "Local Written Blocks": 0,
                                                "Temp Read Blocks": 0,
                                                "Temp Written Blocks": 0,
                                                "WAL Records": 0,
                                                "WAL FPI": 0,
                                                "WAL Bytes": 0
                                            }
                                        ]
                                    }
                                ]
                            },
                            "Settings": {},
                            "Planning": {
                                "Shared Hit Blocks": 0,
                                "Shared Read Blocks": 0,
                                "Shared Dirtied Blocks": 0,
                                "Shared Written Blocks": 0,
                                "Local Hit Blocks": 0,
                                "Local Read Blocks": 0,
                                "Local Dirtied Blocks": 0,
                                "Local Written Blocks": 0,
                                "Temp Read Blocks": 0,
                                "Temp Written Blocks": 0
                            },
                            "Planning Time": 0.036,
                            "Triggers": [],
                            "Execution Time": 2219.195
                        },
                        "any_explanation": {
                            "Plan": {
                                "Node Type": "Seq Scan",
                                "Parallel Aware": false,
                                "Async Capable": false,
                                "Relation Name": "tests_benchmark_booltester015",
                                "Schema": "public",
                                "Alias": "tests_benchmark_booltester015",
                                "Startup Cost": 0.0,
                                "Total Cost": 1309555.0,
                                "Plan Rows": 79921064,
                                "Plan Width": 24,
                                "Actual Startup Time": 0.027,
                                "Actual Total Time": 6973.003,
                                "Actual Rows": 79921917,
                                "Actual Loops": 1,
                                "Output": [
                                    "id",
                                    "flg_0",
                                    "flg_1",
                                    "flg_2",
                                    "flg_3",
                                    "flg_4",
                                    "flg_5",
                                    "flg_6",
                                    "flg_7",
                                    "flg_8",
                                    "flg_9",
                                    "flg_10",
                                    "flg_11",
                                    "flg_12",
                                    "flg_13",
                                    "flg_14",
                                    "flg_15"
                                ],
                                "Filter": "(tests_benchmark_booltester015.flg_0 OR tests_benchmark_booltester015.flg_1 OR tests_benchmark_booltester015.flg_2 OR tests_benchmark_booltester015.flg_6 OR tests_benchmark_booltester015.flg_7 OR tests_benchmark_booltester015.flg_9 OR tests_benchmark_booltester015.flg_10 OR tests_benchmark_booltester015.flg_12 OR tests_benchmark_booltester015.flg_13 OR tests_benchmark_booltester015.flg_14)",
                                "Rows Removed by Filter": 78084,
                                "Shared Hit Blocks": 4960,
                                "Shared Read Blocks": 504595,
                                "Shared Dirtied Blocks": 0,
                                "Shared Written Blocks": 0,
                                "Local Hit Blocks": 0,
                                "Local Read Blocks": 0,
                                "Local Dirtied Blocks": 0,
                                "Local Written Blocks": 0,
                                "Temp Read Blocks": 0,
                                "Temp Written Blocks": 0,
                                "WAL Records": 0,
                                "WAL FPI": 0,
                                "WAL Bytes": 0
                            },
                            "Settings": {},
                            "Planning": {
                                "Shared Hit Blocks": 0,
                                "Shared Read Blocks": 0,
                                "Shared Dirtied Blocks": 0,
                                "Shared Written Blocks": 0,
                                "Local Hit Blocks": 0,
                                "Local Read Blocks": 0,
                                "Local Dirtied Blocks": 0,
                                "Local Written Blocks": 0,
                                "Temp Read Blocks": 0,
                                "Temp Written Blocks": 0
                            },
                            "Planning Time": 0.056,
                            "Triggers": [],
                            "Execution Time": 8600.033
                        },
                        "exact_explanation": {
                            "Plan": {
                                "Node Type": "Gather",
                                "Parallel Aware": false,
                                "Async Capable": false,
                                "Startup Cost": 1000.0,
                                "Total Cost": 844011.23,
                                "Plan Rows": 1229,
                                "Plan Width": 24,
                                "Actual Startup Time": 9.517,
                                "Actual Total Time": 2438.026,
                                "Actual Rows": 1230,
                                "Actual Loops": 1,
                                "Output": [
                                    "id",
                                    "flg_0",
                                    "flg_1",
                                    "flg_2",
                                    "flg_3",
                                    "flg_4",
                                    "flg_5",
                                    "flg_6",
                                    "flg_7",
                                    "flg_8",
                                    "flg_9",
                                    "flg_10",
                                    "flg_11",
                                    "flg_12",
                                    "flg_13",
                                    "flg_14",
                                    "flg_15"
                                ],
                                "Workers Planned": 2,
                                "Workers Launched": 2,
                                "Single Copy": false,
                                "Shared Hit Blocks": 5088,
                                "Shared Read Blocks": 504467,
                                "Shared Dirtied Blocks": 0,
                                "Shared Written Blocks": 0,
                                "Local Hit Blocks": 0,
                                "Local Read Blocks": 0,
                                "Local Dirtied Blocks": 0,
                                "Local Written Blocks": 0,
                                "Temp Read Blocks": 0,
                                "Temp Written Blocks": 0,
                                "WAL Records": 0,
                                "WAL FPI": 0,
                                "WAL Bytes": 0,
                                "Plans": [
                                    {
                                        "Node Type": "Seq Scan",
                                        "Parent Relationship": "Outer",
                                        "Parallel Aware": true,
                                        "Async Capable": false,
                                        "Relation Name": "tests_benchmark_booltester015",
                                        "Schema": "public",
                                        "Alias": "tests_benchmark_booltester015",
                                        "Startup Cost": 0.0,
                                        "Total Cost": 842888.33,
                                        "Plan Rows": 512,
                                        "Plan Width": 24,
                                        "Actual Startup Time": 3.918,
                                        "Actual Total Time": 2435.516,
                                        "Actual Rows": 410,
                                        "Actual Loops": 3,
                                        "Output": [
                                            "id",
                                            "flg_0",
                                            "flg_1",
                                            "flg_2",
                                            "flg_3",
                                            "flg_4",
                                            "flg_5",
                                            "flg_6",
                                            "flg_7",
                                            "flg_8",
                                            "flg_9",
                                            "flg_10",
                                            "flg_11",
                                            "flg_12",
                                            "flg_13",
                                            "flg_14",
                                            "flg_15"
                                        ],
                                        "Filter": "(tests_benchmark_booltester015.flg_0 AND tests_benchmark_booltester015.flg_1 AND tests_benchmark_booltester015.flg_2 AND (NOT tests_benchmark_booltester015.flg_3) AND (NOT tests_benchmark_booltester015.flg_4) AND (NOT tests_benchmark_booltester015.flg_5) AND tests_benchmark_booltester015.flg_6 AND tests_benchmark_booltester015.flg_7 AND (NOT tests_benchmark_booltester015.flg_8) AND tests_benchmark_booltester015.flg_9 AND tests_benchmark_booltester015.flg_10 AND (NOT tests_benchmark_booltester015.flg_11) AND tests_benchmark_booltester015.flg_12 AND tests_benchmark_booltester015.flg_13 AND tests_benchmark_booltester015.flg_14 AND (NOT tests_benchmark_booltester015.flg_15))",
                                        "Rows Removed by Filter": 26666257,
                                        "Shared Hit Blocks": 5088,
                                        "Shared Read Blocks": 504467,
                                        "Shared Dirtied Blocks": 0,
                                        "Shared Written Blocks": 0,
                                        "Local Hit Blocks": 0,
                                        "Local Read Blocks": 0,
                                        "Local Dirtied Blocks": 0,
                                        "Local Written Blocks": 0,
                                        "Temp Read Blocks": 0,
                                        "Temp Written Blocks": 0,
                                        "WAL Records": 0,
                                        "WAL FPI": 0,
                                        "WAL Bytes": 0,
                                        "Workers": [
                                            {
                                                "Worker Number": 0,
                                                "Actual Startup Time": 0.411,
                                                "Actual Total Time": 2434.853,
                                                "Actual Rows": 411,
                                                "Actual Loops": 1,
                                                "Shared Hit Blocks": 1661,
                                                "Shared Read Blocks": 168339,
                                                "Shared Dirtied Blocks": 0,
                                                "Shared Written Blocks": 0,
                                                "Local Hit Blocks": 0,
                                                "Local Read Blocks": 0,
                                                "Local Dirtied Blocks": 0,
                                                "Local Written Blocks": 0,
                                                "Temp Read Blocks": 0,
                                                "Temp Written Blocks": 0,
                                                "WAL Records": 0,
                                                "WAL FPI": 0,
                                                "WAL Bytes": 0
                                            },
                                            {
                                                "Worker Number": 1,
                                                "Actual Startup Time": 1.906,
                                                "Actual Total Time": 2434.847,
                                                "Actual Rows": 416,
                                                "Actual Loops": 1,
                                                "Shared Hit Blocks": 1675,
                                                "Shared Read Blocks": 168288,
                                                "Shared Dirtied Blocks": 0,
                                                "Shared Written Blocks": 0,
                                                "Local Hit Blocks": 0,
                                                "Local Read Blocks": 0,
                                                "Local Dirtied Blocks": 0,
                                                "Local Written Blocks": 0,
                                                "Temp Read Blocks": 0,
                                                "Temp Written Blocks": 0,
                                                "WAL Records": 0,
                                                "WAL FPI": 0,
                                                "WAL Bytes": 0
                                            }
                                        ]
                                    }
                                ]
                            },
                            "Settings": {},
                            "Planning": {
                                "Shared Hit Blocks": 0,
                                "Shared Read Blocks": 0,
                                "Shared Dirtied Blocks": 0,
                                "Shared Written Blocks": 0,
                                "Local Hit Blocks": 0,
                                "Local Read Blocks": 0,
                                "Local Dirtied Blocks": 0,
                                "Local Written Blocks": 0,
                                "Temp Read Blocks": 0,
                                "Temp Written Blocks": 0
                            },
                            "Planning Time": 0.042,
                            "Triggers": [],
                            "Execution Time": 2438.095
                        },
                        "all_ftr_time": 2.3179355000000004,
                        "any_ftr_time": 8.774068,
                        "exact_ftr_time": 2.4719556000000003
                    },
                    "100000000": {
                        "all_time": 3.3651728583994553,
                        "any_time": 13.983916420799506,
                        "exact_time": 3.1101748456989298,
                        "table_size": 7463763968.0,
                        "index_time": 4.208995960652828e-06,
                        "all_explanation": {
                            "Plan": {
                                "Node Type": "Gather",
                                "Parallel Aware": false,
                                "Async Capable": false,
                                "Startup Cost": 1000.0,
                                "Total Cost": 1064497.67,
                                "Plan Rows": 98880,
                                "Plan Width": 24,
                                "Actual Startup Time": 0.117,
                                "Actual Total Time": 3028.767,
                                "Actual Rows": 97608,
                                "Actual Loops": 1,
                                "Output": [
                                    "id",
                                    "flg_0",
                                    "flg_1",
                                    "flg_2",
                                    "flg_3",
                                    "flg_4",
                                    "flg_5",
                                    "flg_6",
                                    "flg_7",
                                    "flg_8",
                                    "flg_9",
                                    "flg_10",
                                    "flg_11",
                                    "flg_12",
                                    "flg_13",
                                    "flg_14",
                                    "flg_15"
                                ],
                                "Workers Planned": 2,
                                "Workers Launched": 2,
                                "Single Copy": false,
                                "Shared Hit Blocks": 4768,
                                "Shared Read Blocks": 632175,
                                "Shared Dirtied Blocks": 0,
                                "Shared Written Blocks": 0,
                                "Local Hit Blocks": 0,
                                "Local Read Blocks": 0,
                                "Local Dirtied Blocks": 0,
                                "Local Written Blocks": 0,
                                "Temp Read Blocks": 0,
                                "Temp Written Blocks": 0,
                                "WAL Records": 0,
                                "WAL FPI": 0,
                                "WAL Bytes": 0,
                                "Plans": [
                                    {
                                        "Node Type": "Seq Scan",
                                        "Parent Relationship": "Outer",
                                        "Parallel Aware": true,
                                        "Async Capable": false,
                                        "Relation Name": "tests_benchmark_booltester015",
                                        "Schema": "public",
                                        "Alias": "tests_benchmark_booltester015",
                                        "Startup Cost": 0.0,
                                        "Total Cost": 1053609.67,
                                        "Plan Rows": 41200,
                                        "Plan Width": 24,
                                        "Actual Startup Time": 0.122,
                                        "Actual Total Time": 3025.342,
                                        "Actual Rows": 32536,
                                        "Actual Loops": 3,
                                        "Output": [
                                            "id",
                                            "flg_0",
                                            "flg_1",
                                            "flg_2",
                                            "flg_3",
                                            "flg_4",
                                            "flg_5",
                                            "flg_6",
                                            "flg_7",
                                            "flg_8",
                                            "flg_9",
                                            "flg_10",
                                            "flg_11",
                                            "flg_12",
                                            "flg_13",
                                            "flg_14",
                                            "flg_15"
                                        ],
                                        "Filter": "(tests_benchmark_booltester015.flg_2 AND tests_benchmark_booltester015.flg_3 AND tests_benchmark_booltester015.flg_5 AND tests_benchmark_booltester015.flg_7 AND tests_benchmark_booltester015.flg_8 AND tests_benchmark_booltester015.flg_9 AND tests_benchmark_booltester015.flg_10 AND tests_benchmark_booltester015.flg_11 AND tests_benchmark_booltester015.flg_13 AND tests_benchmark_booltester015.flg_15)",
                                        "Rows Removed by Filter": 33300798,
                                        "Shared Hit Blocks": 4768,
                                        "Shared Read Blocks": 632175,
                                        "Shared Dirtied Blocks": 0,
                                        "Shared Written Blocks": 0,
                                        "Local Hit Blocks": 0,
                                        "Local Read Blocks": 0,
                                        "Local Dirtied Blocks": 0,
                                        "Local Written Blocks": 0,
                                        "Temp Read Blocks": 0,
                                        "Temp Written Blocks": 0,
                                        "WAL Records": 0,
                                        "WAL FPI": 0,
                                        "WAL Bytes": 0,
                                        "Workers": [
                                            {
                                                "Worker Number": 0,
                                                "Actual Startup Time": 0.232,
                                                "Actual Total Time": 3026.072,
                                                "Actual Rows": 32473,
                                                "Actual Loops": 1,
                                                "Shared Hit Blocks": 1538,
                                                "Shared Read Blocks": 210703,
                                                "Shared Dirtied Blocks": 0,
                                                "Shared Written Blocks": 0,
                                                "Local Hit Blocks": 0,
                                                "Local Read Blocks": 0,
                                                "Local Dirtied Blocks": 0,
                                                "Local Written Blocks": 0,
                                                "Temp Read Blocks": 0,
                                                "Temp Written Blocks": 0,
                                                "WAL Records": 0,
                                                "WAL FPI": 0,
                                                "WAL Bytes": 0
                                            },
                                            {
                                                "Worker Number": 1,
                                                "Actual Startup Time": 0.091,
                                                "Actual Total Time": 3026.128,
                                                "Actual Rows": 32693,
                                                "Actual Loops": 1,
                                                "Shared Hit Blocks": 1557,
                                                "Shared Read Blocks": 210720,
                                                "Shared Dirtied Blocks": 0,
                                                "Shared Written Blocks": 0,
                                                "Local Hit Blocks": 0,
                                                "Local Read Blocks": 0,
                                                "Local Dirtied Blocks": 0,
                                                "Local Written Blocks": 0,
                                                "Temp Read Blocks": 0,
                                                "Temp Written Blocks": 0,
                                                "WAL Records": 0,
                                                "WAL FPI": 0,
                                                "WAL Bytes": 0
                                            }
                                        ]
                                    }
                                ]
                            },
                            "Settings": {},
                            "Planning": {
                                "Shared Hit Blocks": 0,
                                "Shared Read Blocks": 0,
                                "Shared Dirtied Blocks": 0,
                                "Shared Written Blocks": 0,
                                "Local Hit Blocks": 0,
                                "Local Read Blocks": 0,
                                "Local Dirtied Blocks": 0,
                                "Local Written Blocks": 0,
                                "Temp Read Blocks": 0,
                                "Temp Written Blocks": 0
                            },
                            "Planning Time": 0.043,
                            "Triggers": [],
                            "Execution Time": 3031.068
                        },
                        "any_explanation": {
                            "Plan": {
                                "Node Type": "Seq Scan",
                                "Parallel Aware": false,
                                "Async Capable": false,
                                "Relation Name": "tests_benchmark_booltester015",
                                "Schema": "public",
                                "Alias": "tests_benchmark_booltester015",
                                "Startup Cost": 0.0,
                                "Total Cost": 1636943.0,
                                "Plan Rows": 99903567,
                                "Plan Width": 24,
                                "Actual Startup Time": 0.021,
                                "Actual Total Time": 9491.615,
                                "Actual Rows": 99902596,
                                "Actual Loops": 1,
                                "Output": [
                                    "id",
                                    "flg_0",
                                    "flg_1",
                                    "flg_2",
                                    "flg_3",
                                    "flg_4",
                                    "flg_5",
                                    "flg_6",
                                    "flg_7",
                                    "flg_8",
                                    "flg_9",
                                    "flg_10",
                                    "flg_11",
                                    "flg_12",
                                    "flg_13",
                                    "flg_14",
                                    "flg_15"
                                ],
                                "Filter": "(tests_benchmark_booltester015.flg_2 OR tests_benchmark_booltester015.flg_3 OR tests_benchmark_booltester015.flg_5 OR tests_benchmark_booltester015.flg_7 OR tests_benchmark_booltester015.flg_8 OR tests_benchmark_booltester015.flg_9 OR tests_benchmark_booltester015.flg_10 OR tests_benchmark_booltester015.flg_11 OR tests_benchmark_booltester015.flg_13 OR tests_benchmark_booltester015.flg_15)",
                                "Rows Removed by Filter": 97405,
                                "Shared Hit Blocks": 4960,
                                "Shared Read Blocks": 631983,
                                "Shared Dirtied Blocks": 0,
                                "Shared Written Blocks": 0,
                                "Local Hit Blocks": 0,
                                "Local Read Blocks": 0,
                                "Local Dirtied Blocks": 0,
                                "Local Written Blocks": 0,
                                "Temp Read Blocks": 0,
                                "Temp Written Blocks": 0,
                                "WAL Records": 0,
                                "WAL FPI": 0,
                                "WAL Bytes": 0
                            },
                            "Settings": {},
                            "Planning": {
                                "Shared Hit Blocks": 0,
                                "Shared Read Blocks": 0,
                                "Shared Dirtied Blocks": 0,
                                "Shared Written Blocks": 0,
                                "Local Hit Blocks": 0,
                                "Local Read Blocks": 0,
                                "Local Dirtied Blocks": 0,
                                "Local Written Blocks": 0,
                                "Temp Read Blocks": 0,
                                "Temp Written Blocks": 0
                            },
                            "Planning Time": 0.048,
                            "Triggers": [],
                            "Execution Time": 11531.943
                        },
                        "exact_explanation": {
                            "Plan": {
                                "Node Type": "Gather",
                                "Parallel Aware": false,
                                "Async Capable": false,
                                "Startup Cost": 1000.0,
                                "Total Cost": 1054763.27,
                                "Plan Rows": 1536,
                                "Plan Width": 24,
                                "Actual Startup Time": 2.274,
                                "Actual Total Time": 3124.205,
                                "Actual Rows": 1561,
                                "Actual Loops": 1,
                                "Output": [
                                    "id",
                                    "flg_0",
                                    "flg_1",
                                    "flg_2",
                                    "flg_3",
                                    "flg_4",
                                    "flg_5",
                                    "flg_6",
                                    "flg_7",
                                    "flg_8",
                                    "flg_9",
                                    "flg_10",
                                    "flg_11",
                                    "flg_12",
                                    "flg_13",
                                    "flg_14",
                                    "flg_15"
                                ],
                                "Workers Planned": 2,
                                "Workers Launched": 2,
                                "Single Copy": false,
                                "Shared Hit Blocks": 5088,
                                "Shared Read Blocks": 631855,
                                "Shared Dirtied Blocks": 0,
                                "Shared Written Blocks": 0,
                                "Local Hit Blocks": 0,
                                "Local Read Blocks": 0,
                                "Local Dirtied Blocks": 0,
                                "Local Written Blocks": 0,
                                "Temp Read Blocks": 0,
                                "Temp Written Blocks": 0,
                                "WAL Records": 0,
                                "WAL FPI": 0,
                                "WAL Bytes": 0,
                                "Plans": [
                                    {
                                        "Node Type": "Seq Scan",
                                        "Parent Relationship": "Outer",
                                        "Parallel Aware": true,
                                        "Async Capable": false,
                                        "Relation Name": "tests_benchmark_booltester015",
                                        "Schema": "public",
                                        "Alias": "tests_benchmark_booltester015",
                                        "Startup Cost": 0.0,
                                        "Total Cost": 1053609.67,
                                        "Plan Rows": 640,
                                        "Plan Width": 24,
                                        "Actual Startup Time": 7.048,
                                        "Actual Total Time": 3121.725,
                                        "Actual Rows": 520,
                                        "Actual Loops": 3,
                                        "Output": [
                                            "id",
                                            "flg_0",
                                            "flg_1",
                                            "flg_2",
                                            "flg_3",
                                            "flg_4",
                                            "flg_5",
                                            "flg_6",
                                            "flg_7",
                                            "flg_8",
                                            "flg_9",
                                            "flg_10",
                                            "flg_11",
                                            "flg_12",
                                            "flg_13",
                                            "flg_14",
                                            "flg_15"
                                        ],
                                        "Filter": "((NOT tests_benchmark_booltester015.flg_0) AND (NOT tests_benchmark_booltester015.flg_1) AND tests_benchmark_booltester015.flg_2 AND tests_benchmark_booltester015.flg_3 AND (NOT tests_benchmark_booltester015.flg_4) AND tests_benchmark_booltester015.flg_5 AND (NOT tests_benchmark_booltester015.flg_6) AND tests_benchmark_booltester015.flg_7 AND tests_benchmark_booltester015.flg_8 AND tests_benchmark_booltester015.flg_9 AND tests_benchmark_booltester015.flg_10 AND tests_benchmark_booltester015.flg_11 AND (NOT tests_benchmark_booltester015.flg_12) AND tests_benchmark_booltester015.flg_13 AND (NOT tests_benchmark_booltester015.flg_14) AND tests_benchmark_booltester015.flg_15)",
                                        "Rows Removed by Filter": 33332813,
                                        "Shared Hit Blocks": 5088,
                                        "Shared Read Blocks": 631855,
                                        "Shared Dirtied Blocks": 0,
                                        "Shared Written Blocks": 0,
                                        "Local Hit Blocks": 0,
                                        "Local Read Blocks": 0,
                                        "Local Dirtied Blocks": 0,
                                        "Local Written Blocks": 0,
                                        "Temp Read Blocks": 0,
                                        "Temp Written Blocks": 0,
                                        "WAL Records": 0,
                                        "WAL FPI": 0,
                                        "WAL Bytes": 0,
                                        "Workers": [
                                            {
                                                "Worker Number": 0,
                                                "Actual Startup Time": 9.531,
                                                "Actual Total Time": 3121.032,
                                                "Actual Rows": 533,
                                                "Actual Loops": 1,
                                                "Shared Hit Blocks": 1657,
                                                "Shared Read Blocks": 210528,
                                                "Shared Dirtied Blocks": 0,
                                                "Shared Written Blocks": 0,
                                                "Local Hit Blocks": 0,
                                                "Local Read Blocks": 0,
                                                "Local Dirtied Blocks": 0,
                                                "Local Written Blocks": 0,
                                                "Temp Read Blocks": 0,
                                                "Temp Written Blocks": 0,
                                                "WAL Records": 0,
                                                "WAL FPI": 0,
                                                "WAL Bytes": 0
                                            },
                                            {
                                                "Worker Number": 1,
                                                "Actual Startup Time": 9.424,
                                                "Actual Total Time": 3121.052,
                                                "Actual Rows": 511,
                                                "Actual Loops": 1,
                                                "Shared Hit Blocks": 1669,
                                                "Shared Read Blocks": 210543,
                                                "Shared Dirtied Blocks": 0,
                                                "Shared Written Blocks": 0,
                                                "Local Hit Blocks": 0,
                                                "Local Read Blocks": 0,
                                                "Local Dirtied Blocks": 0,
                                                "Local Written Blocks": 0,
                                                "Temp Read Blocks": 0,
                                                "Temp Written Blocks": 0,
                                                "WAL Records": 0,
                                                "WAL FPI": 0,
                                                "WAL Bytes": 0
                                            }
                                        ]
                                    }
                                ]
                            },
                            "Settings": {},
                            "Planning": {
                                "Shared Hit Blocks": 0,
                                "Shared Read Blocks": 0,
                                "Shared Dirtied Blocks": 0,
                                "Shared Written Blocks": 0,
                                "Local Hit Blocks": 0,
                                "Local Read Blocks": 0,
                                "Local Dirtied Blocks": 0,
                                "Local Written Blocks": 0,
                                "Temp Read Blocks": 0,
                                "Temp Written Blocks": 0
                            },
                            "Planning Time": 0.064,
                            "Triggers": [],
                            "Execution Time": 3124.311
                        },
                        "all_ftr_time": 2.7768686000000002,
                        "any_ftr_time": 10.774499800000001,
                        "exact_ftr_time": 3.1011302
                    }
                }
            },
            "[BOOL] Col Index": {
                "16": {
                    "10": {
                        "all_time": 0.0011820665982668287,
                        "any_time": 0.0016092873993329704,
                        "exact_time": 0.001158920997113455,
                        "table_size": 286720.0,
                        "index_time": 0.010688041991670616,
                        "all_explanation": {
                            "Plan": {
                                "Node Type": "Seq Scan",
                                "Parallel Aware": false,
                                "Async Capable": false,
                                "Relation Name": "tests_benchmark_booltester015",
                                "Schema": "public",
                                "Alias": "tests_benchmark_booltester015",
                                "Startup Cost": 0.0,
                                "Total Cost": 1.11,
                                "Plan Rows": 1,
                                "Plan Width": 24,
                                "Actual Startup Time": 0.003,
                                "Actual Total Time": 0.003,
                                "Actual Rows": 0,
                                "Actual Loops": 1,
                                "Output": [
                                    "id",
                                    "flg_0",
                                    "flg_1",
                                    "flg_2",
                                    "flg_3",
                                    "flg_4",
                                    "flg_5",
                                    "flg_6",
                                    "flg_7",
                                    "flg_8",
                                    "flg_9",
                                    "flg_10",
                                    "flg_11",
                                    "flg_12",
                                    "flg_13",
                                    "flg_14",
                                    "flg_15"
                                ],
                                "Filter": "(tests_benchmark_booltester015.flg_4 AND tests_benchmark_booltester015.flg_5 AND tests_benchmark_booltester015.flg_6 AND tests_benchmark_booltester015.flg_7 AND tests_benchmark_booltester015.flg_8 AND tests_benchmark_booltester015.flg_9 AND tests_benchmark_booltester015.flg_10 AND tests_benchmark_booltester015.flg_12 AND tests_benchmark_booltester015.flg_14)",
                                "Rows Removed by Filter": 11,
                                "Shared Hit Blocks": 1,
                                "Shared Read Blocks": 0,
                                "Shared Dirtied Blocks": 0,
                                "Shared Written Blocks": 0,
                                "Local Hit Blocks": 0,
                                "Local Read Blocks": 0,
                                "Local Dirtied Blocks": 0,
                                "Local Written Blocks": 0,
                                "Temp Read Blocks": 0,
                                "Temp Written Blocks": 0,
                                "WAL Records": 0,
                                "WAL FPI": 0,
                                "WAL Bytes": 0
                            },
                            "Settings": {},
                            "Planning": {
                                "Shared Hit Blocks": 0,
                                "Shared Read Blocks": 0,
                                "Shared Dirtied Blocks": 0,
                                "Shared Written Blocks": 0,
                                "Local Hit Blocks": 0,
                                "Local Read Blocks": 0,
                                "Local Dirtied Blocks": 0,
                                "Local Written Blocks": 0,
                                "Temp Read Blocks": 0,
                                "Temp Written Blocks": 0
                            },
                            "Planning Time": 0.037,
                            "Triggers": [],
                            "Execution Time": 0.005
                        },
                        "any_explanation": {
                            "Plan": {
                                "Node Type": "Seq Scan",
                                "Parallel Aware": false,
                                "Async Capable": false,
                                "Relation Name": "tests_benchmark_booltester015",
                                "Schema": "public",
                                "Alias": "tests_benchmark_booltester015",
                                "Startup Cost": 0.0,
                                "Total Cost": 1.11,
                                "Plan Rows": 11,
                                "Plan Width": 24,
                                "Actual Startup Time": 0.002,
                                "Actual Total Time": 0.003,
                                "Actual Rows": 11,
                                "Actual Loops": 1,
                                "Output": [
                                    "id",
                                    "flg_0",
                                    "flg_1",
                                    "flg_2",
                                    "flg_3",
                                    "flg_4",
                                    "flg_5",
                                    "flg_6",
                                    "flg_7",
                                    "flg_8",
                                    "flg_9",
                                    "flg_10",
                                    "flg_11",
                                    "flg_12",
                                    "flg_13",
                                    "flg_14",
                                    "flg_15"
                                ],
                                "Filter": "(tests_benchmark_booltester015.flg_4 OR tests_benchmark_booltester015.flg_5 OR tests_benchmark_booltester015.flg_6 OR tests_benchmark_booltester015.flg_7 OR tests_benchmark_booltester015.flg_8 OR tests_benchmark_booltester015.flg_9 OR tests_benchmark_booltester015.flg_10 OR tests_benchmark_booltester015.flg_12 OR tests_benchmark_booltester015.flg_14)",
                                "Rows Removed by Filter": 0,
                                "Shared Hit Blocks": 1,
                                "Shared Read Blocks": 0,
                                "Shared Dirtied Blocks": 0,
                                "Shared Written Blocks": 0,
                                "Local Hit Blocks": 0,
                                "Local Read Blocks": 0,
                                "Local Dirtied Blocks": 0,
                                "Local Written Blocks": 0,
                                "Temp Read Blocks": 0,
                                "Temp Written Blocks": 0,
                                "WAL Records": 0,
                                "WAL FPI": 0,
                                "WAL Bytes": 0
                            },
                            "Settings": {},
                            "Planning": {
                                "Shared Hit Blocks": 0,
                                "Shared Read Blocks": 0,
                                "Shared Dirtied Blocks": 0,
                                "Shared Written Blocks": 0,
                                "Local Hit Blocks": 0,
                                "Local Read Blocks": 0,
                                "Local Dirtied Blocks": 0,
                                "Local Written Blocks": 0,
                                "Temp Read Blocks": 0,
                                "Temp Written Blocks": 0
                            },
                            "Planning Time": 0.032,
                            "Triggers": [],
                            "Execution Time": 0.006
                        },
                        "exact_explanation": {
                            "Plan": {
                                "Node Type": "Seq Scan",
                                "Parallel Aware": false,
                                "Async Capable": false,
                                "Relation Name": "tests_benchmark_booltester015",
                                "Schema": "public",
                                "Alias": "tests_benchmark_booltester015",
                                "Startup Cost": 0.0,
                                "Total Cost": 1.11,
                                "Plan Rows": 1,
                                "Plan Width": 24,
                                "Actual Startup Time": 0.004,
                                "Actual Total Time": 0.004,
                                "Actual Rows": 0,
                                "Actual Loops": 1,
                                "Output": [
                                    "id",
                                    "flg_0",
                                    "flg_1",
                                    "flg_2",
                                    "flg_3",
                                    "flg_4",
                                    "flg_5",
                                    "flg_6",
                                    "flg_7",
                                    "flg_8",
                                    "flg_9",
                                    "flg_10",
                                    "flg_11",
                                    "flg_12",
                                    "flg_13",
                                    "flg_14",
                                    "flg_15"
                                ],
                                "Filter": "((NOT tests_benchmark_booltester015.flg_0) AND (NOT tests_benchmark_booltester015.flg_1) AND (NOT tests_benchmark_booltester015.flg_2) AND (NOT tests_benchmark_booltester015.flg_3) AND tests_benchmark_booltester015.flg_4 AND tests_benchmark_booltester015.flg_5 AND tests_benchmark_booltester015.flg_6 AND tests_benchmark_booltester015.flg_7 AND tests_benchmark_booltester015.flg_8 AND tests_benchmark_booltester015.flg_9 AND tests_benchmark_booltester015.flg_10 AND (NOT tests_benchmark_booltester015.flg_11) AND tests_benchmark_booltester015.flg_12 AND (NOT tests_benchmark_booltester015.flg_13) AND tests_benchmark_booltester015.flg_14 AND (NOT tests_benchmark_booltester015.flg_15))",
                                "Rows Removed by Filter": 11,
                                "Shared Hit Blocks": 1,
                                "Shared Read Blocks": 0,
                                "Shared Dirtied Blocks": 0,
                                "Shared Written Blocks": 0,
                                "Local Hit Blocks": 0,
                                "Local Read Blocks": 0,
                                "Local Dirtied Blocks": 0,
                                "Local Written Blocks": 0,
                                "Temp Read Blocks": 0,
                                "Temp Written Blocks": 0,
                                "WAL Records": 0,
                                "WAL FPI": 0,
                                "WAL Bytes": 0
                            },
                            "Settings": {},
                            "Planning": {
                                "Shared Hit Blocks": 0,
                                "Shared Read Blocks": 0,
                                "Shared Dirtied Blocks": 0,
                                "Shared Written Blocks": 0,
                                "Local Hit Blocks": 0,
                                "Local Read Blocks": 0,
                                "Local Dirtied Blocks": 0,
                                "Local Written Blocks": 0,
                                "Temp Read Blocks": 0,
                                "Temp Written Blocks": 0
                            },
                            "Planning Time": 0.063,
                            "Triggers": [],
                            "Execution Time": 0.007
                        },
                        "all_ftr_time": 5.0999999999999995e-06,
                        "any_ftr_time": 5.5e-06,
                        "exact_ftr_time": 6.6e-06
                    },
                    "100": {
                        "all_time": 0.0011052500005462207,
                        "any_time": 0.0019226374992285856,
                        "exact_time": 0.00117009180248715,
                        "table_size": 286720.0,
                        "index_time": 0.011570792004931718,
                        "all_explanation": {
                            "Plan": {
                                "Node Type": "Seq Scan",
                                "Parallel Aware": false,
                                "Async Capable": false,
                                "Relation Name": "tests_benchmark_booltester015",
                                "Schema": "public",
                                "Alias": "tests_benchmark_booltester015",
                                "Startup Cost": 0.0,
                                "Total Cost": 2.01,
                                "Plan Rows": 1,
                                "Plan Width": 24,
                                "Actual Startup Time": 0.004,
                                "Actual Total Time": 0.011,
                                "Actual Rows": 1,
                                "Actual Loops": 1,
                                "Output": [
                                    "id",
                                    "flg_0",
                                    "flg_1",
                                    "flg_2",
                                    "flg_3",
                                    "flg_4",
                                    "flg_5",
                                    "flg_6",
                                    "flg_7",
                                    "flg_8",
                                    "flg_9",
                                    "flg_10",
                                    "flg_11",
                                    "flg_12",
                                    "flg_13",
                                    "flg_14",
                                    "flg_15"
                                ],
                                "Filter": "(tests_benchmark_booltester015.flg_2 AND tests_benchmark_booltester015.flg_5 AND tests_benchmark_booltester015.flg_6 AND tests_benchmark_booltester015.flg_11 AND tests_benchmark_booltester015.flg_12 AND tests_benchmark_booltester015.flg_13 AND tests_benchmark_booltester015.flg_15)",
                                "Rows Removed by Filter": 100,
                                "Shared Hit Blocks": 1,
                                "Shared Read Blocks": 0,
                                "Shared Dirtied Blocks": 0,
                                "Shared Written Blocks": 0,
                                "Local Hit Blocks": 0,
                                "Local Read Blocks": 0,
                                "Local Dirtied Blocks": 0,
                                "Local Written Blocks": 0,
                                "Temp Read Blocks": 0,
                                "Temp Written Blocks": 0,
                                "WAL Records": 0,
                                "WAL FPI": 0,
                                "WAL Bytes": 0
                            },
                            "Settings": {},
                            "Planning": {
                                "Shared Hit Blocks": 0,
                                "Shared Read Blocks": 0,
                                "Shared Dirtied Blocks": 0,
                                "Shared Written Blocks": 0,
                                "Local Hit Blocks": 0,
                                "Local Read Blocks": 0,
                                "Local Dirtied Blocks": 0,
                                "Local Written Blocks": 0,
                                "Temp Read Blocks": 0,
                                "Temp Written Blocks": 0
                            },
                            "Planning Time": 0.032,
                            "Triggers": [],
                            "Execution Time": 0.013
                        },
                        "any_explanation": {
                            "Plan": {
                                "Node Type": "Seq Scan",
                                "Parallel Aware": false,
                                "Async Capable": false,
                                "Relation Name": "tests_benchmark_booltester015",
                                "Schema": "public",
                                "Alias": "tests_benchmark_booltester015",
                                "Startup Cost": 0.0,
                                "Total Cost": 2.01,
                                "Plan Rows": 100,
                                "Plan Width": 24,
                                "Actual Startup Time": 0.003,
                                "Actual Total Time": 0.014,
                                "Actual Rows": 100,
                                "Actual Loops": 1,
                                "Output": [
                                    "id",
                                    "flg_0",
                                    "flg_1",
                                    "flg_2",
                                    "flg_3",
                                    "flg_4",
                                    "flg_5",
                                    "flg_6",
                                    "flg_7",
                                    "flg_8",
                                    "flg_9",
                                    "flg_10",
                                    "flg_11",
                                    "flg_12",
                                    "flg_13",
                                    "flg_14",
                                    "flg_15"
                                ],
                                "Filter": "(tests_benchmark_booltester015.flg_2 OR tests_benchmark_booltester015.flg_5 OR tests_benchmark_booltester015.flg_6 OR tests_benchmark_booltester015.flg_11 OR tests_benchmark_booltester015.flg_12 OR tests_benchmark_booltester015.flg_13 OR tests_benchmark_booltester015.flg_15)",
                                "Rows Removed by Filter": 1,
                                "Shared Hit Blocks": 1,
                                "Shared Read Blocks": 0,
                                "Shared Dirtied Blocks": 0,
                                "Shared Written Blocks": 0,
                                "Local Hit Blocks": 0,
                                "Local Read Blocks": 0,
                                "Local Dirtied Blocks": 0,
                                "Local Written Blocks": 0,
                                "Temp Read Blocks": 0,
                                "Temp Written Blocks": 0,
                                "WAL Records": 0,
                                "WAL FPI": 0,
                                "WAL Bytes": 0
                            },
                            "Settings": {},
                            "Planning": {
                                "Shared Hit Blocks": 0,
                                "Shared Read Blocks": 0,
                                "Shared Dirtied Blocks": 0,
                                "Shared Written Blocks": 0,
                                "Local Hit Blocks": 0,
                                "Local Read Blocks": 0,
                                "Local Dirtied Blocks": 0,
                                "Local Written Blocks": 0,
                                "Temp Read Blocks": 0,
                                "Temp Written Blocks": 0
                            },
                            "Planning Time": 0.031,
                            "Triggers": [],
                            "Execution Time": 0.018
                        },
                        "exact_explanation": {
                            "Plan": {
                                "Node Type": "Seq Scan",
                                "Parallel Aware": false,
                                "Async Capable": false,
                                "Relation Name": "tests_benchmark_booltester015",
                                "Schema": "public",
                                "Alias": "tests_benchmark_booltester015",
                                "Startup Cost": 0.0,
                                "Total Cost": 2.01,
                                "Plan Rows": 1,
                                "Plan Width": 24,
                                "Actual Startup Time": 0.011,
                                "Actual Total Time": 0.011,
                                "Actual Rows": 0,
                                "Actual Loops": 1,
                                "Output": [
                                    "id",
                                    "flg_0",
                                    "flg_1",
                                    "flg_2",
                                    "flg_3",
                                    "flg_4",
                                    "flg_5",
                                    "flg_6",
                                    "flg_7",
                                    "flg_8",
                                    "flg_9",
                                    "flg_10",
                                    "flg_11",
                                    "flg_12",
                                    "flg_13",
                                    "flg_14",
                                    "flg_15"
                                ],
                                "Filter": "((NOT tests_benchmark_booltester015.flg_0) AND (NOT tests_benchmark_booltester015.flg_1) AND tests_benchmark_booltester015.flg_2 AND (NOT tests_benchmark_booltester015.flg_3) AND (NOT tests_benchmark_booltester015.flg_4) AND tests_benchmark_booltester015.flg_5 AND tests_benchmark_booltester015.flg_6 AND (NOT tests_benchmark_booltester015.flg_7) AND (NOT tests_benchmark_booltester015.flg_8) AND (NOT tests_benchmark_booltester015.flg_9) AND (NOT tests_benchmark_booltester015.flg_10) AND tests_benchmark_booltester015.flg_11 AND tests_benchmark_booltester015.flg_12 AND tests_benchmark_booltester015.flg_13 AND (NOT tests_benchmark_booltester015.flg_14) AND tests_benchmark_booltester015.flg_15)",
                                "Rows Removed by Filter": 101,
                                "Shared Hit Blocks": 1,
                                "Shared Read Blocks": 0,
                                "Shared Dirtied Blocks": 0,
                                "Shared Written Blocks": 0,
                                "Local Hit Blocks": 0,
                                "Local Read Blocks": 0,
                                "Local Dirtied Blocks": 0,
                                "Local Written Blocks": 0,
                                "Temp Read Blocks": 0,
                                "Temp Written Blocks": 0,
                                "WAL Records": 0,
                                "WAL FPI": 0,
                                "WAL Bytes": 0
                            },
                            "Settings": {},
                            "Planning": {
                                "Shared Hit Blocks": 0,
                                "Shared Read Blocks": 0,
                                "Shared Dirtied Blocks": 0,
                                "Shared Written Blocks": 0,
                                "Local Hit Blocks": 0,
                                "Local Read Blocks": 0,
                                "Local Dirtied Blocks": 0,
                                "Local Written Blocks": 0,
                                "Temp Read Blocks": 0,
                                "Temp Written Blocks": 0
                            },
                            "Planning Time": 0.054,
                            "Triggers": [],
                            "Execution Time": 0.014
                        },
                        "all_ftr_time": 1.1999999999999999e-05,
                        "any_ftr_time": 1.57e-05,
                        "exact_ftr_time": 1.36e-05
                    },
                    "1000": {
                        "all_time": 0.0010787250983412377,
                        "any_time": 0.0020115836028708144,
                        "exact_time": 0.0013127627011272126,
                        "table_size": 360448.0,
                        "index_time": 0.016921666989219375,
                        "all_explanation": {
                            "Plan": {
                                "Node Type": "Seq Scan",
                                "Parallel Aware": false,
                                "Async Capable": false,
                                "Relation Name": "tests_benchmark_booltester015",
                                "Schema": "public",
                                "Alias": "tests_benchmark_booltester015",
                                "Startup Cost": 0.0,
                                "Total Cost": 17.01,
                                "Plan Rows": 1,
                                "Plan Width": 24,
                                "Actual Startup Time": 0.02,
                                "Actual Total Time": 0.083,
                                "Actual Rows": 1,
                                "Actual Loops": 1,
                                "Output": [
                                    "id",
                                    "flg_0",
                                    "flg_1",
                                    "flg_2",
                                    "flg_3",
                                    "flg_4",
                                    "flg_5",
                                    "flg_6",
                                    "flg_7",
                                    "flg_8",
                                    "flg_9",
                                    "flg_10",
                                    "flg_11",
                                    "flg_12",
                                    "flg_13",
                                    "flg_14",
                                    "flg_15"
                                ],
                                "Filter": "(tests_benchmark_booltester015.flg_0 AND tests_benchmark_booltester015.flg_1 AND tests_benchmark_booltester015.flg_2 AND tests_benchmark_booltester015.flg_4 AND tests_benchmark_booltester015.flg_6 AND tests_benchmark_booltester015.flg_7 AND tests_benchmark_booltester015.flg_8 AND tests_benchmark_booltester015.flg_11 AND tests_benchmark_booltester015.flg_13 AND tests_benchmark_booltester015.flg_14)",
                                "Rows Removed by Filter": 1000,
                                "Shared Hit Blocks": 7,
                                "Shared Read Blocks": 0,
                                "Shared Dirtied Blocks": 0,
                                "Shared Written Blocks": 0,
                                "Local Hit Blocks": 0,
                                "Local Read Blocks": 0,
                                "Local Dirtied Blocks": 0,
                                "Local Written Blocks": 0,
                                "Temp Read Blocks": 0,
                                "Temp Written Blocks": 0,
                                "WAL Records": 0,
                                "WAL FPI": 0,
                                "WAL Bytes": 0
                            },
                            "Settings": {},
                            "Planning": {
                                "Shared Hit Blocks": 0,
                                "Shared Read Blocks": 0,
                                "Shared Dirtied Blocks": 0,
                                "Shared Written Blocks": 0,
                                "Local Hit Blocks": 0,
                                "Local Read Blocks": 0,
                                "Local Dirtied Blocks": 0,
                                "Local Written Blocks": 0,
                                "Temp Read Blocks": 0,
                                "Temp Written Blocks": 0
                            },
                            "Planning Time": 0.039,
                            "Triggers": [],
                            "Execution Time": 0.085
                        },
                        "any_explanation": {
                            "Plan": {
                                "Node Type": "Seq Scan",
                                "Parallel Aware": false,
                                "Async Capable": false,
                                "Relation Name": "tests_benchmark_booltester015",
                                "Schema": "public",
                                "Alias": "tests_benchmark_booltester015",
                                "Startup Cost": 0.0,
                                "Total Cost": 17.01,
                                "Plan Rows": 1000,
                                "Plan Width": 24,
                                "Actual Startup Time": 0.003,
                                "Actual Total Time": 0.096,
                                "Actual Rows": 998,
                                "Actual Loops": 1,
                                "Output": [
                                    "id",
                                    "flg_0",
                                    "flg_1",
                                    "flg_2",
                                    "flg_3",
                                    "flg_4",
                                    "flg_5",
                                    "flg_6",
                                    "flg_7",
                                    "flg_8",
                                    "flg_9",
                                    "flg_10",
                                    "flg_11",
                                    "flg_12",
                                    "flg_13",
                                    "flg_14",
                                    "flg_15"
                                ],
                                "Filter": "(tests_benchmark_booltester015.flg_0 OR tests_benchmark_booltester015.flg_1 OR tests_benchmark_booltester015.flg_2 OR tests_benchmark_booltester015.flg_4 OR tests_benchmark_booltester015.flg_6 OR tests_benchmark_booltester015.flg_7 OR tests_benchmark_booltester015.flg_8 OR tests_benchmark_booltester015.flg_11 OR tests_benchmark_booltester015.flg_13 OR tests_benchmark_booltester015.flg_14)",
                                "Rows Removed by Filter": 3,
                                "Shared Hit Blocks": 7,
                                "Shared Read Blocks": 0,
                                "Shared Dirtied Blocks": 0,
                                "Shared Written Blocks": 0,
                                "Local Hit Blocks": 0,
                                "Local Read Blocks": 0,
                                "Local Dirtied Blocks": 0,
                                "Local Written Blocks": 0,
                                "Temp Read Blocks": 0,
                                "Temp Written Blocks": 0,
                                "WAL Records": 0,
                                "WAL FPI": 0,
                                "WAL Bytes": 0
                            },
                            "Settings": {},
                            "Planning": {
                                "Shared Hit Blocks": 0,
                                "Shared Read Blocks": 0,
                                "Shared Dirtied Blocks": 0,
                                "Shared Written Blocks": 0,
                                "Local Hit Blocks": 0,
                                "Local Read Blocks": 0,
                                "Local Dirtied Blocks": 0,
                                "Local Written Blocks": 0,
                                "Temp Read Blocks": 0,
                                "Temp Written Blocks": 0
                            },
                            "Planning Time": 0.032,
                            "Triggers": [],
                            "Execution Time": 0.123
                        },
                        "exact_explanation": {
                            "Plan": {
                                "Node Type": "Seq Scan",
                                "Parallel Aware": false,
                                "Async Capable": false,
                                "Relation Name": "tests_benchmark_booltester015",
                                "Schema": "public",
                                "Alias": "tests_benchmark_booltester015",
                                "Startup Cost": 0.0,
                                "Total Cost": 17.01,
                                "Plan Rows": 1,
                                "Plan Width": 24,
                                "Actual Startup Time": 0.102,
                                "Actual Total Time": 0.102,
                                "Actual Rows": 0,
                                "Actual Loops": 1,
                                "Output": [
                                    "id",
                                    "flg_0",
                                    "flg_1",
                                    "flg_2",
                                    "flg_3",
                                    "flg_4",
                                    "flg_5",
                                    "flg_6",
                                    "flg_7",
                                    "flg_8",
                                    "flg_9",
                                    "flg_10",
                                    "flg_11",
                                    "flg_12",
                                    "flg_13",
                                    "flg_14",
                                    "flg_15"
                                ],
                                "Filter": "(tests_benchmark_booltester015.flg_0 AND tests_benchmark_booltester015.flg_1 AND tests_benchmark_booltester015.flg_2 AND (NOT tests_benchmark_booltester015.flg_3) AND tests_benchmark_booltester015.flg_4 AND (NOT tests_benchmark_booltester015.flg_5) AND tests_benchmark_booltester015.flg_6 AND tests_benchmark_booltester015.flg_7 AND tests_benchmark_booltester015.flg_8 AND (NOT tests_benchmark_booltester015.flg_9) AND (NOT tests_benchmark_booltester015.flg_10) AND tests_benchmark_booltester015.flg_11 AND (NOT tests_benchmark_booltester015.flg_12) AND tests_benchmark_booltester015.flg_13 AND tests_benchmark_booltester015.flg_14 AND (NOT tests_benchmark_booltester015.flg_15))",
                                "Rows Removed by Filter": 1001,
                                "Shared Hit Blocks": 7,
                                "Shared Read Blocks": 0,
                                "Shared Dirtied Blocks": 0,
                                "Shared Written Blocks": 0,
                                "Local Hit Blocks": 0,
                                "Local Read Blocks": 0,
                                "Local Dirtied Blocks": 0,
                                "Local Written Blocks": 0,
                                "Temp Read Blocks": 0,
                                "Temp Written Blocks": 0,
                                "WAL Records": 0,
                                "WAL FPI": 0,
                                "WAL Bytes": 0
                            },
                            "Settings": {},
                            "Planning": {
                                "Shared Hit Blocks": 0,
                                "Shared Read Blocks": 0,
                                "Shared Dirtied Blocks": 0,
                                "Shared Written Blocks": 0,
                                "Local Hit Blocks": 0,
                                "Local Read Blocks": 0,
                                "Local Dirtied Blocks": 0,
                                "Local Written Blocks": 0,
                                "Temp Read Blocks": 0,
                                "Temp Written Blocks": 0
                            },
                            "Planning Time": 0.06,
                            "Triggers": [],
                            "Execution Time": 0.105
                        },
                        "all_ftr_time": 8.079999999999999e-05,
                        "any_ftr_time": 0.00011710000000000001,
                        "exact_ftr_time": 9.249999999999999e-05
                    },
                    "10000": {
                        "all_time": 0.0022732291006832385,
                        "any_time": 0.005743054300546646,
                        "exact_time": 0.0035284247001982293,
                        "table_size": 2211840.0,
                        "index_time": 0.0622675420017913,
                        "all_explanation": {
                            "Plan": {
                                "Node Type": "Seq Scan",
                                "Parallel Aware": false,
                                "Async Capable": false,
                                "Relation Name": "tests_benchmark_booltester015",
                                "Schema": "public",
                                "Alias": "tests_benchmark_booltester015",
                                "Startup Cost": 0.0,
                                "Total Cost": 164.01,
                                "Plan Rows": 78,
                                "Plan Width": 24,
                                "Actual Startup Time": 0.012,
                                "Actual Total Time": 1.098,
                                "Actual Rows": 77,
                                "Actual Loops": 1,
                                "Output": [
                                    "id",
                                    "flg_0",
                                    "flg_1",
                                    "flg_2",
                                    "flg_3",
                                    "flg_4",
                                    "flg_5",
                                    "flg_6",
                                    "flg_7",
                                    "flg_8",
                                    "flg_9",
                                    "flg_10",
                                    "flg_11",
                                    "flg_12",
                                    "flg_13",
                                    "flg_14",
                                    "flg_15"
                                ],
                                "Filter": "(tests_benchmark_booltester015.flg_1 AND tests_benchmark_booltester015.flg_2 AND tests_benchmark_booltester015.flg_6 AND tests_benchmark_booltester015.flg_8 AND tests_benchmark_booltester015.flg_11 AND tests_benchmark_booltester015.flg_13 AND tests_benchmark_booltester015.flg_14)",
                                "Rows Removed by Filter": 9924,
                                "Shared Hit Blocks": 64,
                                "Shared Read Blocks": 0,
                                "Shared Dirtied Blocks": 0,
                                "Shared Written Blocks": 0,
                                "Local Hit Blocks": 0,
                                "Local Read Blocks": 0,
                                "Local Dirtied Blocks": 0,
                                "Local Written Blocks": 0,
                                "Temp Read Blocks": 0,
                                "Temp Written Blocks": 0,
                                "WAL Records": 0,
                                "WAL FPI": 0,
                                "WAL Bytes": 0
                            },
                            "Settings": {},
                            "Planning": {
                                "Shared Hit Blocks": 0,
                                "Shared Read Blocks": 0,
                                "Shared Dirtied Blocks": 0,
                                "Shared Written Blocks": 0,
                                "Local Hit Blocks": 0,
                                "Local Read Blocks": 0,
                                "Local Dirtied Blocks": 0,
                                "Local Written Blocks": 0,
                                "Temp Read Blocks": 0,
                                "Temp Written Blocks": 0
                            },
                            "Planning Time": 0.044,
                            "Triggers": [],
                            "Execution Time": 1.104
                        },
                        "any_explanation": {
                            "Plan": {
                                "Node Type": "Seq Scan",
                                "Parallel Aware": false,
                                "Async Capable": false,
                                "Relation Name": "tests_benchmark_booltester015",
                                "Schema": "public",
                                "Alias": "tests_benchmark_booltester015",
                                "Startup Cost": 0.0,
                                "Total Cost": 164.01,
                                "Plan Rows": 9923,
                                "Plan Width": 24,
                                "Actual Startup Time": 0.004,
                                "Actual Total Time": 1.267,
                                "Actual Rows": 9919,
                                "Actual Loops": 1,
                                "Output": [
                                    "id",
                                    "flg_0",
                                    "flg_1",
                                    "flg_2",
                                    "flg_3",
                                    "flg_4",
                                    "flg_5",
                                    "flg_6",
                                    "flg_7",
                                    "flg_8",
                                    "flg_9",
                                    "flg_10",
                                    "flg_11",
                                    "flg_12",
                                    "flg_13",
                                    "flg_14",
                                    "flg_15"
                                ],
                                "Filter": "(tests_benchmark_booltester015.flg_1 OR tests_benchmark_booltester015.flg_2 OR tests_benchmark_booltester015.flg_6 OR tests_benchmark_booltester015.flg_8 OR tests_benchmark_booltester015.flg_11 OR tests_benchmark_booltester015.flg_13 OR tests_benchmark_booltester015.flg_14)",
                                "Rows Removed by Filter": 82,
                                "Shared Hit Blocks": 64,
                                "Shared Read Blocks": 0,
                                "Shared Dirtied Blocks": 0,
                                "Shared Written Blocks": 0,
                                "Local Hit Blocks": 0,
                                "Local Read Blocks": 0,
                                "Local Dirtied Blocks": 0,
                                "Local Written Blocks": 0,
                                "Temp Read Blocks": 0,
                                "Temp Written Blocks": 0,
                                "WAL Records": 0,
                                "WAL FPI": 0,
                                "WAL Bytes": 0
                            },
                            "Settings": {},
                            "Planning": {
                                "Shared Hit Blocks": 0,
                                "Shared Read Blocks": 0,
                                "Shared Dirtied Blocks": 0,
                                "Shared Written Blocks": 0,
                                "Local Hit Blocks": 0,
                                "Local Read Blocks": 0,
                                "Local Dirtied Blocks": 0,
                                "Local Written Blocks": 0,
                                "Temp Read Blocks": 0,
                                "Temp Written Blocks": 0
                            },
                            "Planning Time": 0.04,
                            "Triggers": [],
                            "Execution Time": 1.602
                        },
                        "exact_explanation": {
                            "Plan": {
                                "Node Type": "Seq Scan",
                                "Parallel Aware": false,
                                "Async Capable": false,
                                "Relation Name": "tests_benchmark_booltester015",
                                "Schema": "public",
                                "Alias": "tests_benchmark_booltester015",
                                "Startup Cost": 0.0,
                                "Total Cost": 164.01,
                                "Plan Rows": 1,
                                "Plan Width": 24,
                                "Actual Startup Time": 0.178,
                                "Actual Total Time": 1.414,
                                "Actual Rows": 1,
                                "Actual Loops": 1,
                                "Output": [
                                    "id",
                                    "flg_0",
                                    "flg_1",
                                    "flg_2",
                                    "flg_3",
                                    "flg_4",
                                    "flg_5",
                                    "flg_6",
                                    "flg_7",
                                    "flg_8",
                                    "flg_9",
                                    "flg_10",
                                    "flg_11",
                                    "flg_12",
                                    "flg_13",
                                    "flg_14",
                                    "flg_15"
                                ],
                                "Filter": "((NOT tests_benchmark_booltester015.flg_0) AND tests_benchmark_booltester015.flg_1 AND tests_benchmark_booltester015.flg_2 AND (NOT tests_benchmark_booltester015.flg_3) AND (NOT tests_benchmark_booltester015.flg_4) AND (NOT tests_benchmark_booltester015.flg_5) AND tests_benchmark_booltester015.flg_6 AND (NOT tests_benchmark_booltester015.flg_7) AND tests_benchmark_booltester015.flg_8 AND (NOT tests_benchmark_booltester015.flg_9) AND (NOT tests_benchmark_booltester015.flg_10) AND tests_benchmark_booltester015.flg_11 AND (NOT tests_benchmark_booltester015.flg_12) AND tests_benchmark_booltester015.flg_13 AND tests_benchmark_booltester015.flg_14 AND (NOT tests_benchmark_booltester015.flg_15))",
                                "Rows Removed by Filter": 10000,
                                "Shared Hit Blocks": 64,
                                "Shared Read Blocks": 0,
                                "Shared Dirtied Blocks": 0,
                                "Shared Written Blocks": 0,
                                "Local Hit Blocks": 0,
                                "Local Read Blocks": 0,
                                "Local Dirtied Blocks": 0,
                                "Local Written Blocks": 0,
                                "Temp Read Blocks": 0,
                                "Temp Written Blocks": 0,
                                "WAL Records": 0,
                                "WAL FPI": 0,
                                "WAL Bytes": 0
                            },
                            "Settings": {},
                            "Planning": {
                                "Shared Hit Blocks": 0,
                                "Shared Read Blocks": 0,
                                "Shared Dirtied Blocks": 0,
                                "Shared Written Blocks": 0,
                                "Local Hit Blocks": 0,
                                "Local Read Blocks": 0,
                                "Local Dirtied Blocks": 0,
                                "Local Written Blocks": 0,
                                "Temp Read Blocks": 0,
                                "Temp Written Blocks": 0
                            },
                            "Planning Time": 0.083,
                            "Triggers": [],
                            "Execution Time": 1.418
                        },
                        "all_ftr_time": 0.000876,
                        "any_ftr_time": 0.0012963,
                        "exact_ftr_time": 0.0010226999999999999
                    },
                    "100000": {
                        "all_time": 0.009576092098723166,
                        "any_time": 0.023201079199498053,
                        "exact_time": 0.011211062400252558,
                        "table_size": 18874368.0,
                        "index_time": 0.4380233750125626,
                        "all_explanation": {
                            "Plan": {
                                "Node Type": "Seq Scan",
                                "Parallel Aware": false,
                                "Async Capable": false,
                                "Relation Name": "tests_benchmark_booltester015",
                                "Schema": "public",
                                "Alias": "tests_benchmark_booltester015",
                                "Startup Cost": 0.0,
                                "Total Cost": 1637.01,
                                "Plan Rows": 781,
                                "Plan Width": 24,
                                "Actual Startup Time": 0.017,
                                "Actual Total Time": 6.75,
                                "Actual Rows": 794,
                                "Actual Loops": 1,
                                "Output": [
                                    "id",
                                    "flg_0",
                                    "flg_1",
                                    "flg_2",
                                    "flg_3",
                                    "flg_4",
                                    "flg_5",
                                    "flg_6",
                                    "flg_7",
                                    "flg_8",
                                    "flg_9",
                                    "flg_10",
                                    "flg_11",
                                    "flg_12",
                                    "flg_13",
                                    "flg_14",
                                    "flg_15"
                                ],
                                "Filter": "(tests_benchmark_booltester015.flg_0 AND tests_benchmark_booltester015.flg_4 AND tests_benchmark_booltester015.flg_5 AND tests_benchmark_booltester015.flg_6 AND tests_benchmark_booltester015.flg_11 AND tests_benchmark_booltester015.flg_13 AND tests_benchmark_booltester015.flg_14)",
                                "Rows Removed by Filter": 99207,
                                "Shared Hit Blocks": 637,
                                "Shared Read Blocks": 0,
                                "Shared Dirtied Blocks": 0,
                                "Shared Written Blocks": 0,
                                "Local Hit Blocks": 0,
                                "Local Read Blocks": 0,
                                "Local Dirtied Blocks": 0,
                                "Local Written Blocks": 0,
                                "Temp Read Blocks": 0,
                                "Temp Written Blocks": 0,
                                "WAL Records": 0,
                                "WAL FPI": 0,
                                "WAL Bytes": 0
                            },
                            "Settings": {},
                            "Planning": {
                                "Shared Hit Blocks": 0,
                                "Shared Read Blocks": 0,
                                "Shared Dirtied Blocks": 0,
                                "Shared Written Blocks": 0,
                                "Local Hit Blocks": 0,
                                "Local Read Blocks": 0,
                                "Local Dirtied Blocks": 0,
                                "Local Written Blocks": 0,
                                "Temp Read Blocks": 0,
                                "Temp Written Blocks": 0
                            },
                            "Planning Time": 0.029,
                            "Triggers": [],
                            "Execution Time": 6.77
                        },
                        "any_explanation": {
                            "Plan": {
                                "Node Type": "Seq Scan",
                                "Parallel Aware": false,
                                "Async Capable": false,
                                "Relation Name": "tests_benchmark_booltester015",
                                "Schema": "public",
                                "Alias": "tests_benchmark_booltester015",
                                "Startup Cost": 0.0,
                                "Total Cost": 1637.01,
                                "Plan Rows": 99220,
                                "Plan Width": 24,
                                "Actual Startup Time": 0.002,
                                "Actual Total Time": 7.756,
                                "Actual Rows": 99294,
                                "Actual Loops": 1,
                                "Output": [
                                    "id",
                                    "flg_0",
                                    "flg_1",
                                    "flg_2",
                                    "flg_3",
                                    "flg_4",
                                    "flg_5",
                                    "flg_6",
                                    "flg_7",
                                    "flg_8",
                                    "flg_9",
                                    "flg_10",
                                    "flg_11",
                                    "flg_12",
                                    "flg_13",
                                    "flg_14",
                                    "flg_15"
                                ],
                                "Filter": "(tests_benchmark_booltester015.flg_0 OR tests_benchmark_booltester015.flg_4 OR tests_benchmark_booltester015.flg_5 OR tests_benchmark_booltester015.flg_6 OR tests_benchmark_booltester015.flg_11 OR tests_benchmark_booltester015.flg_13 OR tests_benchmark_booltester015.flg_14)",
                                "Rows Removed by Filter": 707,
                                "Shared Hit Blocks": 637,
                                "Shared Read Blocks": 0,
                                "Shared Dirtied Blocks": 0,
                                "Shared Written Blocks": 0,
                                "Local Hit Blocks": 0,
                                "Local Read Blocks": 0,
                                "Local Dirtied Blocks": 0,
                                "Local Written Blocks": 0,
                                "Temp Read Blocks": 0,
                                "Temp Written Blocks": 0,
                                "WAL Records": 0,
                                "WAL FPI": 0,
                                "WAL Bytes": 0
                            },
                            "Settings": {},
                            "Planning": {
                                "Shared Hit Blocks": 0,
                                "Shared Read Blocks": 0,
                                "Shared Dirtied Blocks": 0,
                                "Shared Written Blocks": 0,
                                "Local Hit Blocks": 0,
                                "Local Read Blocks": 0,
                                "Local Dirtied Blocks": 0,
                                "Local Written Blocks": 0,
                                "Temp Read Blocks": 0,
                                "Temp Written Blocks": 0
                            },
                            "Planning Time": 0.025,
                            "Triggers": [],
                            "Execution Time": 9.788
                        },
                        "exact_explanation": {
                            "Plan": {
                                "Node Type": "Seq Scan",
                                "Parallel Aware": false,
                                "Async Capable": false,
                                "Relation Name": "tests_benchmark_booltester015",
                                "Schema": "public",
                                "Alias": "tests_benchmark_booltester015",
                                "Startup Cost": 0.0,
                                "Total Cost": 1637.01,
                                "Plan Rows": 2,
                                "Plan Width": 24,
                                "Actual Startup Time": 5.238,
                                "Actual Total Time": 7.557,
                                "Actual Rows": 1,
                                "Actual Loops": 1,
                                "Output": [
                                    "id",
                                    "flg_0",
                                    "flg_1",
                                    "flg_2",
                                    "flg_3",
                                    "flg_4",
                                    "flg_5",
                                    "flg_6",
                                    "flg_7",
                                    "flg_8",
                                    "flg_9",
                                    "flg_10",
                                    "flg_11",
                                    "flg_12",
                                    "flg_13",
                                    "flg_14",
                                    "flg_15"
                                ],
                                "Filter": "(tests_benchmark_booltester015.flg_0 AND (NOT tests_benchmark_booltester015.flg_1) AND (NOT tests_benchmark_booltester015.flg_2) AND (NOT tests_benchmark_booltester015.flg_3) AND tests_benchmark_booltester015.flg_4 AND tests_benchmark_booltester015.flg_5 AND tests_benchmark_booltester015.flg_6 AND (NOT tests_benchmark_booltester015.flg_7) AND (NOT tests_benchmark_booltester015.flg_8) AND (NOT tests_benchmark_booltester015.flg_9) AND (NOT tests_benchmark_booltester015.flg_10) AND tests_benchmark_booltester015.flg_11 AND (NOT tests_benchmark_booltester015.flg_12) AND tests_benchmark_booltester015.flg_13 AND tests_benchmark_booltester015.flg_14 AND (NOT tests_benchmark_booltester015.flg_15))",
                                "Rows Removed by Filter": 100000,
                                "Shared Hit Blocks": 637,
                                "Shared Read Blocks": 0,
                                "Shared Dirtied Blocks": 0,
                                "Shared Written Blocks": 0,
                                "Local Hit Blocks": 0,
                                "Local Read Blocks": 0,
                                "Local Dirtied Blocks": 0,
                                "Local Written Blocks": 0,
                                "Temp Read Blocks": 0,
                                "Temp Written Blocks": 0,
                                "WAL Records": 0,
                                "WAL FPI": 0,
                                "WAL Bytes": 0
                            },
                            "Settings": {},
                            "Planning": {
                                "Shared Hit Blocks": 0,
                                "Shared Read Blocks": 0,
                                "Shared Dirtied Blocks": 0,
                                "Shared Written Blocks": 0,
                                "Local Hit Blocks": 0,
                                "Local Read Blocks": 0,
                                "Local Dirtied Blocks": 0,
                                "Local Written Blocks": 0,
                                "Temp Read Blocks": 0,
                                "Temp Written Blocks": 0
                            },
                            "Planning Time": 0.048,
                            "Triggers": [],
                            "Execution Time": 7.56
                        },
                        "all_ftr_time": 0.007076100000000001,
                        "any_ftr_time": 0.0101699,
                        "exact_ftr_time": 0.007564
                    },
                    "1000000": {
                        "all_time": 0.03376826250023442,
                        "any_time": 0.14971864160033874,
                        "exact_time": 0.037159966601757334,
                        "table_size": 185597952.0,
                        "index_time": 3.44388862499909,
                        "all_explanation": {
                            "Plan": {
                                "Node Type": "Gather",
                                "Parallel Aware": false,
                                "Async Capable": false,
                                "Startup Cost": 1000.0,
                                "Total Cost": 12317.97,
                                "Plan Rows": 7813,
                                "Plan Width": 24,
                                "Actual Startup Time": 0.082,
                                "Actual Total Time": 27.552,
                                "Actual Rows": 7803,
                                "Actual Loops": 1,
                                "Output": [
                                    "id",
                                    "flg_0",
                                    "flg_1",
                                    "flg_2",
                                    "flg_3",
                                    "flg_4",
                                    "flg_5",
                                    "flg_6",
                                    "flg_7",
                                    "flg_8",
                                    "flg_9",
                                    "flg_10",
                                    "flg_11",
                                    "flg_12",
                                    "flg_13",
                                    "flg_14",
                                    "flg_15"
                                ],
                                "Workers Planned": 2,
                                "Workers Launched": 2,
                                "Single Copy": false,
                                "Shared Hit Blocks": 5792,
                                "Shared Read Blocks": 578,
                                "Shared Dirtied Blocks": 0,
                                "Shared Written Blocks": 0,
                                "Local Hit Blocks": 0,
                                "Local Read Blocks": 0,
                                "Local Dirtied Blocks": 0,
                                "Local Written Blocks": 0,
                                "Temp Read Blocks": 0,
                                "Temp Written Blocks": 0,
                                "WAL Records": 0,
                                "WAL FPI": 0,
                                "WAL Bytes": 0,
                                "Plans": [
                                    {
                                        "Node Type": "Seq Scan",
                                        "Parent Relationship": "Outer",
                                        "Parallel Aware": true,
                                        "Async Capable": false,
                                        "Relation Name": "tests_benchmark_booltester015",
                                        "Schema": "public",
                                        "Alias": "tests_benchmark_booltester015",
                                        "Startup Cost": 0.0,
                                        "Total Cost": 10536.67,
                                        "Plan Rows": 3255,
                                        "Plan Width": 24,
                                        "Actual Startup Time": 0.037,
                                        "Actual Total Time": 25.299,
                                        "Actual Rows": 2601,
                                        "Actual Loops": 3,
                                        "Output": [
                                            "id",
                                            "flg_0",
                                            "flg_1",
                                            "flg_2",
                                            "flg_3",
                                            "flg_4",
                                            "flg_5",
                                            "flg_6",
                                            "flg_7",
                                            "flg_8",
                                            "flg_9",
                                            "flg_10",
                                            "flg_11",
                                            "flg_12",
                                            "flg_13",
                                            "flg_14",
                                            "flg_15"
                                        ],
                                        "Filter": "(tests_benchmark_booltester015.flg_0 AND tests_benchmark_booltester015.flg_2 AND tests_benchmark_booltester015.flg_4 AND tests_benchmark_booltester015.flg_5 AND tests_benchmark_booltester015.flg_6 AND tests_benchmark_booltester015.flg_11 AND tests_benchmark_booltester015.flg_13)",
                                        "Rows Removed by Filter": 330733,
                                        "Shared Hit Blocks": 5792,
                                        "Shared Read Blocks": 578,
                                        "Shared Dirtied Blocks": 0,
                                        "Shared Written Blocks": 0,
                                        "Local Hit Blocks": 0,
                                        "Local Read Blocks": 0,
                                        "Local Dirtied Blocks": 0,
                                        "Local Written Blocks": 0,
                                        "Temp Read Blocks": 0,
                                        "Temp Written Blocks": 0,
                                        "WAL Records": 0,
                                        "WAL FPI": 0,
                                        "WAL Bytes": 0,
                                        "Workers": [
                                            {
                                                "Worker Number": 0,
                                                "Actual Startup Time": 0.06,
                                                "Actual Total Time": 24.761,
                                                "Actual Rows": 2484,
                                                "Actual Loops": 1,
                                                "Shared Hit Blocks": 1896,
                                                "Shared Read Blocks": 140,
                                                "Shared Dirtied Blocks": 0,
                                                "Shared Written Blocks": 0,
                                                "Local Hit Blocks": 0,
                                                "Local Read Blocks": 0,
                                                "Local Dirtied Blocks": 0,
                                                "Local Written Blocks": 0,
                                                "Temp Read Blocks": 0,
                                                "Temp Written Blocks": 0,
                                                "WAL Records": 0,
                                                "WAL FPI": 0,
                                                "WAL Bytes": 0
                                            },
                                            {
                                                "Worker Number": 1,
                                                "Actual Startup Time": 0.03,
                                                "Actual Total Time": 24.814,
                                                "Actual Rows": 2526,
                                                "Actual Loops": 1,
                                                "Shared Hit Blocks": 1894,
                                                "Shared Read Blocks": 142,
                                                "Shared Dirtied Blocks": 0,
                                                "Shared Written Blocks": 0,
                                                "Local Hit Blocks": 0,
                                                "Local Read Blocks": 0,
                                                "Local Dirtied Blocks": 0,
                                                "Local Written Blocks": 0,
                                                "Temp Read Blocks": 0,
                                                "Temp Written Blocks": 0,
                                                "WAL Records": 0,
                                                "WAL FPI": 0,
                                                "WAL Bytes": 0
                                            }
                                        ]
                                    }
                                ]
                            },
                            "Settings": {},
                            "Planning": {
                                "Shared Hit Blocks": 0,
                                "Shared Read Blocks": 0,
                                "Shared Dirtied Blocks": 0,
                                "Shared Written Blocks": 0,
                                "Local Hit Blocks": 0,
                                "Local Read Blocks": 0,
                                "Local Dirtied Blocks": 0,
                                "Local Written Blocks": 0,
                                "Temp Read Blocks": 0,
                                "Temp Written Blocks": 0
                            },
                            "Planning Time": 0.076,
                            "Triggers": [],
                            "Execution Time": 27.728
                        },
                        "any_explanation": {
                            "Plan": {
                                "Node Type": "Seq Scan",
                                "Parallel Aware": false,
                                "Async Capable": false,
                                "Relation Name": "tests_benchmark_booltester015",
                                "Schema": "public",
                                "Alias": "tests_benchmark_booltester015",
                                "Startup Cost": 0.0,
                                "Total Cost": 16370.01,
                                "Plan Rows": 992188,
                                "Plan Width": 24,
                                "Actual Startup Time": 0.01,
                                "Actual Total Time": 79.735,
                                "Actual Rows": 992183,
                                "Actual Loops": 1,
                                "Output": [
                                    "id",
                                    "flg_0",
                                    "flg_1",
                                    "flg_2",
                                    "flg_3",
                                    "flg_4",
                                    "flg_5",
                                    "flg_6",
                                    "flg_7",
                                    "flg_8",
                                    "flg_9",
                                    "flg_10",
                                    "flg_11",
                                    "flg_12",
                                    "flg_13",
                                    "flg_14",
                                    "flg_15"
                                ],
                                "Filter": "(tests_benchmark_booltester015.flg_0 OR tests_benchmark_booltester015.flg_2 OR tests_benchmark_booltester015.flg_4 OR tests_benchmark_booltester015.flg_5 OR tests_benchmark_booltester015.flg_6 OR tests_benchmark_booltester015.flg_11 OR tests_benchmark_booltester015.flg_13)",
                                "Rows Removed by Filter": 7818,
                                "Shared Hit Blocks": 5984,
                                "Shared Read Blocks": 386,
                                "Shared Dirtied Blocks": 0,
                                "Shared Written Blocks": 0,
                                "Local Hit Blocks": 0,
                                "Local Read Blocks": 0,
                                "Local Dirtied Blocks": 0,
                                "Local Written Blocks": 0,
                                "Temp Read Blocks": 0,
                                "Temp Written Blocks": 0,
                                "WAL Records": 0,
                                "WAL FPI": 0,
                                "WAL Bytes": 0
                            },
                            "Settings": {},
                            "Planning": {
                                "Shared Hit Blocks": 0,
                                "Shared Read Blocks": 0,
                                "Shared Dirtied Blocks": 0,
                                "Shared Written Blocks": 0,
                                "Local Hit Blocks": 0,
                                "Local Read Blocks": 0,
                                "Local Dirtied Blocks": 0,
                                "Local Written Blocks": 0,
                                "Temp Read Blocks": 0,
                                "Temp Written Blocks": 0
                            },
                            "Planning Time": 0.078,
                            "Triggers": [],
                            "Execution Time": 99.921
                        },
                        "exact_explanation": {
                            "Plan": {
                                "Node Type": "Gather",
                                "Parallel Aware": false,
                                "Async Capable": false,
                                "Startup Cost": 1000.0,
                                "Total Cost": 11538.17,
                                "Plan Rows": 15,
                                "Plan Width": 24,
                                "Actual Startup Time": 0.503,
                                "Actual Total Time": 31.315,
                                "Actual Rows": 13,
                                "Actual Loops": 1,
                                "Output": [
                                    "id",
                                    "flg_0",
                                    "flg_1",
                                    "flg_2",
                                    "flg_3",
                                    "flg_4",
                                    "flg_5",
                                    "flg_6",
                                    "flg_7",
                                    "flg_8",
                                    "flg_9",
                                    "flg_10",
                                    "flg_11",
                                    "flg_12",
                                    "flg_13",
                                    "flg_14",
                                    "flg_15"
                                ],
                                "Workers Planned": 2,
                                "Workers Launched": 2,
                                "Single Copy": false,
                                "Shared Hit Blocks": 6112,
                                "Shared Read Blocks": 258,
                                "Shared Dirtied Blocks": 0,
                                "Shared Written Blocks": 0,
                                "Local Hit Blocks": 0,
                                "Local Read Blocks": 0,
                                "Local Dirtied Blocks": 0,
                                "Local Written Blocks": 0,
                                "Temp Read Blocks": 0,
                                "Temp Written Blocks": 0,
                                "WAL Records": 0,
                                "WAL FPI": 0,
                                "WAL Bytes": 0,
                                "Plans": [
                                    {
                                        "Node Type": "Seq Scan",
                                        "Parent Relationship": "Outer",
                                        "Parallel Aware": true,
                                        "Async Capable": false,
                                        "Relation Name": "tests_benchmark_booltester015",
                                        "Schema": "public",
                                        "Alias": "tests_benchmark_booltester015",
                                        "Startup Cost": 0.0,
                                        "Total Cost": 10536.67,
                                        "Plan Rows": 6,
                                        "Plan Width": 24,
                                        "Actual Startup Time": 3.857,
                                        "Actual Total Time": 29.034,
                                        "Actual Rows": 4,
                                        "Actual Loops": 3,
                                        "Output": [
                                            "id",
                                            "flg_0",
                                            "flg_1",
                                            "flg_2",
                                            "flg_3",
                                            "flg_4",
                                            "flg_5",
                                            "flg_6",
                                            "flg_7",
                                            "flg_8",
                                            "flg_9",
                                            "flg_10",
                                            "flg_11",
                                            "flg_12",
                                            "flg_13",
                                            "flg_14",
                                            "flg_15"
                                        ],
                                        "Filter": "(tests_benchmark_booltester015.flg_0 AND (NOT tests_benchmark_booltester015.flg_1) AND tests_benchmark_booltester015.flg_2 AND (NOT tests_benchmark_booltester015.flg_3) AND tests_benchmark_booltester015.flg_4 AND tests_benchmark_booltester015.flg_5 AND tests_benchmark_booltester015.flg_6 AND (NOT tests_benchmark_booltester015.flg_7) AND (NOT tests_benchmark_booltester015.flg_8) AND (NOT tests_benchmark_booltester015.flg_9) AND (NOT tests_benchmark_booltester015.flg_10) AND tests_benchmark_booltester015.flg_11 AND (NOT tests_benchmark_booltester015.flg_12) AND tests_benchmark_booltester015.flg_13 AND (NOT tests_benchmark_booltester015.flg_14) AND (NOT tests_benchmark_booltester015.flg_15))",
                                        "Rows Removed by Filter": 333329,
                                        "Shared Hit Blocks": 6112,
                                        "Shared Read Blocks": 258,
                                        "Shared Dirtied Blocks": 0,
                                        "Shared Written Blocks": 0,
                                        "Local Hit Blocks": 0,
                                        "Local Read Blocks": 0,
                                        "Local Dirtied Blocks": 0,
                                        "Local Written Blocks": 0,
                                        "Temp Read Blocks": 0,
                                        "Temp Written Blocks": 0,
                                        "WAL Records": 0,
                                        "WAL FPI": 0,
                                        "WAL Bytes": 0,
                                        "Workers": [
                                            {
                                                "Worker Number": 0,
                                                "Actual Startup Time": 7.841,
                                                "Actual Total Time": 28.346,
                                                "Actual Rows": 3,
                                                "Actual Loops": 1,
                                                "Shared Hit Blocks": 2000,
                                                "Shared Read Blocks": 36,
                                                "Shared Dirtied Blocks": 0,
                                                "Shared Written Blocks": 0,
                                                "Local Hit Blocks": 0,
                                                "Local Read Blocks": 0,
                                                "Local Dirtied Blocks": 0,
                                                "Local Written Blocks": 0,
                                                "Temp Read Blocks": 0,
                                                "Temp Written Blocks": 0,
                                                "WAL Records": 0,
                                                "WAL FPI": 0,
                                                "WAL Bytes": 0
                                            },
                                            {
                                                "Worker Number": 1,
                                                "Actual Startup Time": 3.291,
                                                "Actual Total Time": 28.396,
                                                "Actual Rows": 5,
                                                "Actual Loops": 1,
                                                "Shared Hit Blocks": 1994,
                                                "Shared Read Blocks": 40,
                                                "Shared Dirtied Blocks": 0,
                                                "Shared Written Blocks": 0,
                                                "Local Hit Blocks": 0,
                                                "Local Read Blocks": 0,
                                                "Local Dirtied Blocks": 0,
                                                "Local Written Blocks": 0,
                                                "Temp Read Blocks": 0,
                                                "Temp Written Blocks": 0,
                                                "WAL Records": 0,
                                                "WAL FPI": 0,
                                                "WAL Bytes": 0
                                            }
                                        ]
                                    }
                                ]
                            },
                            "Settings": {},
                            "Planning": {
                                "Shared Hit Blocks": 0,
                                "Shared Read Blocks": 0,
                                "Shared Dirtied Blocks": 0,
                                "Shared Written Blocks": 0,
                                "Local Hit Blocks": 0,
                                "Local Read Blocks": 0,
                                "Local Dirtied Blocks": 0,
                                "Local Written Blocks": 0,
                                "Temp Read Blocks": 0,
                                "Temp Written Blocks": 0
                            },
                            "Planning Time": 0.091,
                            "Triggers": [],
                            "Execution Time": 31.323
                        },
                        "all_ftr_time": 0.0300567,
                        "any_ftr_time": 0.1082853,
                        "exact_ftr_time": 0.032009
                    },
                    "2000000": {
                        "all_time": 0.06447497509943786,
                        "any_time": 0.30005697090382455,
                        "exact_time": 0.06996109580068151,
                        "table_size": 371195904.0,
                        "index_time": 7.605619291993207,
                        "all_explanation": {
                            "Plan": {
                                "Node Type": "Gather",
                                "Parallel Aware": false,
                                "Async Capable": false,
                                "Startup Cost": 1000.0,
                                "Total Cost": 28322.34,
                                "Plan Rows": 62500,
                                "Plan Width": 24,
                                "Actual Startup Time": 0.079,
                                "Actual Total Time": 56.468,
                                "Actual Rows": 62546,
                                "Actual Loops": 1,
                                "Output": [
                                    "id",
                                    "flg_0",
                                    "flg_1",
                                    "flg_2",
                                    "flg_3",
                                    "flg_4",
                                    "flg_5",
                                    "flg_6",
                                    "flg_7",
                                    "flg_8",
                                    "flg_9",
                                    "flg_10",
                                    "flg_11",
                                    "flg_12",
                                    "flg_13",
                                    "flg_14",
                                    "flg_15"
                                ],
                                "Workers Planned": 2,
                                "Workers Launched": 2,
                                "Single Copy": false,
                                "Shared Hit Blocks": 5792,
                                "Shared Read Blocks": 6947,
                                "Shared Dirtied Blocks": 0,
                                "Shared Written Blocks": 0,
                                "Local Hit Blocks": 0,
                                "Local Read Blocks": 0,
                                "Local Dirtied Blocks": 0,
                                "Local Written Blocks": 0,
                                "Temp Read Blocks": 0,
                                "Temp Written Blocks": 0,
                                "WAL Records": 0,
                                "WAL FPI": 0,
                                "WAL Bytes": 0,
                                "Plans": [
                                    {
                                        "Node Type": "Seq Scan",
                                        "Parent Relationship": "Outer",
                                        "Parallel Aware": true,
                                        "Async Capable": false,
                                        "Relation Name": "tests_benchmark_booltester015",
                                        "Schema": "public",
                                        "Alias": "tests_benchmark_booltester015",
                                        "Startup Cost": 0.0,
                                        "Total Cost": 21072.34,
                                        "Plan Rows": 26042,
                                        "Plan Width": 24,
                                        "Actual Startup Time": 0.018,
                                        "Actual Total Time": 53.735,
                                        "Actual Rows": 20849,
                                        "Actual Loops": 3,
                                        "Output": [
                                            "id",
                                            "flg_0",
                                            "flg_1",
                                            "flg_2",
                                            "flg_3",
                                            "flg_4",
                                            "flg_5",
                                            "flg_6",
                                            "flg_7",
                                            "flg_8",
                                            "flg_9",
                                            "flg_10",
                                            "flg_11",
                                            "flg_12",
                                            "flg_13",
                                            "flg_14",
                                            "flg_15"
                                        ],
                                        "Filter": "(tests_benchmark_booltester015.flg_2 AND tests_benchmark_booltester015.flg_9 AND tests_benchmark_booltester015.flg_10 AND tests_benchmark_booltester015.flg_13 AND tests_benchmark_booltester015.flg_14)",
                                        "Rows Removed by Filter": 645818,
                                        "Shared Hit Blocks": 5792,
                                        "Shared Read Blocks": 6947,
                                        "Shared Dirtied Blocks": 0,
                                        "Shared Written Blocks": 0,
                                        "Local Hit Blocks": 0,
                                        "Local Read Blocks": 0,
                                        "Local Dirtied Blocks": 0,
                                        "Local Written Blocks": 0,
                                        "Temp Read Blocks": 0,
                                        "Temp Written Blocks": 0,
                                        "WAL Records": 0,
                                        "WAL FPI": 0,
                                        "WAL Bytes": 0,
                                        "Workers": [
                                            {
                                                "Worker Number": 0,
                                                "Actual Startup Time": 0.021,
                                                "Actual Total Time": 53.958,
                                                "Actual Rows": 20764,
                                                "Actual Loops": 1,
                                                "Shared Hit Blocks": 1916,
                                                "Shared Read Blocks": 2296,
                                                "Shared Dirtied Blocks": 0,
                                                "Shared Written Blocks": 0,
                                                "Local Hit Blocks": 0,
                                                "Local Read Blocks": 0,
                                                "Local Dirtied Blocks": 0,
                                                "Local Written Blocks": 0,
                                                "Temp Read Blocks": 0,
                                                "Temp Written Blocks": 0,
                                                "WAL Records": 0,
                                                "WAL FPI": 0,
                                                "WAL Bytes": 0
                                            },
                                            {
                                                "Worker Number": 1,
                                                "Actual Startup Time": 0.023,
                                                "Actual Total Time": 53.993,
                                                "Actual Rows": 20626,
                                                "Actual Loops": 1,
                                                "Shared Hit Blocks": 1920,
                                                "Shared Read Blocks": 2299,
                                                "Shared Dirtied Blocks": 0,
                                                "Shared Written Blocks": 0,
                                                "Local Hit Blocks": 0,
                                                "Local Read Blocks": 0,
                                                "Local Dirtied Blocks": 0,
                                                "Local Written Blocks": 0,
                                                "Temp Read Blocks": 0,
                                                "Temp Written Blocks": 0,
                                                "WAL Records": 0,
                                                "WAL FPI": 0,
                                                "WAL Bytes": 0
                                            }
                                        ]
                                    }
                                ]
                            },
                            "Settings": {},
                            "Planning": {
                                "Shared Hit Blocks": 0,
                                "Shared Read Blocks": 0,
                                "Shared Dirtied Blocks": 0,
                                "Shared Written Blocks": 0,
                                "Local Hit Blocks": 0,
                                "Local Read Blocks": 0,
                                "Local Dirtied Blocks": 0,
                                "Local Written Blocks": 0,
                                "Temp Read Blocks": 0,
                                "Temp Written Blocks": 0
                            },
                            "Planning Time": 0.093,
                            "Triggers": [],
                            "Execution Time": 57.854
                        },
                        "any_explanation": {
                            "Plan": {
                                "Node Type": "Seq Scan",
                                "Parallel Aware": false,
                                "Async Capable": false,
                                "Relation Name": "tests_benchmark_booltester015",
                                "Schema": "public",
                                "Alias": "tests_benchmark_booltester015",
                                "Startup Cost": 0.0,
                                "Total Cost": 32739.01,
                                "Plan Rows": 1937501,
                                "Plan Width": 24,
                                "Actual Startup Time": 0.028,
                                "Actual Total Time": 169.046,
                                "Actual Rows": 1937051,
                                "Actual Loops": 1,
                                "Output": [
                                    "id",
                                    "flg_0",
                                    "flg_1",
                                    "flg_2",
                                    "flg_3",
                                    "flg_4",
                                    "flg_5",
                                    "flg_6",
                                    "flg_7",
                                    "flg_8",
                                    "flg_9",
                                    "flg_10",
                                    "flg_11",
                                    "flg_12",
                                    "flg_13",
                                    "flg_14",
                                    "flg_15"
                                ],
                                "Filter": "(tests_benchmark_booltester015.flg_2 OR tests_benchmark_booltester015.flg_9 OR tests_benchmark_booltester015.flg_10 OR tests_benchmark_booltester015.flg_13 OR tests_benchmark_booltester015.flg_14)",
                                "Rows Removed by Filter": 62950,
                                "Shared Hit Blocks": 5984,
                                "Shared Read Blocks": 6755,
                                "Shared Dirtied Blocks": 0,
                                "Shared Written Blocks": 0,
                                "Local Hit Blocks": 0,
                                "Local Read Blocks": 0,
                                "Local Dirtied Blocks": 0,
                                "Local Written Blocks": 0,
                                "Temp Read Blocks": 0,
                                "Temp Written Blocks": 0,
                                "WAL Records": 0,
                                "WAL FPI": 0,
                                "WAL Bytes": 0
                            },
                            "Settings": {},
                            "Planning": {
                                "Shared Hit Blocks": 0,
                                "Shared Read Blocks": 0,
                                "Shared Dirtied Blocks": 0,
                                "Shared Written Blocks": 0,
                                "Local Hit Blocks": 0,
                                "Local Read Blocks": 0,
                                "Local Dirtied Blocks": 0,
                                "Local Written Blocks": 0,
                                "Temp Read Blocks": 0,
                                "Temp Written Blocks": 0
                            },
                            "Planning Time": 0.091,
                            "Triggers": [],
                            "Execution Time": 208.491
                        },
                        "exact_explanation": {
                            "Plan": {
                                "Node Type": "Gather",
                                "Parallel Aware": false,
                                "Async Capable": false,
                                "Startup Cost": 1000.0,
                                "Total Cost": 22075.44,
                                "Plan Rows": 31,
                                "Plan Width": 24,
                                "Actual Startup Time": 1.698,
                                "Actual Total Time": 63.027,
                                "Actual Rows": 37,
                                "Actual Loops": 1,
                                "Output": [
                                    "id",
                                    "flg_0",
                                    "flg_1",
                                    "flg_2",
                                    "flg_3",
                                    "flg_4",
                                    "flg_5",
                                    "flg_6",
                                    "flg_7",
                                    "flg_8",
                                    "flg_9",
                                    "flg_10",
                                    "flg_11",
                                    "flg_12",
                                    "flg_13",
                                    "flg_14",
                                    "flg_15"
                                ],
                                "Workers Planned": 2,
                                "Workers Launched": 2,
                                "Single Copy": false,
                                "Shared Hit Blocks": 6112,
                                "Shared Read Blocks": 6627,
                                "Shared Dirtied Blocks": 0,
                                "Shared Written Blocks": 0,
                                "Local Hit Blocks": 0,
                                "Local Read Blocks": 0,
                                "Local Dirtied Blocks": 0,
                                "Local Written Blocks": 0,
                                "Temp Read Blocks": 0,
                                "Temp Written Blocks": 0,
                                "WAL Records": 0,
                                "WAL FPI": 0,
                                "WAL Bytes": 0,
                                "Plans": [
                                    {
                                        "Node Type": "Seq Scan",
                                        "Parent Relationship": "Outer",
                                        "Parallel Aware": true,
                                        "Async Capable": false,
                                        "Relation Name": "tests_benchmark_booltester015",
                                        "Schema": "public",
                                        "Alias": "tests_benchmark_booltester015",
                                        "Startup Cost": 0.0,
                                        "Total Cost": 21072.34,
                                        "Plan Rows": 13,
                                        "Plan Width": 24,
                                        "Actual Startup Time": 1.628,
                                        "Actual Total Time": 60.684,
                                        "Actual Rows": 12,
                                        "Actual Loops": 3,
                                        "Output": [
                                            "id",
                                            "flg_0",
                                            "flg_1",
                                            "flg_2",
                                            "flg_3",
                                            "flg_4",
                                            "flg_5",
                                            "flg_6",
                                            "flg_7",
                                            "flg_8",
                                            "flg_9",
                                            "flg_10",
                                            "flg_11",
                                            "flg_12",
                                            "flg_13",
                                            "flg_14",
                                            "flg_15"
                                        ],
                                        "Filter": "((NOT tests_benchmark_booltester015.flg_0) AND (NOT tests_benchmark_booltester015.flg_1) AND tests_benchmark_booltester015.flg_2 AND (NOT tests_benchmark_booltester015.flg_3) AND (NOT tests_benchmark_booltester015.flg_4) AND (NOT tests_benchmark_booltester015.flg_5) AND (NOT tests_benchmark_booltester015.flg_6) AND (NOT tests_benchmark_booltester015.flg_7) AND (NOT tests_benchmark_booltester015.flg_8) AND tests_benchmark_booltester015.flg_9 AND tests_benchmark_booltester015.flg_10 AND (NOT tests_benchmark_booltester015.flg_11) AND (NOT tests_benchmark_booltester015.flg_12) AND tests_benchmark_booltester015.flg_13 AND tests_benchmark_booltester015.flg_14 AND (NOT tests_benchmark_booltester015.flg_15))",
                                        "Rows Removed by Filter": 666655,
                                        "Shared Hit Blocks": 6112,
                                        "Shared Read Blocks": 6627,
                                        "Shared Dirtied Blocks": 0,
                                        "Shared Written Blocks": 0,
                                        "Local Hit Blocks": 0,
                                        "Local Read Blocks": 0,
                                        "Local Dirtied Blocks": 0,
                                        "Local Written Blocks": 0,
                                        "Temp Read Blocks": 0,
                                        "Temp Written Blocks": 0,
                                        "WAL Records": 0,
                                        "WAL FPI": 0,
                                        "WAL Bytes": 0,
                                        "Workers": [
                                            {
                                                "Worker Number": 0,
                                                "Actual Startup Time": 0.287,
                                                "Actual Total Time": 59.965,
                                                "Actual Rows": 10,
                                                "Actual Loops": 1,
                                                "Shared Hit Blocks": 1996,
                                                "Shared Read Blocks": 2155,
                                                "Shared Dirtied Blocks": 0,
                                                "Shared Written Blocks": 0,
                                                "Local Hit Blocks": 0,
                                                "Local Read Blocks": 0,
                                                "Local Dirtied Blocks": 0,
                                                "Local Written Blocks": 0,
                                                "Temp Read Blocks": 0,
                                                "Temp Written Blocks": 0,
                                                "WAL Records": 0,
                                                "WAL FPI": 0,
                                                "WAL Bytes": 0
                                            },
                                            {
                                                "Worker Number": 1,
                                                "Actual Startup Time": 2.983,
                                                "Actual Total Time": 60.042,
                                                "Actual Rows": 11,
                                                "Actual Loops": 1,
                                                "Shared Hit Blocks": 1991,
                                                "Shared Read Blocks": 2160,
                                                "Shared Dirtied Blocks": 0,
                                                "Shared Written Blocks": 0,
                                                "Local Hit Blocks": 0,
                                                "Local Read Blocks": 0,
                                                "Local Dirtied Blocks": 0,
                                                "Local Written Blocks": 0,
                                                "Temp Read Blocks": 0,
                                                "Temp Written Blocks": 0,
                                                "WAL Records": 0,
                                                "WAL FPI": 0,
                                                "WAL Bytes": 0
                                            }
                                        ]
                                    }
                                ]
                            },
                            "Settings": {},
                            "Planning": {
                                "Shared Hit Blocks": 0,
                                "Shared Read Blocks": 0,
                                "Shared Dirtied Blocks": 0,
                                "Shared Written Blocks": 0,
                                "Local Hit Blocks": 0,
                                "Local Read Blocks": 0,
                                "Local Dirtied Blocks": 0,
                                "Local Written Blocks": 0,
                                "Temp Read Blocks": 0,
                                "Temp Written Blocks": 0
                            },
                            "Planning Time": 0.1,
                            "Triggers": [],
                            "Execution Time": 63.038
                        },
                        "all_ftr_time": 0.060556000000000006,
                        "any_ftr_time": 0.22251990000000002,
                        "exact_ftr_time": 0.0635203
                    },
                    "4000000": {
                        "all_time": 0.1259232874988811,
                        "any_time": 0.6047262084990507,
                        "exact_time": 0.1317850956998882,
                        "table_size": 742391808.0,
                        "index_time": 15.323478333986714,
                        "all_explanation": {
                            "Plan": {
                                "Node Type": "Gather",
                                "Parallel Aware": false,
                                "Async Capable": false,
                                "Startup Cost": 1000.0,
                                "Total Cost": 43925.97,
                                "Plan Rows": 7813,
                                "Plan Width": 24,
                                "Actual Startup Time": 0.107,
                                "Actual Total Time": 121.004,
                                "Actual Rows": 7790,
                                "Actual Loops": 1,
                                "Output": [
                                    "id",
                                    "flg_0",
                                    "flg_1",
                                    "flg_2",
                                    "flg_3",
                                    "flg_4",
                                    "flg_5",
                                    "flg_6",
                                    "flg_7",
                                    "flg_8",
                                    "flg_9",
                                    "flg_10",
                                    "flg_11",
                                    "flg_12",
                                    "flg_13",
                                    "flg_14",
                                    "flg_15"
                                ],
                                "Workers Planned": 2,
                                "Workers Launched": 2,
                                "Single Copy": false,
                                "Shared Hit Blocks": 5792,
                                "Shared Read Blocks": 19686,
                                "Shared Dirtied Blocks": 0,
                                "Shared Written Blocks": 0,
                                "Local Hit Blocks": 0,
                                "Local Read Blocks": 0,
                                "Local Dirtied Blocks": 0,
                                "Local Written Blocks": 0,
                                "Temp Read Blocks": 0,
                                "Temp Written Blocks": 0,
                                "WAL Records": 0,
                                "WAL FPI": 0,
                                "WAL Bytes": 0,
                                "Plans": [
                                    {
                                        "Node Type": "Seq Scan",
                                        "Parent Relationship": "Outer",
                                        "Parallel Aware": true,
                                        "Async Capable": false,
                                        "Relation Name": "tests_benchmark_booltester015",
                                        "Schema": "public",
                                        "Alias": "tests_benchmark_booltester015",
                                        "Startup Cost": 0.0,
                                        "Total Cost": 42144.67,
                                        "Plan Rows": 3255,
                                        "Plan Width": 24,
                                        "Actual Startup Time": 0.077,
                                        "Actual Total Time": 118.637,
                                        "Actual Rows": 2597,
                                        "Actual Loops": 3,
                                        "Output": [
                                            "id",
                                            "flg_0",
                                            "flg_1",
                                            "flg_2",
                                            "flg_3",
                                            "flg_4",
                                            "flg_5",
                                            "flg_6",
                                            "flg_7",
                                            "flg_8",
                                            "flg_9",
                                            "flg_10",
                                            "flg_11",
                                            "flg_12",
                                            "flg_13",
                                            "flg_14",
                                            "flg_15"
                                        ],
                                        "Filter": "(tests_benchmark_booltester015.flg_0 AND tests_benchmark_booltester015.flg_2 AND tests_benchmark_booltester015.flg_3 AND tests_benchmark_booltester015.flg_8 AND tests_benchmark_booltester015.flg_9 AND tests_benchmark_booltester015.flg_11 AND tests_benchmark_booltester015.flg_12 AND tests_benchmark_booltester015.flg_14 AND tests_benchmark_booltester015.flg_15)",
                                        "Rows Removed by Filter": 1330737,
                                        "Shared Hit Blocks": 5792,
                                        "Shared Read Blocks": 19686,
                                        "Shared Dirtied Blocks": 0,
                                        "Shared Written Blocks": 0,
                                        "Local Hit Blocks": 0,
                                        "Local Read Blocks": 0,
                                        "Local Dirtied Blocks": 0,
                                        "Local Written Blocks": 0,
                                        "Temp Read Blocks": 0,
                                        "Temp Written Blocks": 0,
                                        "WAL Records": 0,
                                        "WAL FPI": 0,
                                        "WAL Bytes": 0,
                                        "Workers": [
                                            {
                                                "Worker Number": 0,
                                                "Actual Startup Time": 0.121,
                                                "Actual Total Time": 118.134,
                                                "Actual Rows": 2539,
                                                "Actual Loops": 1,
                                                "Shared Hit Blocks": 1880,
                                                "Shared Read Blocks": 6518,
                                                "Shared Dirtied Blocks": 0,
                                                "Shared Written Blocks": 0,
                                                "Local Hit Blocks": 0,
                                                "Local Read Blocks": 0,
                                                "Local Dirtied Blocks": 0,
                                                "Local Written Blocks": 0,
                                                "Temp Read Blocks": 0,
                                                "Temp Written Blocks": 0,
                                                "WAL Records": 0,
                                                "WAL FPI": 0,
                                                "WAL Bytes": 0
                                            },
                                            {
                                                "Worker Number": 1,
                                                "Actual Startup Time": 0.062,
                                                "Actual Total Time": 118.118,
                                                "Actual Rows": 2599,
                                                "Actual Loops": 1,
                                                "Shared Hit Blocks": 1886,
                                                "Shared Read Blocks": 6528,
                                                "Shared Dirtied Blocks": 0,
                                                "Shared Written Blocks": 0,
                                                "Local Hit Blocks": 0,
                                                "Local Read Blocks": 0,
                                                "Local Dirtied Blocks": 0,
                                                "Local Written Blocks": 0,
                                                "Temp Read Blocks": 0,
                                                "Temp Written Blocks": 0,
                                                "WAL Records": 0,
                                                "WAL FPI": 0,
                                                "WAL Bytes": 0
                                            }
                                        ]
                                    }
                                ]
                            },
                            "Settings": {},
                            "Planning": {
                                "Shared Hit Blocks": 0,
                                "Shared Read Blocks": 0,
                                "Shared Dirtied Blocks": 0,
                                "Shared Written Blocks": 0,
                                "Local Hit Blocks": 0,
                                "Local Read Blocks": 0,
                                "Local Dirtied Blocks": 0,
                                "Local Written Blocks": 0,
                                "Temp Read Blocks": 0,
                                "Temp Written Blocks": 0
                            },
                            "Planning Time": 0.078,
                            "Triggers": [],
                            "Execution Time": 121.192
                        },
                        "any_explanation": {
                            "Plan": {
                                "Node Type": "Seq Scan",
                                "Parallel Aware": false,
                                "Async Capable": false,
                                "Relation Name": "tests_benchmark_booltester015",
                                "Schema": "public",
                                "Alias": "tests_benchmark_booltester015",
                                "Startup Cost": 0.0,
                                "Total Cost": 65478.01,
                                "Plan Rows": 3992188,
                                "Plan Width": 24,
                                "Actual Startup Time": 0.009,
                                "Actual Total Time": 382.875,
                                "Actual Rows": 3992309,
                                "Actual Loops": 1,
                                "Output": [
                                    "id",
                                    "flg_0",
                                    "flg_1",
                                    "flg_2",
                                    "flg_3",
                                    "flg_4",
                                    "flg_5",
                                    "flg_6",
                                    "flg_7",
                                    "flg_8",
                                    "flg_9",
                                    "flg_10",
                                    "flg_11",
                                    "flg_12",
                                    "flg_13",
                                    "flg_14",
                                    "flg_15"
                                ],
                                "Filter": "(tests_benchmark_booltester015.flg_0 OR tests_benchmark_booltester015.flg_2 OR tests_benchmark_booltester015.flg_3 OR tests_benchmark_booltester015.flg_8 OR tests_benchmark_booltester015.flg_9 OR tests_benchmark_booltester015.flg_11 OR tests_benchmark_booltester015.flg_12 OR tests_benchmark_booltester015.flg_14 OR tests_benchmark_booltester015.flg_15)",
                                "Rows Removed by Filter": 7692,
                                "Shared Hit Blocks": 5984,
                                "Shared Read Blocks": 19494,
                                "Shared Dirtied Blocks": 0,
                                "Shared Written Blocks": 0,
                                "Local Hit Blocks": 0,
                                "Local Read Blocks": 0,
                                "Local Dirtied Blocks": 0,
                                "Local Written Blocks": 0,
                                "Temp Read Blocks": 0,
                                "Temp Written Blocks": 0,
                                "WAL Records": 0,
                                "WAL FPI": 0,
                                "WAL Bytes": 0
                            },
                            "Settings": {},
                            "Planning": {
                                "Shared Hit Blocks": 0,
                                "Shared Read Blocks": 0,
                                "Shared Dirtied Blocks": 0,
                                "Shared Written Blocks": 0,
                                "Local Hit Blocks": 0,
                                "Local Read Blocks": 0,
                                "Local Dirtied Blocks": 0,
                                "Local Written Blocks": 0,
                                "Temp Read Blocks": 0,
                                "Temp Written Blocks": 0
                            },
                            "Planning Time": 0.072,
                            "Triggers": [],
                            "Execution Time": 465.945
                        },
                        "exact_explanation": {
                            "Plan": {
                                "Node Type": "Gather",
                                "Parallel Aware": false,
                                "Async Capable": false,
                                "Startup Cost": 1000.0,
                                "Total Cost": 43150.77,
                                "Plan Rows": 61,
                                "Plan Width": 24,
                                "Actual Startup Time": 10.835,
                                "Actual Total Time": 124.126,
                                "Actual Rows": 49,
                                "Actual Loops": 1,
                                "Output": [
                                    "id",
                                    "flg_0",
                                    "flg_1",
                                    "flg_2",
                                    "flg_3",
                                    "flg_4",
                                    "flg_5",
                                    "flg_6",
                                    "flg_7",
                                    "flg_8",
                                    "flg_9",
                                    "flg_10",
                                    "flg_11",
                                    "flg_12",
                                    "flg_13",
                                    "flg_14",
                                    "flg_15"
                                ],
                                "Workers Planned": 2,
                                "Workers Launched": 2,
                                "Single Copy": false,
                                "Shared Hit Blocks": 6112,
                                "Shared Read Blocks": 19366,
                                "Shared Dirtied Blocks": 0,
                                "Shared Written Blocks": 0,
                                "Local Hit Blocks": 0,
                                "Local Read Blocks": 0,
                                "Local Dirtied Blocks": 0,
                                "Local Written Blocks": 0,
                                "Temp Read Blocks": 0,
                                "Temp Written Blocks": 0,
                                "WAL Records": 0,
                                "WAL FPI": 0,
                                "WAL Bytes": 0,
                                "Plans": [
                                    {
                                        "Node Type": "Seq Scan",
                                        "Parent Relationship": "Outer",
                                        "Parallel Aware": true,
                                        "Async Capable": false,
                                        "Relation Name": "tests_benchmark_booltester015",
                                        "Schema": "public",
                                        "Alias": "tests_benchmark_booltester015",
                                        "Startup Cost": 0.0,
                                        "Total Cost": 42144.67,
                                        "Plan Rows": 25,
                                        "Plan Width": 24,
                                        "Actual Startup Time": 7.486,
                                        "Actual Total Time": 121.663,
                                        "Actual Rows": 16,
                                        "Actual Loops": 3,
                                        "Output": [
                                            "id",
                                            "flg_0",
                                            "flg_1",
                                            "flg_2",
                                            "flg_3",
                                            "flg_4",
                                            "flg_5",
                                            "flg_6",
                                            "flg_7",
                                            "flg_8",
                                            "flg_9",
                                            "flg_10",
                                            "flg_11",
                                            "flg_12",
                                            "flg_13",
                                            "flg_14",
                                            "flg_15"
                                        ],
                                        "Filter": "(tests_benchmark_booltester015.flg_0 AND (NOT tests_benchmark_booltester015.flg_1) AND tests_benchmark_booltester015.flg_2 AND tests_benchmark_booltester015.flg_3 AND (NOT tests_benchmark_booltester015.flg_4) AND (NOT tests_benchmark_booltester015.flg_5) AND (NOT tests_benchmark_booltester015.flg_6) AND (NOT tests_benchmark_booltester015.flg_7) AND tests_benchmark_booltester015.flg_8 AND tests_benchmark_booltester015.flg_9 AND (NOT tests_benchmark_booltester015.flg_10) AND tests_benchmark_booltester015.flg_11 AND tests_benchmark_booltester015.flg_12 AND (NOT tests_benchmark_booltester015.flg_13) AND tests_benchmark_booltester015.flg_14 AND tests_benchmark_booltester015.flg_15)",
                                        "Rows Removed by Filter": 1333317,
                                        "Shared Hit Blocks": 6112,
                                        "Shared Read Blocks": 19366,
                                        "Shared Dirtied Blocks": 0,
                                        "Shared Written Blocks": 0,
                                        "Local Hit Blocks": 0,
                                        "Local Read Blocks": 0,
                                        "Local Dirtied Blocks": 0,
                                        "Local Written Blocks": 0,
                                        "Temp Read Blocks": 0,
                                        "Temp Written Blocks": 0,
                                        "WAL Records": 0,
                                        "WAL FPI": 0,
                                        "WAL Bytes": 0,
                                        "Workers": [
                                            {
                                                "Worker Number": 0,
                                                "Actual Startup Time": 9.426,
                                                "Actual Total Time": 120.911,
                                                "Actual Rows": 14,
                                                "Actual Loops": 1,
                                                "Shared Hit Blocks": 1984,
                                                "Shared Read Blocks": 6400,
                                                "Shared Dirtied Blocks": 0,
                                                "Shared Written Blocks": 0,
                                                "Local Hit Blocks": 0,
                                                "Local Read Blocks": 0,
                                                "Local Dirtied Blocks": 0,
                                                "Local Written Blocks": 0,
                                                "Temp Read Blocks": 0,
                                                "Temp Written Blocks": 0,
                                                "WAL Records": 0,
                                                "WAL FPI": 0,
                                                "WAL Bytes": 0
                                            },
                                            {
                                                "Worker Number": 1,
                                                "Actual Startup Time": 2.283,
                                                "Actual Total Time": 120.979,
                                                "Actual Rows": 17,
                                                "Actual Loops": 1,
                                                "Shared Hit Blocks": 1991,
                                                "Shared Read Blocks": 6406,
                                                "Shared Dirtied Blocks": 0,
                                                "Shared Written Blocks": 0,
                                                "Local Hit Blocks": 0,
                                                "Local Read Blocks": 0,
                                                "Local Dirtied Blocks": 0,
                                                "Local Written Blocks": 0,
                                                "Temp Read Blocks": 0,
                                                "Temp Written Blocks": 0,
                                                "WAL Records": 0,
                                                "WAL FPI": 0,
                                                "WAL Bytes": 0
                                            }
                                        ]
                                    }
                                ]
                            },
                            "Settings": {},
                            "Planning": {
                                "Shared Hit Blocks": 0,
                                "Shared Read Blocks": 0,
                                "Shared Dirtied Blocks": 0,
                                "Shared Written Blocks": 0,
                                "Local Hit Blocks": 0,
                                "Local Read Blocks": 0,
                                "Local Dirtied Blocks": 0,
                                "Local Written Blocks": 0,
                                "Temp Read Blocks": 0,
                                "Temp Written Blocks": 0
                            },
                            "Planning Time": 0.101,
                            "Triggers": [],
                            "Execution Time": 124.139
                        },
                        "all_ftr_time": 0.12160409999999999,
                        "any_ftr_time": 0.45711769999999996,
                        "exact_ftr_time": 0.12502539999999998
                    },
                    "6000000": {
                        "all_time": 0.17672277930105337,
                        "any_time": 0.8653938706978807,
                        "exact_time": 0.19386375829781172,
                        "table_size": 1113587712.0,
                        "index_time": 23.06819516600808,
                        "all_explanation": {
                            "Plan": {
                                "Node Type": "Gather",
                                "Parallel Aware": false,
                                "Async Capable": false,
                                "Startup Cost": 1000.0,
                                "Total Cost": 66520.3,
                                "Plan Rows": 23033,
                                "Plan Width": 24,
                                "Actual Startup Time": 0.072,
                                "Actual Total Time": 181.266,
                                "Actual Rows": 23669,
                                "Actual Loops": 1,
                                "Output": [
                                    "id",
                                    "flg_0",
                                    "flg_1",
                                    "flg_2",
                                    "flg_3",
                                    "flg_4",
                                    "flg_5",
                                    "flg_6",
                                    "flg_7",
                                    "flg_8",
                                    "flg_9",
                                    "flg_10",
                                    "flg_11",
                                    "flg_12",
                                    "flg_13",
                                    "flg_14",
                                    "flg_15"
                                ],
                                "Workers Planned": 2,
                                "Workers Launched": 2,
                                "Single Copy": false,
                                "Shared Hit Blocks": 5728,
                                "Shared Read Blocks": 32489,
                                "Shared Dirtied Blocks": 0,
                                "Shared Written Blocks": 0,
                                "Local Hit Blocks": 0,
                                "Local Read Blocks": 0,
                                "Local Dirtied Blocks": 0,
                                "Local Written Blocks": 0,
                                "Temp Read Blocks": 0,
                                "Temp Written Blocks": 0,
                                "WAL Records": 0,
                                "WAL FPI": 0,
                                "WAL Bytes": 0,
                                "Plans": [
                                    {
                                        "Node Type": "Seq Scan",
                                        "Parent Relationship": "Outer",
                                        "Parallel Aware": true,
                                        "Async Capable": false,
                                        "Relation Name": "tests_benchmark_booltester015",
                                        "Schema": "public",
                                        "Alias": "tests_benchmark_booltester015",
                                        "Startup Cost": 0.0,
                                        "Total Cost": 63217.0,
                                        "Plan Rows": 9597,
                                        "Plan Width": 24,
                                        "Actual Startup Time": 0.035,
                                        "Actual Total Time": 178.801,
                                        "Actual Rows": 7890,
                                        "Actual Loops": 3,
                                        "Output": [
                                            "id",
                                            "flg_0",
                                            "flg_1",
                                            "flg_2",
                                            "flg_3",
                                            "flg_4",
                                            "flg_5",
                                            "flg_6",
                                            "flg_7",
                                            "flg_8",
                                            "flg_9",
                                            "flg_10",
                                            "flg_11",
                                            "flg_12",
                                            "flg_13",
                                            "flg_14",
                                            "flg_15"
                                        ],
                                        "Filter": "(tests_benchmark_booltester015.flg_2 AND tests_benchmark_booltester015.flg_3 AND tests_benchmark_booltester015.flg_4 AND tests_benchmark_booltester015.flg_5 AND tests_benchmark_booltester015.flg_9 AND tests_benchmark_booltester015.flg_10 AND tests_benchmark_booltester015.flg_11 AND tests_benchmark_booltester015.flg_15)",
                                        "Rows Removed by Filter": 1992111,
                                        "Shared Hit Blocks": 5728,
                                        "Shared Read Blocks": 32489,
                                        "Shared Dirtied Blocks": 0,
                                        "Shared Written Blocks": 0,
                                        "Local Hit Blocks": 0,
                                        "Local Read Blocks": 0,
                                        "Local Dirtied Blocks": 0,
                                        "Local Written Blocks": 0,
                                        "Temp Read Blocks": 0,
                                        "Temp Written Blocks": 0,
                                        "WAL Records": 0,
                                        "WAL FPI": 0,
                                        "WAL Bytes": 0,
                                        "Workers": [
                                            {
                                                "Worker Number": 0,
                                                "Actual Startup Time": 0.047,
                                                "Actual Total Time": 178.482,
                                                "Actual Rows": 7763,
                                                "Actual Loops": 1,
                                                "Shared Hit Blocks": 1862,
                                                "Shared Read Blocks": 10784,
                                                "Shared Dirtied Blocks": 0,
                                                "Shared Written Blocks": 0,
                                                "Local Hit Blocks": 0,
                                                "Local Read Blocks": 0,
                                                "Local Dirtied Blocks": 0,
                                                "Local Written Blocks": 0,
                                                "Temp Read Blocks": 0,
                                                "Temp Written Blocks": 0,
                                                "WAL Records": 0,
                                                "WAL FPI": 0,
                                                "WAL Bytes": 0
                                            },
                                            {
                                                "Worker Number": 1,
                                                "Actual Startup Time": 0.048,
                                                "Actual Total Time": 178.429,
                                                "Actual Rows": 7808,
                                                "Actual Loops": 1,
                                                "Shared Hit Blocks": 1879,
                                                "Shared Read Blocks": 10816,
                                                "Shared Dirtied Blocks": 0,
                                                "Shared Written Blocks": 0,
                                                "Local Hit Blocks": 0,
                                                "Local Read Blocks": 0,
                                                "Local Dirtied Blocks": 0,
                                                "Local Written Blocks": 0,
                                                "Temp Read Blocks": 0,
                                                "Temp Written Blocks": 0,
                                                "WAL Records": 0,
                                                "WAL FPI": 0,
                                                "WAL Bytes": 0
                                            }
                                        ]
                                    }
                                ]
                            },
                            "Settings": {},
                            "Planning": {
                                "Shared Hit Blocks": 0,
                                "Shared Read Blocks": 0,
                                "Shared Dirtied Blocks": 0,
                                "Shared Written Blocks": 0,
                                "Local Hit Blocks": 0,
                                "Local Read Blocks": 0,
                                "Local Dirtied Blocks": 0,
                                "Local Written Blocks": 0,
                                "Temp Read Blocks": 0,
                                "Temp Written Blocks": 0
                            },
                            "Planning Time": 0.083,
                            "Triggers": [],
                            "Execution Time": 181.812
                        },
                        "any_explanation": {
                            "Plan": {
                                "Node Type": "Seq Scan",
                                "Parallel Aware": false,
                                "Async Capable": false,
                                "Relation Name": "tests_benchmark_booltester015",
                                "Schema": "public",
                                "Alias": "tests_benchmark_booltester015",
                                "Startup Cost": 0.0,
                                "Total Cost": 98217.01,
                                "Plan Rows": 5976162,
                                "Plan Width": 24,
                                "Actual Startup Time": 0.011,
                                "Actual Total Time": 566.293,
                                "Actual Rows": 5976516,
                                "Actual Loops": 1,
                                "Output": [
                                    "id",
                                    "flg_0",
                                    "flg_1",
                                    "flg_2",
                                    "flg_3",
                                    "flg_4",
                                    "flg_5",
                                    "flg_6",
                                    "flg_7",
                                    "flg_8",
                                    "flg_9",
                                    "flg_10",
                                    "flg_11",
                                    "flg_12",
                                    "flg_13",
                                    "flg_14",
                                    "flg_15"
                                ],
                                "Filter": "(tests_benchmark_booltester015.flg_2 OR tests_benchmark_booltester015.flg_3 OR tests_benchmark_booltester015.flg_4 OR tests_benchmark_booltester015.flg_5 OR tests_benchmark_booltester015.flg_9 OR tests_benchmark_booltester015.flg_10 OR tests_benchmark_booltester015.flg_11 OR tests_benchmark_booltester015.flg_15)",
                                "Rows Removed by Filter": 23485,
                                "Shared Hit Blocks": 5920,
                                "Shared Read Blocks": 32297,
                                "Shared Dirtied Blocks": 0,
                                "Shared Written Blocks": 0,
                                "Local Hit Blocks": 0,
                                "Local Read Blocks": 0,
                                "Local Dirtied Blocks": 0,
                                "Local Written Blocks": 0,
                                "Temp Read Blocks": 0,
                                "Temp Written Blocks": 0,
                                "WAL Records": 0,
                                "WAL FPI": 0,
                                "WAL Bytes": 0
                            },
                            "Settings": {},
                            "Planning": {
                                "Shared Hit Blocks": 0,
                                "Shared Read Blocks": 0,
                                "Shared Dirtied Blocks": 0,
                                "Shared Written Blocks": 0,
                                "Local Hit Blocks": 0,
                                "Local Read Blocks": 0,
                                "Local Dirtied Blocks": 0,
                                "Local Written Blocks": 0,
                                "Temp Read Blocks": 0,
                                "Temp Written Blocks": 0
                            },
                            "Planning Time": 0.074,
                            "Triggers": [],
                            "Execution Time": 689.953
                        },
                        "exact_explanation": {
                            "Plan": {
                                "Node Type": "Gather",
                                "Parallel Aware": false,
                                "Async Capable": false,
                                "Startup Cost": 1000.0,
                                "Total Cost": 64225.8,
                                "Plan Rows": 88,
                                "Plan Width": 24,
                                "Actual Startup Time": 2.267,
                                "Actual Total Time": 187.685,
                                "Actual Rows": 122,
                                "Actual Loops": 1,
                                "Output": [
                                    "id",
                                    "flg_0",
                                    "flg_1",
                                    "flg_2",
                                    "flg_3",
                                    "flg_4",
                                    "flg_5",
                                    "flg_6",
                                    "flg_7",
                                    "flg_8",
                                    "flg_9",
                                    "flg_10",
                                    "flg_11",
                                    "flg_12",
                                    "flg_13",
                                    "flg_14",
                                    "flg_15"
                                ],
                                "Workers Planned": 2,
                                "Workers Launched": 2,
                                "Single Copy": false,
                                "Shared Hit Blocks": 6048,
                                "Shared Read Blocks": 32169,
                                "Shared Dirtied Blocks": 0,
                                "Shared Written Blocks": 0,
                                "Local Hit Blocks": 0,
                                "Local Read Blocks": 0,
                                "Local Dirtied Blocks": 0,
                                "Local Written Blocks": 0,
                                "Temp Read Blocks": 0,
                                "Temp Written Blocks": 0,
                                "WAL Records": 0,
                                "WAL FPI": 0,
                                "WAL Bytes": 0,
                                "Plans": [
                                    {
                                        "Node Type": "Seq Scan",
                                        "Parent Relationship": "Outer",
                                        "Parallel Aware": true,
                                        "Async Capable": false,
                                        "Relation Name": "tests_benchmark_booltester015",
                                        "Schema": "public",
                                        "Alias": "tests_benchmark_booltester015",
                                        "Startup Cost": 0.0,
                                        "Total Cost": 63217.0,
                                        "Plan Rows": 37,
                                        "Plan Width": 24,
                                        "Actual Startup Time": 4.268,
                                        "Actual Total Time": 185.262,
                                        "Actual Rows": 41,
                                        "Actual Loops": 3,
                                        "Output": [
                                            "id",
                                            "flg_0",
                                            "flg_1",
                                            "flg_2",
                                            "flg_3",
                                            "flg_4",
                                            "flg_5",
                                            "flg_6",
                                            "flg_7",
                                            "flg_8",
                                            "flg_9",
                                            "flg_10",
                                            "flg_11",
                                            "flg_12",
                                            "flg_13",
                                            "flg_14",
                                            "flg_15"
                                        ],
                                        "Filter": "((NOT tests_benchmark_booltester015.flg_0) AND (NOT tests_benchmark_booltester015.flg_1) AND tests_benchmark_booltester015.flg_2 AND tests_benchmark_booltester015.flg_3 AND tests_benchmark_booltester015.flg_4 AND tests_benchmark_booltester015.flg_5 AND (NOT tests_benchmark_booltester015.flg_6) AND (NOT tests_benchmark_booltester015.flg_7) AND (NOT tests_benchmark_booltester015.flg_8) AND tests_benchmark_booltester015.flg_9 AND tests_benchmark_booltester015.flg_10 AND tests_benchmark_booltester015.flg_11 AND (NOT tests_benchmark_booltester015.flg_12) AND (NOT tests_benchmark_booltester015.flg_13) AND (NOT tests_benchmark_booltester015.flg_14) AND tests_benchmark_booltester015.flg_15)",
                                        "Rows Removed by Filter": 1999960,
                                        "Shared Hit Blocks": 6048,
                                        "Shared Read Blocks": 32169,
                                        "Shared Dirtied Blocks": 0,
                                        "Shared Written Blocks": 0,
                                        "Local Hit Blocks": 0,
                                        "Local Read Blocks": 0,
                                        "Local Dirtied Blocks": 0,
                                        "Local Written Blocks": 0,
                                        "Temp Read Blocks": 0,
                                        "Temp Written Blocks": 0,
                                        "WAL Records": 0,
                                        "WAL FPI": 0,
                                        "WAL Bytes": 0,
                                        "Workers": [
                                            {
                                                "Worker Number": 0,
                                                "Actual Startup Time": 5.319,
                                                "Actual Total Time": 184.514,
                                                "Actual Rows": 47,
                                                "Actual Loops": 1,
                                                "Shared Hit Blocks": 1986,
                                                "Shared Read Blocks": 10656,
                                                "Shared Dirtied Blocks": 0,
                                                "Shared Written Blocks": 0,
                                                "Local Hit Blocks": 0,
                                                "Local Read Blocks": 0,
                                                "Local Dirtied Blocks": 0,
                                                "Local Written Blocks": 0,
                                                "Temp Read Blocks": 0,
                                                "Temp Written Blocks": 0,
                                                "WAL Records": 0,
                                                "WAL FPI": 0,
                                                "WAL Bytes": 0
                                            },
                                            {
                                                "Worker Number": 1,
                                                "Actual Startup Time": 5.293,
                                                "Actual Total Time": 184.605,
                                                "Actual Rows": 35,
                                                "Actual Loops": 1,
                                                "Shared Hit Blocks": 1965,
                                                "Shared Read Blocks": 10665,
                                                "Shared Dirtied Blocks": 0,
                                                "Shared Written Blocks": 0,
                                                "Local Hit Blocks": 0,
                                                "Local Read Blocks": 0,
                                                "Local Dirtied Blocks": 0,
                                                "Local Written Blocks": 0,
                                                "Temp Read Blocks": 0,
                                                "Temp Written Blocks": 0,
                                                "WAL Records": 0,
                                                "WAL FPI": 0,
                                                "WAL Bytes": 0
                                            }
                                        ]
                                    }
                                ]
                            },
                            "Settings": {},
                            "Planning": {
                                "Shared Hit Blocks": 0,
                                "Shared Read Blocks": 0,
                                "Shared Dirtied Blocks": 0,
                                "Shared Written Blocks": 0,
                                "Local Hit Blocks": 0,
                                "Local Read Blocks": 0,
                                "Local Dirtied Blocks": 0,
                                "Local Written Blocks": 0,
                                "Temp Read Blocks": 0,
                                "Temp Written Blocks": 0
                            },
                            "Planning Time": 0.127,
                            "Triggers": [],
                            "Execution Time": 187.703
                        },
                        "all_ftr_time": 0.2026035,
                        "any_ftr_time": 0.6597632999999999,
                        "exact_ftr_time": 0.1882714
                    },
                    "8000000": {
                        "all_time": 0.2373828333002166,
                        "any_time": 1.1586505582003155,
                        "exact_time": 0.253869620799378,
                        "table_size": 1484783616.0,
                        "index_time": 36.665228875004686,
                        "all_explanation": {
                            "Plan": {
                                "Node Type": "Gather",
                                "Parallel Aware": false,
                                "Async Capable": false,
                                "Startup Cost": 1000.0,
                                "Total Cost": 91611.14,
                                "Plan Rows": 63218,
                                "Plan Width": 24,
                                "Actual Startup Time": 0.098,
                                "Actual Total Time": 213.702,
                                "Actual Rows": 62953,
                                "Actual Loops": 1,
                                "Output": [
                                    "id",
                                    "flg_0",
                                    "flg_1",
                                    "flg_2",
                                    "flg_3",
                                    "flg_4",
                                    "flg_5",
                                    "flg_6",
                                    "flg_7",
                                    "flg_8",
                                    "flg_9",
                                    "flg_10",
                                    "flg_11",
                                    "flg_12",
                                    "flg_13",
                                    "flg_14",
                                    "flg_15"
                                ],
                                "Workers Planned": 2,
                                "Workers Launched": 2,
                                "Single Copy": false,
                                "Shared Hit Blocks": 5792,
                                "Shared Read Blocks": 45164,
                                "Shared Dirtied Blocks": 0,
                                "Shared Written Blocks": 0,
                                "Local Hit Blocks": 0,
                                "Local Read Blocks": 0,
                                "Local Dirtied Blocks": 0,
                                "Local Written Blocks": 0,
                                "Temp Read Blocks": 0,
                                "Temp Written Blocks": 0,
                                "WAL Records": 0,
                                "WAL FPI": 0,
                                "WAL Bytes": 0,
                                "Plans": [
                                    {
                                        "Node Type": "Seq Scan",
                                        "Parent Relationship": "Outer",
                                        "Parallel Aware": true,
                                        "Async Capable": false,
                                        "Relation Name": "tests_benchmark_booltester015",
                                        "Schema": "public",
                                        "Alias": "tests_benchmark_booltester015",
                                        "Startup Cost": 0.0,
                                        "Total Cost": 84289.34,
                                        "Plan Rows": 26341,
                                        "Plan Width": 24,
                                        "Actual Startup Time": 0.028,
                                        "Actual Total Time": 210.793,
                                        "Actual Rows": 20984,
                                        "Actual Loops": 3,
                                        "Output": [
                                            "id",
                                            "flg_0",
                                            "flg_1",
                                            "flg_2",
                                            "flg_3",
                                            "flg_4",
                                            "flg_5",
                                            "flg_6",
                                            "flg_7",
                                            "flg_8",
                                            "flg_9",
                                            "flg_10",
                                            "flg_11",
                                            "flg_12",
                                            "flg_13",
                                            "flg_14",
                                            "flg_15"
                                        ],
                                        "Filter": "(tests_benchmark_booltester015.flg_3 AND tests_benchmark_booltester015.flg_4 AND tests_benchmark_booltester015.flg_5 AND tests_benchmark_booltester015.flg_6 AND tests_benchmark_booltester015.flg_7 AND tests_benchmark_booltester015.flg_10 AND tests_benchmark_booltester015.flg_13)",
                                        "Rows Removed by Filter": 2645683,
                                        "Shared Hit Blocks": 5792,
                                        "Shared Read Blocks": 45164,
                                        "Shared Dirtied Blocks": 0,
                                        "Shared Written Blocks": 0,
                                        "Local Hit Blocks": 0,
                                        "Local Read Blocks": 0,
                                        "Local Dirtied Blocks": 0,
                                        "Local Written Blocks": 0,
                                        "Temp Read Blocks": 0,
                                        "Temp Written Blocks": 0,
                                        "WAL Records": 0,
                                        "WAL FPI": 0,
                                        "WAL Bytes": 0,
                                        "Workers": [
                                            {
                                                "Worker Number": 0,
                                                "Actual Startup Time": 0.036,
                                                "Actual Total Time": 210.954,
                                                "Actual Rows": 20752,
                                                "Actual Loops": 1,
                                                "Shared Hit Blocks": 1887,
                                                "Shared Read Blocks": 15040,
                                                "Shared Dirtied Blocks": 0,
                                                "Shared Written Blocks": 0,
                                                "Local Hit Blocks": 0,
                                                "Local Read Blocks": 0,
                                                "Local Dirtied Blocks": 0,
                                                "Local Written Blocks": 0,
                                                "Temp Read Blocks": 0,
                                                "Temp Written Blocks": 0,
                                                "WAL Records": 0,
                                                "WAL FPI": 0,
                                                "WAL Bytes": 0
                                            },
                                            {
                                                "Worker Number": 1,
                                                "Actual Startup Time": 0.031,
                                                "Actual Total Time": 210.935,
                                                "Actual Rows": 20921,
                                                "Actual Loops": 1,
                                                "Shared Hit Blocks": 1899,
                                                "Shared Read Blocks": 15040,
                                                "Shared Dirtied Blocks": 0,
                                                "Shared Written Blocks": 0,
                                                "Local Hit Blocks": 0,
                                                "Local Read Blocks": 0,
                                                "Local Dirtied Blocks": 0,
                                                "Local Written Blocks": 0,
                                                "Temp Read Blocks": 0,
                                                "Temp Written Blocks": 0,
                                                "WAL Records": 0,
                                                "WAL FPI": 0,
                                                "WAL Bytes": 0
                                            }
                                        ]
                                    }
                                ]
                            },
                            "Settings": {},
                            "Planning": {
                                "Shared Hit Blocks": 0,
                                "Shared Read Blocks": 0,
                                "Shared Dirtied Blocks": 0,
                                "Shared Written Blocks": 0,
                                "Local Hit Blocks": 0,
                                "Local Read Blocks": 0,
                                "Local Dirtied Blocks": 0,
                                "Local Written Blocks": 0,
                                "Temp Read Blocks": 0,
                                "Temp Written Blocks": 0
                            },
                            "Planning Time": 0.095,
                            "Triggers": [],
                            "Execution Time": 215.108
                        },
                        "any_explanation": {
                            "Plan": {
                                "Node Type": "Seq Scan",
                                "Parallel Aware": false,
                                "Async Capable": false,
                                "Relation Name": "tests_benchmark_booltester015",
                                "Schema": "public",
                                "Alias": "tests_benchmark_booltester015",
                                "Startup Cost": 0.0,
                                "Total Cost": 130956.01,
                                "Plan Rows": 7938225,
                                "Plan Width": 24,
                                "Actual Startup Time": 0.008,
                                "Actual Total Time": 658.41,
                                "Actual Rows": 7937010,
                                "Actual Loops": 1,
                                "Output": [
                                    "id",
                                    "flg_0",
                                    "flg_1",
                                    "flg_2",
                                    "flg_3",
                                    "flg_4",
                                    "flg_5",
                                    "flg_6",
                                    "flg_7",
                                    "flg_8",
                                    "flg_9",
                                    "flg_10",
                                    "flg_11",
                                    "flg_12",
                                    "flg_13",
                                    "flg_14",
                                    "flg_15"
                                ],
                                "Filter": "(tests_benchmark_booltester015.flg_3 OR tests_benchmark_booltester015.flg_4 OR tests_benchmark_booltester015.flg_5 OR tests_benchmark_booltester015.flg_6 OR tests_benchmark_booltester015.flg_7 OR tests_benchmark_booltester015.flg_10 OR tests_benchmark_booltester015.flg_13)",
                                "Rows Removed by Filter": 62991,
                                "Shared Hit Blocks": 5984,
                                "Shared Read Blocks": 44972,
                                "Shared Dirtied Blocks": 0,
                                "Shared Written Blocks": 0,
                                "Local Hit Blocks": 0,
                                "Local Read Blocks": 0,
                                "Local Dirtied Blocks": 0,
                                "Local Written Blocks": 0,
                                "Temp Read Blocks": 0,
                                "Temp Written Blocks": 0,
                                "WAL Records": 0,
                                "WAL FPI": 0,
                                "WAL Bytes": 0
                            },
                            "Settings": {},
                            "Planning": {
                                "Shared Hit Blocks": 0,
                                "Shared Read Blocks": 0,
                                "Shared Dirtied Blocks": 0,
                                "Shared Written Blocks": 0,
                                "Local Hit Blocks": 0,
                                "Local Read Blocks": 0,
                                "Local Dirtied Blocks": 0,
                                "Local Written Blocks": 0,
                                "Temp Read Blocks": 0,
                                "Temp Written Blocks": 0
                            },
                            "Planning Time": 0.07,
                            "Triggers": [],
                            "Execution Time": 820.039
                        },
                        "exact_explanation": {
                            "Plan": {
                                "Node Type": "Gather",
                                "Parallel Aware": false,
                                "Async Capable": false,
                                "Startup Cost": 1000.0,
                                "Total Cost": 85301.74,
                                "Plan Rows": 124,
                                "Plan Width": 24,
                                "Actual Startup Time": 2.573,
                                "Actual Total Time": 246.723,
                                "Actual Rows": 122,
                                "Actual Loops": 1,
                                "Output": [
                                    "id",
                                    "flg_0",
                                    "flg_1",
                                    "flg_2",
                                    "flg_3",
                                    "flg_4",
                                    "flg_5",
                                    "flg_6",
                                    "flg_7",
                                    "flg_8",
                                    "flg_9",
                                    "flg_10",
                                    "flg_11",
                                    "flg_12",
                                    "flg_13",
                                    "flg_14",
                                    "flg_15"
                                ],
                                "Workers Planned": 2,
                                "Workers Launched": 2,
                                "Single Copy": false,
                                "Shared Hit Blocks": 6112,
                                "Shared Read Blocks": 44844,
                                "Shared Dirtied Blocks": 0,
                                "Shared Written Blocks": 0,
                                "Local Hit Blocks": 0,
                                "Local Read Blocks": 0,
                                "Local Dirtied Blocks": 0,
                                "Local Written Blocks": 0,
                                "Temp Read Blocks": 0,
                                "Temp Written Blocks": 0,
                                "WAL Records": 0,
                                "WAL FPI": 0,
                                "WAL Bytes": 0,
                                "Plans": [
                                    {
                                        "Node Type": "Seq Scan",
                                        "Parent Relationship": "Outer",
                                        "Parallel Aware": true,
                                        "Async Capable": false,
                                        "Relation Name": "tests_benchmark_booltester015",
                                        "Schema": "public",
                                        "Alias": "tests_benchmark_booltester015",
                                        "Startup Cost": 0.0,
                                        "Total Cost": 84289.34,
                                        "Plan Rows": 52,
                                        "Plan Width": 24,
                                        "Actual Startup Time": 2.497,
                                        "Actual Total Time": 244.43,
                                        "Actual Rows": 41,
                                        "Actual Loops": 3,
                                        "Output": [
                                            "id",
                                            "flg_0",
                                            "flg_1",
                                            "flg_2",
                                            "flg_3",
                                            "flg_4",
                                            "flg_5",
                                            "flg_6",
                                            "flg_7",
                                            "flg_8",
                                            "flg_9",
                                            "flg_10",
                                            "flg_11",
                                            "flg_12",
                                            "flg_13",
                                            "flg_14",
                                            "flg_15"
                                        ],
                                        "Filter": "((NOT tests_benchmark_booltester015.flg_0) AND (NOT tests_benchmark_booltester015.flg_1) AND (NOT tests_benchmark_booltester015.flg_2) AND tests_benchmark_booltester015.flg_3 AND tests_benchmark_booltester015.flg_4 AND tests_benchmark_booltester015.flg_5 AND tests_benchmark_booltester015.flg_6 AND tests_benchmark_booltester015.flg_7 AND (NOT tests_benchmark_booltester015.flg_8) AND (NOT tests_benchmark_booltester015.flg_9) AND tests_benchmark_booltester015.flg_10 AND (NOT tests_benchmark_booltester015.flg_11) AND (NOT tests_benchmark_booltester015.flg_12) AND tests_benchmark_booltester015.flg_13 AND (NOT tests_benchmark_booltester015.flg_14) AND (NOT tests_benchmark_booltester015.flg_15))",
                                        "Rows Removed by Filter": 2666626,
                                        "Shared Hit Blocks": 6112,
                                        "Shared Read Blocks": 44844,
                                        "Shared Dirtied Blocks": 0,
                                        "Shared Written Blocks": 0,
                                        "Local Hit Blocks": 0,
                                        "Local Read Blocks": 0,
                                        "Local Dirtied Blocks": 0,
                                        "Local Written Blocks": 0,
                                        "Temp Read Blocks": 0,
                                        "Temp Written Blocks": 0,
                                        "WAL Records": 0,
                                        "WAL FPI": 0,
                                        "WAL Bytes": 0,
                                        "Workers": [
                                            {
                                                "Worker Number": 0,
                                                "Actual Startup Time": 1.619,
                                                "Actual Total Time": 243.774,
                                                "Actual Rows": 35,
                                                "Actual Loops": 1,
                                                "Shared Hit Blocks": 1977,
                                                "Shared Read Blocks": 14912,
                                                "Shared Dirtied Blocks": 0,
                                                "Shared Written Blocks": 0,
                                                "Local Hit Blocks": 0,
                                                "Local Read Blocks": 0,
                                                "Local Dirtied Blocks": 0,
                                                "Local Written Blocks": 0,
                                                "Temp Read Blocks": 0,
                                                "Temp Written Blocks": 0,
                                                "WAL Records": 0,
                                                "WAL FPI": 0,
                                                "WAL Bytes": 0
                                            },
                                            {
                                                "Worker Number": 1,
                                                "Actual Startup Time": 3.363,
                                                "Actual Total Time": 243.763,
                                                "Actual Rows": 43,
                                                "Actual Loops": 1,
                                                "Shared Hit Blocks": 2009,
                                                "Shared Read Blocks": 14880,
                                                "Shared Dirtied Blocks": 0,
                                                "Shared Written Blocks": 0,
                                                "Local Hit Blocks": 0,
                                                "Local Read Blocks": 0,
                                                "Local Dirtied Blocks": 0,
                                                "Local Written Blocks": 0,
                                                "Temp Read Blocks": 0,
                                                "Temp Written Blocks": 0,
                                                "WAL Records": 0,
                                                "WAL FPI": 0,
                                                "WAL Bytes": 0
                                            }
                                        ]
                                    }
                                ]
                            },
                            "Settings": {},
                            "Planning": {
                                "Shared Hit Blocks": 0,
                                "Shared Read Blocks": 0,
                                "Shared Dirtied Blocks": 0,
                                "Shared Written Blocks": 0,
                                "Local Hit Blocks": 0,
                                "Local Read Blocks": 0,
                                "Local Dirtied Blocks": 0,
                                "Local Written Blocks": 0,
                                "Temp Read Blocks": 0,
                                "Temp Written Blocks": 0
                            },
                            "Planning Time": 0.103,
                            "Triggers": [],
                            "Execution Time": 246.735
                        },
                        "all_ftr_time": 0.23260610000000004,
                        "any_ftr_time": 0.8848011999999998,
                        "exact_ftr_time": 0.2457436
                    },
                    "10000000": {
                        "all_time": 0.295660062499519,
                        "any_time": 1.452348495600745,
                        "exact_time": 0.3148606706978171,
                        "table_size": 1855979520.0,
                        "index_time": 39.05841995798983,
                        "all_explanation": {
                            "Plan": {
                                "Node Type": "Gather",
                                "Parallel Aware": false,
                                "Async Capable": false,
                                "Startup Cost": 1000.0,
                                "Total Cost": 108317.77,
                                "Plan Rows": 19561,
                                "Plan Width": 24,
                                "Actual Startup Time": 0.199,
                                "Actual Total Time": 279.241,
                                "Actual Rows": 19595,
                                "Actual Loops": 1,
                                "Output": [
                                    "id",
                                    "flg_0",
                                    "flg_1",
                                    "flg_2",
                                    "flg_3",
                                    "flg_4",
                                    "flg_5",
                                    "flg_6",
                                    "flg_7",
                                    "flg_8",
                                    "flg_9",
                                    "flg_10",
                                    "flg_11",
                                    "flg_12",
                                    "flg_13",
                                    "flg_14",
                                    "flg_15"
                                ],
                                "Workers Planned": 2,
                                "Workers Launched": 2,
                                "Single Copy": false,
                                "Shared Hit Blocks": 5728,
                                "Shared Read Blocks": 57967,
                                "Shared Dirtied Blocks": 0,
                                "Shared Written Blocks": 0,
                                "Local Hit Blocks": 0,
                                "Local Read Blocks": 0,
                                "Local Dirtied Blocks": 0,
                                "Local Written Blocks": 0,
                                "Temp Read Blocks": 0,
                                "Temp Written Blocks": 0,
                                "WAL Records": 0,
                                "WAL FPI": 0,
                                "WAL Bytes": 0,
                                "Plans": [
                                    {
                                        "Node Type": "Seq Scan",
                                        "Parent Relationship": "Outer",
                                        "Parallel Aware": true,
                                        "Async Capable": false,
                                        "Relation Name": "tests_benchmark_booltester015",
                                        "Schema": "public",
                                        "Alias": "tests_benchmark_booltester015",
                                        "Startup Cost": 0.0,
                                        "Total Cost": 105361.67,
                                        "Plan Rows": 8150,
                                        "Plan Width": 24,
                                        "Actual Startup Time": 0.09,
                                        "Actual Total Time": 276.5,
                                        "Actual Rows": 6532,
                                        "Actual Loops": 3,
                                        "Output": [
                                            "id",
                                            "flg_0",
                                            "flg_1",
                                            "flg_2",
                                            "flg_3",
                                            "flg_4",
                                            "flg_5",
                                            "flg_6",
                                            "flg_7",
                                            "flg_8",
                                            "flg_9",
                                            "flg_10",
                                            "flg_11",
                                            "flg_12",
                                            "flg_13",
                                            "flg_14",
                                            "flg_15"
                                        ],
                                        "Filter": "(tests_benchmark_booltester015.flg_0 AND tests_benchmark_booltester015.flg_2 AND tests_benchmark_booltester015.flg_3 AND tests_benchmark_booltester015.flg_4 AND tests_benchmark_booltester015.flg_5 AND tests_benchmark_booltester015.flg_8 AND tests_benchmark_booltester015.flg_10 AND tests_benchmark_booltester015.flg_12 AND tests_benchmark_booltester015.flg_14)",
                                        "Rows Removed by Filter": 3326802,
                                        "Shared Hit Blocks": 5728,
                                        "Shared Read Blocks": 57967,
                                        "Shared Dirtied Blocks": 0,
                                        "Shared Written Blocks": 0,
                                        "Local Hit Blocks": 0,
                                        "Local Read Blocks": 0,
                                        "Local Dirtied Blocks": 0,
                                        "Local Written Blocks": 0,
                                        "Temp Read Blocks": 0,
                                        "Temp Written Blocks": 0,
                                        "WAL Records": 0,
                                        "WAL FPI": 0,
                                        "WAL Bytes": 0,
                                        "Workers": [
                                            {
                                                "Worker Number": 0,
                                                "Actual Startup Time": 0.069,
                                                "Actual Total Time": 275.911,
                                                "Actual Rows": 6593,
                                                "Actual Loops": 1,
                                                "Shared Hit Blocks": 1856,
                                                "Shared Read Blocks": 19264,
                                                "Shared Dirtied Blocks": 0,
                                                "Shared Written Blocks": 0,
                                                "Local Hit Blocks": 0,
                                                "Local Read Blocks": 0,
                                                "Local Dirtied Blocks": 0,
                                                "Local Written Blocks": 0,
                                                "Temp Read Blocks": 0,
                                                "Temp Written Blocks": 0,
                                                "WAL Records": 0,
                                                "WAL FPI": 0,
                                                "WAL Bytes": 0
                                            },
                                            {
                                                "Worker Number": 1,
                                                "Actual Startup Time": 0.076,
                                                "Actual Total Time": 276.22,
                                                "Actual Rows": 6435,
                                                "Actual Loops": 1,
                                                "Shared Hit Blocks": 1861,
                                                "Shared Read Blocks": 19279,
                                                "Shared Dirtied Blocks": 0,
                                                "Shared Written Blocks": 0,
                                                "Local Hit Blocks": 0,
                                                "Local Read Blocks": 0,
                                                "Local Dirtied Blocks": 0,
                                                "Local Written Blocks": 0,
                                                "Temp Read Blocks": 0,
                                                "Temp Written Blocks": 0,
                                                "WAL Records": 0,
                                                "WAL FPI": 0,
                                                "WAL Bytes": 0
                                            }
                                        ]
                                    }
                                ]
                            },
                            "Settings": {},
                            "Planning": {
                                "Shared Hit Blocks": 0,
                                "Shared Read Blocks": 0,
                                "Shared Dirtied Blocks": 0,
                                "Shared Written Blocks": 0,
                                "Local Hit Blocks": 0,
                                "Local Read Blocks": 0,
                                "Local Dirtied Blocks": 0,
                                "Local Written Blocks": 0,
                                "Temp Read Blocks": 0,
                                "Temp Written Blocks": 0
                            },
                            "Planning Time": 0.114,
                            "Triggers": [],
                            "Execution Time": 279.707
                        },
                        "any_explanation": {
                            "Plan": {
                                "Node Type": "Seq Scan",
                                "Parallel Aware": false,
                                "Async Capable": false,
                                "Relation Name": "tests_benchmark_booltester015",
                                "Schema": "public",
                                "Alias": "tests_benchmark_booltester015",
                                "Startup Cost": 0.0,
                                "Total Cost": 163695.01,
                                "Plan Rows": 9980508,
                                "Plan Width": 24,
                                "Actual Startup Time": 0.009,
                                "Actual Total Time": 882.915,
                                "Actual Rows": 9980586,
                                "Actual Loops": 1,
                                "Output": [
                                    "id",
                                    "flg_0",
                                    "flg_1",
                                    "flg_2",
                                    "flg_3",
                                    "flg_4",
                                    "flg_5",
                                    "flg_6",
                                    "flg_7",
                                    "flg_8",
                                    "flg_9",
                                    "flg_10",
                                    "flg_11",
                                    "flg_12",
                                    "flg_13",
                                    "flg_14",
                                    "flg_15"
                                ],
                                "Filter": "(tests_benchmark_booltester015.flg_0 OR tests_benchmark_booltester015.flg_2 OR tests_benchmark_booltester015.flg_3 OR tests_benchmark_booltester015.flg_4 OR tests_benchmark_booltester015.flg_5 OR tests_benchmark_booltester015.flg_8 OR tests_benchmark_booltester015.flg_10 OR tests_benchmark_booltester015.flg_12 OR tests_benchmark_booltester015.flg_14)",
                                "Rows Removed by Filter": 19415,
                                "Shared Hit Blocks": 5920,
                                "Shared Read Blocks": 57775,
                                "Shared Dirtied Blocks": 0,
                                "Shared Written Blocks": 0,
                                "Local Hit Blocks": 0,
                                "Local Read Blocks": 0,
                                "Local Dirtied Blocks": 0,
                                "Local Written Blocks": 0,
                                "Temp Read Blocks": 0,
                                "Temp Written Blocks": 0,
                                "WAL Records": 0,
                                "WAL FPI": 0,
                                "WAL Bytes": 0
                            },
                            "Settings": {},
                            "Planning": {
                                "Shared Hit Blocks": 0,
                                "Shared Read Blocks": 0,
                                "Shared Dirtied Blocks": 0,
                                "Shared Written Blocks": 0,
                                "Local Hit Blocks": 0,
                                "Local Read Blocks": 0,
                                "Local Dirtied Blocks": 0,
                                "Local Written Blocks": 0,
                                "Temp Read Blocks": 0,
                                "Temp Written Blocks": 0
                            },
                            "Planning Time": 0.081,
                            "Triggers": [],
                            "Execution Time": 1092.151
                        },
                        "exact_explanation": {
                            "Plan": {
                                "Node Type": "Gather",
                                "Parallel Aware": false,
                                "Async Capable": false,
                                "Startup Cost": 1000.0,
                                "Total Cost": 106376.67,
                                "Plan Rows": 150,
                                "Plan Width": 24,
                                "Actual Startup Time": 1.297,
                                "Actual Total Time": 307.698,
                                "Actual Rows": 131,
                                "Actual Loops": 1,
                                "Output": [
                                    "id",
                                    "flg_0",
                                    "flg_1",
                                    "flg_2",
                                    "flg_3",
                                    "flg_4",
                                    "flg_5",
                                    "flg_6",
                                    "flg_7",
                                    "flg_8",
                                    "flg_9",
                                    "flg_10",
                                    "flg_11",
                                    "flg_12",
                                    "flg_13",
                                    "flg_14",
                                    "flg_15"
                                ],
                                "Workers Planned": 2,
                                "Workers Launched": 2,
                                "Single Copy": false,
                                "Shared Hit Blocks": 6048,
                                "Shared Read Blocks": 57647,
                                "Shared Dirtied Blocks": 0,
                                "Shared Written Blocks": 0,
                                "Local Hit Blocks": 0,
                                "Local Read Blocks": 0,
                                "Local Dirtied Blocks": 0,
                                "Local Written Blocks": 0,
                                "Temp Read Blocks": 0,
                                "Temp Written Blocks": 0,
                                "WAL Records": 0,
                                "WAL FPI": 0,
                                "WAL Bytes": 0,
                                "Plans": [
                                    {
                                        "Node Type": "Seq Scan",
                                        "Parent Relationship": "Outer",
                                        "Parallel Aware": true,
                                        "Async Capable": false,
                                        "Relation Name": "tests_benchmark_booltester015",
                                        "Schema": "public",
                                        "Alias": "tests_benchmark_booltester015",
                                        "Startup Cost": 0.0,
                                        "Total Cost": 105361.67,
                                        "Plan Rows": 62,
                                        "Plan Width": 24,
                                        "Actual Startup Time": 2.311,
                                        "Actual Total Time": 305.416,
                                        "Actual Rows": 44,
                                        "Actual Loops": 3,
                                        "Output": [
                                            "id",
                                            "flg_0",
                                            "flg_1",
                                            "flg_2",
                                            "flg_3",
                                            "flg_4",
                                            "flg_5",
                                            "flg_6",
                                            "flg_7",
                                            "flg_8",
                                            "flg_9",
                                            "flg_10",
                                            "flg_11",
                                            "flg_12",
                                            "flg_13",
                                            "flg_14",
                                            "flg_15"
                                        ],
                                        "Filter": "(tests_benchmark_booltester015.flg_0 AND (NOT tests_benchmark_booltester015.flg_1) AND tests_benchmark_booltester015.flg_2 AND tests_benchmark_booltester015.flg_3 AND tests_benchmark_booltester015.flg_4 AND tests_benchmark_booltester015.flg_5 AND (NOT tests_benchmark_booltester015.flg_6) AND (NOT tests_benchmark_booltester015.flg_7) AND tests_benchmark_booltester015.flg_8 AND (NOT tests_benchmark_booltester015.flg_9) AND tests_benchmark_booltester015.flg_10 AND (NOT tests_benchmark_booltester015.flg_11) AND tests_benchmark_booltester015.flg_12 AND (NOT tests_benchmark_booltester015.flg_13) AND tests_benchmark_booltester015.flg_14 AND (NOT tests_benchmark_booltester015.flg_15))",
                                        "Rows Removed by Filter": 3333290,
                                        "Shared Hit Blocks": 6048,
                                        "Shared Read Blocks": 57647,
                                        "Shared Dirtied Blocks": 0,
                                        "Shared Written Blocks": 0,
                                        "Local Hit Blocks": 0,
                                        "Local Read Blocks": 0,
                                        "Local Dirtied Blocks": 0,
                                        "Local Written Blocks": 0,
                                        "Temp Read Blocks": 0,
                                        "Temp Written Blocks": 0,
                                        "WAL Records": 0,
                                        "WAL FPI": 0,
                                        "WAL Bytes": 0,
                                        "Workers": [
                                            {
                                                "Worker Number": 0,
                                                "Actual Startup Time": 2.979,
                                                "Actual Total Time": 304.746,
                                                "Actual Rows": 39,
                                                "Actual Loops": 1,
                                                "Shared Hit Blocks": 1972,
                                                "Shared Read Blocks": 19168,
                                                "Shared Dirtied Blocks": 0,
                                                "Shared Written Blocks": 0,
                                                "Local Hit Blocks": 0,
                                                "Local Read Blocks": 0,
                                                "Local Dirtied Blocks": 0,
                                                "Local Written Blocks": 0,
                                                "Temp Read Blocks": 0,
                                                "Temp Written Blocks": 0,
                                                "WAL Records": 0,
                                                "WAL FPI": 0,
                                                "WAL Bytes": 0
                                            },
                                            {
                                                "Worker Number": 1,
                                                "Actual Startup Time": 2.725,
                                                "Actual Total Time": 304.787,
                                                "Actual Rows": 48,
                                                "Actual Loops": 1,
                                                "Shared Hit Blocks": 1971,
                                                "Shared Read Blocks": 19104,
                                                "Shared Dirtied Blocks": 0,
                                                "Shared Written Blocks": 0,
                                                "Local Hit Blocks": 0,
                                                "Local Read Blocks": 0,
                                                "Local Dirtied Blocks": 0,
                                                "Local Written Blocks": 0,
                                                "Temp Read Blocks": 0,
                                                "Temp Written Blocks": 0,
                                                "WAL Records": 0,
                                                "WAL FPI": 0,
                                                "WAL Bytes": 0
                                            }
                                        ]
                                    }
                                ]
                            },
                            "Settings": {},
                            "Planning": {
                                "Shared Hit Blocks": 0,
                                "Shared Read Blocks": 0,
                                "Shared Dirtied Blocks": 0,
                                "Shared Written Blocks": 0,
                                "Local Hit Blocks": 0,
                                "Local Read Blocks": 0,
                                "Local Dirtied Blocks": 0,
                                "Local Written Blocks": 0,
                                "Temp Read Blocks": 0,
                                "Temp Written Blocks": 0
                            },
                            "Planning Time": 0.104,
                            "Triggers": [],
                            "Execution Time": 307.715
                        },
                        "all_ftr_time": 0.34613499999999997,
                        "any_ftr_time": 1.1108064,
                        "exact_ftr_time": 0.30853600000000003
                    },
                    "20000000": {
                        "all_time": 0.58514071660029,
                        "any_time": 2.893346429200028,
                        "exact_time": 0.6231285668996861,
                        "table_size": 3710910464.0,
                        "index_time": 102.45004816600704,
                        "all_explanation": {
                            "Plan": {
                                "Node Type": "Gather",
                                "Parallel Aware": false,
                                "Async Capable": false,
                                "Startup Cost": 1000.0,
                                "Total Cost": 276057.93,
                                "Plan Rows": 643356,
                                "Plan Width": 24,
                                "Actual Startup Time": 0.084,
                                "Actual Total Time": 555.645,
                                "Actual Rows": 625261,
                                "Actual Loops": 1,
                                "Output": [
                                    "id",
                                    "flg_0",
                                    "flg_1",
                                    "flg_2",
                                    "flg_3",
                                    "flg_4",
                                    "flg_5",
                                    "flg_6",
                                    "flg_7",
                                    "flg_8",
                                    "flg_9",
                                    "flg_10",
                                    "flg_11",
                                    "flg_12",
                                    "flg_13",
                                    "flg_14",
                                    "flg_15"
                                ],
                                "Workers Planned": 2,
                                "Workers Launched": 2,
                                "Single Copy": false,
                                "Shared Hit Blocks": 5792,
                                "Shared Read Blocks": 121597,
                                "Shared Dirtied Blocks": 0,
                                "Shared Written Blocks": 0,
                                "Local Hit Blocks": 0,
                                "Local Read Blocks": 0,
                                "Local Dirtied Blocks": 0,
                                "Local Written Blocks": 0,
                                "Temp Read Blocks": 0,
                                "Temp Written Blocks": 0,
                                "WAL Records": 0,
                                "WAL FPI": 0,
                                "WAL Bytes": 0,
                                "Plans": [
                                    {
                                        "Node Type": "Seq Scan",
                                        "Parent Relationship": "Outer",
                                        "Parallel Aware": true,
                                        "Async Capable": false,
                                        "Relation Name": "tests_benchmark_booltester015",
                                        "Schema": "public",
                                        "Alias": "tests_benchmark_booltester015",
                                        "Startup Cost": 0.0,
                                        "Total Cost": 210722.33,
                                        "Plan Rows": 268065,
                                        "Plan Width": 24,
                                        "Actual Startup Time": 0.028,
                                        "Actual Total Time": 548.438,
                                        "Actual Rows": 208420,
                                        "Actual Loops": 3,
                                        "Output": [
                                            "id",
                                            "flg_0",
                                            "flg_1",
                                            "flg_2",
                                            "flg_3",
                                            "flg_4",
                                            "flg_5",
                                            "flg_6",
                                            "flg_7",
                                            "flg_8",
                                            "flg_9",
                                            "flg_10",
                                            "flg_11",
                                            "flg_12",
                                            "flg_13",
                                            "flg_14",
                                            "flg_15"
                                        ],
                                        "Filter": "(tests_benchmark_booltester015.flg_3 AND tests_benchmark_booltester015.flg_5 AND tests_benchmark_booltester015.flg_7 AND tests_benchmark_booltester015.flg_8 AND tests_benchmark_booltester015.flg_14)",
                                        "Rows Removed by Filter": 6458247,
                                        "Shared Hit Blocks": 5792,
                                        "Shared Read Blocks": 121597,
                                        "Shared Dirtied Blocks": 0,
                                        "Shared Written Blocks": 0,
                                        "Local Hit Blocks": 0,
                                        "Local Read Blocks": 0,
                                        "Local Dirtied Blocks": 0,
                                        "Local Written Blocks": 0,
                                        "Temp Read Blocks": 0,
                                        "Temp Written Blocks": 0,
                                        "WAL Records": 0,
                                        "WAL FPI": 0,
                                        "WAL Bytes": 0,
                                        "Workers": [
                                            {
                                                "Worker Number": 0,
                                                "Actual Startup Time": 0.036,
                                                "Actual Total Time": 556.617,
                                                "Actual Rows": 210962,
                                                "Actual Loops": 1,
                                                "Shared Hit Blocks": 1926,
                                                "Shared Read Blocks": 41056,
                                                "Shared Dirtied Blocks": 0,
                                                "Shared Written Blocks": 0,
                                                "Local Hit Blocks": 0,
                                                "Local Read Blocks": 0,
                                                "Local Dirtied Blocks": 0,
                                                "Local Written Blocks": 0,
                                                "Temp Read Blocks": 0,
                                                "Temp Written Blocks": 0,
                                                "WAL Records": 0,
                                                "WAL FPI": 0,
                                                "WAL Bytes": 0
                                            },
                                            {
                                                "Worker Number": 1,
                                                "Actual Startup Time": 0.038,
                                                "Actual Total Time": 556.69,
                                                "Actual Rows": 210911,
                                                "Actual Loops": 1,
                                                "Shared Hit Blocks": 1900,
                                                "Shared Read Blocks": 41088,
                                                "Shared Dirtied Blocks": 0,
                                                "Shared Written Blocks": 0,
                                                "Local Hit Blocks": 0,
                                                "Local Read Blocks": 0,
                                                "Local Dirtied Blocks": 0,
                                                "Local Written Blocks": 0,
                                                "Temp Read Blocks": 0,
                                                "Temp Written Blocks": 0,
                                                "WAL Records": 0,
                                                "WAL FPI": 0,
                                                "WAL Bytes": 0
                                            }
                                        ]
                                    }
                                ]
                            },
                            "Settings": {},
                            "Planning": {
                                "Shared Hit Blocks": 0,
                                "Shared Read Blocks": 0,
                                "Shared Dirtied Blocks": 0,
                                "Shared Written Blocks": 0,
                                "Local Hit Blocks": 0,
                                "Local Read Blocks": 0,
                                "Local Dirtied Blocks": 0,
                                "Local Written Blocks": 0,
                                "Temp Read Blocks": 0,
                                "Temp Written Blocks": 0
                            },
                            "Planning Time": 0.096,
                            "Triggers": [],
                            "Execution Time": 569.395
                        },
                        "any_explanation": {
                            "Plan": {
                                "Node Type": "Seq Scan",
                                "Parallel Aware": false,
                                "Async Capable": false,
                                "Relation Name": "tests_benchmark_booltester015",
                                "Schema": "public",
                                "Alias": "tests_benchmark_booltester015",
                                "Startup Cost": 0.0,
                                "Total Cost": 327389.0,
                                "Plan Rows": 19392979,
                                "Plan Width": 24,
                                "Actual Startup Time": 0.018,
                                "Actual Total Time": 1732.828,
                                "Actual Rows": 19374263,
                                "Actual Loops": 1,
                                "Output": [
                                    "id",
                                    "flg_0",
                                    "flg_1",
                                    "flg_2",
                                    "flg_3",
                                    "flg_4",
                                    "flg_5",
                                    "flg_6",
                                    "flg_7",
                                    "flg_8",
                                    "flg_9",
                                    "flg_10",
                                    "flg_11",
                                    "flg_12",
                                    "flg_13",
                                    "flg_14",
                                    "flg_15"
                                ],
                                "Filter": "(tests_benchmark_booltester015.flg_3 OR tests_benchmark_booltester015.flg_5 OR tests_benchmark_booltester015.flg_7 OR tests_benchmark_booltester015.flg_8 OR tests_benchmark_booltester015.flg_14)",
                                "Rows Removed by Filter": 625738,
                                "Shared Hit Blocks": 5984,
                                "Shared Read Blocks": 121405,
                                "Shared Dirtied Blocks": 0,
                                "Shared Written Blocks": 0,
                                "Local Hit Blocks": 0,
                                "Local Read Blocks": 0,
                                "Local Dirtied Blocks": 0,
                                "Local Written Blocks": 0,
                                "Temp Read Blocks": 0,
                                "Temp Written Blocks": 0,
                                "WAL Records": 0,
                                "WAL FPI": 0,
                                "WAL Bytes": 0
                            },
                            "Settings": {},
                            "Planning": {
                                "Shared Hit Blocks": 0,
                                "Shared Read Blocks": 0,
                                "Shared Dirtied Blocks": 0,
                                "Shared Written Blocks": 0,
                                "Local Hit Blocks": 0,
                                "Local Read Blocks": 0,
                                "Local Dirtied Blocks": 0,
                                "Local Written Blocks": 0,
                                "Temp Read Blocks": 0,
                                "Temp Written Blocks": 0
                            },
                            "Planning Time": 0.084,
                            "Triggers": [],
                            "Execution Time": 2127.859
                        },
                        "exact_explanation": {
                            "Plan": {
                                "Node Type": "Gather",
                                "Parallel Aware": false,
                                "Async Capable": false,
                                "Startup Cost": 1000.0,
                                "Total Cost": 211752.93,
                                "Plan Rows": 306,
                                "Plan Width": 24,
                                "Actual Startup Time": 33.68,
                                "Actual Total Time": 625.686,
                                "Actual Rows": 325,
                                "Actual Loops": 1,
                                "Output": [
                                    "id",
                                    "flg_0",
                                    "flg_1",
                                    "flg_2",
                                    "flg_3",
                                    "flg_4",
                                    "flg_5",
                                    "flg_6",
                                    "flg_7",
                                    "flg_8",
                                    "flg_9",
                                    "flg_10",
                                    "flg_11",
                                    "flg_12",
                                    "flg_13",
                                    "flg_14",
                                    "flg_15"
                                ],
                                "Workers Planned": 2,
                                "Workers Launched": 2,
                                "Single Copy": false,
                                "Shared Hit Blocks": 6112,
                                "Shared Read Blocks": 121277,
                                "Shared Dirtied Blocks": 0,
                                "Shared Written Blocks": 0,
                                "Local Hit Blocks": 0,
                                "Local Read Blocks": 0,
                                "Local Dirtied Blocks": 0,
                                "Local Written Blocks": 0,
                                "Temp Read Blocks": 0,
                                "Temp Written Blocks": 0,
                                "WAL Records": 0,
                                "WAL FPI": 0,
                                "WAL Bytes": 0,
                                "Plans": [
                                    {
                                        "Node Type": "Seq Scan",
                                        "Parent Relationship": "Outer",
                                        "Parallel Aware": true,
                                        "Async Capable": false,
                                        "Relation Name": "tests_benchmark_booltester015",
                                        "Schema": "public",
                                        "Alias": "tests_benchmark_booltester015",
                                        "Startup Cost": 0.0,
                                        "Total Cost": 210722.33,
                                        "Plan Rows": 128,
                                        "Plan Width": 24,
                                        "Actual Startup Time": 18.884,
                                        "Actual Total Time": 623.309,
                                        "Actual Rows": 108,
                                        "Actual Loops": 3,
                                        "Output": [
                                            "id",
                                            "flg_0",
                                            "flg_1",
                                            "flg_2",
                                            "flg_3",
                                            "flg_4",
                                            "flg_5",
                                            "flg_6",
                                            "flg_7",
                                            "flg_8",
                                            "flg_9",
                                            "flg_10",
                                            "flg_11",
                                            "flg_12",
                                            "flg_13",
                                            "flg_14",
                                            "flg_15"
                                        ],
                                        "Filter": "((NOT tests_benchmark_booltester015.flg_0) AND (NOT tests_benchmark_booltester015.flg_1) AND (NOT tests_benchmark_booltester015.flg_2) AND tests_benchmark_booltester015.flg_3 AND (NOT tests_benchmark_booltester015.flg_4) AND tests_benchmark_booltester015.flg_5 AND (NOT tests_benchmark_booltester015.flg_6) AND tests_benchmark_booltester015.flg_7 AND tests_benchmark_booltester015.flg_8 AND (NOT tests_benchmark_booltester015.flg_9) AND (NOT tests_benchmark_booltester015.flg_10) AND (NOT tests_benchmark_booltester015.flg_11) AND (NOT tests_benchmark_booltester015.flg_12) AND (NOT tests_benchmark_booltester015.flg_13) AND tests_benchmark_booltester015.flg_14 AND (NOT tests_benchmark_booltester015.flg_15))",
                                        "Rows Removed by Filter": 6666559,
                                        "Shared Hit Blocks": 6112,
                                        "Shared Read Blocks": 121277,
                                        "Shared Dirtied Blocks": 0,
                                        "Shared Written Blocks": 0,
                                        "Local Hit Blocks": 0,
                                        "Local Read Blocks": 0,
                                        "Local Dirtied Blocks": 0,
                                        "Local Written Blocks": 0,
                                        "Temp Read Blocks": 0,
                                        "Temp Written Blocks": 0,
                                        "WAL Records": 0,
                                        "WAL FPI": 0,
                                        "WAL Bytes": 0,
                                        "Workers": [
                                            {
                                                "Worker Number": 0,
                                                "Actual Startup Time": 1.015,
                                                "Actual Total Time": 622.622,
                                                "Actual Rows": 116,
                                                "Actual Loops": 1,
                                                "Shared Hit Blocks": 1999,
                                                "Shared Read Blocks": 40352,
                                                "Shared Dirtied Blocks": 0,
                                                "Shared Written Blocks": 0,
                                                "Local Hit Blocks": 0,
                                                "Local Read Blocks": 0,
                                                "Local Dirtied Blocks": 0,
                                                "Local Written Blocks": 0,
                                                "Temp Read Blocks": 0,
                                                "Temp Written Blocks": 0,
                                                "WAL Records": 0,
                                                "WAL FPI": 0,
                                                "WAL Bytes": 0
                                            },
                                            {
                                                "Worker Number": 1,
                                                "Actual Startup Time": 22.041,
                                                "Actual Total Time": 622.66,
                                                "Actual Rows": 105,
                                                "Actual Loops": 1,
                                                "Shared Hit Blocks": 1994,
                                                "Shared Read Blocks": 40381,
                                                "Shared Dirtied Blocks": 0,
                                                "Shared Written Blocks": 0,
                                                "Local Hit Blocks": 0,
                                                "Local Read Blocks": 0,
                                                "Local Dirtied Blocks": 0,
                                                "Local Written Blocks": 0,
                                                "Temp Read Blocks": 0,
                                                "Temp Written Blocks": 0,
                                                "WAL Records": 0,
                                                "WAL FPI": 0,
                                                "WAL Bytes": 0
                                            }
                                        ]
                                    }
                                ]
                            },
                            "Settings": {},
                            "Planning": {
                                "Shared Hit Blocks": 0,
                                "Shared Read Blocks": 0,
                                "Shared Dirtied Blocks": 0,
                                "Shared Written Blocks": 0,
                                "Local Hit Blocks": 0,
                                "Local Read Blocks": 0,
                                "Local Dirtied Blocks": 0,
                                "Local Written Blocks": 0,
                                "Temp Read Blocks": 0,
                                "Temp Written Blocks": 0
                            },
                            "Planning Time": 0.121,
                            "Triggers": [],
                            "Execution Time": 625.711
                        },
                        "all_ftr_time": 0.5836304999999999,
                        "any_ftr_time": 2.219919,
                        "exact_ftr_time": 0.6177090999999999
                    },
                    "40000000": {
                        "all_time": 1.148817833197245,
                        "any_time": 5.71864734999981,
                        "exact_time": 1.24591155009839,
                        "table_size": 7420772352.0,
                        "index_time": 218.5582452910021,
                        "all_explanation": {
                            "Plan": {
                                "Node Type": "Gather",
                                "Parallel Aware": false,
                                "Async Capable": false,
                                "Startup Cost": 1000.0,
                                "Total Cost": 438259.87,
                                "Plan Rows": 158152,
                                "Plan Width": 24,
                                "Actual Startup Time": 0.104,
                                "Actual Total Time": 1013.353,
                                "Actual Rows": 156336,
                                "Actual Loops": 1,
                                "Output": [
                                    "id",
                                    "flg_0",
                                    "flg_1",
                                    "flg_2",
                                    "flg_3",
                                    "flg_4",
                                    "flg_5",
                                    "flg_6",
                                    "flg_7",
                                    "flg_8",
                                    "flg_9",
                                    "flg_10",
                                    "flg_11",
                                    "flg_12",
                                    "flg_13",
                                    "flg_14",
                                    "flg_15"
                                ],
                                "Workers Planned": 2,
                                "Workers Launched": 2,
                                "Single Copy": false,
                                "Shared Hit Blocks": 5792,
                                "Shared Read Blocks": 248986,
                                "Shared Dirtied Blocks": 0,
                                "Shared Written Blocks": 0,
                                "Local Hit Blocks": 0,
                                "Local Read Blocks": 0,
                                "Local Dirtied Blocks": 0,
                                "Local Written Blocks": 0,
                                "Temp Read Blocks": 0,
                                "Temp Written Blocks": 0,
                                "WAL Records": 0,
                                "WAL FPI": 0,
                                "WAL Bytes": 0,
                                "Plans": [
                                    {
                                        "Node Type": "Seq Scan",
                                        "Parent Relationship": "Outer",
                                        "Parallel Aware": true,
                                        "Async Capable": false,
                                        "Relation Name": "tests_benchmark_booltester015",
                                        "Schema": "public",
                                        "Alias": "tests_benchmark_booltester015",
                                        "Startup Cost": 0.0,
                                        "Total Cost": 421444.67,
                                        "Plan Rows": 65897,
                                        "Plan Width": 24,
                                        "Actual Startup Time": 0.025,
                                        "Actual Total Time": 1009.787,
                                        "Actual Rows": 52112,
                                        "Actual Loops": 3,
                                        "Output": [
                                            "id",
                                            "flg_0",
                                            "flg_1",
                                            "flg_2",
                                            "flg_3",
                                            "flg_4",
                                            "flg_5",
                                            "flg_6",
                                            "flg_7",
                                            "flg_8",
                                            "flg_9",
                                            "flg_10",
                                            "flg_11",
                                            "flg_12",
                                            "flg_13",
                                            "flg_14",
                                            "flg_15"
                                        ],
                                        "Filter": "(tests_benchmark_booltester015.flg_1 AND tests_benchmark_booltester015.flg_3 AND tests_benchmark_booltester015.flg_6 AND tests_benchmark_booltester015.flg_7 AND tests_benchmark_booltester015.flg_8 AND tests_benchmark_booltester015.flg_9 AND tests_benchmark_booltester015.flg_10 AND tests_benchmark_booltester015.flg_11)",
                                        "Rows Removed by Filter": 13281222,
                                        "Shared Hit Blocks": 5792,
                                        "Shared Read Blocks": 248986,
                                        "Shared Dirtied Blocks": 0,
                                        "Shared Written Blocks": 0,
                                        "Local Hit Blocks": 0,
                                        "Local Read Blocks": 0,
                                        "Local Dirtied Blocks": 0,
                                        "Local Written Blocks": 0,
                                        "Temp Read Blocks": 0,
                                        "Temp Written Blocks": 0,
                                        "WAL Records": 0,
                                        "WAL FPI": 0,
                                        "WAL Bytes": 0,
                                        "Workers": [
                                            {
                                                "Worker Number": 0,
                                                "Actual Startup Time": 0.029,
                                                "Actual Total Time": 1011.397,
                                                "Actual Rows": 52070,
                                                "Actual Loops": 1,
                                                "Shared Hit Blocks": 1896,
                                                "Shared Read Blocks": 83072,
                                                "Shared Dirtied Blocks": 0,
                                                "Shared Written Blocks": 0,
                                                "Local Hit Blocks": 0,
                                                "Local Read Blocks": 0,
                                                "Local Dirtied Blocks": 0,
                                                "Local Written Blocks": 0,
                                                "Temp Read Blocks": 0,
                                                "Temp Written Blocks": 0,
                                                "WAL Records": 0,
                                                "WAL FPI": 0,
                                                "WAL Bytes": 0
                                            },
                                            {
                                                "Worker Number": 1,
                                                "Actual Startup Time": 0.026,
                                                "Actual Total Time": 1011.313,
                                                "Actual Rows": 52072,
                                                "Actual Loops": 1,
                                                "Shared Hit Blocks": 1887,
                                                "Shared Read Blocks": 82976,
                                                "Shared Dirtied Blocks": 0,
                                                "Shared Written Blocks": 0,
                                                "Local Hit Blocks": 0,
                                                "Local Read Blocks": 0,
                                                "Local Dirtied Blocks": 0,
                                                "Local Written Blocks": 0,
                                                "Temp Read Blocks": 0,
                                                "Temp Written Blocks": 0,
                                                "WAL Records": 0,
                                                "WAL FPI": 0,
                                                "WAL Bytes": 0
                                            }
                                        ]
                                    }
                                ]
                            },
                            "Settings": {},
                            "Planning": {
                                "Shared Hit Blocks": 0,
                                "Shared Read Blocks": 0,
                                "Shared Dirtied Blocks": 0,
                                "Shared Written Blocks": 0,
                                "Local Hit Blocks": 0,
                                "Local Read Blocks": 0,
                                "Local Dirtied Blocks": 0,
                                "Local Written Blocks": 0,
                                "Temp Read Blocks": 0,
                                "Temp Written Blocks": 0
                            },
                            "Planning Time": 0.109,
                            "Triggers": [],
                            "Execution Time": 1016.904
                        },
                        "any_explanation": {
                            "Plan": {
                                "Node Type": "Seq Scan",
                                "Parallel Aware": false,
                                "Async Capable": false,
                                "Relation Name": "tests_benchmark_booltester015",
                                "Schema": "public",
                                "Alias": "tests_benchmark_booltester015",
                                "Startup Cost": 0.0,
                                "Total Cost": 654778.0,
                                "Plan Rows": 39845640,
                                "Plan Width": 24,
                                "Actual Startup Time": 0.018,
                                "Actual Total Time": 3206.785,
                                "Actual Rows": 39843505,
                                "Actual Loops": 1,
                                "Output": [
                                    "id",
                                    "flg_0",
                                    "flg_1",
                                    "flg_2",
                                    "flg_3",
                                    "flg_4",
                                    "flg_5",
                                    "flg_6",
                                    "flg_7",
                                    "flg_8",
                                    "flg_9",
                                    "flg_10",
                                    "flg_11",
                                    "flg_12",
                                    "flg_13",
                                    "flg_14",
                                    "flg_15"
                                ],
                                "Filter": "(tests_benchmark_booltester015.flg_1 OR tests_benchmark_booltester015.flg_3 OR tests_benchmark_booltester015.flg_6 OR tests_benchmark_booltester015.flg_7 OR tests_benchmark_booltester015.flg_8 OR tests_benchmark_booltester015.flg_9 OR tests_benchmark_booltester015.flg_10 OR tests_benchmark_booltester015.flg_11)",
                                "Rows Removed by Filter": 156496,
                                "Shared Hit Blocks": 5984,
                                "Shared Read Blocks": 248794,
                                "Shared Dirtied Blocks": 0,
                                "Shared Written Blocks": 0,
                                "Local Hit Blocks": 0,
                                "Local Read Blocks": 0,
                                "Local Dirtied Blocks": 0,
                                "Local Written Blocks": 0,
                                "Temp Read Blocks": 0,
                                "Temp Written Blocks": 0,
                                "WAL Records": 0,
                                "WAL FPI": 0,
                                "WAL Bytes": 0
                            },
                            "Settings": {},
                            "Planning": {
                                "Shared Hit Blocks": 0,
                                "Shared Read Blocks": 0,
                                "Shared Dirtied Blocks": 0,
                                "Shared Written Blocks": 0,
                                "Local Hit Blocks": 0,
                                "Local Read Blocks": 0,
                                "Local Dirtied Blocks": 0,
                                "Local Written Blocks": 0,
                                "Temp Read Blocks": 0,
                                "Temp Written Blocks": 0
                            },
                            "Planning Time": 0.103,
                            "Triggers": [],
                            "Execution Time": 4018.938
                        },
                        "exact_explanation": {
                            "Plan": {
                                "Node Type": "Gather",
                                "Parallel Aware": false,
                                "Async Capable": false,
                                "Startup Cost": 1000.0,
                                "Total Cost": 422505.77,
                                "Plan Rows": 611,
                                "Plan Width": 24,
                                "Actual Startup Time": 1.692,
                                "Actual Total Time": 1250.635,
                                "Actual Rows": 575,
                                "Actual Loops": 1,
                                "Output": [
                                    "id",
                                    "flg_0",
                                    "flg_1",
                                    "flg_2",
                                    "flg_3",
                                    "flg_4",
                                    "flg_5",
                                    "flg_6",
                                    "flg_7",
                                    "flg_8",
                                    "flg_9",
                                    "flg_10",
                                    "flg_11",
                                    "flg_12",
                                    "flg_13",
                                    "flg_14",
                                    "flg_15"
                                ],
                                "Workers Planned": 2,
                                "Workers Launched": 2,
                                "Single Copy": false,
                                "Shared Hit Blocks": 6112,
                                "Shared Read Blocks": 248666,
                                "Shared Dirtied Blocks": 0,
                                "Shared Written Blocks": 0,
                                "Local Hit Blocks": 0,
                                "Local Read Blocks": 0,
                                "Local Dirtied Blocks": 0,
                                "Local Written Blocks": 0,
                                "Temp Read Blocks": 0,
                                "Temp Written Blocks": 0,
                                "WAL Records": 0,
                                "WAL FPI": 0,
                                "WAL Bytes": 0,
                                "Plans": [
                                    {
                                        "Node Type": "Seq Scan",
                                        "Parent Relationship": "Outer",
                                        "Parallel Aware": true,
                                        "Async Capable": false,
                                        "Relation Name": "tests_benchmark_booltester015",
                                        "Schema": "public",
                                        "Alias": "tests_benchmark_booltester015",
                                        "Startup Cost": 0.0,
                                        "Total Cost": 421444.67,
                                        "Plan Rows": 255,
                                        "Plan Width": 24,
                                        "Actual Startup Time": 7.207,
                                        "Actual Total Time": 1248.186,
                                        "Actual Rows": 192,
                                        "Actual Loops": 3,
                                        "Output": [
                                            "id",
                                            "flg_0",
                                            "flg_1",
                                            "flg_2",
                                            "flg_3",
                                            "flg_4",
                                            "flg_5",
                                            "flg_6",
                                            "flg_7",
                                            "flg_8",
                                            "flg_9",
                                            "flg_10",
                                            "flg_11",
                                            "flg_12",
                                            "flg_13",
                                            "flg_14",
                                            "flg_15"
                                        ],
                                        "Filter": "((NOT tests_benchmark_booltester015.flg_0) AND tests_benchmark_booltester015.flg_1 AND (NOT tests_benchmark_booltester015.flg_2) AND tests_benchmark_booltester015.flg_3 AND (NOT tests_benchmark_booltester015.flg_4) AND (NOT tests_benchmark_booltester015.flg_5) AND tests_benchmark_booltester015.flg_6 AND tests_benchmark_booltester015.flg_7 AND tests_benchmark_booltester015.flg_8 AND tests_benchmark_booltester015.flg_9 AND tests_benchmark_booltester015.flg_10 AND tests_benchmark_booltester015.flg_11 AND (NOT tests_benchmark_booltester015.flg_12) AND (NOT tests_benchmark_booltester015.flg_13) AND (NOT tests_benchmark_booltester015.flg_14) AND (NOT tests_benchmark_booltester015.flg_15))",
                                        "Rows Removed by Filter": 13333142,
                                        "Shared Hit Blocks": 6112,
                                        "Shared Read Blocks": 248666,
                                        "Shared Dirtied Blocks": 0,
                                        "Shared Written Blocks": 0,
                                        "Local Hit Blocks": 0,
                                        "Local Read Blocks": 0,
                                        "Local Dirtied Blocks": 0,
                                        "Local Written Blocks": 0,
                                        "Temp Read Blocks": 0,
                                        "Temp Written Blocks": 0,
                                        "WAL Records": 0,
                                        "WAL FPI": 0,
                                        "WAL Bytes": 0,
                                        "Workers": [
                                            {
                                                "Worker Number": 0,
                                                "Actual Startup Time": 9.112,
                                                "Actual Total Time": 1247.449,
                                                "Actual Rows": 193,
                                                "Actual Loops": 1,
                                                "Shared Hit Blocks": 1969,
                                                "Shared Read Blocks": 82842,
                                                "Shared Dirtied Blocks": 0,
                                                "Shared Written Blocks": 0,
                                                "Local Hit Blocks": 0,
                                                "Local Read Blocks": 0,
                                                "Local Dirtied Blocks": 0,
                                                "Local Written Blocks": 0,
                                                "Temp Read Blocks": 0,
                                                "Temp Written Blocks": 0,
                                                "WAL Records": 0,
                                                "WAL FPI": 0,
                                                "WAL Bytes": 0
                                            },
                                            {
                                                "Worker Number": 1,
                                                "Actual Startup Time": 10.902,
                                                "Actual Total Time": 1247.549,
                                                "Actual Rows": 180,
                                                "Actual Loops": 1,
                                                "Shared Hit Blocks": 2023,
                                                "Shared Read Blocks": 82784,
                                                "Shared Dirtied Blocks": 0,
                                                "Shared Written Blocks": 0,
                                                "Local Hit Blocks": 0,
                                                "Local Read Blocks": 0,
                                                "Local Dirtied Blocks": 0,
                                                "Local Written Blocks": 0,
                                                "Temp Read Blocks": 0,
                                                "Temp Written Blocks": 0,
                                                "WAL Records": 0,
                                                "WAL FPI": 0,
                                                "WAL Bytes": 0
                                            }
                                        ]
                                    }
                                ]
                            },
                            "Settings": {},
                            "Planning": {
                                "Shared Hit Blocks": 0,
                                "Shared Read Blocks": 0,
                                "Shared Dirtied Blocks": 0,
                                "Shared Written Blocks": 0,
                                "Local Hit Blocks": 0,
                                "Local Read Blocks": 0,
                                "Local Dirtied Blocks": 0,
                                "Local Written Blocks": 0,
                                "Temp Read Blocks": 0,
                                "Temp Written Blocks": 0
                            },
                            "Planning Time": 0.157,
                            "Triggers": [],
                            "Execution Time": 1250.709
                        },
                        "all_ftr_time": 1.1698256,
                        "any_ftr_time": 4.397873,
                        "exact_ftr_time": 1.238863
                    },
                    "60000000": {
                        "all_time": 1.70071842509642,
                        "any_time": 8.48102532089979,
                        "exact_time": 1.875093604301219,
                        "table_size": 10737418240.0,
                        "index_time": 292.90863237499434,
                        "all_explanation": {
                            "Plan": {
                                "Node Type": "Gather",
                                "Parallel Aware": false,
                                "Async Capable": false,
                                "Startup Cost": 1000.0,
                                "Total Cost": 645000.5,
                                "Plan Rows": 118345,
                                "Plan Width": 24,
                                "Actual Startup Time": 0.19,
                                "Actual Total Time": 1819.839,
                                "Actual Rows": 117151,
                                "Actual Loops": 1,
                                "Output": [
                                    "id",
                                    "flg_0",
                                    "flg_1",
                                    "flg_2",
                                    "flg_3",
                                    "flg_4",
                                    "flg_5",
                                    "flg_6",
                                    "flg_7",
                                    "flg_8",
                                    "flg_9",
                                    "flg_10",
                                    "flg_11",
                                    "flg_12",
                                    "flg_13",
                                    "flg_14",
                                    "flg_15"
                                ],
                                "Workers Planned": 2,
                                "Workers Launched": 2,
                                "Single Copy": false,
                                "Shared Hit Blocks": 5664,
                                "Shared Read Blocks": 376502,
                                "Shared Dirtied Blocks": 0,
                                "Shared Written Blocks": 0,
                                "Local Hit Blocks": 0,
                                "Local Read Blocks": 0,
                                "Local Dirtied Blocks": 0,
                                "Local Written Blocks": 0,
                                "Temp Read Blocks": 0,
                                "Temp Written Blocks": 0,
                                "WAL Records": 0,
                                "WAL FPI": 0,
                                "WAL Bytes": 0,
                                "Plans": [
                                    {
                                        "Node Type": "Seq Scan",
                                        "Parent Relationship": "Outer",
                                        "Parallel Aware": true,
                                        "Async Capable": false,
                                        "Relation Name": "tests_benchmark_booltester015",
                                        "Schema": "public",
                                        "Alias": "tests_benchmark_booltester015",
                                        "Startup Cost": 0.0,
                                        "Total Cost": 632166.0,
                                        "Plan Rows": 49310,
                                        "Plan Width": 24,
                                        "Actual Startup Time": 0.124,
                                        "Actual Total Time": 1816.396,
                                        "Actual Rows": 39050,
                                        "Actual Loops": 3,
                                        "Output": [
                                            "id",
                                            "flg_0",
                                            "flg_1",
                                            "flg_2",
                                            "flg_3",
                                            "flg_4",
                                            "flg_5",
                                            "flg_6",
                                            "flg_7",
                                            "flg_8",
                                            "flg_9",
                                            "flg_10",
                                            "flg_11",
                                            "flg_12",
                                            "flg_13",
                                            "flg_14",
                                            "flg_15"
                                        ],
                                        "Filter": "(tests_benchmark_booltester015.flg_1 AND tests_benchmark_booltester015.flg_5 AND tests_benchmark_booltester015.flg_7 AND tests_benchmark_booltester015.flg_8 AND tests_benchmark_booltester015.flg_10 AND tests_benchmark_booltester015.flg_12 AND tests_benchmark_booltester015.flg_13 AND tests_benchmark_booltester015.flg_14 AND tests_benchmark_booltester015.flg_15)",
                                        "Rows Removed by Filter": 19960950,
                                        "Shared Hit Blocks": 5664,
                                        "Shared Read Blocks": 376502,
                                        "Shared Dirtied Blocks": 0,
                                        "Shared Written Blocks": 0,
                                        "Local Hit Blocks": 0,
                                        "Local Read Blocks": 0,
                                        "Local Dirtied Blocks": 0,
                                        "Local Written Blocks": 0,
                                        "Temp Read Blocks": 0,
                                        "Temp Written Blocks": 0,
                                        "WAL Records": 0,
                                        "WAL FPI": 0,
                                        "WAL Bytes": 0,
                                        "Workers": [
                                            {
                                                "Worker Number": 0,
                                                "Actual Startup Time": 0.12,
                                                "Actual Total Time": 1817.443,
                                                "Actual Rows": 39023,
                                                "Actual Loops": 1,
                                                "Shared Hit Blocks": 1860,
                                                "Shared Read Blocks": 125600,
                                                "Shared Dirtied Blocks": 0,
                                                "Shared Written Blocks": 0,
                                                "Local Hit Blocks": 0,
                                                "Local Read Blocks": 0,
                                                "Local Dirtied Blocks": 0,
                                                "Local Written Blocks": 0,
                                                "Temp Read Blocks": 0,
                                                "Temp Written Blocks": 0,
                                                "WAL Records": 0,
                                                "WAL FPI": 0,
                                                "WAL Bytes": 0
                                            },
                                            {
                                                "Worker Number": 1,
                                                "Actual Startup Time": 0.139,
                                                "Actual Total Time": 1817.38,
                                                "Actual Rows": 38988,
                                                "Actual Loops": 1,
                                                "Shared Hit Blocks": 1845,
                                                "Shared Read Blocks": 125430,
                                                "Shared Dirtied Blocks": 0,
                                                "Shared Written Blocks": 0,
                                                "Local Hit Blocks": 0,
                                                "Local Read Blocks": 0,
                                                "Local Dirtied Blocks": 0,
                                                "Local Written Blocks": 0,
                                                "Temp Read Blocks": 0,
                                                "Temp Written Blocks": 0,
                                                "WAL Records": 0,
                                                "WAL FPI": 0,
                                                "WAL Bytes": 0
                                            }
                                        ]
                                    }
                                ]
                            },
                            "Settings": {},
                            "Planning": {
                                "Shared Hit Blocks": 0,
                                "Shared Read Blocks": 0,
                                "Shared Dirtied Blocks": 0,
                                "Shared Written Blocks": 0,
                                "Local Hit Blocks": 0,
                                "Local Read Blocks": 0,
                                "Local Dirtied Blocks": 0,
                                "Local Written Blocks": 0,
                                "Temp Read Blocks": 0,
                                "Temp Written Blocks": 0
                            },
                            "Planning Time": 0.121,
                            "Triggers": [],
                            "Execution Time": 1822.607
                        },
                        "any_explanation": {
                            "Plan": {
                                "Node Type": "Seq Scan",
                                "Parallel Aware": false,
                                "Async Capable": false,
                                "Relation Name": "tests_benchmark_booltester015",
                                "Schema": "public",
                                "Alias": "tests_benchmark_booltester015",
                                "Startup Cost": 0.0,
                                "Total Cost": 982166.0,
                                "Plan Rows": 59883983,
                                "Plan Width": 24,
                                "Actual Startup Time": 0.026,
                                "Actual Total Time": 5709.929,
                                "Actual Rows": 59882827,
                                "Actual Loops": 1,
                                "Output": [
                                    "id",
                                    "flg_0",
                                    "flg_1",
                                    "flg_2",
                                    "flg_3",
                                    "flg_4",
                                    "flg_5",
                                    "flg_6",
                                    "flg_7",
                                    "flg_8",
                                    "flg_9",
                                    "flg_10",
                                    "flg_11",
                                    "flg_12",
                                    "flg_13",
                                    "flg_14",
                                    "flg_15"
                                ],
                                "Filter": "(tests_benchmark_booltester015.flg_1 OR tests_benchmark_booltester015.flg_5 OR tests_benchmark_booltester015.flg_7 OR tests_benchmark_booltester015.flg_8 OR tests_benchmark_booltester015.flg_10 OR tests_benchmark_booltester015.flg_12 OR tests_benchmark_booltester015.flg_13 OR tests_benchmark_booltester015.flg_14 OR tests_benchmark_booltester015.flg_15)",
                                "Rows Removed by Filter": 117174,
                                "Shared Hit Blocks": 5856,
                                "Shared Read Blocks": 376310,
                                "Shared Dirtied Blocks": 0,
                                "Shared Written Blocks": 0,
                                "Local Hit Blocks": 0,
                                "Local Read Blocks": 0,
                                "Local Dirtied Blocks": 0,
                                "Local Written Blocks": 0,
                                "Temp Read Blocks": 0,
                                "Temp Written Blocks": 0,
                                "WAL Records": 0,
                                "WAL FPI": 0,
                                "WAL Bytes": 0
                            },
                            "Settings": {},
                            "Planning": {
                                "Shared Hit Blocks": 0,
                                "Shared Read Blocks": 0,
                                "Shared Dirtied Blocks": 0,
                                "Shared Written Blocks": 0,
                                "Local Hit Blocks": 0,
                                "Local Read Blocks": 0,
                                "Local Dirtied Blocks": 0,
                                "Local Written Blocks": 0,
                                "Temp Read Blocks": 0,
                                "Temp Written Blocks": 0
                            },
                            "Planning Time": 0.11,
                            "Triggers": [],
                            "Execution Time": 6939.164
                        },
                        "exact_explanation": {
                            "Plan": {
                                "Node Type": "Gather",
                                "Parallel Aware": false,
                                "Async Capable": false,
                                "Startup Cost": 1000.0,
                                "Total Cost": 633260.0,
                                "Plan Rows": 940,
                                "Plan Width": 24,
                                "Actual Startup Time": 5.951,
                                "Actual Total Time": 1873.332,
                                "Actual Rows": 913,
                                "Actual Loops": 1,
                                "Output": [
                                    "id",
                                    "flg_0",
                                    "flg_1",
                                    "flg_2",
                                    "flg_3",
                                    "flg_4",
                                    "flg_5",
                                    "flg_6",
                                    "flg_7",
                                    "flg_8",
                                    "flg_9",
                                    "flg_10",
                                    "flg_11",
                                    "flg_12",
                                    "flg_13",
                                    "flg_14",
                                    "flg_15"
                                ],
                                "Workers Planned": 2,
                                "Workers Launched": 2,
                                "Single Copy": false,
                                "Shared Hit Blocks": 5984,
                                "Shared Read Blocks": 376182,
                                "Shared Dirtied Blocks": 0,
                                "Shared Written Blocks": 0,
                                "Local Hit Blocks": 0,
                                "Local Read Blocks": 0,
                                "Local Dirtied Blocks": 0,
                                "Local Written Blocks": 0,
                                "Temp Read Blocks": 0,
                                "Temp Written Blocks": 0,
                                "WAL Records": 0,
                                "WAL FPI": 0,
                                "WAL Bytes": 0,
                                "Plans": [
                                    {
                                        "Node Type": "Seq Scan",
                                        "Parent Relationship": "Outer",
                                        "Parallel Aware": true,
                                        "Async Capable": false,
                                        "Relation Name": "tests_benchmark_booltester015",
                                        "Schema": "public",
                                        "Alias": "tests_benchmark_booltester015",
                                        "Startup Cost": 0.0,
                                        "Total Cost": 632166.0,
                                        "Plan Rows": 392,
                                        "Plan Width": 24,
                                        "Actual Startup Time": 9.777,
                                        "Actual Total Time": 1870.703,
                                        "Actual Rows": 304,
                                        "Actual Loops": 3,
                                        "Output": [
                                            "id",
                                            "flg_0",
                                            "flg_1",
                                            "flg_2",
                                            "flg_3",
                                            "flg_4",
                                            "flg_5",
                                            "flg_6",
                                            "flg_7",
                                            "flg_8",
                                            "flg_9",
                                            "flg_10",
                                            "flg_11",
                                            "flg_12",
                                            "flg_13",
                                            "flg_14",
                                            "flg_15"
                                        ],
                                        "Filter": "((NOT tests_benchmark_booltester015.flg_0) AND tests_benchmark_booltester015.flg_1 AND (NOT tests_benchmark_booltester015.flg_2) AND (NOT tests_benchmark_booltester015.flg_3) AND (NOT tests_benchmark_booltester015.flg_4) AND tests_benchmark_booltester015.flg_5 AND (NOT tests_benchmark_booltester015.flg_6) AND tests_benchmark_booltester015.flg_7 AND tests_benchmark_booltester015.flg_8 AND (NOT tests_benchmark_booltester015.flg_9) AND tests_benchmark_booltester015.flg_10 AND (NOT tests_benchmark_booltester015.flg_11) AND tests_benchmark_booltester015.flg_12 AND tests_benchmark_booltester015.flg_13 AND tests_benchmark_booltester015.flg_14 AND tests_benchmark_booltester015.flg_15)",
                                        "Rows Removed by Filter": 19999696,
                                        "Shared Hit Blocks": 5984,
                                        "Shared Read Blocks": 376182,
                                        "Shared Dirtied Blocks": 0,
                                        "Shared Written Blocks": 0,
                                        "Local Hit Blocks": 0,
                                        "Local Read Blocks": 0,
                                        "Local Dirtied Blocks": 0,
                                        "Local Written Blocks": 0,
                                        "Temp Read Blocks": 0,
                                        "Temp Written Blocks": 0,
                                        "WAL Records": 0,
                                        "WAL FPI": 0,
                                        "WAL Bytes": 0,
                                        "Workers": [
                                            {
                                                "Worker Number": 0,
                                                "Actual Startup Time": 15.2,
                                                "Actual Total Time": 1869.983,
                                                "Actual Rows": 299,
                                                "Actual Loops": 1,
                                                "Shared Hit Blocks": 1934,
                                                "Shared Read Blocks": 125344,
                                                "Shared Dirtied Blocks": 0,
                                                "Shared Written Blocks": 0,
                                                "Local Hit Blocks": 0,
                                                "Local Read Blocks": 0,
                                                "Local Dirtied Blocks": 0,
                                                "Local Written Blocks": 0,
                                                "Temp Read Blocks": 0,
                                                "Temp Written Blocks": 0,
                                                "WAL Records": 0,
                                                "WAL FPI": 0,
                                                "WAL Bytes": 0
                                            },
                                            {
                                                "Worker Number": 1,
                                                "Actual Startup Time": 8.263,
                                                "Actual Total Time": 1869.947,
                                                "Actual Rows": 328,
                                                "Actual Loops": 1,
                                                "Shared Hit Blocks": 1937,
                                                "Shared Read Blocks": 125334,
                                                "Shared Dirtied Blocks": 0,
                                                "Shared Written Blocks": 0,
                                                "Local Hit Blocks": 0,
                                                "Local Read Blocks": 0,
                                                "Local Dirtied Blocks": 0,
                                                "Local Written Blocks": 0,
                                                "Temp Read Blocks": 0,
                                                "Temp Written Blocks": 0,
                                                "WAL Records": 0,
                                                "WAL FPI": 0,
                                                "WAL Bytes": 0
                                            }
                                        ]
                                    }
                                ]
                            },
                            "Settings": {},
                            "Planning": {
                                "Shared Hit Blocks": 0,
                                "Shared Read Blocks": 0,
                                "Shared Dirtied Blocks": 0,
                                "Shared Written Blocks": 0,
                                "Local Hit Blocks": 0,
                                "Local Read Blocks": 0,
                                "Local Dirtied Blocks": 0,
                                "Local Written Blocks": 0,
                                "Temp Read Blocks": 0,
                                "Temp Written Blocks": 0
                            },
                            "Planning Time": 0.129,
                            "Triggers": [],
                            "Execution Time": 1873.391
                        },
                        "all_ftr_time": 2.2415938,
                        "any_ftr_time": 6.5391365,
                        "exact_ftr_time": 1.8734762999999999
                    },
                    "80000000": {
                        "all_time": 2.278878978996363,
                        "any_time": 11.381571233402065,
                        "exact_time": 2.4778693541971735,
                        "table_size": 15032385536.0,
                        "index_time": 385.0129440000019,
                        "all_explanation": {
                            "Plan": {
                                "Node Type": "Gather",
                                "Parallel Aware": false,
                                "Async Capable": false,
                                "Startup Cost": 1000.0,
                                "Total Cost": 851615.33,
                                "Plan Rows": 77270,
                                "Plan Width": 24,
                                "Actual Startup Time": 0.158,
                                "Actual Total Time": 2223.193,
                                "Actual Rows": 78531,
                                "Actual Loops": 1,
                                "Output": [
                                    "id",
                                    "flg_0",
                                    "flg_1",
                                    "flg_2",
                                    "flg_3",
                                    "flg_4",
                                    "flg_5",
                                    "flg_6",
                                    "flg_7",
                                    "flg_8",
                                    "flg_9",
                                    "flg_10",
                                    "flg_11",
                                    "flg_12",
                                    "flg_13",
                                    "flg_14",
                                    "flg_15"
                                ],
                                "Workers Planned": 2,
                                "Workers Launched": 2,
                                "Single Copy": false,
                                "Shared Hit Blocks": 5792,
                                "Shared Read Blocks": 503763,
                                "Shared Dirtied Blocks": 0,
                                "Shared Written Blocks": 0,
                                "Local Hit Blocks": 0,
                                "Local Read Blocks": 0,
                                "Local Dirtied Blocks": 0,
                                "Local Written Blocks": 0,
                                "Temp Read Blocks": 0,
                                "Temp Written Blocks": 0,
                                "WAL Records": 0,
                                "WAL FPI": 0,
                                "WAL Bytes": 0,
                                "Plans": [
                                    {
                                        "Node Type": "Seq Scan",
                                        "Parent Relationship": "Outer",
                                        "Parallel Aware": true,
                                        "Async Capable": false,
                                        "Relation Name": "tests_benchmark_booltester015",
                                        "Schema": "public",
                                        "Alias": "tests_benchmark_booltester015",
                                        "Startup Cost": 0.0,
                                        "Total Cost": 842888.33,
                                        "Plan Rows": 32196,
                                        "Plan Width": 24,
                                        "Actual Startup Time": 0.094,
                                        "Actual Total Time": 2220.009,
                                        "Actual Rows": 26177,
                                        "Actual Loops": 3,
                                        "Output": [
                                            "id",
                                            "flg_0",
                                            "flg_1",
                                            "flg_2",
                                            "flg_3",
                                            "flg_4",
                                            "flg_5",
                                            "flg_6",
                                            "flg_7",
                                            "flg_8",
                                            "flg_9",
                                            "flg_10",
                                            "flg_11",
                                            "flg_12",
                                            "flg_13",
                                            "flg_14",
                                            "flg_15"
                                        ],
                                        "Filter": "(tests_benchmark_booltester015.flg_0 AND tests_benchmark_booltester015.flg_1 AND tests_benchmark_booltester015.flg_2 AND tests_benchmark_booltester015.flg_6 AND tests_benchmark_booltester015.flg_7 AND tests_benchmark_booltester015.flg_9 AND tests_benchmark_booltester015.flg_10 AND tests_benchmark_booltester015.flg_12 AND tests_benchmark_booltester015.flg_13 AND tests_benchmark_booltester015.flg_14)",
                                        "Rows Removed by Filter": 26640490,
                                        "Shared Hit Blocks": 5792,
                                        "Shared Read Blocks": 503763,
                                        "Shared Dirtied Blocks": 0,
                                        "Shared Written Blocks": 0,
                                        "Local Hit Blocks": 0,
                                        "Local Read Blocks": 0,
                                        "Local Dirtied Blocks": 0,
                                        "Local Written Blocks": 0,
                                        "Temp Read Blocks": 0,
                                        "Temp Written Blocks": 0,
                                        "WAL Records": 0,
                                        "WAL FPI": 0,
                                        "WAL Bytes": 0,
                                        "Workers": [
                                            {
                                                "Worker Number": 0,
                                                "Actual Startup Time": 0.102,
                                                "Actual Total Time": 2220.544,
                                                "Actual Rows": 26113,
                                                "Actual Loops": 1,
                                                "Shared Hit Blocks": 1870,
                                                "Shared Read Blocks": 167936,
                                                "Shared Dirtied Blocks": 0,
                                                "Shared Written Blocks": 0,
                                                "Local Hit Blocks": 0,
                                                "Local Read Blocks": 0,
                                                "Local Dirtied Blocks": 0,
                                                "Local Written Blocks": 0,
                                                "Temp Read Blocks": 0,
                                                "Temp Written Blocks": 0,
                                                "WAL Records": 0,
                                                "WAL FPI": 0,
                                                "WAL Bytes": 0
                                            },
                                            {
                                                "Worker Number": 1,
                                                "Actual Startup Time": 0.095,
                                                "Actual Total Time": 2220.501,
                                                "Actual Rows": 26107,
                                                "Actual Loops": 1,
                                                "Shared Hit Blocks": 1909,
                                                "Shared Read Blocks": 167859,
                                                "Shared Dirtied Blocks": 0,
                                                "Shared Written Blocks": 0,
                                                "Local Hit Blocks": 0,
                                                "Local Read Blocks": 0,
                                                "Local Dirtied Blocks": 0,
                                                "Local Written Blocks": 0,
                                                "Temp Read Blocks": 0,
                                                "Temp Written Blocks": 0,
                                                "WAL Records": 0,
                                                "WAL FPI": 0,
                                                "WAL Bytes": 0
                                            }
                                        ]
                                    }
                                ]
                            },
                            "Settings": {},
                            "Planning": {
                                "Shared Hit Blocks": 0,
                                "Shared Read Blocks": 0,
                                "Shared Dirtied Blocks": 0,
                                "Shared Written Blocks": 0,
                                "Local Hit Blocks": 0,
                                "Local Read Blocks": 0,
                                "Local Dirtied Blocks": 0,
                                "Local Written Blocks": 0,
                                "Temp Read Blocks": 0,
                                "Temp Written Blocks": 0
                            },
                            "Planning Time": 0.097,
                            "Triggers": [],
                            "Execution Time": 2225.052
                        },
                        "any_explanation": {
                            "Plan": {
                                "Node Type": "Seq Scan",
                                "Parallel Aware": false,
                                "Async Capable": false,
                                "Relation Name": "tests_benchmark_booltester015",
                                "Schema": "public",
                                "Alias": "tests_benchmark_booltester015",
                                "Startup Cost": 0.0,
                                "Total Cost": 1309555.0,
                                "Plan Rows": 79921064,
                                "Plan Width": 24,
                                "Actual Startup Time": 0.017,
                                "Actual Total Time": 6964.7,
                                "Actual Rows": 79921917,
                                "Actual Loops": 1,
                                "Output": [
                                    "id",
                                    "flg_0",
                                    "flg_1",
                                    "flg_2",
                                    "flg_3",
                                    "flg_4",
                                    "flg_5",
                                    "flg_6",
                                    "flg_7",
                                    "flg_8",
                                    "flg_9",
                                    "flg_10",
                                    "flg_11",
                                    "flg_12",
                                    "flg_13",
                                    "flg_14",
                                    "flg_15"
                                ],
                                "Filter": "(tests_benchmark_booltester015.flg_0 OR tests_benchmark_booltester015.flg_1 OR tests_benchmark_booltester015.flg_2 OR tests_benchmark_booltester015.flg_6 OR tests_benchmark_booltester015.flg_7 OR tests_benchmark_booltester015.flg_9 OR tests_benchmark_booltester015.flg_10 OR tests_benchmark_booltester015.flg_12 OR tests_benchmark_booltester015.flg_13 OR tests_benchmark_booltester015.flg_14)",
                                "Rows Removed by Filter": 78084,
                                "Shared Hit Blocks": 5984,
                                "Shared Read Blocks": 503571,
                                "Shared Dirtied Blocks": 0,
                                "Shared Written Blocks": 0,
                                "Local Hit Blocks": 0,
                                "Local Read Blocks": 0,
                                "Local Dirtied Blocks": 0,
                                "Local Written Blocks": 0,
                                "Temp Read Blocks": 0,
                                "Temp Written Blocks": 0,
                                "WAL Records": 0,
                                "WAL FPI": 0,
                                "WAL Bytes": 0
                            },
                            "Settings": {},
                            "Planning": {
                                "Shared Hit Blocks": 0,
                                "Shared Read Blocks": 0,
                                "Shared Dirtied Blocks": 0,
                                "Shared Written Blocks": 0,
                                "Local Hit Blocks": 0,
                                "Local Read Blocks": 0,
                                "Local Dirtied Blocks": 0,
                                "Local Written Blocks": 0,
                                "Temp Read Blocks": 0,
                                "Temp Written Blocks": 0
                            },
                            "Planning Time": 0.095,
                            "Triggers": [],
                            "Execution Time": 8594.793
                        },
                        "exact_explanation": {
                            "Plan": {
                                "Node Type": "Gather",
                                "Parallel Aware": false,
                                "Async Capable": false,
                                "Startup Cost": 1000.0,
                                "Total Cost": 844011.23,
                                "Plan Rows": 1229,
                                "Plan Width": 24,
                                "Actual Startup Time": 9.601,
                                "Actual Total Time": 2438.82,
                                "Actual Rows": 1230,
                                "Actual Loops": 1,
                                "Output": [
                                    "id",
                                    "flg_0",
                                    "flg_1",
                                    "flg_2",
                                    "flg_3",
                                    "flg_4",
                                    "flg_5",
                                    "flg_6",
                                    "flg_7",
                                    "flg_8",
                                    "flg_9",
                                    "flg_10",
                                    "flg_11",
                                    "flg_12",
                                    "flg_13",
                                    "flg_14",
                                    "flg_15"
                                ],
                                "Workers Planned": 2,
                                "Workers Launched": 2,
                                "Single Copy": false,
                                "Shared Hit Blocks": 6112,
                                "Shared Read Blocks": 503443,
                                "Shared Dirtied Blocks": 0,
                                "Shared Written Blocks": 0,
                                "Local Hit Blocks": 0,
                                "Local Read Blocks": 0,
                                "Local Dirtied Blocks": 0,
                                "Local Written Blocks": 0,
                                "Temp Read Blocks": 0,
                                "Temp Written Blocks": 0,
                                "WAL Records": 0,
                                "WAL FPI": 0,
                                "WAL Bytes": 0,
                                "Plans": [
                                    {
                                        "Node Type": "Seq Scan",
                                        "Parent Relationship": "Outer",
                                        "Parallel Aware": true,
                                        "Async Capable": false,
                                        "Relation Name": "tests_benchmark_booltester015",
                                        "Schema": "public",
                                        "Alias": "tests_benchmark_booltester015",
                                        "Startup Cost": 0.0,
                                        "Total Cost": 842888.33,
                                        "Plan Rows": 512,
                                        "Plan Width": 24,
                                        "Actual Startup Time": 3.942,
                                        "Actual Total Time": 2436.472,
                                        "Actual Rows": 410,
                                        "Actual Loops": 3,
                                        "Output": [
                                            "id",
                                            "flg_0",
                                            "flg_1",
                                            "flg_2",
                                            "flg_3",
                                            "flg_4",
                                            "flg_5",
                                            "flg_6",
                                            "flg_7",
                                            "flg_8",
                                            "flg_9",
                                            "flg_10",
                                            "flg_11",
                                            "flg_12",
                                            "flg_13",
                                            "flg_14",
                                            "flg_15"
                                        ],
                                        "Filter": "(tests_benchmark_booltester015.flg_0 AND tests_benchmark_booltester015.flg_1 AND tests_benchmark_booltester015.flg_2 AND (NOT tests_benchmark_booltester015.flg_3) AND (NOT tests_benchmark_booltester015.flg_4) AND (NOT tests_benchmark_booltester015.flg_5) AND tests_benchmark_booltester015.flg_6 AND tests_benchmark_booltester015.flg_7 AND (NOT tests_benchmark_booltester015.flg_8) AND tests_benchmark_booltester015.flg_9 AND tests_benchmark_booltester015.flg_10 AND (NOT tests_benchmark_booltester015.flg_11) AND tests_benchmark_booltester015.flg_12 AND tests_benchmark_booltester015.flg_13 AND tests_benchmark_booltester015.flg_14 AND (NOT tests_benchmark_booltester015.flg_15))",
                                        "Rows Removed by Filter": 26666257,
                                        "Shared Hit Blocks": 6112,
                                        "Shared Read Blocks": 503443,
                                        "Shared Dirtied Blocks": 0,
                                        "Shared Written Blocks": 0,
                                        "Local Hit Blocks": 0,
                                        "Local Read Blocks": 0,
                                        "Local Dirtied Blocks": 0,
                                        "Local Written Blocks": 0,
                                        "Temp Read Blocks": 0,
                                        "Temp Written Blocks": 0,
                                        "WAL Records": 0,
                                        "WAL FPI": 0,
                                        "WAL Bytes": 0,
                                        "Workers": [
                                            {
                                                "Worker Number": 0,
                                                "Actual Startup Time": 1.896,
                                                "Actual Total Time": 2435.827,
                                                "Actual Rows": 417,
                                                "Actual Loops": 1,
                                                "Shared Hit Blocks": 2002,
                                                "Shared Read Blocks": 167840,
                                                "Shared Dirtied Blocks": 0,
                                                "Shared Written Blocks": 0,
                                                "Local Hit Blocks": 0,
                                                "Local Read Blocks": 0,
                                                "Local Dirtied Blocks": 0,
                                                "Local Written Blocks": 0,
                                                "Temp Read Blocks": 0,
                                                "Temp Written Blocks": 0,
                                                "WAL Records": 0,
                                                "WAL FPI": 0,
                                                "WAL Bytes": 0
                                            },
                                            {
                                                "Worker Number": 1,
                                                "Actual Startup Time": 0.408,
                                                "Actual Total Time": 2435.854,
                                                "Actual Rows": 406,
                                                "Actual Loops": 1,
                                                "Shared Hit Blocks": 1996,
                                                "Shared Read Blocks": 167763,
                                                "Shared Dirtied Blocks": 0,
                                                "Shared Written Blocks": 0,
                                                "Local Hit Blocks": 0,
                                                "Local Read Blocks": 0,
                                                "Local Dirtied Blocks": 0,
                                                "Local Written Blocks": 0,
                                                "Temp Read Blocks": 0,
                                                "Temp Written Blocks": 0,
                                                "WAL Records": 0,
                                                "WAL FPI": 0,
                                                "WAL Bytes": 0
                                            }
                                        ]
                                    }
                                ]
                            },
                            "Settings": {},
                            "Planning": {
                                "Shared Hit Blocks": 0,
                                "Shared Read Blocks": 0,
                                "Shared Dirtied Blocks": 0,
                                "Shared Written Blocks": 0,
                                "Local Hit Blocks": 0,
                                "Local Read Blocks": 0,
                                "Local Dirtied Blocks": 0,
                                "Local Written Blocks": 0,
                                "Temp Read Blocks": 0,
                                "Temp Written Blocks": 0
                            },
                            "Planning Time": 0.122,
                            "Triggers": [],
                            "Execution Time": 2438.895
                        },
                        "all_ftr_time": 2.2782105,
                        "any_ftr_time": 8.7770668,
                        "exact_ftr_time": 2.4743380000000004
                    },
                    "100000000": {
                        "all_time": 2.807586558297044,
                        "any_time": 13.971860608295538,
                        "exact_time": 3.10937270430004,
                        "table_size": 18253611008.0,
                        "index_time": 521.2085447919962,
                        "all_explanation": {
                            "Plan": {
                                "Node Type": "Gather",
                                "Parallel Aware": false,
                                "Async Capable": false,
                                "Startup Cost": 1000.0,
                                "Total Cost": 1064497.67,
                                "Plan Rows": 98880,
                                "Plan Width": 24,
                                "Actual Startup Time": 0.172,
                                "Actual Total Time": 3063.538,
                                "Actual Rows": 97608,
                                "Actual Loops": 1,
                                "Output": [
                                    "id",
                                    "flg_0",
                                    "flg_1",
                                    "flg_2",
                                    "flg_3",
                                    "flg_4",
                                    "flg_5",
                                    "flg_6",
                                    "flg_7",
                                    "flg_8",
                                    "flg_9",
                                    "flg_10",
                                    "flg_11",
                                    "flg_12",
                                    "flg_13",
                                    "flg_14",
                                    "flg_15"
                                ],
                                "Workers Planned": 2,
                                "Workers Launched": 2,
                                "Single Copy": false,
                                "Shared Hit Blocks": 5792,
                                "Shared Read Blocks": 631151,
                                "Shared Dirtied Blocks": 0,
                                "Shared Written Blocks": 0,
                                "Local Hit Blocks": 0,
                                "Local Read Blocks": 0,
                                "Local Dirtied Blocks": 0,
                                "Local Written Blocks": 0,
                                "Temp Read Blocks": 0,
                                "Temp Written Blocks": 0,
                                "WAL Records": 0,
                                "WAL FPI": 0,
                                "WAL Bytes": 0,
                                "Plans": [
                                    {
                                        "Node Type": "Seq Scan",
                                        "Parent Relationship": "Outer",
                                        "Parallel Aware": true,
                                        "Async Capable": false,
                                        "Relation Name": "tests_benchmark_booltester015",
                                        "Schema": "public",
                                        "Alias": "tests_benchmark_booltester015",
                                        "Startup Cost": 0.0,
                                        "Total Cost": 1053609.67,
                                        "Plan Rows": 41200,
                                        "Plan Width": 24,
                                        "Actual Startup Time": 0.118,
                                        "Actual Total Time": 3059.881,
                                        "Actual Rows": 32536,
                                        "Actual Loops": 3,
                                        "Output": [
                                            "id",
                                            "flg_0",
                                            "flg_1",
                                            "flg_2",
                                            "flg_3",
                                            "flg_4",
                                            "flg_5",
                                            "flg_6",
                                            "flg_7",
                                            "flg_8",
                                            "flg_9",
                                            "flg_10",
                                            "flg_11",
                                            "flg_12",
                                            "flg_13",
                                            "flg_14",
                                            "flg_15"
                                        ],
                                        "Filter": "(tests_benchmark_booltester015.flg_2 AND tests_benchmark_booltester015.flg_3 AND tests_benchmark_booltester015.flg_5 AND tests_benchmark_booltester015.flg_7 AND tests_benchmark_booltester015.flg_8 AND tests_benchmark_booltester015.flg_9 AND tests_benchmark_booltester015.flg_10 AND tests_benchmark_booltester015.flg_11 AND tests_benchmark_booltester015.flg_13 AND tests_benchmark_booltester015.flg_15)",
                                        "Rows Removed by Filter": 33300798,
                                        "Shared Hit Blocks": 5792,
                                        "Shared Read Blocks": 631151,
                                        "Shared Dirtied Blocks": 0,
                                        "Shared Written Blocks": 0,
                                        "Local Hit Blocks": 0,
                                        "Local Read Blocks": 0,
                                        "Local Dirtied Blocks": 0,
                                        "Local Written Blocks": 0,
                                        "Temp Read Blocks": 0,
                                        "Temp Written Blocks": 0,
                                        "WAL Records": 0,
                                        "WAL FPI": 0,
                                        "WAL Bytes": 0,
                                        "Workers": [
                                            {
                                                "Worker Number": 0,
                                                "Actual Startup Time": 0.082,
                                                "Actual Total Time": 3060.55,
                                                "Actual Rows": 32499,
                                                "Actual Loops": 1,
                                                "Shared Hit Blocks": 1540,
                                                "Shared Read Blocks": 210640,
                                                "Shared Dirtied Blocks": 0,
                                                "Shared Written Blocks": 0,
                                                "Local Hit Blocks": 0,
                                                "Local Read Blocks": 0,
                                                "Local Dirtied Blocks": 0,
                                                "Local Written Blocks": 0,
                                                "Temp Read Blocks": 0,
                                                "Temp Written Blocks": 0,
                                                "WAL Records": 0,
                                                "WAL FPI": 0,
                                                "WAL Bytes": 0
                                            },
                                            {
                                                "Worker Number": 1,
                                                "Actual Startup Time": 0.177,
                                                "Actual Total Time": 3060.749,
                                                "Actual Rows": 32243,
                                                "Actual Loops": 1,
                                                "Shared Hit Blocks": 1879,
                                                "Shared Read Blocks": 210385,
                                                "Shared Dirtied Blocks": 0,
                                                "Shared Written Blocks": 0,
                                                "Local Hit Blocks": 0,
                                                "Local Read Blocks": 0,
                                                "Local Dirtied Blocks": 0,
                                                "Local Written Blocks": 0,
                                                "Temp Read Blocks": 0,
                                                "Temp Written Blocks": 0,
                                                "WAL Records": 0,
                                                "WAL FPI": 0,
                                                "WAL Bytes": 0
                                            }
                                        ]
                                    }
                                ]
                            },
                            "Settings": {},
                            "Planning": {
                                "Shared Hit Blocks": 0,
                                "Shared Read Blocks": 0,
                                "Shared Dirtied Blocks": 0,
                                "Shared Written Blocks": 0,
                                "Local Hit Blocks": 0,
                                "Local Read Blocks": 0,
                                "Local Dirtied Blocks": 0,
                                "Local Written Blocks": 0,
                                "Temp Read Blocks": 0,
                                "Temp Written Blocks": 0
                            },
                            "Planning Time": 0.1,
                            "Triggers": [],
                            "Execution Time": 3065.891
                        },
                        "any_explanation": {
                            "Plan": {
                                "Node Type": "Seq Scan",
                                "Parallel Aware": false,
                                "Async Capable": false,
                                "Relation Name": "tests_benchmark_booltester015",
                                "Schema": "public",
                                "Alias": "tests_benchmark_booltester015",
                                "Startup Cost": 0.0,
                                "Total Cost": 1636943.0,
                                "Plan Rows": 99903567,
                                "Plan Width": 24,
                                "Actual Startup Time": 0.005,
                                "Actual Total Time": 9490.588,
                                "Actual Rows": 99902596,
                                "Actual Loops": 1,
                                "Output": [
                                    "id",
                                    "flg_0",
                                    "flg_1",
                                    "flg_2",
                                    "flg_3",
                                    "flg_4",
                                    "flg_5",
                                    "flg_6",
                                    "flg_7",
                                    "flg_8",
                                    "flg_9",
                                    "flg_10",
                                    "flg_11",
                                    "flg_12",
                                    "flg_13",
                                    "flg_14",
                                    "flg_15"
                                ],
                                "Filter": "(tests_benchmark_booltester015.flg_2 OR tests_benchmark_booltester015.flg_3 OR tests_benchmark_booltester015.flg_5 OR tests_benchmark_booltester015.flg_7 OR tests_benchmark_booltester015.flg_8 OR tests_benchmark_booltester015.flg_9 OR tests_benchmark_booltester015.flg_10 OR tests_benchmark_booltester015.flg_11 OR tests_benchmark_booltester015.flg_13 OR tests_benchmark_booltester015.flg_15)",
                                "Rows Removed by Filter": 97405,
                                "Shared Hit Blocks": 5984,
                                "Shared Read Blocks": 630959,
                                "Shared Dirtied Blocks": 0,
                                "Shared Written Blocks": 0,
                                "Local Hit Blocks": 0,
                                "Local Read Blocks": 0,
                                "Local Dirtied Blocks": 0,
                                "Local Written Blocks": 0,
                                "Temp Read Blocks": 0,
                                "Temp Written Blocks": 0,
                                "WAL Records": 0,
                                "WAL FPI": 0,
                                "WAL Bytes": 0
                            },
                            "Settings": {},
                            "Planning": {
                                "Shared Hit Blocks": 0,
                                "Shared Read Blocks": 0,
                                "Shared Dirtied Blocks": 0,
                                "Shared Written Blocks": 0,
                                "Local Hit Blocks": 0,
                                "Local Read Blocks": 0,
                                "Local Dirtied Blocks": 0,
                                "Local Written Blocks": 0,
                                "Temp Read Blocks": 0,
                                "Temp Written Blocks": 0
                            },
                            "Planning Time": 0.088,
                            "Triggers": [],
                            "Execution Time": 11533.732
                        },
                        "exact_explanation": {
                            "Plan": {
                                "Node Type": "Gather",
                                "Parallel Aware": false,
                                "Async Capable": false,
                                "Startup Cost": 1000.0,
                                "Total Cost": 1054763.27,
                                "Plan Rows": 1536,
                                "Plan Width": 24,
                                "Actual Startup Time": 19.232,
                                "Actual Total Time": 3126.668,
                                "Actual Rows": 1561,
                                "Actual Loops": 1,
                                "Output": [
                                    "id",
                                    "flg_0",
                                    "flg_1",
                                    "flg_2",
                                    "flg_3",
                                    "flg_4",
                                    "flg_5",
                                    "flg_6",
                                    "flg_7",
                                    "flg_8",
                                    "flg_9",
                                    "flg_10",
                                    "flg_11",
                                    "flg_12",
                                    "flg_13",
                                    "flg_14",
                                    "flg_15"
                                ],
                                "Workers Planned": 2,
                                "Workers Launched": 2,
                                "Single Copy": false,
                                "Shared Hit Blocks": 6112,
                                "Shared Read Blocks": 630831,
                                "Shared Dirtied Blocks": 0,
                                "Shared Written Blocks": 0,
                                "Local Hit Blocks": 0,
                                "Local Read Blocks": 0,
                                "Local Dirtied Blocks": 0,
                                "Local Written Blocks": 0,
                                "Temp Read Blocks": 0,
                                "Temp Written Blocks": 0,
                                "WAL Records": 0,
                                "WAL FPI": 0,
                                "WAL Bytes": 0,
                                "Plans": [
                                    {
                                        "Node Type": "Seq Scan",
                                        "Parent Relationship": "Outer",
                                        "Parallel Aware": true,
                                        "Async Capable": false,
                                        "Relation Name": "tests_benchmark_booltester015",
                                        "Schema": "public",
                                        "Alias": "tests_benchmark_booltester015",
                                        "Startup Cost": 0.0,
                                        "Total Cost": 1053609.67,
                                        "Plan Rows": 640,
                                        "Plan Width": 24,
                                        "Actual Startup Time": 9.316,
                                        "Actual Total Time": 3124.046,
                                        "Actual Rows": 520,
                                        "Actual Loops": 3,
                                        "Output": [
                                            "id",
                                            "flg_0",
                                            "flg_1",
                                            "flg_2",
                                            "flg_3",
                                            "flg_4",
                                            "flg_5",
                                            "flg_6",
                                            "flg_7",
                                            "flg_8",
                                            "flg_9",
                                            "flg_10",
                                            "flg_11",
                                            "flg_12",
                                            "flg_13",
                                            "flg_14",
                                            "flg_15"
                                        ],
                                        "Filter": "((NOT tests_benchmark_booltester015.flg_0) AND (NOT tests_benchmark_booltester015.flg_1) AND tests_benchmark_booltester015.flg_2 AND tests_benchmark_booltester015.flg_3 AND (NOT tests_benchmark_booltester015.flg_4) AND tests_benchmark_booltester015.flg_5 AND (NOT tests_benchmark_booltester015.flg_6) AND tests_benchmark_booltester015.flg_7 AND tests_benchmark_booltester015.flg_8 AND tests_benchmark_booltester015.flg_9 AND tests_benchmark_booltester015.flg_10 AND tests_benchmark_booltester015.flg_11 AND (NOT tests_benchmark_booltester015.flg_12) AND tests_benchmark_booltester015.flg_13 AND (NOT tests_benchmark_booltester015.flg_14) AND tests_benchmark_booltester015.flg_15)",
                                        "Rows Removed by Filter": 33332813,
                                        "Shared Hit Blocks": 6112,
                                        "Shared Read Blocks": 630831,
                                        "Shared Dirtied Blocks": 0,
                                        "Shared Written Blocks": 0,
                                        "Local Hit Blocks": 0,
                                        "Local Read Blocks": 0,
                                        "Local Dirtied Blocks": 0,
                                        "Local Written Blocks": 0,
                                        "Temp Read Blocks": 0,
                                        "Temp Written Blocks": 0,
                                        "WAL Records": 0,
                                        "WAL FPI": 0,
                                        "WAL Bytes": 0,
                                        "Workers": [
                                            {
                                                "Worker Number": 0,
                                                "Actual Startup Time": 6.615,
                                                "Actual Total Time": 3123.295,
                                                "Actual Rows": 514,
                                                "Actual Loops": 1,
                                                "Shared Hit Blocks": 1623,
                                                "Shared Read Blocks": 210656,
                                                "Shared Dirtied Blocks": 0,
                                                "Shared Written Blocks": 0,
                                                "Local Hit Blocks": 0,
                                                "Local Read Blocks": 0,
                                                "Local Dirtied Blocks": 0,
                                                "Local Written Blocks": 0,
                                                "Temp Read Blocks": 0,
                                                "Temp Written Blocks": 0,
                                                "WAL Records": 0,
                                                "WAL FPI": 0,
                                                "WAL Bytes": 0
                                            },
                                            {
                                                "Worker Number": 1,
                                                "Actual Startup Time": 2.186,
                                                "Actual Total Time": 3123.325,
                                                "Actual Rows": 517,
                                                "Actual Loops": 1,
                                                "Shared Hit Blocks": 1943,
                                                "Shared Read Blocks": 210209,
                                                "Shared Dirtied Blocks": 0,
                                                "Shared Written Blocks": 0,
                                                "Local Hit Blocks": 0,
                                                "Local Read Blocks": 0,
                                                "Local Dirtied Blocks": 0,
                                                "Local Written Blocks": 0,
                                                "Temp Read Blocks": 0,
                                                "Temp Written Blocks": 0,
                                                "WAL Records": 0,
                                                "WAL FPI": 0,
                                                "WAL Bytes": 0
                                            }
                                        ]
                                    }
                                ]
                            },
                            "Settings": {},
                            "Planning": {
                                "Shared Hit Blocks": 0,
                                "Shared Read Blocks": 0,
                                "Shared Dirtied Blocks": 0,
                                "Shared Written Blocks": 0,
                                "Local Hit Blocks": 0,
                                "Local Read Blocks": 0,
                                "Local Dirtied Blocks": 0,
                                "Local Written Blocks": 0,
                                "Temp Read Blocks": 0,
                                "Temp Written Blocks": 0
                            },
                            "Planning Time": 0.115,
                            "Triggers": [],
                            "Execution Time": 3126.757
                        },
                        "all_ftr_time": 2.7855863,
                        "any_ftr_time": 10.783267100000002,
                        "exact_ftr_time": 3.1055426000000006
                    }
                }
            },
            "[BOOL] MultiCol Index": {
                "16": {
                    "10": {
                        "all_time": 0.001792866497999057,
                        "any_time": 0.0016047956989496015,
                        "exact_time": 0.001156208101019729,
                        "table_size": 40960.0,
                        "index_time": 0.0008439169905614108,
                        "all_explanation": {
                            "Plan": {
                                "Node Type": "Seq Scan",
                                "Parallel Aware": false,
                                "Async Capable": false,
                                "Relation Name": "tests_benchmark_booltester015",
                                "Schema": "public",
                                "Alias": "tests_benchmark_booltester015",
                                "Startup Cost": 0.0,
                                "Total Cost": 1.3,
                                "Plan Rows": 1,
                                "Plan Width": 24,
                                "Actual Startup Time": 0.003,
                                "Actual Total Time": 0.003,
                                "Actual Rows": 0,
                                "Actual Loops": 1,
                                "Output": [
                                    "id",
                                    "flg_0",
                                    "flg_1",
                                    "flg_2",
                                    "flg_3",
                                    "flg_4",
                                    "flg_5",
                                    "flg_6",
                                    "flg_7",
                                    "flg_8",
                                    "flg_9",
                                    "flg_10",
                                    "flg_11",
                                    "flg_12",
                                    "flg_13",
                                    "flg_14",
                                    "flg_15"
                                ],
                                "Filter": "(tests_benchmark_booltester015.flg_4 AND tests_benchmark_booltester015.flg_5 AND tests_benchmark_booltester015.flg_6 AND tests_benchmark_booltester015.flg_7 AND tests_benchmark_booltester015.flg_8 AND tests_benchmark_booltester015.flg_9 AND tests_benchmark_booltester015.flg_10 AND tests_benchmark_booltester015.flg_12 AND tests_benchmark_booltester015.flg_14 AND (tests_benchmark_booltester015.flg_0 = ANY ('{t,f}'::boolean[])) AND (tests_benchmark_booltester015.flg_1 = ANY ('{t,f}'::boolean[])) AND (tests_benchmark_booltester015.flg_2 = ANY ('{t,f}'::boolean[])) AND (tests_benchmark_booltester015.flg_3 = ANY ('{t,f}'::boolean[])) AND (tests_benchmark_booltester015.flg_11 = ANY ('{t,f}'::boolean[])) AND (tests_benchmark_booltester015.flg_13 = ANY ('{t,f}'::boolean[])) AND (tests_benchmark_booltester015.flg_15 = ANY ('{t,f}'::boolean[])))",
                                "Rows Removed by Filter": 11,
                                "Shared Hit Blocks": 1,
                                "Shared Read Blocks": 0,
                                "Shared Dirtied Blocks": 0,
                                "Shared Written Blocks": 0,
                                "Local Hit Blocks": 0,
                                "Local Read Blocks": 0,
                                "Local Dirtied Blocks": 0,
                                "Local Written Blocks": 0,
                                "Temp Read Blocks": 0,
                                "Temp Written Blocks": 0,
                                "WAL Records": 0,
                                "WAL FPI": 0,
                                "WAL Bytes": 0
                            },
                            "Settings": {},
                            "Planning": {
                                "Shared Hit Blocks": 0,
                                "Shared Read Blocks": 0,
                                "Shared Dirtied Blocks": 0,
                                "Shared Written Blocks": 0,
                                "Local Hit Blocks": 0,
                                "Local Read Blocks": 0,
                                "Local Dirtied Blocks": 0,
                                "Local Written Blocks": 0,
                                "Temp Read Blocks": 0,
                                "Temp Written Blocks": 0
                            },
                            "Planning Time": 0.035,
                            "Triggers": [],
                            "Execution Time": 0.006
                        },
                        "any_explanation": {
                            "Plan": {
                                "Node Type": "Seq Scan",
                                "Parallel Aware": false,
                                "Async Capable": false,
                                "Relation Name": "tests_benchmark_booltester015",
                                "Schema": "public",
                                "Alias": "tests_benchmark_booltester015",
                                "Startup Cost": 0.0,
                                "Total Cost": 1.11,
                                "Plan Rows": 11,
                                "Plan Width": 24,
                                "Actual Startup Time": 0.002,
                                "Actual Total Time": 0.002,
                                "Actual Rows": 11,
                                "Actual Loops": 1,
                                "Output": [
                                    "id",
                                    "flg_0",
                                    "flg_1",
                                    "flg_2",
                                    "flg_3",
                                    "flg_4",
                                    "flg_5",
                                    "flg_6",
                                    "flg_7",
                                    "flg_8",
                                    "flg_9",
                                    "flg_10",
                                    "flg_11",
                                    "flg_12",
                                    "flg_13",
                                    "flg_14",
                                    "flg_15"
                                ],
                                "Filter": "(tests_benchmark_booltester015.flg_4 OR tests_benchmark_booltester015.flg_5 OR tests_benchmark_booltester015.flg_6 OR tests_benchmark_booltester015.flg_7 OR tests_benchmark_booltester015.flg_8 OR tests_benchmark_booltester015.flg_9 OR tests_benchmark_booltester015.flg_10 OR tests_benchmark_booltester015.flg_12 OR tests_benchmark_booltester015.flg_14)",
                                "Rows Removed by Filter": 0,
                                "Shared Hit Blocks": 1,
                                "Shared Read Blocks": 0,
                                "Shared Dirtied Blocks": 0,
                                "Shared Written Blocks": 0,
                                "Local Hit Blocks": 0,
                                "Local Read Blocks": 0,
                                "Local Dirtied Blocks": 0,
                                "Local Written Blocks": 0,
                                "Temp Read Blocks": 0,
                                "Temp Written Blocks": 0,
                                "WAL Records": 0,
                                "WAL FPI": 0,
                                "WAL Bytes": 0
                            },
                            "Settings": {},
                            "Planning": {
                                "Shared Hit Blocks": 0,
                                "Shared Read Blocks": 0,
                                "Shared Dirtied Blocks": 0,
                                "Shared Written Blocks": 0,
                                "Local Hit Blocks": 0,
                                "Local Read Blocks": 0,
                                "Local Dirtied Blocks": 0,
                                "Local Written Blocks": 0,
                                "Temp Read Blocks": 0,
                                "Temp Written Blocks": 0
                            },
                            "Planning Time": 0.017,
                            "Triggers": [],
                            "Execution Time": 0.005
                        },
                        "exact_explanation": {
                            "Plan": {
                                "Node Type": "Seq Scan",
                                "Parallel Aware": false,
                                "Async Capable": false,
                                "Relation Name": "tests_benchmark_booltester015",
                                "Schema": "public",
                                "Alias": "tests_benchmark_booltester015",
                                "Startup Cost": 0.0,
                                "Total Cost": 1.11,
                                "Plan Rows": 1,
                                "Plan Width": 24,
                                "Actual Startup Time": 0.003,
                                "Actual Total Time": 0.003,
                                "Actual Rows": 0,
                                "Actual Loops": 1,
                                "Output": [
                                    "id",
                                    "flg_0",
                                    "flg_1",
                                    "flg_2",
                                    "flg_3",
                                    "flg_4",
                                    "flg_5",
                                    "flg_6",
                                    "flg_7",
                                    "flg_8",
                                    "flg_9",
                                    "flg_10",
                                    "flg_11",
                                    "flg_12",
                                    "flg_13",
                                    "flg_14",
                                    "flg_15"
                                ],
                                "Filter": "((NOT tests_benchmark_booltester015.flg_0) AND (NOT tests_benchmark_booltester015.flg_1) AND (NOT tests_benchmark_booltester015.flg_2) AND (NOT tests_benchmark_booltester015.flg_3) AND tests_benchmark_booltester015.flg_4 AND tests_benchmark_booltester015.flg_5 AND tests_benchmark_booltester015.flg_6 AND tests_benchmark_booltester015.flg_7 AND tests_benchmark_booltester015.flg_8 AND tests_benchmark_booltester015.flg_9 AND tests_benchmark_booltester015.flg_10 AND (NOT tests_benchmark_booltester015.flg_11) AND tests_benchmark_booltester015.flg_12 AND (NOT tests_benchmark_booltester015.flg_13) AND tests_benchmark_booltester015.flg_14 AND (NOT tests_benchmark_booltester015.flg_15))",
                                "Rows Removed by Filter": 11,
                                "Shared Hit Blocks": 1,
                                "Shared Read Blocks": 0,
                                "Shared Dirtied Blocks": 0,
                                "Shared Written Blocks": 0,
                                "Local Hit Blocks": 0,
                                "Local Read Blocks": 0,
                                "Local Dirtied Blocks": 0,
                                "Local Written Blocks": 0,
                                "Temp Read Blocks": 0,
                                "Temp Written Blocks": 0,
                                "WAL Records": 0,
                                "WAL FPI": 0,
                                "WAL Bytes": 0
                            },
                            "Settings": {},
                            "Planning": {
                                "Shared Hit Blocks": 0,
                                "Shared Read Blocks": 0,
                                "Shared Dirtied Blocks": 0,
                                "Shared Written Blocks": 0,
                                "Local Hit Blocks": 0,
                                "Local Read Blocks": 0,
                                "Local Dirtied Blocks": 0,
                                "Local Written Blocks": 0,
                                "Temp Read Blocks": 0,
                                "Temp Written Blocks": 0
                            },
                            "Planning Time": 0.021,
                            "Triggers": [],
                            "Execution Time": 0.005
                        },
                        "all_ftr_time": 6.3e-06,
                        "any_ftr_time": 5.7e-06,
                        "exact_ftr_time": 6.099999999999999e-06
                    },
                    "100": {
                        "all_time": 0.0016538415031391196,
                        "any_time": 0.001629387799766846,
                        "exact_time": 0.0011385044024791568,
                        "table_size": 40960.0,
                        "index_time": 0.000871958996867761,
                        "all_explanation": {
                            "Plan": {
                                "Node Type": "Seq Scan",
                                "Parallel Aware": false,
                                "Async Capable": false,
                                "Relation Name": "tests_benchmark_booltester015",
                                "Schema": "public",
                                "Alias": "tests_benchmark_booltester015",
                                "Startup Cost": 0.0,
                                "Total Cost": 4.28,
                                "Plan Rows": 1,
                                "Plan Width": 24,
                                "Actual Startup Time": 0.006,
                                "Actual Total Time": 0.012,
                                "Actual Rows": 1,
                                "Actual Loops": 1,
                                "Output": [
                                    "id",
                                    "flg_0",
                                    "flg_1",
                                    "flg_2",
                                    "flg_3",
                                    "flg_4",
                                    "flg_5",
                                    "flg_6",
                                    "flg_7",
                                    "flg_8",
                                    "flg_9",
                                    "flg_10",
                                    "flg_11",
                                    "flg_12",
                                    "flg_13",
                                    "flg_14",
                                    "flg_15"
                                ],
                                "Filter": "(tests_benchmark_booltester015.flg_2 AND tests_benchmark_booltester015.flg_5 AND tests_benchmark_booltester015.flg_6 AND tests_benchmark_booltester015.flg_11 AND tests_benchmark_booltester015.flg_12 AND tests_benchmark_booltester015.flg_13 AND tests_benchmark_booltester015.flg_15 AND (tests_benchmark_booltester015.flg_0 = ANY ('{t,f}'::boolean[])) AND (tests_benchmark_booltester015.flg_1 = ANY ('{t,f}'::boolean[])) AND (tests_benchmark_booltester015.flg_3 = ANY ('{t,f}'::boolean[])) AND (tests_benchmark_booltester015.flg_4 = ANY ('{t,f}'::boolean[])) AND (tests_benchmark_booltester015.flg_7 = ANY ('{t,f}'::boolean[])) AND (tests_benchmark_booltester015.flg_8 = ANY ('{t,f}'::boolean[])) AND (tests_benchmark_booltester015.flg_9 = ANY ('{t,f}'::boolean[])) AND (tests_benchmark_booltester015.flg_10 = ANY ('{t,f}'::boolean[])) AND (tests_benchmark_booltester015.flg_14 = ANY ('{t,f}'::boolean[])))",
                                "Rows Removed by Filter": 100,
                                "Shared Hit Blocks": 1,
                                "Shared Read Blocks": 0,
                                "Shared Dirtied Blocks": 0,
                                "Shared Written Blocks": 0,
                                "Local Hit Blocks": 0,
                                "Local Read Blocks": 0,
                                "Local Dirtied Blocks": 0,
                                "Local Written Blocks": 0,
                                "Temp Read Blocks": 0,
                                "Temp Written Blocks": 0,
                                "WAL Records": 0,
                                "WAL FPI": 0,
                                "WAL Bytes": 0
                            },
                            "Settings": {},
                            "Planning": {
                                "Shared Hit Blocks": 0,
                                "Shared Read Blocks": 0,
                                "Shared Dirtied Blocks": 0,
                                "Shared Written Blocks": 0,
                                "Local Hit Blocks": 0,
                                "Local Read Blocks": 0,
                                "Local Dirtied Blocks": 0,
                                "Local Written Blocks": 0,
                                "Temp Read Blocks": 0,
                                "Temp Written Blocks": 0
                            },
                            "Planning Time": 0.036,
                            "Triggers": [],
                            "Execution Time": 0.016
                        },
                        "any_explanation": {
                            "Plan": {
                                "Node Type": "Seq Scan",
                                "Parallel Aware": false,
                                "Async Capable": false,
                                "Relation Name": "tests_benchmark_booltester015",
                                "Schema": "public",
                                "Alias": "tests_benchmark_booltester015",
                                "Startup Cost": 0.0,
                                "Total Cost": 2.01,
                                "Plan Rows": 100,
                                "Plan Width": 24,
                                "Actual Startup Time": 0.002,
                                "Actual Total Time": 0.011,
                                "Actual Rows": 100,
                                "Actual Loops": 1,
                                "Output": [
                                    "id",
                                    "flg_0",
                                    "flg_1",
                                    "flg_2",
                                    "flg_3",
                                    "flg_4",
                                    "flg_5",
                                    "flg_6",
                                    "flg_7",
                                    "flg_8",
                                    "flg_9",
                                    "flg_10",
                                    "flg_11",
                                    "flg_12",
                                    "flg_13",
                                    "flg_14",
                                    "flg_15"
                                ],
                                "Filter": "(tests_benchmark_booltester015.flg_2 OR tests_benchmark_booltester015.flg_5 OR tests_benchmark_booltester015.flg_6 OR tests_benchmark_booltester015.flg_11 OR tests_benchmark_booltester015.flg_12 OR tests_benchmark_booltester015.flg_13 OR tests_benchmark_booltester015.flg_15)",
                                "Rows Removed by Filter": 1,
                                "Shared Hit Blocks": 1,
                                "Shared Read Blocks": 0,
                                "Shared Dirtied Blocks": 0,
                                "Shared Written Blocks": 0,
                                "Local Hit Blocks": 0,
                                "Local Read Blocks": 0,
                                "Local Dirtied Blocks": 0,
                                "Local Written Blocks": 0,
                                "Temp Read Blocks": 0,
                                "Temp Written Blocks": 0,
                                "WAL Records": 0,
                                "WAL FPI": 0,
                                "WAL Bytes": 0
                            },
                            "Settings": {},
                            "Planning": {
                                "Shared Hit Blocks": 0,
                                "Shared Read Blocks": 0,
                                "Shared Dirtied Blocks": 0,
                                "Shared Written Blocks": 0,
                                "Local Hit Blocks": 0,
                                "Local Read Blocks": 0,
                                "Local Dirtied Blocks": 0,
                                "Local Written Blocks": 0,
                                "Temp Read Blocks": 0,
                                "Temp Written Blocks": 0
                            },
                            "Planning Time": 0.016,
                            "Triggers": [],
                            "Execution Time": 0.015
                        },
                        "exact_explanation": {
                            "Plan": {
                                "Node Type": "Seq Scan",
                                "Parallel Aware": false,
                                "Async Capable": false,
                                "Relation Name": "tests_benchmark_booltester015",
                                "Schema": "public",
                                "Alias": "tests_benchmark_booltester015",
                                "Startup Cost": 0.0,
                                "Total Cost": 2.01,
                                "Plan Rows": 1,
                                "Plan Width": 24,
                                "Actual Startup Time": 0.011,
                                "Actual Total Time": 0.011,
                                "Actual Rows": 0,
                                "Actual Loops": 1,
                                "Output": [
                                    "id",
                                    "flg_0",
                                    "flg_1",
                                    "flg_2",
                                    "flg_3",
                                    "flg_4",
                                    "flg_5",
                                    "flg_6",
                                    "flg_7",
                                    "flg_8",
                                    "flg_9",
                                    "flg_10",
                                    "flg_11",
                                    "flg_12",
                                    "flg_13",
                                    "flg_14",
                                    "flg_15"
                                ],
                                "Filter": "((NOT tests_benchmark_booltester015.flg_0) AND (NOT tests_benchmark_booltester015.flg_1) AND tests_benchmark_booltester015.flg_2 AND (NOT tests_benchmark_booltester015.flg_3) AND (NOT tests_benchmark_booltester015.flg_4) AND tests_benchmark_booltester015.flg_5 AND tests_benchmark_booltester015.flg_6 AND (NOT tests_benchmark_booltester015.flg_7) AND (NOT tests_benchmark_booltester015.flg_8) AND (NOT tests_benchmark_booltester015.flg_9) AND (NOT tests_benchmark_booltester015.flg_10) AND tests_benchmark_booltester015.flg_11 AND tests_benchmark_booltester015.flg_12 AND tests_benchmark_booltester015.flg_13 AND (NOT tests_benchmark_booltester015.flg_14) AND tests_benchmark_booltester015.flg_15)",
                                "Rows Removed by Filter": 101,
                                "Shared Hit Blocks": 1,
                                "Shared Read Blocks": 0,
                                "Shared Dirtied Blocks": 0,
                                "Shared Written Blocks": 0,
                                "Local Hit Blocks": 0,
                                "Local Read Blocks": 0,
                                "Local Dirtied Blocks": 0,
                                "Local Written Blocks": 0,
                                "Temp Read Blocks": 0,
                                "Temp Written Blocks": 0,
                                "WAL Records": 0,
                                "WAL FPI": 0,
                                "WAL Bytes": 0
                            },
                            "Settings": {},
                            "Planning": {
                                "Shared Hit Blocks": 0,
                                "Shared Read Blocks": 0,
                                "Shared Dirtied Blocks": 0,
                                "Shared Written Blocks": 0,
                                "Local Hit Blocks": 0,
                                "Local Read Blocks": 0,
                                "Local Dirtied Blocks": 0,
                                "Local Written Blocks": 0,
                                "Temp Read Blocks": 0,
                                "Temp Written Blocks": 0
                            },
                            "Planning Time": 0.022,
                            "Triggers": [],
                            "Execution Time": 0.014
                        },
                        "all_ftr_time": 1.39e-05,
                        "any_ftr_time": 1.5500000000000004e-05,
                        "exact_ftr_time": 1.39e-05
                    },
                    "1000": {
                        "all_time": 0.0014234917020075955,
                        "any_time": 0.0017440373005229049,
                        "exact_time": 0.0011457457992946729,
                        "table_size": 147456.0,
                        "index_time": 0.0017629999929340556,
                        "all_explanation": {
                            "Plan": {
                                "Node Type": "Index Scan",
                                "Parallel Aware": false,
                                "Async Capable": false,
                                "Scan Direction": "Forward",
                                "Index Name": "bool_multi",
                                "Relation Name": "tests_benchmark_booltester015",
                                "Schema": "public",
                                "Alias": "tests_benchmark_booltester015",
                                "Startup Cost": 0.28,
                                "Total Cost": 12.05,
                                "Plan Rows": 1,
                                "Plan Width": 24,
                                "Actual Startup Time": 0.007,
                                "Actual Total Time": 0.007,
                                "Actual Rows": 1,
                                "Actual Loops": 1,
                                "Output": [
                                    "id",
                                    "flg_0",
                                    "flg_1",
                                    "flg_2",
                                    "flg_3",
                                    "flg_4",
                                    "flg_5",
                                    "flg_6",
                                    "flg_7",
                                    "flg_8",
                                    "flg_9",
                                    "flg_10",
                                    "flg_11",
                                    "flg_12",
                                    "flg_13",
                                    "flg_14",
                                    "flg_15"
                                ],
                                "Index Cond": "((tests_benchmark_booltester015.flg_0 = true) AND (tests_benchmark_booltester015.flg_1 = true) AND (tests_benchmark_booltester015.flg_2 = true) AND (tests_benchmark_booltester015.flg_4 = true) AND (tests_benchmark_booltester015.flg_6 = true) AND (tests_benchmark_booltester015.flg_7 = true) AND (tests_benchmark_booltester015.flg_8 = true) AND (tests_benchmark_booltester015.flg_11 = true) AND (tests_benchmark_booltester015.flg_13 = true) AND (tests_benchmark_booltester015.flg_14 = true))",
                                "Rows Removed by Index Recheck": 0,
                                "Filter": "((tests_benchmark_booltester015.flg_3 = ANY ('{t,f}'::boolean[])) AND (tests_benchmark_booltester015.flg_5 = ANY ('{t,f}'::boolean[])) AND (tests_benchmark_booltester015.flg_9 = ANY ('{t,f}'::boolean[])) AND (tests_benchmark_booltester015.flg_10 = ANY ('{t,f}'::boolean[])) AND (tests_benchmark_booltester015.flg_12 = ANY ('{t,f}'::boolean[])) AND (tests_benchmark_booltester015.flg_15 = ANY ('{t,f}'::boolean[])))",
                                "Rows Removed by Filter": 0,
                                "Shared Hit Blocks": 3,
                                "Shared Read Blocks": 0,
                                "Shared Dirtied Blocks": 0,
                                "Shared Written Blocks": 0,
                                "Local Hit Blocks": 0,
                                "Local Read Blocks": 0,
                                "Local Dirtied Blocks": 0,
                                "Local Written Blocks": 0,
                                "Temp Read Blocks": 0,
                                "Temp Written Blocks": 0,
                                "WAL Records": 0,
                                "WAL FPI": 0,
                                "WAL Bytes": 0
                            },
                            "Settings": {},
                            "Planning": {
                                "Shared Hit Blocks": 0,
                                "Shared Read Blocks": 0,
                                "Shared Dirtied Blocks": 0,
                                "Shared Written Blocks": 0,
                                "Local Hit Blocks": 0,
                                "Local Read Blocks": 0,
                                "Local Dirtied Blocks": 0,
                                "Local Written Blocks": 0,
                                "Temp Read Blocks": 0,
                                "Temp Written Blocks": 0
                            },
                            "Planning Time": 0.049,
                            "Triggers": [],
                            "Execution Time": 0.012
                        },
                        "any_explanation": {
                            "Plan": {
                                "Node Type": "Seq Scan",
                                "Parallel Aware": false,
                                "Async Capable": false,
                                "Relation Name": "tests_benchmark_booltester015",
                                "Schema": "public",
                                "Alias": "tests_benchmark_booltester015",
                                "Startup Cost": 0.0,
                                "Total Cost": 17.01,
                                "Plan Rows": 1000,
                                "Plan Width": 24,
                                "Actual Startup Time": 0.004,
                                "Actual Total Time": 0.096,
                                "Actual Rows": 998,
                                "Actual Loops": 1,
                                "Output": [
                                    "id",
                                    "flg_0",
                                    "flg_1",
                                    "flg_2",
                                    "flg_3",
                                    "flg_4",
                                    "flg_5",
                                    "flg_6",
                                    "flg_7",
                                    "flg_8",
                                    "flg_9",
                                    "flg_10",
                                    "flg_11",
                                    "flg_12",
                                    "flg_13",
                                    "flg_14",
                                    "flg_15"
                                ],
                                "Filter": "(tests_benchmark_booltester015.flg_0 OR tests_benchmark_booltester015.flg_1 OR tests_benchmark_booltester015.flg_2 OR tests_benchmark_booltester015.flg_4 OR tests_benchmark_booltester015.flg_6 OR tests_benchmark_booltester015.flg_7 OR tests_benchmark_booltester015.flg_8 OR tests_benchmark_booltester015.flg_11 OR tests_benchmark_booltester015.flg_13 OR tests_benchmark_booltester015.flg_14)",
                                "Rows Removed by Filter": 3,
                                "Shared Hit Blocks": 7,
                                "Shared Read Blocks": 0,
                                "Shared Dirtied Blocks": 0,
                                "Shared Written Blocks": 0,
                                "Local Hit Blocks": 0,
                                "Local Read Blocks": 0,
                                "Local Dirtied Blocks": 0,
                                "Local Written Blocks": 0,
                                "Temp Read Blocks": 0,
                                "Temp Written Blocks": 0,
                                "WAL Records": 0,
                                "WAL FPI": 0,
                                "WAL Bytes": 0
                            },
                            "Settings": {},
                            "Planning": {
                                "Shared Hit Blocks": 0,
                                "Shared Read Blocks": 0,
                                "Shared Dirtied Blocks": 0,
                                "Shared Written Blocks": 0,
                                "Local Hit Blocks": 0,
                                "Local Read Blocks": 0,
                                "Local Dirtied Blocks": 0,
                                "Local Written Blocks": 0,
                                "Temp Read Blocks": 0,
                                "Temp Written Blocks": 0
                            },
                            "Planning Time": 0.026,
                            "Triggers": [],
                            "Execution Time": 0.125
                        },
                        "exact_explanation": {
                            "Plan": {
                                "Node Type": "Index Scan",
                                "Parallel Aware": false,
                                "Async Capable": false,
                                "Scan Direction": "Forward",
                                "Index Name": "bool_multi",
                                "Relation Name": "tests_benchmark_booltester015",
                                "Schema": "public",
                                "Alias": "tests_benchmark_booltester015",
                                "Startup Cost": 0.28,
                                "Total Cost": 8.33,
                                "Plan Rows": 1,
                                "Plan Width": 24,
                                "Actual Startup Time": 0.003,
                                "Actual Total Time": 0.003,
                                "Actual Rows": 0,
                                "Actual Loops": 1,
                                "Output": [
                                    "id",
                                    "flg_0",
                                    "flg_1",
                                    "flg_2",
                                    "flg_3",
                                    "flg_4",
                                    "flg_5",
                                    "flg_6",
                                    "flg_7",
                                    "flg_8",
                                    "flg_9",
                                    "flg_10",
                                    "flg_11",
                                    "flg_12",
                                    "flg_13",
                                    "flg_14",
                                    "flg_15"
                                ],
                                "Index Cond": "((tests_benchmark_booltester015.flg_0 = true) AND (tests_benchmark_booltester015.flg_1 = true) AND (tests_benchmark_booltester015.flg_2 = true) AND (tests_benchmark_booltester015.flg_3 = false) AND (tests_benchmark_booltester015.flg_4 = true) AND (tests_benchmark_booltester015.flg_5 = false) AND (tests_benchmark_booltester015.flg_6 = true) AND (tests_benchmark_booltester015.flg_7 = true) AND (tests_benchmark_booltester015.flg_8 = true) AND (tests_benchmark_booltester015.flg_9 = false) AND (tests_benchmark_booltester015.flg_10 = false) AND (tests_benchmark_booltester015.flg_11 = true) AND (tests_benchmark_booltester015.flg_12 = false) AND (tests_benchmark_booltester015.flg_13 = true) AND (tests_benchmark_booltester015.flg_14 = true) AND (tests_benchmark_booltester015.flg_15 = false))",
                                "Rows Removed by Index Recheck": 0,
                                "Shared Hit Blocks": 2,
                                "Shared Read Blocks": 0,
                                "Shared Dirtied Blocks": 0,
                                "Shared Written Blocks": 0,
                                "Local Hit Blocks": 0,
                                "Local Read Blocks": 0,
                                "Local Dirtied Blocks": 0,
                                "Local Written Blocks": 0,
                                "Temp Read Blocks": 0,
                                "Temp Written Blocks": 0,
                                "WAL Records": 0,
                                "WAL FPI": 0,
                                "WAL Bytes": 0
                            },
                            "Settings": {},
                            "Planning": {
                                "Shared Hit Blocks": 0,
                                "Shared Read Blocks": 0,
                                "Shared Dirtied Blocks": 0,
                                "Shared Written Blocks": 0,
                                "Local Hit Blocks": 0,
                                "Local Read Blocks": 0,
                                "Local Dirtied Blocks": 0,
                                "Local Written Blocks": 0,
                                "Temp Read Blocks": 0,
                                "Temp Written Blocks": 0
                            },
                            "Planning Time": 0.028,
                            "Triggers": [],
                            "Execution Time": 0.008
                        },
                        "all_ftr_time": 4.6099999999999996e-05,
                        "any_ftr_time": 0.00011650000000000001,
                        "exact_ftr_time": 6.7e-06
                    },
                    "10000": {
                        "all_time": 0.0019687041989527644,
                        "any_time": 0.0038050001036026514,
                        "exact_time": 0.001173962301982101,
                        "table_size": 1097728.0,
                        "index_time": 0.017485124990344048,
                        "all_explanation": {
                            "Plan": {
                                "Node Type": "Bitmap Heap Scan",
                                "Parallel Aware": false,
                                "Async Capable": false,
                                "Relation Name": "tests_benchmark_booltester015",
                                "Schema": "public",
                                "Alias": "tests_benchmark_booltester015",
                                "Startup Cost": 99.09,
                                "Total Cost": 169.0,
                                "Plan Rows": 78,
                                "Plan Width": 24,
                                "Actual Startup Time": 0.094,
                                "Actual Total Time": 0.122,
                                "Actual Rows": 77,
                                "Actual Loops": 1,
                                "Output": [
                                    "id",
                                    "flg_0",
                                    "flg_1",
                                    "flg_2",
                                    "flg_3",
                                    "flg_4",
                                    "flg_5",
                                    "flg_6",
                                    "flg_7",
                                    "flg_8",
                                    "flg_9",
                                    "flg_10",
                                    "flg_11",
                                    "flg_12",
                                    "flg_13",
                                    "flg_14",
                                    "flg_15"
                                ],
                                "Recheck Cond": "((tests_benchmark_booltester015.flg_0 = ANY ('{t,f}'::boolean[])) AND tests_benchmark_booltester015.flg_1 AND tests_benchmark_booltester015.flg_2 AND tests_benchmark_booltester015.flg_6 AND tests_benchmark_booltester015.flg_8 AND tests_benchmark_booltester015.flg_11 AND tests_benchmark_booltester015.flg_13 AND tests_benchmark_booltester015.flg_14)",
                                "Rows Removed by Index Recheck": 0,
                                "Filter": "((tests_benchmark_booltester015.flg_3 = ANY ('{t,f}'::boolean[])) AND (tests_benchmark_booltester015.flg_4 = ANY ('{t,f}'::boolean[])) AND (tests_benchmark_booltester015.flg_5 = ANY ('{t,f}'::boolean[])) AND (tests_benchmark_booltester015.flg_7 = ANY ('{t,f}'::boolean[])) AND (tests_benchmark_booltester015.flg_9 = ANY ('{t,f}'::boolean[])) AND (tests_benchmark_booltester015.flg_10 = ANY ('{t,f}'::boolean[])) AND (tests_benchmark_booltester015.flg_12 = ANY ('{t,f}'::boolean[])) AND (tests_benchmark_booltester015.flg_15 = ANY ('{t,f}'::boolean[])))",
                                "Rows Removed by Filter": 0,
                                "Exact Heap Blocks": 42,
                                "Lossy Heap Blocks": 0,
                                "Shared Hit Blocks": 56,
                                "Shared Read Blocks": 0,
                                "Shared Dirtied Blocks": 0,
                                "Shared Written Blocks": 0,
                                "Local Hit Blocks": 0,
                                "Local Read Blocks": 0,
                                "Local Dirtied Blocks": 0,
                                "Local Written Blocks": 0,
                                "Temp Read Blocks": 0,
                                "Temp Written Blocks": 0,
                                "WAL Records": 0,
                                "WAL FPI": 0,
                                "WAL Bytes": 0,
                                "Plans": [
                                    {
                                        "Node Type": "Bitmap Index Scan",
                                        "Parent Relationship": "Outer",
                                        "Parallel Aware": false,
                                        "Async Capable": false,
                                        "Index Name": "bool_multi",
                                        "Startup Cost": 0.0,
                                        "Total Cost": 99.07,
                                        "Plan Rows": 78,
                                        "Plan Width": 0,
                                        "Actual Startup Time": 0.089,
                                        "Actual Total Time": 0.089,
                                        "Actual Rows": 77,
                                        "Actual Loops": 1,
                                        "Index Cond": "((tests_benchmark_booltester015.flg_0 = ANY ('{t,f}'::boolean[])) AND (tests_benchmark_booltester015.flg_1 = true) AND (tests_benchmark_booltester015.flg_2 = true) AND (tests_benchmark_booltester015.flg_6 = true) AND (tests_benchmark_booltester015.flg_8 = true) AND (tests_benchmark_booltester015.flg_11 = true) AND (tests_benchmark_booltester015.flg_13 = true) AND (tests_benchmark_booltester015.flg_14 = true))",
                                        "Shared Hit Blocks": 14,
                                        "Shared Read Blocks": 0,
                                        "Shared Dirtied Blocks": 0,
                                        "Shared Written Blocks": 0,
                                        "Local Hit Blocks": 0,
                                        "Local Read Blocks": 0,
                                        "Local Dirtied Blocks": 0,
                                        "Local Written Blocks": 0,
                                        "Temp Read Blocks": 0,
                                        "Temp Written Blocks": 0,
                                        "WAL Records": 0,
                                        "WAL FPI": 0,
                                        "WAL Bytes": 0
                                    }
                                ]
                            },
                            "Settings": {},
                            "Planning": {
                                "Shared Hit Blocks": 0,
                                "Shared Read Blocks": 0,
                                "Shared Dirtied Blocks": 0,
                                "Shared Written Blocks": 0,
                                "Local Hit Blocks": 0,
                                "Local Read Blocks": 0,
                                "Local Dirtied Blocks": 0,
                                "Local Written Blocks": 0,
                                "Temp Read Blocks": 0,
                                "Temp Written Blocks": 0
                            },
                            "Planning Time": 0.061,
                            "Triggers": [],
                            "Execution Time": 0.131
                        },
                        "any_explanation": {
                            "Plan": {
                                "Node Type": "Seq Scan",
                                "Parallel Aware": false,
                                "Async Capable": false,
                                "Relation Name": "tests_benchmark_booltester015",
                                "Schema": "public",
                                "Alias": "tests_benchmark_booltester015",
                                "Startup Cost": 0.0,
                                "Total Cost": 164.01,
                                "Plan Rows": 9923,
                                "Plan Width": 24,
                                "Actual Startup Time": 0.003,
                                "Actual Total Time": 1.025,
                                "Actual Rows": 9919,
                                "Actual Loops": 1,
                                "Output": [
                                    "id",
                                    "flg_0",
                                    "flg_1",
                                    "flg_2",
                                    "flg_3",
                                    "flg_4",
                                    "flg_5",
                                    "flg_6",
                                    "flg_7",
                                    "flg_8",
                                    "flg_9",
                                    "flg_10",
                                    "flg_11",
                                    "flg_12",
                                    "flg_13",
                                    "flg_14",
                                    "flg_15"
                                ],
                                "Filter": "(tests_benchmark_booltester015.flg_1 OR tests_benchmark_booltester015.flg_2 OR tests_benchmark_booltester015.flg_6 OR tests_benchmark_booltester015.flg_8 OR tests_benchmark_booltester015.flg_11 OR tests_benchmark_booltester015.flg_13 OR tests_benchmark_booltester015.flg_14)",
                                "Rows Removed by Filter": 82,
                                "Shared Hit Blocks": 64,
                                "Shared Read Blocks": 0,
                                "Shared Dirtied Blocks": 0,
                                "Shared Written Blocks": 0,
                                "Local Hit Blocks": 0,
                                "Local Read Blocks": 0,
                                "Local Dirtied Blocks": 0,
                                "Local Written Blocks": 0,
                                "Temp Read Blocks": 0,
                                "Temp Written Blocks": 0,
                                "WAL Records": 0,
                                "WAL FPI": 0,
                                "WAL Bytes": 0
                            },
                            "Settings": {},
                            "Planning": {
                                "Shared Hit Blocks": 0,
                                "Shared Read Blocks": 0,
                                "Shared Dirtied Blocks": 0,
                                "Shared Written Blocks": 0,
                                "Local Hit Blocks": 0,
                                "Local Read Blocks": 0,
                                "Local Dirtied Blocks": 0,
                                "Local Written Blocks": 0,
                                "Temp Read Blocks": 0,
                                "Temp Written Blocks": 0
                            },
                            "Planning Time": 0.017,
                            "Triggers": [],
                            "Execution Time": 1.288
                        },
                        "exact_explanation": {
                            "Plan": {
                                "Node Type": "Index Scan",
                                "Parallel Aware": false,
                                "Async Capable": false,
                                "Scan Direction": "Forward",
                                "Index Name": "bool_multi",
                                "Relation Name": "tests_benchmark_booltester015",
                                "Schema": "public",
                                "Alias": "tests_benchmark_booltester015",
                                "Startup Cost": 0.29,
                                "Total Cost": 8.34,
                                "Plan Rows": 1,
                                "Plan Width": 24,
                                "Actual Startup Time": 0.003,
                                "Actual Total Time": 0.003,
                                "Actual Rows": 1,
                                "Actual Loops": 1,
                                "Output": [
                                    "id",
                                    "flg_0",
                                    "flg_1",
                                    "flg_2",
                                    "flg_3",
                                    "flg_4",
                                    "flg_5",
                                    "flg_6",
                                    "flg_7",
                                    "flg_8",
                                    "flg_9",
                                    "flg_10",
                                    "flg_11",
                                    "flg_12",
                                    "flg_13",
                                    "flg_14",
                                    "flg_15"
                                ],
                                "Index Cond": "((tests_benchmark_booltester015.flg_0 = false) AND (tests_benchmark_booltester015.flg_1 = true) AND (tests_benchmark_booltester015.flg_2 = true) AND (tests_benchmark_booltester015.flg_3 = false) AND (tests_benchmark_booltester015.flg_4 = false) AND (tests_benchmark_booltester015.flg_5 = false) AND (tests_benchmark_booltester015.flg_6 = true) AND (tests_benchmark_booltester015.flg_7 = false) AND (tests_benchmark_booltester015.flg_8 = true) AND (tests_benchmark_booltester015.flg_9 = false) AND (tests_benchmark_booltester015.flg_10 = false) AND (tests_benchmark_booltester015.flg_11 = true) AND (tests_benchmark_booltester015.flg_12 = false) AND (tests_benchmark_booltester015.flg_13 = true) AND (tests_benchmark_booltester015.flg_14 = true) AND (tests_benchmark_booltester015.flg_15 = false))",
                                "Rows Removed by Index Recheck": 0,
                                "Shared Hit Blocks": 3,
                                "Shared Read Blocks": 0,
                                "Shared Dirtied Blocks": 0,
                                "Shared Written Blocks": 0,
                                "Local Hit Blocks": 0,
                                "Local Read Blocks": 0,
                                "Local Dirtied Blocks": 0,
                                "Local Written Blocks": 0,
                                "Temp Read Blocks": 0,
                                "Temp Written Blocks": 0,
                                "WAL Records": 0,
                                "WAL FPI": 0,
                                "WAL Bytes": 0
                            },
                            "Settings": {},
                            "Planning": {
                                "Shared Hit Blocks": 0,
                                "Shared Read Blocks": 0,
                                "Shared Dirtied Blocks": 0,
                                "Shared Written Blocks": 0,
                                "Local Hit Blocks": 0,
                                "Local Read Blocks": 0,
                                "Local Dirtied Blocks": 0,
                                "Local Written Blocks": 0,
                                "Temp Read Blocks": 0,
                                "Temp Written Blocks": 0
                            },
                            "Planning Time": 0.028,
                            "Triggers": [],
                            "Execution Time": 0.008
                        },
                        "all_ftr_time": 0.00029089999999999997,
                        "any_ftr_time": 0.0011785,
                        "exact_ftr_time": 6.8e-06
                    },
                    "100000": {
                        "all_time": 0.002555120903707575,
                        "any_time": 0.02152946260175668,
                        "exact_time": 0.0025684789987280967,
                        "table_size": 9781248.0,
                        "index_time": 0.14184475000365637,
                        "all_explanation": {
                            "Plan": {
                                "Node Type": "Bitmap Heap Scan",
                                "Parallel Aware": false,
                                "Async Capable": false,
                                "Relation Name": "tests_benchmark_booltester015",
                                "Schema": "public",
                                "Alias": "tests_benchmark_booltester015",
                                "Startup Cost": 1332.04,
                                "Total Cost": 2027.83,
                                "Plan Rows": 781,
                                "Plan Width": 24,
                                "Actual Startup Time": 0.723,
                                "Actual Total Time": 0.818,
                                "Actual Rows": 794,
                                "Actual Loops": 1,
                                "Output": [
                                    "id",
                                    "flg_0",
                                    "flg_1",
                                    "flg_2",
                                    "flg_3",
                                    "flg_4",
                                    "flg_5",
                                    "flg_6",
                                    "flg_7",
                                    "flg_8",
                                    "flg_9",
                                    "flg_10",
                                    "flg_11",
                                    "flg_12",
                                    "flg_13",
                                    "flg_14",
                                    "flg_15"
                                ],
                                "Recheck Cond": "(tests_benchmark_booltester015.flg_0 AND (tests_benchmark_booltester015.flg_1 = ANY ('{t,f}'::boolean[])) AND (tests_benchmark_booltester015.flg_2 = ANY ('{t,f}'::boolean[])) AND (tests_benchmark_booltester015.flg_3 = ANY ('{t,f}'::boolean[])) AND tests_benchmark_booltester015.flg_4 AND tests_benchmark_booltester015.flg_5 AND tests_benchmark_booltester015.flg_6 AND (tests_benchmark_booltester015.flg_7 = ANY ('{t,f}'::boolean[])) AND (tests_benchmark_booltester015.flg_8 = ANY ('{t,f}'::boolean[])) AND (tests_benchmark_booltester015.flg_9 = ANY ('{t,f}'::boolean[])) AND (tests_benchmark_booltester015.flg_10 = ANY ('{t,f}'::boolean[])) AND tests_benchmark_booltester015.flg_11 AND (tests_benchmark_booltester015.flg_12 = ANY ('{t,f}'::boolean[])) AND tests_benchmark_booltester015.flg_13 AND tests_benchmark_booltester015.flg_14 AND (tests_benchmark_booltester015.flg_15 = ANY ('{t,f}'::boolean[])))",
                                "Rows Removed by Index Recheck": 0,
                                "Exact Heap Blocks": 439,
                                "Lossy Heap Blocks": 0,
                                "Shared Hit Blocks": 1975,
                                "Shared Read Blocks": 0,
                                "Shared Dirtied Blocks": 0,
                                "Shared Written Blocks": 0,
                                "Local Hit Blocks": 0,
                                "Local Read Blocks": 0,
                                "Local Dirtied Blocks": 0,
                                "Local Written Blocks": 0,
                                "Temp Read Blocks": 0,
                                "Temp Written Blocks": 0,
                                "WAL Records": 0,
                                "WAL FPI": 0,
                                "WAL Bytes": 0,
                                "Plans": [
                                    {
                                        "Node Type": "Bitmap Index Scan",
                                        "Parent Relationship": "Outer",
                                        "Parallel Aware": false,
                                        "Async Capable": false,
                                        "Index Name": "bool_multi",
                                        "Startup Cost": 0.0,
                                        "Total Cost": 1331.84,
                                        "Plan Rows": 781,
                                        "Plan Width": 0,
                                        "Actual Startup Time": 0.699,
                                        "Actual Total Time": 0.699,
                                        "Actual Rows": 794,
                                        "Actual Loops": 1,
                                        "Index Cond": "((tests_benchmark_booltester015.flg_0 = true) AND (tests_benchmark_booltester015.flg_1 = ANY ('{t,f}'::boolean[])) AND (tests_benchmark_booltester015.flg_2 = ANY ('{t,f}'::boolean[])) AND (tests_benchmark_booltester015.flg_3 = ANY ('{t,f}'::boolean[])) AND (tests_benchmark_booltester015.flg_4 = true) AND (tests_benchmark_booltester015.flg_5 = true) AND (tests_benchmark_booltester015.flg_6 = true) AND (tests_benchmark_booltester015.flg_7 = ANY ('{t,f}'::boolean[])) AND (tests_benchmark_booltester015.flg_8 = ANY ('{t,f}'::boolean[])) AND (tests_benchmark_booltester015.flg_9 = ANY ('{t,f}'::boolean[])) AND (tests_benchmark_booltester015.flg_10 = ANY ('{t,f}'::boolean[])) AND (tests_benchmark_booltester015.flg_11 = true) AND (tests_benchmark_booltester015.flg_12 = ANY ('{t,f}'::boolean[])) AND (tests_benchmark_booltester015.flg_13 = true) AND (tests_benchmark_booltester015.flg_14 = true) AND (tests_benchmark_booltester015.flg_15 = ANY ('{t,f}'::boolean[])))",
                                        "Shared Hit Blocks": 1536,
                                        "Shared Read Blocks": 0,
                                        "Shared Dirtied Blocks": 0,
                                        "Shared Written Blocks": 0,
                                        "Local Hit Blocks": 0,
                                        "Local Read Blocks": 0,
                                        "Local Dirtied Blocks": 0,
                                        "Local Written Blocks": 0,
                                        "Temp Read Blocks": 0,
                                        "Temp Written Blocks": 0,
                                        "WAL Records": 0,
                                        "WAL FPI": 0,
                                        "WAL Bytes": 0
                                    }
                                ]
                            },
                            "Settings": {},
                            "Planning": {
                                "Shared Hit Blocks": 0,
                                "Shared Read Blocks": 0,
                                "Shared Dirtied Blocks": 0,
                                "Shared Written Blocks": 0,
                                "Local Hit Blocks": 0,
                                "Local Read Blocks": 0,
                                "Local Dirtied Blocks": 0,
                                "Local Written Blocks": 0,
                                "Temp Read Blocks": 0,
                                "Temp Written Blocks": 0
                            },
                            "Planning Time": 0.038,
                            "Triggers": [],
                            "Execution Time": 0.84
                        },
                        "any_explanation": {
                            "Plan": {
                                "Node Type": "Seq Scan",
                                "Parallel Aware": false,
                                "Async Capable": false,
                                "Relation Name": "tests_benchmark_booltester015",
                                "Schema": "public",
                                "Alias": "tests_benchmark_booltester015",
                                "Startup Cost": 0.0,
                                "Total Cost": 1637.01,
                                "Plan Rows": 99220,
                                "Plan Width": 24,
                                "Actual Startup Time": 0.002,
                                "Actual Total Time": 7.746,
                                "Actual Rows": 99294,
                                "Actual Loops": 1,
                                "Output": [
                                    "id",
                                    "flg_0",
                                    "flg_1",
                                    "flg_2",
                                    "flg_3",
                                    "flg_4",
                                    "flg_5",
                                    "flg_6",
                                    "flg_7",
                                    "flg_8",
                                    "flg_9",
                                    "flg_10",
                                    "flg_11",
                                    "flg_12",
                                    "flg_13",
                                    "flg_14",
                                    "flg_15"
                                ],
                                "Filter": "(tests_benchmark_booltester015.flg_0 OR tests_benchmark_booltester015.flg_4 OR tests_benchmark_booltester015.flg_5 OR tests_benchmark_booltester015.flg_6 OR tests_benchmark_booltester015.flg_11 OR tests_benchmark_booltester015.flg_13 OR tests_benchmark_booltester015.flg_14)",
                                "Rows Removed by Filter": 707,
                                "Shared Hit Blocks": 637,
                                "Shared Read Blocks": 0,
                                "Shared Dirtied Blocks": 0,
                                "Shared Written Blocks": 0,
                                "Local Hit Blocks": 0,
                                "Local Read Blocks": 0,
                                "Local Dirtied Blocks": 0,
                                "Local Written Blocks": 0,
                                "Temp Read Blocks": 0,
                                "Temp Written Blocks": 0,
                                "WAL Records": 0,
                                "WAL FPI": 0,
                                "WAL Bytes": 0
                            },
                            "Settings": {},
                            "Planning": {
                                "Shared Hit Blocks": 0,
                                "Shared Read Blocks": 0,
                                "Shared Dirtied Blocks": 0,
                                "Shared Written Blocks": 0,
                                "Local Hit Blocks": 0,
                                "Local Read Blocks": 0,
                                "Local Dirtied Blocks": 0,
                                "Local Written Blocks": 0,
                                "Temp Read Blocks": 0,
                                "Temp Written Blocks": 0
                            },
                            "Planning Time": 0.017,
                            "Triggers": [],
                            "Execution Time": 9.783
                        },
                        "exact_explanation": {
                            "Plan": {
                                "Node Type": "Bitmap Heap Scan",
                                "Parallel Aware": false,
                                "Async Capable": false,
                                "Relation Name": "tests_benchmark_booltester015",
                                "Schema": "public",
                                "Alias": "tests_benchmark_booltester015",
                                "Startup Cost": 4.51,
                                "Total Cost": 12.19,
                                "Plan Rows": 2,
                                "Plan Width": 24,
                                "Actual Startup Time": 0.003,
                                "Actual Total Time": 0.003,
                                "Actual Rows": 1,
                                "Actual Loops": 1,
                                "Output": [
                                    "id",
                                    "flg_0",
                                    "flg_1",
                                    "flg_2",
                                    "flg_3",
                                    "flg_4",
                                    "flg_5",
                                    "flg_6",
                                    "flg_7",
                                    "flg_8",
                                    "flg_9",
                                    "flg_10",
                                    "flg_11",
                                    "flg_12",
                                    "flg_13",
                                    "flg_14",
                                    "flg_15"
                                ],
                                "Recheck Cond": "(tests_benchmark_booltester015.flg_0 AND (NOT tests_benchmark_booltester015.flg_1) AND (NOT tests_benchmark_booltester015.flg_2) AND (NOT tests_benchmark_booltester015.flg_3) AND tests_benchmark_booltester015.flg_4 AND tests_benchmark_booltester015.flg_5 AND tests_benchmark_booltester015.flg_6 AND (NOT tests_benchmark_booltester015.flg_7) AND (NOT tests_benchmark_booltester015.flg_8) AND (NOT tests_benchmark_booltester015.flg_9) AND (NOT tests_benchmark_booltester015.flg_10) AND tests_benchmark_booltester015.flg_11 AND (NOT tests_benchmark_booltester015.flg_12) AND tests_benchmark_booltester015.flg_13 AND tests_benchmark_booltester015.flg_14 AND (NOT tests_benchmark_booltester015.flg_15))",
                                "Rows Removed by Index Recheck": 0,
                                "Exact Heap Blocks": 1,
                                "Lossy Heap Blocks": 0,
                                "Shared Hit Blocks": 4,
                                "Shared Read Blocks": 0,
                                "Shared Dirtied Blocks": 0,
                                "Shared Written Blocks": 0,
                                "Local Hit Blocks": 0,
                                "Local Read Blocks": 0,
                                "Local Dirtied Blocks": 0,
                                "Local Written Blocks": 0,
                                "Temp Read Blocks": 0,
                                "Temp Written Blocks": 0,
                                "WAL Records": 0,
                                "WAL FPI": 0,
                                "WAL Bytes": 0,
                                "Plans": [
                                    {
                                        "Node Type": "Bitmap Index Scan",
                                        "Parent Relationship": "Outer",
                                        "Parallel Aware": false,
                                        "Async Capable": false,
                                        "Index Name": "bool_multi",
                                        "Startup Cost": 0.0,
                                        "Total Cost": 4.51,
                                        "Plan Rows": 2,
                                        "Plan Width": 0,
                                        "Actual Startup Time": 0.002,
                                        "Actual Total Time": 0.002,
                                        "Actual Rows": 1,
                                        "Actual Loops": 1,
                                        "Index Cond": "((tests_benchmark_booltester015.flg_0 = true) AND (tests_benchmark_booltester015.flg_1 = false) AND (tests_benchmark_booltester015.flg_2 = false) AND (tests_benchmark_booltester015.flg_3 = false) AND (tests_benchmark_booltester015.flg_4 = true) AND (tests_benchmark_booltester015.flg_5 = true) AND (tests_benchmark_booltester015.flg_6 = true) AND (tests_benchmark_booltester015.flg_7 = false) AND (tests_benchmark_booltester015.flg_8 = false) AND (tests_benchmark_booltester015.flg_9 = false) AND (tests_benchmark_booltester015.flg_10 = false) AND (tests_benchmark_booltester015.flg_11 = true) AND (tests_benchmark_booltester015.flg_12 = false) AND (tests_benchmark_booltester015.flg_13 = true) AND (tests_benchmark_booltester015.flg_14 = true) AND (tests_benchmark_booltester015.flg_15 = false))",
                                        "Shared Hit Blocks": 3,
                                        "Shared Read Blocks": 0,
                                        "Shared Dirtied Blocks": 0,
                                        "Shared Written Blocks": 0,
                                        "Local Hit Blocks": 0,
                                        "Local Read Blocks": 0,
                                        "Local Dirtied Blocks": 0,
                                        "Local Written Blocks": 0,
                                        "Temp Read Blocks": 0,
                                        "Temp Written Blocks": 0,
                                        "WAL Records": 0,
                                        "WAL FPI": 0,
                                        "WAL Bytes": 0
                                    }
                                ]
                            },
                            "Settings": {},
                            "Planning": {
                                "Shared Hit Blocks": 0,
                                "Shared Read Blocks": 0,
                                "Shared Dirtied Blocks": 0,
                                "Shared Written Blocks": 0,
                                "Local Hit Blocks": 0,
                                "Local Read Blocks": 0,
                                "Local Dirtied Blocks": 0,
                                "Local Written Blocks": 0,
                                "Temp Read Blocks": 0,
                                "Temp Written Blocks": 0
                            },
                            "Planning Time": 0.026,
                            "Triggers": [],
                            "Execution Time": 0.008
                        },
                        "all_ftr_time": 0.0008013,
                        "any_ftr_time": 0.010255400000000001,
                        "exact_ftr_time": 8.799999999999999e-06
                    },
                    "1000000": {
                        "all_time": 0.004542454301554244,
                        "any_time": 0.14567517489922466,
                        "exact_time": 0.005271887400886044,
                        "table_size": 83886080.0,
                        "index_time": 1.061343958004727,
                        "all_explanation": {
                            "Plan": {
                                "Node Type": "Bitmap Heap Scan",
                                "Parallel Aware": false,
                                "Async Capable": false,
                                "Relation Name": "tests_benchmark_booltester015",
                                "Schema": "public",
                                "Alias": "tests_benchmark_booltester015",
                                "Startup Cost": 2229.15,
                                "Total Cost": 9186.63,
                                "Plan Rows": 7813,
                                "Plan Width": 24,
                                "Actual Startup Time": 1.392,
                                "Actual Total Time": 2.636,
                                "Actual Rows": 7803,
                                "Actual Loops": 1,
                                "Output": [
                                    "id",
                                    "flg_0",
                                    "flg_1",
                                    "flg_2",
                                    "flg_3",
                                    "flg_4",
                                    "flg_5",
                                    "flg_6",
                                    "flg_7",
                                    "flg_8",
                                    "flg_9",
                                    "flg_10",
                                    "flg_11",
                                    "flg_12",
                                    "flg_13",
                                    "flg_14",
                                    "flg_15"
                                ],
                                "Recheck Cond": "(tests_benchmark_booltester015.flg_0 AND (tests_benchmark_booltester015.flg_1 = ANY ('{t,f}'::boolean[])) AND tests_benchmark_booltester015.flg_2 AND (tests_benchmark_booltester015.flg_3 = ANY ('{t,f}'::boolean[])) AND tests_benchmark_booltester015.flg_4 AND tests_benchmark_booltester015.flg_5 AND tests_benchmark_booltester015.flg_6 AND (tests_benchmark_booltester015.flg_7 = ANY ('{t,f}'::boolean[])) AND (tests_benchmark_booltester015.flg_8 = ANY ('{t,f}'::boolean[])) AND (tests_benchmark_booltester015.flg_9 = ANY ('{t,f}'::boolean[])) AND (tests_benchmark_booltester015.flg_10 = ANY ('{t,f}'::boolean[])) AND tests_benchmark_booltester015.flg_11 AND (tests_benchmark_booltester015.flg_12 = ANY ('{t,f}'::boolean[])) AND tests_benchmark_booltester015.flg_13 AND (tests_benchmark_booltester015.flg_14 = ANY ('{t,f}'::boolean[])) AND (tests_benchmark_booltester015.flg_15 = ANY ('{t,f}'::boolean[])))",
                                "Rows Removed by Index Recheck": 0,
                                "Exact Heap Blocks": 4477,
                                "Lossy Heap Blocks": 0,
                                "Shared Hit Blocks": 6013,
                                "Shared Read Blocks": 0,
                                "Shared Dirtied Blocks": 0,
                                "Shared Written Blocks": 0,
                                "Local Hit Blocks": 0,
                                "Local Read Blocks": 0,
                                "Local Dirtied Blocks": 0,
                                "Local Written Blocks": 0,
                                "Temp Read Blocks": 0,
                                "Temp Written Blocks": 0,
                                "WAL Records": 0,
                                "WAL FPI": 0,
                                "WAL Bytes": 0,
                                "Plans": [
                                    {
                                        "Node Type": "Bitmap Index Scan",
                                        "Parent Relationship": "Outer",
                                        "Parallel Aware": false,
                                        "Async Capable": false,
                                        "Index Name": "bool_multi",
                                        "Startup Cost": 0.0,
                                        "Total Cost": 2227.2,
                                        "Plan Rows": 7813,
                                        "Plan Width": 0,
                                        "Actual Startup Time": 1.042,
                                        "Actual Total Time": 1.042,
                                        "Actual Rows": 7803,
                                        "Actual Loops": 1,
                                        "Index Cond": "((tests_benchmark_booltester015.flg_0 = true) AND (tests_benchmark_booltester015.flg_1 = ANY ('{t,f}'::boolean[])) AND (tests_benchmark_booltester015.flg_2 = true) AND (tests_benchmark_booltester015.flg_3 = ANY ('{t,f}'::boolean[])) AND (tests_benchmark_booltester015.flg_4 = true) AND (tests_benchmark_booltester015.flg_5 = true) AND (tests_benchmark_booltester015.flg_6 = true) AND (tests_benchmark_booltester015.flg_7 = ANY ('{t,f}'::boolean[])) AND (tests_benchmark_booltester015.flg_8 = ANY ('{t,f}'::boolean[])) AND (tests_benchmark_booltester015.flg_9 = ANY ('{t,f}'::boolean[])) AND (tests_benchmark_booltester015.flg_10 = ANY ('{t,f}'::boolean[])) AND (tests_benchmark_booltester015.flg_11 = true) AND (tests_benchmark_booltester015.flg_12 = ANY ('{t,f}'::boolean[])) AND (tests_benchmark_booltester015.flg_13 = true) AND (tests_benchmark_booltester015.flg_14 = ANY ('{t,f}'::boolean[])) AND (tests_benchmark_booltester015.flg_15 = ANY ('{t,f}'::boolean[])))",
                                        "Shared Hit Blocks": 1536,
                                        "Shared Read Blocks": 0,
                                        "Shared Dirtied Blocks": 0,
                                        "Shared Written Blocks": 0,
                                        "Local Hit Blocks": 0,
                                        "Local Read Blocks": 0,
                                        "Local Dirtied Blocks": 0,
                                        "Local Written Blocks": 0,
                                        "Temp Read Blocks": 0,
                                        "Temp Written Blocks": 0,
                                        "WAL Records": 0,
                                        "WAL FPI": 0,
                                        "WAL Bytes": 0
                                    }
                                ]
                            },
                            "Settings": {},
                            "Planning": {
                                "Shared Hit Blocks": 0,
                                "Shared Read Blocks": 0,
                                "Shared Dirtied Blocks": 0,
                                "Shared Written Blocks": 0,
                                "Local Hit Blocks": 0,
                                "Local Read Blocks": 0,
                                "Local Dirtied Blocks": 0,
                                "Local Written Blocks": 0,
                                "Temp Read Blocks": 0,
                                "Temp Written Blocks": 0
                            },
                            "Planning Time": 0.039,
                            "Triggers": [],
                            "Execution Time": 3.289
                        },
                        "any_explanation": {
                            "Plan": {
                                "Node Type": "Seq Scan",
                                "Parallel Aware": false,
                                "Async Capable": false,
                                "Relation Name": "tests_benchmark_booltester015",
                                "Schema": "public",
                                "Alias": "tests_benchmark_booltester015",
                                "Startup Cost": 0.0,
                                "Total Cost": 16370.01,
                                "Plan Rows": 992188,
                                "Plan Width": 24,
                                "Actual Startup Time": 0.004,
                                "Actual Total Time": 78.269,
                                "Actual Rows": 992183,
                                "Actual Loops": 1,
                                "Output": [
                                    "id",
                                    "flg_0",
                                    "flg_1",
                                    "flg_2",
                                    "flg_3",
                                    "flg_4",
                                    "flg_5",
                                    "flg_6",
                                    "flg_7",
                                    "flg_8",
                                    "flg_9",
                                    "flg_10",
                                    "flg_11",
                                    "flg_12",
                                    "flg_13",
                                    "flg_14",
                                    "flg_15"
                                ],
                                "Filter": "(tests_benchmark_booltester015.flg_0 OR tests_benchmark_booltester015.flg_2 OR tests_benchmark_booltester015.flg_4 OR tests_benchmark_booltester015.flg_5 OR tests_benchmark_booltester015.flg_6 OR tests_benchmark_booltester015.flg_11 OR tests_benchmark_booltester015.flg_13)",
                                "Rows Removed by Filter": 7818,
                                "Shared Hit Blocks": 6370,
                                "Shared Read Blocks": 0,
                                "Shared Dirtied Blocks": 0,
                                "Shared Written Blocks": 0,
                                "Local Hit Blocks": 0,
                                "Local Read Blocks": 0,
                                "Local Dirtied Blocks": 0,
                                "Local Written Blocks": 0,
                                "Temp Read Blocks": 0,
                                "Temp Written Blocks": 0,
                                "WAL Records": 0,
                                "WAL FPI": 0,
                                "WAL Bytes": 0
                            },
                            "Settings": {},
                            "Planning": {
                                "Shared Hit Blocks": 0,
                                "Shared Read Blocks": 0,
                                "Shared Dirtied Blocks": 0,
                                "Shared Written Blocks": 0,
                                "Local Hit Blocks": 0,
                                "Local Read Blocks": 0,
                                "Local Dirtied Blocks": 0,
                                "Local Written Blocks": 0,
                                "Temp Read Blocks": 0,
                                "Temp Written Blocks": 0
                            },
                            "Planning Time": 0.031,
                            "Triggers": [],
                            "Execution Time": 98.473
                        },
                        "exact_explanation": {
                            "Plan": {
                                "Node Type": "Bitmap Heap Scan",
                                "Parallel Aware": false,
                                "Async Capable": false,
                                "Relation Name": "tests_benchmark_booltester015",
                                "Schema": "public",
                                "Alias": "tests_benchmark_booltester015",
                                "Startup Cost": 5.1,
                                "Total Cost": 63.07,
                                "Plan Rows": 15,
                                "Plan Width": 24,
                                "Actual Startup Time": 0.004,
                                "Actual Total Time": 0.006,
                                "Actual Rows": 13,
                                "Actual Loops": 1,
                                "Output": [
                                    "id",
                                    "flg_0",
                                    "flg_1",
                                    "flg_2",
                                    "flg_3",
                                    "flg_4",
                                    "flg_5",
                                    "flg_6",
                                    "flg_7",
                                    "flg_8",
                                    "flg_9",
                                    "flg_10",
                                    "flg_11",
                                    "flg_12",
                                    "flg_13",
                                    "flg_14",
                                    "flg_15"
                                ],
                                "Recheck Cond": "(tests_benchmark_booltester015.flg_0 AND (NOT tests_benchmark_booltester015.flg_1) AND tests_benchmark_booltester015.flg_2 AND (NOT tests_benchmark_booltester015.flg_3) AND tests_benchmark_booltester015.flg_4 AND tests_benchmark_booltester015.flg_5 AND tests_benchmark_booltester015.flg_6 AND (NOT tests_benchmark_booltester015.flg_7) AND (NOT tests_benchmark_booltester015.flg_8) AND (NOT tests_benchmark_booltester015.flg_9) AND (NOT tests_benchmark_booltester015.flg_10) AND tests_benchmark_booltester015.flg_11 AND (NOT tests_benchmark_booltester015.flg_12) AND tests_benchmark_booltester015.flg_13 AND (NOT tests_benchmark_booltester015.flg_14) AND (NOT tests_benchmark_booltester015.flg_15))",
                                "Rows Removed by Index Recheck": 0,
                                "Exact Heap Blocks": 13,
                                "Lossy Heap Blocks": 0,
                                "Shared Hit Blocks": 16,
                                "Shared Read Blocks": 0,
                                "Shared Dirtied Blocks": 0,
                                "Shared Written Blocks": 0,
                                "Local Hit Blocks": 0,
                                "Local Read Blocks": 0,
                                "Local Dirtied Blocks": 0,
                                "Local Written Blocks": 0,
                                "Temp Read Blocks": 0,
                                "Temp Written Blocks": 0,
                                "WAL Records": 0,
                                "WAL FPI": 0,
                                "WAL Bytes": 0,
                                "Plans": [
                                    {
                                        "Node Type": "Bitmap Index Scan",
                                        "Parent Relationship": "Outer",
                                        "Parallel Aware": false,
                                        "Async Capable": false,
                                        "Index Name": "bool_multi",
                                        "Startup Cost": 0.0,
                                        "Total Cost": 5.1,
                                        "Plan Rows": 15,
                                        "Plan Width": 0,
                                        "Actual Startup Time": 0.003,
                                        "Actual Total Time": 0.003,
                                        "Actual Rows": 13,
                                        "Actual Loops": 1,
                                        "Index Cond": "((tests_benchmark_booltester015.flg_0 = true) AND (tests_benchmark_booltester015.flg_1 = false) AND (tests_benchmark_booltester015.flg_2 = true) AND (tests_benchmark_booltester015.flg_3 = false) AND (tests_benchmark_booltester015.flg_4 = true) AND (tests_benchmark_booltester015.flg_5 = true) AND (tests_benchmark_booltester015.flg_6 = true) AND (tests_benchmark_booltester015.flg_7 = false) AND (tests_benchmark_booltester015.flg_8 = false) AND (tests_benchmark_booltester015.flg_9 = false) AND (tests_benchmark_booltester015.flg_10 = false) AND (tests_benchmark_booltester015.flg_11 = true) AND (tests_benchmark_booltester015.flg_12 = false) AND (tests_benchmark_booltester015.flg_13 = true) AND (tests_benchmark_booltester015.flg_14 = false) AND (tests_benchmark_booltester015.flg_15 = false))",
                                        "Shared Hit Blocks": 3,
                                        "Shared Read Blocks": 0,
                                        "Shared Dirtied Blocks": 0,
                                        "Shared Written Blocks": 0,
                                        "Local Hit Blocks": 0,
                                        "Local Read Blocks": 0,
                                        "Local Dirtied Blocks": 0,
                                        "Local Written Blocks": 0,
                                        "Temp Read Blocks": 0,
                                        "Temp Written Blocks": 0,
                                        "WAL Records": 0,
                                        "WAL FPI": 0,
                                        "WAL Bytes": 0
                                    }
                                ]
                            },
                            "Settings": {},
                            "Planning": {
                                "Shared Hit Blocks": 0,
                                "Shared Read Blocks": 0,
                                "Shared Dirtied Blocks": 0,
                                "Shared Written Blocks": 0,
                                "Local Hit Blocks": 0,
                                "Local Read Blocks": 0,
                                "Local Dirtied Blocks": 0,
                                "Local Written Blocks": 0,
                                "Temp Read Blocks": 0,
                                "Temp Written Blocks": 0
                            },
                            "Planning Time": 0.026,
                            "Triggers": [],
                            "Execution Time": 0.011
                        },
                        "all_ftr_time": 0.0017299,
                        "any_ftr_time": 0.10536919999999998,
                        "exact_ftr_time": 1.36e-05
                    },
                    "2000000": {
                        "all_time": 0.00858485430071596,
                        "any_time": 0.2892359876990668,
                        "exact_time": 0.005491658400569577,
                        "table_size": 164626432.0,
                        "index_time": 2.2805065419961466,
                        "all_explanation": {
                            "Plan": {
                                "Node Type": "Bitmap Heap Scan",
                                "Parallel Aware": false,
                                "Async Capable": false,
                                "Relation Name": "tests_benchmark_booltester015",
                                "Schema": "public",
                                "Alias": "tests_benchmark_booltester015",
                                "Startup Cost": 9080.1,
                                "Total Cost": 24162.85,
                                "Plan Rows": 62500,
                                "Plan Width": 24,
                                "Actual Startup Time": 6.414,
                                "Actual Total Time": 13.668,
                                "Actual Rows": 62546,
                                "Actual Loops": 1,
                                "Output": [
                                    "id",
                                    "flg_0",
                                    "flg_1",
                                    "flg_2",
                                    "flg_3",
                                    "flg_4",
                                    "flg_5",
                                    "flg_6",
                                    "flg_7",
                                    "flg_8",
                                    "flg_9",
                                    "flg_10",
                                    "flg_11",
                                    "flg_12",
                                    "flg_13",
                                    "flg_14",
                                    "flg_15"
                                ],
                                "Recheck Cond": "((tests_benchmark_booltester015.flg_0 = ANY ('{t,f}'::boolean[])) AND (tests_benchmark_booltester015.flg_1 = ANY ('{t,f}'::boolean[])) AND tests_benchmark_booltester015.flg_2 AND (tests_benchmark_booltester015.flg_3 = ANY ('{t,f}'::boolean[])) AND (tests_benchmark_booltester015.flg_4 = ANY ('{t,f}'::boolean[])) AND (tests_benchmark_booltester015.flg_5 = ANY ('{t,f}'::boolean[])) AND (tests_benchmark_booltester015.flg_6 = ANY ('{t,f}'::boolean[])) AND (tests_benchmark_booltester015.flg_7 = ANY ('{t,f}'::boolean[])) AND (tests_benchmark_booltester015.flg_8 = ANY ('{t,f}'::boolean[])) AND tests_benchmark_booltester015.flg_9 AND tests_benchmark_booltester015.flg_10 AND (tests_benchmark_booltester015.flg_11 = ANY ('{t,f}'::boolean[])) AND (tests_benchmark_booltester015.flg_12 = ANY ('{t,f}'::boolean[])) AND tests_benchmark_booltester015.flg_13 AND tests_benchmark_booltester015.flg_14 AND (tests_benchmark_booltester015.flg_15 = ANY ('{t,f}'::boolean[])))",
                                "Rows Removed by Index Recheck": 0,
                                "Exact Heap Blocks": 12657,
                                "Lossy Heap Blocks": 0,
                                "Shared Hit Blocks": 18801,
                                "Shared Read Blocks": 0,
                                "Shared Dirtied Blocks": 0,
                                "Shared Written Blocks": 0,
                                "Local Hit Blocks": 0,
                                "Local Read Blocks": 0,
                                "Local Dirtied Blocks": 0,
                                "Local Written Blocks": 0,
                                "Temp Read Blocks": 0,
                                "Temp Written Blocks": 0,
                                "WAL Records": 0,
                                "WAL FPI": 0,
                                "WAL Bytes": 0,
                                "Plans": [
                                    {
                                        "Node Type": "Bitmap Index Scan",
                                        "Parent Relationship": "Outer",
                                        "Parallel Aware": false,
                                        "Async Capable": false,
                                        "Index Name": "bool_multi",
                                        "Startup Cost": 0.0,
                                        "Total Cost": 9064.48,
                                        "Plan Rows": 62500,
                                        "Plan Width": 0,
                                        "Actual Startup Time": 5.37,
                                        "Actual Total Time": 5.37,
                                        "Actual Rows": 62546,
                                        "Actual Loops": 1,
                                        "Index Cond": "((tests_benchmark_booltester015.flg_0 = ANY ('{t,f}'::boolean[])) AND (tests_benchmark_booltester015.flg_1 = ANY ('{t,f}'::boolean[])) AND (tests_benchmark_booltester015.flg_2 = true) AND (tests_benchmark_booltester015.flg_3 = ANY ('{t,f}'::boolean[])) AND (tests_benchmark_booltester015.flg_4 = ANY ('{t,f}'::boolean[])) AND (tests_benchmark_booltester015.flg_5 = ANY ('{t,f}'::boolean[])) AND (tests_benchmark_booltester015.flg_6 = ANY ('{t,f}'::boolean[])) AND (tests_benchmark_booltester015.flg_7 = ANY ('{t,f}'::boolean[])) AND (tests_benchmark_booltester015.flg_8 = ANY ('{t,f}'::boolean[])) AND (tests_benchmark_booltester015.flg_9 = true) AND (tests_benchmark_booltester015.flg_10 = true) AND (tests_benchmark_booltester015.flg_11 = ANY ('{t,f}'::boolean[])) AND (tests_benchmark_booltester015.flg_12 = ANY ('{t,f}'::boolean[])) AND (tests_benchmark_booltester015.flg_13 = true) AND (tests_benchmark_booltester015.flg_14 = true) AND (tests_benchmark_booltester015.flg_15 = ANY ('{t,f}'::boolean[])))",
                                        "Shared Hit Blocks": 6144,
                                        "Shared Read Blocks": 0,
                                        "Shared Dirtied Blocks": 0,
                                        "Shared Written Blocks": 0,
                                        "Local Hit Blocks": 0,
                                        "Local Read Blocks": 0,
                                        "Local Dirtied Blocks": 0,
                                        "Local Written Blocks": 0,
                                        "Temp Read Blocks": 0,
                                        "Temp Written Blocks": 0,
                                        "WAL Records": 0,
                                        "WAL FPI": 0,
                                        "WAL Bytes": 0
                                    }
                                ]
                            },
                            "Settings": {},
                            "Planning": {
                                "Shared Hit Blocks": 0,
                                "Shared Read Blocks": 0,
                                "Shared Dirtied Blocks": 0,
                                "Shared Written Blocks": 0,
                                "Local Hit Blocks": 0,
                                "Local Read Blocks": 0,
                                "Local Dirtied Blocks": 0,
                                "Local Written Blocks": 0,
                                "Temp Read Blocks": 0,
                                "Temp Written Blocks": 0
                            },
                            "Planning Time": 0.056,
                            "Triggers": [],
                            "Execution Time": 15.454
                        },
                        "any_explanation": {
                            "Plan": {
                                "Node Type": "Seq Scan",
                                "Parallel Aware": false,
                                "Async Capable": false,
                                "Relation Name": "tests_benchmark_booltester015",
                                "Schema": "public",
                                "Alias": "tests_benchmark_booltester015",
                                "Startup Cost": 0.0,
                                "Total Cost": 32739.01,
                                "Plan Rows": 1937501,
                                "Plan Width": 24,
                                "Actual Startup Time": 0.005,
                                "Actual Total Time": 160.152,
                                "Actual Rows": 1937051,
                                "Actual Loops": 1,
                                "Output": [
                                    "id",
                                    "flg_0",
                                    "flg_1",
                                    "flg_2",
                                    "flg_3",
                                    "flg_4",
                                    "flg_5",
                                    "flg_6",
                                    "flg_7",
                                    "flg_8",
                                    "flg_9",
                                    "flg_10",
                                    "flg_11",
                                    "flg_12",
                                    "flg_13",
                                    "flg_14",
                                    "flg_15"
                                ],
                                "Filter": "(tests_benchmark_booltester015.flg_2 OR tests_benchmark_booltester015.flg_9 OR tests_benchmark_booltester015.flg_10 OR tests_benchmark_booltester015.flg_13 OR tests_benchmark_booltester015.flg_14)",
                                "Rows Removed by Filter": 62950,
                                "Shared Hit Blocks": 12739,
                                "Shared Read Blocks": 0,
                                "Shared Dirtied Blocks": 0,
                                "Shared Written Blocks": 0,
                                "Local Hit Blocks": 0,
                                "Local Read Blocks": 0,
                                "Local Dirtied Blocks": 0,
                                "Local Written Blocks": 0,
                                "Temp Read Blocks": 0,
                                "Temp Written Blocks": 0,
                                "WAL Records": 0,
                                "WAL FPI": 0,
                                "WAL Bytes": 0
                            },
                            "Settings": {},
                            "Planning": {
                                "Shared Hit Blocks": 0,
                                "Shared Read Blocks": 0,
                                "Shared Dirtied Blocks": 0,
                                "Shared Written Blocks": 0,
                                "Local Hit Blocks": 0,
                                "Local Read Blocks": 0,
                                "Local Dirtied Blocks": 0,
                                "Local Written Blocks": 0,
                                "Temp Read Blocks": 0,
                                "Temp Written Blocks": 0
                            },
                            "Planning Time": 0.054,
                            "Triggers": [],
                            "Execution Time": 199.677
                        },
                        "exact_explanation": {
                            "Plan": {
                                "Node Type": "Bitmap Heap Scan",
                                "Parallel Aware": false,
                                "Async Capable": false,
                                "Relation Name": "tests_benchmark_booltester015",
                                "Schema": "public",
                                "Alias": "tests_benchmark_booltester015",
                                "Startup Cost": 5.83,
                                "Total Cost": 125.55,
                                "Plan Rows": 31,
                                "Plan Width": 24,
                                "Actual Startup Time": 0.005,
                                "Actual Total Time": 0.012,
                                "Actual Rows": 37,
                                "Actual Loops": 1,
                                "Output": [
                                    "id",
                                    "flg_0",
                                    "flg_1",
                                    "flg_2",
                                    "flg_3",
                                    "flg_4",
                                    "flg_5",
                                    "flg_6",
                                    "flg_7",
                                    "flg_8",
                                    "flg_9",
                                    "flg_10",
                                    "flg_11",
                                    "flg_12",
                                    "flg_13",
                                    "flg_14",
                                    "flg_15"
                                ],
                                "Recheck Cond": "((NOT tests_benchmark_booltester015.flg_0) AND (NOT tests_benchmark_booltester015.flg_1) AND tests_benchmark_booltester015.flg_2 AND (NOT tests_benchmark_booltester015.flg_3) AND (NOT tests_benchmark_booltester015.flg_4) AND (NOT tests_benchmark_booltester015.flg_5) AND (NOT tests_benchmark_booltester015.flg_6) AND (NOT tests_benchmark_booltester015.flg_7) AND (NOT tests_benchmark_booltester015.flg_8) AND tests_benchmark_booltester015.flg_9 AND tests_benchmark_booltester015.flg_10 AND (NOT tests_benchmark_booltester015.flg_11) AND (NOT tests_benchmark_booltester015.flg_12) AND tests_benchmark_booltester015.flg_13 AND tests_benchmark_booltester015.flg_14 AND (NOT tests_benchmark_booltester015.flg_15))",
                                "Rows Removed by Index Recheck": 0,
                                "Exact Heap Blocks": 37,
                                "Lossy Heap Blocks": 0,
                                "Shared Hit Blocks": 40,
                                "Shared Read Blocks": 0,
                                "Shared Dirtied Blocks": 0,
                                "Shared Written Blocks": 0,
                                "Local Hit Blocks": 0,
                                "Local Read Blocks": 0,
                                "Local Dirtied Blocks": 0,
                                "Local Written Blocks": 0,
                                "Temp Read Blocks": 0,
                                "Temp Written Blocks": 0,
                                "WAL Records": 0,
                                "WAL FPI": 0,
                                "WAL Bytes": 0,
                                "Plans": [
                                    {
                                        "Node Type": "Bitmap Index Scan",
                                        "Parent Relationship": "Outer",
                                        "Parallel Aware": false,
                                        "Async Capable": false,
                                        "Index Name": "bool_multi",
                                        "Startup Cost": 0.0,
                                        "Total Cost": 5.82,
                                        "Plan Rows": 31,
                                        "Plan Width": 0,
                                        "Actual Startup Time": 0.003,
                                        "Actual Total Time": 0.003,
                                        "Actual Rows": 37,
                                        "Actual Loops": 1,
                                        "Index Cond": "((tests_benchmark_booltester015.flg_0 = false) AND (tests_benchmark_booltester015.flg_1 = false) AND (tests_benchmark_booltester015.flg_2 = true) AND (tests_benchmark_booltester015.flg_3 = false) AND (tests_benchmark_booltester015.flg_4 = false) AND (tests_benchmark_booltester015.flg_5 = false) AND (tests_benchmark_booltester015.flg_6 = false) AND (tests_benchmark_booltester015.flg_7 = false) AND (tests_benchmark_booltester015.flg_8 = false) AND (tests_benchmark_booltester015.flg_9 = true) AND (tests_benchmark_booltester015.flg_10 = true) AND (tests_benchmark_booltester015.flg_11 = false) AND (tests_benchmark_booltester015.flg_12 = false) AND (tests_benchmark_booltester015.flg_13 = true) AND (tests_benchmark_booltester015.flg_14 = true) AND (tests_benchmark_booltester015.flg_15 = false))",
                                        "Shared Hit Blocks": 3,
                                        "Shared Read Blocks": 0,
                                        "Shared Dirtied Blocks": 0,
                                        "Shared Written Blocks": 0,
                                        "Local Hit Blocks": 0,
                                        "Local Read Blocks": 0,
                                        "Local Dirtied Blocks": 0,
                                        "Local Written Blocks": 0,
                                        "Temp Read Blocks": 0,
                                        "Temp Written Blocks": 0,
                                        "WAL Records": 0,
                                        "WAL FPI": 0,
                                        "WAL Bytes": 0
                                    }
                                ]
                            },
                            "Settings": {},
                            "Planning": {
                                "Shared Hit Blocks": 0,
                                "Shared Read Blocks": 0,
                                "Shared Dirtied Blocks": 0,
                                "Shared Written Blocks": 0,
                                "Local Hit Blocks": 0,
                                "Local Read Blocks": 0,
                                "Local Dirtied Blocks": 0,
                                "Local Written Blocks": 0,
                                "Temp Read Blocks": 0,
                                "Temp Written Blocks": 0
                            },
                            "Planning Time": 0.027,
                            "Triggers": [],
                            "Execution Time": 0.017
                        },
                        "all_ftr_time": 0.004097000000000001,
                        "any_ftr_time": 0.2153873,
                        "exact_ftr_time": 1.6700000000000003e-05
                    },
                    "4000000": {
                        "all_time": 0.012888979099807329,
                        "any_time": 0.5866679748971364,
                        "exact_time": 0.005443803999514785,
                        "table_size": 327155712.0,
                        "index_time": 4.761883999992278,
                        "all_explanation": {
                            "Plan": {
                                "Node Type": "Bitmap Heap Scan",
                                "Parallel Aware": false,
                                "Async Capable": false,
                                "Relation Name": "tests_benchmark_booltester015",
                                "Schema": "public",
                                "Alias": "tests_benchmark_booltester015",
                                "Startup Cost": 912.35,
                                "Total Cost": 17746.22,
                                "Plan Rows": 7813,
                                "Plan Width": 24,
                                "Actual Startup Time": 1.141,
                                "Actual Total Time": 3.284,
                                "Actual Rows": 7790,
                                "Actual Loops": 1,
                                "Output": [
                                    "id",
                                    "flg_0",
                                    "flg_1",
                                    "flg_2",
                                    "flg_3",
                                    "flg_4",
                                    "flg_5",
                                    "flg_6",
                                    "flg_7",
                                    "flg_8",
                                    "flg_9",
                                    "flg_10",
                                    "flg_11",
                                    "flg_12",
                                    "flg_13",
                                    "flg_14",
                                    "flg_15"
                                ],
                                "Recheck Cond": "(tests_benchmark_booltester015.flg_0 AND (tests_benchmark_booltester015.flg_1 = ANY ('{t,f}'::boolean[])) AND tests_benchmark_booltester015.flg_2 AND tests_benchmark_booltester015.flg_3 AND (tests_benchmark_booltester015.flg_4 = ANY ('{t,f}'::boolean[])) AND (tests_benchmark_booltester015.flg_5 = ANY ('{t,f}'::boolean[])) AND (tests_benchmark_booltester015.flg_6 = ANY ('{t,f}'::boolean[])) AND (tests_benchmark_booltester015.flg_7 = ANY ('{t,f}'::boolean[])) AND tests_benchmark_booltester015.flg_8 AND tests_benchmark_booltester015.flg_9 AND (tests_benchmark_booltester015.flg_10 = ANY ('{t,f}'::boolean[])) AND tests_benchmark_booltester015.flg_11 AND tests_benchmark_booltester015.flg_12 AND (tests_benchmark_booltester015.flg_13 = ANY ('{t,f}'::boolean[])) AND tests_benchmark_booltester015.flg_14 AND tests_benchmark_booltester015.flg_15)",
                                "Rows Removed by Index Recheck": 0,
                                "Exact Heap Blocks": 6747,
                                "Lossy Heap Blocks": 0,
                                "Shared Hit Blocks": 7131,
                                "Shared Read Blocks": 0,
                                "Shared Dirtied Blocks": 0,
                                "Shared Written Blocks": 0,
                                "Local Hit Blocks": 0,
                                "Local Read Blocks": 0,
                                "Local Dirtied Blocks": 0,
                                "Local Written Blocks": 0,
                                "Temp Read Blocks": 0,
                                "Temp Written Blocks": 0,
                                "WAL Records": 0,
                                "WAL FPI": 0,
                                "WAL Bytes": 0,
                                "Plans": [
                                    {
                                        "Node Type": "Bitmap Index Scan",
                                        "Parent Relationship": "Outer",
                                        "Parallel Aware": false,
                                        "Async Capable": false,
                                        "Index Name": "bool_multi",
                                        "Startup Cost": 0.0,
                                        "Total Cost": 910.4,
                                        "Plan Rows": 7813,
                                        "Plan Width": 0,
                                        "Actual Startup Time": 0.615,
                                        "Actual Total Time": 0.615,
                                        "Actual Rows": 7790,
                                        "Actual Loops": 1,
                                        "Index Cond": "((tests_benchmark_booltester015.flg_0 = true) AND (tests_benchmark_booltester015.flg_1 = ANY ('{t,f}'::boolean[])) AND (tests_benchmark_booltester015.flg_2 = true) AND (tests_benchmark_booltester015.flg_3 = true) AND (tests_benchmark_booltester015.flg_4 = ANY ('{t,f}'::boolean[])) AND (tests_benchmark_booltester015.flg_5 = ANY ('{t,f}'::boolean[])) AND (tests_benchmark_booltester015.flg_6 = ANY ('{t,f}'::boolean[])) AND (tests_benchmark_booltester015.flg_7 = ANY ('{t,f}'::boolean[])) AND (tests_benchmark_booltester015.flg_8 = true) AND (tests_benchmark_booltester015.flg_9 = true) AND (tests_benchmark_booltester015.flg_10 = ANY ('{t,f}'::boolean[])) AND (tests_benchmark_booltester015.flg_11 = true) AND (tests_benchmark_booltester015.flg_12 = true) AND (tests_benchmark_booltester015.flg_13 = ANY ('{t,f}'::boolean[])) AND (tests_benchmark_booltester015.flg_14 = true) AND (tests_benchmark_booltester015.flg_15 = true))",
                                        "Shared Hit Blocks": 384,
                                        "Shared Read Blocks": 0,
                                        "Shared Dirtied Blocks": 0,
                                        "Shared Written Blocks": 0,
                                        "Local Hit Blocks": 0,
                                        "Local Read Blocks": 0,
                                        "Local Dirtied Blocks": 0,
                                        "Local Written Blocks": 0,
                                        "Temp Read Blocks": 0,
                                        "Temp Written Blocks": 0,
                                        "WAL Records": 0,
                                        "WAL FPI": 0,
                                        "WAL Bytes": 0
                                    }
                                ]
                            },
                            "Settings": {},
                            "Planning": {
                                "Shared Hit Blocks": 0,
                                "Shared Read Blocks": 0,
                                "Shared Dirtied Blocks": 0,
                                "Shared Written Blocks": 0,
                                "Local Hit Blocks": 0,
                                "Local Read Blocks": 0,
                                "Local Dirtied Blocks": 0,
                                "Local Written Blocks": 0,
                                "Temp Read Blocks": 0,
                                "Temp Written Blocks": 0
                            },
                            "Planning Time": 0.054,
                            "Triggers": [],
                            "Execution Time": 3.867
                        },
                        "any_explanation": {
                            "Plan": {
                                "Node Type": "Seq Scan",
                                "Parallel Aware": false,
                                "Async Capable": false,
                                "Relation Name": "tests_benchmark_booltester015",
                                "Schema": "public",
                                "Alias": "tests_benchmark_booltester015",
                                "Startup Cost": 0.0,
                                "Total Cost": 65478.01,
                                "Plan Rows": 3992188,
                                "Plan Width": 24,
                                "Actual Startup Time": 0.081,
                                "Actual Total Time": 367.452,
                                "Actual Rows": 3992309,
                                "Actual Loops": 1,
                                "Output": [
                                    "id",
                                    "flg_0",
                                    "flg_1",
                                    "flg_2",
                                    "flg_3",
                                    "flg_4",
                                    "flg_5",
                                    "flg_6",
                                    "flg_7",
                                    "flg_8",
                                    "flg_9",
                                    "flg_10",
                                    "flg_11",
                                    "flg_12",
                                    "flg_13",
                                    "flg_14",
                                    "flg_15"
                                ],
                                "Filter": "(tests_benchmark_booltester015.flg_0 OR tests_benchmark_booltester015.flg_2 OR tests_benchmark_booltester015.flg_3 OR tests_benchmark_booltester015.flg_8 OR tests_benchmark_booltester015.flg_9 OR tests_benchmark_booltester015.flg_11 OR tests_benchmark_booltester015.flg_12 OR tests_benchmark_booltester015.flg_14 OR tests_benchmark_booltester015.flg_15)",
                                "Rows Removed by Filter": 7692,
                                "Shared Hit Blocks": 16163,
                                "Shared Read Blocks": 9315,
                                "Shared Dirtied Blocks": 0,
                                "Shared Written Blocks": 0,
                                "Local Hit Blocks": 0,
                                "Local Read Blocks": 0,
                                "Local Dirtied Blocks": 0,
                                "Local Written Blocks": 0,
                                "Temp Read Blocks": 0,
                                "Temp Written Blocks": 0,
                                "WAL Records": 0,
                                "WAL FPI": 0,
                                "WAL Bytes": 0
                            },
                            "Settings": {},
                            "Planning": {
                                "Shared Hit Blocks": 0,
                                "Shared Read Blocks": 0,
                                "Shared Dirtied Blocks": 0,
                                "Shared Written Blocks": 0,
                                "Local Hit Blocks": 0,
                                "Local Read Blocks": 0,
                                "Local Dirtied Blocks": 0,
                                "Local Written Blocks": 0,
                                "Temp Read Blocks": 0,
                                "Temp Written Blocks": 0
                            },
                            "Planning Time": 0.038,
                            "Triggers": [],
                            "Execution Time": 448.821
                        },
                        "exact_explanation": {
                            "Plan": {
                                "Node Type": "Bitmap Heap Scan",
                                "Parallel Aware": false,
                                "Async Capable": false,
                                "Relation Name": "tests_benchmark_booltester015",
                                "Schema": "public",
                                "Alias": "tests_benchmark_booltester015",
                                "Startup Cost": 7.19,
                                "Total Cost": 242.85,
                                "Plan Rows": 61,
                                "Plan Width": 24,
                                "Actual Startup Time": 0.007,
                                "Actual Total Time": 0.015,
                                "Actual Rows": 49,
                                "Actual Loops": 1,
                                "Output": [
                                    "id",
                                    "flg_0",
                                    "flg_1",
                                    "flg_2",
                                    "flg_3",
                                    "flg_4",
                                    "flg_5",
                                    "flg_6",
                                    "flg_7",
                                    "flg_8",
                                    "flg_9",
                                    "flg_10",
                                    "flg_11",
                                    "flg_12",
                                    "flg_13",
                                    "flg_14",
                                    "flg_15"
                                ],
                                "Recheck Cond": "(tests_benchmark_booltester015.flg_0 AND (NOT tests_benchmark_booltester015.flg_1) AND tests_benchmark_booltester015.flg_2 AND tests_benchmark_booltester015.flg_3 AND (NOT tests_benchmark_booltester015.flg_4) AND (NOT tests_benchmark_booltester015.flg_5) AND (NOT tests_benchmark_booltester015.flg_6) AND (NOT tests_benchmark_booltester015.flg_7) AND tests_benchmark_booltester015.flg_8 AND tests_benchmark_booltester015.flg_9 AND (NOT tests_benchmark_booltester015.flg_10) AND tests_benchmark_booltester015.flg_11 AND tests_benchmark_booltester015.flg_12 AND (NOT tests_benchmark_booltester015.flg_13) AND tests_benchmark_booltester015.flg_14 AND tests_benchmark_booltester015.flg_15)",
                                "Rows Removed by Index Recheck": 0,
                                "Exact Heap Blocks": 49,
                                "Lossy Heap Blocks": 0,
                                "Shared Hit Blocks": 52,
                                "Shared Read Blocks": 0,
                                "Shared Dirtied Blocks": 0,
                                "Shared Written Blocks": 0,
                                "Local Hit Blocks": 0,
                                "Local Read Blocks": 0,
                                "Local Dirtied Blocks": 0,
                                "Local Written Blocks": 0,
                                "Temp Read Blocks": 0,
                                "Temp Written Blocks": 0,
                                "WAL Records": 0,
                                "WAL FPI": 0,
                                "WAL Bytes": 0,
                                "Plans": [
                                    {
                                        "Node Type": "Bitmap Index Scan",
                                        "Parent Relationship": "Outer",
                                        "Parallel Aware": false,
                                        "Async Capable": false,
                                        "Index Name": "bool_multi",
                                        "Startup Cost": 0.0,
                                        "Total Cost": 7.17,
                                        "Plan Rows": 61,
                                        "Plan Width": 0,
                                        "Actual Startup Time": 0.004,
                                        "Actual Total Time": 0.004,
                                        "Actual Rows": 49,
                                        "Actual Loops": 1,
                                        "Index Cond": "((tests_benchmark_booltester015.flg_0 = true) AND (tests_benchmark_booltester015.flg_1 = false) AND (tests_benchmark_booltester015.flg_2 = true) AND (tests_benchmark_booltester015.flg_3 = true) AND (tests_benchmark_booltester015.flg_4 = false) AND (tests_benchmark_booltester015.flg_5 = false) AND (tests_benchmark_booltester015.flg_6 = false) AND (tests_benchmark_booltester015.flg_7 = false) AND (tests_benchmark_booltester015.flg_8 = true) AND (tests_benchmark_booltester015.flg_9 = true) AND (tests_benchmark_booltester015.flg_10 = false) AND (tests_benchmark_booltester015.flg_11 = true) AND (tests_benchmark_booltester015.flg_12 = true) AND (tests_benchmark_booltester015.flg_13 = false) AND (tests_benchmark_booltester015.flg_14 = true) AND (tests_benchmark_booltester015.flg_15 = true))",
                                        "Shared Hit Blocks": 3,
                                        "Shared Read Blocks": 0,
                                        "Shared Dirtied Blocks": 0,
                                        "Shared Written Blocks": 0,
                                        "Local Hit Blocks": 0,
                                        "Local Read Blocks": 0,
                                        "Local Dirtied Blocks": 0,
                                        "Local Written Blocks": 0,
                                        "Temp Read Blocks": 0,
                                        "Temp Written Blocks": 0,
                                        "WAL Records": 0,
                                        "WAL FPI": 0,
                                        "WAL Bytes": 0
                                    }
                                ]
                            },
                            "Settings": {},
                            "Planning": {
                                "Shared Hit Blocks": 0,
                                "Shared Read Blocks": 0,
                                "Shared Dirtied Blocks": 0,
                                "Shared Written Blocks": 0,
                                "Local Hit Blocks": 0,
                                "Local Read Blocks": 0,
                                "Local Dirtied Blocks": 0,
                                "Local Written Blocks": 0,
                                "Temp Read Blocks": 0,
                                "Temp Written Blocks": 0
                            },
                            "Planning Time": 0.027,
                            "Triggers": [],
                            "Execution Time": 0.021
                        },
                        "all_ftr_time": 0.005280899999999999,
                        "any_ftr_time": 0.4461277999999999,
                        "exact_ftr_time": 2.4299999999999994e-05
                    },
                    "6000000": {
                        "all_time": 0.043289824800740465,
                        "any_time": 0.842960495997977,
                        "exact_time": 0.005325791702489369,
                        "table_size": 490733568.0,
                        "index_time": 7.271616874990286,
                        "all_explanation": {
                            "Plan": {
                                "Node Type": "Bitmap Heap Scan",
                                "Parallel Aware": false,
                                "Async Capable": false,
                                "Relation Name": "tests_benchmark_booltester015",
                                "Schema": "public",
                                "Alias": "tests_benchmark_booltester015",
                                "Startup Cost": 1886.88,
                                "Total Cost": 33100.32,
                                "Plan Rows": 17275,
                                "Plan Width": 24,
                                "Actual Startup Time": 3.266,
                                "Actual Total Time": 34.396,
                                "Actual Rows": 23669,
                                "Actual Loops": 1,
                                "Output": [
                                    "id",
                                    "flg_0",
                                    "flg_1",
                                    "flg_2",
                                    "flg_3",
                                    "flg_4",
                                    "flg_5",
                                    "flg_6",
                                    "flg_7",
                                    "flg_8",
                                    "flg_9",
                                    "flg_10",
                                    "flg_11",
                                    "flg_12",
                                    "flg_13",
                                    "flg_14",
                                    "flg_15"
                                ],
                                "Recheck Cond": "((tests_benchmark_booltester015.flg_0 = ANY ('{t,f}'::boolean[])) AND (tests_benchmark_booltester015.flg_1 = ANY ('{t,f}'::boolean[])) AND tests_benchmark_booltester015.flg_2 AND tests_benchmark_booltester015.flg_3 AND tests_benchmark_booltester015.flg_4 AND tests_benchmark_booltester015.flg_5 AND (tests_benchmark_booltester015.flg_6 = ANY ('{t,f}'::boolean[])) AND (tests_benchmark_booltester015.flg_7 = ANY ('{t,f}'::boolean[])) AND (tests_benchmark_booltester015.flg_8 = ANY ('{t,f}'::boolean[])) AND tests_benchmark_booltester015.flg_9 AND tests_benchmark_booltester015.flg_10 AND tests_benchmark_booltester015.flg_11 AND (tests_benchmark_booltester015.flg_12 = ANY ('{t,f}'::boolean[])) AND (tests_benchmark_booltester015.flg_13 = ANY ('{t,f}'::boolean[])) AND (tests_benchmark_booltester015.flg_14 = ANY ('{t,f}'::boolean[])) AND tests_benchmark_booltester015.flg_15)",
                                "Rows Removed by Index Recheck": 0,
                                "Exact Heap Blocks": 17706,
                                "Lossy Heap Blocks": 0,
                                "Shared Hit Blocks": 785,
                                "Shared Read Blocks": 17689,
                                "Shared Dirtied Blocks": 0,
                                "Shared Written Blocks": 0,
                                "Local Hit Blocks": 0,
                                "Local Read Blocks": 0,
                                "Local Dirtied Blocks": 0,
                                "Local Written Blocks": 0,
                                "Temp Read Blocks": 0,
                                "Temp Written Blocks": 0,
                                "WAL Records": 0,
                                "WAL FPI": 0,
                                "WAL Bytes": 0,
                                "Plans": [
                                    {
                                        "Node Type": "Bitmap Index Scan",
                                        "Parent Relationship": "Outer",
                                        "Parallel Aware": false,
                                        "Async Capable": false,
                                        "Index Name": "bool_multi",
                                        "Startup Cost": 0.0,
                                        "Total Cost": 1882.56,
                                        "Plan Rows": 17275,
                                        "Plan Width": 0,
                                        "Actual Startup Time": 1.688,
                                        "Actual Total Time": 1.688,
                                        "Actual Rows": 23669,
                                        "Actual Loops": 1,
                                        "Index Cond": "((tests_benchmark_booltester015.flg_0 = ANY ('{t,f}'::boolean[])) AND (tests_benchmark_booltester015.flg_1 = ANY ('{t,f}'::boolean[])) AND (tests_benchmark_booltester015.flg_2 = true) AND (tests_benchmark_booltester015.flg_3 = true) AND (tests_benchmark_booltester015.flg_4 = true) AND (tests_benchmark_booltester015.flg_5 = true) AND (tests_benchmark_booltester015.flg_6 = ANY ('{t,f}'::boolean[])) AND (tests_benchmark_booltester015.flg_7 = ANY ('{t,f}'::boolean[])) AND (tests_benchmark_booltester015.flg_8 = ANY ('{t,f}'::boolean[])) AND (tests_benchmark_booltester015.flg_9 = true) AND (tests_benchmark_booltester015.flg_10 = true) AND (tests_benchmark_booltester015.flg_11 = true) AND (tests_benchmark_booltester015.flg_12 = ANY ('{t,f}'::boolean[])) AND (tests_benchmark_booltester015.flg_13 = ANY ('{t,f}'::boolean[])) AND (tests_benchmark_booltester015.flg_14 = ANY ('{t,f}'::boolean[])) AND (tests_benchmark_booltester015.flg_15 = true))",
                                        "Shared Hit Blocks": 754,
                                        "Shared Read Blocks": 14,
                                        "Shared Dirtied Blocks": 0,
                                        "Shared Written Blocks": 0,
                                        "Local Hit Blocks": 0,
                                        "Local Read Blocks": 0,
                                        "Local Dirtied Blocks": 0,
                                        "Local Written Blocks": 0,
                                        "Temp Read Blocks": 0,
                                        "Temp Written Blocks": 0,
                                        "WAL Records": 0,
                                        "WAL FPI": 0,
                                        "WAL Bytes": 0
                                    }
                                ]
                            },
                            "Settings": {},
                            "Planning": {
                                "Shared Hit Blocks": 0,
                                "Shared Read Blocks": 0,
                                "Shared Dirtied Blocks": 0,
                                "Shared Written Blocks": 0,
                                "Local Hit Blocks": 0,
                                "Local Read Blocks": 0,
                                "Local Dirtied Blocks": 0,
                                "Local Written Blocks": 0,
                                "Temp Read Blocks": 0,
                                "Temp Written Blocks": 0
                            },
                            "Planning Time": 0.071,
                            "Triggers": [],
                            "Execution Time": 35.322
                        },
                        "any_explanation": {
                            "Plan": {
                                "Node Type": "Seq Scan",
                                "Parallel Aware": false,
                                "Async Capable": false,
                                "Relation Name": "tests_benchmark_booltester015",
                                "Schema": "public",
                                "Alias": "tests_benchmark_booltester015",
                                "Startup Cost": 0.0,
                                "Total Cost": 98217.01,
                                "Plan Rows": 5976162,
                                "Plan Width": 24,
                                "Actual Startup Time": 0.185,
                                "Actual Total Time": 553.95,
                                "Actual Rows": 5976516,
                                "Actual Loops": 1,
                                "Output": [
                                    "id",
                                    "flg_0",
                                    "flg_1",
                                    "flg_2",
                                    "flg_3",
                                    "flg_4",
                                    "flg_5",
                                    "flg_6",
                                    "flg_7",
                                    "flg_8",
                                    "flg_9",
                                    "flg_10",
                                    "flg_11",
                                    "flg_12",
                                    "flg_13",
                                    "flg_14",
                                    "flg_15"
                                ],
                                "Filter": "(tests_benchmark_booltester015.flg_2 OR tests_benchmark_booltester015.flg_3 OR tests_benchmark_booltester015.flg_4 OR tests_benchmark_booltester015.flg_5 OR tests_benchmark_booltester015.flg_9 OR tests_benchmark_booltester015.flg_10 OR tests_benchmark_booltester015.flg_11 OR tests_benchmark_booltester015.flg_15)",
                                "Rows Removed by Filter": 23485,
                                "Shared Hit Blocks": 16227,
                                "Shared Read Blocks": 21990,
                                "Shared Dirtied Blocks": 0,
                                "Shared Written Blocks": 0,
                                "Local Hit Blocks": 0,
                                "Local Read Blocks": 0,
                                "Local Dirtied Blocks": 0,
                                "Local Written Blocks": 0,
                                "Temp Read Blocks": 0,
                                "Temp Written Blocks": 0,
                                "WAL Records": 0,
                                "WAL FPI": 0,
                                "WAL Bytes": 0
                            },
                            "Settings": {},
                            "Planning": {
                                "Shared Hit Blocks": 0,
                                "Shared Read Blocks": 0,
                                "Shared Dirtied Blocks": 0,
                                "Shared Written Blocks": 0,
                                "Local Hit Blocks": 0,
                                "Local Read Blocks": 0,
                                "Local Dirtied Blocks": 0,
                                "Local Written Blocks": 0,
                                "Temp Read Blocks": 0,
                                "Temp Written Blocks": 0
                            },
                            "Planning Time": 0.049,
                            "Triggers": [],
                            "Execution Time": 676.122
                        },
                        "exact_explanation": {
                            "Plan": {
                                "Node Type": "Index Scan",
                                "Parallel Aware": false,
                                "Async Capable": false,
                                "Scan Direction": "Forward",
                                "Index Name": "bool_multi",
                                "Relation Name": "tests_benchmark_booltester015",
                                "Schema": "public",
                                "Alias": "tests_benchmark_booltester015",
                                "Startup Cost": 0.43,
                                "Total Cost": 312.28,
                                "Plan Rows": 88,
                                "Plan Width": 24,
                                "Actual Startup Time": 0.004,
                                "Actual Total Time": 0.019,
                                "Actual Rows": 122,
                                "Actual Loops": 1,
                                "Output": [
                                    "id",
                                    "flg_0",
                                    "flg_1",
                                    "flg_2",
                                    "flg_3",
                                    "flg_4",
                                    "flg_5",
                                    "flg_6",
                                    "flg_7",
                                    "flg_8",
                                    "flg_9",
                                    "flg_10",
                                    "flg_11",
                                    "flg_12",
                                    "flg_13",
                                    "flg_14",
                                    "flg_15"
                                ],
                                "Index Cond": "((tests_benchmark_booltester015.flg_0 = false) AND (tests_benchmark_booltester015.flg_1 = false) AND (tests_benchmark_booltester015.flg_2 = true) AND (tests_benchmark_booltester015.flg_3 = true) AND (tests_benchmark_booltester015.flg_4 = true) AND (tests_benchmark_booltester015.flg_5 = true) AND (tests_benchmark_booltester015.flg_6 = false) AND (tests_benchmark_booltester015.flg_7 = false) AND (tests_benchmark_booltester015.flg_8 = false) AND (tests_benchmark_booltester015.flg_9 = true) AND (tests_benchmark_booltester015.flg_10 = true) AND (tests_benchmark_booltester015.flg_11 = true) AND (tests_benchmark_booltester015.flg_12 = false) AND (tests_benchmark_booltester015.flg_13 = false) AND (tests_benchmark_booltester015.flg_14 = false) AND (tests_benchmark_booltester015.flg_15 = true))",
                                "Rows Removed by Index Recheck": 0,
                                "Shared Hit Blocks": 125,
                                "Shared Read Blocks": 0,
                                "Shared Dirtied Blocks": 0,
                                "Shared Written Blocks": 0,
                                "Local Hit Blocks": 0,
                                "Local Read Blocks": 0,
                                "Local Dirtied Blocks": 0,
                                "Local Written Blocks": 0,
                                "Temp Read Blocks": 0,
                                "Temp Written Blocks": 0,
                                "WAL Records": 0,
                                "WAL FPI": 0,
                                "WAL Bytes": 0
                            },
                            "Settings": {},
                            "Planning": {
                                "Shared Hit Blocks": 0,
                                "Shared Read Blocks": 0,
                                "Shared Dirtied Blocks": 0,
                                "Shared Written Blocks": 0,
                                "Local Hit Blocks": 0,
                                "Local Read Blocks": 0,
                                "Local Dirtied Blocks": 0,
                                "Local Written Blocks": 0,
                                "Temp Read Blocks": 0,
                                "Temp Written Blocks": 0
                            },
                            "Planning Time": 0.031,
                            "Triggers": [],
                            "Execution Time": 0.027
                        },
                        "all_ftr_time": 0.0433017,
                        "any_ftr_time": 0.6425951999999999,
                        "exact_ftr_time": 2.3099999999999996e-05
                    },
                    "8000000": {
                        "all_time": 0.051629641698673366,
                        "any_time": 1.158831858400663,
                        "exact_time": 0.005803549900883808,
                        "table_size": 655360000.0,
                        "index_time": 9.83240291698894,
                        "all_explanation": {
                            "Plan": {
                                "Node Type": "Bitmap Heap Scan",
                                "Parallel Aware": false,
                                "Async Capable": false,
                                "Relation Name": "tests_benchmark_booltester015",
                                "Schema": "public",
                                "Alias": "tests_benchmark_booltester015",
                                "Startup Cost": 3105.0,
                                "Total Cost": 41905.14,
                                "Plan Rows": 20003,
                                "Plan Width": 24,
                                "Actual Startup Time": 7.47,
                                "Actual Total Time": 78.0,
                                "Actual Rows": 62953,
                                "Actual Loops": 1,
                                "Output": [
                                    "id",
                                    "flg_0",
                                    "flg_1",
                                    "flg_2",
                                    "flg_3",
                                    "flg_4",
                                    "flg_5",
                                    "flg_6",
                                    "flg_7",
                                    "flg_8",
                                    "flg_9",
                                    "flg_10",
                                    "flg_11",
                                    "flg_12",
                                    "flg_13",
                                    "flg_14",
                                    "flg_15"
                                ],
                                "Recheck Cond": "((tests_benchmark_booltester015.flg_0 = ANY ('{t,f}'::boolean[])) AND (tests_benchmark_booltester015.flg_1 = ANY ('{t,f}'::boolean[])) AND (tests_benchmark_booltester015.flg_2 = ANY ('{t,f}'::boolean[])) AND tests_benchmark_booltester015.flg_3 AND tests_benchmark_booltester015.flg_4 AND tests_benchmark_booltester015.flg_5 AND tests_benchmark_booltester015.flg_6 AND tests_benchmark_booltester015.flg_7 AND (tests_benchmark_booltester015.flg_8 = ANY ('{t,f}'::boolean[])) AND (tests_benchmark_booltester015.flg_9 = ANY ('{t,f}'::boolean[])) AND tests_benchmark_booltester015.flg_10 AND (tests_benchmark_booltester015.flg_11 = ANY ('{t,f}'::boolean[])) AND (tests_benchmark_booltester015.flg_12 = ANY ('{t,f}'::boolean[])) AND tests_benchmark_booltester015.flg_13 AND (tests_benchmark_booltester015.flg_14 = ANY ('{t,f}'::boolean[])) AND (tests_benchmark_booltester015.flg_15 = ANY ('{t,f}'::boolean[])))",
                                "Rows Removed by Index Recheck": 0,
                                "Exact Heap Blocks": 36301,
                                "Lossy Heap Blocks": 0,
                                "Shared Hit Blocks": 1536,
                                "Shared Read Blocks": 36314,
                                "Shared Dirtied Blocks": 0,
                                "Shared Written Blocks": 0,
                                "Local Hit Blocks": 0,
                                "Local Read Blocks": 0,
                                "Local Dirtied Blocks": 0,
                                "Local Written Blocks": 0,
                                "Temp Read Blocks": 0,
                                "Temp Written Blocks": 0,
                                "WAL Records": 0,
                                "WAL FPI": 0,
                                "WAL Bytes": 0,
                                "Plans": [
                                    {
                                        "Node Type": "Bitmap Index Scan",
                                        "Parent Relationship": "Outer",
                                        "Parallel Aware": false,
                                        "Async Capable": false,
                                        "Index Name": "bool_multi",
                                        "Startup Cost": 0.0,
                                        "Total Cost": 3100.0,
                                        "Plan Rows": 20003,
                                        "Plan Width": 0,
                                        "Actual Startup Time": 3.957,
                                        "Actual Total Time": 3.957,
                                        "Actual Rows": 62953,
                                        "Actual Loops": 1,
                                        "Index Cond": "((tests_benchmark_booltester015.flg_0 = ANY ('{t,f}'::boolean[])) AND (tests_benchmark_booltester015.flg_1 = ANY ('{t,f}'::boolean[])) AND (tests_benchmark_booltester015.flg_2 = ANY ('{t,f}'::boolean[])) AND (tests_benchmark_booltester015.flg_3 = true) AND (tests_benchmark_booltester015.flg_4 = true) AND (tests_benchmark_booltester015.flg_5 = true) AND (tests_benchmark_booltester015.flg_6 = true) AND (tests_benchmark_booltester015.flg_7 = true) AND (tests_benchmark_booltester015.flg_8 = ANY ('{t,f}'::boolean[])) AND (tests_benchmark_booltester015.flg_9 = ANY ('{t,f}'::boolean[])) AND (tests_benchmark_booltester015.flg_10 = true) AND (tests_benchmark_booltester015.flg_11 = ANY ('{t,f}'::boolean[])) AND (tests_benchmark_booltester015.flg_12 = ANY ('{t,f}'::boolean[])) AND (tests_benchmark_booltester015.flg_13 = true) AND (tests_benchmark_booltester015.flg_14 = ANY ('{t,f}'::boolean[])) AND (tests_benchmark_booltester015.flg_15 = ANY ('{t,f}'::boolean[])))",
                                        "Shared Hit Blocks": 1536,
                                        "Shared Read Blocks": 13,
                                        "Shared Dirtied Blocks": 0,
                                        "Shared Written Blocks": 0,
                                        "Local Hit Blocks": 0,
                                        "Local Read Blocks": 0,
                                        "Local Dirtied Blocks": 0,
                                        "Local Written Blocks": 0,
                                        "Temp Read Blocks": 0,
                                        "Temp Written Blocks": 0,
                                        "WAL Records": 0,
                                        "WAL FPI": 0,
                                        "WAL Bytes": 0
                                    }
                                ]
                            },
                            "Settings": {},
                            "Planning": {
                                "Shared Hit Blocks": 0,
                                "Shared Read Blocks": 0,
                                "Shared Dirtied Blocks": 0,
                                "Shared Written Blocks": 0,
                                "Local Hit Blocks": 0,
                                "Local Read Blocks": 0,
                                "Local Dirtied Blocks": 0,
                                "Local Written Blocks": 0,
                                "Temp Read Blocks": 0,
                                "Temp Written Blocks": 0
                            },
                            "Planning Time": 0.074,
                            "Triggers": [],
                            "Execution Time": 80.106
                        },
                        "any_explanation": {
                            "Plan": {
                                "Node Type": "Seq Scan",
                                "Parallel Aware": false,
                                "Async Capable": false,
                                "Relation Name": "tests_benchmark_booltester015",
                                "Schema": "public",
                                "Alias": "tests_benchmark_booltester015",
                                "Startup Cost": 0.0,
                                "Total Cost": 130956.01,
                                "Plan Rows": 7938225,
                                "Plan Width": 24,
                                "Actual Startup Time": 0.072,
                                "Actual Total Time": 663.199,
                                "Actual Rows": 7937010,
                                "Actual Loops": 1,
                                "Output": [
                                    "id",
                                    "flg_0",
                                    "flg_1",
                                    "flg_2",
                                    "flg_3",
                                    "flg_4",
                                    "flg_5",
                                    "flg_6",
                                    "flg_7",
                                    "flg_8",
                                    "flg_9",
                                    "flg_10",
                                    "flg_11",
                                    "flg_12",
                                    "flg_13",
                                    "flg_14",
                                    "flg_15"
                                ],
                                "Filter": "(tests_benchmark_booltester015.flg_3 OR tests_benchmark_booltester015.flg_4 OR tests_benchmark_booltester015.flg_5 OR tests_benchmark_booltester015.flg_6 OR tests_benchmark_booltester015.flg_7 OR tests_benchmark_booltester015.flg_10 OR tests_benchmark_booltester015.flg_13)",
                                "Rows Removed by Filter": 62991,
                                "Shared Hit Blocks": 16187,
                                "Shared Read Blocks": 34769,
                                "Shared Dirtied Blocks": 0,
                                "Shared Written Blocks": 0,
                                "Local Hit Blocks": 0,
                                "Local Read Blocks": 0,
                                "Local Dirtied Blocks": 0,
                                "Local Written Blocks": 0,
                                "Temp Read Blocks": 0,
                                "Temp Written Blocks": 0,
                                "WAL Records": 0,
                                "WAL FPI": 0,
                                "WAL Bytes": 0
                            },
                            "Settings": {},
                            "Planning": {
                                "Shared Hit Blocks": 0,
                                "Shared Read Blocks": 0,
                                "Shared Dirtied Blocks": 0,
                                "Shared Written Blocks": 0,
                                "Local Hit Blocks": 0,
                                "Local Read Blocks": 0,
                                "Local Dirtied Blocks": 0,
                                "Local Written Blocks": 0,
                                "Temp Read Blocks": 0,
                                "Temp Written Blocks": 0
                            },
                            "Planning Time": 0.042,
                            "Triggers": [],
                            "Execution Time": 824.765
                        },
                        "exact_explanation": {
                            "Plan": {
                                "Node Type": "Index Scan",
                                "Parallel Aware": false,
                                "Async Capable": false,
                                "Scan Direction": "Forward",
                                "Index Name": "bool_multi",
                                "Relation Name": "tests_benchmark_booltester015",
                                "Schema": "public",
                                "Alias": "tests_benchmark_booltester015",
                                "Startup Cost": 0.43,
                                "Total Cost": 437.91,
                                "Plan Rows": 124,
                                "Plan Width": 24,
                                "Actual Startup Time": 0.004,
                                "Actual Total Time": 0.021,
                                "Actual Rows": 122,
                                "Actual Loops": 1,
                                "Output": [
                                    "id",
                                    "flg_0",
                                    "flg_1",
                                    "flg_2",
                                    "flg_3",
                                    "flg_4",
                                    "flg_5",
                                    "flg_6",
                                    "flg_7",
                                    "flg_8",
                                    "flg_9",
                                    "flg_10",
                                    "flg_11",
                                    "flg_12",
                                    "flg_13",
                                    "flg_14",
                                    "flg_15"
                                ],
                                "Index Cond": "((tests_benchmark_booltester015.flg_0 = false) AND (tests_benchmark_booltester015.flg_1 = false) AND (tests_benchmark_booltester015.flg_2 = false) AND (tests_benchmark_booltester015.flg_3 = true) AND (tests_benchmark_booltester015.flg_4 = true) AND (tests_benchmark_booltester015.flg_5 = true) AND (tests_benchmark_booltester015.flg_6 = true) AND (tests_benchmark_booltester015.flg_7 = true) AND (tests_benchmark_booltester015.flg_8 = false) AND (tests_benchmark_booltester015.flg_9 = false) AND (tests_benchmark_booltester015.flg_10 = true) AND (tests_benchmark_booltester015.flg_11 = false) AND (tests_benchmark_booltester015.flg_12 = false) AND (tests_benchmark_booltester015.flg_13 = true) AND (tests_benchmark_booltester015.flg_14 = false) AND (tests_benchmark_booltester015.flg_15 = false))",
                                "Rows Removed by Index Recheck": 0,
                                "Shared Hit Blocks": 124,
                                "Shared Read Blocks": 0,
                                "Shared Dirtied Blocks": 0,
                                "Shared Written Blocks": 0,
                                "Local Hit Blocks": 0,
                                "Local Read Blocks": 0,
                                "Local Dirtied Blocks": 0,
                                "Local Written Blocks": 0,
                                "Temp Read Blocks": 0,
                                "Temp Written Blocks": 0,
                                "WAL Records": 0,
                                "WAL FPI": 0,
                                "WAL Bytes": 0
                            },
                            "Settings": {},
                            "Planning": {
                                "Shared Hit Blocks": 0,
                                "Shared Read Blocks": 0,
                                "Shared Dirtied Blocks": 0,
                                "Shared Written Blocks": 0,
                                "Local Hit Blocks": 0,
                                "Local Read Blocks": 0,
                                "Local Dirtied Blocks": 0,
                                "Local Written Blocks": 0,
                                "Temp Read Blocks": 0,
                                "Temp Written Blocks": 0
                            },
                            "Planning Time": 0.03,
                            "Triggers": [],
                            "Execution Time": 0.029
                        },
                        "all_ftr_time": 0.0481696,
                        "any_ftr_time": 0.8851767999999999,
                        "exact_ftr_time": 2.78e-05
                    },
                    "10000000": {
                        "all_time": 0.04772645809862297,
                        "any_time": 1.4628651749022539,
                        "exact_time": 0.005838949898316059,
                        "table_size": 815792128.0,
                        "index_time": 12.204744458998903,
                        "all_explanation": {
                            "Plan": {
                                "Node Type": "Bitmap Heap Scan",
                                "Parallel Aware": false,
                                "Async Capable": false,
                                "Relation Name": "tests_benchmark_booltester015",
                                "Schema": "public",
                                "Alias": "tests_benchmark_booltester015",
                                "Startup Cost": 938.38,
                                "Total Cost": 24055.31,
                                "Plan Rows": 8252,
                                "Plan Width": 24,
                                "Actual Startup Time": 2.83,
                                "Actual Total Time": 21.366,
                                "Actual Rows": 19595,
                                "Actual Loops": 1,
                                "Output": [
                                    "id",
                                    "flg_0",
                                    "flg_1",
                                    "flg_2",
                                    "flg_3",
                                    "flg_4",
                                    "flg_5",
                                    "flg_6",
                                    "flg_7",
                                    "flg_8",
                                    "flg_9",
                                    "flg_10",
                                    "flg_11",
                                    "flg_12",
                                    "flg_13",
                                    "flg_14",
                                    "flg_15"
                                ],
                                "Recheck Cond": "(tests_benchmark_booltester015.flg_0 AND (tests_benchmark_booltester015.flg_1 = ANY ('{t,f}'::boolean[])) AND tests_benchmark_booltester015.flg_2 AND tests_benchmark_booltester015.flg_3 AND tests_benchmark_booltester015.flg_4 AND tests_benchmark_booltester015.flg_5 AND (tests_benchmark_booltester015.flg_6 = ANY ('{t,f}'::boolean[])) AND (tests_benchmark_booltester015.flg_7 = ANY ('{t,f}'::boolean[])) AND tests_benchmark_booltester015.flg_8 AND (tests_benchmark_booltester015.flg_9 = ANY ('{t,f}'::boolean[])) AND tests_benchmark_booltester015.flg_10 AND (tests_benchmark_booltester015.flg_11 = ANY ('{t,f}'::boolean[])) AND tests_benchmark_booltester015.flg_12 AND (tests_benchmark_booltester015.flg_13 = ANY ('{t,f}'::boolean[])) AND tests_benchmark_booltester015.flg_14 AND (tests_benchmark_booltester015.flg_15 = ANY ('{t,f}'::boolean[])))",
                                "Rows Removed by Index Recheck": 0,
                                "Exact Heap Blocks": 16917,
                                "Lossy Heap Blocks": 0,
                                "Shared Hit Blocks": 8923,
                                "Shared Read Blocks": 8389,
                                "Shared Dirtied Blocks": 0,
                                "Shared Written Blocks": 0,
                                "Local Hit Blocks": 0,
                                "Local Read Blocks": 0,
                                "Local Dirtied Blocks": 0,
                                "Local Written Blocks": 0,
                                "Temp Read Blocks": 0,
                                "Temp Written Blocks": 0,
                                "WAL Records": 0,
                                "WAL FPI": 0,
                                "WAL Bytes": 0,
                                "Plans": [
                                    {
                                        "Node Type": "Bitmap Index Scan",
                                        "Parent Relationship": "Outer",
                                        "Parallel Aware": false,
                                        "Async Capable": false,
                                        "Index Name": "bool_multi",
                                        "Startup Cost": 0.0,
                                        "Total Cost": 936.32,
                                        "Plan Rows": 8252,
                                        "Plan Width": 0,
                                        "Actual Startup Time": 1.349,
                                        "Actual Total Time": 1.349,
                                        "Actual Rows": 19595,
                                        "Actual Loops": 1,
                                        "Index Cond": "((tests_benchmark_booltester015.flg_0 = true) AND (tests_benchmark_booltester015.flg_1 = ANY ('{t,f}'::boolean[])) AND (tests_benchmark_booltester015.flg_2 = true) AND (tests_benchmark_booltester015.flg_3 = true) AND (tests_benchmark_booltester015.flg_4 = true) AND (tests_benchmark_booltester015.flg_5 = true) AND (tests_benchmark_booltester015.flg_6 = ANY ('{t,f}'::boolean[])) AND (tests_benchmark_booltester015.flg_7 = ANY ('{t,f}'::boolean[])) AND (tests_benchmark_booltester015.flg_8 = true) AND (tests_benchmark_booltester015.flg_9 = ANY ('{t,f}'::boolean[])) AND (tests_benchmark_booltester015.flg_10 = true) AND (tests_benchmark_booltester015.flg_11 = ANY ('{t,f}'::boolean[])) AND (tests_benchmark_booltester015.flg_12 = true) AND (tests_benchmark_booltester015.flg_13 = ANY ('{t,f}'::boolean[])) AND (tests_benchmark_booltester015.flg_14 = true) AND (tests_benchmark_booltester015.flg_15 = ANY ('{t,f}'::boolean[])))",
                                        "Shared Hit Blocks": 395,
                                        "Shared Read Blocks": 0,
                                        "Shared Dirtied Blocks": 0,
                                        "Shared Written Blocks": 0,
                                        "Local Hit Blocks": 0,
                                        "Local Read Blocks": 0,
                                        "Local Dirtied Blocks": 0,
                                        "Local Written Blocks": 0,
                                        "Temp Read Blocks": 0,
                                        "Temp Written Blocks": 0,
                                        "WAL Records": 0,
                                        "WAL FPI": 0,
                                        "WAL Bytes": 0
                                    }
                                ]
                            },
                            "Settings": {},
                            "Planning": {
                                "Shared Hit Blocks": 0,
                                "Shared Read Blocks": 0,
                                "Shared Dirtied Blocks": 0,
                                "Shared Written Blocks": 0,
                                "Local Hit Blocks": 0,
                                "Local Read Blocks": 0,
                                "Local Dirtied Blocks": 0,
                                "Local Written Blocks": 0,
                                "Temp Read Blocks": 0,
                                "Temp Written Blocks": 0
                            },
                            "Planning Time": 0.073,
                            "Triggers": [],
                            "Execution Time": 22.438
                        },
                        "any_explanation": {
                            "Plan": {
                                "Node Type": "Seq Scan",
                                "Parallel Aware": false,
                                "Async Capable": false,
                                "Relation Name": "tests_benchmark_booltester015",
                                "Schema": "public",
                                "Alias": "tests_benchmark_booltester015",
                                "Startup Cost": 0.0,
                                "Total Cost": 163695.01,
                                "Plan Rows": 9980508,
                                "Plan Width": 24,
                                "Actual Startup Time": 0.101,
                                "Actual Total Time": 867.079,
                                "Actual Rows": 9980586,
                                "Actual Loops": 1,
                                "Output": [
                                    "id",
                                    "flg_0",
                                    "flg_1",
                                    "flg_2",
                                    "flg_3",
                                    "flg_4",
                                    "flg_5",
                                    "flg_6",
                                    "flg_7",
                                    "flg_8",
                                    "flg_9",
                                    "flg_10",
                                    "flg_11",
                                    "flg_12",
                                    "flg_13",
                                    "flg_14",
                                    "flg_15"
                                ],
                                "Filter": "(tests_benchmark_booltester015.flg_0 OR tests_benchmark_booltester015.flg_2 OR tests_benchmark_booltester015.flg_3 OR tests_benchmark_booltester015.flg_4 OR tests_benchmark_booltester015.flg_5 OR tests_benchmark_booltester015.flg_8 OR tests_benchmark_booltester015.flg_10 OR tests_benchmark_booltester015.flg_12 OR tests_benchmark_booltester015.flg_14)",
                                "Rows Removed by Filter": 19415,
                                "Shared Hit Blocks": 16215,
                                "Shared Read Blocks": 47480,
                                "Shared Dirtied Blocks": 0,
                                "Shared Written Blocks": 0,
                                "Local Hit Blocks": 0,
                                "Local Read Blocks": 0,
                                "Local Dirtied Blocks": 0,
                                "Local Written Blocks": 0,
                                "Temp Read Blocks": 0,
                                "Temp Written Blocks": 0,
                                "WAL Records": 0,
                                "WAL FPI": 0,
                                "WAL Bytes": 0
                            },
                            "Settings": {},
                            "Planning": {
                                "Shared Hit Blocks": 0,
                                "Shared Read Blocks": 0,
                                "Shared Dirtied Blocks": 0,
                                "Shared Written Blocks": 0,
                                "Local Hit Blocks": 0,
                                "Local Read Blocks": 0,
                                "Local Dirtied Blocks": 0,
                                "Local Written Blocks": 0,
                                "Temp Read Blocks": 0,
                                "Temp Written Blocks": 0
                            },
                            "Planning Time": 0.046,
                            "Triggers": [],
                            "Execution Time": 1070.313
                        },
                        "exact_explanation": {
                            "Plan": {
                                "Node Type": "Index Scan",
                                "Parallel Aware": false,
                                "Async Capable": false,
                                "Scan Direction": "Forward",
                                "Index Name": "bool_multi",
                                "Relation Name": "tests_benchmark_booltester015",
                                "Schema": "public",
                                "Alias": "tests_benchmark_booltester015",
                                "Startup Cost": 0.43,
                                "Total Cost": 527.58,
                                "Plan Rows": 150,
                                "Plan Width": 24,
                                "Actual Startup Time": 0.004,
                                "Actual Total Time": 0.021,
                                "Actual Rows": 131,
                                "Actual Loops": 1,
                                "Output": [
                                    "id",
                                    "flg_0",
                                    "flg_1",
                                    "flg_2",
                                    "flg_3",
                                    "flg_4",
                                    "flg_5",
                                    "flg_6",
                                    "flg_7",
                                    "flg_8",
                                    "flg_9",
                                    "flg_10",
                                    "flg_11",
                                    "flg_12",
                                    "flg_13",
                                    "flg_14",
                                    "flg_15"
                                ],
                                "Index Cond": "((tests_benchmark_booltester015.flg_0 = true) AND (tests_benchmark_booltester015.flg_1 = false) AND (tests_benchmark_booltester015.flg_2 = true) AND (tests_benchmark_booltester015.flg_3 = true) AND (tests_benchmark_booltester015.flg_4 = true) AND (tests_benchmark_booltester015.flg_5 = true) AND (tests_benchmark_booltester015.flg_6 = false) AND (tests_benchmark_booltester015.flg_7 = false) AND (tests_benchmark_booltester015.flg_8 = true) AND (tests_benchmark_booltester015.flg_9 = false) AND (tests_benchmark_booltester015.flg_10 = true) AND (tests_benchmark_booltester015.flg_11 = false) AND (tests_benchmark_booltester015.flg_12 = true) AND (tests_benchmark_booltester015.flg_13 = false) AND (tests_benchmark_booltester015.flg_14 = true) AND (tests_benchmark_booltester015.flg_15 = false))",
                                "Rows Removed by Index Recheck": 0,
                                "Shared Hit Blocks": 134,
                                "Shared Read Blocks": 0,
                                "Shared Dirtied Blocks": 0,
                                "Shared Written Blocks": 0,
                                "Local Hit Blocks": 0,
                                "Local Read Blocks": 0,
                                "Local Dirtied Blocks": 0,
                                "Local Written Blocks": 0,
                                "Temp Read Blocks": 0,
                                "Temp Written Blocks": 0,
                                "WAL Records": 0,
                                "WAL FPI": 0,
                                "WAL Bytes": 0
                            },
                            "Settings": {},
                            "Planning": {
                                "Shared Hit Blocks": 0,
                                "Shared Read Blocks": 0,
                                "Shared Dirtied Blocks": 0,
                                "Shared Written Blocks": 0,
                                "Local Hit Blocks": 0,
                                "Local Read Blocks": 0,
                                "Local Dirtied Blocks": 0,
                                "Local Written Blocks": 0,
                                "Temp Read Blocks": 0,
                                "Temp Written Blocks": 0
                            },
                            "Planning Time": 0.031,
                            "Triggers": [],
                            "Execution Time": 0.029
                        },
                        "all_ftr_time": 0.045840700000000005,
                        "any_ftr_time": 1.1124444999999998,
                        "exact_ftr_time": 3.420000000000001e-05
                    },
                    "20000000": {
                        "all_time": 0.2142115915994509,
                        "any_time": 2.891116812401742,
                        "exact_time": 0.0060687626988510605,
                        "table_size": 1633681408.0,
                        "index_time": 25.594975333006005,
                        "all_explanation": {
                            "Plan": {
                                "Node Type": "Gather",
                                "Parallel Aware": false,
                                "Async Capable": false,
                                "Startup Cost": 21957.14,
                                "Total Cost": 409695.84,
                                "Plan Rows": 271425,
                                "Plan Width": 24,
                                "Actual Startup Time": 36.208,
                                "Actual Total Time": 719.654,
                                "Actual Rows": 625261,
                                "Actual Loops": 1,
                                "Output": [
                                    "id",
                                    "flg_0",
                                    "flg_1",
                                    "flg_2",
                                    "flg_3",
                                    "flg_4",
                                    "flg_5",
                                    "flg_6",
                                    "flg_7",
                                    "flg_8",
                                    "flg_9",
                                    "flg_10",
                                    "flg_11",
                                    "flg_12",
                                    "flg_13",
                                    "flg_14",
                                    "flg_15"
                                ],
                                "Workers Planned": 2,
                                "Workers Launched": 2,
                                "Single Copy": false,
                                "Shared Hit Blocks": 5479,
                                "Shared Read Blocks": 127658,
                                "Shared Dirtied Blocks": 0,
                                "Shared Written Blocks": 0,
                                "Local Hit Blocks": 0,
                                "Local Read Blocks": 0,
                                "Local Dirtied Blocks": 0,
                                "Local Written Blocks": 0,
                                "Temp Read Blocks": 0,
                                "Temp Written Blocks": 0,
                                "WAL Records": 0,
                                "WAL FPI": 0,
                                "WAL Bytes": 0,
                                "Plans": [
                                    {
                                        "Node Type": "Bitmap Heap Scan",
                                        "Parent Relationship": "Outer",
                                        "Parallel Aware": true,
                                        "Async Capable": false,
                                        "Relation Name": "tests_benchmark_booltester015",
                                        "Schema": "public",
                                        "Alias": "tests_benchmark_booltester015",
                                        "Startup Cost": 20957.14,
                                        "Total Cost": 381553.34,
                                        "Plan Rows": 113094,
                                        "Plan Width": 24,
                                        "Actual Startup Time": 34.07,
                                        "Actual Total Time": 710.432,
                                        "Actual Rows": 208420,
                                        "Actual Loops": 3,
                                        "Output": [
                                            "id",
                                            "flg_0",
                                            "flg_1",
                                            "flg_2",
                                            "flg_3",
                                            "flg_4",
                                            "flg_5",
                                            "flg_6",
                                            "flg_7",
                                            "flg_8",
                                            "flg_9",
                                            "flg_10",
                                            "flg_11",
                                            "flg_12",
                                            "flg_13",
                                            "flg_14",
                                            "flg_15"
                                        ],
                                        "Recheck Cond": "((tests_benchmark_booltester015.flg_0 = ANY ('{t,f}'::boolean[])) AND (tests_benchmark_booltester015.flg_1 = ANY ('{t,f}'::boolean[])) AND (tests_benchmark_booltester015.flg_2 = ANY ('{t,f}'::boolean[])) AND tests_benchmark_booltester015.flg_3 AND (tests_benchmark_booltester015.flg_4 = ANY ('{t,f}'::boolean[])) AND tests_benchmark_booltester015.flg_5 AND (tests_benchmark_booltester015.flg_6 = ANY ('{t,f}'::boolean[])) AND tests_benchmark_booltester015.flg_7 AND tests_benchmark_booltester015.flg_8 AND (tests_benchmark_booltester015.flg_9 = ANY ('{t,f}'::boolean[])) AND (tests_benchmark_booltester015.flg_10 = ANY ('{t,f}'::boolean[])) AND (tests_benchmark_booltester015.flg_11 = ANY ('{t,f}'::boolean[])) AND (tests_benchmark_booltester015.flg_12 = ANY ('{t,f}'::boolean[])) AND (tests_benchmark_booltester015.flg_13 = ANY ('{t,f}'::boolean[])) AND tests_benchmark_booltester015.flg_14 AND (tests_benchmark_booltester015.flg_15 = ANY ('{t,f}'::boolean[])))",
                                        "Rows Removed by Index Recheck": 3348850,
                                        "Exact Heap Blocks": 19653,
                                        "Lossy Heap Blocks": 21602,
                                        "Shared Hit Blocks": 5479,
                                        "Shared Read Blocks": 127658,
                                        "Shared Dirtied Blocks": 0,
                                        "Shared Written Blocks": 0,
                                        "Local Hit Blocks": 0,
                                        "Local Read Blocks": 0,
                                        "Local Dirtied Blocks": 0,
                                        "Local Written Blocks": 0,
                                        "Temp Read Blocks": 0,
                                        "Temp Written Blocks": 0,
                                        "WAL Records": 0,
                                        "WAL FPI": 0,
                                        "WAL Bytes": 0,
                                        "Workers": [
                                            {
                                                "Worker Number": 0,
                                                "Actual Startup Time": 33.081,
                                                "Actual Total Time": 718.239,
                                                "Actual Rows": 210674,
                                                "Actual Loops": 1,
                                                "Shared Hit Blocks": 0,
                                                "Shared Read Blocks": 42601,
                                                "Shared Dirtied Blocks": 0,
                                                "Shared Written Blocks": 0,
                                                "Local Hit Blocks": 0,
                                                "Local Read Blocks": 0,
                                                "Local Dirtied Blocks": 0,
                                                "Local Written Blocks": 0,
                                                "Temp Read Blocks": 0,
                                                "Temp Written Blocks": 0,
                                                "WAL Records": 0,
                                                "WAL FPI": 0,
                                                "WAL Bytes": 0
                                            },
                                            {
                                                "Worker Number": 1,
                                                "Actual Startup Time": 33.062,
                                                "Actual Total Time": 718.336,
                                                "Actual Rows": 211072,
                                                "Actual Loops": 1,
                                                "Shared Hit Blocks": 0,
                                                "Shared Read Blocks": 42683,
                                                "Shared Dirtied Blocks": 0,
                                                "Shared Written Blocks": 0,
                                                "Local Hit Blocks": 0,
                                                "Local Read Blocks": 0,
                                                "Local Dirtied Blocks": 0,
                                                "Local Written Blocks": 0,
                                                "Temp Read Blocks": 0,
                                                "Temp Written Blocks": 0,
                                                "WAL Records": 0,
                                                "WAL FPI": 0,
                                                "WAL Bytes": 0
                                            }
                                        ],
                                        "Plans": [
                                            {
                                                "Node Type": "Bitmap Index Scan",
                                                "Parent Relationship": "Outer",
                                                "Parallel Aware": false,
                                                "Async Capable": false,
                                                "Index Name": "bool_multi",
                                                "Startup Cost": 0.0,
                                                "Total Cost": 20889.28,
                                                "Plan Rows": 271425,
                                                "Plan Width": 0,
                                                "Actual Startup Time": 29.62,
                                                "Actual Total Time": 29.62,
                                                "Actual Rows": 625261,
                                                "Actual Loops": 1,
                                                "Index Cond": "((tests_benchmark_booltester015.flg_0 = ANY ('{t,f}'::boolean[])) AND (tests_benchmark_booltester015.flg_1 = ANY ('{t,f}'::boolean[])) AND (tests_benchmark_booltester015.flg_2 = ANY ('{t,f}'::boolean[])) AND (tests_benchmark_booltester015.flg_3 = true) AND (tests_benchmark_booltester015.flg_4 = ANY ('{t,f}'::boolean[])) AND (tests_benchmark_booltester015.flg_5 = true) AND (tests_benchmark_booltester015.flg_6 = ANY ('{t,f}'::boolean[])) AND (tests_benchmark_booltester015.flg_7 = true) AND (tests_benchmark_booltester015.flg_8 = true) AND (tests_benchmark_booltester015.flg_9 = ANY ('{t,f}'::boolean[])) AND (tests_benchmark_booltester015.flg_10 = ANY ('{t,f}'::boolean[])) AND (tests_benchmark_booltester015.flg_11 = ANY ('{t,f}'::boolean[])) AND (tests_benchmark_booltester015.flg_12 = ANY ('{t,f}'::boolean[])) AND (tests_benchmark_booltester015.flg_13 = ANY ('{t,f}'::boolean[])) AND (tests_benchmark_booltester015.flg_14 = true) AND (tests_benchmark_booltester015.flg_15 = ANY ('{t,f}'::boolean[])))",
                                                "Shared Hit Blocks": 5479,
                                                "Shared Read Blocks": 1119,
                                                "Shared Dirtied Blocks": 0,
                                                "Shared Written Blocks": 0,
                                                "Local Hit Blocks": 0,
                                                "Local Read Blocks": 0,
                                                "Local Dirtied Blocks": 0,
                                                "Local Written Blocks": 0,
                                                "Temp Read Blocks": 0,
                                                "Temp Written Blocks": 0,
                                                "WAL Records": 0,
                                                "WAL FPI": 0,
                                                "WAL Bytes": 0,
                                                "Workers": []
                                            }
                                        ]
                                    }
                                ]
                            },
                            "Settings": {},
                            "Planning": {
                                "Shared Hit Blocks": 0,
                                "Shared Read Blocks": 0,
                                "Shared Dirtied Blocks": 0,
                                "Shared Written Blocks": 0,
                                "Local Hit Blocks": 0,
                                "Local Read Blocks": 0,
                                "Local Dirtied Blocks": 0,
                                "Local Written Blocks": 0,
                                "Temp Read Blocks": 0,
                                "Temp Written Blocks": 0
                            },
                            "Planning Time": 0.084,
                            "Triggers": [],
                            "Execution Time": 733.468
                        },
                        "any_explanation": {
                            "Plan": {
                                "Node Type": "Seq Scan",
                                "Parallel Aware": false,
                                "Async Capable": false,
                                "Relation Name": "tests_benchmark_booltester015",
                                "Schema": "public",
                                "Alias": "tests_benchmark_booltester015",
                                "Startup Cost": 0.0,
                                "Total Cost": 327389.0,
                                "Plan Rows": 19392979,
                                "Plan Width": 24,
                                "Actual Startup Time": 0.132,
                                "Actual Total Time": 1725.936,
                                "Actual Rows": 19374263,
                                "Actual Loops": 1,
                                "Output": [
                                    "id",
                                    "flg_0",
                                    "flg_1",
                                    "flg_2",
                                    "flg_3",
                                    "flg_4",
                                    "flg_5",
                                    "flg_6",
                                    "flg_7",
                                    "flg_8",
                                    "flg_9",
                                    "flg_10",
                                    "flg_11",
                                    "flg_12",
                                    "flg_13",
                                    "flg_14",
                                    "flg_15"
                                ],
                                "Filter": "(tests_benchmark_booltester015.flg_3 OR tests_benchmark_booltester015.flg_5 OR tests_benchmark_booltester015.flg_7 OR tests_benchmark_booltester015.flg_8 OR tests_benchmark_booltester015.flg_14)",
                                "Rows Removed by Filter": 625738,
                                "Shared Hit Blocks": 16223,
                                "Shared Read Blocks": 111166,
                                "Shared Dirtied Blocks": 0,
                                "Shared Written Blocks": 0,
                                "Local Hit Blocks": 0,
                                "Local Read Blocks": 0,
                                "Local Dirtied Blocks": 0,
                                "Local Written Blocks": 0,
                                "Temp Read Blocks": 0,
                                "Temp Written Blocks": 0,
                                "WAL Records": 0,
                                "WAL FPI": 0,
                                "WAL Bytes": 0
                            },
                            "Settings": {},
                            "Planning": {
                                "Shared Hit Blocks": 0,
                                "Shared Read Blocks": 0,
                                "Shared Dirtied Blocks": 0,
                                "Shared Written Blocks": 0,
                                "Local Hit Blocks": 0,
                                "Local Read Blocks": 0,
                                "Local Dirtied Blocks": 0,
                                "Local Written Blocks": 0,
                                "Temp Read Blocks": 0,
                                "Temp Written Blocks": 0
                            },
                            "Planning Time": 0.068,
                            "Triggers": [],
                            "Execution Time": 2125.049
                        },
                        "exact_explanation": {
                            "Plan": {
                                "Node Type": "Index Scan",
                                "Parallel Aware": false,
                                "Async Capable": false,
                                "Scan Direction": "Forward",
                                "Index Name": "bool_multi",
                                "Relation Name": "tests_benchmark_booltester015",
                                "Schema": "public",
                                "Alias": "tests_benchmark_booltester015",
                                "Startup Cost": 0.44,
                                "Total Cost": 1074.54,
                                "Plan Rows": 306,
                                "Plan Width": 24,
                                "Actual Startup Time": 0.005,
                                "Actual Total Time": 0.056,
                                "Actual Rows": 325,
                                "Actual Loops": 1,
                                "Output": [
                                    "id",
                                    "flg_0",
                                    "flg_1",
                                    "flg_2",
                                    "flg_3",
                                    "flg_4",
                                    "flg_5",
                                    "flg_6",
                                    "flg_7",
                                    "flg_8",
                                    "flg_9",
                                    "flg_10",
                                    "flg_11",
                                    "flg_12",
                                    "flg_13",
                                    "flg_14",
                                    "flg_15"
                                ],
                                "Index Cond": "((tests_benchmark_booltester015.flg_0 = false) AND (tests_benchmark_booltester015.flg_1 = false) AND (tests_benchmark_booltester015.flg_2 = false) AND (tests_benchmark_booltester015.flg_3 = true) AND (tests_benchmark_booltester015.flg_4 = false) AND (tests_benchmark_booltester015.flg_5 = true) AND (tests_benchmark_booltester015.flg_6 = false) AND (tests_benchmark_booltester015.flg_7 = true) AND (tests_benchmark_booltester015.flg_8 = true) AND (tests_benchmark_booltester015.flg_9 = false) AND (tests_benchmark_booltester015.flg_10 = false) AND (tests_benchmark_booltester015.flg_11 = false) AND (tests_benchmark_booltester015.flg_12 = false) AND (tests_benchmark_booltester015.flg_13 = false) AND (tests_benchmark_booltester015.flg_14 = true) AND (tests_benchmark_booltester015.flg_15 = false))",
                                "Rows Removed by Index Recheck": 0,
                                "Shared Hit Blocks": 328,
                                "Shared Read Blocks": 0,
                                "Shared Dirtied Blocks": 0,
                                "Shared Written Blocks": 0,
                                "Local Hit Blocks": 0,
                                "Local Read Blocks": 0,
                                "Local Dirtied Blocks": 0,
                                "Local Written Blocks": 0,
                                "Temp Read Blocks": 0,
                                "Temp Written Blocks": 0,
                                "WAL Records": 0,
                                "WAL FPI": 0,
                                "WAL Bytes": 0
                            },
                            "Settings": {},
                            "Planning": {
                                "Shared Hit Blocks": 0,
                                "Shared Read Blocks": 0,
                                "Shared Dirtied Blocks": 0,
                                "Shared Written Blocks": 0,
                                "Local Hit Blocks": 0,
                                "Local Read Blocks": 0,
                                "Local Dirtied Blocks": 0,
                                "Local Written Blocks": 0,
                                "Temp Read Blocks": 0,
                                "Temp Written Blocks": 0
                            },
                            "Planning Time": 0.033,
                            "Triggers": [],
                            "Execution Time": 0.067
                        },
                        "all_ftr_time": 0.21025560000000001,
                        "any_ftr_time": 2.2235932999999997,
                        "exact_ftr_time": 5.85e-05
                    },
                    "40000000": {
                        "all_time": 0.6145388706994709,
                        "any_time": 5.70390716639813,
                        "exact_time": 0.007147374999476597,
                        "table_size": 3279945728.0,
                        "index_time": 51.94717874999333,
                        "all_explanation": {
                            "Plan": {
                                "Node Type": "Index Scan",
                                "Parallel Aware": false,
                                "Async Capable": false,
                                "Scan Direction": "Forward",
                                "Index Name": "bool_multi",
                                "Relation Name": "tests_benchmark_booltester015",
                                "Schema": "public",
                                "Alias": "tests_benchmark_booltester015",
                                "Startup Cost": 0.56,
                                "Total Cost": 266584.09,
                                "Plan Rows": 88965,
                                "Plan Width": 24,
                                "Actual Startup Time": 0.02,
                                "Actual Total Time": 277.239,
                                "Actual Rows": 156336,
                                "Actual Loops": 1,
                                "Output": [
                                    "id",
                                    "flg_0",
                                    "flg_1",
                                    "flg_2",
                                    "flg_3",
                                    "flg_4",
                                    "flg_5",
                                    "flg_6",
                                    "flg_7",
                                    "flg_8",
                                    "flg_9",
                                    "flg_10",
                                    "flg_11",
                                    "flg_12",
                                    "flg_13",
                                    "flg_14",
                                    "flg_15"
                                ],
                                "Index Cond": "((tests_benchmark_booltester015.flg_0 = ANY ('{t,f}'::boolean[])) AND (tests_benchmark_booltester015.flg_1 = true) AND (tests_benchmark_booltester015.flg_2 = ANY ('{t,f}'::boolean[])) AND (tests_benchmark_booltester015.flg_3 = true) AND (tests_benchmark_booltester015.flg_4 = ANY ('{t,f}'::boolean[])) AND (tests_benchmark_booltester015.flg_5 = ANY ('{t,f}'::boolean[])) AND (tests_benchmark_booltester015.flg_6 = true) AND (tests_benchmark_booltester015.flg_7 = true) AND (tests_benchmark_booltester015.flg_8 = true) AND (tests_benchmark_booltester015.flg_9 = true) AND (tests_benchmark_booltester015.flg_10 = true) AND (tests_benchmark_booltester015.flg_11 = true) AND (tests_benchmark_booltester015.flg_12 = ANY ('{t,f}'::boolean[])) AND (tests_benchmark_booltester015.flg_13 = ANY ('{t,f}'::boolean[])) AND (tests_benchmark_booltester015.flg_14 = ANY ('{t,f}'::boolean[])) AND (tests_benchmark_booltester015.flg_15 = ANY ('{t,f}'::boolean[])))",
                                "Rows Removed by Index Recheck": 0,
                                "Shared Hit Blocks": 10715,
                                "Shared Read Blocks": 146552,
                                "Shared Dirtied Blocks": 0,
                                "Shared Written Blocks": 0,
                                "Local Hit Blocks": 0,
                                "Local Read Blocks": 0,
                                "Local Dirtied Blocks": 0,
                                "Local Written Blocks": 0,
                                "Temp Read Blocks": 0,
                                "Temp Written Blocks": 0,
                                "WAL Records": 0,
                                "WAL FPI": 0,
                                "WAL Bytes": 0
                            },
                            "Settings": {},
                            "Planning": {
                                "Shared Hit Blocks": 0,
                                "Shared Read Blocks": 0,
                                "Shared Dirtied Blocks": 0,
                                "Shared Written Blocks": 0,
                                "Local Hit Blocks": 0,
                                "Local Read Blocks": 0,
                                "Local Dirtied Blocks": 0,
                                "Local Written Blocks": 0,
                                "Temp Read Blocks": 0,
                                "Temp Written Blocks": 0
                            },
                            "Planning Time": 0.069,
                            "Triggers": [],
                            "Execution Time": 280.655
                        },
                        "any_explanation": {
                            "Plan": {
                                "Node Type": "Seq Scan",
                                "Parallel Aware": false,
                                "Async Capable": false,
                                "Relation Name": "tests_benchmark_booltester015",
                                "Schema": "public",
                                "Alias": "tests_benchmark_booltester015",
                                "Startup Cost": 0.0,
                                "Total Cost": 654778.0,
                                "Plan Rows": 39845640,
                                "Plan Width": 24,
                                "Actual Startup Time": 0.028,
                                "Actual Total Time": 3227.08,
                                "Actual Rows": 39843505,
                                "Actual Loops": 1,
                                "Output": [
                                    "id",
                                    "flg_0",
                                    "flg_1",
                                    "flg_2",
                                    "flg_3",
                                    "flg_4",
                                    "flg_5",
                                    "flg_6",
                                    "flg_7",
                                    "flg_8",
                                    "flg_9",
                                    "flg_10",
                                    "flg_11",
                                    "flg_12",
                                    "flg_13",
                                    "flg_14",
                                    "flg_15"
                                ],
                                "Filter": "(tests_benchmark_booltester015.flg_1 OR tests_benchmark_booltester015.flg_3 OR tests_benchmark_booltester015.flg_6 OR tests_benchmark_booltester015.flg_7 OR tests_benchmark_booltester015.flg_8 OR tests_benchmark_booltester015.flg_9 OR tests_benchmark_booltester015.flg_10 OR tests_benchmark_booltester015.flg_11)",
                                "Rows Removed by Filter": 156496,
                                "Shared Hit Blocks": 16255,
                                "Shared Read Blocks": 238523,
                                "Shared Dirtied Blocks": 0,
                                "Shared Written Blocks": 0,
                                "Local Hit Blocks": 0,
                                "Local Read Blocks": 0,
                                "Local Dirtied Blocks": 0,
                                "Local Written Blocks": 0,
                                "Temp Read Blocks": 0,
                                "Temp Written Blocks": 0,
                                "WAL Records": 0,
                                "WAL FPI": 0,
                                "WAL Bytes": 0
                            },
                            "Settings": {},
                            "Planning": {
                                "Shared Hit Blocks": 0,
                                "Shared Read Blocks": 0,
                                "Shared Dirtied Blocks": 0,
                                "Shared Written Blocks": 0,
                                "Local Hit Blocks": 0,
                                "Local Read Blocks": 0,
                                "Local Dirtied Blocks": 0,
                                "Local Written Blocks": 0,
                                "Temp Read Blocks": 0,
                                "Temp Written Blocks": 0
                            },
                            "Planning Time": 0.055,
                            "Triggers": [],
                            "Execution Time": 4040.608
                        },
                        "exact_explanation": {
                            "Plan": {
                                "Node Type": "Index Scan",
                                "Parallel Aware": false,
                                "Async Capable": false,
                                "Scan Direction": "Forward",
                                "Index Name": "bool_multi",
                                "Relation Name": "tests_benchmark_booltester015",
                                "Schema": "public",
                                "Alias": "tests_benchmark_booltester015",
                                "Startup Cost": 0.56,
                                "Total Cost": 2140.06,
                                "Plan Rows": 611,
                                "Plan Width": 24,
                                "Actual Startup Time": 0.008,
                                "Actual Total Time": 0.123,
                                "Actual Rows": 575,
                                "Actual Loops": 1,
                                "Output": [
                                    "id",
                                    "flg_0",
                                    "flg_1",
                                    "flg_2",
                                    "flg_3",
                                    "flg_4",
                                    "flg_5",
                                    "flg_6",
                                    "flg_7",
                                    "flg_8",
                                    "flg_9",
                                    "flg_10",
                                    "flg_11",
                                    "flg_12",
                                    "flg_13",
                                    "flg_14",
                                    "flg_15"
                                ],
                                "Index Cond": "((tests_benchmark_booltester015.flg_0 = false) AND (tests_benchmark_booltester015.flg_1 = true) AND (tests_benchmark_booltester015.flg_2 = false) AND (tests_benchmark_booltester015.flg_3 = true) AND (tests_benchmark_booltester015.flg_4 = false) AND (tests_benchmark_booltester015.flg_5 = false) AND (tests_benchmark_booltester015.flg_6 = true) AND (tests_benchmark_booltester015.flg_7 = true) AND (tests_benchmark_booltester015.flg_8 = true) AND (tests_benchmark_booltester015.flg_9 = true) AND (tests_benchmark_booltester015.flg_10 = true) AND (tests_benchmark_booltester015.flg_11 = true) AND (tests_benchmark_booltester015.flg_12 = false) AND (tests_benchmark_booltester015.flg_13 = false) AND (tests_benchmark_booltester015.flg_14 = false) AND (tests_benchmark_booltester015.flg_15 = false))",
                                "Rows Removed by Index Recheck": 0,
                                "Shared Hit Blocks": 580,
                                "Shared Read Blocks": 0,
                                "Shared Dirtied Blocks": 0,
                                "Shared Written Blocks": 0,
                                "Local Hit Blocks": 0,
                                "Local Read Blocks": 0,
                                "Local Dirtied Blocks": 0,
                                "Local Written Blocks": 0,
                                "Temp Read Blocks": 0,
                                "Temp Written Blocks": 0,
                                "WAL Records": 0,
                                "WAL FPI": 0,
                                "WAL Bytes": 0
                            },
                            "Settings": {},
                            "Planning": {
                                "Shared Hit Blocks": 0,
                                "Shared Read Blocks": 0,
                                "Shared Dirtied Blocks": 0,
                                "Shared Written Blocks": 0,
                                "Local Hit Blocks": 0,
                                "Local Read Blocks": 0,
                                "Local Dirtied Blocks": 0,
                                "Local Written Blocks": 0,
                                "Temp Read Blocks": 0,
                                "Temp Written Blocks": 0
                            },
                            "Planning Time": 0.045,
                            "Triggers": [],
                            "Execution Time": 0.142
                        },
                        "all_ftr_time": 0.6125303999999999,
                        "any_ftr_time": 4.3952347,
                        "exact_ftr_time": 0.0001416
                    },
                    "60000000": {
                        "all_time": 1.194834795796487,
                        "any_time": 8.491837612798554,
                        "exact_time": 0.0073296459988341665,
                        "table_size": 4923064320.0,
                        "index_time": 78.33331499999622,
                        "all_explanation": {
                            "Plan": {
                                "Node Type": "Bitmap Heap Scan",
                                "Parallel Aware": false,
                                "Async Capable": false,
                                "Relation Name": "tests_benchmark_booltester015",
                                "Schema": "public",
                                "Alias": "tests_benchmark_booltester015",
                                "Startup Cost": 3596.16,
                                "Total Cost": 176840.57,
                                "Plan Rows": 66572,
                                "Plan Width": 24,
                                "Actual Startup Time": 14.003,
                                "Actual Total Time": 1579.478,
                                "Actual Rows": 117151,
                                "Actual Loops": 1,
                                "Output": [
                                    "id",
                                    "flg_0",
                                    "flg_1",
                                    "flg_2",
                                    "flg_3",
                                    "flg_4",
                                    "flg_5",
                                    "flg_6",
                                    "flg_7",
                                    "flg_8",
                                    "flg_9",
                                    "flg_10",
                                    "flg_11",
                                    "flg_12",
                                    "flg_13",
                                    "flg_14",
                                    "flg_15"
                                ],
                                "Recheck Cond": "((tests_benchmark_booltester015.flg_0 = ANY ('{t,f}'::boolean[])) AND tests_benchmark_booltester015.flg_1 AND (tests_benchmark_booltester015.flg_2 = ANY ('{t,f}'::boolean[])) AND (tests_benchmark_booltester015.flg_3 = ANY ('{t,f}'::boolean[])) AND (tests_benchmark_booltester015.flg_4 = ANY ('{t,f}'::boolean[])) AND tests_benchmark_booltester015.flg_5 AND (tests_benchmark_booltester015.flg_6 = ANY ('{t,f}'::boolean[])) AND tests_benchmark_booltester015.flg_7 AND tests_benchmark_booltester015.flg_8 AND (tests_benchmark_booltester015.flg_9 = ANY ('{t,f}'::boolean[])) AND tests_benchmark_booltester015.flg_10 AND (tests_benchmark_booltester015.flg_11 = ANY ('{t,f}'::boolean[])) AND tests_benchmark_booltester015.flg_12 AND tests_benchmark_booltester015.flg_13 AND tests_benchmark_booltester015.flg_14 AND tests_benchmark_booltester015.flg_15)",
                                "Rows Removed by Index Recheck": 10464765,
                                "Exact Heap Blocks": 33852,
                                "Lossy Heap Blocks": 67163,
                                "Shared Hit Blocks": 333,
                                "Shared Read Blocks": 101288,
                                "Shared Dirtied Blocks": 0,
                                "Shared Written Blocks": 0,
                                "Local Hit Blocks": 0,
                                "Local Read Blocks": 0,
                                "Local Dirtied Blocks": 0,
                                "Local Written Blocks": 0,
                                "Temp Read Blocks": 0,
                                "Temp Written Blocks": 0,
                                "WAL Records": 0,
                                "WAL FPI": 0,
                                "WAL Bytes": 0,
                                "Plans": [
                                    {
                                        "Node Type": "Bitmap Index Scan",
                                        "Parent Relationship": "Outer",
                                        "Parallel Aware": false,
                                        "Async Capable": false,
                                        "Index Name": "bool_multi",
                                        "Startup Cost": 0.0,
                                        "Total Cost": 3579.52,
                                        "Plan Rows": 66572,
                                        "Plan Width": 0,
                                        "Actual Startup Time": 10.37,
                                        "Actual Total Time": 10.37,
                                        "Actual Rows": 117151,
                                        "Actual Loops": 1,
                                        "Index Cond": "((tests_benchmark_booltester015.flg_0 = ANY ('{t,f}'::boolean[])) AND (tests_benchmark_booltester015.flg_1 = true) AND (tests_benchmark_booltester015.flg_2 = ANY ('{t,f}'::boolean[])) AND (tests_benchmark_booltester015.flg_3 = ANY ('{t,f}'::boolean[])) AND (tests_benchmark_booltester015.flg_4 = ANY ('{t,f}'::boolean[])) AND (tests_benchmark_booltester015.flg_5 = true) AND (tests_benchmark_booltester015.flg_6 = ANY ('{t,f}'::boolean[])) AND (tests_benchmark_booltester015.flg_7 = true) AND (tests_benchmark_booltester015.flg_8 = true) AND (tests_benchmark_booltester015.flg_9 = ANY ('{t,f}'::boolean[])) AND (tests_benchmark_booltester015.flg_10 = true) AND (tests_benchmark_booltester015.flg_11 = ANY ('{t,f}'::boolean[])) AND (tests_benchmark_booltester015.flg_12 = true) AND (tests_benchmark_booltester015.flg_13 = true) AND (tests_benchmark_booltester015.flg_14 = true) AND (tests_benchmark_booltester015.flg_15 = true))",
                                        "Shared Hit Blocks": 333,
                                        "Shared Read Blocks": 273,
                                        "Shared Dirtied Blocks": 0,
                                        "Shared Written Blocks": 0,
                                        "Local Hit Blocks": 0,
                                        "Local Read Blocks": 0,
                                        "Local Dirtied Blocks": 0,
                                        "Local Written Blocks": 0,
                                        "Temp Read Blocks": 0,
                                        "Temp Written Blocks": 0,
                                        "WAL Records": 0,
                                        "WAL FPI": 0,
                                        "WAL Bytes": 0
                                    }
                                ]
                            },
                            "Settings": {},
                            "Planning": {
                                "Shared Hit Blocks": 0,
                                "Shared Read Blocks": 0,
                                "Shared Dirtied Blocks": 0,
                                "Shared Written Blocks": 0,
                                "Local Hit Blocks": 0,
                                "Local Read Blocks": 0,
                                "Local Dirtied Blocks": 0,
                                "Local Written Blocks": 0,
                                "Temp Read Blocks": 0,
                                "Temp Written Blocks": 0
                            },
                            "Planning Time": 0.086,
                            "Triggers": [],
                            "Execution Time": 1582.844
                        },
                        "any_explanation": {
                            "Plan": {
                                "Node Type": "Seq Scan",
                                "Parallel Aware": false,
                                "Async Capable": false,
                                "Relation Name": "tests_benchmark_booltester015",
                                "Schema": "public",
                                "Alias": "tests_benchmark_booltester015",
                                "Startup Cost": 0.0,
                                "Total Cost": 982166.0,
                                "Plan Rows": 59883983,
                                "Plan Width": 24,
                                "Actual Startup Time": 0.15,
                                "Actual Total Time": 5701.434,
                                "Actual Rows": 59882827,
                                "Actual Loops": 1,
                                "Output": [
                                    "id",
                                    "flg_0",
                                    "flg_1",
                                    "flg_2",
                                    "flg_3",
                                    "flg_4",
                                    "flg_5",
                                    "flg_6",
                                    "flg_7",
                                    "flg_8",
                                    "flg_9",
                                    "flg_10",
                                    "flg_11",
                                    "flg_12",
                                    "flg_13",
                                    "flg_14",
                                    "flg_15"
                                ],
                                "Filter": "(tests_benchmark_booltester015.flg_1 OR tests_benchmark_booltester015.flg_5 OR tests_benchmark_booltester015.flg_7 OR tests_benchmark_booltester015.flg_8 OR tests_benchmark_booltester015.flg_10 OR tests_benchmark_booltester015.flg_12 OR tests_benchmark_booltester015.flg_13 OR tests_benchmark_booltester015.flg_14 OR tests_benchmark_booltester015.flg_15)",
                                "Rows Removed by Filter": 117174,
                                "Shared Hit Blocks": 16263,
                                "Shared Read Blocks": 365903,
                                "Shared Dirtied Blocks": 0,
                                "Shared Written Blocks": 0,
                                "Local Hit Blocks": 0,
                                "Local Read Blocks": 0,
                                "Local Dirtied Blocks": 0,
                                "Local Written Blocks": 0,
                                "Temp Read Blocks": 0,
                                "Temp Written Blocks": 0,
                                "WAL Records": 0,
                                "WAL FPI": 0,
                                "WAL Bytes": 0
                            },
                            "Settings": {},
                            "Planning": {
                                "Shared Hit Blocks": 0,
                                "Shared Read Blocks": 0,
                                "Shared Dirtied Blocks": 0,
                                "Shared Written Blocks": 0,
                                "Local Hit Blocks": 0,
                                "Local Read Blocks": 0,
                                "Local Dirtied Blocks": 0,
                                "Local Written Blocks": 0,
                                "Temp Read Blocks": 0,
                                "Temp Written Blocks": 0
                            },
                            "Planning Time": 0.056,
                            "Triggers": [],
                            "Execution Time": 6923.146
                        },
                        "exact_explanation": {
                            "Plan": {
                                "Node Type": "Index Scan",
                                "Parallel Aware": false,
                                "Async Capable": false,
                                "Scan Direction": "Forward",
                                "Index Name": "bool_multi",
                                "Relation Name": "tests_benchmark_booltester015",
                                "Schema": "public",
                                "Alias": "tests_benchmark_booltester015",
                                "Startup Cost": 0.56,
                                "Total Cost": 3284.35,
                                "Plan Rows": 940,
                                "Plan Width": 24,
                                "Actual Startup Time": 0.007,
                                "Actual Total Time": 0.194,
                                "Actual Rows": 913,
                                "Actual Loops": 1,
                                "Output": [
                                    "id",
                                    "flg_0",
                                    "flg_1",
                                    "flg_2",
                                    "flg_3",
                                    "flg_4",
                                    "flg_5",
                                    "flg_6",
                                    "flg_7",
                                    "flg_8",
                                    "flg_9",
                                    "flg_10",
                                    "flg_11",
                                    "flg_12",
                                    "flg_13",
                                    "flg_14",
                                    "flg_15"
                                ],
                                "Index Cond": "((tests_benchmark_booltester015.flg_0 = false) AND (tests_benchmark_booltester015.flg_1 = true) AND (tests_benchmark_booltester015.flg_2 = false) AND (tests_benchmark_booltester015.flg_3 = false) AND (tests_benchmark_booltester015.flg_4 = false) AND (tests_benchmark_booltester015.flg_5 = true) AND (tests_benchmark_booltester015.flg_6 = false) AND (tests_benchmark_booltester015.flg_7 = true) AND (tests_benchmark_booltester015.flg_8 = true) AND (tests_benchmark_booltester015.flg_9 = false) AND (tests_benchmark_booltester015.flg_10 = true) AND (tests_benchmark_booltester015.flg_11 = false) AND (tests_benchmark_booltester015.flg_12 = true) AND (tests_benchmark_booltester015.flg_13 = true) AND (tests_benchmark_booltester015.flg_14 = true) AND (tests_benchmark_booltester015.flg_15 = true))",
                                "Rows Removed by Index Recheck": 0,
                                "Shared Hit Blocks": 916,
                                "Shared Read Blocks": 0,
                                "Shared Dirtied Blocks": 0,
                                "Shared Written Blocks": 0,
                                "Local Hit Blocks": 0,
                                "Local Read Blocks": 0,
                                "Local Dirtied Blocks": 0,
                                "Local Written Blocks": 0,
                                "Temp Read Blocks": 0,
                                "Temp Written Blocks": 0,
                                "WAL Records": 0,
                                "WAL FPI": 0,
                                "WAL Bytes": 0
                            },
                            "Settings": {},
                            "Planning": {
                                "Shared Hit Blocks": 0,
                                "Shared Read Blocks": 0,
                                "Shared Dirtied Blocks": 0,
                                "Shared Written Blocks": 0,
                                "Local Hit Blocks": 0,
                                "Local Read Blocks": 0,
                                "Local Dirtied Blocks": 0,
                                "Local Written Blocks": 0,
                                "Temp Read Blocks": 0,
                                "Temp Written Blocks": 0
                            },
                            "Planning Time": 0.039,
                            "Triggers": [],
                            "Execution Time": 0.218
                        },
                        "all_ftr_time": 2.6381001,
                        "any_ftr_time": 6.5311835,
                        "exact_ftr_time": 0.0002257
                    },
                    "80000000": {
                        "all_time": 1.2918250667004032,
                        "any_time": 11.388813308101088,
                        "exact_time": 0.00867658760107588,
                        "table_size": 6555697152.0,
                        "index_time": 104.66793287500332,
                        "all_explanation": {
                            "Plan": {
                                "Node Type": "Bitmap Heap Scan",
                                "Parallel Aware": false,
                                "Async Capable": false,
                                "Relation Name": "tests_benchmark_booltester015",
                                "Schema": "public",
                                "Alias": "tests_benchmark_booltester015",
                                "Startup Cost": 2258.71,
                                "Total Cost": 134325.41,
                                "Plan Rows": 43465,
                                "Plan Width": 24,
                                "Actual Startup Time": 9.941,
                                "Actual Total Time": 652.332,
                                "Actual Rows": 78531,
                                "Actual Loops": 1,
                                "Output": [
                                    "id",
                                    "flg_0",
                                    "flg_1",
                                    "flg_2",
                                    "flg_3",
                                    "flg_4",
                                    "flg_5",
                                    "flg_6",
                                    "flg_7",
                                    "flg_8",
                                    "flg_9",
                                    "flg_10",
                                    "flg_11",
                                    "flg_12",
                                    "flg_13",
                                    "flg_14",
                                    "flg_15"
                                ],
                                "Recheck Cond": "(tests_benchmark_booltester015.flg_0 AND tests_benchmark_booltester015.flg_1 AND tests_benchmark_booltester015.flg_2 AND (tests_benchmark_booltester015.flg_3 = ANY ('{t,f}'::boolean[])) AND (tests_benchmark_booltester015.flg_4 = ANY ('{t,f}'::boolean[])) AND (tests_benchmark_booltester015.flg_5 = ANY ('{t,f}'::boolean[])) AND tests_benchmark_booltester015.flg_6 AND tests_benchmark_booltester015.flg_7 AND (tests_benchmark_booltester015.flg_8 = ANY ('{t,f}'::boolean[])) AND tests_benchmark_booltester015.flg_9 AND tests_benchmark_booltester015.flg_10 AND (tests_benchmark_booltester015.flg_11 = ANY ('{t,f}'::boolean[])) AND tests_benchmark_booltester015.flg_12 AND tests_benchmark_booltester015.flg_13 AND tests_benchmark_booltester015.flg_14 AND (tests_benchmark_booltester015.flg_15 = ANY ('{t,f}'::boolean[])))",
                                "Rows Removed by Index Recheck": 5423405,
                                "Exact Heap Blocks": 38059,
                                "Lossy Heap Blocks": 34784,
                                "Shared Hit Blocks": 203,
                                "Shared Read Blocks": 72958,
                                "Shared Dirtied Blocks": 0,
                                "Shared Written Blocks": 0,
                                "Local Hit Blocks": 0,
                                "Local Read Blocks": 0,
                                "Local Dirtied Blocks": 0,
                                "Local Written Blocks": 0,
                                "Temp Read Blocks": 0,
                                "Temp Written Blocks": 0,
                                "WAL Records": 0,
                                "WAL FPI": 0,
                                "WAL Bytes": 0,
                                "Plans": [
                                    {
                                        "Node Type": "Bitmap Index Scan",
                                        "Parent Relationship": "Outer",
                                        "Parallel Aware": false,
                                        "Async Capable": false,
                                        "Index Name": "bool_multi",
                                        "Startup Cost": 0.0,
                                        "Total Cost": 2247.84,
                                        "Plan Rows": 43465,
                                        "Plan Width": 0,
                                        "Actual Startup Time": 6.065,
                                        "Actual Total Time": 6.065,
                                        "Actual Rows": 78531,
                                        "Actual Loops": 1,
                                        "Index Cond": "((tests_benchmark_booltester015.flg_0 = true) AND (tests_benchmark_booltester015.flg_1 = true) AND (tests_benchmark_booltester015.flg_2 = true) AND (tests_benchmark_booltester015.flg_3 = ANY ('{t,f}'::boolean[])) AND (tests_benchmark_booltester015.flg_4 = ANY ('{t,f}'::boolean[])) AND (tests_benchmark_booltester015.flg_5 = ANY ('{t,f}'::boolean[])) AND (tests_benchmark_booltester015.flg_6 = true) AND (tests_benchmark_booltester015.flg_7 = true) AND (tests_benchmark_booltester015.flg_8 = ANY ('{t,f}'::boolean[])) AND (tests_benchmark_booltester015.flg_9 = true) AND (tests_benchmark_booltester015.flg_10 = true) AND (tests_benchmark_booltester015.flg_11 = ANY ('{t,f}'::boolean[])) AND (tests_benchmark_booltester015.flg_12 = true) AND (tests_benchmark_booltester015.flg_13 = true) AND (tests_benchmark_booltester015.flg_14 = true) AND (tests_benchmark_booltester015.flg_15 = ANY ('{t,f}'::boolean[])))",
                                        "Shared Hit Blocks": 203,
                                        "Shared Read Blocks": 115,
                                        "Shared Dirtied Blocks": 0,
                                        "Shared Written Blocks": 0,
                                        "Local Hit Blocks": 0,
                                        "Local Read Blocks": 0,
                                        "Local Dirtied Blocks": 0,
                                        "Local Written Blocks": 0,
                                        "Temp Read Blocks": 0,
                                        "Temp Written Blocks": 0,
                                        "WAL Records": 0,
                                        "WAL FPI": 0,
                                        "WAL Bytes": 0
                                    }
                                ]
                            },
                            "Settings": {},
                            "Planning": {
                                "Shared Hit Blocks": 0,
                                "Shared Read Blocks": 0,
                                "Shared Dirtied Blocks": 0,
                                "Shared Written Blocks": 0,
                                "Local Hit Blocks": 0,
                                "Local Read Blocks": 0,
                                "Local Dirtied Blocks": 0,
                                "Local Written Blocks": 0,
                                "Temp Read Blocks": 0,
                                "Temp Written Blocks": 0
                            },
                            "Planning Time": 0.074,
                            "Triggers": [],
                            "Execution Time": 654.796
                        },
                        "any_explanation": {
                            "Plan": {
                                "Node Type": "Seq Scan",
                                "Parallel Aware": false,
                                "Async Capable": false,
                                "Relation Name": "tests_benchmark_booltester015",
                                "Schema": "public",
                                "Alias": "tests_benchmark_booltester015",
                                "Startup Cost": 0.0,
                                "Total Cost": 1309555.0,
                                "Plan Rows": 79921064,
                                "Plan Width": 24,
                                "Actual Startup Time": 0.149,
                                "Actual Total Time": 7146.122,
                                "Actual Rows": 79921917,
                                "Actual Loops": 1,
                                "Output": [
                                    "id",
                                    "flg_0",
                                    "flg_1",
                                    "flg_2",
                                    "flg_3",
                                    "flg_4",
                                    "flg_5",
                                    "flg_6",
                                    "flg_7",
                                    "flg_8",
                                    "flg_9",
                                    "flg_10",
                                    "flg_11",
                                    "flg_12",
                                    "flg_13",
                                    "flg_14",
                                    "flg_15"
                                ],
                                "Filter": "(tests_benchmark_booltester015.flg_0 OR tests_benchmark_booltester015.flg_1 OR tests_benchmark_booltester015.flg_2 OR tests_benchmark_booltester015.flg_6 OR tests_benchmark_booltester015.flg_7 OR tests_benchmark_booltester015.flg_9 OR tests_benchmark_booltester015.flg_10 OR tests_benchmark_booltester015.flg_12 OR tests_benchmark_booltester015.flg_13 OR tests_benchmark_booltester015.flg_14)",
                                "Rows Removed by Filter": 78084,
                                "Shared Hit Blocks": 16246,
                                "Shared Read Blocks": 493309,
                                "Shared Dirtied Blocks": 0,
                                "Shared Written Blocks": 0,
                                "Local Hit Blocks": 0,
                                "Local Read Blocks": 0,
                                "Local Dirtied Blocks": 0,
                                "Local Written Blocks": 0,
                                "Temp Read Blocks": 0,
                                "Temp Written Blocks": 0,
                                "WAL Records": 0,
                                "WAL FPI": 0,
                                "WAL Bytes": 0
                            },
                            "Settings": {},
                            "Planning": {
                                "Shared Hit Blocks": 0,
                                "Shared Read Blocks": 0,
                                "Shared Dirtied Blocks": 0,
                                "Shared Written Blocks": 0,
                                "Local Hit Blocks": 0,
                                "Local Read Blocks": 0,
                                "Local Dirtied Blocks": 0,
                                "Local Written Blocks": 0,
                                "Temp Read Blocks": 0,
                                "Temp Written Blocks": 0
                            },
                            "Planning Time": 0.068,
                            "Triggers": [],
                            "Execution Time": 8808.154
                        },
                        "exact_explanation": {
                            "Plan": {
                                "Node Type": "Index Scan",
                                "Parallel Aware": false,
                                "Async Capable": false,
                                "Scan Direction": "Forward",
                                "Index Name": "bool_multi",
                                "Relation Name": "tests_benchmark_booltester015",
                                "Schema": "public",
                                "Alias": "tests_benchmark_booltester015",
                                "Startup Cost": 0.57,
                                "Total Cost": 4272.75,
                                "Plan Rows": 1229,
                                "Plan Width": 24,
                                "Actual Startup Time": 0.008,
                                "Actual Total Time": 0.274,
                                "Actual Rows": 1230,
                                "Actual Loops": 1,
                                "Output": [
                                    "id",
                                    "flg_0",
                                    "flg_1",
                                    "flg_2",
                                    "flg_3",
                                    "flg_4",
                                    "flg_5",
                                    "flg_6",
                                    "flg_7",
                                    "flg_8",
                                    "flg_9",
                                    "flg_10",
                                    "flg_11",
                                    "flg_12",
                                    "flg_13",
                                    "flg_14",
                                    "flg_15"
                                ],
                                "Index Cond": "((tests_benchmark_booltester015.flg_0 = true) AND (tests_benchmark_booltester015.flg_1 = true) AND (tests_benchmark_booltester015.flg_2 = true) AND (tests_benchmark_booltester015.flg_3 = false) AND (tests_benchmark_booltester015.flg_4 = false) AND (tests_benchmark_booltester015.flg_5 = false) AND (tests_benchmark_booltester015.flg_6 = true) AND (tests_benchmark_booltester015.flg_7 = true) AND (tests_benchmark_booltester015.flg_8 = false) AND (tests_benchmark_booltester015.flg_9 = true) AND (tests_benchmark_booltester015.flg_10 = true) AND (tests_benchmark_booltester015.flg_11 = false) AND (tests_benchmark_booltester015.flg_12 = true) AND (tests_benchmark_booltester015.flg_13 = true) AND (tests_benchmark_booltester015.flg_14 = true) AND (tests_benchmark_booltester015.flg_15 = false))",
                                "Rows Removed by Index Recheck": 0,
                                "Shared Hit Blocks": 1234,
                                "Shared Read Blocks": 0,
                                "Shared Dirtied Blocks": 0,
                                "Shared Written Blocks": 0,
                                "Local Hit Blocks": 0,
                                "Local Read Blocks": 0,
                                "Local Dirtied Blocks": 0,
                                "Local Written Blocks": 0,
                                "Temp Read Blocks": 0,
                                "Temp Written Blocks": 0,
                                "WAL Records": 0,
                                "WAL FPI": 0,
                                "WAL Bytes": 0
                            },
                            "Settings": {},
                            "Planning": {
                                "Shared Hit Blocks": 0,
                                "Shared Read Blocks": 0,
                                "Shared Dirtied Blocks": 0,
                                "Shared Written Blocks": 0,
                                "Local Hit Blocks": 0,
                                "Local Read Blocks": 0,
                                "Local Dirtied Blocks": 0,
                                "Local Written Blocks": 0,
                                "Temp Read Blocks": 0,
                                "Temp Written Blocks": 0
                            },
                            "Planning Time": 0.043,
                            "Triggers": [],
                            "Execution Time": 0.305
                        },
                        "all_ftr_time": 1.2895117,
                        "any_ftr_time": 8.7621816,
                        "exact_ftr_time": 0.00031120000000000003
                    },
                    "100000000": {
                        "all_time": 1.1606521170018822,
                        "any_time": 14.13880440010107,
                        "exact_time": 0.008928745602315758,
                        "table_size": 8194621440.0,
                        "index_time": 131.44086795799376,
                        "all_explanation": {
                            "Plan": {
                                "Node Type": "Index Scan",
                                "Parallel Aware": false,
                                "Async Capable": false,
                                "Scan Direction": "Forward",
                                "Index Name": "bool_multi",
                                "Relation Name": "tests_benchmark_booltester015",
                                "Schema": "public",
                                "Alias": "tests_benchmark_booltester015",
                                "Startup Cost": 0.57,
                                "Total Cost": 321398.19,
                                "Plan Rows": 98880,
                                "Plan Width": 24,
                                "Actual Startup Time": 0.022,
                                "Actual Total Time": 188.593,
                                "Actual Rows": 97608,
                                "Actual Loops": 1,
                                "Output": [
                                    "id",
                                    "flg_0",
                                    "flg_1",
                                    "flg_2",
                                    "flg_3",
                                    "flg_4",
                                    "flg_5",
                                    "flg_6",
                                    "flg_7",
                                    "flg_8",
                                    "flg_9",
                                    "flg_10",
                                    "flg_11",
                                    "flg_12",
                                    "flg_13",
                                    "flg_14",
                                    "flg_15"
                                ],
                                "Index Cond": "((tests_benchmark_booltester015.flg_0 = ANY ('{t,f}'::boolean[])) AND (tests_benchmark_booltester015.flg_1 = ANY ('{t,f}'::boolean[])) AND (tests_benchmark_booltester015.flg_2 = true) AND (tests_benchmark_booltester015.flg_3 = true) AND (tests_benchmark_booltester015.flg_4 = ANY ('{t,f}'::boolean[])) AND (tests_benchmark_booltester015.flg_5 = true) AND (tests_benchmark_booltester015.flg_6 = ANY ('{t,f}'::boolean[])) AND (tests_benchmark_booltester015.flg_7 = true) AND (tests_benchmark_booltester015.flg_8 = true) AND (tests_benchmark_booltester015.flg_9 = true) AND (tests_benchmark_booltester015.flg_10 = true) AND (tests_benchmark_booltester015.flg_11 = true) AND (tests_benchmark_booltester015.flg_12 = ANY ('{t,f}'::boolean[])) AND (tests_benchmark_booltester015.flg_13 = true) AND (tests_benchmark_booltester015.flg_14 = ANY ('{t,f}'::boolean[])) AND (tests_benchmark_booltester015.flg_15 = true))",
                                "Rows Removed by Index Recheck": 0,
                                "Shared Hit Blocks": 2468,
                                "Shared Read Blocks": 95368,
                                "Shared Dirtied Blocks": 0,
                                "Shared Written Blocks": 0,
                                "Local Hit Blocks": 0,
                                "Local Read Blocks": 0,
                                "Local Dirtied Blocks": 0,
                                "Local Written Blocks": 0,
                                "Temp Read Blocks": 0,
                                "Temp Written Blocks": 0,
                                "WAL Records": 0,
                                "WAL FPI": 0,
                                "WAL Bytes": 0
                            },
                            "Settings": {},
                            "Planning": {
                                "Shared Hit Blocks": 0,
                                "Shared Read Blocks": 0,
                                "Shared Dirtied Blocks": 0,
                                "Shared Written Blocks": 0,
                                "Local Hit Blocks": 0,
                                "Local Read Blocks": 0,
                                "Local Dirtied Blocks": 0,
                                "Local Written Blocks": 0,
                                "Temp Read Blocks": 0,
                                "Temp Written Blocks": 0
                            },
                            "Planning Time": 0.07,
                            "Triggers": [],
                            "Execution Time": 190.732
                        },
                        "any_explanation": {
                            "Plan": {
                                "Node Type": "Seq Scan",
                                "Parallel Aware": false,
                                "Async Capable": false,
                                "Relation Name": "tests_benchmark_booltester015",
                                "Schema": "public",
                                "Alias": "tests_benchmark_booltester015",
                                "Startup Cost": 0.0,
                                "Total Cost": 1636943.0,
                                "Plan Rows": 99903567,
                                "Plan Width": 24,
                                "Actual Startup Time": 0.035,
                                "Actual Total Time": 9529.498,
                                "Actual Rows": 99902596,
                                "Actual Loops": 1,
                                "Output": [
                                    "id",
                                    "flg_0",
                                    "flg_1",
                                    "flg_2",
                                    "flg_3",
                                    "flg_4",
                                    "flg_5",
                                    "flg_6",
                                    "flg_7",
                                    "flg_8",
                                    "flg_9",
                                    "flg_10",
                                    "flg_11",
                                    "flg_12",
                                    "flg_13",
                                    "flg_14",
                                    "flg_15"
                                ],
                                "Filter": "(tests_benchmark_booltester015.flg_2 OR tests_benchmark_booltester015.flg_3 OR tests_benchmark_booltester015.flg_5 OR tests_benchmark_booltester015.flg_7 OR tests_benchmark_booltester015.flg_8 OR tests_benchmark_booltester015.flg_9 OR tests_benchmark_booltester015.flg_10 OR tests_benchmark_booltester015.flg_11 OR tests_benchmark_booltester015.flg_13 OR tests_benchmark_booltester015.flg_15)",
                                "Rows Removed by Filter": 97405,
                                "Shared Hit Blocks": 16143,
                                "Shared Read Blocks": 620800,
                                "Shared Dirtied Blocks": 0,
                                "Shared Written Blocks": 0,
                                "Local Hit Blocks": 0,
                                "Local Read Blocks": 0,
                                "Local Dirtied Blocks": 0,
                                "Local Written Blocks": 0,
                                "Temp Read Blocks": 0,
                                "Temp Written Blocks": 0,
                                "WAL Records": 0,
                                "WAL FPI": 0,
                                "WAL Bytes": 0
                            },
                            "Settings": {},
                            "Planning": {
                                "Shared Hit Blocks": 0,
                                "Shared Read Blocks": 0,
                                "Shared Dirtied Blocks": 0,
                                "Shared Written Blocks": 0,
                                "Local Hit Blocks": 0,
                                "Local Read Blocks": 0,
                                "Local Dirtied Blocks": 0,
                                "Local Written Blocks": 0,
                                "Temp Read Blocks": 0,
                                "Temp Written Blocks": 0
                            },
                            "Planning Time": 0.069,
                            "Triggers": [],
                            "Execution Time": 11567.006
                        },
                        "exact_explanation": {
                            "Plan": {
                                "Node Type": "Index Scan",
                                "Parallel Aware": false,
                                "Async Capable": false,
                                "Scan Direction": "Forward",
                                "Index Name": "bool_multi",
                                "Relation Name": "tests_benchmark_booltester015",
                                "Schema": "public",
                                "Alias": "tests_benchmark_booltester015",
                                "Startup Cost": 0.57,
                                "Total Cost": 5369.84,
                                "Plan Rows": 1536,
                                "Plan Width": 24,
                                "Actual Startup Time": 0.009,
                                "Actual Total Time": 0.39,
                                "Actual Rows": 1561,
                                "Actual Loops": 1,
                                "Output": [
                                    "id",
                                    "flg_0",
                                    "flg_1",
                                    "flg_2",
                                    "flg_3",
                                    "flg_4",
                                    "flg_5",
                                    "flg_6",
                                    "flg_7",
                                    "flg_8",
                                    "flg_9",
                                    "flg_10",
                                    "flg_11",
                                    "flg_12",
                                    "flg_13",
                                    "flg_14",
                                    "flg_15"
                                ],
                                "Index Cond": "((tests_benchmark_booltester015.flg_0 = false) AND (tests_benchmark_booltester015.flg_1 = false) AND (tests_benchmark_booltester015.flg_2 = true) AND (tests_benchmark_booltester015.flg_3 = true) AND (tests_benchmark_booltester015.flg_4 = false) AND (tests_benchmark_booltester015.flg_5 = true) AND (tests_benchmark_booltester015.flg_6 = false) AND (tests_benchmark_booltester015.flg_7 = true) AND (tests_benchmark_booltester015.flg_8 = true) AND (tests_benchmark_booltester015.flg_9 = true) AND (tests_benchmark_booltester015.flg_10 = true) AND (tests_benchmark_booltester015.flg_11 = true) AND (tests_benchmark_booltester015.flg_12 = false) AND (tests_benchmark_booltester015.flg_13 = true) AND (tests_benchmark_booltester015.flg_14 = false) AND (tests_benchmark_booltester015.flg_15 = true))",
                                "Rows Removed by Index Recheck": 0,
                                "Shared Hit Blocks": 1563,
                                "Shared Read Blocks": 0,
                                "Shared Dirtied Blocks": 0,
                                "Shared Written Blocks": 0,
                                "Local Hit Blocks": 0,
                                "Local Read Blocks": 0,
                                "Local Dirtied Blocks": 0,
                                "Local Written Blocks": 0,
                                "Temp Read Blocks": 0,
                                "Temp Written Blocks": 0,
                                "WAL Records": 0,
                                "WAL FPI": 0,
                                "WAL Bytes": 0
                            },
                            "Settings": {},
                            "Planning": {
                                "Shared Hit Blocks": 0,
                                "Shared Read Blocks": 0,
                                "Shared Dirtied Blocks": 0,
                                "Shared Written Blocks": 0,
                                "Local Hit Blocks": 0,
                                "Local Read Blocks": 0,
                                "Local Dirtied Blocks": 0,
                                "Local Written Blocks": 0,
                                "Temp Read Blocks": 0,
                                "Temp Written Blocks": 0
                            },
                            "Planning Time": 0.048,
                            "Triggers": [],
                            "Execution Time": 0.431
                        },
                        "all_ftr_time": 0.8282881000000001,
                        "any_ftr_time": 10.7771369,
                        "exact_ftr_time": 0.0004091
                    }
                }
            }
        }
    }
}